10:49:34,541 root DEBUG Check that model weights are dtype tf.float64: 	 <dtype: 'float64'>
10:49:34,542 root INFO eps: 1e-06
10:49:34,542 root INFO tol: 1e-06
10:49:34,607 root DEBUG Load dual points from file: ../data/dual_points_cifar10_3x256_64_10_float64.
10:49:34,619 root DEBUG 

=================== Experiment ID #0 	 Dual Point ID: 1 ===================
10:49:34,628 root DEBUG CONTROL: 	 OK! 	 (target neuron output < tolerance: |1.001E-07|<1.000E-06)
10:49:34,628 root DEBUG CONTROL DUAL POINT: Check that target neuron output < tolerance ({tol:.3E}) at x_dual.
10:49:35,68 root DEBUG Side: ON	 Angle(dx0, dx): 1.59 deg 	 Angle(n, nold): 0.00 deg 	 Distance in patch: 1.430E-03 	 Total distance: 1.430E-03 	 Future toggles: 1 	 Past toggles: 1 	 Toggled: [[2, array([92], dtype=int64), array([[False]])]] 	 class: [3 7]
10:49:35,525 root DEBUG Side: OFF	 Angle(dx0, dx): 5.89 deg 	 Angle(n, nold): 0.00 deg 	 Distance in patch: 6.456E-02 	 Total distance: 6.456E-02 	 Future toggles: 1 	 Past toggles: 1 	 Toggled: [[4, array([60], dtype=int64), array([[ True]])]] 	 class: [3 7]
10:49:35,525 root DEBUG Check patch-by-patch distances for success (dOFF_patch>dON_patch) and ratio (dOFF_patch/dON_patch):
10:49:35,526 root DEBUG 	 nT= 1  	 success?    True    	 (dON-dOFF)/|dON+dOFF|: 95.66 	 cIDON = [3 7], cIDOFF = [3 7]
10:49:35,526 root DEBUG ===> #(dOFF_patch>dON_patch) = 1/1 = 100.00%
10:49:35,526 root DEBUG dOFF/dON = 45.1
10:49:35,526 root DEBUG {'CHOOSE_DX': 'along_decision_boundary', 'dxONAngle': 80.23227816604107, 'dON1': 0.001430382227862154, 'cIDON1': array([3, 7], dtype=int64), 'dON_patch_1': 0.001430382227862154, 'nTON': 1, 'dON': 0.001430382227862154, 'dxOFFAngle': 86.6352128151608, 'dOFF1': 0.06455524198618366, 'cIDOFF1': array([3, 7], dtype=int64), 'dOFF_patch_1': 0.06455524198618366, 'nTOFF': 1, 'dOFF': 0.06455524198618366, 'SUCCESS': True}
10:49:35,598 root DEBUG 

=================== Experiment ID #1 	 Dual Point ID: 2 ===================
10:49:35,608 root DEBUG CONTROL: 	 OK! 	 (target neuron output < tolerance: |5.179E-08|<1.000E-06)
10:49:35,608 root DEBUG CONTROL DUAL POINT: Check that target neuron output < tolerance ({tol:.3E}) at x_dual.
10:49:36,13 root DEBUG Side: ON	 Angle(dx0, dx): 0.60 deg 	 Angle(n, nold): 0.00 deg 	 Distance in patch: 1.128E-01 	 Total distance: 1.128E-01 	 Future toggles: 1 	 Past toggles: 1 	 Toggled: [[2, array([241], dtype=int64), array([[False]])]] 	 class: [6 9]
10:49:36,335 root DEBUG Side: OFF	 Angle(dx0, dx): 0.67 deg 	 Angle(n, nold): 0.00 deg 	 Distance in patch: 1.344E-01 	 Total distance: 1.344E-01 	 Future toggles: 1 	 Past toggles: 1 	 Toggled: [[2, array([97], dtype=int64), array([[False]])]] 	 class: [6 9]
10:49:36,335 root DEBUG Check patch-by-patch distances for success (dOFF_patch>dON_patch) and ratio (dOFF_patch/dON_patch):
10:49:36,335 root DEBUG 	 nT= 1  	 success?    True    	 (dON-dOFF)/|dON+dOFF|: 8.72 	 cIDON = [6 9], cIDOFF = [6 9]
10:49:36,336 root DEBUG ===> #(dOFF_patch>dON_patch) = 1/1 = 100.00%
10:49:36,336 root DEBUG dOFF/dON = 1.2
10:49:36,336 root DEBUG {'CHOOSE_DX': 'along_decision_boundary', 'dxONAngle': 77.22922244921037, 'dON1': 0.11281328675555526, 'cIDON1': array([6, 9], dtype=int64), 'dON_patch_1': 0.11281328675555526, 'nTON': 1, 'dON': 0.11281328675555526, 'dxOFFAngle': 86.57922488639058, 'dOFF1': 0.1343614963891189, 'cIDOFF1': array([6, 9], dtype=int64), 'dOFF_patch_1': 0.1343614963891189, 'nTOFF': 1, 'dOFF': 0.1343614963891189, 'SUCCESS': True}
10:49:36,411 root DEBUG 

=================== Experiment ID #2 	 Dual Point ID: 3 ===================
10:49:36,424 root DEBUG CONTROL: 	 OK! 	 (target neuron output < tolerance: |1.998E-07|<1.000E-06)
10:49:36,424 root DEBUG CONTROL DUAL POINT: Check that target neuron output < tolerance ({tol:.3E}) at x_dual.
10:49:36,805 root DEBUG Side: ON	 Angle(dx0, dx): 0.15 deg 	 Angle(n, nold): 0.00 deg 	 Distance in patch: 1.632E-02 	 Total distance: 1.632E-02 	 Future toggles: 1 	 Past toggles: 1 	 Toggled: [[2, array([136], dtype=int64), array([[False]])]] 	 class: [3 5]
10:49:37,216 root DEBUG Side: OFF	 Angle(dx0, dx): 2.89 deg 	 Angle(n, nold): 0.00 deg 	 Distance in patch: 1.213E-02 	 Total distance: 1.213E-02 	 Future toggles: 0 	 Past toggles: 1 	 Toggled: [[1, array([133], dtype=int64), array([[ True]])]] 	 class: [3 5]
10:49:37,474 root DEBUG Side: OFF	 Angle(dx0, dx): 1.55 deg 	 Angle(n, nold): 0.00 deg 	 Distance in patch: 8.333E-02 	 Total distance: 9.546E-02 	 Future toggles: 1 	 Past toggles: 1 	 Toggled: [[2, array([184], dtype=int64), array([[ True]])]] 	 class: [3 5]
10:49:37,475 root DEBUG Check patch-by-patch distances for success (dOFF_patch>dON_patch) and ratio (dOFF_patch/dON_patch):
10:49:37,475 root DEBUG 	 nT= 1  	 success?    True    	 (dON-dOFF)/|dON+dOFF|: 70.80 	 cIDON = [3 5], cIDOFF = [3 5]
10:49:37,475 root DEBUG ===> #(dOFF_patch>dON_patch) = 1/1 = 100.00%
10:49:37,475 root DEBUG dOFF/dON = 5.8
10:49:37,475 root DEBUG {'CHOOSE_DX': 'along_decision_boundary', 'dxONAngle': 89.97633744039564, 'dON1': 0.016321230730174118, 'cIDON1': array([3, 5], dtype=int64), 'dON_patch_1': 0.016321230730174118, 'nTON': 1, 'dON': 0.016321230730174118, 'dxOFFAngle': 89.06500369256338, 'dOFF1': 0.09546264111325259, 'cIDOFF1': array([3, 5], dtype=int64), 'dOFF_patch_1': 0.09546264111325259, 'nTOFF': 1, 'dOFF': 0.09546264111325259, 'SUCCESS': True}
10:49:37,658 root DEBUG 

=================== Experiment ID #3 	 Dual Point ID: 4 ===================
10:49:37,668 root DEBUG CONTROL: 	 OK! 	 (target neuron output < tolerance: |4.076E-08|<1.000E-06)
10:49:37,669 root DEBUG CONTROL DUAL POINT: Check that target neuron output < tolerance ({tol:.3E}) at x_dual.
10:49:38,122 root DEBUG Side: ON	 Angle(dx0, dx): 0.09 deg 	 Angle(n, nold): 0.00 deg 	 Distance in patch: 2.936E-02 	 Total distance: 2.936E-02 	 Future toggles: 1 	 Past toggles: 1 	 Toggled: [[2, array([63], dtype=int64), array([[ True]])]] 	 class: [0 1]
10:49:38,526 root DEBUG Side: OFF	 Angle(dx0, dx): 1.64 deg 	 Angle(n, nold): 0.00 deg 	 Distance in patch: 1.147E-02 	 Total distance: 1.147E-02 	 Future toggles: 0 	 Past toggles: 1 	 Toggled: [[1, array([38], dtype=int64), array([[False]])]] 	 class: [0 1]
10:49:38,785 root DEBUG Side: OFF	 Angle(dx0, dx): 2.29 deg 	 Angle(n, nold): 0.00 deg 	 Distance in patch: 6.697E-02 	 Total distance: 7.844E-02 	 Future toggles: 0 	 Past toggles: 2 	 Toggled: [[1, array([233], dtype=int64), array([[False]])]] 	 class: [0 1]
10:49:39,33 root DEBUG Side: OFF	 Angle(dx0, dx): 1.43 deg 	 Angle(n, nold): 0.00 deg 	 Distance in patch: 8.924E-02 	 Total distance: 1.677E-01 	 Future toggles: 1 	 Past toggles: 1 	 Toggled: [[3, array([29], dtype=int64), array([[False]])]] 	 class: [0 1]
10:49:39,33 root DEBUG Check patch-by-patch distances for success (dOFF_patch>dON_patch) and ratio (dOFF_patch/dON_patch):
10:49:39,34 root DEBUG 	 nT= 1  	 success?    True    	 (dON-dOFF)/|dON+dOFF|: 70.20 	 cIDON = [0 1], cIDOFF = [0 1]
10:49:39,34 root DEBUG ===> #(dOFF_patch>dON_patch) = 1/1 = 100.00%
10:49:39,34 root DEBUG dOFF/dON = 5.7
10:49:39,34 root DEBUG {'CHOOSE_DX': 'along_decision_boundary', 'dxONAngle': 74.49899661288997, 'dON1': 0.02936086694560512, 'cIDON1': array([0, 1], dtype=int64), 'dON_patch_1': 0.02936086694560512, 'nTON': 1, 'dON': 0.02936086694560512, 'dxOFFAngle': 82.07787306494384, 'dOFF1': 0.16768334755544873, 'cIDOFF1': array([0, 1], dtype=int64), 'dOFF_patch_1': 0.16768334755544873, 'nTOFF': 1, 'dOFF': 0.16768334755544873, 'SUCCESS': True}
10:49:39,71 root DEBUG 

=================== Experiment ID #4 	 Dual Point ID: 5 ===================
10:49:39,80 root DEBUG CONTROL: 	 OK! 	 (target neuron output < tolerance: |9.628E-08|<1.000E-06)
10:49:39,81 root DEBUG CONTROL DUAL POINT: Check that target neuron output < tolerance ({tol:.3E}) at x_dual.
10:49:39,532 root DEBUG Side: ON	 Angle(dx0, dx): 2.87 deg 	 Angle(n, nold): 0.00 deg 	 Distance in patch: 7.576E-02 	 Total distance: 7.576E-02 	 Future toggles: 1 	 Past toggles: 1 	 Toggled: [[2, array([109], dtype=int64), array([[False]])]] 	 class: [3 7]
10:49:39,889 root DEBUG Side: OFF	 Angle(dx0, dx): 3.38 deg 	 Angle(n, nold): 0.00 deg 	 Distance in patch: 7.328E-02 	 Total distance: 7.328E-02 	 Future toggles: 1 	 Past toggles: 1 	 Toggled: [[3, array([253], dtype=int64), array([[ True]])]] 	 class: [3 7]
10:49:39,890 root DEBUG Check patch-by-patch distances for success (dOFF_patch>dON_patch) and ratio (dOFF_patch/dON_patch):
10:49:39,890 root DEBUG 	 nT= 1  	 success?   False    	 (dON-dOFF)/|dON+dOFF|: -1.66 	 cIDON = [3 7], cIDOFF = [3 7]
10:49:39,890 root DEBUG ===> #(dOFF_patch>dON_patch) = 0/1 = 0.00%
10:49:39,890 root DEBUG dOFF/dON = 1.0
10:49:39,890 root DEBUG {'CHOOSE_DX': 'along_decision_boundary', 'dxONAngle': 82.25185923324112, 'dON1': 0.07576082912501088, 'cIDON1': array([3, 7], dtype=int64), 'dON_patch_1': 0.07576082912501088, 'nTON': 1, 'dON': 0.07576082912501088, 'dxOFFAngle': 88.02711781221643, 'dOFF1': 0.07328188974231223, 'cIDOFF1': array([3, 7], dtype=int64), 'dOFF_patch_1': 0.07328188974231223, 'nTOFF': 1, 'dOFF': 0.07328188974231223, 'SUCCESS': False}
10:49:40,12 root DEBUG 

=================== Experiment ID #5 	 Dual Point ID: 6 ===================
10:49:40,23 root DEBUG CONTROL: 	 OK! 	 (target neuron output < tolerance: |8.943E-09|<1.000E-06)
10:49:40,23 root DEBUG CONTROL DUAL POINT: Check that target neuron output < tolerance ({tol:.3E}) at x_dual.
10:49:40,426 root DEBUG Side: ON	 Angle(dx0, dx): 1.02 deg 	 Angle(n, nold): 0.00 deg 	 Distance in patch: 1.552E-02 	 Total distance: 1.552E-02 	 Future toggles: 1 	 Past toggles: 1 	 Toggled: [[2, array([217], dtype=int64), array([[False]])]] 	 class: [2 8]
10:49:40,802 root DEBUG Side: OFF	 Angle(dx0, dx): 0.00 deg 	 Angle(n, nold): 0.00 deg 	 Distance in patch: 2.910E-02 	 Total distance: 2.910E-02 	 Future toggles: 1 	 Past toggles: 1 	 Toggled: [[2, array([248], dtype=int64), array([[ True]])]] 	 class: [2 8]
10:49:40,802 root DEBUG Check patch-by-patch distances for success (dOFF_patch>dON_patch) and ratio (dOFF_patch/dON_patch):
10:49:40,802 root DEBUG 	 nT= 1  	 success?    True    	 (dON-dOFF)/|dON+dOFF|: 30.43 	 cIDON = [2 8], cIDOFF = [2 8]
10:49:40,802 root DEBUG ===> #(dOFF_patch>dON_patch) = 1/1 = 100.00%
10:49:40,802 root DEBUG dOFF/dON = 1.9
10:49:40,802 root DEBUG {'CHOOSE_DX': 'along_decision_boundary', 'dxONAngle': 79.50830528979327, 'dON1': 0.015521482485192008, 'cIDON1': array([2, 8], dtype=int64), 'dON_patch_1': 0.015521482485192008, 'nTON': 1, 'dON': 0.015521482485192008, 'dxOFFAngle': 84.53906902240783, 'dOFF1': 0.02910107050948241, 'cIDOFF1': array([2, 8], dtype=int64), 'dOFF_patch_1': 0.02910107050948241, 'nTOFF': 1, 'dOFF': 0.02910107050948241, 'SUCCESS': True}
10:49:40,853 root DEBUG 

=================== Experiment ID #6 	 Dual Point ID: 7 ===================
10:49:40,865 root DEBUG CONTROL: 	 OK! 	 (target neuron output < tolerance: |1.730E-08|<1.000E-06)
10:49:40,865 root DEBUG CONTROL DUAL POINT: Check that target neuron output < tolerance ({tol:.3E}) at x_dual.
10:49:41,261 root DEBUG Side: ON	 Angle(dx0, dx): 2.37 deg 	 Angle(n, nold): 0.00 deg 	 Distance in patch: 2.840E-02 	 Total distance: 2.840E-02 	 Future toggles: 1 	 Past toggles: 1 	 Toggled: [[2, array([240], dtype=int64), array([[False]])]] 	 class: [1 8]
10:49:41,624 root DEBUG Side: OFF	 Angle(dx0, dx): 2.02 deg 	 Angle(n, nold): 0.00 deg 	 Distance in patch: 8.701E-02 	 Total distance: 8.701E-02 	 Future toggles: 0 	 Past toggles: 1 	 Toggled: [[1, array([45], dtype=int64), array([[False]])]] 	 class: [0 8]
10:49:41,873 root DEBUG Side: OFF	 Angle(dx0, dx): 1.62 deg 	 Angle(n, nold): 0.00 deg 	 Distance in patch: 8.910E-02 	 Total distance: 1.761E-01 	 Future toggles: 1 	 Past toggles: 1 	 Toggled: [[2, array([196], dtype=int64), array([[ True]])]] 	 class: [0 8]
10:49:41,874 root DEBUG Check patch-by-patch distances for success (dOFF_patch>dON_patch) and ratio (dOFF_patch/dON_patch):
10:49:41,874 root DEBUG 	 nT= 1  	 success?    True    	 (dON-dOFF)/|dON+dOFF|: 72.23 	 cIDON = [1 8], cIDOFF = [0 8]
10:49:41,874 root DEBUG ===> #(dOFF_patch>dON_patch) = 1/1 = 100.00%
10:49:41,874 root DEBUG dOFF/dON = 6.2
10:49:41,874 root DEBUG {'CHOOSE_DX': 'along_decision_boundary', 'dxONAngle': 85.4983217272473, 'dON1': 0.02839772694551808, 'cIDON1': array([1, 8], dtype=int64), 'dON_patch_1': 0.02839772694551808, 'nTON': 1, 'dON': 0.02839772694551808, 'dxOFFAngle': 83.54583648457844, 'dOFF1': 0.1761118283035769, 'cIDOFF1': array([0, 8], dtype=int64), 'dOFF_patch_1': 0.1761118283035769, 'nTOFF': 1, 'dOFF': 0.1761118283035769, 'SUCCESS': True}
10:49:41,918 root DEBUG 

=================== Experiment ID #7 	 Dual Point ID: 8 ===================
10:49:41,932 root DEBUG CONTROL: 	 OK! 	 (target neuron output < tolerance: |3.343E-07|<1.000E-06)
10:49:41,932 root DEBUG CONTROL DUAL POINT: Check that target neuron output < tolerance ({tol:.3E}) at x_dual.
10:49:42,249 root DEBUG Side: ON	 Angle(dx0, dx): 3.92 deg 	 Angle(n, nold): 0.00 deg 	 Distance in patch: 2.452E-01 	 Total distance: 2.452E-01 	 Future toggles: 1 	 Past toggles: 1 	 Toggled: [[3, array([151], dtype=int64), array([[ True]])]] 	 class: [4 9]
10:49:42,582 root DEBUG Side: OFF	 Angle(dx0, dx): 0.81 deg 	 Angle(n, nold): 0.00 deg 	 Distance in patch: 7.622E-02 	 Total distance: 7.622E-02 	 Future toggles: 1 	 Past toggles: 1 	 Toggled: [[3, array([154], dtype=int64), array([[ True]])]] 	 class: [4 9]
10:49:42,582 root DEBUG Check patch-by-patch distances for success (dOFF_patch>dON_patch) and ratio (dOFF_patch/dON_patch):
10:49:42,583 root DEBUG 	 nT= 1  	 success?   False    	 (dON-dOFF)/|dON+dOFF|: -52.58 	 cIDON = [4 9], cIDOFF = [4 9]
10:49:42,583 root DEBUG ===> #(dOFF_patch>dON_patch) = 0/1 = 0.00%
10:49:42,583 root DEBUG dOFF/dON = 0.3
10:49:42,583 root DEBUG {'CHOOSE_DX': 'along_decision_boundary', 'dxONAngle': 84.60316490211062, 'dON1': 0.24524728695267373, 'cIDON1': array([4, 9], dtype=int64), 'dON_patch_1': 0.24524728695267373, 'nTON': 1, 'dON': 0.24524728695267373, 'dxOFFAngle': 83.66380495310986, 'dOFF1': 0.07622177521570721, 'cIDOFF1': array([4, 9], dtype=int64), 'dOFF_patch_1': 0.07622177521570721, 'nTOFF': 1, 'dOFF': 0.07622177521570721, 'SUCCESS': False}
10:49:42,634 root DEBUG 

=================== Experiment ID #8 	 Dual Point ID: 9 ===================
10:49:42,641 root DEBUG CONTROL: 	 OK! 	 (target neuron output < tolerance: |6.782E-07|<1.000E-06)
10:49:42,642 root DEBUG CONTROL DUAL POINT: Check that target neuron output < tolerance ({tol:.3E}) at x_dual.
10:49:43,10 root DEBUG Side: ON	 Angle(dx0, dx): 2.72 deg 	 Angle(n, nold): 0.00 deg 	 Distance in patch: 3.266E-02 	 Total distance: 3.266E-02 	 Future toggles: 1 	 Past toggles: 1 	 Toggled: [[2, array([68], dtype=int64), array([[False]])]] 	 class: [3 9]
10:49:43,349 root DEBUG Side: OFF	 Angle(dx0, dx): 2.94 deg 	 Angle(n, nold): 0.00 deg 	 Distance in patch: 3.489E-01 	 Total distance: 3.489E-01 	 Future toggles: 1 	 Past toggles: 1 	 Toggled: [[4, array([47], dtype=int64), array([[ True]])]] 	 class: [3 9]
10:49:43,349 root DEBUG Check patch-by-patch distances for success (dOFF_patch>dON_patch) and ratio (dOFF_patch/dON_patch):
10:49:43,349 root DEBUG 	 nT= 1  	 success?    True    	 (dON-dOFF)/|dON+dOFF|: 82.88 	 cIDON = [3 9], cIDOFF = [3 9]
10:49:43,349 root DEBUG ===> #(dOFF_patch>dON_patch) = 1/1 = 100.00%
10:49:43,349 root DEBUG dOFF/dON = 10.7
10:49:43,350 root DEBUG {'CHOOSE_DX': 'along_decision_boundary', 'dxONAngle': 77.66785982796455, 'dON1': 0.03265963262946048, 'cIDON1': array([3, 9], dtype=int64), 'dON_patch_1': 0.03265963262946048, 'nTON': 1, 'dON': 0.03265963262946048, 'dxOFFAngle': 85.84455080352005, 'dOFF1': 0.3489317706559228, 'cIDOFF1': array([3, 9], dtype=int64), 'dOFF_patch_1': 0.3489317706559228, 'nTOFF': 1, 'dOFF': 0.3489317706559228, 'SUCCESS': True}
10:49:43,387 root DEBUG 

=================== Experiment ID #9 	 Dual Point ID: 10 ===================
10:49:43,397 root DEBUG CONTROL: 	 OK! 	 (target neuron output < tolerance: |3.476E-08|<1.000E-06)
10:49:43,397 root DEBUG CONTROL DUAL POINT: Check that target neuron output < tolerance ({tol:.3E}) at x_dual.
10:49:43,775 root DEBUG Side: ON	 Angle(dx0, dx): 1.91 deg 	 Angle(n, nold): 0.00 deg 	 Distance in patch: 2.530E-02 	 Total distance: 2.530E-02 	 Future toggles: 1 	 Past toggles: 1 	 Toggled: [[3, array([221], dtype=int64), array([[False]])]] 	 class: [3 6]
10:49:44,148 root DEBUG Side: OFF	 Angle(dx0, dx): 1.66 deg 	 Angle(n, nold): 0.00 deg 	 Distance in patch: 1.637E-01 	 Total distance: 1.637E-01 	 Future toggles: 1 	 Past toggles: 1 	 Toggled: [[3, array([164], dtype=int64), array([[ True]])]] 	 class: [3 6]
10:49:44,148 root DEBUG Check patch-by-patch distances for success (dOFF_patch>dON_patch) and ratio (dOFF_patch/dON_patch):
10:49:44,149 root DEBUG 	 nT= 1  	 success?    True    	 (dON-dOFF)/|dON+dOFF|: 73.22 	 cIDON = [3 6], cIDOFF = [3 6]
10:49:44,149 root DEBUG ===> #(dOFF_patch>dON_patch) = 1/1 = 100.00%
10:49:44,149 root DEBUG dOFF/dON = 6.5
10:49:44,149 root DEBUG {'CHOOSE_DX': 'along_decision_boundary', 'dxONAngle': 81.72186616439095, 'dON1': 0.025296577780826408, 'cIDON1': array([3, 6], dtype=int64), 'dON_patch_1': 0.025296577780826408, 'nTON': 1, 'dON': 0.025296577780826408, 'dxOFFAngle': 88.3779341954261, 'dOFF1': 0.16365469675225747, 'cIDOFF1': array([3, 6], dtype=int64), 'dOFF_patch_1': 0.16365469675225747, 'nTOFF': 1, 'dOFF': 0.16365469675225747, 'SUCCESS': True}
10:49:44,181 root DEBUG 

=================== Experiment ID #10 	 Dual Point ID: 11 ===================
10:49:44,197 root DEBUG CONTROL: 	 OK! 	 (target neuron output < tolerance: |8.312E-08|<1.000E-06)
10:49:44,197 root DEBUG CONTROL DUAL POINT: Check that target neuron output < tolerance ({tol:.3E}) at x_dual.
10:49:44,586 root DEBUG Side: ON	 Angle(dx0, dx): 1.74 deg 	 Angle(n, nold): 0.00 deg 	 Distance in patch: 2.256E-02 	 Total distance: 2.256E-02 	 Future toggles: 1 	 Past toggles: 1 	 Toggled: [[2, array([241], dtype=int64), array([[False]])]] 	 class: [3 5]
10:49:45,71 root DEBUG Side: OFF	 Angle(dx0, dx): 0.83 deg 	 Angle(n, nold): 0.00 deg 	 Distance in patch: 1.490E-02 	 Total distance: 1.490E-02 	 Future toggles: 1 	 Past toggles: 1 	 Toggled: [[2, array([241], dtype=int64), array([[False]])]] 	 class: [3 5]
10:49:45,71 root DEBUG Check patch-by-patch distances for success (dOFF_patch>dON_patch) and ratio (dOFF_patch/dON_patch):
10:49:45,71 root DEBUG 	 nT= 1  	 success?   False    	 (dON-dOFF)/|dON+dOFF|: -20.44 	 cIDON = [3 5], cIDOFF = [3 5]
10:49:45,71 root DEBUG ===> #(dOFF_patch>dON_patch) = 0/1 = 0.00%
10:49:45,71 root DEBUG dOFF/dON = 0.7
10:49:45,71 root DEBUG {'CHOOSE_DX': 'along_decision_boundary', 'dxONAngle': 69.56063021172743, 'dON1': 0.02256168978322359, 'cIDON1': array([3, 5], dtype=int64), 'dON_patch_1': 0.02256168978322359, 'nTON': 1, 'dON': 0.02256168978322359, 'dxOFFAngle': 82.40056642664088, 'dOFF1': 0.014904049794079277, 'cIDOFF1': array([3, 5], dtype=int64), 'dOFF_patch_1': 0.014904049794079277, 'nTOFF': 1, 'dOFF': 0.014904049794079277, 'SUCCESS': False}
10:49:45,140 root DEBUG 

=================== Experiment ID #11 	 Dual Point ID: 12 ===================
10:49:45,148 root DEBUG CONTROL: 	 OK! 	 (target neuron output < tolerance: |4.902E-08|<1.000E-06)
10:49:45,148 root DEBUG CONTROL DUAL POINT: Check that target neuron output < tolerance ({tol:.3E}) at x_dual.
10:49:45,451 root DEBUG Side: ON	 Angle(dx0, dx): 1.82 deg 	 Angle(n, nold): 0.00 deg 	 Distance in patch: 2.114E-02 	 Total distance: 2.114E-02 	 Future toggles: 1 	 Past toggles: 1 	 Toggled: [[2, array([48], dtype=int64), array([[False]])]] 	 class: [2 7]
10:49:45,846 root DEBUG Side: OFF	 Angle(dx0, dx): 0.68 deg 	 Angle(n, nold): 0.00 deg 	 Distance in patch: 1.541E-01 	 Total distance: 1.541E-01 	 Future toggles: 1 	 Past toggles: 1 	 Toggled: [[2, array([11], dtype=int64), array([[False]])]] 	 class: [2 7]
10:49:45,846 root DEBUG Check patch-by-patch distances for success (dOFF_patch>dON_patch) and ratio (dOFF_patch/dON_patch):
10:49:45,846 root DEBUG 	 nT= 1  	 success?    True    	 (dON-dOFF)/|dON+dOFF|: 75.88 	 cIDON = [2 7], cIDOFF = [2 7]
10:49:45,846 root DEBUG ===> #(dOFF_patch>dON_patch) = 1/1 = 100.00%
10:49:45,847 root DEBUG dOFF/dON = 7.3
10:49:45,847 root DEBUG {'CHOOSE_DX': 'along_decision_boundary', 'dxONAngle': 84.57038500540551, 'dON1': 0.02113844804994896, 'cIDON1': array([2, 7], dtype=int64), 'dON_patch_1': 0.02113844804994896, 'nTON': 1, 'dON': 0.02113844804994896, 'dxOFFAngle': 88.51092033264345, 'dOFF1': 0.15413208437665302, 'cIDOFF1': array([2, 7], dtype=int64), 'dOFF_patch_1': 0.15413208437665302, 'nTOFF': 1, 'dOFF': 0.15413208437665302, 'SUCCESS': True}
10:49:45,882 root DEBUG 

=================== Experiment ID #12 	 Dual Point ID: 13 ===================
10:49:45,893 root DEBUG CONTROL: 	 OK! 	 (target neuron output < tolerance: |2.243E-08|<1.000E-06)
10:49:45,893 root DEBUG CONTROL DUAL POINT: Check that target neuron output < tolerance ({tol:.3E}) at x_dual.
10:49:46,283 root DEBUG Side: ON	 Angle(dx0, dx): 0.16 deg 	 Angle(n, nold): 0.00 deg 	 Distance in patch: 5.889E-03 	 Total distance: 5.889E-03 	 Future toggles: 1 	 Past toggles: 1 	 Toggled: [[2, array([20], dtype=int64), array([[ True]])]] 	 class: [3 7]
10:49:46,615 root DEBUG Side: OFF	 Angle(dx0, dx): 0.02 deg 	 Angle(n, nold): 0.00 deg 	 Distance in patch: 9.771E-03 	 Total distance: 9.771E-03 	 Future toggles: 0 	 Past toggles: 1 	 Toggled: [[1, array([53], dtype=int64), array([[ True]])]] 	 class: [3 7]
10:49:46,889 root DEBUG Side: OFF	 Angle(dx0, dx): 1.86 deg 	 Angle(n, nold): 0.00 deg 	 Distance in patch: 7.452E-03 	 Total distance: 1.722E-02 	 Future toggles: 1 	 Past toggles: 1 	 Toggled: [[2, array([52], dtype=int64), array([[False]])]] 	 class: [3 7]
10:49:46,890 root DEBUG Check patch-by-patch distances for success (dOFF_patch>dON_patch) and ratio (dOFF_patch/dON_patch):
10:49:46,890 root DEBUG 	 nT= 1  	 success?    True    	 (dON-dOFF)/|dON+dOFF|: 49.04 	 cIDON = [3 7], cIDOFF = [3 7]
10:49:46,890 root DEBUG ===> #(dOFF_patch>dON_patch) = 1/1 = 100.00%
10:49:46,890 root DEBUG dOFF/dON = 2.9
10:49:46,890 root DEBUG {'CHOOSE_DX': 'along_decision_boundary', 'dxONAngle': 80.11540021445859, 'dON1': 0.005889146558706143, 'cIDON1': array([3, 7], dtype=int64), 'dON_patch_1': 0.005889146558706143, 'nTON': 1, 'dON': 0.005889146558706143, 'dxOFFAngle': 83.53895857995397, 'dOFF1': 0.01722319152624223, 'cIDOFF1': array([3, 7], dtype=int64), 'dOFF_patch_1': 0.01722319152624223, 'nTOFF': 1, 'dOFF': 0.01722319152624223, 'SUCCESS': True}
10:49:47,62 root DEBUG 

=================== Experiment ID #13 	 Dual Point ID: 14 ===================
10:49:47,71 root DEBUG CONTROL: 	 OK! 	 (target neuron output < tolerance: |4.447E-07|<1.000E-06)
10:49:47,71 root DEBUG CONTROL DUAL POINT: Check that target neuron output < tolerance ({tol:.3E}) at x_dual.
10:49:47,439 root DEBUG Side: ON	 Angle(dx0, dx): 7.44 deg 	 Angle(n, nold): 0.00 deg 	 Distance in patch: 3.437E-03 	 Total distance: 3.437E-03 	 Future toggles: 1 	 Past toggles: 1 	 Toggled: [[4, array([12], dtype=int64), array([[False]])]] 	 class: [2 5]
10:49:47,889 root DEBUG Side: OFF	 Angle(dx0, dx): 1.45 deg 	 Angle(n, nold): 0.00 deg 	 Distance in patch: 5.781E-02 	 Total distance: 5.781E-02 	 Future toggles: 0 	 Past toggles: 1 	 Toggled: [[1, array([212], dtype=int64), array([[False]])]] 	 class: [2 5]
10:49:48,231 root DEBUG Side: OFF	 Angle(dx0, dx): 0.82 deg 	 Angle(n, nold): 0.00 deg 	 Distance in patch: 2.266E-01 	 Total distance: 2.844E-01 	 Future toggles: 1 	 Past toggles: 1 	 Toggled: [[3, array([114], dtype=int64), array([[ True]])]] 	 class: [2 5]
10:49:48,231 root DEBUG Check patch-by-patch distances for success (dOFF_patch>dON_patch) and ratio (dOFF_patch/dON_patch):
10:49:48,231 root DEBUG 	 nT= 1  	 success?    True    	 (dON-dOFF)/|dON+dOFF|: 97.61 	 cIDON = [2 5], cIDOFF = [2 5]
10:49:48,231 root DEBUG ===> #(dOFF_patch>dON_patch) = 1/1 = 100.00%
10:49:48,231 root DEBUG dOFF/dON = 82.8
10:49:48,231 root DEBUG {'CHOOSE_DX': 'along_decision_boundary', 'dxONAngle': 63.21243548548301, 'dON1': 0.003436851524412322, 'cIDON1': array([2, 5], dtype=int64), 'dON_patch_1': 0.003436851524412322, 'nTON': 1, 'dON': 0.003436851524412322, 'dxOFFAngle': 81.49525549862179, 'dOFF1': 0.28442274797256406, 'cIDOFF1': array([2, 5], dtype=int64), 'dOFF_patch_1': 0.28442274797256406, 'nTOFF': 1, 'dOFF': 0.28442274797256406, 'SUCCESS': True}
10:49:48,408 root DEBUG 

=================== Experiment ID #14 	 Dual Point ID: 15 ===================
10:49:48,416 root DEBUG CONTROL: 	 OK! 	 (target neuron output < tolerance: |3.514E-08|<1.000E-06)
10:49:48,416 root DEBUG CONTROL DUAL POINT: Check that target neuron output < tolerance ({tol:.3E}) at x_dual.
10:49:48,812 root DEBUG Side: ON	 Angle(dx0, dx): 0.19 deg 	 Angle(n, nold): 0.00 deg 	 Distance in patch: 1.988E-02 	 Total distance: 1.988E-02 	 Future toggles: 1 	 Past toggles: 1 	 Toggled: [[3, array([193], dtype=int64), array([[False]])]] 	 class: [7 9]
10:49:49,254 root DEBUG Side: OFF	 Angle(dx0, dx): 1.47 deg 	 Angle(n, nold): 0.00 deg 	 Distance in patch: 2.493E-01 	 Total distance: 2.493E-01 	 Future toggles: 1 	 Past toggles: 1 	 Toggled: [[3, array([38], dtype=int64), array([[ True]])]] 	 class: [7 9]
10:49:49,254 root DEBUG Check patch-by-patch distances for success (dOFF_patch>dON_patch) and ratio (dOFF_patch/dON_patch):
10:49:49,255 root DEBUG 	 nT= 1  	 success?    True    	 (dON-dOFF)/|dON+dOFF|: 85.23 	 cIDON = [7 9], cIDOFF = [7 9]
10:49:49,255 root DEBUG ===> #(dOFF_patch>dON_patch) = 1/1 = 100.00%
10:49:49,255 root DEBUG dOFF/dON = 12.5
10:49:49,255 root DEBUG {'CHOOSE_DX': 'along_decision_boundary', 'dxONAngle': 83.64055855516281, 'dON1': 0.019881521719481817, 'cIDON1': array([7, 9], dtype=int64), 'dON_patch_1': 0.019881521719481817, 'nTON': 1, 'dON': 0.019881521719481817, 'dxOFFAngle': 82.49325589169251, 'dOFF1': 0.2492796043005831, 'cIDOFF1': array([7, 9], dtype=int64), 'dOFF_patch_1': 0.2492796043005831, 'nTOFF': 1, 'dOFF': 0.2492796043005831, 'SUCCESS': True}
10:49:49,504 root DEBUG 

=================== Experiment ID #15 	 Dual Point ID: 16 ===================
10:49:49,516 root DEBUG CONTROL: 	 OK! 	 (target neuron output < tolerance: |3.369E-08|<1.000E-06)
10:49:49,516 root DEBUG CONTROL DUAL POINT: Check that target neuron output < tolerance ({tol:.3E}) at x_dual.
10:49:49,931 root DEBUG Side: ON	 Angle(dx0, dx): 0.24 deg 	 Angle(n, nold): 0.00 deg 	 Distance in patch: 1.299E-02 	 Total distance: 1.299E-02 	 Future toggles: 0 	 Past toggles: 1 	 Toggled: [[1, array([92], dtype=int64), array([[False]])]] 	 class: [0 3]
10:49:50,133 root DEBUG Side: ON	 Angle(dx0, dx): 2.32 deg 	 Angle(n, nold): 0.00 deg 	 Distance in patch: 1.496E-02 	 Total distance: 2.795E-02 	 Future toggles: 1 	 Past toggles: 1 	 Toggled: [[2, array([105], dtype=int64), array([[False]])]] 	 class: [0 3]
10:49:50,484 root DEBUG Side: OFF	 Angle(dx0, dx): 1.07 deg 	 Angle(n, nold): 0.00 deg 	 Distance in patch: 7.800E-02 	 Total distance: 7.800E-02 	 Future toggles: 1 	 Past toggles: 1 	 Toggled: [[3, array([17], dtype=int64), array([[ True]])]] 	 class: [1 3]
10:49:50,484 root DEBUG Check patch-by-patch distances for success (dOFF_patch>dON_patch) and ratio (dOFF_patch/dON_patch):
10:49:50,484 root DEBUG 	 nT= 1  	 success?    True    	 (dON-dOFF)/|dON+dOFF|: 47.24 	 cIDON = [0 3], cIDOFF = [1 3]
10:49:50,485 root DEBUG ===> #(dOFF_patch>dON_patch) = 1/1 = 100.00%
10:49:50,485 root DEBUG dOFF/dON = 2.8
10:49:50,485 root DEBUG {'CHOOSE_DX': 'along_decision_boundary', 'dxONAngle': 74.29694196126478, 'dON1': 0.02794711738158013, 'cIDON1': array([0, 3], dtype=int64), 'dON_patch_1': 0.02794711738158013, 'nTON': 1, 'dON': 0.02794711738158013, 'dxOFFAngle': 86.16627748762424, 'dOFF1': 0.0780009525408313, 'cIDOFF1': array([1, 3], dtype=int64), 'dOFF_patch_1': 0.0780009525408313, 'nTOFF': 1, 'dOFF': 0.0780009525408313, 'SUCCESS': True}
10:49:50,573 root DEBUG 

=================== Experiment ID #16 	 Dual Point ID: 17 ===================
10:49:50,581 root DEBUG CONTROL: 	 OK! 	 (target neuron output < tolerance: |7.604E-08|<1.000E-06)
10:49:50,581 root DEBUG CONTROL DUAL POINT: Check that target neuron output < tolerance ({tol:.3E}) at x_dual.
10:49:50,952 root DEBUG Side: ON	 Angle(dx0, dx): 0.83 deg 	 Angle(n, nold): 0.00 deg 	 Distance in patch: 9.380E-03 	 Total distance: 9.380E-03 	 Future toggles: 0 	 Past toggles: 1 	 Toggled: [[1, array([38], dtype=int64), array([[ True]])]] 	 class: [3 4]
10:49:51,195 root DEBUG Side: ON	 Angle(dx0, dx): 2.96 deg 	 Angle(n, nold): 0.00 deg 	 Distance in patch: 7.010E-02 	 Total distance: 7.948E-02 	 Future toggles: 1 	 Past toggles: 1 	 Toggled: [[3, array([124], dtype=int64), array([[ True]])]] 	 class: [3 4]
10:49:51,572 root DEBUG Side: OFF	 Angle(dx0, dx): 0.31 deg 	 Angle(n, nold): 0.00 deg 	 Distance in patch: 5.824E-02 	 Total distance: 5.824E-02 	 Future toggles: 1 	 Past toggles: 1 	 Toggled: [[2, array([81], dtype=int64), array([[False]])]] 	 class: [3 4]
10:49:51,572 root DEBUG Check patch-by-patch distances for success (dOFF_patch>dON_patch) and ratio (dOFF_patch/dON_patch):
10:49:51,572 root DEBUG 	 nT= 1  	 success?   False    	 (dON-dOFF)/|dON+dOFF|: -15.43 	 cIDON = [3 4], cIDOFF = [3 4]
10:49:51,572 root DEBUG ===> #(dOFF_patch>dON_patch) = 0/1 = 0.00%
10:49:51,572 root DEBUG dOFF/dON = 0.7
10:49:51,572 root DEBUG {'CHOOSE_DX': 'along_decision_boundary', 'dxONAngle': 74.41814079104103, 'dON1': 0.07948051732665007, 'cIDON1': array([3, 4], dtype=int64), 'dON_patch_1': 0.07948051732665007, 'nTON': 1, 'dON': 0.07948051732665007, 'dxOFFAngle': 88.63154879968008, 'dOFF1': 0.05823605953628107, 'cIDOFF1': array([3, 4], dtype=int64), 'dOFF_patch_1': 0.05823605953628107, 'nTOFF': 1, 'dOFF': 0.05823605953628107, 'SUCCESS': False}
10:49:51,603 root DEBUG 

=================== Experiment ID #17 	 Dual Point ID: 18 ===================
10:49:51,617 root DEBUG CONTROL: 	 OK! 	 (target neuron output < tolerance: |1.080E-07|<1.000E-06)
10:49:51,617 root DEBUG CONTROL DUAL POINT: Check that target neuron output < tolerance ({tol:.3E}) at x_dual.
10:49:52,145 root DEBUG Side: ON	 Angle(dx0, dx): 1.62 deg 	 Angle(n, nold): 0.00 deg 	 Distance in patch: 1.165E-01 	 Total distance: 1.165E-01 	 Future toggles: 1 	 Past toggles: 1 	 Toggled: [[3, array([109], dtype=int64), array([[ True]])]] 	 class: [3 6]
10:49:52,590 root DEBUG Side: OFF	 Angle(dx0, dx): 1.95 deg 	 Angle(n, nold): 0.00 deg 	 Distance in patch: 1.078E-01 	 Total distance: 1.078E-01 	 Future toggles: 1 	 Past toggles: 1 	 Toggled: [[3, array([22], dtype=int64), array([[False]])]] 	 class: [3 6]
10:49:52,590 root DEBUG Check patch-by-patch distances for success (dOFF_patch>dON_patch) and ratio (dOFF_patch/dON_patch):
10:49:52,591 root DEBUG 	 nT= 1  	 success?   False    	 (dON-dOFF)/|dON+dOFF|: -3.88 	 cIDON = [3 6], cIDOFF = [3 6]
10:49:52,591 root DEBUG ===> #(dOFF_patch>dON_patch) = 0/1 = 0.00%
10:49:52,591 root DEBUG dOFF/dON = 0.9
10:49:52,591 root DEBUG {'CHOOSE_DX': 'along_decision_boundary', 'dxONAngle': 84.06909529739326, 'dON1': 0.11650821898780833, 'cIDON1': array([3, 6], dtype=int64), 'dON_patch_1': 0.11650821898780833, 'nTON': 1, 'dON': 0.11650821898780833, 'dxOFFAngle': 84.66620004310906, 'dOFF1': 0.10781367977650233, 'cIDOFF1': array([3, 6], dtype=int64), 'dOFF_patch_1': 0.10781367977650233, 'nTOFF': 1, 'dOFF': 0.10781367977650233, 'SUCCESS': False}
10:49:52,845 root DEBUG 

=================== Experiment ID #18 	 Dual Point ID: 19 ===================
10:49:52,854 root DEBUG CONTROL: 	 OK! 	 (target neuron output < tolerance: |5.420E-09|<1.000E-06)
10:49:52,855 root DEBUG CONTROL DUAL POINT: Check that target neuron output < tolerance ({tol:.3E}) at x_dual.
10:49:53,207 root DEBUG Side: ON	 Angle(dx0, dx): 4.21 deg 	 Angle(n, nold): 0.00 deg 	 Distance in patch: 4.952E-02 	 Total distance: 4.952E-02 	 Future toggles: 1 	 Past toggles: 1 	 Toggled: [[4, array([50], dtype=int64), array([[ True]])]] 	 class: [6 7]
10:49:53,721 root DEBUG Side: OFF	 Angle(dx0, dx): 3.32 deg 	 Angle(n, nold): 0.00 deg 	 Distance in patch: 5.809E-02 	 Total distance: 5.809E-02 	 Future toggles: 1 	 Past toggles: 1 	 Toggled: [[4, array([3], dtype=int64), array([[False]])]] 	 class: [6 7]
10:49:53,721 root DEBUG Check patch-by-patch distances for success (dOFF_patch>dON_patch) and ratio (dOFF_patch/dON_patch):
10:49:53,721 root DEBUG 	 nT= 1  	 success?    True    	 (dON-dOFF)/|dON+dOFF|: 7.96 	 cIDON = [6 7], cIDOFF = [6 7]
10:49:53,721 root DEBUG ===> #(dOFF_patch>dON_patch) = 1/1 = 100.00%
10:49:53,721 root DEBUG dOFF/dON = 1.2
10:49:53,721 root DEBUG {'CHOOSE_DX': 'along_decision_boundary', 'dxONAngle': 81.8188772425143, 'dON1': 0.04951991680111196, 'cIDON1': array([6, 7], dtype=int64), 'dON_patch_1': 0.04951991680111196, 'nTON': 1, 'dON': 0.04951991680111196, 'dxOFFAngle': 85.55693648000951, 'dOFF1': 0.0580878449533567, 'cIDOFF1': array([6, 7], dtype=int64), 'dOFF_patch_1': 0.0580878449533567, 'nTOFF': 1, 'dOFF': 0.0580878449533567, 'SUCCESS': True}
10:49:53,892 root DEBUG 

=================== Experiment ID #19 	 Dual Point ID: 20 ===================
10:49:53,909 root DEBUG CONTROL: 	 OK! 	 (target neuron output < tolerance: |7.333E-09|<1.000E-06)
10:49:53,909 root DEBUG CONTROL DUAL POINT: Check that target neuron output < tolerance ({tol:.3E}) at x_dual.
10:49:54,333 root DEBUG Side: ON	 Angle(dx0, dx): 1.21 deg 	 Angle(n, nold): 0.00 deg 	 Distance in patch: 8.467E-02 	 Total distance: 8.467E-02 	 Future toggles: 1 	 Past toggles: 1 	 Toggled: [[4, array([38], dtype=int64), array([[False]])]] 	 class: [3 5]
10:49:54,648 root DEBUG Side: OFF	 Angle(dx0, dx): 0.58 deg 	 Angle(n, nold): 0.00 deg 	 Distance in patch: 2.373E-01 	 Total distance: 2.373E-01 	 Future toggles: 1 	 Past toggles: 1 	 Toggled: [[2, array([33], dtype=int64), array([[False]])]] 	 class: [3 5]
10:49:54,648 root DEBUG Check patch-by-patch distances for success (dOFF_patch>dON_patch) and ratio (dOFF_patch/dON_patch):
10:49:54,648 root DEBUG 	 nT= 1  	 success?    True    	 (dON-dOFF)/|dON+dOFF|: 47.41 	 cIDON = [3 5], cIDOFF = [3 5]
10:49:54,648 root DEBUG ===> #(dOFF_patch>dON_patch) = 1/1 = 100.00%
10:49:54,648 root DEBUG dOFF/dON = 2.8
10:49:54,648 root DEBUG {'CHOOSE_DX': 'along_decision_boundary', 'dxONAngle': 89.1749669108297, 'dON1': 0.08467490426626251, 'cIDON1': array([3, 5], dtype=int64), 'dON_patch_1': 0.08467490426626251, 'nTON': 1, 'dON': 0.08467490426626251, 'dxOFFAngle': 86.33517042096477, 'dOFF1': 0.2373335853996492, 'cIDOFF1': array([3, 5], dtype=int64), 'dOFF_patch_1': 0.2373335853996492, 'nTOFF': 1, 'dOFF': 0.2373335853996492, 'SUCCESS': True}
10:49:54,759 root DEBUG 

=================== Experiment ID #20 	 Dual Point ID: 21 ===================
10:49:54,766 root DEBUG CONTROL: 	 OK! 	 (target neuron output < tolerance: |3.587E-08|<1.000E-06)
10:49:54,767 root DEBUG CONTROL DUAL POINT: Check that target neuron output < tolerance ({tol:.3E}) at x_dual.
10:49:55,226 root DEBUG Side: ON	 Angle(dx0, dx): 1.48 deg 	 Angle(n, nold): 0.00 deg 	 Distance in patch: 6.691E-02 	 Total distance: 6.691E-02 	 Future toggles: 1 	 Past toggles: 1 	 Toggled: [[3, array([244], dtype=int64), array([[ True]])]] 	 class: [0 7]
10:49:55,622 root DEBUG Side: OFF	 Angle(dx0, dx): 0.39 deg 	 Angle(n, nold): 0.00 deg 	 Distance in patch: 7.376E-03 	 Total distance: 7.376E-03 	 Future toggles: 0 	 Past toggles: 1 	 Toggled: [[1, array([152], dtype=int64), array([[ True]])]] 	 class: [1 7]
10:49:55,847 root DEBUG Side: OFF	 Angle(dx0, dx): 0.26 deg 	 Angle(n, nold): 0.00 deg 	 Distance in patch: 1.437E-01 	 Total distance: 1.510E-01 	 Future toggles: 1 	 Past toggles: 1 	 Toggled: [[2, array([214], dtype=int64), array([[False]])]] 	 class: [1 7]
10:49:55,848 root DEBUG Check patch-by-patch distances for success (dOFF_patch>dON_patch) and ratio (dOFF_patch/dON_patch):
10:49:55,848 root DEBUG 	 nT= 1  	 success?    True    	 (dON-dOFF)/|dON+dOFF|: 38.60 	 cIDON = [0 7], cIDOFF = [1 7]
10:49:55,848 root DEBUG ===> #(dOFF_patch>dON_patch) = 1/1 = 100.00%
10:49:55,848 root DEBUG dOFF/dON = 2.3
10:49:55,848 root DEBUG {'CHOOSE_DX': 'along_decision_boundary', 'dxONAngle': 89.66115368772772, 'dON1': 0.06690942161701575, 'cIDON1': array([0, 7], dtype=int64), 'dON_patch_1': 0.06690942161701575, 'nTON': 1, 'dON': 0.06690942161701575, 'dxOFFAngle': 89.88299320297325, 'dOFF1': 0.15103718638622096, 'cIDOFF1': array([1, 7], dtype=int64), 'dOFF_patch_1': 0.15103718638622096, 'nTOFF': 1, 'dOFF': 0.15103718638622096, 'SUCCESS': True}
10:49:55,878 root DEBUG 

=================== Experiment ID #21 	 Dual Point ID: 22 ===================
10:49:55,897 root DEBUG CONTROL: 	 OK! 	 (target neuron output < tolerance: |5.133E-08|<1.000E-06)
10:49:55,897 root DEBUG CONTROL DUAL POINT: Check that target neuron output < tolerance ({tol:.3E}) at x_dual.
10:49:56,264 root DEBUG Side: ON	 Angle(dx0, dx): 1.19 deg 	 Angle(n, nold): 0.00 deg 	 Distance in patch: 2.899E-03 	 Total distance: 2.899E-03 	 Future toggles: 1 	 Past toggles: 1 	 Toggled: [[2, array([207], dtype=int64), array([[False]])]] 	 class: [0 7]
10:49:56,557 root DEBUG Side: OFF	 Angle(dx0, dx): 0.90 deg 	 Angle(n, nold): 0.00 deg 	 Distance in patch: 3.857E-02 	 Total distance: 3.857E-02 	 Future toggles: 1 	 Past toggles: 1 	 Toggled: [[3, array([47], dtype=int64), array([[ True]])]] 	 class: [1 7]
10:49:56,557 root DEBUG Check patch-by-patch distances for success (dOFF_patch>dON_patch) and ratio (dOFF_patch/dON_patch):
10:49:56,558 root DEBUG 	 nT= 1  	 success?    True    	 (dON-dOFF)/|dON+dOFF|: 86.02 	 cIDON = [0 7], cIDOFF = [1 7]
10:49:56,558 root DEBUG ===> #(dOFF_patch>dON_patch) = 1/1 = 100.00%
10:49:56,558 root DEBUG dOFF/dON = 13.3
10:49:56,558 root DEBUG {'CHOOSE_DX': 'along_decision_boundary', 'dxONAngle': 83.71273478383442, 'dON1': 0.002898767162947123, 'cIDON1': array([0, 7], dtype=int64), 'dON_patch_1': 0.002898767162947123, 'nTON': 1, 'dON': 0.002898767162947123, 'dxOFFAngle': 88.91906999374045, 'dOFF1': 0.03856650694039306, 'cIDOFF1': array([1, 7], dtype=int64), 'dOFF_patch_1': 0.03856650694039306, 'nTOFF': 1, 'dOFF': 0.03856650694039306, 'SUCCESS': True}
10:49:56,668 root DEBUG 

=================== Experiment ID #22 	 Dual Point ID: 23 ===================
10:49:56,679 root DEBUG CONTROL: 	 OK! 	 (target neuron output < tolerance: |1.476E-08|<1.000E-06)
10:49:56,679 root DEBUG CONTROL DUAL POINT: Check that target neuron output < tolerance ({tol:.3E}) at x_dual.
10:49:57,97 root DEBUG Side: ON	 Angle(dx0, dx): 0.84 deg 	 Angle(n, nold): 0.00 deg 	 Distance in patch: 4.593E-02 	 Total distance: 4.593E-02 	 Future toggles: 1 	 Past toggles: 1 	 Toggled: [[4, array([54], dtype=int64), array([[False]])]] 	 class: [4 6]
10:49:57,512 root DEBUG Side: OFF	 Angle(dx0, dx): 1.87 deg 	 Angle(n, nold): 0.00 deg 	 Distance in patch: 2.330E-02 	 Total distance: 2.330E-02 	 Future toggles: 1 	 Past toggles: 1 	 Toggled: [[3, array([244], dtype=int64), array([[False]])]] 	 class: [4 6]
10:49:57,512 root DEBUG Check patch-by-patch distances for success (dOFF_patch>dON_patch) and ratio (dOFF_patch/dON_patch):
10:49:57,513 root DEBUG 	 nT= 1  	 success?   False    	 (dON-dOFF)/|dON+dOFF|: -32.69 	 cIDON = [4 6], cIDOFF = [4 6]
10:49:57,513 root DEBUG ===> #(dOFF_patch>dON_patch) = 0/1 = 0.00%
10:49:57,513 root DEBUG dOFF/dON = 0.5
10:49:57,513 root DEBUG {'CHOOSE_DX': 'along_decision_boundary', 'dxONAngle': 74.46997313309943, 'dON1': 0.045926701422050326, 'cIDON1': array([4, 6], dtype=int64), 'dON_patch_1': 0.045926701422050326, 'nTON': 1, 'dON': 0.045926701422050326, 'dxOFFAngle': 79.62057746109602, 'dOFF1': 0.02329513820464068, 'cIDOFF1': array([4, 6], dtype=int64), 'dOFF_patch_1': 0.02329513820464068, 'nTOFF': 1, 'dOFF': 0.02329513820464068, 'SUCCESS': False}
10:49:57,607 root DEBUG 

=================== Experiment ID #23 	 Dual Point ID: 24 ===================
10:49:57,615 root DEBUG CONTROL: 	 OK! 	 (target neuron output < tolerance: |1.895E-07|<1.000E-06)
10:49:57,616 root DEBUG CONTROL DUAL POINT: Check that target neuron output < tolerance ({tol:.3E}) at x_dual.
10:49:58,35 root DEBUG Side: ON	 Angle(dx0, dx): 0.20 deg 	 Angle(n, nold): 0.00 deg 	 Distance in patch: 2.570E-01 	 Total distance: 2.570E-01 	 Future toggles: 0 	 Past toggles: 1 	 Toggled: [[1, array([20], dtype=int64), array([[ True]])]] 	 class: [3 6]
10:49:58,237 root DEBUG Side: ON	 Angle(dx0, dx): 0.15 deg 	 Angle(n, nold): 0.00 deg 	 Distance in patch: 1.310E-02 	 Total distance: 2.701E-01 	 Future toggles: 0 	 Past toggles: 2 	 Toggled: [[1, array([61], dtype=int64), array([[False]])]] 	 class: [3 6]
10:49:58,462 root DEBUG Side: ON	 Angle(dx0, dx): 3.31 deg 	 Angle(n, nold): 0.00 deg 	 Distance in patch: 2.602E-02 	 Total distance: 2.961E-01 	 Future toggles: 1 	 Past toggles: 1 	 Toggled: [[2, array([146], dtype=int64), array([[False]])]] 	 class: [3 6]
10:49:58,902 root DEBUG Side: OFF	 Angle(dx0, dx): 0.02 deg 	 Angle(n, nold): 0.00 deg 	 Distance in patch: 2.256E-02 	 Total distance: 2.256E-02 	 Future toggles: 1 	 Past toggles: 1 	 Toggled: [[4, array([4], dtype=int64), array([[ True]])]] 	 class: [3 6]
10:49:58,902 root DEBUG Check patch-by-patch distances for success (dOFF_patch>dON_patch) and ratio (dOFF_patch/dON_patch):
10:49:58,902 root DEBUG 	 nT= 1  	 success?   False    	 (dON-dOFF)/|dON+dOFF|: -85.84 	 cIDON = [3 6], cIDOFF = [3 6]
10:49:58,902 root DEBUG ===> #(dOFF_patch>dON_patch) = 0/1 = 0.00%
10:49:58,902 root DEBUG dOFF/dON = 0.1
10:49:58,902 root DEBUG {'CHOOSE_DX': 'along_decision_boundary', 'dxONAngle': 74.95045957540219, 'dON1': 0.29609680457289866, 'cIDON1': array([3, 6], dtype=int64), 'dON_patch_1': 0.29609680457289866, 'nTON': 1, 'dON': 0.29609680457289866, 'dxOFFAngle': 83.72488140948894, 'dOFF1': 0.02255507224273579, 'cIDOFF1': array([3, 6], dtype=int64), 'dOFF_patch_1': 0.02255507224273579, 'nTOFF': 1, 'dOFF': 0.02255507224273579, 'SUCCESS': False}
10:49:58,918 root DEBUG 

=================== Experiment ID #24 	 Dual Point ID: 25 ===================
10:49:58,941 root DEBUG CONTROL: 	 OK! 	 (target neuron output < tolerance: |4.483E-08|<1.000E-06)
10:49:58,941 root DEBUG CONTROL DUAL POINT: Check that target neuron output < tolerance ({tol:.3E}) at x_dual.
10:49:59,317 root DEBUG Side: ON	 Angle(dx0, dx): 0.49 deg 	 Angle(n, nold): 0.00 deg 	 Distance in patch: 1.219E-02 	 Total distance: 1.219E-02 	 Future toggles: 1 	 Past toggles: 1 	 Toggled: [[2, array([100], dtype=int64), array([[ True]])]] 	 class: [3 7]
10:49:59,600 root DEBUG Side: OFF	 Angle(dx0, dx): 0.35 deg 	 Angle(n, nold): 0.00 deg 	 Distance in patch: 3.323E-02 	 Total distance: 3.323E-02 	 Future toggles: 1 	 Past toggles: 1 	 Toggled: [[2, array([18], dtype=int64), array([[False]])]] 	 class: [3 7]
10:49:59,600 root DEBUG Check patch-by-patch distances for success (dOFF_patch>dON_patch) and ratio (dOFF_patch/dON_patch):
10:49:59,600 root DEBUG 	 nT= 1  	 success?    True    	 (dON-dOFF)/|dON+dOFF|: 46.33 	 cIDON = [3 7], cIDOFF = [3 7]
10:49:59,600 root DEBUG ===> #(dOFF_patch>dON_patch) = 1/1 = 100.00%
10:49:59,601 root DEBUG dOFF/dON = 2.7
10:49:59,601 root DEBUG {'CHOOSE_DX': 'along_decision_boundary', 'dxONAngle': 82.22188220908119, 'dON1': 0.012190661379274817, 'cIDON1': array([3, 7], dtype=int64), 'dON_patch_1': 0.012190661379274817, 'nTON': 1, 'dON': 0.012190661379274817, 'dxOFFAngle': 79.31455665652948, 'dOFF1': 0.03323483687937835, 'cIDOFF1': array([3, 7], dtype=int64), 'dOFF_patch_1': 0.03323483687937835, 'nTOFF': 1, 'dOFF': 0.03323483687937835, 'SUCCESS': True}
10:49:59,663 root DEBUG 

=================== Experiment ID #25 	 Dual Point ID: 26 ===================
10:49:59,671 root DEBUG CONTROL: 	 OK! 	 (target neuron output < tolerance: |2.092E-08|<1.000E-06)
10:49:59,672 root DEBUG CONTROL DUAL POINT: Check that target neuron output < tolerance ({tol:.3E}) at x_dual.
10:49:59,948 root DEBUG Side: ON	 Angle(dx0, dx): 9.76 deg 	 Angle(n, nold): 0.00 deg 	 Distance in patch: 3.496E-06 	 Total distance: 3.496E-06 	 Future toggles: 1 	 Past toggles: 1 	 Toggled: [[5, array([0, 1], dtype=int64), array([[0.],
       [1.]])]] 	 class: [1 7]
10:50:00,294 root DEBUG Side: OFF	 Angle(dx0, dx): 0.40 deg 	 Angle(n, nold): 0.00 deg 	 Distance in patch: 5.415E-02 	 Total distance: 5.415E-02 	 Future toggles: 1 	 Past toggles: 1 	 Toggled: [[4, array([21], dtype=int64), array([[ True]])]] 	 class: [1 7]
10:50:00,295 root DEBUG Check patch-by-patch distances for success (dOFF_patch>dON_patch) and ratio (dOFF_patch/dON_patch):
10:50:00,295 root DEBUG 	 nT= 1  	 success?    True    	 (dON-dOFF)/|dON+dOFF|: 99.99 	 cIDON = [0 7], cIDOFF = [1 7]
10:50:00,295 root DEBUG ===> #(dOFF_patch>dON_patch) = 1/1 = 100.00%
10:50:00,295 root DEBUG dOFF/dON = 15488.3
10:50:00,295 root DEBUG {'CHOOSE_DX': 'along_decision_boundary', 'dxONAngle': 80.33561196426008, 'dON1': 3.4961872689342685e-06, 'cIDON1': array([0, 7], dtype=int64), 'dON_patch_1': 3.4961872689342685e-06, 'nTON': 1, 'dON': 3.4961872689342685e-06, 'dxOFFAngle': 84.38307223784165, 'dOFF1': 0.05414998426070499, 'cIDOFF1': array([1, 7], dtype=int64), 'dOFF_patch_1': 0.05414998426070499, 'nTOFF': 1, 'dOFF': 0.05414998426070499, 'SUCCESS': True}
10:50:00,388 root DEBUG 

=================== Experiment ID #26 	 Dual Point ID: 27 ===================
10:50:00,397 root DEBUG CONTROL: 	 OK! 	 (target neuron output < tolerance: |4.619E-08|<1.000E-06)
10:50:00,398 root DEBUG CONTROL DUAL POINT: Check that target neuron output < tolerance ({tol:.3E}) at x_dual.
10:50:00,717 root DEBUG Side: ON	 Angle(dx0, dx): 1.35 deg 	 Angle(n, nold): 0.00 deg 	 Distance in patch: 7.283E-02 	 Total distance: 7.283E-02 	 Future toggles: 1 	 Past toggles: 1 	 Toggled: [[2, array([173], dtype=int64), array([[False]])]] 	 class: [2 7]
10:50:01,74 root DEBUG Side: OFF	 Angle(dx0, dx): 0.55 deg 	 Angle(n, nold): 0.00 deg 	 Distance in patch: 1.641E-01 	 Total distance: 1.641E-01 	 Future toggles: 1 	 Past toggles: 1 	 Toggled: [[2, array([32], dtype=int64), array([[ True]])]] 	 class: [2 7]
10:50:01,74 root DEBUG Check patch-by-patch distances for success (dOFF_patch>dON_patch) and ratio (dOFF_patch/dON_patch):
10:50:01,74 root DEBUG 	 nT= 1  	 success?    True    	 (dON-dOFF)/|dON+dOFF|: 38.53 	 cIDON = [2 7], cIDOFF = [2 7]
10:50:01,74 root DEBUG ===> #(dOFF_patch>dON_patch) = 1/1 = 100.00%
10:50:01,74 root DEBUG dOFF/dON = 2.3
10:50:01,74 root DEBUG {'CHOOSE_DX': 'along_decision_boundary', 'dxONAngle': 63.17136282580573, 'dON1': 0.0728263681207014, 'cIDON1': array([2, 7], dtype=int64), 'dON_patch_1': 0.0728263681207014, 'nTON': 1, 'dON': 0.0728263681207014, 'dxOFFAngle': 73.97436144549519, 'dOFF1': 0.1641056587856045, 'cIDOFF1': array([2, 7], dtype=int64), 'dOFF_patch_1': 0.1641056587856045, 'nTOFF': 1, 'dOFF': 0.1641056587856045, 'SUCCESS': True}
10:50:01,194 root DEBUG 

=================== Experiment ID #27 	 Dual Point ID: 28 ===================
10:50:01,203 root DEBUG CONTROL: 	 OK! 	 (target neuron output < tolerance: |3.064E-09|<1.000E-06)
10:50:01,203 root DEBUG CONTROL DUAL POINT: Check that target neuron output < tolerance ({tol:.3E}) at x_dual.
10:50:01,723 root DEBUG Side: ON	 Angle(dx0, dx): 17.11 deg 	 Angle(n, nold): 0.00 deg 	 Distance in patch: 1.176E-01 	 Total distance: 1.176E-01 	 Future toggles: 1 	 Past toggles: 1 	 Toggled: [[3, array([157], dtype=int64), array([[ True]])]] 	 class: [2 7]
10:50:02,106 root DEBUG Side: OFF	 Angle(dx0, dx): 2.82 deg 	 Angle(n, nold): 0.00 deg 	 Distance in patch: 5.824E-02 	 Total distance: 5.824E-02 	 Future toggles: 1 	 Past toggles: 1 	 Toggled: [[4, array([56], dtype=int64), array([[False]])]] 	 class: [2 7]
10:50:02,106 root DEBUG Check patch-by-patch distances for success (dOFF_patch>dON_patch) and ratio (dOFF_patch/dON_patch):
10:50:02,106 root DEBUG 	 nT= 1  	 success?   False    	 (dON-dOFF)/|dON+dOFF|: -33.77 	 cIDON = [2 7], cIDOFF = [2 7]
10:50:02,106 root DEBUG ===> #(dOFF_patch>dON_patch) = 0/1 = 0.00%
10:50:02,106 root DEBUG dOFF/dON = 0.5
10:50:02,106 root DEBUG {'CHOOSE_DX': 'along_decision_boundary', 'dxONAngle': 56.8782005875168, 'dON1': 0.1176153102677498, 'cIDON1': array([2, 7], dtype=int64), 'dON_patch_1': 0.1176153102677498, 'nTON': 1, 'dON': 0.1176153102677498, 'dxOFFAngle': 77.80007596960432, 'dOFF1': 0.058236443994021114, 'cIDOFF1': array([2, 7], dtype=int64), 'dOFF_patch_1': 0.058236443994021114, 'nTOFF': 1, 'dOFF': 0.058236443994021114, 'SUCCESS': False}
10:50:02,181 root DEBUG 

=================== Experiment ID #28 	 Dual Point ID: 29 ===================
10:50:02,200 root DEBUG CONTROL: 	 OK! 	 (target neuron output < tolerance: |8.217E-07|<1.000E-06)
10:50:02,200 root DEBUG CONTROL DUAL POINT: Check that target neuron output < tolerance ({tol:.3E}) at x_dual.
10:50:02,568 root DEBUG Side: ON	 Angle(dx0, dx): 10.87 deg 	 Angle(n, nold): 0.00 deg 	 Distance in patch: 2.328E-06 	 Total distance: 2.328E-06 	 Future toggles: 1 	 Past toggles: 1 	 Toggled: [[5, array([0, 1], dtype=int64), array([[1.],
       [0.]])]] 	 class: [0 9]
10:50:02,887 root DEBUG Side: OFF	 Angle(dx0, dx): 0.06 deg 	 Angle(n, nold): 0.00 deg 	 Distance in patch: 6.254E-02 	 Total distance: 6.254E-02 	 Future toggles: 1 	 Past toggles: 1 	 Toggled: [[2, array([142], dtype=int64), array([[False]])]] 	 class: [0 9]
10:50:02,887 root DEBUG Check patch-by-patch distances for success (dOFF_patch>dON_patch) and ratio (dOFF_patch/dON_patch):
10:50:02,887 root DEBUG 	 nT= 1  	 success?    True    	 (dON-dOFF)/|dON+dOFF|: 99.99 	 cIDON = [1 9], cIDOFF = [0 9]
10:50:02,887 root DEBUG ===> #(dOFF_patch>dON_patch) = 1/1 = 100.00%
10:50:02,887 root DEBUG dOFF/dON = 26858.2
10:50:02,887 root DEBUG {'CHOOSE_DX': 'along_decision_boundary', 'dxONAngle': 80.68371047366563, 'dON1': 2.3284254826822587e-06, 'cIDON1': array([1, 9], dtype=int64), 'dON_patch_1': 2.3284254826822587e-06, 'nTON': 1, 'dON': 2.3284254826822587e-06, 'dxOFFAngle': 86.00369016692939, 'dOFF1': 0.06253726043239269, 'cIDOFF1': array([0, 9], dtype=int64), 'dOFF_patch_1': 0.06253726043239269, 'nTOFF': 1, 'dOFF': 0.06253726043239269, 'SUCCESS': True}
10:50:02,971 root DEBUG 

=================== Experiment ID #29 	 Dual Point ID: 30 ===================
10:50:02,983 root DEBUG CONTROL: 	 OK! 	 (target neuron output < tolerance: |1.294E-08|<1.000E-06)
10:50:02,983 root DEBUG CONTROL DUAL POINT: Check that target neuron output < tolerance ({tol:.3E}) at x_dual.
10:50:03,300 root DEBUG Side: ON	 Angle(dx0, dx): 3.00 deg 	 Angle(n, nold): 0.00 deg 	 Distance in patch: 5.321E-02 	 Total distance: 5.321E-02 	 Future toggles: 1 	 Past toggles: 1 	 Toggled: [[2, array([138], dtype=int64), array([[False]])]] 	 class: [7 9]
10:50:03,592 root DEBUG Side: OFF	 Angle(dx0, dx): 0.48 deg 	 Angle(n, nold): 0.00 deg 	 Distance in patch: 1.070E-01 	 Total distance: 1.070E-01 	 Future toggles: 1 	 Past toggles: 1 	 Toggled: [[2, array([228], dtype=int64), array([[False]])]] 	 class: [7 9]
10:50:03,592 root DEBUG Check patch-by-patch distances for success (dOFF_patch>dON_patch) and ratio (dOFF_patch/dON_patch):
10:50:03,593 root DEBUG 	 nT= 1  	 success?    True    	 (dON-dOFF)/|dON+dOFF|: 33.57 	 cIDON = [7 9], cIDOFF = [7 9]
10:50:03,593 root DEBUG ===> #(dOFF_patch>dON_patch) = 1/1 = 100.00%
10:50:03,593 root DEBUG dOFF/dON = 2.0
10:50:03,593 root DEBUG {'CHOOSE_DX': 'along_decision_boundary', 'dxONAngle': 82.91503169765303, 'dON1': 0.05321408689803411, 'cIDON1': array([7, 9], dtype=int64), 'dON_patch_1': 0.05321408689803411, 'nTON': 1, 'dON': 0.05321408689803411, 'dxOFFAngle': 83.20515291681924, 'dOFF1': 0.10700703761042693, 'cIDOFF1': array([7, 9], dtype=int64), 'dOFF_patch_1': 0.10700703761042693, 'nTOFF': 1, 'dOFF': 0.10700703761042693, 'SUCCESS': True}
10:50:03,652 root DEBUG 

=================== Experiment ID #30 	 Dual Point ID: 31 ===================
10:50:03,664 root DEBUG CONTROL: 	 OK! 	 (target neuron output < tolerance: |2.255E-08|<1.000E-06)
10:50:03,665 root DEBUG CONTROL DUAL POINT: Check that target neuron output < tolerance ({tol:.3E}) at x_dual.
10:50:04,1 root DEBUG Side: ON	 Angle(dx0, dx): 5.25 deg 	 Angle(n, nold): 0.00 deg 	 Distance in patch: 9.644E-02 	 Total distance: 9.644E-02 	 Future toggles: 1 	 Past toggles: 1 	 Toggled: [[3, array([149], dtype=int64), array([[False]])]] 	 class: [0 1]
10:50:04,308 root DEBUG Side: OFF	 Angle(dx0, dx): 0.59 deg 	 Angle(n, nold): 0.00 deg 	 Distance in patch: 1.226E-02 	 Total distance: 1.226E-02 	 Future toggles: 0 	 Past toggles: 1 	 Toggled: [[1, array([217], dtype=int64), array([[False]])]] 	 class: [0 1]
10:50:04,646 root DEBUG Side: OFF	 Angle(dx0, dx): 0.17 deg 	 Angle(n, nold): 0.00 deg 	 Distance in patch: 1.731E-01 	 Total distance: 1.853E-01 	 Future toggles: 1 	 Past toggles: 1 	 Toggled: [[2, array([246], dtype=int64), array([[ True]])]] 	 class: [0 1]
10:50:04,646 root DEBUG Check patch-by-patch distances for success (dOFF_patch>dON_patch) and ratio (dOFF_patch/dON_patch):
10:50:04,646 root DEBUG 	 nT= 1  	 success?    True    	 (dON-dOFF)/|dON+dOFF|: 31.55 	 cIDON = [0 1], cIDOFF = [0 1]
10:50:04,646 root DEBUG ===> #(dOFF_patch>dON_patch) = 1/1 = 100.00%
10:50:04,647 root DEBUG dOFF/dON = 1.9
10:50:04,647 root DEBUG {'CHOOSE_DX': 'along_decision_boundary', 'dxONAngle': 88.93702029253132, 'dON1': 0.09644184313355404, 'cIDON1': array([0, 1], dtype=int64), 'dON_patch_1': 0.09644184313355404, 'nTON': 1, 'dON': 0.09644184313355404, 'dxOFFAngle': 88.37372120877428, 'dOFF1': 0.18533418347403122, 'cIDOFF1': array([0, 1], dtype=int64), 'dOFF_patch_1': 0.18533418347403122, 'nTOFF': 1, 'dOFF': 0.18533418347403122, 'SUCCESS': True}
10:50:04,721 root DEBUG 

=================== Experiment ID #31 	 Dual Point ID: 32 ===================
10:50:04,740 root DEBUG CONTROL: 	 OK! 	 (target neuron output < tolerance: |1.446E-07|<1.000E-06)
10:50:04,740 root DEBUG CONTROL DUAL POINT: Check that target neuron output < tolerance ({tol:.3E}) at x_dual.
10:50:05,190 root DEBUG Side: ON	 Angle(dx0, dx): 6.44 deg 	 Angle(n, nold): 0.00 deg 	 Distance in patch: 8.102E-02 	 Total distance: 8.102E-02 	 Future toggles: 1 	 Past toggles: 1 	 Toggled: [[3, array([73], dtype=int64), array([[ True]])]] 	 class: [3 7]
10:50:05,561 root DEBUG Side: OFF	 Angle(dx0, dx): 3.49 deg 	 Angle(n, nold): 0.00 deg 	 Distance in patch: 7.467E-02 	 Total distance: 7.467E-02 	 Future toggles: 1 	 Past toggles: 1 	 Toggled: [[4, array([15], dtype=int64), array([[False]])]] 	 class: [3 7]
10:50:05,561 root DEBUG Check patch-by-patch distances for success (dOFF_patch>dON_patch) and ratio (dOFF_patch/dON_patch):
10:50:05,561 root DEBUG 	 nT= 1  	 success?   False    	 (dON-dOFF)/|dON+dOFF|: -4.08 	 cIDON = [3 7], cIDOFF = [3 7]
10:50:05,561 root DEBUG ===> #(dOFF_patch>dON_patch) = 0/1 = 0.00%
10:50:05,561 root DEBUG dOFF/dON = 0.9
10:50:05,561 root DEBUG {'CHOOSE_DX': 'along_decision_boundary', 'dxONAngle': 84.72249857990651, 'dON1': 0.08101844438538976, 'cIDON1': array([3, 7], dtype=int64), 'dON_patch_1': 0.08101844438538976, 'nTON': 1, 'dON': 0.08101844438538976, 'dxOFFAngle': 82.51855107209502, 'dOFF1': 0.07466853282064019, 'cIDOFF1': array([3, 7], dtype=int64), 'dOFF_patch_1': 0.07466853282064019, 'nTOFF': 1, 'dOFF': 0.07466853282064019, 'SUCCESS': False}
10:50:05,658 root DEBUG 

=================== Experiment ID #32 	 Dual Point ID: 33 ===================
10:50:05,671 root DEBUG CONTROL: 	 OK! 	 (target neuron output < tolerance: |6.845E-08|<1.000E-06)
10:50:05,671 root DEBUG CONTROL DUAL POINT: Check that target neuron output < tolerance ({tol:.3E}) at x_dual.
10:50:06,90 root DEBUG Side: ON	 Angle(dx0, dx): 1.86 deg 	 Angle(n, nold): 0.00 deg 	 Distance in patch: 2.644E-03 	 Total distance: 2.644E-03 	 Future toggles: 1 	 Past toggles: 1 	 Toggled: [[3, array([125], dtype=int64), array([[False]])]] 	 class: [5 6]
10:50:06,470 root DEBUG Side: OFF	 Angle(dx0, dx): 0.26 deg 	 Angle(n, nold): 0.00 deg 	 Distance in patch: 2.031E-02 	 Total distance: 2.031E-02 	 Future toggles: 0 	 Past toggles: 1 	 Toggled: [[1, array([130], dtype=int64), array([[False]])]] 	 class: [5 6]
10:50:06,784 root DEBUG Side: OFF	 Angle(dx0, dx): 0.66 deg 	 Angle(n, nold): 0.00 deg 	 Distance in patch: 2.267E-02 	 Total distance: 4.297E-02 	 Future toggles: 0 	 Past toggles: 2 	 Toggled: [[1, array([2], dtype=int64), array([[ True]])]] 	 class: [5 6]
10:50:07,42 root DEBUG Side: OFF	 Angle(dx0, dx): 1.07 deg 	 Angle(n, nold): 0.00 deg 	 Distance in patch: 2.575E-02 	 Total distance: 6.872E-02 	 Future toggles: 1 	 Past toggles: 1 	 Toggled: [[2, array([89], dtype=int64), array([[ True]])]] 	 class: [5 6]
10:50:07,42 root DEBUG Check patch-by-patch distances for success (dOFF_patch>dON_patch) and ratio (dOFF_patch/dON_patch):
10:50:07,42 root DEBUG 	 nT= 1  	 success?    True    	 (dON-dOFF)/|dON+dOFF|: 92.59 	 cIDON = [5 6], cIDOFF = [5 6]
10:50:07,42 root DEBUG ===> #(dOFF_patch>dON_patch) = 1/1 = 100.00%
10:50:07,42 root DEBUG dOFF/dON = 26.0
10:50:07,42 root DEBUG {'CHOOSE_DX': 'along_decision_boundary', 'dxONAngle': 85.18742054636448, 'dON1': 0.002643648147105489, 'cIDON1': array([5, 6], dtype=int64), 'dON_patch_1': 0.002643648147105489, 'nTON': 1, 'dON': 0.002643648147105489, 'dxOFFAngle': 89.71149456651138, 'dOFF1': 0.06872242232561972, 'cIDOFF1': array([5, 6], dtype=int64), 'dOFF_patch_1': 0.06872242232561972, 'nTOFF': 1, 'dOFF': 0.06872242232561972, 'SUCCESS': True}
10:50:07,321 root DEBUG 

=================== Experiment ID #33 	 Dual Point ID: 34 ===================
10:50:07,328 root DEBUG CONTROL: 	 OK! 	 (target neuron output < tolerance: |1.239E-07|<1.000E-06)
10:50:07,329 root DEBUG CONTROL DUAL POINT: Check that target neuron output < tolerance ({tol:.3E}) at x_dual.
10:50:07,701 root DEBUG Side: ON	 Angle(dx0, dx): 0.14 deg 	 Angle(n, nold): 0.00 deg 	 Distance in patch: 1.094E-01 	 Total distance: 1.094E-01 	 Future toggles: 1 	 Past toggles: 1 	 Toggled: [[2, array([245], dtype=int64), array([[False]])]] 	 class: [2 5]
10:50:08,39 root DEBUG Side: OFF	 Angle(dx0, dx): 0.13 deg 	 Angle(n, nold): 0.00 deg 	 Distance in patch: 1.097E-01 	 Total distance: 1.097E-01 	 Future toggles: 0 	 Past toggles: 1 	 Toggled: [[1, array([131], dtype=int64), array([[False]])]] 	 class: [2 5]
10:50:08,237 root DEBUG Side: OFF	 Angle(dx0, dx): 0.02 deg 	 Angle(n, nold): 0.00 deg 	 Distance in patch: 1.493E-02 	 Total distance: 1.246E-01 	 Future toggles: 0 	 Past toggles: 2 	 Toggled: [[1, array([38], dtype=int64), array([[False]])]] 	 class: [2 5]
10:50:08,523 root DEBUG Side: OFF	 Angle(dx0, dx): 2.43 deg 	 Angle(n, nold): 0.00 deg 	 Distance in patch: 2.009E-02 	 Total distance: 1.447E-01 	 Future toggles: 1 	 Past toggles: 1 	 Toggled: [[3, array([242], dtype=int64), array([[ True]])]] 	 class: [2 5]
10:50:08,523 root DEBUG Check patch-by-patch distances for success (dOFF_patch>dON_patch) and ratio (dOFF_patch/dON_patch):
10:50:08,523 root DEBUG 	 nT= 1  	 success?    True    	 (dON-dOFF)/|dON+dOFF|: 13.87 	 cIDON = [2 5], cIDOFF = [2 5]
10:50:08,523 root DEBUG ===> #(dOFF_patch>dON_patch) = 1/1 = 100.00%
10:50:08,523 root DEBUG dOFF/dON = 1.3
10:50:08,523 root DEBUG {'CHOOSE_DX': 'along_decision_boundary', 'dxONAngle': 63.72900961469081, 'dON1': 0.10944178810491698, 'cIDON1': array([2, 5], dtype=int64), 'dON_patch_1': 0.10944178810491698, 'nTON': 1, 'dON': 0.10944178810491698, 'dxOFFAngle': 82.28755135492285, 'dOFF1': 0.14470003990223768, 'cIDOFF1': array([2, 5], dtype=int64), 'dOFF_patch_1': 0.14470003990223768, 'nTOFF': 1, 'dOFF': 0.14470003990223768, 'SUCCESS': True}
10:50:08,976 PIL.PngImagePlugin DEBUG STREAM b'IHDR' 16 13
10:50:08,976 PIL.PngImagePlugin DEBUG STREAM b'sBIT' 41 4
10:50:08,976 PIL.PngImagePlugin DEBUG b'sBIT' 41 4 (unknown)
10:50:08,976 PIL.PngImagePlugin DEBUG STREAM b'pHYs' 57 9
10:50:08,977 PIL.PngImagePlugin DEBUG STREAM b'IDAT' 78 1189
10:50:08,983 PIL.PngImagePlugin DEBUG STREAM b'IHDR' 16 13
10:50:08,983 PIL.PngImagePlugin DEBUG STREAM b'sBIT' 41 4
10:50:08,983 PIL.PngImagePlugin DEBUG b'sBIT' 41 4 (unknown)
10:50:08,983 PIL.PngImagePlugin DEBUG STREAM b'pHYs' 57 9
10:50:08,983 PIL.PngImagePlugin DEBUG STREAM b'IDAT' 78 2994
10:50:08,996 PIL.PngImagePlugin DEBUG STREAM b'IHDR' 16 13
10:50:08,997 PIL.PngImagePlugin DEBUG STREAM b'sBIT' 41 4
10:50:08,997 PIL.PngImagePlugin DEBUG b'sBIT' 41 4 (unknown)
10:50:08,997 PIL.PngImagePlugin DEBUG STREAM b'pHYs' 57 9
10:50:08,997 PIL.PngImagePlugin DEBUG STREAM b'IDAT' 78 696
10:50:09,1 PIL.PngImagePlugin DEBUG STREAM b'IHDR' 16 13
10:50:09,1 PIL.PngImagePlugin DEBUG STREAM b'sBIT' 41 4
10:50:09,1 PIL.PngImagePlugin DEBUG b'sBIT' 41 4 (unknown)
10:50:09,1 PIL.PngImagePlugin DEBUG STREAM b'pHYs' 57 9
10:50:09,1 PIL.PngImagePlugin DEBUG STREAM b'IDAT' 78 526
10:50:09,5 PIL.PngImagePlugin DEBUG STREAM b'IHDR' 16 13
10:50:09,5 PIL.PngImagePlugin DEBUG STREAM b'sBIT' 41 4
10:50:09,5 PIL.PngImagePlugin DEBUG b'sBIT' 41 4 (unknown)
10:50:09,5 PIL.PngImagePlugin DEBUG STREAM b'pHYs' 57 9
10:50:09,5 PIL.PngImagePlugin DEBUG STREAM b'IDAT' 78 499
10:50:09,9 PIL.PngImagePlugin DEBUG STREAM b'IHDR' 16 13
10:50:09,9 PIL.PngImagePlugin DEBUG STREAM b'sBIT' 41 4
10:50:09,9 PIL.PngImagePlugin DEBUG b'sBIT' 41 4 (unknown)
10:50:09,9 PIL.PngImagePlugin DEBUG STREAM b'pHYs' 57 9
10:50:09,9 PIL.PngImagePlugin DEBUG STREAM b'IDAT' 78 673
10:50:09,41 PIL.PngImagePlugin DEBUG STREAM b'IHDR' 16 13
10:50:09,42 PIL.PngImagePlugin DEBUG STREAM b'sBIT' 41 4
10:50:09,42 PIL.PngImagePlugin DEBUG b'sBIT' 41 4 (unknown)
10:50:09,42 PIL.PngImagePlugin DEBUG STREAM b'pHYs' 57 9
10:50:09,42 PIL.PngImagePlugin DEBUG STREAM b'IDAT' 78 922
10:50:09,46 PIL.PngImagePlugin DEBUG STREAM b'IHDR' 16 13
10:50:09,46 PIL.PngImagePlugin DEBUG STREAM b'sBIT' 41 4
10:50:09,46 PIL.PngImagePlugin DEBUG b'sBIT' 41 4 (unknown)
10:50:09,46 PIL.PngImagePlugin DEBUG STREAM b'pHYs' 57 9
10:50:09,47 PIL.PngImagePlugin DEBUG STREAM b'IDAT' 78 568
10:50:09,54 PIL.PngImagePlugin DEBUG STREAM b'IHDR' 16 13
10:50:09,55 PIL.PngImagePlugin DEBUG STREAM b'sBIT' 41 4
10:50:09,55 PIL.PngImagePlugin DEBUG b'sBIT' 41 4 (unknown)
10:50:09,55 PIL.PngImagePlugin DEBUG STREAM b'pHYs' 57 9
10:50:09,55 PIL.PngImagePlugin DEBUG STREAM b'IDAT' 78 626
