10:11:16,700 root DEBUG Check that model weights are dtype tf.float64: 	 <dtype: 'float64'>
10:11:16,700 root INFO eps: 1e-06
10:11:16,701 root INFO tol: 1e-06
10:11:16,701 root DEBUG Load dual points from file: ../data/dual_points_cifar10_3x256_64_10_float64.
10:11:16,711 root DEBUG 

=================== Experiment ID #0 	 Dual Point ID: 1 ===================
10:11:16,732 root DEBUG CONTROL: 	 OK! 	 (target neuron output < tolerance: |6.794E-07|<1.000E-06)
10:11:16,732 root DEBUG CONTROL DUAL POINT: Check that target neuron output < tolerance ({tol:.3E}) at x_dual.
10:11:17,70 root DEBUG Side: ON	 Angle(dx0, dx): 5.08 deg 	 Angle(n, nold): 0.00 deg 	 Distance in patch: 4.830E-02 	 Total distance: 4.830E-02 	 Future toggles: 0 	 Past toggles: 1 	 Toggled: [[2, array([227], dtype=int64), array([[False]])]] 	 class: [4 8]
10:11:17,248 root DEBUG Side: ON	 Angle(dx0, dx): 4.33 deg 	 Angle(n, nold): 6.61 deg 	 Distance in patch: 1.587E-02 	 Total distance: 6.417E-02 	 Future toggles: 0 	 Past toggles: 2 	 Toggled: [[1, array([227], dtype=int64), array([[False]])]] 	 class: [4 8]
10:11:17,478 root DEBUG Side: ON	 Angle(dx0, dx): 3.81 deg 	 Angle(n, nold): 0.00 deg 	 Distance in patch: 6.100E-02 	 Total distance: 1.252E-01 	 Future toggles: 1 	 Past toggles: 1 	 Toggled: [[3, array([227], dtype=int64), array([[False]])]] 	 class: [4 8]
10:11:17,844 root DEBUG Side: OFF	 Angle(dx0, dx): 22.35 deg 	 Angle(n, nold): 6.61 deg 	 Distance in patch: 7.127E-02 	 Total distance: 7.127E-02 	 Future toggles: 1 	 Past toggles: 1 	 Toggled: [[5, array([8, 9], dtype=int64), array([[0.],
       [1.]])]] 	 class: [4 9]
10:11:17,844 root DEBUG Check patch-by-patch distances for success (dOFF_patch>dON_patch) and ratio (dOFF_patch/dON_patch):
10:11:17,844 root DEBUG 	 nT= 1  	 success?   False    	 (dON-dOFF)/|dON+dOFF|: -27.44 	 cIDON = [4 8], cIDOFF = [4 8]
10:11:17,844 root DEBUG ===> #(dOFF_patch>dON_patch) = 0/1 = 0.00%
10:11:17,844 root DEBUG dOFF/dON = 0.6
10:11:17,844 root DEBUG {'CHOOSE_DX': 'along_decision_boundary', 'dxONAngle': 72.34934741882788, 'dON1': 0.12517055429828142, 'cIDON1': array([4, 8], dtype=int64), 'dON_patch_1': 0.12517055429828142, 'nTON': 1, 'dON': 0.12517055429828142, 'dxOFFAngle': 69.02626196584217, 'dOFF1': 0.07126749207823463, 'cIDOFF1': array([4, 8], dtype=int64), 'dOFF_patch_1': 0.07126749207823463, 'nTOFF': 1, 'dOFF': 0.07126749207823463, 'SUCCESS': False}
10:11:17,851 root DEBUG 

=================== Experiment ID #1 	 Dual Point ID: 2 ===================
10:11:17,888 root DEBUG CONTROL: 	 OK! 	 (target neuron output < tolerance: |8.648E-07|<1.000E-06)
10:11:17,888 root DEBUG CONTROL DUAL POINT: Check that target neuron output < tolerance ({tol:.3E}) at x_dual.
10:11:18,259 root DEBUG Side: ON	 Angle(dx0, dx): 0.11 deg 	 Angle(n, nold): 0.00 deg 	 Distance in patch: 1.119E-02 	 Total distance: 1.119E-02 	 Future toggles: 0 	 Past toggles: 1 	 Toggled: [[2, array([3], dtype=int64), array([[ True]])]] 	 class: [2 5]
10:11:18,464 root DEBUG Side: ON	 Angle(dx0, dx): 3.63 deg 	 Angle(n, nold): 0.00 deg 	 Distance in patch: 8.564E-03 	 Total distance: 1.975E-02 	 Future toggles: 1 	 Past toggles: 1 	 Toggled: [[3, array([155], dtype=int64), array([[ True]])]] 	 class: [2 5]
10:11:18,811 root DEBUG Side: OFF	 Angle(dx0, dx): 5.06 deg 	 Angle(n, nold): 0.00 deg 	 Distance in patch: 4.874E-02 	 Total distance: 4.874E-02 	 Future toggles: 0 	 Past toggles: 1 	 Toggled: [[2, array([227], dtype=int64), array([[ True]])]] 	 class: [2 5]
10:11:19,12 root DEBUG Side: OFF	 Angle(dx0, dx): 1.04 deg 	 Angle(n, nold): 0.00 deg 	 Distance in patch: 2.975E-03 	 Total distance: 5.172E-02 	 Future toggles: 0 	 Past toggles: 2 	 Toggled: [[2, array([208], dtype=int64), array([[ True]])]] 	 class: [2 5]
10:11:19,244 root DEBUG Side: OFF	 Angle(dx0, dx): 1.31 deg 	 Angle(n, nold): 1.70 deg 	 Distance in patch: 5.014E-02 	 Total distance: 1.019E-01 	 Future toggles: 0 	 Past toggles: 3 	 Toggled: [[1, array([206], dtype=int64), array([[ True]])]] 	 class: [2 5]
10:11:19,389 root DEBUG Side: OFF	 Angle(dx0, dx): 0.19 deg 	 Angle(n, nold): 0.00 deg 	 Distance in patch: 1.013E-02 	 Total distance: 1.120E-01 	 Future toggles: 0 	 Past toggles: 4 	 Toggled: [[2, array([15], dtype=int64), array([[False]])]] 	 class: [2 5]
10:11:19,573 root DEBUG Side: OFF	 Angle(dx0, dx): 1.18 deg 	 Angle(n, nold): 0.00 deg 	 Distance in patch: 1.093E-02 	 Total distance: 1.229E-01 	 Future toggles: 1 	 Past toggles: 1 	 Toggled: [[3, array([173], dtype=int64), array([[ True]])]] 	 class: [2 5]
10:11:19,573 root DEBUG Check patch-by-patch distances for success (dOFF_patch>dON_patch) and ratio (dOFF_patch/dON_patch):
10:11:19,573 root DEBUG 	 nT= 1  	 success?    True    	 (dON-dOFF)/|dON+dOFF|: 72.31 	 cIDON = [2 5], cIDOFF = [2 5]
10:11:19,573 root DEBUG ===> #(dOFF_patch>dON_patch) = 1/1 = 100.00%
10:11:19,573 root DEBUG dOFF/dON = 6.2
10:11:19,573 root DEBUG {'CHOOSE_DX': 'along_decision_boundary', 'dxONAngle': 64.91977929320664, 'dON1': 0.019754939505879587, 'cIDON1': array([2, 5], dtype=int64), 'dON_patch_1': 0.019754939505879587, 'nTON': 1, 'dON': 0.019754939505879587, 'dxOFFAngle': 78.05734818893382, 'dOFF1': 0.12291092989632056, 'cIDOFF1': array([2, 5], dtype=int64), 'dOFF_patch_1': 0.12291092989632056, 'nTOFF': 1, 'dOFF': 0.12291092989632056, 'SUCCESS': True}
10:11:19,580 root DEBUG 

=================== Experiment ID #2 	 Dual Point ID: 3 ===================
10:11:19,616 root DEBUG CONTROL: 	 OK! 	 (target neuron output < tolerance: |1.058E-07|<1.000E-06)
10:11:19,617 root DEBUG CONTROL DUAL POINT: Check that target neuron output < tolerance ({tol:.3E}) at x_dual.
10:11:20,22 root DEBUG Side: ON	 Angle(dx0, dx): 17.47 deg 	 Angle(n, nold): 0.00 deg 	 Distance in patch: 1.146E-02 	 Total distance: 1.146E-02 	 Future toggles: 1 	 Past toggles: 1 	 Toggled: [[4, array([48], dtype=int64), array([[ True]])]] 	 class: [3 6]
10:11:20,385 root DEBUG Side: OFF	 Angle(dx0, dx): 6.67 deg 	 Angle(n, nold): 0.00 deg 	 Distance in patch: 1.159E-02 	 Total distance: 1.159E-02 	 Future toggles: 0 	 Past toggles: 1 	 Toggled: [[2, array([207], dtype=int64), array([[ True]])]] 	 class: [3 6]
10:11:20,612 root DEBUG Side: OFF	 Angle(dx0, dx): 1.34 deg 	 Angle(n, nold): 0.00 deg 	 Distance in patch: 8.387E-02 	 Total distance: 9.546E-02 	 Future toggles: 0 	 Past toggles: 2 	 Toggled: [[2, array([20], dtype=int64), array([[False]])]] 	 class: [3 6]
10:11:20,838 root DEBUG Side: OFF	 Angle(dx0, dx): 2.80 deg 	 Angle(n, nold): 0.00 deg 	 Distance in patch: 5.772E-02 	 Total distance: 1.532E-01 	 Future toggles: 1 	 Past toggles: 1 	 Toggled: [[3, array([8], dtype=int64), array([[ True]])]] 	 class: [3 6]
10:11:20,838 root DEBUG Check patch-by-patch distances for success (dOFF_patch>dON_patch) and ratio (dOFF_patch/dON_patch):
10:11:20,839 root DEBUG 	 nT= 1  	 success?    True    	 (dON-dOFF)/|dON+dOFF|: 86.08 	 cIDON = [3 6], cIDOFF = [3 6]
10:11:20,839 root DEBUG ===> #(dOFF_patch>dON_patch) = 1/1 = 100.00%
10:11:20,839 root DEBUG dOFF/dON = 13.4
10:11:20,839 root DEBUG {'CHOOSE_DX': 'along_decision_boundary', 'dxONAngle': 66.2307968520751, 'dON1': 0.011462644578702802, 'cIDON1': array([3, 6], dtype=int64), 'dON_patch_1': 0.011462644578702802, 'nTON': 1, 'dON': 0.011462644578702802, 'dxOFFAngle': 66.08475999505414, 'dOFF1': 0.1531832308806285, 'cIDOFF1': array([3, 6], dtype=int64), 'dOFF_patch_1': 0.1531832308806285, 'nTOFF': 1, 'dOFF': 0.1531832308806285, 'SUCCESS': True}
10:11:20,848 root DEBUG 

=================== Experiment ID #3 	 Dual Point ID: 4 ===================
10:11:20,879 root DEBUG CONTROL: 	 OK! 	 (target neuron output < tolerance: |2.710E-07|<1.000E-06)
10:11:20,880 root DEBUG CONTROL DUAL POINT: Check that target neuron output < tolerance ({tol:.3E}) at x_dual.
10:11:21,378 root DEBUG Side: ON	 Angle(dx0, dx): 1.11 deg 	 Angle(n, nold): 0.69 deg 	 Distance in patch: 6.303E-02 	 Total distance: 6.303E-02 	 Future toggles: 0 	 Past toggles: 1 	 Toggled: [[1, array([35], dtype=int64), array([[False]])]] 	 class: [3 8]
10:11:21,604 root DEBUG Side: ON	 Angle(dx0, dx): 10.23 deg 	 Angle(n, nold): 0.00 deg 	 Distance in patch: 2.490E-02 	 Total distance: 8.793E-02 	 Future toggles: 1 	 Past toggles: 1 	 Toggled: [[4, array([28], dtype=int64), array([[ True]])]] 	 class: [3 8]
10:11:21,946 root DEBUG Side: OFF	 Angle(dx0, dx): 0.25 deg 	 Angle(n, nold): 0.72 deg 	 Distance in patch: 9.157E-02 	 Total distance: 9.157E-02 	 Future toggles: 0 	 Past toggles: 1 	 Toggled: [[1, array([53], dtype=int64), array([[False]])]] 	 class: [3 8]
10:11:22,175 root DEBUG Side: OFF	 Angle(dx0, dx): 1.88 deg 	 Angle(n, nold): 0.00 deg 	 Distance in patch: 1.347E-01 	 Total distance: 2.262E-01 	 Future toggles: 1 	 Past toggles: 1 	 Toggled: [[4, array([51], dtype=int64), array([[ True]])]] 	 class: [3 8]
10:11:22,175 root DEBUG Check patch-by-patch distances for success (dOFF_patch>dON_patch) and ratio (dOFF_patch/dON_patch):
10:11:22,175 root DEBUG 	 nT= 1  	 success?    True    	 (dON-dOFF)/|dON+dOFF|: 44.02 	 cIDON = [3 8], cIDOFF = [3 8]
10:11:22,175 root DEBUG ===> #(dOFF_patch>dON_patch) = 1/1 = 100.00%
10:11:22,175 root DEBUG dOFF/dON = 2.6
10:11:22,175 root DEBUG {'CHOOSE_DX': 'along_decision_boundary', 'dxONAngle': 86.87105456647191, 'dON1': 0.08793349323467547, 'cIDON1': array([3, 8], dtype=int64), 'dON_patch_1': 0.08793349323467547, 'nTON': 1, 'dON': 0.08793349323467547, 'dxOFFAngle': 84.69358470995955, 'dOFF1': 0.22622143282866386, 'cIDOFF1': array([3, 8], dtype=int64), 'dOFF_patch_1': 0.22622143282866386, 'nTOFF': 1, 'dOFF': 0.22622143282866386, 'SUCCESS': True}
10:11:22,182 root DEBUG 

=================== Experiment ID #4 	 Dual Point ID: 5 ===================
10:11:22,219 root DEBUG CONTROL: 	 OK! 	 (target neuron output < tolerance: |2.057E-07|<1.000E-06)
10:11:22,219 root DEBUG CONTROL DUAL POINT: Check that target neuron output < tolerance ({tol:.3E}) at x_dual.
10:11:22,606 root DEBUG Side: ON	 Angle(dx0, dx): 0.30 deg 	 Angle(n, nold): 0.00 deg 	 Distance in patch: 1.012E-02 	 Total distance: 1.012E-02 	 Future toggles: 0 	 Past toggles: 1 	 Toggled: [[2, array([212], dtype=int64), array([[False]])]] 	 class: [2 6]
10:11:22,878 root DEBUG Side: ON	 Angle(dx0, dx): 8.01 deg 	 Angle(n, nold): 7.61 deg 	 Distance in patch: 2.821E-02 	 Total distance: 3.833E-02 	 Future toggles: 0 	 Past toggles: 2 	 Toggled: [[1, array([243], dtype=int64), array([[False]])]] 	 class: [2 6]
10:11:23,134 root DEBUG Side: ON	 Angle(dx0, dx): 5.40 deg 	 Angle(n, nold): 0.00 deg 	 Distance in patch: 4.537E-02 	 Total distance: 8.370E-02 	 Future toggles: 1 	 Past toggles: 1 	 Toggled: [[4, array([17], dtype=int64), array([[False]])]] 	 class: [2 6]
10:11:23,537 root DEBUG Side: OFF	 Angle(dx0, dx): 2.84 deg 	 Angle(n, nold): 7.61 deg 	 Distance in patch: 5.070E-04 	 Total distance: 5.070E-04 	 Future toggles: 1 	 Past toggles: 1 	 Toggled: [[3, array([158], dtype=int64), array([[ True]])]] 	 class: [2 6]
10:11:23,537 root DEBUG Check patch-by-patch distances for success (dOFF_patch>dON_patch) and ratio (dOFF_patch/dON_patch):
10:11:23,537 root DEBUG 	 nT= 1  	 success?   False    	 (dON-dOFF)/|dON+dOFF|: -98.80 	 cIDON = [2 6], cIDOFF = [2 6]
10:11:23,537 root DEBUG ===> #(dOFF_patch>dON_patch) = 0/1 = 0.00%
10:11:23,537 root DEBUG dOFF/dON = 0.0
10:11:23,537 root DEBUG {'CHOOSE_DX': 'along_decision_boundary', 'dxONAngle': 88.50614199542157, 'dON1': 0.08370449546311022, 'cIDON1': array([2, 6], dtype=int64), 'dON_patch_1': 0.08370449546311022, 'nTON': 1, 'dON': 0.08370449546311022, 'dxOFFAngle': 82.55504812373447, 'dOFF1': 0.0005070339920882622, 'cIDOFF1': array([2, 6], dtype=int64), 'dOFF_patch_1': 0.0005070339920882622, 'nTOFF': 1, 'dOFF': 0.0005070339920882622, 'SUCCESS': False}
10:11:23,543 root DEBUG 

=================== Experiment ID #5 	 Dual Point ID: 6 ===================
10:11:23,564 root DEBUG CONTROL: 	 OK! 	 (target neuron output < tolerance: |4.538E-07|<1.000E-06)
10:11:23,564 root DEBUG CONTROL DUAL POINT: Check that target neuron output < tolerance ({tol:.3E}) at x_dual.
10:11:23,947 root DEBUG Side: ON	 Angle(dx0, dx): 0.92 deg 	 Angle(n, nold): 0.00 deg 	 Distance in patch: 8.738E-02 	 Total distance: 8.738E-02 	 Future toggles: 1 	 Past toggles: 1 	 Toggled: [[3, array([250], dtype=int64), array([[False]])]] 	 class: [3 5]
10:11:24,380 root DEBUG Side: OFF	 Angle(dx0, dx): 3.75 deg 	 Angle(n, nold): 0.00 deg 	 Distance in patch: 1.021E-01 	 Total distance: 1.021E-01 	 Future toggles: 1 	 Past toggles: 1 	 Toggled: [[3, array([191], dtype=int64), array([[False]])]] 	 class: [3 5]
10:11:24,380 root DEBUG Check patch-by-patch distances for success (dOFF_patch>dON_patch) and ratio (dOFF_patch/dON_patch):
10:11:24,381 root DEBUG 	 nT= 1  	 success?    True    	 (dON-dOFF)/|dON+dOFF|: 7.77 	 cIDON = [3 5], cIDOFF = [3 5]
10:11:24,381 root DEBUG ===> #(dOFF_patch>dON_patch) = 1/1 = 100.00%
10:11:24,381 root DEBUG dOFF/dON = 1.2
10:11:24,381 root DEBUG {'CHOOSE_DX': 'along_decision_boundary', 'dxONAngle': 71.57115763791603, 'dON1': 0.08738330085827582, 'cIDON1': array([3, 5], dtype=int64), 'dON_patch_1': 0.08738330085827582, 'nTON': 1, 'dON': 0.08738330085827582, 'dxOFFAngle': 75.74451288293842, 'dOFF1': 0.10210853399631294, 'cIDOFF1': array([3, 5], dtype=int64), 'dOFF_patch_1': 0.10210853399631294, 'nTOFF': 1, 'dOFF': 0.10210853399631294, 'SUCCESS': True}
10:11:24,387 root DEBUG 

=================== Experiment ID #6 	 Dual Point ID: 7 ===================
10:11:24,426 root DEBUG CONTROL: 	 WARNING! 	 (target neuron output > tolerance: |1.629E-06|>1.000E-06)
10:11:24,427 root DEBUG CONTROL DUAL POINT: Check that target neuron output < tolerance ({tol:.3E}) at x_dual.
10:11:24,427 root DEBUG CONTROL DUAL POINT: Check that target neuron output < tolerance ({tol:.3E}) at x_dual.
10:11:24,427 root DEBUG 

=================== Experiment ID #6 	 Dual Point ID: 8 ===================
10:11:24,458 root DEBUG CONTROL: 	 OK! 	 (target neuron output < tolerance: |4.575E-07|<1.000E-06)
10:11:24,459 root DEBUG CONTROL DUAL POINT: Check that target neuron output < tolerance ({tol:.3E}) at x_dual.
10:11:24,805 root DEBUG Side: ON	 Angle(dx0, dx): 6.52 deg 	 Angle(n, nold): 0.00 deg 	 Distance in patch: 1.854E-02 	 Total distance: 1.854E-02 	 Future toggles: 1 	 Past toggles: 1 	 Toggled: [[3, array([121], dtype=int64), array([[ True]])]] 	 class: [3 5]
10:11:25,222 root DEBUG Side: OFF	 Angle(dx0, dx): 5.81 deg 	 Angle(n, nold): 0.00 deg 	 Distance in patch: 1.235E-01 	 Total distance: 1.235E-01 	 Future toggles: 1 	 Past toggles: 1 	 Toggled: [[3, array([1], dtype=int64), array([[False]])]] 	 class: [3 5]
10:11:25,223 root DEBUG Check patch-by-patch distances for success (dOFF_patch>dON_patch) and ratio (dOFF_patch/dON_patch):
10:11:25,223 root DEBUG 	 nT= 1  	 success?    True    	 (dON-dOFF)/|dON+dOFF|: 73.89 	 cIDON = [3 5], cIDOFF = [3 5]
10:11:25,223 root DEBUG ===> #(dOFF_patch>dON_patch) = 1/1 = 100.00%
10:11:25,223 root DEBUG dOFF/dON = 6.7
10:11:25,223 root DEBUG {'CHOOSE_DX': 'along_decision_boundary', 'dxONAngle': 84.42928132643435, 'dON1': 0.01854038880694881, 'cIDON1': array([3, 5], dtype=int64), 'dON_patch_1': 0.01854038880694881, 'nTON': 1, 'dON': 0.01854038880694881, 'dxOFFAngle': 86.0254152710102, 'dOFF1': 0.12346571616844917, 'cIDOFF1': array([3, 5], dtype=int64), 'dOFF_patch_1': 0.12346571616844917, 'nTOFF': 1, 'dOFF': 0.12346571616844917, 'SUCCESS': True}
10:11:25,230 root DEBUG 

=================== Experiment ID #7 	 Dual Point ID: 9 ===================
10:11:25,250 root DEBUG CONTROL: 	 WARNING! 	 (target neuron output > tolerance: |2.340E-06|>1.000E-06)
10:11:25,251 root DEBUG CONTROL DUAL POINT: Check that target neuron output < tolerance ({tol:.3E}) at x_dual.
10:11:25,251 root DEBUG CONTROL DUAL POINT: Check that target neuron output < tolerance ({tol:.3E}) at x_dual.
10:11:25,251 root DEBUG 

=================== Experiment ID #7 	 Dual Point ID: 10 ===================
10:11:25,281 root DEBUG CONTROL: 	 OK! 	 (target neuron output < tolerance: |3.565E-07|<1.000E-06)
10:11:25,282 root DEBUG CONTROL DUAL POINT: Check that target neuron output < tolerance ({tol:.3E}) at x_dual.
10:11:25,730 root DEBUG Side: ON	 Angle(dx0, dx): 6.62 deg 	 Angle(n, nold): 0.00 deg 	 Distance in patch: 7.051E-02 	 Total distance: 7.051E-02 	 Future toggles: 1 	 Past toggles: 1 	 Toggled: [[3, array([50], dtype=int64), array([[ True]])]] 	 class: [4 8]
10:11:26,202 root DEBUG Side: OFF	 Angle(dx0, dx): 16.90 deg 	 Angle(n, nold): 0.00 deg 	 Distance in patch: 1.425E-02 	 Total distance: 1.425E-02 	 Future toggles: 1 	 Past toggles: 1 	 Toggled: [[4, array([23], dtype=int64), array([[ True]])]] 	 class: [4 8]
10:11:26,202 root DEBUG Check patch-by-patch distances for success (dOFF_patch>dON_patch) and ratio (dOFF_patch/dON_patch):
10:11:26,202 root DEBUG 	 nT= 1  	 success?   False    	 (dON-dOFF)/|dON+dOFF|: -66.38 	 cIDON = [4 8], cIDOFF = [4 8]
10:11:26,202 root DEBUG ===> #(dOFF_patch>dON_patch) = 0/1 = 0.00%
10:11:26,202 root DEBUG dOFF/dON = 0.2
10:11:26,202 root DEBUG {'CHOOSE_DX': 'along_decision_boundary', 'dxONAngle': 87.08725154006298, 'dON1': 0.07050503595392835, 'cIDON1': array([4, 8], dtype=int64), 'dON_patch_1': 0.07050503595392835, 'nTON': 1, 'dON': 0.07050503595392835, 'dxOFFAngle': 79.57612559177242, 'dOFF1': 0.014247839282487292, 'cIDOFF1': array([4, 8], dtype=int64), 'dOFF_patch_1': 0.014247839282487292, 'nTOFF': 1, 'dOFF': 0.014247839282487292, 'SUCCESS': False}
10:11:26,209 root DEBUG 

=================== Experiment ID #8 	 Dual Point ID: 11 ===================
10:11:26,242 root DEBUG CONTROL: 	 OK! 	 (target neuron output < tolerance: |4.611E-07|<1.000E-06)
10:11:26,242 root DEBUG CONTROL DUAL POINT: Check that target neuron output < tolerance ({tol:.3E}) at x_dual.
10:11:26,525 root DEBUG Side: ON	 Angle(dx0, dx): 19.68 deg 	 Angle(n, nold): 11.45 deg 	 Distance in patch: 4.821E-03 	 Total distance: 4.821E-03 	 Future toggles: 0 	 Past toggles: 1 	 Toggled: [[1, array([30], dtype=int64), array([[ True]])]] 	 class: [2 9]
10:11:26,766 root DEBUG Side: ON	 Angle(dx0, dx): 5.32 deg 	 Angle(n, nold): 0.00 deg 	 Distance in patch: 1.038E-02 	 Total distance: 1.520E-02 	 Future toggles: 1 	 Past toggles: 1 	 Toggled: [[4, array([20], dtype=int64), array([[False]])]] 	 class: [2 9]
10:11:27,181 root DEBUG Side: OFF	 Angle(dx0, dx): 2.20 deg 	 Angle(n, nold): 11.45 deg 	 Distance in patch: 2.126E-02 	 Total distance: 2.126E-02 	 Future toggles: 0 	 Past toggles: 1 	 Toggled: [[2, array([200], dtype=int64), array([[False]])]] 	 class: [2 9]
10:11:27,392 root DEBUG Side: OFF	 Angle(dx0, dx): 3.15 deg 	 Angle(n, nold): 0.00 deg 	 Distance in patch: 2.669E-02 	 Total distance: 4.795E-02 	 Future toggles: 1 	 Past toggles: 1 	 Toggled: [[4, array([20], dtype=int64), array([[False]])]] 	 class: [2 9]
10:11:27,392 root DEBUG Check patch-by-patch distances for success (dOFF_patch>dON_patch) and ratio (dOFF_patch/dON_patch):
10:11:27,392 root DEBUG 	 nT= 1  	 success?    True    	 (dON-dOFF)/|dON+dOFF|: 51.86 	 cIDON = [2 9], cIDOFF = [2 9]
10:11:27,392 root DEBUG ===> #(dOFF_patch>dON_patch) = 1/1 = 100.00%
10:11:27,392 root DEBUG dOFF/dON = 3.2
10:11:27,392 root DEBUG {'CHOOSE_DX': 'along_decision_boundary', 'dxONAngle': 66.87836763885406, 'dON1': 0.01519885835071691, 'cIDON1': array([2, 9], dtype=int64), 'dON_patch_1': 0.01519885835071691, 'nTON': 1, 'dON': 0.01519885835071691, 'dxOFFAngle': 70.76389144459668, 'dOFF1': 0.04794722913739545, 'cIDOFF1': array([2, 9], dtype=int64), 'dOFF_patch_1': 0.04794722913739545, 'nTOFF': 1, 'dOFF': 0.04794722913739545, 'SUCCESS': True}
10:11:27,403 root DEBUG 

=================== Experiment ID #9 	 Dual Point ID: 12 ===================
10:11:27,434 root DEBUG CONTROL: 	 WARNING! 	 (target neuron output > tolerance: |1.111E-06|>1.000E-06)
10:11:27,434 root DEBUG CONTROL DUAL POINT: Check that target neuron output < tolerance ({tol:.3E}) at x_dual.
10:11:27,435 root DEBUG CONTROL DUAL POINT: Check that target neuron output < tolerance ({tol:.3E}) at x_dual.
10:11:27,435 root DEBUG 

=================== Experiment ID #9 	 Dual Point ID: 13 ===================
10:11:27,476 root DEBUG CONTROL: 	 OK! 	 (target neuron output < tolerance: |8.027E-07|<1.000E-06)
10:11:27,477 root DEBUG CONTROL DUAL POINT: Check that target neuron output < tolerance ({tol:.3E}) at x_dual.
10:11:27,890 root DEBUG Side: ON	 Angle(dx0, dx): 1.79 deg 	 Angle(n, nold): 0.00 deg 	 Distance in patch: 1.848E-03 	 Total distance: 1.848E-03 	 Future toggles: 1 	 Past toggles: 1 	 Toggled: [[3, array([199], dtype=int64), array([[False]])]] 	 class: [8 9]
10:11:28,231 root DEBUG Side: OFF	 Angle(dx0, dx): 2.80 deg 	 Angle(n, nold): 0.00 deg 	 Distance in patch: 2.543E-02 	 Total distance: 2.543E-02 	 Future toggles: 1 	 Past toggles: 1 	 Toggled: [[4, array([6], dtype=int64), array([[ True]])]] 	 class: [8 9]
10:11:28,231 root DEBUG Check patch-by-patch distances for success (dOFF_patch>dON_patch) and ratio (dOFF_patch/dON_patch):
10:11:28,231 root DEBUG 	 nT= 1  	 success?    True    	 (dON-dOFF)/|dON+dOFF|: 86.45 	 cIDON = [8 9], cIDOFF = [8 9]
10:11:28,231 root DEBUG ===> #(dOFF_patch>dON_patch) = 1/1 = 100.00%
10:11:28,231 root DEBUG dOFF/dON = 13.8
10:11:28,231 root DEBUG {'CHOOSE_DX': 'along_decision_boundary', 'dxONAngle': 69.13254063811605, 'dON1': 0.0018481922191483013, 'cIDON1': array([8, 9], dtype=int64), 'dON_patch_1': 0.0018481922191483013, 'nTON': 1, 'dON': 0.0018481922191483013, 'dxOFFAngle': 72.33693697508173, 'dOFF1': 0.02543154526195251, 'cIDOFF1': array([8, 9], dtype=int64), 'dOFF_patch_1': 0.02543154526195251, 'nTOFF': 1, 'dOFF': 0.02543154526195251, 'SUCCESS': True}
10:11:28,237 root DEBUG 

=================== Experiment ID #10 	 Dual Point ID: 14 ===================
10:11:28,256 root DEBUG CONTROL: 	 OK! 	 (target neuron output < tolerance: |9.558E-08|<1.000E-06)
10:11:28,256 root DEBUG CONTROL DUAL POINT: Check that target neuron output < tolerance ({tol:.3E}) at x_dual.
10:11:28,595 root DEBUG Side: ON	 Angle(dx0, dx): 0.41 deg 	 Angle(n, nold): 0.02 deg 	 Distance in patch: 3.204E-03 	 Total distance: 3.204E-03 	 Future toggles: 0 	 Past toggles: 1 	 Toggled: [[1, array([46], dtype=int64), array([[ True]])]] 	 class: [2 7]
10:11:28,896 root DEBUG Side: ON	 Angle(dx0, dx): 28.91 deg 	 Angle(n, nold): 0.00 deg 	 Distance in patch: 6.873E-02 	 Total distance: 7.193E-02 	 Future toggles: 1 	 Past toggles: 1 	 Toggled: [[4, array([29], dtype=int64), array([[ True]])]] 	 class: [2 7]
10:11:29,296 root DEBUG Side: OFF	 Angle(dx0, dx): 5.65 deg 	 Angle(n, nold): 0.02 deg 	 Distance in patch: 2.558E-03 	 Total distance: 2.558E-03 	 Future toggles: 1 	 Past toggles: 1 	 Toggled: [[3, array([120], dtype=int64), array([[ True]])]] 	 class: [2 7]
10:11:29,297 root DEBUG Check patch-by-patch distances for success (dOFF_patch>dON_patch) and ratio (dOFF_patch/dON_patch):
10:11:29,297 root DEBUG 	 nT= 1  	 success?   False    	 (dON-dOFF)/|dON+dOFF|: -93.13 	 cIDON = [2 7], cIDOFF = [2 7]
10:11:29,297 root DEBUG ===> #(dOFF_patch>dON_patch) = 0/1 = 0.00%
10:11:29,297 root DEBUG dOFF/dON = 0.0
10:11:29,297 root DEBUG {'CHOOSE_DX': 'along_decision_boundary', 'dxONAngle': 47.599942480662065, 'dON1': 0.07193145001749429, 'cIDON1': array([2, 7], dtype=int64), 'dON_patch_1': 0.07193145001749429, 'nTON': 1, 'dON': 0.07193145001749429, 'dxOFFAngle': 63.06076258721562, 'dOFF1': 0.0025583788898831893, 'cIDOFF1': array([2, 7], dtype=int64), 'dOFF_patch_1': 0.0025583788898831893, 'nTOFF': 1, 'dOFF': 0.0025583788898831893, 'SUCCESS': False}
10:11:29,310 root DEBUG 

=================== Experiment ID #11 	 Dual Point ID: 15 ===================
10:11:29,328 root DEBUG CONTROL: 	 OK! 	 (target neuron output < tolerance: |5.606E-07|<1.000E-06)
10:11:29,328 root DEBUG CONTROL DUAL POINT: Check that target neuron output < tolerance ({tol:.3E}) at x_dual.
10:11:29,735 root DEBUG Side: ON	 Angle(dx0, dx): 1.34 deg 	 Angle(n, nold): 0.00 deg 	 Distance in patch: 4.252E-02 	 Total distance: 4.252E-02 	 Future toggles: 0 	 Past toggles: 1 	 Toggled: [[2, array([240], dtype=int64), array([[ True]])]] 	 class: [5 7]
10:11:29,944 root DEBUG Side: ON	 Angle(dx0, dx): 0.62 deg 	 Angle(n, nold): 0.00 deg 	 Distance in patch: 4.005E-02 	 Total distance: 8.257E-02 	 Future toggles: 1 	 Past toggles: 1 	 Toggled: [[4, array([18], dtype=int64), array([[ True]])]] 	 class: [5 7]
10:11:30,301 root DEBUG Side: OFF	 Angle(dx0, dx): 0.31 deg 	 Angle(n, nold): 0.00 deg 	 Distance in patch: 4.848E-01 	 Total distance: 4.848E-01 	 Future toggles: 1 	 Past toggles: 1 	 Toggled: [[3, array([74], dtype=int64), array([[False]])]] 	 class: [5 7]
10:11:30,301 root DEBUG Check patch-by-patch distances for success (dOFF_patch>dON_patch) and ratio (dOFF_patch/dON_patch):
10:11:30,302 root DEBUG 	 nT= 1  	 success?    True    	 (dON-dOFF)/|dON+dOFF|: 70.89 	 cIDON = [5 7], cIDOFF = [5 7]
10:11:30,302 root DEBUG ===> #(dOFF_patch>dON_patch) = 1/1 = 100.00%
10:11:30,302 root DEBUG dOFF/dON = 5.9
10:11:30,302 root DEBUG {'CHOOSE_DX': 'along_decision_boundary', 'dxONAngle': 86.09971503262612, 'dON1': 0.08257391503777647, 'cIDON1': array([5, 7], dtype=int64), 'dON_patch_1': 0.08257391503777647, 'nTON': 1, 'dON': 0.08257391503777647, 'dxOFFAngle': 89.4789360284539, 'dOFF1': 0.4847583002538716, 'cIDOFF1': array([5, 7], dtype=int64), 'dOFF_patch_1': 0.4847583002538716, 'nTOFF': 1, 'dOFF': 0.4847583002538716, 'SUCCESS': True}
10:11:30,308 root DEBUG 

=================== Experiment ID #12 	 Dual Point ID: 16 ===================
10:11:30,333 root DEBUG CONTROL: 	 OK! 	 (target neuron output < tolerance: |6.432E-07|<1.000E-06)
10:11:30,334 root DEBUG CONTROL DUAL POINT: Check that target neuron output < tolerance ({tol:.3E}) at x_dual.
10:11:30,645 root DEBUG Side: ON	 Angle(dx0, dx): 0.01 deg 	 Angle(n, nold): 0.00 deg 	 Distance in patch: 4.538E-02 	 Total distance: 4.538E-02 	 Future toggles: 1 	 Past toggles: 1 	 Toggled: [[4, array([32], dtype=int64), array([[False]])]] 	 class: [2 4]
10:11:31,49 root DEBUG Side: OFF	 Angle(dx0, dx): 3.07 deg 	 Angle(n, nold): 3.47 deg 	 Distance in patch: 3.365E-02 	 Total distance: 3.365E-02 	 Future toggles: 0 	 Past toggles: 1 	 Toggled: [[1, array([134], dtype=int64), array([[False]])]] 	 class: [2 4]
10:11:31,212 root DEBUG Side: OFF	 Angle(dx0, dx): 1.47 deg 	 Angle(n, nold): 0.00 deg 	 Distance in patch: 4.690E-02 	 Total distance: 8.055E-02 	 Future toggles: 0 	 Past toggles: 2 	 Toggled: [[2, array([128], dtype=int64), array([[False]])]] 	 class: [2 4]
10:11:31,438 root DEBUG Side: OFF	 Angle(dx0, dx): 0.01 deg 	 Angle(n, nold): 0.00 deg 	 Distance in patch: 3.214E-02 	 Total distance: 1.127E-01 	 Future toggles: 1 	 Past toggles: 1 	 Toggled: [[4, array([32], dtype=int64), array([[False]])]] 	 class: [2 4]
10:11:31,438 root DEBUG Check patch-by-patch distances for success (dOFF_patch>dON_patch) and ratio (dOFF_patch/dON_patch):
10:11:31,439 root DEBUG 	 nT= 1  	 success?    True    	 (dON-dOFF)/|dON+dOFF|: 42.58 	 cIDON = [2 4], cIDOFF = [2 4]
10:11:31,439 root DEBUG ===> #(dOFF_patch>dON_patch) = 1/1 = 100.00%
10:11:31,439 root DEBUG dOFF/dON = 2.5
10:11:31,439 root DEBUG {'CHOOSE_DX': 'along_decision_boundary', 'dxONAngle': 74.52233417205122, 'dON1': 0.04537660279475367, 'cIDON1': array([2, 4], dtype=int64), 'dON_patch_1': 0.04537660279475367, 'nTON': 1, 'dON': 0.04537660279475367, 'dxOFFAngle': 74.17093410195528, 'dOFF1': 0.11268620308657479, 'cIDOFF1': array([2, 4], dtype=int64), 'dOFF_patch_1': 0.11268620308657479, 'nTOFF': 1, 'dOFF': 0.11268620308657479, 'SUCCESS': True}
10:11:31,446 root DEBUG 

=================== Experiment ID #13 	 Dual Point ID: 17 ===================
10:11:31,470 root DEBUG CONTROL: 	 OK! 	 (target neuron output < tolerance: |1.590E-07|<1.000E-06)
10:11:31,471 root DEBUG CONTROL DUAL POINT: Check that target neuron output < tolerance ({tol:.3E}) at x_dual.
10:11:31,931 root DEBUG Side: ON	 Angle(dx0, dx): 2.63 deg 	 Angle(n, nold): 0.00 deg 	 Distance in patch: 4.219E-04 	 Total distance: 4.219E-04 	 Future toggles: 0 	 Past toggles: 1 	 Toggled: [[2, array([168], dtype=int64), array([[False]])]] 	 class: [5 7]
10:11:32,172 root DEBUG Side: ON	 Angle(dx0, dx): 4.67 deg 	 Angle(n, nold): 0.00 deg 	 Distance in patch: 1.325E-02 	 Total distance: 1.368E-02 	 Future toggles: 0 	 Past toggles: 2 	 Toggled: [[2, array([11], dtype=int64), array([[False]])]] 	 class: [5 7]
10:11:32,422 root DEBUG Side: ON	 Angle(dx0, dx): 1.31 deg 	 Angle(n, nold): 0.00 deg 	 Distance in patch: 7.729E-02 	 Total distance: 9.097E-02 	 Future toggles: 1 	 Past toggles: 1 	 Toggled: [[3, array([37], dtype=int64), array([[False]])]] 	 class: [5 7]
10:11:32,836 root DEBUG Side: OFF	 Angle(dx0, dx): 0.19 deg 	 Angle(n, nold): 0.00 deg 	 Distance in patch: 3.245E-02 	 Total distance: 3.245E-02 	 Future toggles: 0 	 Past toggles: 1 	 Toggled: [[2, array([78], dtype=int64), array([[ True]])]] 	 class: [5 7]
10:11:33,59 root DEBUG Side: OFF	 Angle(dx0, dx): 0.68 deg 	 Angle(n, nold): 0.00 deg 	 Distance in patch: 2.019E-01 	 Total distance: 2.343E-01 	 Future toggles: 0 	 Past toggles: 2 	 Toggled: [[2, array([220], dtype=int64), array([[ True]])]] 	 class: [5 7]
10:11:33,308 root DEBUG Side: OFF	 Angle(dx0, dx): 1.65 deg 	 Angle(n, nold): 0.00 deg 	 Distance in patch: 5.343E-03 	 Total distance: 2.397E-01 	 Future toggles: 1 	 Past toggles: 1 	 Toggled: [[3, array([57], dtype=int64), array([[False]])]] 	 class: [5 7]
10:11:33,308 root DEBUG Check patch-by-patch distances for success (dOFF_patch>dON_patch) and ratio (dOFF_patch/dON_patch):
10:11:33,308 root DEBUG 	 nT= 1  	 success?    True    	 (dON-dOFF)/|dON+dOFF|: 44.97 	 cIDON = [5 7], cIDOFF = [5 7]
10:11:33,308 root DEBUG ===> #(dOFF_patch>dON_patch) = 1/1 = 100.00%
10:11:33,308 root DEBUG dOFF/dON = 2.6
10:11:33,308 root DEBUG {'CHOOSE_DX': 'along_decision_boundary', 'dxONAngle': 87.22546460904503, 'dON1': 0.09096735166030782, 'cIDON1': array([5, 7], dtype=int64), 'dON_patch_1': 0.09096735166030782, 'nTON': 1, 'dON': 0.09096735166030782, 'dxOFFAngle': 81.13871136008372, 'dOFF1': 0.2396595264145057, 'cIDOFF1': array([5, 7], dtype=int64), 'dOFF_patch_1': 0.2396595264145057, 'nTOFF': 1, 'dOFF': 0.2396595264145057, 'SUCCESS': True}
10:11:33,314 root DEBUG 

=================== Experiment ID #14 	 Dual Point ID: 18 ===================
10:11:33,351 root DEBUG CONTROL: 	 OK! 	 (target neuron output < tolerance: |5.748E-07|<1.000E-06)
10:11:33,351 root DEBUG CONTROL DUAL POINT: Check that target neuron output < tolerance ({tol:.3E}) at x_dual.
10:11:33,736 root DEBUG Side: ON	 Angle(dx0, dx): 5.38 deg 	 Angle(n, nold): 5.48 deg 	 Distance in patch: 1.277E-02 	 Total distance: 1.277E-02 	 Future toggles: 0 	 Past toggles: 1 	 Toggled: [[1, array([189], dtype=int64), array([[False]])]] 	 class: [2 7]
10:11:34,11 root DEBUG Side: ON	 Angle(dx0, dx): 0.64 deg 	 Angle(n, nold): 0.00 deg 	 Distance in patch: 1.018E-01 	 Total distance: 1.146E-01 	 Future toggles: 1 	 Past toggles: 1 	 Toggled: [[3, array([143], dtype=int64), array([[False]])]] 	 class: [2 7]
10:11:34,462 root DEBUG Side: OFF	 Angle(dx0, dx): 5.64 deg 	 Angle(n, nold): 5.48 deg 	 Distance in patch: 1.409E-02 	 Total distance: 1.409E-02 	 Future toggles: 0 	 Past toggles: 1 	 Toggled: [[2, array([16], dtype=int64), array([[ True]])]] 	 class: [2 7]
10:11:34,711 root DEBUG Side: OFF	 Angle(dx0, dx): 0.31 deg 	 Angle(n, nold): 0.00 deg 	 Distance in patch: 4.746E-04 	 Total distance: 1.456E-02 	 Future toggles: 1 	 Past toggles: 1 	 Toggled: [[3, array([176], dtype=int64), array([[ True]])]] 	 class: [2 7]
10:11:34,711 root DEBUG Check patch-by-patch distances for success (dOFF_patch>dON_patch) and ratio (dOFF_patch/dON_patch):
10:11:34,711 root DEBUG 	 nT= 1  	 success?   False    	 (dON-dOFF)/|dON+dOFF|: -77.45 	 cIDON = [2 7], cIDOFF = [2 7]
10:11:34,711 root DEBUG ===> #(dOFF_patch>dON_patch) = 0/1 = 0.00%
10:11:34,712 root DEBUG dOFF/dON = 0.1
10:11:34,712 root DEBUG {'CHOOSE_DX': 'along_decision_boundary', 'dxONAngle': 83.57722562004294, 'dON1': 0.1145902433216843, 'cIDON1': array([2, 7], dtype=int64), 'dON_patch_1': 0.1145902433216843, 'nTON': 1, 'dON': 0.1145902433216843, 'dxOFFAngle': 71.58973396189926, 'dOFF1': 0.014564648975557043, 'cIDOFF1': array([2, 7], dtype=int64), 'dOFF_patch_1': 0.014564648975557043, 'nTOFF': 1, 'dOFF': 0.014564648975557043, 'SUCCESS': False}
10:11:34,720 root DEBUG 

=================== Experiment ID #15 	 Dual Point ID: 19 ===================
10:11:34,755 root DEBUG CONTROL: 	 OK! 	 (target neuron output < tolerance: |9.460E-07|<1.000E-06)
10:11:34,755 root DEBUG CONTROL DUAL POINT: Check that target neuron output < tolerance ({tol:.3E}) at x_dual.
10:11:35,187 root DEBUG Side: ON	 Angle(dx0, dx): 1.06 deg 	 Angle(n, nold): 0.00 deg 	 Distance in patch: 9.685E-03 	 Total distance: 9.685E-03 	 Future toggles: 0 	 Past toggles: 1 	 Toggled: [[2, array([135], dtype=int64), array([[False]])]] 	 class: [4 9]
10:11:35,478 root DEBUG Side: ON	 Angle(dx0, dx): 14.90 deg 	 Angle(n, nold): 14.77 deg 	 Distance in patch: 6.250E-02 	 Total distance: 7.219E-02 	 Future toggles: 0 	 Past toggles: 2 	 Toggled: [[1, array([110], dtype=int64), array([[False]])]] 	 class: [4 9]
10:11:35,655 root DEBUG Side: ON	 Angle(dx0, dx): 14.90 deg 	 Angle(n, nold): 14.77 deg 	 Distance in patch: 3.114E-07 	 Total distance: 7.219E-02 	 Future toggles: 0 	 Past toggles: 2 	 Toggled: [[1, array([110], dtype=int64), array([[ True]])]] 	 class: [4 9]
10:11:35,796 root DEBUG Side: ON	 Angle(dx0, dx): 14.90 deg 	 Angle(n, nold): 14.77 deg 	 Distance in patch: 1.559E-07 	 Total distance: 7.219E-02 	 Future toggles: 0 	 Past toggles: 2 	 Toggled: [[1, array([110], dtype=int64), array([[False]])]] 	 class: [4 9]
10:11:35,962 root DEBUG Side: ON	 Angle(dx0, dx): 14.90 deg 	 Angle(n, nold): 14.77 deg 	 Distance in patch: 7.785E-08 	 Total distance: 7.219E-02 	 Future toggles: 0 	 Past toggles: 2 	 Toggled: [[1, array([110], dtype=int64), array([[ True]])]] 	 class: [4 9]
10:11:35,969 root DEBUG Got stuck in too many past-layer relus.
10:11:36,124 root DEBUG DISCARD POINT! No toggles were recorded successfully: results['nTON']=0, results['nTOFF']=0.
10:11:36,124 root DEBUG DISCARD POINT! No toggles were recorded successfully: results['nTON']=0, results['nTOFF']=0.
10:11:36,125 root DEBUG 

=================== Experiment ID #15 	 Dual Point ID: 20 ===================
10:11:36,154 root DEBUG CONTROL: 	 OK! 	 (target neuron output < tolerance: |2.040E-07|<1.000E-06)
10:11:36,155 root DEBUG CONTROL DUAL POINT: Check that target neuron output < tolerance ({tol:.3E}) at x_dual.
10:11:36,567 root DEBUG Side: ON	 Angle(dx0, dx): 9.08 deg 	 Angle(n, nold): 0.62 deg 	 Distance in patch: 2.243E-02 	 Total distance: 2.243E-02 	 Future toggles: 0 	 Past toggles: 1 	 Toggled: [[1, array([35], dtype=int64), array([[False]])]] 	 class: [5 7]
10:11:36,793 root DEBUG Side: ON	 Angle(dx0, dx): 7.05 deg 	 Angle(n, nold): 0.00 deg 	 Distance in patch: 4.688E-02 	 Total distance: 6.930E-02 	 Future toggles: 1 	 Past toggles: 1 	 Toggled: [[4, array([33], dtype=int64), array([[False]])]] 	 class: [5 7]
10:11:37,269 root DEBUG Side: OFF	 Angle(dx0, dx): 1.09 deg 	 Angle(n, nold): 3.28 deg 	 Distance in patch: 8.130E-02 	 Total distance: 8.130E-02 	 Future toggles: 0 	 Past toggles: 1 	 Toggled: [[1, array([212], dtype=int64), array([[ True]])]] 	 class: [5 7]
10:11:37,523 root DEBUG Side: OFF	 Angle(dx0, dx): 3.67 deg 	 Angle(n, nold): 0.00 deg 	 Distance in patch: 4.039E-02 	 Total distance: 1.217E-01 	 Future toggles: 1 	 Past toggles: 1 	 Toggled: [[4, array([59], dtype=int64), array([[ True]])]] 	 class: [5 7]
10:11:37,524 root DEBUG Check patch-by-patch distances for success (dOFF_patch>dON_patch) and ratio (dOFF_patch/dON_patch):
10:11:37,524 root DEBUG 	 nT= 1  	 success?    True    	 (dON-dOFF)/|dON+dOFF|: 27.43 	 cIDON = [5 7], cIDOFF = [5 7]
10:11:37,524 root DEBUG ===> #(dOFF_patch>dON_patch) = 1/1 = 100.00%
10:11:37,524 root DEBUG dOFF/dON = 1.8
10:11:37,524 root DEBUG {'CHOOSE_DX': 'along_decision_boundary', 'dxONAngle': 68.61531007113618, 'dON1': 0.06930398478380181, 'cIDON1': array([5, 7], dtype=int64), 'dON_patch_1': 0.06930398478380181, 'nTON': 1, 'dON': 0.06930398478380181, 'dxOFFAngle': 63.67241598236968, 'dOFF1': 0.1216922256400518, 'cIDOFF1': array([5, 7], dtype=int64), 'dOFF_patch_1': 0.1216922256400518, 'nTOFF': 1, 'dOFF': 0.1216922256400518, 'SUCCESS': True}
10:11:37,529 root DEBUG 

=================== Experiment ID #16 	 Dual Point ID: 21 ===================
10:11:37,566 root DEBUG CONTROL: 	 WARNING! 	 (target neuron output > tolerance: |3.965E-06|>1.000E-06)
10:11:37,566 root DEBUG CONTROL DUAL POINT: Check that target neuron output < tolerance ({tol:.3E}) at x_dual.
10:11:37,567 root DEBUG CONTROL DUAL POINT: Check that target neuron output < tolerance ({tol:.3E}) at x_dual.
10:11:37,567 root DEBUG 

=================== Experiment ID #16 	 Dual Point ID: 22 ===================
10:11:37,597 root DEBUG CONTROL: 	 OK! 	 (target neuron output < tolerance: |3.375E-07|<1.000E-06)
10:11:37,598 root DEBUG CONTROL DUAL POINT: Check that target neuron output < tolerance ({tol:.3E}) at x_dual.
10:11:38,43 root DEBUG Side: ON	 Angle(dx0, dx): 6.43 deg 	 Angle(n, nold): 0.00 deg 	 Distance in patch: 1.497E-02 	 Total distance: 1.497E-02 	 Future toggles: 1 	 Past toggles: 1 	 Toggled: [[3, array([186], dtype=int64), array([[False]])]] 	 class: [5 6]
10:11:38,474 root DEBUG Side: OFF	 Angle(dx0, dx): 0.46 deg 	 Angle(n, nold): 0.00 deg 	 Distance in patch: 6.190E-03 	 Total distance: 6.190E-03 	 Future toggles: 1 	 Past toggles: 1 	 Toggled: [[3, array([216], dtype=int64), array([[ True]])]] 	 class: [5 6]
10:11:38,475 root DEBUG Check patch-by-patch distances for success (dOFF_patch>dON_patch) and ratio (dOFF_patch/dON_patch):
10:11:38,475 root DEBUG 	 nT= 1  	 success?   False    	 (dON-dOFF)/|dON+dOFF|: -41.49 	 cIDON = [5 6], cIDOFF = [5 6]
10:11:38,476 root DEBUG ===> #(dOFF_patch>dON_patch) = 0/1 = 0.00%
10:11:38,476 root DEBUG dOFF/dON = 0.4
10:11:38,476 root DEBUG {'CHOOSE_DX': 'along_decision_boundary', 'dxONAngle': 65.92792175415778, 'dON1': 0.014969226197003208, 'cIDON1': array([5, 6], dtype=int64), 'dON_patch_1': 0.014969226197003208, 'nTON': 1, 'dON': 0.014969226197003208, 'dxOFFAngle': 87.18745758479166, 'dOFF1': 0.006189661717456514, 'cIDOFF1': array([5, 6], dtype=int64), 'dOFF_patch_1': 0.006189661717456514, 'nTOFF': 1, 'dOFF': 0.006189661717456514, 'SUCCESS': False}
10:11:38,485 root DEBUG 

=================== Experiment ID #17 	 Dual Point ID: 23 ===================
10:11:38,502 root DEBUG CONTROL: 	 WARNING! 	 (target neuron output > tolerance: |1.465E-06|>1.000E-06)
10:11:38,502 root DEBUG CONTROL DUAL POINT: Check that target neuron output < tolerance ({tol:.3E}) at x_dual.
10:11:38,502 root DEBUG CONTROL DUAL POINT: Check that target neuron output < tolerance ({tol:.3E}) at x_dual.
10:11:38,502 root DEBUG 

=================== Experiment ID #17 	 Dual Point ID: 24 ===================
10:11:38,527 root DEBUG CONTROL: 	 OK! 	 (target neuron output < tolerance: |7.004E-07|<1.000E-06)
10:11:38,527 root DEBUG CONTROL DUAL POINT: Check that target neuron output < tolerance ({tol:.3E}) at x_dual.
10:11:38,963 root DEBUG Side: ON	 Angle(dx0, dx): 0.32 deg 	 Angle(n, nold): 0.00 deg 	 Distance in patch: 3.822E-02 	 Total distance: 3.822E-02 	 Future toggles: 1 	 Past toggles: 1 	 Toggled: [[3, array([209], dtype=int64), array([[False]])]] 	 class: [3 7]
10:11:39,289 root DEBUG Side: OFF	 Angle(dx0, dx): 1.72 deg 	 Angle(n, nold): 0.00 deg 	 Distance in patch: 1.598E-02 	 Total distance: 1.598E-02 	 Future toggles: 0 	 Past toggles: 1 	 Toggled: [[2, array([246], dtype=int64), array([[False]])]] 	 class: [3 7]
10:11:39,485 root DEBUG Side: OFF	 Angle(dx0, dx): 0.06 deg 	 Angle(n, nold): 0.00 deg 	 Distance in patch: 1.257E-03 	 Total distance: 1.724E-02 	 Future toggles: 0 	 Past toggles: 2 	 Toggled: [[2, array([146], dtype=int64), array([[ True]])]] 	 class: [3 7]
10:11:39,712 root DEBUG Side: OFF	 Angle(dx0, dx): 3.09 deg 	 Angle(n, nold): 0.00 deg 	 Distance in patch: 2.353E-02 	 Total distance: 4.077E-02 	 Future toggles: 0 	 Past toggles: 3 	 Toggled: [[2, array([54], dtype=int64), array([[ True]])]] 	 class: [3 7]
10:11:39,964 root DEBUG Side: OFF	 Angle(dx0, dx): 6.26 deg 	 Angle(n, nold): 0.00 deg 	 Distance in patch: 6.728E-02 	 Total distance: 1.081E-01 	 Future toggles: 0 	 Past toggles: 4 	 Toggled: [[2, array([137], dtype=int64), array([[False]])]] 	 class: [3 7]
10:11:40,218 root DEBUG Side: OFF	 Angle(dx0, dx): 1.05 deg 	 Angle(n, nold): 0.00 deg 	 Distance in patch: 3.932E-03 	 Total distance: 1.120E-01 	 Future toggles: 0 	 Past toggles: 5 	 Toggled: [[2, array([237], dtype=int64), array([[ True]])]] 	 class: [3 7]
10:11:40,435 root DEBUG Side: OFF	 Angle(dx0, dx): 1.67 deg 	 Angle(n, nold): 0.00 deg 	 Distance in patch: 1.173E-01 	 Total distance: 2.293E-01 	 Future toggles: 0 	 Past toggles: 6 	 Toggled: [[2, array([230], dtype=int64), array([[ True]])]] 	 class: [3 7]
10:11:40,717 root DEBUG Side: OFF	 Angle(dx0, dx): 2.21 deg 	 Angle(n, nold): 0.00 deg 	 Distance in patch: 3.128E-03 	 Total distance: 2.324E-01 	 Future toggles: 1 	 Past toggles: 1 	 Toggled: [[3, array([34], dtype=int64), array([[False]])]] 	 class: [3 7]
10:11:40,718 root DEBUG Check patch-by-patch distances for success (dOFF_patch>dON_patch) and ratio (dOFF_patch/dON_patch):
10:11:40,718 root DEBUG 	 nT= 1  	 success?    True    	 (dON-dOFF)/|dON+dOFF|: 71.76 	 cIDON = [3 7], cIDOFF = [3 7]
10:11:40,718 root DEBUG ===> #(dOFF_patch>dON_patch) = 1/1 = 100.00%
10:11:40,718 root DEBUG dOFF/dON = 6.1
10:11:40,718 root DEBUG {'CHOOSE_DX': 'along_decision_boundary', 'dxONAngle': 76.31690929012524, 'dON1': 0.03822010437542619, 'cIDON1': array([3, 7], dtype=int64), 'dON_patch_1': 0.03822010437542619, 'nTON': 1, 'dON': 0.03822010437542619, 'dxOFFAngle': 70.88044338160394, 'dOFF1': 0.23242383760510119, 'cIDOFF1': array([3, 7], dtype=int64), 'dOFF_patch_1': 0.23242383760510119, 'nTOFF': 1, 'dOFF': 0.23242383760510119, 'SUCCESS': True}
10:11:40,730 root DEBUG 

=================== Experiment ID #18 	 Dual Point ID: 25 ===================
10:11:40,760 root DEBUG CONTROL: 	 OK! 	 (target neuron output < tolerance: |6.003E-07|<1.000E-06)
10:11:40,760 root DEBUG CONTROL DUAL POINT: Check that target neuron output < tolerance ({tol:.3E}) at x_dual.
10:11:41,199 root DEBUG Side: ON	 Angle(dx0, dx): 5.99 deg 	 Angle(n, nold): 0.00 deg 	 Distance in patch: 2.506E-02 	 Total distance: 2.506E-02 	 Future toggles: 0 	 Past toggles: 1 	 Toggled: [[2, array([33], dtype=int64), array([[ True]])]] 	 class: [3 4]
10:11:41,408 root DEBUG Side: ON	 Angle(dx0, dx): 1.01 deg 	 Angle(n, nold): 0.21 deg 	 Distance in patch: 1.354E-02 	 Total distance: 3.859E-02 	 Future toggles: 0 	 Past toggles: 2 	 Toggled: [[1, array([161], dtype=int64), array([[False]])]] 	 class: [3 4]
10:11:41,630 root DEBUG Side: ON	 Angle(dx0, dx): 9.16 deg 	 Angle(n, nold): 0.00 deg 	 Distance in patch: 2.716E-02 	 Total distance: 6.575E-02 	 Future toggles: 0 	 Past toggles: 3 	 Toggled: [[2, array([120], dtype=int64), array([[ True]])]] 	 class: [3 4]
10:11:41,868 root DEBUG Side: ON	 Angle(dx0, dx): 3.71 deg 	 Angle(n, nold): 0.00 deg 	 Distance in patch: 3.983E-03 	 Total distance: 6.973E-02 	 Future toggles: 0 	 Past toggles: 4 	 Toggled: [[2, array([241], dtype=int64), array([[ True]])]] 	 class: [3 4]
10:11:42,95 root DEBUG Side: ON	 Angle(dx0, dx): 0.50 deg 	 Angle(n, nold): 0.00 deg 	 Distance in patch: 1.281E-02 	 Total distance: 8.255E-02 	 Future toggles: 0 	 Past toggles: 5 	 Toggled: [[2, array([203], dtype=int64), array([[False]])]] 	 class: [3 4]
10:11:42,310 root DEBUG Side: ON	 Angle(dx0, dx): 1.78 deg 	 Angle(n, nold): 0.00 deg 	 Distance in patch: 6.203E-03 	 Total distance: 8.875E-02 	 Future toggles: 1 	 Past toggles: 1 	 Toggled: [[3, array([38], dtype=int64), array([[False]])]] 	 class: [3 4]
10:11:42,660 root DEBUG Side: OFF	 Angle(dx0, dx): 12.86 deg 	 Angle(n, nold): 0.21 deg 	 Distance in patch: 1.032E-02 	 Total distance: 1.032E-02 	 Future toggles: 1 	 Past toggles: 1 	 Toggled: [[4, array([18], dtype=int64), array([[False]])]] 	 class: [3 4]
10:11:42,660 root DEBUG Check patch-by-patch distances for success (dOFF_patch>dON_patch) and ratio (dOFF_patch/dON_patch):
10:11:42,660 root DEBUG 	 nT= 1  	 success?   False    	 (dON-dOFF)/|dON+dOFF|: -79.17 	 cIDON = [3 4], cIDOFF = [3 4]
10:11:42,660 root DEBUG ===> #(dOFF_patch>dON_patch) = 0/1 = 0.00%
10:11:42,660 root DEBUG dOFF/dON = 0.1
10:11:42,660 root DEBUG {'CHOOSE_DX': 'along_decision_boundary', 'dxONAngle': 64.27979256071905, 'dON1': 0.08874935090594377, 'cIDON1': array([3, 4], dtype=int64), 'dON_patch_1': 0.08874935090594377, 'nTON': 1, 'dON': 0.08874935090594377, 'dxOFFAngle': 72.2569533012749, 'dOFF1': 0.010315361867516986, 'cIDOFF1': array([3, 4], dtype=int64), 'dOFF_patch_1': 0.010315361867516986, 'nTOFF': 1, 'dOFF': 0.010315361867516986, 'SUCCESS': False}
10:11:42,666 root DEBUG 

=================== Experiment ID #19 	 Dual Point ID: 26 ===================
10:11:42,701 root DEBUG CONTROL: 	 OK! 	 (target neuron output < tolerance: |8.013E-07|<1.000E-06)
10:11:42,701 root DEBUG CONTROL DUAL POINT: Check that target neuron output < tolerance ({tol:.3E}) at x_dual.
10:11:43,108 root DEBUG Side: ON	 Angle(dx0, dx): 23.38 deg 	 Angle(n, nold): 0.00 deg 	 Distance in patch: 6.123E-06 	 Total distance: 6.123E-06 	 Future toggles: 1 	 Past toggles: 1 	 Toggled: [[5, array([0, 1], dtype=int64), array([[1.],
       [0.]])]] 	 class: [0 9]
10:11:43,519 root DEBUG Side: OFF	 Angle(dx0, dx): 1.94 deg 	 Angle(n, nold): 2.29 deg 	 Distance in patch: 2.884E-02 	 Total distance: 2.884E-02 	 Future toggles: 0 	 Past toggles: 1 	 Toggled: [[1, array([186], dtype=int64), array([[ True]])]] 	 class: [0 9]
10:11:43,706 root DEBUG Side: OFF	 Angle(dx0, dx): 0.38 deg 	 Angle(n, nold): 0.00 deg 	 Distance in patch: 3.149E-02 	 Total distance: 6.033E-02 	 Future toggles: 1 	 Past toggles: 1 	 Toggled: [[4, array([60], dtype=int64), array([[ True]])]] 	 class: [0 9]
10:11:43,706 root DEBUG Check patch-by-patch distances for success (dOFF_patch>dON_patch) and ratio (dOFF_patch/dON_patch):
10:11:43,707 root DEBUG 	 nT= 1  	 success?    True    	 (dON-dOFF)/|dON+dOFF|: 99.98 	 cIDON = [1 9], cIDOFF = [0 9]
10:11:43,707 root DEBUG ===> #(dOFF_patch>dON_patch) = 1/1 = 100.00%
10:11:43,707 root DEBUG dOFF/dON = 9853.0
10:11:43,707 root DEBUG {'CHOOSE_DX': 'along_decision_boundary', 'dxONAngle': 66.83910027328633, 'dON1': 6.123148323521315e-06, 'cIDON1': array([1, 9], dtype=int64), 'dON_patch_1': 6.123148323521315e-06, 'nTON': 1, 'dON': 6.123148323521315e-06, 'dxOFFAngle': 87.9703047863259, 'dOFF1': 0.06033168589617884, 'cIDOFF1': array([0, 9], dtype=int64), 'dOFF_patch_1': 0.06033168589617884, 'nTOFF': 1, 'dOFF': 0.06033168589617884, 'SUCCESS': True}
10:11:43,713 root DEBUG 

=================== Experiment ID #20 	 Dual Point ID: 27 ===================
10:11:43,741 root DEBUG CONTROL: 	 OK! 	 (target neuron output < tolerance: |1.240E-07|<1.000E-06)
10:11:43,741 root DEBUG CONTROL DUAL POINT: Check that target neuron output < tolerance ({tol:.3E}) at x_dual.
10:11:44,182 root DEBUG Side: ON	 Angle(dx0, dx): 1.41 deg 	 Angle(n, nold): 0.00 deg 	 Distance in patch: 1.328E-03 	 Total distance: 1.328E-03 	 Future toggles: 1 	 Past toggles: 1 	 Toggled: [[3, array([139], dtype=int64), array([[False]])]] 	 class: [4 5]
10:11:44,551 root DEBUG Side: OFF	 Angle(dx0, dx): 0.15 deg 	 Angle(n, nold): 0.00 deg 	 Distance in patch: 5.497E-03 	 Total distance: 5.497E-03 	 Future toggles: 1 	 Past toggles: 1 	 Toggled: [[3, array([139], dtype=int64), array([[False]])]] 	 class: [4 5]
10:11:44,551 root DEBUG Check patch-by-patch distances for success (dOFF_patch>dON_patch) and ratio (dOFF_patch/dON_patch):
10:11:44,551 root DEBUG 	 nT= 1  	 success?    True    	 (dON-dOFF)/|dON+dOFF|: 61.09 	 cIDON = [4 5], cIDOFF = [4 5]
10:11:44,551 root DEBUG ===> #(dOFF_patch>dON_patch) = 1/1 = 100.00%
10:11:44,551 root DEBUG dOFF/dON = 4.1
10:11:44,551 root DEBUG {'CHOOSE_DX': 'along_decision_boundary', 'dxONAngle': 75.41581980912235, 'dON1': 0.0013277795643338746, 'cIDON1': array([4, 5], dtype=int64), 'dON_patch_1': 0.0013277795643338746, 'nTON': 1, 'dON': 0.0013277795643338746, 'dxOFFAngle': 89.45203118345532, 'dOFF1': 0.005496560627201254, 'cIDOFF1': array([4, 5], dtype=int64), 'dOFF_patch_1': 0.005496560627201254, 'nTOFF': 1, 'dOFF': 0.005496560627201254, 'SUCCESS': True}
10:11:44,560 root DEBUG 

=================== Experiment ID #21 	 Dual Point ID: 28 ===================
10:11:44,593 root DEBUG CONTROL: 	 WARNING! 	 (target neuron output > tolerance: |1.730E-06|>1.000E-06)
10:11:44,594 root DEBUG CONTROL DUAL POINT: Check that target neuron output < tolerance ({tol:.3E}) at x_dual.
10:11:44,594 root DEBUG CONTROL DUAL POINT: Check that target neuron output < tolerance ({tol:.3E}) at x_dual.
10:11:44,596 root DEBUG 

=================== Experiment ID #21 	 Dual Point ID: 29 ===================
10:11:44,627 root DEBUG CONTROL: 	 OK! 	 (target neuron output < tolerance: |8.191E-07|<1.000E-06)
10:11:44,627 root DEBUG CONTROL DUAL POINT: Check that target neuron output < tolerance ({tol:.3E}) at x_dual.
10:11:45,5 root DEBUG Side: ON	 Angle(dx0, dx): 1.74 deg 	 Angle(n, nold): 0.00 deg 	 Distance in patch: 3.508E-02 	 Total distance: 3.508E-02 	 Future toggles: 1 	 Past toggles: 1 	 Toggled: [[3, array([36], dtype=int64), array([[False]])]] 	 class: [4 7]
10:11:45,304 root DEBUG Side: OFF	 Angle(dx0, dx): 1.84 deg 	 Angle(n, nold): 0.00 deg 	 Distance in patch: 1.606E-01 	 Total distance: 1.606E-01 	 Future toggles: 0 	 Past toggles: 1 	 Toggled: [[2, array([245], dtype=int64), array([[False]])]] 	 class: [4 7]
10:11:45,545 root DEBUG Side: OFF	 Angle(dx0, dx): 4.16 deg 	 Angle(n, nold): 0.00 deg 	 Distance in patch: 3.701E-03 	 Total distance: 1.643E-01 	 Future toggles: 1 	 Past toggles: 1 	 Toggled: [[4, array([29], dtype=int64), array([[False]])]] 	 class: [4 7]
10:11:45,545 root DEBUG Check patch-by-patch distances for success (dOFF_patch>dON_patch) and ratio (dOFF_patch/dON_patch):
10:11:45,545 root DEBUG 	 nT= 1  	 success?    True    	 (dON-dOFF)/|dON+dOFF|: 64.80 	 cIDON = [4 7], cIDOFF = [4 7]
10:11:45,546 root DEBUG ===> #(dOFF_patch>dON_patch) = 1/1 = 100.00%
10:11:45,546 root DEBUG dOFF/dON = 4.7
10:11:45,546 root DEBUG {'CHOOSE_DX': 'along_decision_boundary', 'dxONAngle': 67.06668124077538, 'dON1': 0.03507870049481151, 'cIDON1': array([4, 7], dtype=int64), 'dON_patch_1': 0.03507870049481151, 'nTON': 1, 'dON': 0.03507870049481151, 'dxOFFAngle': 76.93811459056037, 'dOFF1': 0.16425415988437517, 'cIDOFF1': array([4, 7], dtype=int64), 'dOFF_patch_1': 0.16425415988437517, 'nTOFF': 1, 'dOFF': 0.16425415988437517, 'SUCCESS': True}
10:11:45,554 root DEBUG 

=================== Experiment ID #22 	 Dual Point ID: 30 ===================
10:11:45,580 root DEBUG CONTROL: 	 OK! 	 (target neuron output < tolerance: |2.755E-07|<1.000E-06)
10:11:45,580 root DEBUG CONTROL DUAL POINT: Check that target neuron output < tolerance ({tol:.3E}) at x_dual.
10:11:45,984 root DEBUG Side: ON	 Angle(dx0, dx): 3.35 deg 	 Angle(n, nold): 0.00 deg 	 Distance in patch: 5.796E-03 	 Total distance: 5.796E-03 	 Future toggles: 0 	 Past toggles: 1 	 Toggled: [[2, array([166], dtype=int64), array([[False]])]] 	 class: [0 1]
10:11:46,215 root DEBUG Side: ON	 Angle(dx0, dx): 2.67 deg 	 Angle(n, nold): 0.00 deg 	 Distance in patch: 4.233E-02 	 Total distance: 4.812E-02 	 Future toggles: 0 	 Past toggles: 2 	 Toggled: [[2, array([162], dtype=int64), array([[ True]])]] 	 class: [0 1]
10:11:46,435 root DEBUG Side: ON	 Angle(dx0, dx): 2.94 deg 	 Angle(n, nold): 0.00 deg 	 Distance in patch: 1.860E-01 	 Total distance: 2.341E-01 	 Future toggles: 0 	 Past toggles: 3 	 Toggled: [[2, array([79], dtype=int64), array([[False]])]] 	 class: [0 1]
10:11:46,636 root DEBUG Side: ON	 Angle(dx0, dx): 1.61 deg 	 Angle(n, nold): 0.00 deg 	 Distance in patch: 4.680E-02 	 Total distance: 2.809E-01 	 Future toggles: 0 	 Past toggles: 4 	 Toggled: [[2, array([116], dtype=int64), array([[ True]])]] 	 class: [0 1]
10:11:46,816 root DEBUG Side: ON	 Angle(dx0, dx): 0.66 deg 	 Angle(n, nold): 0.00 deg 	 Distance in patch: 4.765E-02 	 Total distance: 3.285E-01 	 Future toggles: 1 	 Past toggles: 1 	 Toggled: [[3, array([177], dtype=int64), array([[False]])]] 	 class: [0 1]
10:11:47,178 root DEBUG Side: OFF	 Angle(dx0, dx): 1.37 deg 	 Angle(n, nold): 0.00 deg 	 Distance in patch: 2.805E-02 	 Total distance: 2.805E-02 	 Future toggles: 1 	 Past toggles: 1 	 Toggled: [[3, array([81], dtype=int64), array([[False]])]] 	 class: [0 1]
10:11:47,178 root DEBUG Check patch-by-patch distances for success (dOFF_patch>dON_patch) and ratio (dOFF_patch/dON_patch):
10:11:47,178 root DEBUG 	 nT= 1  	 success?   False    	 (dON-dOFF)/|dON+dOFF|: -84.27 	 cIDON = [0 1], cIDOFF = [0 1]
10:11:47,179 root DEBUG ===> #(dOFF_patch>dON_patch) = 0/1 = 0.00%
10:11:47,179 root DEBUG dOFF/dON = 0.1
10:11:47,179 root DEBUG {'CHOOSE_DX': 'along_decision_boundary', 'dxONAngle': 77.22859821553297, 'dON1': 0.32854352288555, 'cIDON1': array([0, 1], dtype=int64), 'dON_patch_1': 0.32854352288555, 'nTON': 1, 'dON': 0.32854352288555, 'dxOFFAngle': 75.88914721611951, 'dOFF1': 0.028047200594188117, 'cIDOFF1': array([0, 1], dtype=int64), 'dOFF_patch_1': 0.028047200594188117, 'nTOFF': 1, 'dOFF': 0.028047200594188117, 'SUCCESS': False}
10:11:47,193 root DEBUG 

=================== Experiment ID #23 	 Dual Point ID: 31 ===================
10:11:47,227 root DEBUG CONTROL: 	 OK! 	 (target neuron output < tolerance: |3.232E-07|<1.000E-06)
10:11:47,228 root DEBUG CONTROL DUAL POINT: Check that target neuron output < tolerance ({tol:.3E}) at x_dual.
10:11:47,643 root DEBUG Side: ON	 Angle(dx0, dx): 1.82 deg 	 Angle(n, nold): 0.00 deg 	 Distance in patch: 1.627E-02 	 Total distance: 1.627E-02 	 Future toggles: 1 	 Past toggles: 1 	 Toggled: [[3, array([78], dtype=int64), array([[False]])]] 	 class: [2 4]
10:11:48,102 root DEBUG Side: OFF	 Angle(dx0, dx): 5.29 deg 	 Angle(n, nold): 0.00 deg 	 Distance in patch: 3.317E-02 	 Total distance: 3.317E-02 	 Future toggles: 1 	 Past toggles: 1 	 Toggled: [[4, array([21], dtype=int64), array([[False]])]] 	 class: [2 4]
10:11:48,102 root DEBUG Check patch-by-patch distances for success (dOFF_patch>dON_patch) and ratio (dOFF_patch/dON_patch):
10:11:48,102 root DEBUG 	 nT= 1  	 success?    True    	 (dON-dOFF)/|dON+dOFF|: 34.19 	 cIDON = [2 4], cIDOFF = [2 4]
10:11:48,102 root DEBUG ===> #(dOFF_patch>dON_patch) = 1/1 = 100.00%
10:11:48,102 root DEBUG dOFF/dON = 2.0
10:11:48,102 root DEBUG {'CHOOSE_DX': 'along_decision_boundary', 'dxONAngle': 76.30464753441237, 'dON1': 0.016266652444200173, 'cIDON1': array([2, 4], dtype=int64), 'dON_patch_1': 0.016266652444200173, 'nTON': 1, 'dON': 0.016266652444200173, 'dxOFFAngle': 87.39542494179038, 'dOFF1': 0.033165895071359225, 'cIDOFF1': array([2, 4], dtype=int64), 'dOFF_patch_1': 0.033165895071359225, 'nTOFF': 1, 'dOFF': 0.033165895071359225, 'SUCCESS': True}
10:11:48,108 root DEBUG 

=================== Experiment ID #24 	 Dual Point ID: 32 ===================
10:11:48,126 root DEBUG CONTROL: 	 OK! 	 (target neuron output < tolerance: |7.332E-07|<1.000E-06)
10:11:48,126 root DEBUG CONTROL DUAL POINT: Check that target neuron output < tolerance ({tol:.3E}) at x_dual.
10:11:48,541 root DEBUG Side: ON	 Angle(dx0, dx): 0.86 deg 	 Angle(n, nold): 0.00 deg 	 Distance in patch: 6.746E-03 	 Total distance: 6.746E-03 	 Future toggles: 1 	 Past toggles: 1 	 Toggled: [[3, array([58], dtype=int64), array([[ True]])]] 	 class: [3 7]
10:11:48,877 root DEBUG Side: OFF	 Angle(dx0, dx): 0.81 deg 	 Angle(n, nold): 0.00 deg 	 Distance in patch: 3.950E-02 	 Total distance: 3.950E-02 	 Future toggles: 0 	 Past toggles: 1 	 Toggled: [[2, array([198], dtype=int64), array([[False]])]] 	 class: [3 7]
10:11:49,167 root DEBUG Side: OFF	 Angle(dx0, dx): 0.60 deg 	 Angle(n, nold): 0.00 deg 	 Distance in patch: 1.522E-02 	 Total distance: 5.471E-02 	 Future toggles: 0 	 Past toggles: 2 	 Toggled: [[2, array([168], dtype=int64), array([[ True]])]] 	 class: [3 7]
10:11:49,444 root DEBUG Side: OFF	 Angle(dx0, dx): 2.26 deg 	 Angle(n, nold): 0.00 deg 	 Distance in patch: 1.068E-02 	 Total distance: 6.539E-02 	 Future toggles: 1 	 Past toggles: 1 	 Toggled: [[3, array([21], dtype=int64), array([[ True]])]] 	 class: [3 7]
10:11:49,444 root DEBUG Check patch-by-patch distances for success (dOFF_patch>dON_patch) and ratio (dOFF_patch/dON_patch):
10:11:49,444 root DEBUG 	 nT= 1  	 success?    True    	 (dON-dOFF)/|dON+dOFF|: 81.30 	 cIDON = [3 7], cIDOFF = [3 7]
10:11:49,444 root DEBUG ===> #(dOFF_patch>dON_patch) = 1/1 = 100.00%
10:11:49,444 root DEBUG dOFF/dON = 9.7
10:11:49,444 root DEBUG {'CHOOSE_DX': 'along_decision_boundary', 'dxONAngle': 60.03290325274578, 'dON1': 0.006745718358383998, 'cIDON1': array([3, 7], dtype=int64), 'dON_patch_1': 0.006745718358383998, 'nTON': 1, 'dON': 0.006745718358383998, 'dxOFFAngle': 65.60548195074297, 'dOFF1': 0.06539187388198082, 'cIDOFF1': array([3, 7], dtype=int64), 'dOFF_patch_1': 0.06539187388198082, 'nTOFF': 1, 'dOFF': 0.06539187388198082, 'SUCCESS': True}
10:11:49,450 root DEBUG 

=================== Experiment ID #25 	 Dual Point ID: 33 ===================
10:11:49,468 root DEBUG CONTROL: 	 OK! 	 (target neuron output < tolerance: |9.329E-07|<1.000E-06)
10:11:49,469 root DEBUG CONTROL DUAL POINT: Check that target neuron output < tolerance ({tol:.3E}) at x_dual.
10:11:49,823 root DEBUG Side: ON	 Angle(dx0, dx): 1.48 deg 	 Angle(n, nold): 0.00 deg 	 Distance in patch: 5.188E-03 	 Total distance: 5.188E-03 	 Future toggles: 1 	 Past toggles: 1 	 Toggled: [[3, array([7], dtype=int64), array([[False]])]] 	 class: [0 9]
10:11:50,229 root DEBUG Side: OFF	 Angle(dx0, dx): 2.32 deg 	 Angle(n, nold): 2.21 deg 	 Distance in patch: 2.722E-02 	 Total distance: 2.722E-02 	 Future toggles: 0 	 Past toggles: 1 	 Toggled: [[1, array([164], dtype=int64), array([[ True]])]] 	 class: [1 9]
10:11:50,526 root DEBUG Side: OFF	 Angle(dx0, dx): 4.90 deg 	 Angle(n, nold): 0.00 deg 	 Distance in patch: 6.957E-02 	 Total distance: 9.679E-02 	 Future toggles: 1 	 Past toggles: 1 	 Toggled: [[3, array([210], dtype=int64), array([[ True]])]] 	 class: [1 9]
10:11:50,526 root DEBUG Check patch-by-patch distances for success (dOFF_patch>dON_patch) and ratio (dOFF_patch/dON_patch):
10:11:50,526 root DEBUG 	 nT= 1  	 success?    True    	 (dON-dOFF)/|dON+dOFF|: 89.83 	 cIDON = [0 9], cIDOFF = [1 9]
10:11:50,526 root DEBUG ===> #(dOFF_patch>dON_patch) = 1/1 = 100.00%
10:11:50,526 root DEBUG dOFF/dON = 18.7
10:11:50,526 root DEBUG {'CHOOSE_DX': 'along_decision_boundary', 'dxONAngle': 88.65891647539573, 'dON1': 0.005187703065599437, 'cIDON1': array([0, 9], dtype=int64), 'dON_patch_1': 0.005187703065599437, 'nTON': 1, 'dON': 0.005187703065599437, 'dxOFFAngle': 78.55342063364407, 'dOFF1': 0.09679424863185379, 'cIDOFF1': array([1, 9], dtype=int64), 'dOFF_patch_1': 0.09679424863185379, 'nTOFF': 1, 'dOFF': 0.09679424863185379, 'SUCCESS': True}
10:11:50,533 root DEBUG 

=================== Experiment ID #26 	 Dual Point ID: 34 ===================
10:11:50,570 root DEBUG CONTROL: 	 OK! 	 (target neuron output < tolerance: |8.173E-08|<1.000E-06)
10:11:50,571 root DEBUG CONTROL DUAL POINT: Check that target neuron output < tolerance ({tol:.3E}) at x_dual.
10:11:50,968 root DEBUG Side: ON	 Angle(dx0, dx): 2.42 deg 	 Angle(n, nold): 0.00 deg 	 Distance in patch: 9.229E-03 	 Total distance: 9.229E-03 	 Future toggles: 0 	 Past toggles: 1 	 Toggled: [[2, array([46], dtype=int64), array([[False]])]] 	 class: [1 5]
10:11:51,256 root DEBUG Side: ON	 Angle(dx0, dx): 4.34 deg 	 Angle(n, nold): 0.00 deg 	 Distance in patch: 1.340E-01 	 Total distance: 1.432E-01 	 Future toggles: 0 	 Past toggles: 2 	 Toggled: [[2, array([180], dtype=int64), array([[False]])]] 	 class: [1 5]
10:11:51,463 root DEBUG Side: ON	 Angle(dx0, dx): 5.19 deg 	 Angle(n, nold): 0.00 deg 	 Distance in patch: 8.168E-03 	 Total distance: 1.514E-01 	 Future toggles: 1 	 Past toggles: 1 	 Toggled: [[4, array([31], dtype=int64), array([[False]])]] 	 class: [1 5]
10:11:51,812 root DEBUG Side: OFF	 Angle(dx0, dx): 25.08 deg 	 Angle(n, nold): 0.00 deg 	 Distance in patch: 7.609E-02 	 Total distance: 7.609E-02 	 Future toggles: 1 	 Past toggles: 1 	 Toggled: [[4, array([40], dtype=int64), array([[ True]])]] 	 class: [0 5]
10:11:51,813 root DEBUG Check patch-by-patch distances for success (dOFF_patch>dON_patch) and ratio (dOFF_patch/dON_patch):
10:11:51,813 root DEBUG 	 nT= 1  	 success?   False    	 (dON-dOFF)/|dON+dOFF|: -33.09 	 cIDON = [1 5], cIDOFF = [0 5]
10:11:51,813 root DEBUG ===> #(dOFF_patch>dON_patch) = 0/1 = 0.00%
10:11:51,813 root DEBUG dOFF/dON = 0.5
10:11:51,813 root DEBUG {'CHOOSE_DX': 'along_decision_boundary', 'dxONAngle': 75.55193414930531, 'dON1': 0.15136714357938572, 'cIDON1': array([1, 5], dtype=int64), 'dON_patch_1': 0.15136714357938572, 'nTON': 1, 'dON': 0.15136714357938572, 'dxOFFAngle': 88.94944934088728, 'dOFF1': 0.07609480187708849, 'cIDOFF1': array([0, 5], dtype=int64), 'dOFF_patch_1': 0.07609480187708849, 'nTOFF': 1, 'dOFF': 0.07609480187708849, 'SUCCESS': False}
10:11:51,819 root DEBUG 

=================== Experiment ID #27 	 Dual Point ID: 35 ===================
10:11:51,842 root DEBUG CONTROL: 	 OK! 	 (target neuron output < tolerance: |9.917E-07|<1.000E-06)
10:11:51,843 root DEBUG CONTROL DUAL POINT: Check that target neuron output < tolerance ({tol:.3E}) at x_dual.
10:11:52,184 root DEBUG Side: ON	 Angle(dx0, dx): 2.20 deg 	 Angle(n, nold): 0.00 deg 	 Distance in patch: 1.701E-02 	 Total distance: 1.701E-02 	 Future toggles: 1 	 Past toggles: 1 	 Toggled: [[4, array([49], dtype=int64), array([[False]])]] 	 class: [2 5]
10:11:52,561 root DEBUG Side: OFF	 Angle(dx0, dx): 10.55 deg 	 Angle(n, nold): 0.00 deg 	 Distance in patch: 2.594E-02 	 Total distance: 2.594E-02 	 Future toggles: 1 	 Past toggles: 1 	 Toggled: [[4, array([63], dtype=int64), array([[False]])]] 	 class: [2 5]
10:11:52,561 root DEBUG Check patch-by-patch distances for success (dOFF_patch>dON_patch) and ratio (dOFF_patch/dON_patch):
10:11:52,561 root DEBUG 	 nT= 1  	 success?    True    	 (dON-dOFF)/|dON+dOFF|: 20.79 	 cIDON = [2 5], cIDOFF = [2 5]
10:11:52,561 root DEBUG ===> #(dOFF_patch>dON_patch) = 1/1 = 100.00%
10:11:52,561 root DEBUG dOFF/dON = 1.5
10:11:52,561 root DEBUG {'CHOOSE_DX': 'along_decision_boundary', 'dxONAngle': 80.38379543331574, 'dON1': 0.017009764535246823, 'cIDON1': array([2, 5], dtype=int64), 'dON_patch_1': 0.017009764535246823, 'nTON': 1, 'dON': 0.017009764535246823, 'dxOFFAngle': 83.37049457712737, 'dOFF1': 0.025936371434308072, 'cIDOFF1': array([2, 5], dtype=int64), 'dOFF_patch_1': 0.025936371434308072, 'nTOFF': 1, 'dOFF': 0.025936371434308072, 'SUCCESS': True}
10:11:52,567 root DEBUG 

=================== Experiment ID #28 	 Dual Point ID: 36 ===================
10:11:52,599 root DEBUG CONTROL: 	 OK! 	 (target neuron output < tolerance: |3.125E-07|<1.000E-06)
10:11:52,599 root DEBUG CONTROL DUAL POINT: Check that target neuron output < tolerance ({tol:.3E}) at x_dual.
10:11:52,982 root DEBUG Side: ON	 Angle(dx0, dx): 0.30 deg 	 Angle(n, nold): 0.00 deg 	 Distance in patch: 4.858E-03 	 Total distance: 4.858E-03 	 Future toggles: 1 	 Past toggles: 1 	 Toggled: [[3, array([58], dtype=int64), array([[ True]])]] 	 class: [3 7]
10:11:53,325 root DEBUG Side: OFF	 Angle(dx0, dx): 2.51 deg 	 Angle(n, nold): 0.00 deg 	 Distance in patch: 5.612E-02 	 Total distance: 5.612E-02 	 Future toggles: 0 	 Past toggles: 1 	 Toggled: [[2, array([193], dtype=int64), array([[ True]])]] 	 class: [3 7]
10:11:53,557 root DEBUG Side: OFF	 Angle(dx0, dx): 1.71 deg 	 Angle(n, nold): 0.00 deg 	 Distance in patch: 6.368E-02 	 Total distance: 1.198E-01 	 Future toggles: 0 	 Past toggles: 2 	 Toggled: [[2, array([74], dtype=int64), array([[ True]])]] 	 class: [3 7]
10:11:53,791 root DEBUG Side: OFF	 Angle(dx0, dx): 0.07 deg 	 Angle(n, nold): 0.00 deg 	 Distance in patch: 3.396E-02 	 Total distance: 1.538E-01 	 Future toggles: 0 	 Past toggles: 3 	 Toggled: [[2, array([42], dtype=int64), array([[False]])]] 	 class: [3 7]
10:11:54,49 root DEBUG Side: OFF	 Angle(dx0, dx): 0.26 deg 	 Angle(n, nold): 0.27 deg 	 Distance in patch: 4.208E-02 	 Total distance: 1.958E-01 	 Future toggles: 0 	 Past toggles: 4 	 Toggled: [[1, array([253], dtype=int64), array([[False]])]] 	 class: [3 7]
10:11:54,225 root DEBUG Side: OFF	 Angle(dx0, dx): 1.42 deg 	 Angle(n, nold): 0.00 deg 	 Distance in patch: 9.726E-04 	 Total distance: 1.968E-01 	 Future toggles: 1 	 Past toggles: 1 	 Toggled: [[3, array([179], dtype=int64), array([[False]])]] 	 class: [3 7]
10:11:54,225 root DEBUG Check patch-by-patch distances for success (dOFF_patch>dON_patch) and ratio (dOFF_patch/dON_patch):
10:11:54,225 root DEBUG 	 nT= 1  	 success?    True    	 (dON-dOFF)/|dON+dOFF|: 95.18 	 cIDON = [3 7], cIDOFF = [3 7]
10:11:54,225 root DEBUG ===> #(dOFF_patch>dON_patch) = 1/1 = 100.00%
10:11:54,225 root DEBUG dOFF/dON = 40.5
10:11:54,225 root DEBUG {'CHOOSE_DX': 'along_decision_boundary', 'dxONAngle': 72.87110725272439, 'dON1': 0.004857576219281883, 'cIDON1': array([3, 7], dtype=int64), 'dON_patch_1': 0.004857576219281883, 'nTON': 1, 'dON': 0.004857576219281883, 'dxOFFAngle': 73.41645407335145, 'dOFF1': 0.1968156106496088, 'cIDOFF1': array([3, 7], dtype=int64), 'dOFF_patch_1': 0.1968156106496088, 'nTOFF': 1, 'dOFF': 0.1968156106496088, 'SUCCESS': True}
10:11:54,234 root DEBUG 

=================== Experiment ID #29 	 Dual Point ID: 37 ===================
10:11:54,266 root DEBUG CONTROL: 	 OK! 	 (target neuron output < tolerance: |3.481E-07|<1.000E-06)
10:11:54,267 root DEBUG CONTROL DUAL POINT: Check that target neuron output < tolerance ({tol:.3E}) at x_dual.
10:11:54,688 root DEBUG Side: ON	 Angle(dx0, dx): 7.36 deg 	 Angle(n, nold): 0.00 deg 	 Distance in patch: 1.150E-03 	 Total distance: 1.150E-03 	 Future toggles: 1 	 Past toggles: 1 	 Toggled: [[4, array([29], dtype=int64), array([[ True]])]] 	 class: [2 7]
10:11:55,88 root DEBUG Side: OFF	 Angle(dx0, dx): 0.94 deg 	 Angle(n, nold): 1.22 deg 	 Distance in patch: 6.493E-02 	 Total distance: 6.493E-02 	 Future toggles: 0 	 Past toggles: 1 	 Toggled: [[1, array([152], dtype=int64), array([[ True]])]] 	 class: [2 7]
10:11:55,339 root DEBUG Side: OFF	 Angle(dx0, dx): 0.05 deg 	 Angle(n, nold): 0.00 deg 	 Distance in patch: 1.084E-01 	 Total distance: 1.733E-01 	 Future toggles: 0 	 Past toggles: 2 	 Toggled: [[2, array([228], dtype=int64), array([[ True]])]] 	 class: [2 7]
10:11:55,559 root DEBUG Side: OFF	 Angle(dx0, dx): 0.17 deg 	 Angle(n, nold): 0.00 deg 	 Distance in patch: 7.947E-02 	 Total distance: 2.528E-01 	 Future toggles: 1 	 Past toggles: 1 	 Toggled: [[3, array([62], dtype=int64), array([[ True]])]] 	 class: [2 7]
10:11:55,560 root DEBUG Check patch-by-patch distances for success (dOFF_patch>dON_patch) and ratio (dOFF_patch/dON_patch):
10:11:55,560 root DEBUG 	 nT= 1  	 success?    True    	 (dON-dOFF)/|dON+dOFF|: 99.09 	 cIDON = [2 7], cIDOFF = [2 7]
10:11:55,560 root DEBUG ===> #(dOFF_patch>dON_patch) = 1/1 = 100.00%
10:11:55,560 root DEBUG dOFF/dON = 219.8
10:11:55,560 root DEBUG {'CHOOSE_DX': 'along_decision_boundary', 'dxONAngle': 84.01467293864484, 'dON1': 0.0011500122850123574, 'cIDON1': array([2, 7], dtype=int64), 'dON_patch_1': 0.0011500122850123574, 'nTON': 1, 'dON': 0.0011500122850123574, 'dxOFFAngle': 85.57959053706244, 'dOFF1': 0.252809881156573, 'cIDOFF1': array([2, 7], dtype=int64), 'dOFF_patch_1': 0.252809881156573, 'nTOFF': 1, 'dOFF': 0.252809881156573, 'SUCCESS': True}
10:11:55,570 root DEBUG 

=================== Experiment ID #30 	 Dual Point ID: 38 ===================
10:11:55,603 root DEBUG CONTROL: 	 OK! 	 (target neuron output < tolerance: |7.117E-07|<1.000E-06)
10:11:55,603 root DEBUG CONTROL DUAL POINT: Check that target neuron output < tolerance ({tol:.3E}) at x_dual.
10:11:55,976 root DEBUG Side: ON	 Angle(dx0, dx): 11.00 deg 	 Angle(n, nold): 11.08 deg 	 Distance in patch: 7.109E-02 	 Total distance: 7.109E-02 	 Future toggles: 0 	 Past toggles: 1 	 Toggled: [[1, array([84], dtype=int64), array([[False]])]] 	 class: [2 7]
10:11:56,153 root DEBUG Side: ON	 Angle(dx0, dx): 10.48 deg 	 Angle(n, nold): 0.00 deg 	 Distance in patch: 1.757E-02 	 Total distance: 8.866E-02 	 Future toggles: 1 	 Past toggles: 1 	 Toggled: [[3, array([122], dtype=int64), array([[False]])]] 	 class: [2 7]
10:11:56,564 root DEBUG Side: OFF	 Angle(dx0, dx): 0.20 deg 	 Angle(n, nold): 11.07 deg 	 Distance in patch: 3.843E-02 	 Total distance: 3.843E-02 	 Future toggles: 0 	 Past toggles: 1 	 Toggled: [[1, array([109], dtype=int64), array([[ True]])]] 	 class: [2 7]
10:11:56,775 root DEBUG Side: OFF	 Angle(dx0, dx): 2.28 deg 	 Angle(n, nold): 0.00 deg 	 Distance in patch: 7.563E-03 	 Total distance: 4.600E-02 	 Future toggles: 1 	 Past toggles: 1 	 Toggled: [[3, array([215], dtype=int64), array([[False]])]] 	 class: [2 7]
10:11:56,776 root DEBUG Check patch-by-patch distances for success (dOFF_patch>dON_patch) and ratio (dOFF_patch/dON_patch):
10:11:56,776 root DEBUG 	 nT= 1  	 success?   False    	 (dON-dOFF)/|dON+dOFF|: -31.68 	 cIDON = [2 7], cIDOFF = [2 7]
10:11:56,776 root DEBUG ===> #(dOFF_patch>dON_patch) = 0/1 = 0.00%
10:11:56,776 root DEBUG dOFF/dON = 0.5
10:11:56,776 root DEBUG {'CHOOSE_DX': 'along_decision_boundary', 'dxONAngle': 87.45633268101088, 'dON1': 0.08865990130541408, 'cIDON1': array([2, 7], dtype=int64), 'dON_patch_1': 0.08865990130541408, 'nTON': 1, 'dON': 0.08865990130541408, 'dxOFFAngle': 76.54408097543391, 'dOFF1': 0.04599674314359433, 'cIDOFF1': array([2, 7], dtype=int64), 'dOFF_patch_1': 0.04599674314359433, 'nTOFF': 1, 'dOFF': 0.04599674314359433, 'SUCCESS': False}
10:11:56,782 root DEBUG 

=================== Experiment ID #31 	 Dual Point ID: 39 ===================
10:11:56,807 root DEBUG CONTROL: 	 OK! 	 (target neuron output < tolerance: |2.394E-07|<1.000E-06)
10:11:56,808 root DEBUG CONTROL DUAL POINT: Check that target neuron output < tolerance ({tol:.3E}) at x_dual.
10:11:57,202 root DEBUG Side: ON	 Angle(dx0, dx): 1.14 deg 	 Angle(n, nold): 0.00 deg 	 Distance in patch: 2.423E-02 	 Total distance: 2.423E-02 	 Future toggles: 0 	 Past toggles: 1 	 Toggled: [[2, array([119], dtype=int64), array([[False]])]] 	 class: [3 6]
10:11:57,411 root DEBUG Side: ON	 Angle(dx0, dx): 4.26 deg 	 Angle(n, nold): 0.00 deg 	 Distance in patch: 7.501E-03 	 Total distance: 3.173E-02 	 Future toggles: 1 	 Past toggles: 1 	 Toggled: [[3, array([207], dtype=int64), array([[False]])]] 	 class: [3 6]
10:11:57,812 root DEBUG Side: OFF	 Angle(dx0, dx): 1.51 deg 	 Angle(n, nold): 0.00 deg 	 Distance in patch: 3.465E-02 	 Total distance: 3.465E-02 	 Future toggles: 1 	 Past toggles: 1 	 Toggled: [[3, array([80], dtype=int64), array([[ True]])]] 	 class: [3 6]
10:11:57,813 root DEBUG Check patch-by-patch distances for success (dOFF_patch>dON_patch) and ratio (dOFF_patch/dON_patch):
10:11:57,813 root DEBUG 	 nT= 1  	 success?    True    	 (dON-dOFF)/|dON+dOFF|: 4.40 	 cIDON = [3 6], cIDOFF = [3 6]
10:11:57,813 root DEBUG ===> #(dOFF_patch>dON_patch) = 1/1 = 100.00%
10:11:57,813 root DEBUG dOFF/dON = 1.1
10:11:57,813 root DEBUG {'CHOOSE_DX': 'along_decision_boundary', 'dxONAngle': 70.55954841622336, 'dON1': 0.031730073961200325, 'cIDON1': array([3, 6], dtype=int64), 'dON_patch_1': 0.031730073961200325, 'nTON': 1, 'dON': 0.031730073961200325, 'dxOFFAngle': 87.94440516727974, 'dOFF1': 0.03465403386684357, 'cIDOFF1': array([3, 6], dtype=int64), 'dOFF_patch_1': 0.03465403386684357, 'nTOFF': 1, 'dOFF': 0.03465403386684357, 'SUCCESS': True}
10:11:57,828 root DEBUG 

=================== Experiment ID #32 	 Dual Point ID: 40 ===================
10:11:57,851 root DEBUG CONTROL: 	 OK! 	 (target neuron output < tolerance: |1.074E-07|<1.000E-06)
10:11:57,852 root DEBUG CONTROL DUAL POINT: Check that target neuron output < tolerance ({tol:.3E}) at x_dual.
10:11:58,228 root DEBUG Side: ON	 Angle(dx0, dx): 10.56 deg 	 Angle(n, nold): 0.00 deg 	 Distance in patch: 6.175E-02 	 Total distance: 6.175E-02 	 Future toggles: 1 	 Past toggles: 1 	 Toggled: [[4, array([37], dtype=int64), array([[ True]])]] 	 class: [0 1]
10:11:58,623 root DEBUG Side: OFF	 Angle(dx0, dx): 1.33 deg 	 Angle(n, nold): 0.00 deg 	 Distance in patch: 1.178E-01 	 Total distance: 1.178E-01 	 Future toggles: 1 	 Past toggles: 1 	 Toggled: [[3, array([245], dtype=int64), array([[False]])]] 	 class: [0 1]
10:11:58,623 root DEBUG Check patch-by-patch distances for success (dOFF_patch>dON_patch) and ratio (dOFF_patch/dON_patch):
10:11:58,624 root DEBUG 	 nT= 1  	 success?    True    	 (dON-dOFF)/|dON+dOFF|: 31.20 	 cIDON = [0 1], cIDOFF = [0 1]
10:11:58,624 root DEBUG ===> #(dOFF_patch>dON_patch) = 1/1 = 100.00%
10:11:58,624 root DEBUG dOFF/dON = 1.9
10:11:58,624 root DEBUG {'CHOOSE_DX': 'along_decision_boundary', 'dxONAngle': 87.8472646503236, 'dON1': 0.06175049075689079, 'cIDON1': array([0, 1], dtype=int64), 'dON_patch_1': 0.06175049075689079, 'nTON': 1, 'dON': 0.06175049075689079, 'dxOFFAngle': 87.35088181797038, 'dOFF1': 0.11776020917502715, 'cIDOFF1': array([0, 1], dtype=int64), 'dOFF_patch_1': 0.11776020917502715, 'nTOFF': 1, 'dOFF': 0.11776020917502715, 'SUCCESS': True}
10:11:58,629 root DEBUG 

=================== Experiment ID #33 	 Dual Point ID: 41 ===================
10:11:58,647 root DEBUG CONTROL: 	 WARNING! 	 (target neuron output > tolerance: |1.284E-06|>1.000E-06)
10:11:58,647 root DEBUG CONTROL DUAL POINT: Check that target neuron output < tolerance ({tol:.3E}) at x_dual.
10:11:58,648 root DEBUG CONTROL DUAL POINT: Check that target neuron output < tolerance ({tol:.3E}) at x_dual.
10:11:58,648 root DEBUG 

=================== Experiment ID #33 	 Dual Point ID: 42 ===================
10:11:58,676 root DEBUG CONTROL: 	 OK! 	 (target neuron output < tolerance: |1.137E-07|<1.000E-06)
10:11:58,676 root DEBUG CONTROL DUAL POINT: Check that target neuron output < tolerance ({tol:.3E}) at x_dual.
10:11:59,2 root DEBUG Side: ON	 Angle(dx0, dx): 26.18 deg 	 Angle(n, nold): 0.00 deg 	 Distance in patch: 5.392E-02 	 Total distance: 5.392E-02 	 Future toggles: 1 	 Past toggles: 1 	 Toggled: [[5, array([4, 5], dtype=int64), array([[0.],
       [1.]])]] 	 class: [2 5]
10:11:59,423 root DEBUG Side: OFF	 Angle(dx0, dx): 7.09 deg 	 Angle(n, nold): 6.71 deg 	 Distance in patch: 7.866E-02 	 Total distance: 7.866E-02 	 Future toggles: 0 	 Past toggles: 1 	 Toggled: [[1, array([175], dtype=int64), array([[False]])]] 	 class: [2 4]
10:11:59,642 root DEBUG Side: OFF	 Angle(dx0, dx): 3.25 deg 	 Angle(n, nold): 0.00 deg 	 Distance in patch: 1.994E-02 	 Total distance: 9.860E-02 	 Future toggles: 0 	 Past toggles: 2 	 Toggled: [[2, array([160], dtype=int64), array([[ True]])]] 	 class: [2 4]
10:11:59,877 root DEBUG Side: OFF	 Angle(dx0, dx): 0.78 deg 	 Angle(n, nold): 0.51 deg 	 Distance in patch: 1.498E-01 	 Total distance: 2.484E-01 	 Future toggles: 0 	 Past toggles: 3 	 Toggled: [[1, array([137], dtype=int64), array([[ True]])]] 	 class: [2 4]
10:12:00,66 root DEBUG Side: OFF	 Angle(dx0, dx): 1.42 deg 	 Angle(n, nold): 0.00 deg 	 Distance in patch: 1.038E-02 	 Total distance: 2.587E-01 	 Future toggles: 1 	 Past toggles: 1 	 Toggled: [[4, array([47], dtype=int64), array([[ True]])]] 	 class: [2 4]
10:12:00,66 root DEBUG Check patch-by-patch distances for success (dOFF_patch>dON_patch) and ratio (dOFF_patch/dON_patch):
10:12:00,67 root DEBUG 	 nT= 1  	 success?    True    	 (dON-dOFF)/|dON+dOFF|: 65.51 	 cIDON = [2 4], cIDOFF = [2 4]
10:12:00,67 root DEBUG ===> #(dOFF_patch>dON_patch) = 1/1 = 100.00%
10:12:00,67 root DEBUG dOFF/dON = 4.8
10:12:00,67 root DEBUG {'CHOOSE_DX': 'along_decision_boundary', 'dxONAngle': 57.90505240266621, 'dON1': 0.05391694979130256, 'cIDON1': array([2, 4], dtype=int64), 'dON_patch_1': 0.05391694979130256, 'nTON': 1, 'dON': 0.05391694979130256, 'dxOFFAngle': 64.91160407297053, 'dOFF1': 0.25873980117683515, 'cIDOFF1': array([2, 4], dtype=int64), 'dOFF_patch_1': 0.25873980117683515, 'nTOFF': 1, 'dOFF': 0.25873980117683515, 'SUCCESS': True}
10:12:00,76 root DEBUG 

=================== Experiment ID #34 	 Dual Point ID: 43 ===================
10:12:00,110 root DEBUG CONTROL: 	 WARNING! 	 (target neuron output > tolerance: |1.558E-06|>1.000E-06)
10:12:00,110 root DEBUG CONTROL DUAL POINT: Check that target neuron output < tolerance ({tol:.3E}) at x_dual.
10:12:00,110 root DEBUG CONTROL DUAL POINT: Check that target neuron output < tolerance ({tol:.3E}) at x_dual.
10:12:00,110 root DEBUG 

=================== Experiment ID #34 	 Dual Point ID: 44 ===================
10:12:00,144 root DEBUG CONTROL: 	 WARNING! 	 (target neuron output > tolerance: |1.416E-06|>1.000E-06)
10:12:00,144 root DEBUG CONTROL DUAL POINT: Check that target neuron output < tolerance ({tol:.3E}) at x_dual.
10:12:00,144 root DEBUG CONTROL DUAL POINT: Check that target neuron output < tolerance ({tol:.3E}) at x_dual.
10:12:00,145 root DEBUG 

=================== Experiment ID #34 	 Dual Point ID: 45 ===================
10:12:00,184 root DEBUG CONTROL: 	 OK! 	 (target neuron output < tolerance: |4.594E-07|<1.000E-06)
10:12:00,184 root DEBUG CONTROL DUAL POINT: Check that target neuron output < tolerance ({tol:.3E}) at x_dual.
10:12:00,566 root DEBUG Side: ON	 Angle(dx0, dx): 1.18 deg 	 Angle(n, nold): 0.00 deg 	 Distance in patch: 5.918E-02 	 Total distance: 5.918E-02 	 Future toggles: 0 	 Past toggles: 1 	 Toggled: [[2, array([165], dtype=int64), array([[ True]])]] 	 class: [4 5]
10:12:00,795 root DEBUG Side: ON	 Angle(dx0, dx): 1.11 deg 	 Angle(n, nold): 0.00 deg 	 Distance in patch: 1.524E-02 	 Total distance: 7.442E-02 	 Future toggles: 0 	 Past toggles: 2 	 Toggled: [[2, array([81], dtype=int64), array([[False]])]] 	 class: [4 5]
10:12:01,51 root DEBUG Side: ON	 Angle(dx0, dx): 1.56 deg 	 Angle(n, nold): 1.18 deg 	 Distance in patch: 9.800E-04 	 Total distance: 7.540E-02 	 Future toggles: 0 	 Past toggles: 3 	 Toggled: [[1, array([198], dtype=int64), array([[False]])]] 	 class: [4 5]
10:12:01,233 root DEBUG Side: ON	 Angle(dx0, dx): 11.83 deg 	 Angle(n, nold): 0.00 deg 	 Distance in patch: 4.395E-04 	 Total distance: 7.584E-02 	 Future toggles: 1 	 Past toggles: 1 	 Toggled: [[4, array([20], dtype=int64), array([[False]])]] 	 class: [4 5]
10:12:01,606 root DEBUG Side: OFF	 Angle(dx0, dx): 7.25 deg 	 Angle(n, nold): 1.18 deg 	 Distance in patch: 9.922E-03 	 Total distance: 9.922E-03 	 Future toggles: 0 	 Past toggles: 1 	 Toggled: [[2, array([132], dtype=int64), array([[False]])]] 	 class: [4 5]
10:12:01,899 root DEBUG Side: OFF	 Angle(dx0, dx): 0.62 deg 	 Angle(n, nold): 0.00 deg 	 Distance in patch: 4.895E-02 	 Total distance: 5.888E-02 	 Future toggles: 0 	 Past toggles: 2 	 Toggled: [[2, array([150], dtype=int64), array([[ True]])]] 	 class: [4 5]
10:12:02,70 root DEBUG Side: OFF	 Angle(dx0, dx): 1.05 deg 	 Angle(n, nold): 0.00 deg 	 Distance in patch: 1.526E-02 	 Total distance: 7.413E-02 	 Future toggles: 0 	 Past toggles: 3 	 Toggled: [[2, array([104], dtype=int64), array([[ True]])]] 	 class: [4 5]
10:12:02,292 root DEBUG Side: OFF	 Angle(dx0, dx): 1.10 deg 	 Angle(n, nold): 0.00 deg 	 Distance in patch: 3.859E-02 	 Total distance: 1.127E-01 	 Future toggles: 0 	 Past toggles: 4 	 Toggled: [[2, array([95], dtype=int64), array([[ True]])]] 	 class: [4 5]
10:12:02,480 root DEBUG Side: OFF	 Angle(dx0, dx): 0.46 deg 	 Angle(n, nold): 0.00 deg 	 Distance in patch: 3.093E-02 	 Total distance: 1.437E-01 	 Future toggles: 1 	 Past toggles: 1 	 Toggled: [[3, array([97], dtype=int64), array([[ True]])]] 	 class: [4 5]
10:12:02,480 root DEBUG Check patch-by-patch distances for success (dOFF_patch>dON_patch) and ratio (dOFF_patch/dON_patch):
10:12:02,480 root DEBUG 	 nT= 1  	 success?    True    	 (dON-dOFF)/|dON+dOFF|: 30.90 	 cIDON = [4 5], cIDOFF = [4 5]
10:12:02,480 root DEBUG ===> #(dOFF_patch>dON_patch) = 1/1 = 100.00%
10:12:02,481 root DEBUG dOFF/dON = 1.9
10:12:02,481 root DEBUG {'CHOOSE_DX': 'along_decision_boundary', 'dxONAngle': 80.53693823833386, 'dON1': 0.0758374972585679, 'cIDON1': array([4, 5], dtype=int64), 'dON_patch_1': 0.0758374972585679, 'nTON': 1, 'dON': 0.0758374972585679, 'dxOFFAngle': 88.58565676248887, 'dOFF1': 0.14365136266968323, 'cIDOFF1': array([4, 5], dtype=int64), 'dOFF_patch_1': 0.14365136266968323, 'nTOFF': 1, 'dOFF': 0.14365136266968323, 'SUCCESS': True}
10:12:02,492 root DEBUG 

=================== Experiment ID #35 	 Dual Point ID: 46 ===================
10:12:02,530 root DEBUG CONTROL: 	 OK! 	 (target neuron output < tolerance: |6.803E-07|<1.000E-06)
10:12:02,530 root DEBUG CONTROL DUAL POINT: Check that target neuron output < tolerance ({tol:.3E}) at x_dual.
10:12:03,31 root DEBUG Side: ON	 Angle(dx0, dx): 1.10 deg 	 Angle(n, nold): 0.00 deg 	 Distance in patch: 4.561E-04 	 Total distance: 4.561E-04 	 Future toggles: 1 	 Past toggles: 1 	 Toggled: [[3, array([82], dtype=int64), array([[False]])]] 	 class: [2 5]
10:12:03,396 root DEBUG Side: OFF	 Angle(dx0, dx): 4.57 deg 	 Angle(n, nold): 0.00 deg 	 Distance in patch: 5.300E-02 	 Total distance: 5.300E-02 	 Future toggles: 1 	 Past toggles: 1 	 Toggled: [[3, array([216], dtype=int64), array([[False]])]] 	 class: [2 5]
10:12:03,396 root DEBUG Check patch-by-patch distances for success (dOFF_patch>dON_patch) and ratio (dOFF_patch/dON_patch):
10:12:03,397 root DEBUG 	 nT= 1  	 success?    True    	 (dON-dOFF)/|dON+dOFF|: 98.29 	 cIDON = [2 5], cIDOFF = [2 5]
10:12:03,397 root DEBUG ===> #(dOFF_patch>dON_patch) = 1/1 = 100.00%
10:12:03,397 root DEBUG dOFF/dON = 116.2
10:12:03,397 root DEBUG {'CHOOSE_DX': 'along_decision_boundary', 'dxONAngle': 75.23821144570945, 'dON1': 0.00045607892822098603, 'cIDON1': array([2, 5], dtype=int64), 'dON_patch_1': 0.00045607892822098603, 'nTON': 1, 'dON': 0.00045607892822098603, 'dxOFFAngle': 66.01896323831784, 'dOFF1': 0.053003628881948615, 'cIDOFF1': array([2, 5], dtype=int64), 'dOFF_patch_1': 0.053003628881948615, 'nTOFF': 1, 'dOFF': 0.053003628881948615, 'SUCCESS': True}
10:12:03,406 root DEBUG 

=================== Experiment ID #36 	 Dual Point ID: 47 ===================
10:12:03,440 root DEBUG CONTROL: 	 OK! 	 (target neuron output < tolerance: |4.748E-07|<1.000E-06)
10:12:03,440 root DEBUG CONTROL DUAL POINT: Check that target neuron output < tolerance ({tol:.3E}) at x_dual.
10:12:03,904 root DEBUG Side: ON	 Angle(dx0, dx): 0.21 deg 	 Angle(n, nold): 0.00 deg 	 Distance in patch: 8.976E-05 	 Total distance: 8.976E-05 	 Future toggles: 1 	 Past toggles: 1 	 Toggled: [[3, array([27], dtype=int64), array([[False]])]] 	 class: [6 9]
10:12:04,298 root DEBUG Side: OFF	 Angle(dx0, dx): 3.46 deg 	 Angle(n, nold): 0.00 deg 	 Distance in patch: 8.993E-02 	 Total distance: 8.993E-02 	 Future toggles: 1 	 Past toggles: 1 	 Toggled: [[3, array([53], dtype=int64), array([[False]])]] 	 class: [6 9]
10:12:04,298 root DEBUG Check patch-by-patch distances for success (dOFF_patch>dON_patch) and ratio (dOFF_patch/dON_patch):
10:12:04,298 root DEBUG 	 nT= 1  	 success?    True    	 (dON-dOFF)/|dON+dOFF|: 99.80 	 cIDON = [6 9], cIDOFF = [6 9]
10:12:04,298 root DEBUG ===> #(dOFF_patch>dON_patch) = 1/1 = 100.00%
10:12:04,298 root DEBUG dOFF/dON = 1001.9
10:12:04,298 root DEBUG {'CHOOSE_DX': 'along_decision_boundary', 'dxONAngle': 67.07044686140706, 'dON1': 8.976021942270197e-05, 'cIDON1': array([6, 9], dtype=int64), 'dON_patch_1': 8.976021942270197e-05, 'nTON': 1, 'dON': 8.976021942270197e-05, 'dxOFFAngle': 78.18085409063498, 'dOFF1': 0.08992752876088324, 'cIDOFF1': array([6, 9], dtype=int64), 'dOFF_patch_1': 0.08992752876088324, 'nTOFF': 1, 'dOFF': 0.08992752876088324, 'SUCCESS': True}
10:12:04,446 PIL.PngImagePlugin DEBUG STREAM b'IHDR' 16 13
10:12:04,446 PIL.PngImagePlugin DEBUG STREAM b'sBIT' 41 4
10:12:04,447 PIL.PngImagePlugin DEBUG b'sBIT' 41 4 (unknown)
10:12:04,447 PIL.PngImagePlugin DEBUG STREAM b'pHYs' 57 9
10:12:04,447 PIL.PngImagePlugin DEBUG STREAM b'IDAT' 78 1189
10:12:04,452 PIL.PngImagePlugin DEBUG STREAM b'IHDR' 16 13
10:12:04,452 PIL.PngImagePlugin DEBUG STREAM b'sBIT' 41 4
10:12:04,452 PIL.PngImagePlugin DEBUG b'sBIT' 41 4 (unknown)
10:12:04,452 PIL.PngImagePlugin DEBUG STREAM b'pHYs' 57 9
10:12:04,452 PIL.PngImagePlugin DEBUG STREAM b'IDAT' 78 2994
10:12:04,465 PIL.PngImagePlugin DEBUG STREAM b'IHDR' 16 13
10:12:04,465 PIL.PngImagePlugin DEBUG STREAM b'sBIT' 41 4
10:12:04,465 PIL.PngImagePlugin DEBUG b'sBIT' 41 4 (unknown)
10:12:04,465 PIL.PngImagePlugin DEBUG STREAM b'pHYs' 57 9
10:12:04,465 PIL.PngImagePlugin DEBUG STREAM b'IDAT' 78 696
10:12:04,469 PIL.PngImagePlugin DEBUG STREAM b'IHDR' 16 13
10:12:04,469 PIL.PngImagePlugin DEBUG STREAM b'sBIT' 41 4
10:12:04,469 PIL.PngImagePlugin DEBUG b'sBIT' 41 4 (unknown)
10:12:04,469 PIL.PngImagePlugin DEBUG STREAM b'pHYs' 57 9
10:12:04,469 PIL.PngImagePlugin DEBUG STREAM b'IDAT' 78 526
10:12:04,473 PIL.PngImagePlugin DEBUG STREAM b'IHDR' 16 13
10:12:04,473 PIL.PngImagePlugin DEBUG STREAM b'sBIT' 41 4
10:12:04,473 PIL.PngImagePlugin DEBUG b'sBIT' 41 4 (unknown)
10:12:04,473 PIL.PngImagePlugin DEBUG STREAM b'pHYs' 57 9
10:12:04,473 PIL.PngImagePlugin DEBUG STREAM b'IDAT' 78 499
10:12:04,477 PIL.PngImagePlugin DEBUG STREAM b'IHDR' 16 13
10:12:04,477 PIL.PngImagePlugin DEBUG STREAM b'sBIT' 41 4
10:12:04,477 PIL.PngImagePlugin DEBUG b'sBIT' 41 4 (unknown)
10:12:04,478 PIL.PngImagePlugin DEBUG STREAM b'pHYs' 57 9
10:12:04,478 PIL.PngImagePlugin DEBUG STREAM b'IDAT' 78 673
10:12:04,482 PIL.PngImagePlugin DEBUG STREAM b'IHDR' 16 13
10:12:04,482 PIL.PngImagePlugin DEBUG STREAM b'sBIT' 41 4
10:12:04,482 PIL.PngImagePlugin DEBUG b'sBIT' 41 4 (unknown)
10:12:04,482 PIL.PngImagePlugin DEBUG STREAM b'pHYs' 57 9
10:12:04,483 PIL.PngImagePlugin DEBUG STREAM b'IDAT' 78 922
10:12:04,487 PIL.PngImagePlugin DEBUG STREAM b'IHDR' 16 13
10:12:04,487 PIL.PngImagePlugin DEBUG STREAM b'sBIT' 41 4
10:12:04,487 PIL.PngImagePlugin DEBUG b'sBIT' 41 4 (unknown)
10:12:04,487 PIL.PngImagePlugin DEBUG STREAM b'pHYs' 57 9
10:12:04,488 PIL.PngImagePlugin DEBUG STREAM b'IDAT' 78 568
10:12:04,491 PIL.PngImagePlugin DEBUG STREAM b'IHDR' 16 13
10:12:04,492 PIL.PngImagePlugin DEBUG STREAM b'sBIT' 41 4
10:12:04,492 PIL.PngImagePlugin DEBUG b'sBIT' 41 4 (unknown)
10:12:04,492 PIL.PngImagePlugin DEBUG STREAM b'pHYs' 57 9
10:12:04,492 PIL.PngImagePlugin DEBUG STREAM b'IDAT' 78 626
