11:58:22,371 root DEBUG Check that model weights are dtype tf.float64: 	 <dtype: 'float64'>
11:58:22,371 root INFO eps: 1e-06
11:58:22,371 root INFO tol: 1e-06
11:58:22,372 root DEBUG Load dual points from file: ../data/dual_points_cifar10_3x256_64_10_float64.
11:58:22,384 root DEBUG 

=================== Experiment ID #0 	 Dual Point ID: 1 ===================
11:58:22,395 root DEBUG CONTROL: 	 OK! 	 (target neuron output < tolerance: |8.300E-08|<1.000E-06)
11:58:22,395 root DEBUG CONTROL DUAL POINT: Check that target neuron output < tolerance ({tol:.3E}) at x_dual.
11:58:22,697 root DEBUG Side: ON	 Angle(dx0, dx): 1.22 deg 	 Angle(n, nold): 0.00 deg 	 Distance in patch: 6.856E-02 	 Total distance: 6.856E-02 	 Future toggles: 1 	 Past toggles: 1 	 Toggled: [[3, array([234], dtype=int64), array([[ True]])]] 	 class: [4 8]
11:58:23,44 root DEBUG Side: OFF	 Angle(dx0, dx): 3.72 deg 	 Angle(n, nold): 0.00 deg 	 Distance in patch: 8.200E-02 	 Total distance: 8.200E-02 	 Future toggles: 1 	 Past toggles: 1 	 Toggled: [[4, array([56], dtype=int64), array([[False]])]] 	 class: [4 8]
11:58:23,44 root DEBUG Check patch-by-patch distances for success (dOFF_patch>dON_patch) and ratio (dOFF_patch/dON_patch):
11:58:23,45 root DEBUG 	 nT= 1  	 success?    True    	 (dON-dOFF)/|dON+dOFF|: 8.92 	 cIDON = [4 8], cIDOFF = [4 8]
11:58:23,45 root DEBUG ===> #(dOFF_patch>dON_patch) = 1/1 = 100.00%
11:58:23,45 root DEBUG dOFF/dON = 1.2
11:58:23,45 root DEBUG {'CHOOSE_DX': 'along_decision_boundary', 'dxONAngle': 89.85465107446244, 'dON1': 0.06855992777109658, 'cIDON1': array([4, 8], dtype=int64), 'dON_patch_1': 0.06855992777109658, 'nTON': 1, 'dON': 0.06855992777109658, 'dxOFFAngle': 88.2868496327954, 'dOFF1': 0.08199656838656774, 'cIDOFF1': array([4, 8], dtype=int64), 'dOFF_patch_1': 0.08199656838656774, 'nTOFF': 1, 'dOFF': 0.08199656838656774, 'SUCCESS': True}
11:58:23,54 root DEBUG 

=================== Experiment ID #1 	 Dual Point ID: 2 ===================
11:58:23,60 root DEBUG CONTROL: 	 OK! 	 (target neuron output < tolerance: |1.136E-07|<1.000E-06)
11:58:23,60 root DEBUG CONTROL DUAL POINT: Check that target neuron output < tolerance ({tol:.3E}) at x_dual.
11:58:23,264 root DEBUG Side: ON	 Angle(dx0, dx): 1.52 deg 	 Angle(n, nold): 0.00 deg 	 Distance in patch: 9.133E-03 	 Total distance: 9.133E-03 	 Future toggles: 1 	 Past toggles: 1 	 Toggled: [[2, array([238], dtype=int64), array([[False]])]] 	 class: [2 7]
11:58:23,603 root DEBUG Side: OFF	 Angle(dx0, dx): 1.07 deg 	 Angle(n, nold): 0.00 deg 	 Distance in patch: 4.095E-02 	 Total distance: 4.095E-02 	 Future toggles: 1 	 Past toggles: 1 	 Toggled: [[2, array([179], dtype=int64), array([[ True]])]] 	 class: [2 7]
11:58:23,603 root DEBUG Check patch-by-patch distances for success (dOFF_patch>dON_patch) and ratio (dOFF_patch/dON_patch):
11:58:23,603 root DEBUG 	 nT= 1  	 success?    True    	 (dON-dOFF)/|dON+dOFF|: 63.52 	 cIDON = [2 7], cIDOFF = [2 7]
11:58:23,603 root DEBUG ===> #(dOFF_patch>dON_patch) = 1/1 = 100.00%
11:58:23,603 root DEBUG dOFF/dON = 4.5
11:58:23,604 root DEBUG {'CHOOSE_DX': 'along_decision_boundary', 'dxONAngle': 89.98964778838925, 'dON1': 0.009133287152141688, 'cIDON1': array([2, 7], dtype=int64), 'dON_patch_1': 0.009133287152141688, 'nTON': 1, 'dON': 0.009133287152141688, 'dxOFFAngle': 82.94959580003975, 'dOFF1': 0.04094584578911982, 'cIDOFF1': array([2, 7], dtype=int64), 'dOFF_patch_1': 0.04094584578911982, 'nTOFF': 1, 'dOFF': 0.04094584578911982, 'SUCCESS': True}
11:58:23,610 root DEBUG 

=================== Experiment ID #2 	 Dual Point ID: 3 ===================
11:58:23,623 root DEBUG CONTROL: 	 OK! 	 (target neuron output < tolerance: |8.128E-08|<1.000E-06)
11:58:23,623 root DEBUG CONTROL DUAL POINT: Check that target neuron output < tolerance ({tol:.3E}) at x_dual.
11:58:23,854 root DEBUG Side: ON	 Angle(dx0, dx): 1.48 deg 	 Angle(n, nold): 0.00 deg 	 Distance in patch: 7.767E-02 	 Total distance: 7.767E-02 	 Future toggles: 1 	 Past toggles: 1 	 Toggled: [[3, array([144], dtype=int64), array([[False]])]] 	 class: [0 1]
11:58:24,67 root DEBUG Side: OFF	 Angle(dx0, dx): 1.12 deg 	 Angle(n, nold): 0.00 deg 	 Distance in patch: 2.560E-01 	 Total distance: 2.560E-01 	 Future toggles: 0 	 Past toggles: 1 	 Toggled: [[1, array([60], dtype=int64), array([[ True]])]] 	 class: [0 1]
11:58:24,229 root DEBUG Side: OFF	 Angle(dx0, dx): 0.95 deg 	 Angle(n, nold): 0.00 deg 	 Distance in patch: 1.780E-01 	 Total distance: 4.340E-01 	 Future toggles: 1 	 Past toggles: 1 	 Toggled: [[2, array([166], dtype=int64), array([[ True]])]] 	 class: [0 1]
11:58:24,229 root DEBUG Check patch-by-patch distances for success (dOFF_patch>dON_patch) and ratio (dOFF_patch/dON_patch):
11:58:24,229 root DEBUG 	 nT= 1  	 success?    True    	 (dON-dOFF)/|dON+dOFF|: 69.64 	 cIDON = [0 1], cIDOFF = [0 1]
11:58:24,230 root DEBUG ===> #(dOFF_patch>dON_patch) = 1/1 = 100.00%
11:58:24,230 root DEBUG dOFF/dON = 5.6
11:58:24,230 root DEBUG {'CHOOSE_DX': 'along_decision_boundary', 'dxONAngle': 76.91225433332188, 'dON1': 0.07767032862251996, 'cIDON1': array([0, 1], dtype=int64), 'dON_patch_1': 0.07767032862251996, 'nTON': 1, 'dON': 0.07767032862251996, 'dxOFFAngle': 85.58812561936082, 'dOFF1': 0.4340104401851301, 'cIDOFF1': array([0, 1], dtype=int64), 'dOFF_patch_1': 0.4340104401851301, 'nTOFF': 1, 'dOFF': 0.4340104401851301, 'SUCCESS': True}
11:58:24,240 root DEBUG 

=================== Experiment ID #3 	 Dual Point ID: 4 ===================
11:58:24,253 root DEBUG CONTROL: 	 OK! 	 (target neuron output < tolerance: |1.530E-07|<1.000E-06)
11:58:24,253 root DEBUG CONTROL DUAL POINT: Check that target neuron output < tolerance ({tol:.3E}) at x_dual.
11:58:24,490 root DEBUG Side: ON	 Angle(dx0, dx): 8.65 deg 	 Angle(n, nold): 0.00 deg 	 Distance in patch: 5.181E-02 	 Total distance: 5.181E-02 	 Future toggles: 1 	 Past toggles: 1 	 Toggled: [[5, array([2, 6], dtype=int64), array([[1.],
       [0.]])]] 	 class: [2 7]
11:58:24,775 root DEBUG Side: OFF	 Angle(dx0, dx): 0.06 deg 	 Angle(n, nold): 0.00 deg 	 Distance in patch: 2.604E-01 	 Total distance: 2.604E-01 	 Future toggles: 0 	 Past toggles: 1 	 Toggled: [[1, array([180], dtype=int64), array([[False]])]] 	 class: [6 7]
11:58:24,965 root DEBUG Side: OFF	 Angle(dx0, dx): 0.05 deg 	 Angle(n, nold): 0.00 deg 	 Distance in patch: 2.942E-01 	 Total distance: 5.545E-01 	 Future toggles: 0 	 Past toggles: 2 	 Toggled: [[1, array([140], dtype=int64), array([[False]])]] 	 class: [6 7]
11:58:25,125 root DEBUG Side: OFF	 Angle(dx0, dx): 0.12 deg 	 Angle(n, nold): 0.00 deg 	 Distance in patch: 2.184E-01 	 Total distance: 7.730E-01 	 Future toggles: 0 	 Past toggles: 3 	 Toggled: [[1, array([97], dtype=int64), array([[ True]])]] 	 class: [6 7]
11:58:25,311 root DEBUG Side: OFF	 Angle(dx0, dx): 0.08 deg 	 Angle(n, nold): 0.00 deg 	 Distance in patch: 5.535E-01 	 Total distance: 1.326E+00 	 Future toggles: 1 	 Past toggles: 1 	 Toggled: [[2, array([206], dtype=int64), array([[ True]])]] 	 class: [6 7]
11:58:25,311 root DEBUG Check patch-by-patch distances for success (dOFF_patch>dON_patch) and ratio (dOFF_patch/dON_patch):
11:58:25,311 root DEBUG 	 nT= 1  	 success?    True    	 (dON-dOFF)/|dON+dOFF|: 92.48 	 cIDON = [6 7], cIDOFF = [6 7]
11:58:25,311 root DEBUG ===> #(dOFF_patch>dON_patch) = 1/1 = 100.00%
11:58:25,311 root DEBUG dOFF/dON = 25.6
11:58:25,311 root DEBUG {'CHOOSE_DX': 'along_decision_boundary', 'dxONAngle': 82.63464761562469, 'dON1': 0.05180935161068777, 'cIDON1': array([6, 7], dtype=int64), 'dON_patch_1': 0.05180935161068777, 'nTON': 1, 'dON': 0.05180935161068777, 'dxOFFAngle': 87.10492974479399, 'dOFF1': 1.326454555703533, 'cIDOFF1': array([6, 7], dtype=int64), 'dOFF_patch_1': 1.326454555703533, 'nTOFF': 1, 'dOFF': 1.326454555703533, 'SUCCESS': True}
11:58:25,317 root DEBUG 

=================== Experiment ID #4 	 Dual Point ID: 5 ===================
11:58:25,327 root DEBUG CONTROL: 	 OK! 	 (target neuron output < tolerance: |2.179E-07|<1.000E-06)
11:58:25,328 root DEBUG CONTROL DUAL POINT: Check that target neuron output < tolerance ({tol:.3E}) at x_dual.
11:58:25,592 root DEBUG Side: ON	 Angle(dx0, dx): 1.28 deg 	 Angle(n, nold): 0.00 deg 	 Distance in patch: 2.275E-02 	 Total distance: 2.275E-02 	 Future toggles: 1 	 Past toggles: 1 	 Toggled: [[2, array([92], dtype=int64), array([[ True]])]] 	 class: [3 7]
11:58:25,880 root DEBUG Side: OFF	 Angle(dx0, dx): 0.67 deg 	 Angle(n, nold): 0.00 deg 	 Distance in patch: 4.339E-02 	 Total distance: 4.339E-02 	 Future toggles: 1 	 Past toggles: 1 	 Toggled: [[4, array([49], dtype=int64), array([[False]])]] 	 class: [3 7]
11:58:25,880 root DEBUG Check patch-by-patch distances for success (dOFF_patch>dON_patch) and ratio (dOFF_patch/dON_patch):
11:58:25,880 root DEBUG 	 nT= 1  	 success?    True    	 (dON-dOFF)/|dON+dOFF|: 31.21 	 cIDON = [3 7], cIDOFF = [3 7]
11:58:25,880 root DEBUG ===> #(dOFF_patch>dON_patch) = 1/1 = 100.00%
11:58:25,880 root DEBUG dOFF/dON = 1.9
11:58:25,880 root DEBUG {'CHOOSE_DX': 'along_decision_boundary', 'dxONAngle': 86.31279658913125, 'dON1': 0.022746078241086702, 'cIDON1': array([3, 7], dtype=int64), 'dON_patch_1': 0.022746078241086702, 'nTON': 1, 'dON': 0.022746078241086702, 'dxOFFAngle': 89.51488852756171, 'dOFF1': 0.04338702075944532, 'cIDOFF1': array([3, 7], dtype=int64), 'dOFF_patch_1': 0.04338702075944532, 'nTOFF': 1, 'dOFF': 0.04338702075944532, 'SUCCESS': True}
11:58:25,886 root DEBUG 

=================== Experiment ID #5 	 Dual Point ID: 6 ===================
11:58:25,893 root DEBUG CONTROL: 	 OK! 	 (target neuron output < tolerance: |3.790E-08|<1.000E-06)
11:58:25,893 root DEBUG CONTROL DUAL POINT: Check that target neuron output < tolerance ({tol:.3E}) at x_dual.
11:58:26,150 root DEBUG Side: ON	 Angle(dx0, dx): 8.61 deg 	 Angle(n, nold): 0.00 deg 	 Distance in patch: 2.374E-02 	 Total distance: 2.374E-02 	 Future toggles: 1 	 Past toggles: 1 	 Toggled: [[3, array([85], dtype=int64), array([[False]])]] 	 class: [4 9]
11:58:26,377 root DEBUG Side: OFF	 Angle(dx0, dx): 0.27 deg 	 Angle(n, nold): 0.00 deg 	 Distance in patch: 1.854E-02 	 Total distance: 1.854E-02 	 Future toggles: 1 	 Past toggles: 1 	 Toggled: [[4, array([6], dtype=int64), array([[False]])]] 	 class: [4 9]
11:58:26,377 root DEBUG Check patch-by-patch distances for success (dOFF_patch>dON_patch) and ratio (dOFF_patch/dON_patch):
11:58:26,377 root DEBUG 	 nT= 1  	 success?   False    	 (dON-dOFF)/|dON+dOFF|: -12.30 	 cIDON = [4 9], cIDOFF = [4 9]
11:58:26,377 root DEBUG ===> #(dOFF_patch>dON_patch) = 0/1 = 0.00%
11:58:26,377 root DEBUG dOFF/dON = 0.8
11:58:26,377 root DEBUG {'CHOOSE_DX': 'along_decision_boundary', 'dxONAngle': 82.69313713448155, 'dON1': 0.0237391817432332, 'cIDON1': array([4, 9], dtype=int64), 'dON_patch_1': 0.0237391817432332, 'nTON': 1, 'dON': 0.0237391817432332, 'dxOFFAngle': 84.51715247656348, 'dOFF1': 0.018540697193629562, 'cIDOFF1': array([4, 9], dtype=int64), 'dOFF_patch_1': 0.018540697193629562, 'nTOFF': 1, 'dOFF': 0.018540697193629562, 'SUCCESS': False}
11:58:26,390 root DEBUG 

=================== Experiment ID #6 	 Dual Point ID: 7 ===================
11:58:26,400 root DEBUG CONTROL: 	 OK! 	 (target neuron output < tolerance: |4.608E-08|<1.000E-06)
11:58:26,400 root DEBUG CONTROL DUAL POINT: Check that target neuron output < tolerance ({tol:.3E}) at x_dual.
11:58:26,618 root DEBUG Side: ON	 Angle(dx0, dx): 1.31 deg 	 Angle(n, nold): 0.00 deg 	 Distance in patch: 4.206E-02 	 Total distance: 4.206E-02 	 Future toggles: 1 	 Past toggles: 1 	 Toggled: [[3, array([215], dtype=int64), array([[ True]])]] 	 class: [0 1]
11:58:26,868 root DEBUG Side: OFF	 Angle(dx0, dx): 0.13 deg 	 Angle(n, nold): 0.00 deg 	 Distance in patch: 1.286E-02 	 Total distance: 1.286E-02 	 Future toggles: 0 	 Past toggles: 1 	 Toggled: [[1, array([217], dtype=int64), array([[ True]])]] 	 class: [0 1]
11:58:26,994 root DEBUG Side: OFF	 Angle(dx0, dx): 1.55 deg 	 Angle(n, nold): 0.00 deg 	 Distance in patch: 2.623E-02 	 Total distance: 3.908E-02 	 Future toggles: 1 	 Past toggles: 1 	 Toggled: [[4, array([10], dtype=int64), array([[ True]])]] 	 class: [0 1]
11:58:26,995 root DEBUG Check patch-by-patch distances for success (dOFF_patch>dON_patch) and ratio (dOFF_patch/dON_patch):
11:58:26,996 root DEBUG 	 nT= 1  	 success?   False    	 (dON-dOFF)/|dON+dOFF|: -3.67 	 cIDON = [0 1], cIDOFF = [0 1]
11:58:26,996 root DEBUG ===> #(dOFF_patch>dON_patch) = 0/1 = 0.00%
11:58:26,996 root DEBUG dOFF/dON = 0.9
11:58:26,996 root DEBUG {'CHOOSE_DX': 'along_decision_boundary', 'dxONAngle': 88.09992367416663, 'dON1': 0.042064144617726916, 'cIDON1': array([0, 1], dtype=int64), 'dON_patch_1': 0.042064144617726916, 'nTON': 1, 'dON': 0.042064144617726916, 'dxOFFAngle': 89.266974763929, 'dOFF1': 0.03908453895704658, 'cIDOFF1': array([0, 1], dtype=int64), 'dOFF_patch_1': 0.03908453895704658, 'nTOFF': 1, 'dOFF': 0.03908453895704658, 'SUCCESS': False}
11:58:27,7 root DEBUG 

=================== Experiment ID #7 	 Dual Point ID: 8 ===================
11:58:27,16 root DEBUG CONTROL: 	 OK! 	 (target neuron output < tolerance: |6.484E-08|<1.000E-06)
11:58:27,17 root DEBUG CONTROL DUAL POINT: Check that target neuron output < tolerance ({tol:.3E}) at x_dual.
11:58:27,290 root DEBUG Side: ON	 Angle(dx0, dx): 5.92 deg 	 Angle(n, nold): 0.00 deg 	 Distance in patch: 4.245E-01 	 Total distance: 4.245E-01 	 Future toggles: 1 	 Past toggles: 1 	 Toggled: [[3, array([190], dtype=int64), array([[ True]])]] 	 class: [1 8]
11:58:27,487 root DEBUG Side: OFF	 Angle(dx0, dx): 1.68 deg 	 Angle(n, nold): 0.00 deg 	 Distance in patch: 1.590E-02 	 Total distance: 1.590E-02 	 Future toggles: 1 	 Past toggles: 1 	 Toggled: [[4, array([7], dtype=int64), array([[False]])]] 	 class: [0 8]
11:58:27,487 root DEBUG Check patch-by-patch distances for success (dOFF_patch>dON_patch) and ratio (dOFF_patch/dON_patch):
11:58:27,487 root DEBUG 	 nT= 1  	 success?   False    	 (dON-dOFF)/|dON+dOFF|: -92.78 	 cIDON = [1 8], cIDOFF = [0 8]
11:58:27,487 root DEBUG ===> #(dOFF_patch>dON_patch) = 0/1 = 0.00%
11:58:27,487 root DEBUG dOFF/dON = 0.0
11:58:27,488 root DEBUG {'CHOOSE_DX': 'along_decision_boundary', 'dxONAngle': 68.63207755372558, 'dON1': 0.4245198364339531, 'cIDON1': array([1, 8], dtype=int64), 'dON_patch_1': 0.4245198364339531, 'nTON': 1, 'dON': 0.4245198364339531, 'dxOFFAngle': 85.69665190710414, 'dOFF1': 0.01589591893178489, 'cIDOFF1': array([0, 8], dtype=int64), 'dOFF_patch_1': 0.01589591893178489, 'nTOFF': 1, 'dOFF': 0.01589591893178489, 'SUCCESS': False}
11:58:27,500 root DEBUG 

=================== Experiment ID #8 	 Dual Point ID: 9 ===================
11:58:27,506 root DEBUG CONTROL: 	 OK! 	 (target neuron output < tolerance: |4.434E-07|<1.000E-06)
11:58:27,506 root DEBUG CONTROL DUAL POINT: Check that target neuron output < tolerance ({tol:.3E}) at x_dual.
11:58:27,747 root DEBUG Side: ON	 Angle(dx0, dx): 0.57 deg 	 Angle(n, nold): 0.00 deg 	 Distance in patch: 3.141E-02 	 Total distance: 3.141E-02 	 Future toggles: 1 	 Past toggles: 1 	 Toggled: [[2, array([96], dtype=int64), array([[False]])]] 	 class: [3 7]
11:58:28,7 root DEBUG Side: OFF	 Angle(dx0, dx): 1.51 deg 	 Angle(n, nold): 0.00 deg 	 Distance in patch: 1.074E-01 	 Total distance: 1.074E-01 	 Future toggles: 1 	 Past toggles: 1 	 Toggled: [[3, array([238], dtype=int64), array([[False]])]] 	 class: [3 7]
11:58:28,7 root DEBUG Check patch-by-patch distances for success (dOFF_patch>dON_patch) and ratio (dOFF_patch/dON_patch):
11:58:28,8 root DEBUG 	 nT= 1  	 success?    True    	 (dON-dOFF)/|dON+dOFF|: 54.73 	 cIDON = [3 7], cIDOFF = [3 7]
11:58:28,8 root DEBUG ===> #(dOFF_patch>dON_patch) = 1/1 = 100.00%
11:58:28,8 root DEBUG dOFF/dON = 3.4
11:58:28,8 root DEBUG {'CHOOSE_DX': 'along_decision_boundary', 'dxONAngle': 81.40552862793331, 'dON1': 0.03141009243938701, 'cIDON1': array([3, 7], dtype=int64), 'dON_patch_1': 0.03141009243938701, 'nTON': 1, 'dON': 0.03141009243938701, 'dxOFFAngle': 84.5437913983935, 'dOFF1': 0.10737212403899273, 'cIDOFF1': array([3, 7], dtype=int64), 'dOFF_patch_1': 0.10737212403899273, 'nTOFF': 1, 'dOFF': 0.10737212403899273, 'SUCCESS': True}
11:58:28,16 root DEBUG 

=================== Experiment ID #9 	 Dual Point ID: 10 ===================
11:58:28,23 root DEBUG CONTROL: 	 OK! 	 (target neuron output < tolerance: |3.657E-07|<1.000E-06)
11:58:28,24 root DEBUG CONTROL DUAL POINT: Check that target neuron output < tolerance ({tol:.3E}) at x_dual.
11:58:28,231 root DEBUG Side: ON	 Angle(dx0, dx): 0.41 deg 	 Angle(n, nold): 0.00 deg 	 Distance in patch: 4.365E-02 	 Total distance: 4.365E-02 	 Future toggles: 1 	 Past toggles: 1 	 Toggled: [[4, array([37], dtype=int64), array([[False]])]] 	 class: [4 8]
11:58:28,444 root DEBUG Side: OFF	 Angle(dx0, dx): 1.03 deg 	 Angle(n, nold): 0.00 deg 	 Distance in patch: 3.299E-01 	 Total distance: 3.299E-01 	 Future toggles: 1 	 Past toggles: 1 	 Toggled: [[2, array([207], dtype=int64), array([[False]])]] 	 class: [4 8]
11:58:28,445 root DEBUG Check patch-by-patch distances for success (dOFF_patch>dON_patch) and ratio (dOFF_patch/dON_patch):
11:58:28,445 root DEBUG 	 nT= 1  	 success?    True    	 (dON-dOFF)/|dON+dOFF|: 76.63 	 cIDON = [4 8], cIDOFF = [4 8]
11:58:28,445 root DEBUG ===> #(dOFF_patch>dON_patch) = 1/1 = 100.00%
11:58:28,445 root DEBUG dOFF/dON = 7.6
11:58:28,445 root DEBUG {'CHOOSE_DX': 'along_decision_boundary', 'dxONAngle': 73.927777088173, 'dON1': 0.04365259613883204, 'cIDON1': array([4, 8], dtype=int64), 'dON_patch_1': 0.04365259613883204, 'nTON': 1, 'dON': 0.04365259613883204, 'dxOFFAngle': 85.20287432373667, 'dOFF1': 0.3299263708230933, 'cIDOFF1': array([4, 8], dtype=int64), 'dOFF_patch_1': 0.3299263708230933, 'nTOFF': 1, 'dOFF': 0.3299263708230933, 'SUCCESS': True}
11:58:28,451 root DEBUG 

=================== Experiment ID #10 	 Dual Point ID: 11 ===================
11:58:28,457 root DEBUG CONTROL: 	 OK! 	 (target neuron output < tolerance: |2.034E-08|<1.000E-06)
11:58:28,457 root DEBUG CONTROL DUAL POINT: Check that target neuron output < tolerance ({tol:.3E}) at x_dual.
11:58:28,661 root DEBUG Side: ON	 Angle(dx0, dx): 0.49 deg 	 Angle(n, nold): 0.00 deg 	 Distance in patch: 2.245E-02 	 Total distance: 2.245E-02 	 Future toggles: 1 	 Past toggles: 1 	 Toggled: [[3, array([221], dtype=int64), array([[False]])]] 	 class: [3 5]
11:58:28,825 root DEBUG Side: OFF	 Angle(dx0, dx): 0.84 deg 	 Angle(n, nold): 0.00 deg 	 Distance in patch: 5.447E-03 	 Total distance: 5.447E-03 	 Future toggles: 0 	 Past toggles: 1 	 Toggled: [[1, array([106], dtype=int64), array([[False]])]] 	 class: [3 5]
11:58:28,951 root DEBUG Side: OFF	 Angle(dx0, dx): 0.31 deg 	 Angle(n, nold): 0.00 deg 	 Distance in patch: 1.996E-02 	 Total distance: 2.540E-02 	 Future toggles: 1 	 Past toggles: 1 	 Toggled: [[2, array([164], dtype=int64), array([[False]])]] 	 class: [3 5]
11:58:28,951 root DEBUG Check patch-by-patch distances for success (dOFF_patch>dON_patch) and ratio (dOFF_patch/dON_patch):
11:58:28,951 root DEBUG 	 nT= 1  	 success?    True    	 (dON-dOFF)/|dON+dOFF|: 6.16 	 cIDON = [3 5], cIDOFF = [3 5]
11:58:28,951 root DEBUG ===> #(dOFF_patch>dON_patch) = 1/1 = 100.00%
11:58:28,951 root DEBUG dOFF/dON = 1.1
11:58:28,951 root DEBUG {'CHOOSE_DX': 'along_decision_boundary', 'dxONAngle': 82.34694931228621, 'dON1': 0.02245286919120341, 'cIDON1': array([3, 5], dtype=int64), 'dON_patch_1': 0.02245286919120341, 'nTON': 1, 'dON': 0.02245286919120341, 'dxOFFAngle': 83.95040063102766, 'dOFF1': 0.025402749239056756, 'cIDOFF1': array([3, 5], dtype=int64), 'dOFF_patch_1': 0.025402749239056756, 'nTOFF': 1, 'dOFF': 0.025402749239056756, 'SUCCESS': True}
11:58:28,961 root DEBUG 

=================== Experiment ID #11 	 Dual Point ID: 12 ===================
11:58:28,973 root DEBUG CONTROL: 	 OK! 	 (target neuron output < tolerance: |1.827E-08|<1.000E-06)
11:58:28,973 root DEBUG CONTROL DUAL POINT: Check that target neuron output < tolerance ({tol:.3E}) at x_dual.
11:58:29,240 root DEBUG Side: ON	 Angle(dx0, dx): 0.06 deg 	 Angle(n, nold): 0.00 deg 	 Distance in patch: 1.047E-02 	 Total distance: 1.047E-02 	 Future toggles: 0 	 Past toggles: 1 	 Toggled: [[1, array([109], dtype=int64), array([[False]])]] 	 class: [3 5]
11:58:29,438 root DEBUG Side: ON	 Angle(dx0, dx): 0.68 deg 	 Angle(n, nold): 0.00 deg 	 Distance in patch: 1.523E-02 	 Total distance: 2.569E-02 	 Future toggles: 1 	 Past toggles: 1 	 Toggled: [[3, array([47], dtype=int64), array([[False]])]] 	 class: [3 5]
11:58:29,624 root DEBUG Side: OFF	 Angle(dx0, dx): 0.92 deg 	 Angle(n, nold): 0.00 deg 	 Distance in patch: 1.264E-01 	 Total distance: 1.264E-01 	 Future toggles: 1 	 Past toggles: 1 	 Toggled: [[3, array([147], dtype=int64), array([[False]])]] 	 class: [3 5]
11:58:29,624 root DEBUG Check patch-by-patch distances for success (dOFF_patch>dON_patch) and ratio (dOFF_patch/dON_patch):
11:58:29,624 root DEBUG 	 nT= 1  	 success?    True    	 (dON-dOFF)/|dON+dOFF|: 66.21 	 cIDON = [3 5], cIDOFF = [3 5]
11:58:29,624 root DEBUG ===> #(dOFF_patch>dON_patch) = 1/1 = 100.00%
11:58:29,624 root DEBUG dOFF/dON = 4.9
11:58:29,624 root DEBUG {'CHOOSE_DX': 'along_decision_boundary', 'dxONAngle': 81.51966543426548, 'dON1': 0.025694173490080213, 'cIDON1': array([3, 5], dtype=int64), 'dON_patch_1': 0.025694173490080213, 'nTON': 1, 'dON': 0.025694173490080213, 'dxOFFAngle': 85.11959798295202, 'dOFF1': 0.12638865984987538, 'cIDOFF1': array([3, 5], dtype=int64), 'dOFF_patch_1': 0.12638865984987538, 'nTOFF': 1, 'dOFF': 0.12638865984987538, 'SUCCESS': True}
11:58:29,633 root DEBUG 

=================== Experiment ID #12 	 Dual Point ID: 13 ===================
11:58:29,640 root DEBUG CONTROL: 	 OK! 	 (target neuron output < tolerance: |5.441E-07|<1.000E-06)
11:58:29,640 root DEBUG CONTROL DUAL POINT: Check that target neuron output < tolerance ({tol:.3E}) at x_dual.
11:58:29,882 root DEBUG Side: ON	 Angle(dx0, dx): 0.30 deg 	 Angle(n, nold): 0.00 deg 	 Distance in patch: 3.663E-01 	 Total distance: 3.663E-01 	 Future toggles: 0 	 Past toggles: 1 	 Toggled: [[1, array([205], dtype=int64), array([[False]])]] 	 class: [7 9]
11:58:30,86 root DEBUG Side: ON	 Angle(dx0, dx): 4.60 deg 	 Angle(n, nold): 0.00 deg 	 Distance in patch: 1.545E-01 	 Total distance: 5.207E-01 	 Future toggles: 0 	 Past toggles: 2 	 Toggled: [[1, array([38], dtype=int64), array([[False]])]] 	 class: [7 9]
11:58:30,263 root DEBUG Side: ON	 Angle(dx0, dx): 4.60 deg 	 Angle(n, nold): 0.00 deg 	 Distance in patch: 1.273E-01 	 Total distance: 6.480E-01 	 Future toggles: 1 	 Past toggles: 1 	 Toggled: [[3, array([110], dtype=int64), array([[ True]])]] 	 class: [7 9]
11:58:30,493 root DEBUG Side: OFF	 Angle(dx0, dx): 0.48 deg 	 Angle(n, nold): 0.00 deg 	 Distance in patch: 4.159E-01 	 Total distance: 4.159E-01 	 Future toggles: 1 	 Past toggles: 1 	 Toggled: [[3, array([9], dtype=int64), array([[ True]])]] 	 class: [7 9]
11:58:30,493 root DEBUG Check patch-by-patch distances for success (dOFF_patch>dON_patch) and ratio (dOFF_patch/dON_patch):
11:58:30,493 root DEBUG 	 nT= 1  	 success?   False    	 (dON-dOFF)/|dON+dOFF|: -21.82 	 cIDON = [7 9], cIDOFF = [7 9]
11:58:30,493 root DEBUG ===> #(dOFF_patch>dON_patch) = 0/1 = 0.00%
11:58:30,493 root DEBUG dOFF/dON = 0.6
11:58:30,493 root DEBUG {'CHOOSE_DX': 'along_decision_boundary', 'dxONAngle': 74.80426226364521, 'dON1': 0.6480048924775059, 'cIDON1': array([7, 9], dtype=int64), 'dON_patch_1': 0.6480048924775059, 'nTON': 1, 'dON': 0.6480048924775059, 'dxOFFAngle': 89.17472921208261, 'dOFF1': 0.4158708862769426, 'cIDOFF1': array([7, 9], dtype=int64), 'dOFF_patch_1': 0.4158708862769426, 'nTOFF': 1, 'dOFF': 0.4158708862769426, 'SUCCESS': False}
11:58:30,500 root DEBUG 

=================== Experiment ID #13 	 Dual Point ID: 14 ===================
11:58:30,507 root DEBUG CONTROL: 	 OK! 	 (target neuron output < tolerance: |1.834E-08|<1.000E-06)
11:58:30,507 root DEBUG CONTROL DUAL POINT: Check that target neuron output < tolerance ({tol:.3E}) at x_dual.
11:58:30,739 root DEBUG Side: ON	 Angle(dx0, dx): 0.03 deg 	 Angle(n, nold): 0.00 deg 	 Distance in patch: 2.397E-02 	 Total distance: 2.397E-02 	 Future toggles: 0 	 Past toggles: 1 	 Toggled: [[1, array([163], dtype=int64), array([[False]])]] 	 class: [4 6]
11:58:30,853 root DEBUG Side: ON	 Angle(dx0, dx): 1.39 deg 	 Angle(n, nold): 0.00 deg 	 Distance in patch: 1.443E-01 	 Total distance: 1.683E-01 	 Future toggles: 1 	 Past toggles: 1 	 Toggled: [[3, array([209], dtype=int64), array([[ True]])]] 	 class: [4 6]
11:58:31,71 root DEBUG Side: OFF	 Angle(dx0, dx): 0.12 deg 	 Angle(n, nold): 0.00 deg 	 Distance in patch: 1.917E-01 	 Total distance: 1.917E-01 	 Future toggles: 0 	 Past toggles: 1 	 Toggled: [[1, array([141], dtype=int64), array([[False]])]] 	 class: [4 6]
11:58:31,230 root DEBUG Side: OFF	 Angle(dx0, dx): 0.09 deg 	 Angle(n, nold): 0.00 deg 	 Distance in patch: 1.084E-01 	 Total distance: 3.001E-01 	 Future toggles: 1 	 Past toggles: 1 	 Toggled: [[3, array([173], dtype=int64), array([[ True]])]] 	 class: [4 6]
11:58:31,230 root DEBUG Check patch-by-patch distances for success (dOFF_patch>dON_patch) and ratio (dOFF_patch/dON_patch):
11:58:31,231 root DEBUG 	 nT= 1  	 success?    True    	 (dON-dOFF)/|dON+dOFF|: 28.14 	 cIDON = [4 6], cIDOFF = [4 6]
11:58:31,231 root DEBUG ===> #(dOFF_patch>dON_patch) = 1/1 = 100.00%
11:58:31,231 root DEBUG dOFF/dON = 1.8
11:58:31,231 root DEBUG {'CHOOSE_DX': 'along_decision_boundary', 'dxONAngle': 85.19257473887949, 'dON1': 0.1683108112677643, 'cIDON1': array([4, 6], dtype=int64), 'dON_patch_1': 0.1683108112677643, 'nTON': 1, 'dON': 0.1683108112677643, 'dxOFFAngle': 87.77778913815848, 'dOFF1': 0.30011342556943, 'cIDOFF1': array([4, 6], dtype=int64), 'dOFF_patch_1': 0.30011342556943, 'nTOFF': 1, 'dOFF': 0.30011342556943, 'SUCCESS': True}
11:58:31,240 root DEBUG 

=================== Experiment ID #14 	 Dual Point ID: 15 ===================
11:58:31,252 root DEBUG CONTROL: 	 OK! 	 (target neuron output < tolerance: |3.088E-07|<1.000E-06)
11:58:31,252 root DEBUG CONTROL DUAL POINT: Check that target neuron output < tolerance ({tol:.3E}) at x_dual.
11:58:31,485 root DEBUG Side: ON	 Angle(dx0, dx): 0.52 deg 	 Angle(n, nold): 0.00 deg 	 Distance in patch: 1.025E-01 	 Total distance: 1.025E-01 	 Future toggles: 1 	 Past toggles: 1 	 Toggled: [[4, array([19], dtype=int64), array([[False]])]] 	 class: [3 9]
11:58:31,763 root DEBUG Side: OFF	 Angle(dx0, dx): 0.41 deg 	 Angle(n, nold): 0.00 deg 	 Distance in patch: 4.345E-01 	 Total distance: 4.345E-01 	 Future toggles: 1 	 Past toggles: 1 	 Toggled: [[3, array([130], dtype=int64), array([[False]])]] 	 class: [3 9]
11:58:31,763 root DEBUG Check patch-by-patch distances for success (dOFF_patch>dON_patch) and ratio (dOFF_patch/dON_patch):
11:58:31,763 root DEBUG 	 nT= 1  	 success?    True    	 (dON-dOFF)/|dON+dOFF|: 61.84 	 cIDON = [3 9], cIDOFF = [3 9]
11:58:31,763 root DEBUG ===> #(dOFF_patch>dON_patch) = 1/1 = 100.00%
11:58:31,763 root DEBUG dOFF/dON = 4.2
11:58:31,763 root DEBUG {'CHOOSE_DX': 'along_decision_boundary', 'dxONAngle': 85.92102140992284, 'dON1': 0.10245703092468132, 'cIDON1': array([3, 9], dtype=int64), 'dON_patch_1': 0.10245703092468132, 'nTON': 1, 'dON': 0.10245703092468132, 'dxOFFAngle': 88.44920624178195, 'dOFF1': 0.4345296744249958, 'cIDOFF1': array([3, 9], dtype=int64), 'dOFF_patch_1': 0.4345296744249958, 'nTOFF': 1, 'dOFF': 0.4345296744249958, 'SUCCESS': True}
11:58:31,771 root DEBUG 

=================== Experiment ID #15 	 Dual Point ID: 16 ===================
11:58:31,778 root DEBUG CONTROL: 	 OK! 	 (target neuron output < tolerance: |2.790E-09|<1.000E-06)
11:58:31,778 root DEBUG CONTROL DUAL POINT: Check that target neuron output < tolerance ({tol:.3E}) at x_dual.
11:58:32,62 root DEBUG Side: ON	 Angle(dx0, dx): 1.75 deg 	 Angle(n, nold): 0.00 deg 	 Distance in patch: 7.102E-02 	 Total distance: 7.102E-02 	 Future toggles: 1 	 Past toggles: 1 	 Toggled: [[3, array([146], dtype=int64), array([[False]])]] 	 class: [5 6]
11:58:32,300 root DEBUG Side: OFF	 Angle(dx0, dx): 1.47 deg 	 Angle(n, nold): 0.00 deg 	 Distance in patch: 1.478E-01 	 Total distance: 1.478E-01 	 Future toggles: 0 	 Past toggles: 1 	 Toggled: [[1, array([60], dtype=int64), array([[ True]])]] 	 class: [5 6]
11:58:32,522 root DEBUG Side: OFF	 Angle(dx0, dx): 0.17 deg 	 Angle(n, nold): 0.00 deg 	 Distance in patch: 2.775E-01 	 Total distance: 4.253E-01 	 Future toggles: 1 	 Past toggles: 1 	 Toggled: [[2, array([6], dtype=int64), array([[False]])]] 	 class: [5 6]
11:58:32,522 root DEBUG Check patch-by-patch distances for success (dOFF_patch>dON_patch) and ratio (dOFF_patch/dON_patch):
11:58:32,522 root DEBUG 	 nT= 1  	 success?    True    	 (dON-dOFF)/|dON+dOFF|: 71.38 	 cIDON = [5 6], cIDOFF = [5 6]
11:58:32,522 root DEBUG ===> #(dOFF_patch>dON_patch) = 1/1 = 100.00%
11:58:32,522 root DEBUG dOFF/dON = 6.0
11:58:32,522 root DEBUG {'CHOOSE_DX': 'along_decision_boundary', 'dxONAngle': 85.58532021306341, 'dON1': 0.07102094876079278, 'cIDON1': array([5, 6], dtype=int64), 'dON_patch_1': 0.07102094876079278, 'nTON': 1, 'dON': 0.07102094876079278, 'dxOFFAngle': 87.82172408923897, 'dOFF1': 0.4252830345626374, 'cIDOFF1': array([5, 6], dtype=int64), 'dOFF_patch_1': 0.4252830345626374, 'nTOFF': 1, 'dOFF': 0.4252830345626374, 'SUCCESS': True}
11:58:32,528 root DEBUG 

=================== Experiment ID #16 	 Dual Point ID: 17 ===================
11:58:32,535 root DEBUG CONTROL: 	 OK! 	 (target neuron output < tolerance: |9.351E-08|<1.000E-06)
11:58:32,536 root DEBUG CONTROL DUAL POINT: Check that target neuron output < tolerance ({tol:.3E}) at x_dual.
11:58:32,827 root DEBUG Side: ON	 Angle(dx0, dx): 2.16 deg 	 Angle(n, nold): 0.00 deg 	 Distance in patch: 2.444E-01 	 Total distance: 2.444E-01 	 Future toggles: 1 	 Past toggles: 1 	 Toggled: [[4, array([44], dtype=int64), array([[ True]])]] 	 class: [3 5]
11:58:33,130 root DEBUG Side: OFF	 Angle(dx0, dx): 4.13 deg 	 Angle(n, nold): 0.00 deg 	 Distance in patch: 1.673E-02 	 Total distance: 1.673E-02 	 Future toggles: 1 	 Past toggles: 1 	 Toggled: [[3, array([176], dtype=int64), array([[ True]])]] 	 class: [3 5]
11:58:33,130 root DEBUG Check patch-by-patch distances for success (dOFF_patch>dON_patch) and ratio (dOFF_patch/dON_patch):
11:58:33,130 root DEBUG 	 nT= 1  	 success?   False    	 (dON-dOFF)/|dON+dOFF|: -87.18 	 cIDON = [3 5], cIDOFF = [3 5]
11:58:33,130 root DEBUG ===> #(dOFF_patch>dON_patch) = 0/1 = 0.00%
11:58:33,130 root DEBUG dOFF/dON = 0.1
11:58:33,130 root DEBUG {'CHOOSE_DX': 'along_decision_boundary', 'dxONAngle': 69.25015046619143, 'dON1': 0.24437240946635455, 'cIDON1': array([3, 5], dtype=int64), 'dON_patch_1': 0.24437240946635455, 'nTON': 1, 'dON': 0.24437240946635455, 'dxOFFAngle': 84.20795741089992, 'dOFF1': 0.016731903245180736, 'cIDOFF1': array([3, 5], dtype=int64), 'dOFF_patch_1': 0.016731903245180736, 'nTOFF': 1, 'dOFF': 0.016731903245180736, 'SUCCESS': False}
11:58:33,136 root DEBUG 

=================== Experiment ID #17 	 Dual Point ID: 18 ===================
11:58:33,145 root DEBUG CONTROL: 	 OK! 	 (target neuron output < tolerance: |4.183E-08|<1.000E-06)
11:58:33,145 root DEBUG CONTROL DUAL POINT: Check that target neuron output < tolerance ({tol:.3E}) at x_dual.
11:58:33,482 root DEBUG Side: ON	 Angle(dx0, dx): 0.43 deg 	 Angle(n, nold): 0.00 deg 	 Distance in patch: 9.864E-02 	 Total distance: 9.864E-02 	 Future toggles: 1 	 Past toggles: 1 	 Toggled: [[4, array([29], dtype=int64), array([[ True]])]] 	 class: [7 9]
11:58:33,700 root DEBUG Side: OFF	 Angle(dx0, dx): 0.01 deg 	 Angle(n, nold): 0.00 deg 	 Distance in patch: 7.308E-02 	 Total distance: 7.308E-02 	 Future toggles: 0 	 Past toggles: 1 	 Toggled: [[1, array([93], dtype=int64), array([[False]])]] 	 class: [7 9]
11:58:33,840 root DEBUG Side: OFF	 Angle(dx0, dx): 0.32 deg 	 Angle(n, nold): 0.00 deg 	 Distance in patch: 3.428E-02 	 Total distance: 1.074E-01 	 Future toggles: 0 	 Past toggles: 2 	 Toggled: [[1, array([212], dtype=int64), array([[ True]])]] 	 class: [7 9]
11:58:34,2 root DEBUG Side: OFF	 Angle(dx0, dx): 0.13 deg 	 Angle(n, nold): 0.00 deg 	 Distance in patch: 2.898E-01 	 Total distance: 3.972E-01 	 Future toggles: 0 	 Past toggles: 3 	 Toggled: [[1, array([59], dtype=int64), array([[ True]])]] 	 class: [7 9]
11:58:34,176 root DEBUG Side: OFF	 Angle(dx0, dx): 0.35 deg 	 Angle(n, nold): 0.00 deg 	 Distance in patch: 1.756E-01 	 Total distance: 5.728E-01 	 Future toggles: 1 	 Past toggles: 1 	 Toggled: [[4, array([62], dtype=int64), array([[ True]])]] 	 class: [7 9]
11:58:34,176 root DEBUG Check patch-by-patch distances for success (dOFF_patch>dON_patch) and ratio (dOFF_patch/dON_patch):
11:58:34,177 root DEBUG 	 nT= 1  	 success?    True    	 (dON-dOFF)/|dON+dOFF|: 70.62 	 cIDON = [7 9], cIDOFF = [7 9]
11:58:34,177 root DEBUG ===> #(dOFF_patch>dON_patch) = 1/1 = 100.00%
11:58:34,177 root DEBUG dOFF/dON = 5.8
11:58:34,177 root DEBUG {'CHOOSE_DX': 'along_decision_boundary', 'dxONAngle': 75.9788282649682, 'dON1': 0.09863651319254707, 'cIDON1': array([7, 9], dtype=int64), 'dON_patch_1': 0.09863651319254707, 'nTON': 1, 'dON': 0.09863651319254707, 'dxOFFAngle': 89.55863611817297, 'dOFF1': 0.5728144080226686, 'cIDOFF1': array([7, 9], dtype=int64), 'dOFF_patch_1': 0.5728144080226686, 'nTOFF': 1, 'dOFF': 0.5728144080226686, 'SUCCESS': True}
11:58:34,191 root DEBUG 

=================== Experiment ID #18 	 Dual Point ID: 19 ===================
11:58:34,201 root DEBUG CONTROL: 	 OK! 	 (target neuron output < tolerance: |3.313E-07|<1.000E-06)
11:58:34,202 root DEBUG CONTROL DUAL POINT: Check that target neuron output < tolerance ({tol:.3E}) at x_dual.
11:58:34,493 root DEBUG Side: ON	 Angle(dx0, dx): 0.51 deg 	 Angle(n, nold): 0.00 deg 	 Distance in patch: 1.859E-02 	 Total distance: 1.859E-02 	 Future toggles: 1 	 Past toggles: 1 	 Toggled: [[2, array([212], dtype=int64), array([[False]])]] 	 class: [0 1]
11:58:34,741 root DEBUG Side: OFF	 Angle(dx0, dx): 0.24 deg 	 Angle(n, nold): 0.00 deg 	 Distance in patch: 1.693E-01 	 Total distance: 1.693E-01 	 Future toggles: 1 	 Past toggles: 1 	 Toggled: [[2, array([243], dtype=int64), array([[ True]])]] 	 class: [0 1]
11:58:34,741 root DEBUG Check patch-by-patch distances for success (dOFF_patch>dON_patch) and ratio (dOFF_patch/dON_patch):
11:58:34,741 root DEBUG 	 nT= 1  	 success?    True    	 (dON-dOFF)/|dON+dOFF|: 80.21 	 cIDON = [0 1], cIDOFF = [0 1]
11:58:34,742 root DEBUG ===> #(dOFF_patch>dON_patch) = 1/1 = 100.00%
11:58:34,742 root DEBUG dOFF/dON = 9.1
11:58:34,742 root DEBUG {'CHOOSE_DX': 'along_decision_boundary', 'dxONAngle': 88.51902973115465, 'dON1': 0.018590492325461564, 'cIDON1': array([0, 1], dtype=int64), 'dON_patch_1': 0.018590492325461564, 'nTON': 1, 'dON': 0.018590492325461564, 'dxOFFAngle': 88.77186205565796, 'dOFF1': 0.16928006264781673, 'cIDOFF1': array([0, 1], dtype=int64), 'dOFF_patch_1': 0.16928006264781673, 'nTOFF': 1, 'dOFF': 0.16928006264781673, 'SUCCESS': True}
11:58:34,751 root DEBUG 

=================== Experiment ID #19 	 Dual Point ID: 20 ===================
11:58:34,762 root DEBUG CONTROL: 	 OK! 	 (target neuron output < tolerance: |4.373E-07|<1.000E-06)
11:58:34,762 root DEBUG CONTROL DUAL POINT: Check that target neuron output < tolerance ({tol:.3E}) at x_dual.
11:58:35,14 root DEBUG Side: ON	 Angle(dx0, dx): 1.39 deg 	 Angle(n, nold): 0.00 deg 	 Distance in patch: 3.848E-02 	 Total distance: 3.848E-02 	 Future toggles: 1 	 Past toggles: 1 	 Toggled: [[3, array([140], dtype=int64), array([[False]])]] 	 class: [3 7]
11:58:35,259 root DEBUG Side: OFF	 Angle(dx0, dx): 0.91 deg 	 Angle(n, nold): 0.00 deg 	 Distance in patch: 2.042E-01 	 Total distance: 2.042E-01 	 Future toggles: 1 	 Past toggles: 1 	 Toggled: [[2, array([109], dtype=int64), array([[ True]])]] 	 class: [3 7]
11:58:35,260 root DEBUG Check patch-by-patch distances for success (dOFF_patch>dON_patch) and ratio (dOFF_patch/dON_patch):
11:58:35,260 root DEBUG 	 nT= 1  	 success?    True    	 (dON-dOFF)/|dON+dOFF|: 68.28 	 cIDON = [3 7], cIDOFF = [3 7]
11:58:35,260 root DEBUG ===> #(dOFF_patch>dON_patch) = 1/1 = 100.00%
11:58:35,260 root DEBUG dOFF/dON = 5.3
11:58:35,260 root DEBUG {'CHOOSE_DX': 'along_decision_boundary', 'dxONAngle': 84.09569275723923, 'dON1': 0.03847969430252419, 'cIDON1': array([3, 7], dtype=int64), 'dON_patch_1': 0.03847969430252419, 'nTON': 1, 'dON': 0.03847969430252419, 'dxOFFAngle': 89.47213588664064, 'dOFF1': 0.20417562725023108, 'cIDOFF1': array([3, 7], dtype=int64), 'dOFF_patch_1': 0.20417562725023108, 'nTOFF': 1, 'dOFF': 0.20417562725023108, 'SUCCESS': True}
11:58:35,266 root DEBUG 

=================== Experiment ID #20 	 Dual Point ID: 21 ===================
11:58:35,270 root DEBUG CONTROL: 	 OK! 	 (target neuron output < tolerance: |4.131E-08|<1.000E-06)
11:58:35,271 root DEBUG CONTROL DUAL POINT: Check that target neuron output < tolerance ({tol:.3E}) at x_dual.
11:58:35,527 root DEBUG Side: ON	 Angle(dx0, dx): 1.27 deg 	 Angle(n, nold): 0.00 deg 	 Distance in patch: 2.249E-02 	 Total distance: 2.249E-02 	 Future toggles: 1 	 Past toggles: 1 	 Toggled: [[3, array([145], dtype=int64), array([[ True]])]] 	 class: [3 4]
11:58:35,800 root DEBUG Side: OFF	 Angle(dx0, dx): 0.20 deg 	 Angle(n, nold): 0.00 deg 	 Distance in patch: 3.195E-02 	 Total distance: 3.195E-02 	 Future toggles: 0 	 Past toggles: 1 	 Toggled: [[1, array([195], dtype=int64), array([[False]])]] 	 class: [3 4]
11:58:35,952 root DEBUG Side: OFF	 Angle(dx0, dx): 0.47 deg 	 Angle(n, nold): 0.00 deg 	 Distance in patch: 1.566E-01 	 Total distance: 1.885E-01 	 Future toggles: 1 	 Past toggles: 1 	 Toggled: [[3, array([251], dtype=int64), array([[False]])]] 	 class: [3 4]
11:58:35,952 root DEBUG Check patch-by-patch distances for success (dOFF_patch>dON_patch) and ratio (dOFF_patch/dON_patch):
11:58:35,952 root DEBUG 	 nT= 1  	 success?    True    	 (dON-dOFF)/|dON+dOFF|: 78.69 	 cIDON = [3 4], cIDOFF = [3 4]
11:58:35,952 root DEBUG ===> #(dOFF_patch>dON_patch) = 1/1 = 100.00%
11:58:35,952 root DEBUG dOFF/dON = 8.4
11:58:35,952 root DEBUG {'CHOOSE_DX': 'along_decision_boundary', 'dxONAngle': 85.58998238595912, 'dON1': 0.02248993692783864, 'cIDON1': array([3, 4], dtype=int64), 'dON_patch_1': 0.02248993692783864, 'nTON': 1, 'dON': 0.02248993692783864, 'dxOFFAngle': 88.4182652634143, 'dOFF1': 0.18854268100960678, 'cIDOFF1': array([3, 4], dtype=int64), 'dOFF_patch_1': 0.18854268100960678, 'nTOFF': 1, 'dOFF': 0.18854268100960678, 'SUCCESS': True}
11:58:35,957 root DEBUG 

=================== Experiment ID #21 	 Dual Point ID: 22 ===================
11:58:35,966 root DEBUG CONTROL: 	 OK! 	 (target neuron output < tolerance: |2.012E-07|<1.000E-06)
11:58:35,967 root DEBUG CONTROL DUAL POINT: Check that target neuron output < tolerance ({tol:.3E}) at x_dual.
11:58:36,206 root DEBUG Side: ON	 Angle(dx0, dx): 6.20 deg 	 Angle(n, nold): 0.00 deg 	 Distance in patch: 6.817E-02 	 Total distance: 6.817E-02 	 Future toggles: 1 	 Past toggles: 1 	 Toggled: [[2, array([227], dtype=int64), array([[ True]])]] 	 class: [2 4]
11:58:36,452 root DEBUG Side: OFF	 Angle(dx0, dx): 0.79 deg 	 Angle(n, nold): 0.00 deg 	 Distance in patch: 2.587E-01 	 Total distance: 2.587E-01 	 Future toggles: 1 	 Past toggles: 1 	 Toggled: [[3, array([44], dtype=int64), array([[ True]])]] 	 class: [2 4]
11:58:36,452 root DEBUG Check patch-by-patch distances for success (dOFF_patch>dON_patch) and ratio (dOFF_patch/dON_patch):
11:58:36,452 root DEBUG 	 nT= 1  	 success?    True    	 (dON-dOFF)/|dON+dOFF|: 58.29 	 cIDON = [2 4], cIDOFF = [2 4]
11:58:36,452 root DEBUG ===> #(dOFF_patch>dON_patch) = 1/1 = 100.00%
11:58:36,452 root DEBUG dOFF/dON = 3.8
11:58:36,452 root DEBUG {'CHOOSE_DX': 'along_decision_boundary', 'dxONAngle': 89.46828521536699, 'dON1': 0.06816799772556485, 'cIDON1': array([2, 4], dtype=int64), 'dON_patch_1': 0.06816799772556485, 'nTON': 1, 'dON': 0.06816799772556485, 'dxOFFAngle': 89.98169351747538, 'dOFF1': 0.2586655939900615, 'cIDOFF1': array([2, 4], dtype=int64), 'dOFF_patch_1': 0.2586655939900615, 'nTOFF': 1, 'dOFF': 0.2586655939900615, 'SUCCESS': True}
11:58:36,459 root DEBUG 

=================== Experiment ID #22 	 Dual Point ID: 23 ===================
11:58:36,466 root DEBUG CONTROL: 	 OK! 	 (target neuron output < tolerance: |3.408E-08|<1.000E-06)
11:58:36,466 root DEBUG CONTROL DUAL POINT: Check that target neuron output < tolerance ({tol:.3E}) at x_dual.
11:58:36,639 root DEBUG Side: ON	 Angle(dx0, dx): 2.58 deg 	 Angle(n, nold): 0.00 deg 	 Distance in patch: 3.556E-02 	 Total distance: 3.556E-02 	 Future toggles: 1 	 Past toggles: 1 	 Toggled: [[3, array([53], dtype=int64), array([[ True]])]] 	 class: [1 2]
11:58:36,832 root DEBUG Side: OFF	 Angle(dx0, dx): 3.12 deg 	 Angle(n, nold): 0.00 deg 	 Distance in patch: 2.113E-05 	 Total distance: 2.113E-05 	 Future toggles: 1 	 Past toggles: 1 	 Toggled: [[5, array([0, 1], dtype=int64), array([[1.],
       [0.]])]] 	 class: [0 2]
11:58:36,833 root DEBUG Check patch-by-patch distances for success (dOFF_patch>dON_patch) and ratio (dOFF_patch/dON_patch):
11:58:36,833 root DEBUG 	 nT= 1  	 success?   False    	 (dON-dOFF)/|dON+dOFF|: -99.88 	 cIDON = [1 2], cIDOFF = [1 2]
11:58:36,833 root DEBUG ===> #(dOFF_patch>dON_patch) = 0/1 = 0.00%
11:58:36,833 root DEBUG dOFF/dON = 0.0
11:58:36,833 root DEBUG {'CHOOSE_DX': 'along_decision_boundary', 'dxONAngle': 86.42312541918224, 'dON1': 0.03555796265448636, 'cIDON1': array([1, 2], dtype=int64), 'dON_patch_1': 0.03555796265448636, 'nTON': 1, 'dON': 0.03555796265448636, 'dxOFFAngle': 84.54863977578162, 'dOFF1': 2.112852197311539e-05, 'cIDOFF1': array([1, 2], dtype=int64), 'dOFF_patch_1': 2.112852197311539e-05, 'nTOFF': 1, 'dOFF': 2.112852197311539e-05, 'SUCCESS': False}
11:58:36,842 root DEBUG 

=================== Experiment ID #23 	 Dual Point ID: 24 ===================
11:58:36,851 root DEBUG CONTROL: 	 OK! 	 (target neuron output < tolerance: |4.783E-09|<1.000E-06)
11:58:36,851 root DEBUG CONTROL DUAL POINT: Check that target neuron output < tolerance ({tol:.3E}) at x_dual.
11:58:37,87 root DEBUG Side: ON	 Angle(dx0, dx): 1.70 deg 	 Angle(n, nold): 0.00 deg 	 Distance in patch: 7.298E-02 	 Total distance: 7.298E-02 	 Future toggles: 1 	 Past toggles: 1 	 Toggled: [[3, array([124], dtype=int64), array([[False]])]] 	 class: [5 7]
11:58:37,392 root DEBUG Side: OFF	 Angle(dx0, dx): 0.36 deg 	 Angle(n, nold): 0.00 deg 	 Distance in patch: 1.096E-01 	 Total distance: 1.096E-01 	 Future toggles: 0 	 Past toggles: 1 	 Toggled: [[1, array([25], dtype=int64), array([[ True]])]] 	 class: [5 7]
11:58:37,558 root DEBUG Side: OFF	 Angle(dx0, dx): 0.19 deg 	 Angle(n, nold): 0.00 deg 	 Distance in patch: 3.683E-01 	 Total distance: 4.779E-01 	 Future toggles: 1 	 Past toggles: 1 	 Toggled: [[2, array([62], dtype=int64), array([[False]])]] 	 class: [5 7]
11:58:37,558 root DEBUG Check patch-by-patch distances for success (dOFF_patch>dON_patch) and ratio (dOFF_patch/dON_patch):
11:58:37,559 root DEBUG 	 nT= 1  	 success?    True    	 (dON-dOFF)/|dON+dOFF|: 73.50 	 cIDON = [5 7], cIDOFF = [5 7]
11:58:37,559 root DEBUG ===> #(dOFF_patch>dON_patch) = 1/1 = 100.00%
11:58:37,559 root DEBUG dOFF/dON = 6.5
11:58:37,559 root DEBUG {'CHOOSE_DX': 'along_decision_boundary', 'dxONAngle': 78.4368793505712, 'dON1': 0.0729816483149794, 'cIDON1': array([5, 7], dtype=int64), 'dON_patch_1': 0.0729816483149794, 'nTON': 1, 'dON': 0.0729816483149794, 'dxOFFAngle': 84.68493023303282, 'dOFF1': 0.4779059009604357, 'cIDOFF1': array([5, 7], dtype=int64), 'dOFF_patch_1': 0.4779059009604357, 'nTOFF': 1, 'dOFF': 0.4779059009604357, 'SUCCESS': True}
11:58:37,568 root DEBUG 

=================== Experiment ID #24 	 Dual Point ID: 25 ===================
11:58:37,578 root DEBUG CONTROL: 	 OK! 	 (target neuron output < tolerance: |2.998E-07|<1.000E-06)
11:58:37,578 root DEBUG CONTROL DUAL POINT: Check that target neuron output < tolerance ({tol:.3E}) at x_dual.
11:58:37,847 root DEBUG Side: ON	 Angle(dx0, dx): 2.74 deg 	 Angle(n, nold): 0.00 deg 	 Distance in patch: 4.154E-02 	 Total distance: 4.154E-02 	 Future toggles: 0 	 Past toggles: 1 	 Toggled: [[1, array([30], dtype=int64), array([[ True]])]] 	 class: [2 9]
11:58:38,107 root DEBUG Side: ON	 Angle(dx0, dx): 1.47 deg 	 Angle(n, nold): 0.00 deg 	 Distance in patch: 1.505E-01 	 Total distance: 1.920E-01 	 Future toggles: 0 	 Past toggles: 2 	 Toggled: [[1, array([115], dtype=int64), array([[ True]])]] 	 class: [2 9]
11:58:38,265 root DEBUG Side: ON	 Angle(dx0, dx): 4.49 deg 	 Angle(n, nold): 0.00 deg 	 Distance in patch: 4.423E-03 	 Total distance: 1.964E-01 	 Future toggles: 1 	 Past toggles: 1 	 Toggled: [[3, array([139], dtype=int64), array([[False]])]] 	 class: [2 9]
11:58:38,502 root DEBUG Side: OFF	 Angle(dx0, dx): 0.02 deg 	 Angle(n, nold): 0.00 deg 	 Distance in patch: 3.009E-01 	 Total distance: 3.009E-01 	 Future toggles: 0 	 Past toggles: 1 	 Toggled: [[1, array([224], dtype=int64), array([[ True]])]] 	 class: [2 9]
11:58:38,654 root DEBUG Side: OFF	 Angle(dx0, dx): 0.75 deg 	 Angle(n, nold): 0.00 deg 	 Distance in patch: 2.266E-01 	 Total distance: 5.275E-01 	 Future toggles: 1 	 Past toggles: 1 	 Toggled: [[4, array([20], dtype=int64), array([[ True]])]] 	 class: [2 9]
11:58:38,654 root DEBUG Check patch-by-patch distances for success (dOFF_patch>dON_patch) and ratio (dOFF_patch/dON_patch):
11:58:38,654 root DEBUG 	 nT= 1  	 success?    True    	 (dON-dOFF)/|dON+dOFF|: 45.73 	 cIDON = [2 9], cIDOFF = [2 9]
11:58:38,654 root DEBUG ===> #(dOFF_patch>dON_patch) = 1/1 = 100.00%
11:58:38,654 root DEBUG dOFF/dON = 2.7
11:58:38,654 root DEBUG {'CHOOSE_DX': 'along_decision_boundary', 'dxONAngle': 82.59295239445161, 'dON1': 0.19644045452652206, 'cIDON1': array([2, 9], dtype=int64), 'dON_patch_1': 0.19644045452652206, 'nTON': 1, 'dON': 0.19644045452652206, 'dxOFFAngle': 87.84037186820849, 'dOFF1': 0.5275068578932828, 'cIDOFF1': array([2, 9], dtype=int64), 'dOFF_patch_1': 0.5275068578932828, 'nTOFF': 1, 'dOFF': 0.5275068578932828, 'SUCCESS': True}
11:58:38,660 root DEBUG 

=================== Experiment ID #25 	 Dual Point ID: 26 ===================
11:58:38,669 root DEBUG CONTROL: 	 OK! 	 (target neuron output < tolerance: |3.276E-07|<1.000E-06)
11:58:38,670 root DEBUG CONTROL DUAL POINT: Check that target neuron output < tolerance ({tol:.3E}) at x_dual.
11:58:38,934 root DEBUG Side: ON	 Angle(dx0, dx): 0.11 deg 	 Angle(n, nold): 0.00 deg 	 Distance in patch: 3.187E-02 	 Total distance: 3.187E-02 	 Future toggles: 0 	 Past toggles: 1 	 Toggled: [[1, array([8], dtype=int64), array([[ True]])]] 	 class: [5 6]
11:58:39,124 root DEBUG Side: ON	 Angle(dx0, dx): 0.04 deg 	 Angle(n, nold): 0.00 deg 	 Distance in patch: 9.728E-03 	 Total distance: 4.159E-02 	 Future toggles: 0 	 Past toggles: 2 	 Toggled: [[1, array([253], dtype=int64), array([[ True]])]] 	 class: [5 6]
11:58:39,255 root DEBUG Side: ON	 Angle(dx0, dx): 1.14 deg 	 Angle(n, nold): 0.00 deg 	 Distance in patch: 3.281E-02 	 Total distance: 7.440E-02 	 Future toggles: 1 	 Past toggles: 1 	 Toggled: [[2, array([117], dtype=int64), array([[ True]])]] 	 class: [5 6]
11:58:39,515 root DEBUG Side: OFF	 Angle(dx0, dx): 0.98 deg 	 Angle(n, nold): 0.00 deg 	 Distance in patch: 2.440E-02 	 Total distance: 2.440E-02 	 Future toggles: 1 	 Past toggles: 1 	 Toggled: [[3, array([214], dtype=int64), array([[ True]])]] 	 class: [5 6]
11:58:39,515 root DEBUG Check patch-by-patch distances for success (dOFF_patch>dON_patch) and ratio (dOFF_patch/dON_patch):
11:58:39,515 root DEBUG 	 nT= 1  	 success?   False    	 (dON-dOFF)/|dON+dOFF|: -50.61 	 cIDON = [5 6], cIDOFF = [5 6]
11:58:39,515 root DEBUG ===> #(dOFF_patch>dON_patch) = 0/1 = 0.00%
11:58:39,515 root DEBUG dOFF/dON = 0.3
11:58:39,515 root DEBUG {'CHOOSE_DX': 'along_decision_boundary', 'dxONAngle': 73.98688281006449, 'dON1': 0.07440059475586336, 'cIDON1': array([5, 6], dtype=int64), 'dON_patch_1': 0.07440059475586336, 'nTON': 1, 'dON': 0.07440059475586336, 'dxOFFAngle': 86.41204186451793, 'dOFF1': 0.02439956753197406, 'cIDOFF1': array([5, 6], dtype=int64), 'dOFF_patch_1': 0.02439956753197406, 'nTOFF': 1, 'dOFF': 0.02439956753197406, 'SUCCESS': False}
11:58:39,521 root DEBUG 

=================== Experiment ID #26 	 Dual Point ID: 27 ===================
11:58:39,528 root DEBUG CONTROL: 	 OK! 	 (target neuron output < tolerance: |3.775E-10|<1.000E-06)
11:58:39,528 root DEBUG CONTROL DUAL POINT: Check that target neuron output < tolerance ({tol:.3E}) at x_dual.
11:58:39,864 root DEBUG Side: ON	 Angle(dx0, dx): 0.96 deg 	 Angle(n, nold): 0.00 deg 	 Distance in patch: 1.023E-01 	 Total distance: 1.023E-01 	 Future toggles: 1 	 Past toggles: 1 	 Toggled: [[3, array([96], dtype=int64), array([[ True]])]] 	 class: [3 9]
11:58:40,112 root DEBUG Side: OFF	 Angle(dx0, dx): 0.36 deg 	 Angle(n, nold): 0.00 deg 	 Distance in patch: 7.147E-02 	 Total distance: 7.147E-02 	 Future toggles: 1 	 Past toggles: 1 	 Toggled: [[4, array([13], dtype=int64), array([[False]])]] 	 class: [3 9]
11:58:40,112 root DEBUG Check patch-by-patch distances for success (dOFF_patch>dON_patch) and ratio (dOFF_patch/dON_patch):
11:58:40,112 root DEBUG 	 nT= 1  	 success?   False    	 (dON-dOFF)/|dON+dOFF|: -17.72 	 cIDON = [3 9], cIDOFF = [3 9]
11:58:40,112 root DEBUG ===> #(dOFF_patch>dON_patch) = 0/1 = 0.00%
11:58:40,112 root DEBUG dOFF/dON = 0.7
11:58:40,112 root DEBUG {'CHOOSE_DX': 'along_decision_boundary', 'dxONAngle': 81.90603145859546, 'dON1': 0.10225356761964353, 'cIDON1': array([3, 9], dtype=int64), 'dON_patch_1': 0.10225356761964353, 'nTON': 1, 'dON': 0.10225356761964353, 'dxOFFAngle': 84.0827145942954, 'dOFF1': 0.07147056336239309, 'cIDOFF1': array([3, 9], dtype=int64), 'dOFF_patch_1': 0.07147056336239309, 'nTOFF': 1, 'dOFF': 0.07147056336239309, 'SUCCESS': False}
11:58:40,119 root DEBUG 

=================== Experiment ID #27 	 Dual Point ID: 28 ===================
11:58:40,125 root DEBUG CONTROL: 	 OK! 	 (target neuron output < tolerance: |6.593E-08|<1.000E-06)
11:58:40,125 root DEBUG CONTROL DUAL POINT: Check that target neuron output < tolerance ({tol:.3E}) at x_dual.
11:58:40,448 root DEBUG Side: ON	 Angle(dx0, dx): 0.03 deg 	 Angle(n, nold): 0.00 deg 	 Distance in patch: 5.419E-02 	 Total distance: 5.419E-02 	 Future toggles: 0 	 Past toggles: 1 	 Toggled: [[1, array([252], dtype=int64), array([[False]])]] 	 class: [0 1]
11:58:40,603 root DEBUG Side: ON	 Angle(dx0, dx): 1.77 deg 	 Angle(n, nold): 0.00 deg 	 Distance in patch: 4.597E-02 	 Total distance: 1.002E-01 	 Future toggles: 1 	 Past toggles: 1 	 Toggled: [[2, array([212], dtype=int64), array([[False]])]] 	 class: [0 1]
11:58:40,872 root DEBUG Side: OFF	 Angle(dx0, dx): 0.01 deg 	 Angle(n, nold): 0.00 deg 	 Distance in patch: 6.110E-02 	 Total distance: 6.110E-02 	 Future toggles: 0 	 Past toggles: 1 	 Toggled: [[1, array([63], dtype=int64), array([[ True]])]] 	 class: [0 1]
11:58:41,61 root DEBUG Side: OFF	 Angle(dx0, dx): 0.32 deg 	 Angle(n, nold): 0.00 deg 	 Distance in patch: 4.635E-02 	 Total distance: 1.075E-01 	 Future toggles: 0 	 Past toggles: 2 	 Toggled: [[1, array([188], dtype=int64), array([[ True]])]] 	 class: [0 1]
11:58:41,231 root DEBUG Side: OFF	 Angle(dx0, dx): 0.01 deg 	 Angle(n, nold): 0.00 deg 	 Distance in patch: 3.669E-01 	 Total distance: 4.743E-01 	 Future toggles: 0 	 Past toggles: 3 	 Toggled: [[1, array([255], dtype=int64), array([[ True]])]] 	 class: [0 1]
11:58:41,353 root DEBUG Side: OFF	 Angle(dx0, dx): 0.02 deg 	 Angle(n, nold): 0.00 deg 	 Distance in patch: 4.255E-01 	 Total distance: 8.999E-01 	 Future toggles: 0 	 Past toggles: 4 	 Toggled: [[1, array([218], dtype=int64), array([[False]])]] 	 class: [0 1]
11:58:41,543 root DEBUG Side: OFF	 Angle(dx0, dx): 0.01 deg 	 Angle(n, nold): 0.00 deg 	 Distance in patch: 4.038E-01 	 Total distance: 1.304E+00 	 Future toggles: 0 	 Past toggles: 5 	 Toggled: [[1, array([109], dtype=int64), array([[ True]])]] 	 class: [0 1]
11:58:41,725 root DEBUG Side: OFF	 Angle(dx0, dx): 0.67 deg 	 Angle(n, nold): 0.00 deg 	 Distance in patch: 5.417E-02 	 Total distance: 1.358E+00 	 Future toggles: 0 	 Past toggles: 6 	 Toggled: [[1, array([56], dtype=int64), array([[ True]])]] 	 class: [0 1]
11:58:41,923 root DEBUG Side: OFF	 Angle(dx0, dx): 1.36 deg 	 Angle(n, nold): 0.00 deg 	 Distance in patch: 4.926E-02 	 Total distance: 1.407E+00 	 Future toggles: 1 	 Past toggles: 1 	 Toggled: [[2, array([66], dtype=int64), array([[False]])]] 	 class: [0 1]
11:58:41,924 root DEBUG Check patch-by-patch distances for success (dOFF_patch>dON_patch) and ratio (dOFF_patch/dON_patch):
11:58:41,925 root DEBUG 	 nT= 1  	 success?    True    	 (dON-dOFF)/|dON+dOFF|: 86.71 	 cIDON = [0 1], cIDOFF = [0 1]
11:58:41,925 root DEBUG ===> #(dOFF_patch>dON_patch) = 1/1 = 100.00%
11:58:41,925 root DEBUG dOFF/dON = 14.0
11:58:41,925 root DEBUG {'CHOOSE_DX': 'along_decision_boundary', 'dxONAngle': 87.77415614172823, 'dON1': 0.10015988052061706, 'cIDON1': array([0, 1], dtype=int64), 'dON_patch_1': 0.10015988052061706, 'nTON': 1, 'dON': 0.10015988052061706, 'dxOFFAngle': 87.52104570997182, 'dOFF1': 1.407120762073712, 'cIDOFF1': array([0, 1], dtype=int64), 'dOFF_patch_1': 1.407120762073712, 'nTOFF': 1, 'dOFF': 1.407120762073712, 'SUCCESS': True}
11:58:41,937 root DEBUG 

=================== Experiment ID #28 	 Dual Point ID: 29 ===================
11:58:41,948 root DEBUG CONTROL: 	 OK! 	 (target neuron output < tolerance: |1.817E-07|<1.000E-06)
11:58:41,948 root DEBUG CONTROL DUAL POINT: Check that target neuron output < tolerance ({tol:.3E}) at x_dual.
11:58:42,221 root DEBUG Side: ON	 Angle(dx0, dx): 0.74 deg 	 Angle(n, nold): 0.00 deg 	 Distance in patch: 9.938E-02 	 Total distance: 9.938E-02 	 Future toggles: 1 	 Past toggles: 1 	 Toggled: [[3, array([225], dtype=int64), array([[ True]])]] 	 class: [3 6]
11:58:42,427 root DEBUG Side: OFF	 Angle(dx0, dx): 0.03 deg 	 Angle(n, nold): 0.00 deg 	 Distance in patch: 1.918E-01 	 Total distance: 1.918E-01 	 Future toggles: 0 	 Past toggles: 1 	 Toggled: [[1, array([61], dtype=int64), array([[ True]])]] 	 class: [3 6]
11:58:42,588 root DEBUG Side: OFF	 Angle(dx0, dx): 0.32 deg 	 Angle(n, nold): 0.00 deg 	 Distance in patch: 3.844E-01 	 Total distance: 5.761E-01 	 Future toggles: 1 	 Past toggles: 1 	 Toggled: [[3, array([210], dtype=int64), array([[False]])]] 	 class: [3 6]
11:58:42,588 root DEBUG Check patch-by-patch distances for success (dOFF_patch>dON_patch) and ratio (dOFF_patch/dON_patch):
11:58:42,588 root DEBUG 	 nT= 1  	 success?    True    	 (dON-dOFF)/|dON+dOFF|: 70.58 	 cIDON = [3 6], cIDOFF = [3 6]
11:58:42,588 root DEBUG ===> #(dOFF_patch>dON_patch) = 1/1 = 100.00%
11:58:42,588 root DEBUG dOFF/dON = 5.8
11:58:42,588 root DEBUG {'CHOOSE_DX': 'along_decision_boundary', 'dxONAngle': 84.33870066251981, 'dON1': 0.09937950396990788, 'cIDON1': array([3, 6], dtype=int64), 'dON_patch_1': 0.09937950396990788, 'nTON': 1, 'dON': 0.09937950396990788, 'dxOFFAngle': 89.21074902508148, 'dOFF1': 0.5761458894465548, 'cIDOFF1': array([3, 6], dtype=int64), 'dOFF_patch_1': 0.5761458894465548, 'nTOFF': 1, 'dOFF': 0.5761458894465548, 'SUCCESS': True}
11:58:42,594 root DEBUG 

=================== Experiment ID #29 	 Dual Point ID: 30 ===================
11:58:42,603 root DEBUG CONTROL: 	 OK! 	 (target neuron output < tolerance: |4.041E-09|<1.000E-06)
11:58:42,603 root DEBUG CONTROL DUAL POINT: Check that target neuron output < tolerance ({tol:.3E}) at x_dual.
11:58:42,886 root DEBUG Side: ON	 Angle(dx0, dx): 1.88 deg 	 Angle(n, nold): 0.00 deg 	 Distance in patch: 6.068E-02 	 Total distance: 6.068E-02 	 Future toggles: 1 	 Past toggles: 1 	 Toggled: [[2, array([226], dtype=int64), array([[False]])]] 	 class: [0 1]
11:58:43,95 root DEBUG Side: OFF	 Angle(dx0, dx): 0.79 deg 	 Angle(n, nold): 0.00 deg 	 Distance in patch: 5.192E-02 	 Total distance: 5.192E-02 	 Future toggles: 1 	 Past toggles: 1 	 Toggled: [[2, array([226], dtype=int64), array([[False]])]] 	 class: [0 1]
11:58:43,95 root DEBUG Check patch-by-patch distances for success (dOFF_patch>dON_patch) and ratio (dOFF_patch/dON_patch):
11:58:43,95 root DEBUG 	 nT= 1  	 success?   False    	 (dON-dOFF)/|dON+dOFF|: -7.78 	 cIDON = [0 1], cIDOFF = [0 1]
11:58:43,95 root DEBUG ===> #(dOFF_patch>dON_patch) = 0/1 = 0.00%
11:58:43,95 root DEBUG dOFF/dON = 0.9
11:58:43,95 root DEBUG {'CHOOSE_DX': 'along_decision_boundary', 'dxONAngle': 83.17938158130353, 'dON1': 0.060678350370548965, 'cIDON1': array([0, 1], dtype=int64), 'dON_patch_1': 0.060678350370548965, 'nTON': 1, 'dON': 0.060678350370548965, 'dxOFFAngle': 88.41851111642907, 'dOFF1': 0.05192027152806784, 'cIDOFF1': array([0, 1], dtype=int64), 'dOFF_patch_1': 0.05192027152806784, 'nTOFF': 1, 'dOFF': 0.05192027152806784, 'SUCCESS': False}
11:58:43,101 root DEBUG 

=================== Experiment ID #30 	 Dual Point ID: 31 ===================
11:58:43,109 root DEBUG CONTROL: 	 OK! 	 (target neuron output < tolerance: |1.427E-07|<1.000E-06)
11:58:43,109 root DEBUG CONTROL DUAL POINT: Check that target neuron output < tolerance ({tol:.3E}) at x_dual.
11:58:43,413 root DEBUG Side: ON	 Angle(dx0, dx): 1.13 deg 	 Angle(n, nold): 0.00 deg 	 Distance in patch: 2.972E-02 	 Total distance: 2.972E-02 	 Future toggles: 1 	 Past toggles: 1 	 Toggled: [[4, array([1], dtype=int64), array([[False]])]] 	 class: [0 1]
11:58:43,610 root DEBUG Side: OFF	 Angle(dx0, dx): 1.59 deg 	 Angle(n, nold): 0.00 deg 	 Distance in patch: 2.497E-02 	 Total distance: 2.497E-02 	 Future toggles: 1 	 Past toggles: 1 	 Toggled: [[2, array([14], dtype=int64), array([[ True]])]] 	 class: [0 1]
11:58:43,610 root DEBUG Check patch-by-patch distances for success (dOFF_patch>dON_patch) and ratio (dOFF_patch/dON_patch):
11:58:43,610 root DEBUG 	 nT= 1  	 success?   False    	 (dON-dOFF)/|dON+dOFF|: -8.69 	 cIDON = [0 1], cIDOFF = [0 1]
11:58:43,610 root DEBUG ===> #(dOFF_patch>dON_patch) = 0/1 = 0.00%
11:58:43,610 root DEBUG dOFF/dON = 0.8
11:58:43,610 root DEBUG {'CHOOSE_DX': 'along_decision_boundary', 'dxONAngle': 86.77159697483401, 'dON1': 0.029717476455244002, 'cIDON1': array([0, 1], dtype=int64), 'dON_patch_1': 0.029717476455244002, 'nTON': 1, 'dON': 0.029717476455244002, 'dxOFFAngle': 82.49161073862267, 'dOFF1': 0.02496710324790564, 'cIDOFF1': array([0, 1], dtype=int64), 'dOFF_patch_1': 0.02496710324790564, 'nTOFF': 1, 'dOFF': 0.02496710324790564, 'SUCCESS': False}
11:58:43,616 root DEBUG 

=================== Experiment ID #31 	 Dual Point ID: 32 ===================
11:58:43,628 root DEBUG CONTROL: 	 OK! 	 (target neuron output < tolerance: |1.988E-08|<1.000E-06)
11:58:43,628 root DEBUG CONTROL DUAL POINT: Check that target neuron output < tolerance ({tol:.3E}) at x_dual.
11:58:43,970 root DEBUG Side: ON	 Angle(dx0, dx): 0.82 deg 	 Angle(n, nold): 0.00 deg 	 Distance in patch: 1.292E-01 	 Total distance: 1.292E-01 	 Future toggles: 1 	 Past toggles: 1 	 Toggled: [[3, array([85], dtype=int64), array([[False]])]] 	 class: [5 8]
11:58:44,293 root DEBUG Side: OFF	 Angle(dx0, dx): 1.74 deg 	 Angle(n, nold): 0.00 deg 	 Distance in patch: 2.507E-01 	 Total distance: 2.507E-01 	 Future toggles: 1 	 Past toggles: 1 	 Toggled: [[4, array([38], dtype=int64), array([[ True]])]] 	 class: [5 8]
11:58:44,293 root DEBUG Check patch-by-patch distances for success (dOFF_patch>dON_patch) and ratio (dOFF_patch/dON_patch):
11:58:44,294 root DEBUG 	 nT= 1  	 success?    True    	 (dON-dOFF)/|dON+dOFF|: 31.98 	 cIDON = [5 8], cIDOFF = [5 8]
11:58:44,294 root DEBUG ===> #(dOFF_patch>dON_patch) = 1/1 = 100.00%
11:58:44,294 root DEBUG dOFF/dON = 1.9
11:58:44,294 root DEBUG {'CHOOSE_DX': 'along_decision_boundary', 'dxONAngle': 85.49872431454692, 'dON1': 0.12920715512076186, 'cIDON1': array([5, 8], dtype=int64), 'dON_patch_1': 0.12920715512076186, 'nTON': 1, 'dON': 0.12920715512076186, 'dxOFFAngle': 83.57966920541433, 'dOFF1': 0.25069610149949184, 'cIDOFF1': array([5, 8], dtype=int64), 'dOFF_patch_1': 0.25069610149949184, 'nTOFF': 1, 'dOFF': 0.25069610149949184, 'SUCCESS': True}
11:58:44,302 root DEBUG 

=================== Experiment ID #32 	 Dual Point ID: 33 ===================
11:58:44,311 root DEBUG CONTROL: 	 OK! 	 (target neuron output < tolerance: |2.772E-07|<1.000E-06)
11:58:44,312 root DEBUG CONTROL DUAL POINT: Check that target neuron output < tolerance ({tol:.3E}) at x_dual.
11:58:44,564 root DEBUG Side: ON	 Angle(dx0, dx): 1.63 deg 	 Angle(n, nold): 0.00 deg 	 Distance in patch: 1.008E-02 	 Total distance: 1.008E-02 	 Future toggles: 1 	 Past toggles: 1 	 Toggled: [[3, array([149], dtype=int64), array([[False]])]] 	 class: [5 9]
11:58:44,818 root DEBUG Side: OFF	 Angle(dx0, dx): 1.18 deg 	 Angle(n, nold): 0.00 deg 	 Distance in patch: 3.725E-02 	 Total distance: 3.725E-02 	 Future toggles: 0 	 Past toggles: 1 	 Toggled: [[1, array([91], dtype=int64), array([[False]])]] 	 class: [5 9]
11:58:44,937 root DEBUG Side: OFF	 Angle(dx0, dx): 0.13 deg 	 Angle(n, nold): 0.00 deg 	 Distance in patch: 5.355E-01 	 Total distance: 5.727E-01 	 Future toggles: 1 	 Past toggles: 1 	 Toggled: [[3, array([149], dtype=int64), array([[False]])]] 	 class: [5 9]
11:58:44,937 root DEBUG Check patch-by-patch distances for success (dOFF_patch>dON_patch) and ratio (dOFF_patch/dON_patch):
11:58:44,937 root DEBUG 	 nT= 1  	 success?    True    	 (dON-dOFF)/|dON+dOFF|: 96.54 	 cIDON = [5 9], cIDOFF = [5 9]
11:58:44,937 root DEBUG ===> #(dOFF_patch>dON_patch) = 1/1 = 100.00%
11:58:44,937 root DEBUG dOFF/dON = 56.8
11:58:44,937 root DEBUG {'CHOOSE_DX': 'along_decision_boundary', 'dxONAngle': 89.84441156340657, 'dON1': 0.010075932950956417, 'cIDON1': array([5, 9], dtype=int64), 'dON_patch_1': 0.010075932950956417, 'nTON': 1, 'dON': 0.010075932950956417, 'dxOFFAngle': 89.34108581937514, 'dOFF1': 0.5727347890363645, 'cIDOFF1': array([5, 9], dtype=int64), 'dOFF_patch_1': 0.5727347890363645, 'nTOFF': 1, 'dOFF': 0.5727347890363645, 'SUCCESS': True}
11:58:44,946 root DEBUG 

=================== Experiment ID #33 	 Dual Point ID: 34 ===================
11:58:44,958 root DEBUG CONTROL: 	 OK! 	 (target neuron output < tolerance: |1.320E-07|<1.000E-06)
11:58:44,958 root DEBUG CONTROL DUAL POINT: Check that target neuron output < tolerance ({tol:.3E}) at x_dual.
11:58:45,188 root DEBUG Side: ON	 Angle(dx0, dx): 9.52 deg 	 Angle(n, nold): 0.00 deg 	 Distance in patch: 1.142E-06 	 Total distance: 1.142E-06 	 Future toggles: 1 	 Past toggles: 1 	 Toggled: [[5, array([0, 1], dtype=int64), array([[1.],
       [0.]])]] 	 class: [0 9]
11:58:45,400 root DEBUG Side: OFF	 Angle(dx0, dx): 1.31 deg 	 Angle(n, nold): 0.00 deg 	 Distance in patch: 8.922E-02 	 Total distance: 8.922E-02 	 Future toggles: 1 	 Past toggles: 1 	 Toggled: [[3, array([88], dtype=int64), array([[False]])]] 	 class: [0 9]
11:58:45,400 root DEBUG Check patch-by-patch distances for success (dOFF_patch>dON_patch) and ratio (dOFF_patch/dON_patch):
11:58:45,400 root DEBUG 	 nT= 1  	 success?    True    	 (dON-dOFF)/|dON+dOFF|: 100.00 	 cIDON = [1 9], cIDOFF = [0 9]
11:58:45,400 root DEBUG ===> #(dOFF_patch>dON_patch) = 1/1 = 100.00%
11:58:45,400 root DEBUG dOFF/dON = 78158.2
11:58:45,400 root DEBUG {'CHOOSE_DX': 'along_decision_boundary', 'dxONAngle': 75.86728083298718, 'dON1': 1.1415495794324094e-06, 'cIDON1': array([1, 9], dtype=int64), 'dON_patch_1': 1.1415495794324094e-06, 'nTON': 1, 'dON': 1.1415495794324094e-06, 'dxOFFAngle': 87.76779760710285, 'dOFF1': 0.08922144720097276, 'cIDOFF1': array([0, 9], dtype=int64), 'dOFF_patch_1': 0.08922144720097276, 'nTOFF': 1, 'dOFF': 0.08922144720097276, 'SUCCESS': True}
11:58:45,407 root DEBUG 

=================== Experiment ID #34 	 Dual Point ID: 35 ===================
11:58:45,414 root DEBUG CONTROL: 	 OK! 	 (target neuron output < tolerance: |1.159E-08|<1.000E-06)
11:58:45,415 root DEBUG CONTROL DUAL POINT: Check that target neuron output < tolerance ({tol:.3E}) at x_dual.
11:58:45,683 root DEBUG Side: ON	 Angle(dx0, dx): 4.71 deg 	 Angle(n, nold): 0.00 deg 	 Distance in patch: 1.720E-02 	 Total distance: 1.720E-02 	 Future toggles: 1 	 Past toggles: 1 	 Toggled: [[4, array([6], dtype=int64), array([[ True]])]] 	 class: [7 9]
11:58:45,950 root DEBUG Side: OFF	 Angle(dx0, dx): 0.52 deg 	 Angle(n, nold): 0.00 deg 	 Distance in patch: 4.292E-02 	 Total distance: 4.292E-02 	 Future toggles: 0 	 Past toggles: 1 	 Toggled: [[1, array([187], dtype=int64), array([[ True]])]] 	 class: [7 9]
11:58:46,102 root DEBUG Side: OFF	 Angle(dx0, dx): 0.85 deg 	 Angle(n, nold): 0.00 deg 	 Distance in patch: 2.148E-02 	 Total distance: 6.439E-02 	 Future toggles: 0 	 Past toggles: 2 	 Toggled: [[1, array([197], dtype=int64), array([[False]])]] 	 class: [7 9]
11:58:46,348 root DEBUG Side: OFF	 Angle(dx0, dx): 0.24 deg 	 Angle(n, nold): 0.00 deg 	 Distance in patch: 9.618E-02 	 Total distance: 1.606E-01 	 Future toggles: 1 	 Past toggles: 1 	 Toggled: [[2, array([65], dtype=int64), array([[ True]])]] 	 class: [7 9]
11:58:46,348 root DEBUG Check patch-by-patch distances for success (dOFF_patch>dON_patch) and ratio (dOFF_patch/dON_patch):
11:58:46,349 root DEBUG 	 nT= 1  	 success?    True    	 (dON-dOFF)/|dON+dOFF|: 80.65 	 cIDON = [7 9], cIDOFF = [7 9]
11:58:46,349 root DEBUG ===> #(dOFF_patch>dON_patch) = 1/1 = 100.00%
11:58:46,349 root DEBUG dOFF/dON = 9.3
11:58:46,349 root DEBUG {'CHOOSE_DX': 'along_decision_boundary', 'dxONAngle': 76.04398700947661, 'dON1': 0.01719844021737749, 'cIDON1': array([7, 9], dtype=int64), 'dON_patch_1': 0.01719844021737749, 'nTON': 1, 'dON': 0.01719844021737749, 'dxOFFAngle': 89.53709585906068, 'dOFF1': 0.16057695008475892, 'cIDOFF1': array([7, 9], dtype=int64), 'dOFF_patch_1': 0.16057695008475892, 'nTOFF': 1, 'dOFF': 0.16057695008475892, 'SUCCESS': True}
11:58:46,354 root DEBUG 

=================== Experiment ID #35 	 Dual Point ID: 36 ===================
11:58:46,365 root DEBUG CONTROL: 	 OK! 	 (target neuron output < tolerance: |1.807E-07|<1.000E-06)
11:58:46,365 root DEBUG CONTROL DUAL POINT: Check that target neuron output < tolerance ({tol:.3E}) at x_dual.
11:58:46,584 root DEBUG Side: ON	 Angle(dx0, dx): 1.33 deg 	 Angle(n, nold): 0.00 deg 	 Distance in patch: 1.922E-01 	 Total distance: 1.922E-01 	 Future toggles: 1 	 Past toggles: 1 	 Toggled: [[2, array([45], dtype=int64), array([[False]])]] 	 class: [5 7]
11:58:46,856 root DEBUG Side: OFF	 Angle(dx0, dx): 0.18 deg 	 Angle(n, nold): 0.00 deg 	 Distance in patch: 7.996E-02 	 Total distance: 7.996E-02 	 Future toggles: 1 	 Past toggles: 1 	 Toggled: [[3, array([85], dtype=int64), array([[ True]])]] 	 class: [5 7]
11:58:46,856 root DEBUG Check patch-by-patch distances for success (dOFF_patch>dON_patch) and ratio (dOFF_patch/dON_patch):
11:58:46,856 root DEBUG 	 nT= 1  	 success?   False    	 (dON-dOFF)/|dON+dOFF|: -41.23 	 cIDON = [5 7], cIDOFF = [5 7]
11:58:46,857 root DEBUG ===> #(dOFF_patch>dON_patch) = 0/1 = 0.00%
11:58:46,857 root DEBUG dOFF/dON = 0.4
11:58:46,857 root DEBUG {'CHOOSE_DX': 'along_decision_boundary', 'dxONAngle': 87.93706632960793, 'dON1': 0.19216046564923436, 'cIDON1': array([5, 7], dtype=int64), 'dON_patch_1': 0.19216046564923436, 'nTON': 1, 'dON': 0.19216046564923436, 'dxOFFAngle': 87.44839456768361, 'dOFF1': 0.079960808033495, 'cIDOFF1': array([5, 7], dtype=int64), 'dOFF_patch_1': 0.079960808033495, 'nTOFF': 1, 'dOFF': 0.079960808033495, 'SUCCESS': False}
11:58:46,866 root DEBUG 

=================== Experiment ID #36 	 Dual Point ID: 37 ===================
11:58:46,874 root DEBUG CONTROL: 	 OK! 	 (target neuron output < tolerance: |1.423E-07|<1.000E-06)
11:58:46,874 root DEBUG CONTROL DUAL POINT: Check that target neuron output < tolerance ({tol:.3E}) at x_dual.
11:58:47,135 root DEBUG Side: ON	 Angle(dx0, dx): 0.04 deg 	 Angle(n, nold): 0.00 deg 	 Distance in patch: 5.332E-01 	 Total distance: 5.332E-01 	 Future toggles: 0 	 Past toggles: 1 	 Toggled: [[1, array([138], dtype=int64), array([[ True]])]] 	 class: [5 7]
11:58:47,289 root DEBUG Side: ON	 Angle(dx0, dx): 1.84 deg 	 Angle(n, nold): 0.00 deg 	 Distance in patch: 2.756E-01 	 Total distance: 8.088E-01 	 Future toggles: 1 	 Past toggles: 1 	 Toggled: [[3, array([161], dtype=int64), array([[False]])]] 	 class: [5 7]
11:58:47,529 root DEBUG Side: OFF	 Angle(dx0, dx): 0.66 deg 	 Angle(n, nold): 0.00 deg 	 Distance in patch: 9.505E-03 	 Total distance: 9.505E-03 	 Future toggles: 0 	 Past toggles: 1 	 Toggled: [[1, array([58], dtype=int64), array([[ True]])]] 	 class: [5 7]
11:58:47,680 root DEBUG Side: OFF	 Angle(dx0, dx): 0.41 deg 	 Angle(n, nold): 0.00 deg 	 Distance in patch: 1.215E-02 	 Total distance: 2.166E-02 	 Future toggles: 0 	 Past toggles: 2 	 Toggled: [[1, array([152], dtype=int64), array([[False]])]] 	 class: [5 7]
11:58:47,835 root DEBUG Side: OFF	 Angle(dx0, dx): 0.33 deg 	 Angle(n, nold): 0.00 deg 	 Distance in patch: 2.365E-03 	 Total distance: 2.402E-02 	 Future toggles: 0 	 Past toggles: 3 	 Toggled: [[1, array([164], dtype=int64), array([[ True]])]] 	 class: [5 7]
11:58:48,27 root DEBUG Side: OFF	 Angle(dx0, dx): 1.33 deg 	 Angle(n, nold): 0.00 deg 	 Distance in patch: 3.735E-02 	 Total distance: 6.138E-02 	 Future toggles: 1 	 Past toggles: 1 	 Toggled: [[3, array([154], dtype=int64), array([[False]])]] 	 class: [5 7]
11:58:48,27 root DEBUG Check patch-by-patch distances for success (dOFF_patch>dON_patch) and ratio (dOFF_patch/dON_patch):
11:58:48,27 root DEBUG 	 nT= 1  	 success?   False    	 (dON-dOFF)/|dON+dOFF|: -85.89 	 cIDON = [5 7], cIDOFF = [5 7]
11:58:48,27 root DEBUG ===> #(dOFF_patch>dON_patch) = 0/1 = 0.00%
11:58:48,27 root DEBUG dOFF/dON = 0.1
11:58:48,27 root DEBUG {'CHOOSE_DX': 'along_decision_boundary', 'dxONAngle': 79.21231900915141, 'dON1': 0.8087953016247256, 'cIDON1': array([5, 7], dtype=int64), 'dON_patch_1': 0.8087953016247256, 'nTON': 1, 'dON': 0.8087953016247256, 'dxOFFAngle': 83.87752438111676, 'dOFF1': 0.06137535431243709, 'cIDOFF1': array([5, 7], dtype=int64), 'dOFF_patch_1': 0.06137535431243709, 'nTOFF': 1, 'dOFF': 0.06137535431243709, 'SUCCESS': False}
11:58:48,37 root DEBUG 

=================== Experiment ID #37 	 Dual Point ID: 38 ===================
11:58:48,46 root DEBUG CONTROL: 	 OK! 	 (target neuron output < tolerance: |3.793E-09|<1.000E-06)
11:58:48,46 root DEBUG CONTROL DUAL POINT: Check that target neuron output < tolerance ({tol:.3E}) at x_dual.
11:58:48,331 root DEBUG Side: ON	 Angle(dx0, dx): 1.85 deg 	 Angle(n, nold): 0.00 deg 	 Distance in patch: 2.820E-02 	 Total distance: 2.820E-02 	 Future toggles: 1 	 Past toggles: 1 	 Toggled: [[3, array([220], dtype=int64), array([[False]])]] 	 class: [0 9]
11:58:48,608 root DEBUG Side: OFF	 Angle(dx0, dx): 0.37 deg 	 Angle(n, nold): 0.00 deg 	 Distance in patch: 4.113E-02 	 Total distance: 4.113E-02 	 Future toggles: 1 	 Past toggles: 1 	 Toggled: [[3, array([220], dtype=int64), array([[False]])]] 	 class: [1 9]
11:58:48,608 root DEBUG Check patch-by-patch distances for success (dOFF_patch>dON_patch) and ratio (dOFF_patch/dON_patch):
11:58:48,609 root DEBUG 	 nT= 1  	 success?    True    	 (dON-dOFF)/|dON+dOFF|: 18.65 	 cIDON = [0 9], cIDOFF = [1 9]
11:58:48,609 root DEBUG ===> #(dOFF_patch>dON_patch) = 1/1 = 100.00%
11:58:48,609 root DEBUG dOFF/dON = 1.5
11:58:48,609 root DEBUG {'CHOOSE_DX': 'along_decision_boundary', 'dxONAngle': 81.2491481699954, 'dON1': 0.028203628070412982, 'cIDON1': array([0, 9], dtype=int64), 'dON_patch_1': 0.028203628070412982, 'nTON': 1, 'dON': 0.028203628070412982, 'dxOFFAngle': 89.44474474511621, 'dOFF1': 0.041134102767610474, 'cIDOFF1': array([1, 9], dtype=int64), 'dOFF_patch_1': 0.041134102767610474, 'nTOFF': 1, 'dOFF': 0.041134102767610474, 'SUCCESS': True}
11:58:48,616 root DEBUG 

=================== Experiment ID #38 	 Dual Point ID: 39 ===================
11:58:48,621 root DEBUG CONTROL: 	 OK! 	 (target neuron output < tolerance: |2.329E-07|<1.000E-06)
11:58:48,621 root DEBUG CONTROL DUAL POINT: Check that target neuron output < tolerance ({tol:.3E}) at x_dual.
11:58:48,881 root DEBUG Side: ON	 Angle(dx0, dx): 1.85 deg 	 Angle(n, nold): 0.00 deg 	 Distance in patch: 3.943E-02 	 Total distance: 3.943E-02 	 Future toggles: 1 	 Past toggles: 1 	 Toggled: [[3, array([0], dtype=int64), array([[False]])]] 	 class: [2 4]
11:58:49,200 root DEBUG Side: OFF	 Angle(dx0, dx): 0.03 deg 	 Angle(n, nold): 0.00 deg 	 Distance in patch: 1.276E-01 	 Total distance: 1.276E-01 	 Future toggles: 1 	 Past toggles: 1 	 Toggled: [[3, array([147], dtype=int64), array([[False]])]] 	 class: [2 4]
11:58:49,200 root DEBUG Check patch-by-patch distances for success (dOFF_patch>dON_patch) and ratio (dOFF_patch/dON_patch):
11:58:49,200 root DEBUG 	 nT= 1  	 success?    True    	 (dON-dOFF)/|dON+dOFF|: 52.78 	 cIDON = [2 4], cIDOFF = [2 4]
11:58:49,201 root DEBUG ===> #(dOFF_patch>dON_patch) = 1/1 = 100.00%
11:58:49,201 root DEBUG dOFF/dON = 3.2
11:58:49,201 root DEBUG {'CHOOSE_DX': 'along_decision_boundary', 'dxONAngle': 85.98298536919553, 'dON1': 0.039433497063826754, 'cIDON1': array([2, 4], dtype=int64), 'dON_patch_1': 0.039433497063826754, 'nTON': 1, 'dON': 0.039433497063826754, 'dxOFFAngle': 89.58413324100152, 'dOFF1': 0.12759262945238348, 'cIDOFF1': array([2, 4], dtype=int64), 'dOFF_patch_1': 0.12759262945238348, 'nTOFF': 1, 'dOFF': 0.12759262945238348, 'SUCCESS': True}
11:58:49,213 root DEBUG 

=================== Experiment ID #39 	 Dual Point ID: 40 ===================
11:58:49,221 root DEBUG CONTROL: 	 OK! 	 (target neuron output < tolerance: |3.417E-08|<1.000E-06)
11:58:49,221 root DEBUG CONTROL DUAL POINT: Check that target neuron output < tolerance ({tol:.3E}) at x_dual.
11:58:49,517 root DEBUG Side: ON	 Angle(dx0, dx): 1.12 deg 	 Angle(n, nold): 0.00 deg 	 Distance in patch: 7.371E-02 	 Total distance: 7.371E-02 	 Future toggles: 1 	 Past toggles: 1 	 Toggled: [[2, array([231], dtype=int64), array([[ True]])]] 	 class: [5 7]
11:58:49,793 root DEBUG Side: OFF	 Angle(dx0, dx): 0.64 deg 	 Angle(n, nold): 0.00 deg 	 Distance in patch: 1.221E-01 	 Total distance: 1.221E-01 	 Future toggles: 1 	 Past toggles: 1 	 Toggled: [[3, array([53], dtype=int64), array([[False]])]] 	 class: [5 7]
11:58:49,793 root DEBUG Check patch-by-patch distances for success (dOFF_patch>dON_patch) and ratio (dOFF_patch/dON_patch):
11:58:49,793 root DEBUG 	 nT= 1  	 success?    True    	 (dON-dOFF)/|dON+dOFF|: 24.72 	 cIDON = [5 7], cIDOFF = [5 7]
11:58:49,793 root DEBUG ===> #(dOFF_patch>dON_patch) = 1/1 = 100.00%
11:58:49,793 root DEBUG dOFF/dON = 1.7
11:58:49,793 root DEBUG {'CHOOSE_DX': 'along_decision_boundary', 'dxONAngle': 88.88476645382751, 'dON1': 0.07371124781089408, 'cIDON1': array([5, 7], dtype=int64), 'dON_patch_1': 0.07371124781089408, 'nTON': 1, 'dON': 0.07371124781089408, 'dxOFFAngle': 89.65360036849565, 'dOFF1': 0.122126251378833, 'cIDOFF1': array([5, 7], dtype=int64), 'dOFF_patch_1': 0.122126251378833, 'nTOFF': 1, 'dOFF': 0.122126251378833, 'SUCCESS': True}
11:58:49,800 root DEBUG 

=================== Experiment ID #40 	 Dual Point ID: 41 ===================
11:58:49,808 root DEBUG CONTROL: 	 OK! 	 (target neuron output < tolerance: |1.344E-08|<1.000E-06)
11:58:49,808 root DEBUG CONTROL DUAL POINT: Check that target neuron output < tolerance ({tol:.3E}) at x_dual.
11:58:50,73 root DEBUG Side: ON	 Angle(dx0, dx): 0.92 deg 	 Angle(n, nold): 0.00 deg 	 Distance in patch: 5.848E-02 	 Total distance: 5.848E-02 	 Future toggles: 1 	 Past toggles: 1 	 Toggled: [[3, array([149], dtype=int64), array([[False]])]] 	 class: [2 3]
11:58:50,260 root DEBUG Side: OFF	 Angle(dx0, dx): 1.02 deg 	 Angle(n, nold): 0.00 deg 	 Distance in patch: 8.996E-02 	 Total distance: 8.996E-02 	 Future toggles: 1 	 Past toggles: 1 	 Toggled: [[3, array([205], dtype=int64), array([[ True]])]] 	 class: [2 3]
11:58:50,260 root DEBUG Check patch-by-patch distances for success (dOFF_patch>dON_patch) and ratio (dOFF_patch/dON_patch):
11:58:50,260 root DEBUG 	 nT= 1  	 success?    True    	 (dON-dOFF)/|dON+dOFF|: 21.21 	 cIDON = [2 3], cIDOFF = [2 3]
11:58:50,260 root DEBUG ===> #(dOFF_patch>dON_patch) = 1/1 = 100.00%
11:58:50,260 root DEBUG dOFF/dON = 1.5
11:58:50,260 root DEBUG {'CHOOSE_DX': 'along_decision_boundary', 'dxONAngle': 85.77947220034736, 'dON1': 0.05847633934453144, 'cIDON1': array([2, 3], dtype=int64), 'dON_patch_1': 0.05847633934453144, 'nTON': 1, 'dON': 0.05847633934453144, 'dxOFFAngle': 86.18650624775748, 'dOFF1': 0.08996233855870925, 'cIDOFF1': array([2, 3], dtype=int64), 'dOFF_patch_1': 0.08996233855870925, 'nTOFF': 1, 'dOFF': 0.08996233855870925, 'SUCCESS': True}
11:58:50,267 root DEBUG 

=================== Experiment ID #41 	 Dual Point ID: 42 ===================
11:58:50,275 root DEBUG CONTROL: 	 OK! 	 (target neuron output < tolerance: |2.755E-07|<1.000E-06)
11:58:50,276 root DEBUG CONTROL DUAL POINT: Check that target neuron output < tolerance ({tol:.3E}) at x_dual.
11:58:50,552 root DEBUG Side: ON	 Angle(dx0, dx): 0.11 deg 	 Angle(n, nold): 0.00 deg 	 Distance in patch: 1.819E-04 	 Total distance: 1.819E-04 	 Future toggles: 1 	 Past toggles: 1 	 Toggled: [[4, array([46], dtype=int64), array([[False]])]] 	 class: [2 7]
11:58:50,763 root DEBUG Side: OFF	 Angle(dx0, dx): 0.28 deg 	 Angle(n, nold): 0.00 deg 	 Distance in patch: 1.251E-01 	 Total distance: 1.251E-01 	 Future toggles: 1 	 Past toggles: 1 	 Toggled: [[4, array([0], dtype=int64), array([[False]])]] 	 class: [2 7]
11:58:50,763 root DEBUG Check patch-by-patch distances for success (dOFF_patch>dON_patch) and ratio (dOFF_patch/dON_patch):
11:58:50,763 root DEBUG 	 nT= 1  	 success?    True    	 (dON-dOFF)/|dON+dOFF|: 99.71 	 cIDON = [2 7], cIDOFF = [2 7]
11:58:50,763 root DEBUG ===> #(dOFF_patch>dON_patch) = 1/1 = 100.00%
11:58:50,763 root DEBUG dOFF/dON = 687.7
11:58:50,763 root DEBUG {'CHOOSE_DX': 'along_decision_boundary', 'dxONAngle': 70.05806770502993, 'dON1': 0.00018194057226863554, 'cIDON1': array([2, 7], dtype=int64), 'dON_patch_1': 0.00018194057226863554, 'nTON': 1, 'dON': 0.00018194057226863554, 'dxOFFAngle': 87.34557015445615, 'dOFF1': 0.12512429246296683, 'cIDOFF1': array([2, 7], dtype=int64), 'dOFF_patch_1': 0.12512429246296683, 'nTOFF': 1, 'dOFF': 0.12512429246296683, 'SUCCESS': True}
11:58:50,880 PIL.PngImagePlugin DEBUG STREAM b'IHDR' 16 13
11:58:50,880 PIL.PngImagePlugin DEBUG STREAM b'sBIT' 41 4
11:58:50,880 PIL.PngImagePlugin DEBUG b'sBIT' 41 4 (unknown)
11:58:50,880 PIL.PngImagePlugin DEBUG STREAM b'pHYs' 57 9
11:58:50,880 PIL.PngImagePlugin DEBUG STREAM b'IDAT' 78 1189
11:58:50,885 PIL.PngImagePlugin DEBUG STREAM b'IHDR' 16 13
11:58:50,885 PIL.PngImagePlugin DEBUG STREAM b'sBIT' 41 4
11:58:50,885 PIL.PngImagePlugin DEBUG b'sBIT' 41 4 (unknown)
11:58:50,885 PIL.PngImagePlugin DEBUG STREAM b'pHYs' 57 9
11:58:50,885 PIL.PngImagePlugin DEBUG STREAM b'IDAT' 78 2994
11:58:50,901 PIL.PngImagePlugin DEBUG STREAM b'IHDR' 16 13
11:58:50,901 PIL.PngImagePlugin DEBUG STREAM b'sBIT' 41 4
11:58:50,901 PIL.PngImagePlugin DEBUG b'sBIT' 41 4 (unknown)
11:58:50,901 PIL.PngImagePlugin DEBUG STREAM b'pHYs' 57 9
11:58:50,901 PIL.PngImagePlugin DEBUG STREAM b'IDAT' 78 696
11:58:50,904 PIL.PngImagePlugin DEBUG STREAM b'IHDR' 16 13
11:58:50,904 PIL.PngImagePlugin DEBUG STREAM b'sBIT' 41 4
11:58:50,904 PIL.PngImagePlugin DEBUG b'sBIT' 41 4 (unknown)
11:58:50,904 PIL.PngImagePlugin DEBUG STREAM b'pHYs' 57 9
11:58:50,904 PIL.PngImagePlugin DEBUG STREAM b'IDAT' 78 526
11:58:50,906 PIL.PngImagePlugin DEBUG STREAM b'IHDR' 16 13
11:58:50,906 PIL.PngImagePlugin DEBUG STREAM b'sBIT' 41 4
11:58:50,906 PIL.PngImagePlugin DEBUG b'sBIT' 41 4 (unknown)
11:58:50,906 PIL.PngImagePlugin DEBUG STREAM b'pHYs' 57 9
11:58:50,906 PIL.PngImagePlugin DEBUG STREAM b'IDAT' 78 499
11:58:50,909 PIL.PngImagePlugin DEBUG STREAM b'IHDR' 16 13
11:58:50,909 PIL.PngImagePlugin DEBUG STREAM b'sBIT' 41 4
11:58:50,909 PIL.PngImagePlugin DEBUG b'sBIT' 41 4 (unknown)
11:58:50,909 PIL.PngImagePlugin DEBUG STREAM b'pHYs' 57 9
11:58:50,909 PIL.PngImagePlugin DEBUG STREAM b'IDAT' 78 673
11:58:50,911 PIL.PngImagePlugin DEBUG STREAM b'IHDR' 16 13
11:58:50,911 PIL.PngImagePlugin DEBUG STREAM b'sBIT' 41 4
11:58:50,911 PIL.PngImagePlugin DEBUG b'sBIT' 41 4 (unknown)
11:58:50,911 PIL.PngImagePlugin DEBUG STREAM b'pHYs' 57 9
11:58:50,911 PIL.PngImagePlugin DEBUG STREAM b'IDAT' 78 922
11:58:50,914 PIL.PngImagePlugin DEBUG STREAM b'IHDR' 16 13
11:58:50,914 PIL.PngImagePlugin DEBUG STREAM b'sBIT' 41 4
11:58:50,914 PIL.PngImagePlugin DEBUG b'sBIT' 41 4 (unknown)
11:58:50,914 PIL.PngImagePlugin DEBUG STREAM b'pHYs' 57 9
11:58:50,914 PIL.PngImagePlugin DEBUG STREAM b'IDAT' 78 568
11:58:50,917 PIL.PngImagePlugin DEBUG STREAM b'IHDR' 16 13
11:58:50,917 PIL.PngImagePlugin DEBUG STREAM b'sBIT' 41 4
11:58:50,917 PIL.PngImagePlugin DEBUG b'sBIT' 41 4 (unknown)
11:58:50,917 PIL.PngImagePlugin DEBUG STREAM b'pHYs' 57 9
11:58:50,917 PIL.PngImagePlugin DEBUG STREAM b'IDAT' 78 626
