10:21:55,696 root DEBUG Check that model weights are dtype tf.float64: 	 <dtype: 'float64'>
10:21:55,698 root INFO eps: 1e-06
10:21:55,698 root INFO tol: 1e-06
10:21:55,698 root DEBUG Load dual points from file: ../data/dual_points_cifar10_3x256_64_10_float64.
10:21:55,710 root DEBUG 

=================== Experiment ID #0 	 Dual Point ID: 1 ===================
10:21:55,722 root DEBUG CONTROL: 	 OK! 	 (target neuron output < tolerance: |5.427E-09|<1.000E-06)
10:21:55,722 root DEBUG CONTROL DUAL POINT: Check that target neuron output < tolerance ({tol:.3E}) at x_dual.
10:21:55,995 root DEBUG Side: ON	 Angle(dx0, dx): 0.32 deg 	 Angle(n, nold): 0.00 deg 	 Distance in patch: 1.052E-01 	 Total distance: 1.052E-01 	 Future toggles: 1 	 Past toggles: 1 	 Toggled: [[3, array([178], dtype=int64), array([[False]])]] 	 class: [3 7]
10:21:56,274 root DEBUG Side: OFF	 Angle(dx0, dx): 0.23 deg 	 Angle(n, nold): 0.00 deg 	 Distance in patch: 9.131E-02 	 Total distance: 9.131E-02 	 Future toggles: 0 	 Past toggles: 1 	 Toggled: [[1, array([148], dtype=int64), array([[ True]])]] 	 class: [3 7]
10:21:56,478 root DEBUG Side: OFF	 Angle(dx0, dx): 0.64 deg 	 Angle(n, nold): 0.00 deg 	 Distance in patch: 5.061E-02 	 Total distance: 1.419E-01 	 Future toggles: 1 	 Past toggles: 1 	 Toggled: [[3, array([182], dtype=int64), array([[False]])]] 	 class: [3 7]
10:21:56,478 root DEBUG Check patch-by-patch distances for success (dOFF_patch>dON_patch) and ratio (dOFF_patch/dON_patch):
10:21:56,479 root DEBUG 	 nT= 1  	 success?    True    	 (dON-dOFF)/|dON+dOFF|: 14.87 	 cIDON = [3 7], cIDOFF = [3 7]
10:21:56,479 root DEBUG ===> #(dOFF_patch>dON_patch) = 1/1 = 100.00%
10:21:56,479 root DEBUG dOFF/dON = 1.3
10:21:56,479 root DEBUG {'CHOOSE_DX': 'along_decision_boundary', 'dxONAngle': 83.35720648411683, 'dON1': 0.10516311687185714, 'cIDON1': array([3, 7], dtype=int64), 'dON_patch_1': 0.10516311687185714, 'nTON': 1, 'dON': 0.10516311687185714, 'dxOFFAngle': 88.98579650773186, 'dOFF1': 0.14191522529621128, 'cIDOFF1': array([3, 7], dtype=int64), 'dOFF_patch_1': 0.14191522529621128, 'nTOFF': 1, 'dOFF': 0.14191522529621128, 'SUCCESS': True}
10:21:56,488 root DEBUG 

=================== Experiment ID #1 	 Dual Point ID: 2 ===================
10:21:56,496 root DEBUG CONTROL: 	 OK! 	 (target neuron output < tolerance: |7.834E-08|<1.000E-06)
10:21:56,496 root DEBUG CONTROL DUAL POINT: Check that target neuron output < tolerance ({tol:.3E}) at x_dual.
10:21:56,759 root DEBUG Side: ON	 Angle(dx0, dx): 6.25 deg 	 Angle(n, nold): 0.00 deg 	 Distance in patch: 1.209E-01 	 Total distance: 1.209E-01 	 Future toggles: 1 	 Past toggles: 1 	 Toggled: [[3, array([250], dtype=int64), array([[ True]])]] 	 class: [0 8]
10:21:56,972 root DEBUG Side: OFF	 Angle(dx0, dx): 0.17 deg 	 Angle(n, nold): 0.00 deg 	 Distance in patch: 4.399E-02 	 Total distance: 4.399E-02 	 Future toggles: 0 	 Past toggles: 1 	 Toggled: [[1, array([98], dtype=int64), array([[False]])]] 	 class: [1 8]
10:21:57,103 root DEBUG Side: OFF	 Angle(dx0, dx): 0.00 deg 	 Angle(n, nold): 0.00 deg 	 Distance in patch: 6.807E-02 	 Total distance: 1.121E-01 	 Future toggles: 1 	 Past toggles: 1 	 Toggled: [[3, array([221], dtype=int64), array([[False]])]] 	 class: [1 8]
10:21:57,104 root DEBUG Check patch-by-patch distances for success (dOFF_patch>dON_patch) and ratio (dOFF_patch/dON_patch):
10:21:57,104 root DEBUG 	 nT= 1  	 success?   False    	 (dON-dOFF)/|dON+dOFF|: -3.78 	 cIDON = [0 8], cIDOFF = [1 8]
10:21:57,104 root DEBUG ===> #(dOFF_patch>dON_patch) = 0/1 = 0.00%
10:21:57,104 root DEBUG dOFF/dON = 0.9
10:21:57,104 root DEBUG {'CHOOSE_DX': 'along_decision_boundary', 'dxONAngle': 77.03630734019647, 'dON1': 0.12086689387064557, 'cIDON1': array([0, 8], dtype=int64), 'dON_patch_1': 0.12086689387064557, 'nTON': 1, 'dON': 0.12086689387064557, 'dxOFFAngle': 89.90770956795294, 'dOFF1': 0.11205844088721512, 'cIDOFF1': array([1, 8], dtype=int64), 'dOFF_patch_1': 0.11205844088721512, 'nTOFF': 1, 'dOFF': 0.11205844088721512, 'SUCCESS': False}
10:21:57,113 root DEBUG 

=================== Experiment ID #2 	 Dual Point ID: 3 ===================
10:21:57,125 root DEBUG CONTROL: 	 OK! 	 (target neuron output < tolerance: |1.506E-07|<1.000E-06)
10:21:57,125 root DEBUG CONTROL DUAL POINT: Check that target neuron output < tolerance ({tol:.3E}) at x_dual.
10:21:57,403 root DEBUG Side: ON	 Angle(dx0, dx): 0.43 deg 	 Angle(n, nold): 0.00 deg 	 Distance in patch: 1.095E-02 	 Total distance: 1.095E-02 	 Future toggles: 1 	 Past toggles: 1 	 Toggled: [[3, array([210], dtype=int64), array([[False]])]] 	 class: [5 9]
10:21:57,861 root DEBUG Side: OFF	 Angle(dx0, dx): 0.19 deg 	 Angle(n, nold): 0.00 deg 	 Distance in patch: 1.624E-01 	 Total distance: 1.624E-01 	 Future toggles: 1 	 Past toggles: 1 	 Toggled: [[3, array([195], dtype=int64), array([[False]])]] 	 class: [5 9]
10:21:57,862 root DEBUG Check patch-by-patch distances for success (dOFF_patch>dON_patch) and ratio (dOFF_patch/dON_patch):
10:21:57,862 root DEBUG 	 nT= 1  	 success?    True    	 (dON-dOFF)/|dON+dOFF|: 87.37 	 cIDON = [5 9], cIDOFF = [5 9]
10:21:57,862 root DEBUG ===> #(dOFF_patch>dON_patch) = 1/1 = 100.00%
10:21:57,863 root DEBUG dOFF/dON = 14.8
10:21:57,863 root DEBUG {'CHOOSE_DX': 'along_decision_boundary', 'dxONAngle': 73.35270918763334, 'dON1': 0.010950673549284681, 'cIDON1': array([5, 9], dtype=int64), 'dON_patch_1': 0.010950673549284681, 'nTON': 1, 'dON': 0.010950673549284681, 'dxOFFAngle': 82.03133029750907, 'dOFF1': 0.16239812713313775, 'cIDOFF1': array([5, 9], dtype=int64), 'dOFF_patch_1': 0.16239812713313775, 'nTOFF': 1, 'dOFF': 0.16239812713313775, 'SUCCESS': True}
10:21:57,876 root DEBUG 

=================== Experiment ID #3 	 Dual Point ID: 4 ===================
10:21:57,889 root DEBUG CONTROL: 	 OK! 	 (target neuron output < tolerance: |7.047E-08|<1.000E-06)
10:21:57,889 root DEBUG CONTROL DUAL POINT: Check that target neuron output < tolerance ({tol:.3E}) at x_dual.
10:21:58,305 root DEBUG Side: ON	 Angle(dx0, dx): 2.50 deg 	 Angle(n, nold): 0.00 deg 	 Distance in patch: 5.940E-03 	 Total distance: 5.940E-03 	 Future toggles: 1 	 Past toggles: 1 	 Toggled: [[2, array([241], dtype=int64), array([[ True]])]] 	 class: [6 7]
10:21:58,723 root DEBUG Side: OFF	 Angle(dx0, dx): 0.35 deg 	 Angle(n, nold): 0.00 deg 	 Distance in patch: 6.944E-02 	 Total distance: 6.944E-02 	 Future toggles: 1 	 Past toggles: 1 	 Toggled: [[2, array([26], dtype=int64), array([[ True]])]] 	 class: [6 7]
10:21:58,723 root DEBUG Check patch-by-patch distances for success (dOFF_patch>dON_patch) and ratio (dOFF_patch/dON_patch):
10:21:58,723 root DEBUG 	 nT= 1  	 success?    True    	 (dON-dOFF)/|dON+dOFF|: 84.24 	 cIDON = [6 7], cIDOFF = [6 7]
10:21:58,723 root DEBUG ===> #(dOFF_patch>dON_patch) = 1/1 = 100.00%
10:21:58,723 root DEBUG dOFF/dON = 11.7
10:21:58,723 root DEBUG {'CHOOSE_DX': 'along_decision_boundary', 'dxONAngle': 87.19699385860713, 'dON1': 0.0059398620823094385, 'cIDON1': array([6, 7], dtype=int64), 'dON_patch_1': 0.0059398620823094385, 'nTON': 1, 'dON': 0.0059398620823094385, 'dxOFFAngle': 87.48143937133824, 'dOFF1': 0.0694354469945536, 'cIDOFF1': array([6, 7], dtype=int64), 'dOFF_patch_1': 0.0694354469945536, 'nTOFF': 1, 'dOFF': 0.0694354469945536, 'SUCCESS': True}
10:21:58,735 root DEBUG 

=================== Experiment ID #4 	 Dual Point ID: 5 ===================
10:21:58,747 root DEBUG CONTROL: 	 OK! 	 (target neuron output < tolerance: |3.394E-07|<1.000E-06)
10:21:58,747 root DEBUG CONTROL DUAL POINT: Check that target neuron output < tolerance ({tol:.3E}) at x_dual.
10:21:59,194 root DEBUG Side: ON	 Angle(dx0, dx): 2.51 deg 	 Angle(n, nold): 0.00 deg 	 Distance in patch: 1.706E-01 	 Total distance: 1.706E-01 	 Future toggles: 1 	 Past toggles: 1 	 Toggled: [[2, array([228], dtype=int64), array([[ True]])]] 	 class: [4 8]
10:21:59,666 root DEBUG Side: OFF	 Angle(dx0, dx): 4.54 deg 	 Angle(n, nold): 0.00 deg 	 Distance in patch: 1.493E-01 	 Total distance: 1.493E-01 	 Future toggles: 1 	 Past toggles: 1 	 Toggled: [[3, array([121], dtype=int64), array([[False]])]] 	 class: [4 8]
10:21:59,666 root DEBUG Check patch-by-patch distances for success (dOFF_patch>dON_patch) and ratio (dOFF_patch/dON_patch):
10:21:59,667 root DEBUG 	 nT= 1  	 success?   False    	 (dON-dOFF)/|dON+dOFF|: -6.64 	 cIDON = [4 8], cIDOFF = [4 8]
10:21:59,667 root DEBUG ===> #(dOFF_patch>dON_patch) = 0/1 = 0.00%
10:21:59,667 root DEBUG dOFF/dON = 0.9
10:21:59,667 root DEBUG {'CHOOSE_DX': 'along_decision_boundary', 'dxONAngle': 81.9363697572242, 'dON1': 0.1705809165952839, 'cIDON1': array([4, 8], dtype=int64), 'dON_patch_1': 0.1705809165952839, 'nTON': 1, 'dON': 0.1705809165952839, 'dxOFFAngle': 87.99743915811712, 'dOFF1': 0.1493447623354973, 'cIDOFF1': array([4, 8], dtype=int64), 'dOFF_patch_1': 0.1493447623354973, 'nTOFF': 1, 'dOFF': 0.1493447623354973, 'SUCCESS': False}
10:21:59,688 root DEBUG 

=================== Experiment ID #5 	 Dual Point ID: 6 ===================
10:21:59,701 root DEBUG CONTROL: 	 OK! 	 (target neuron output < tolerance: |5.813E-08|<1.000E-06)
10:21:59,701 root DEBUG CONTROL DUAL POINT: Check that target neuron output < tolerance ({tol:.3E}) at x_dual.
10:22:00,60 root DEBUG Side: ON	 Angle(dx0, dx): 0.98 deg 	 Angle(n, nold): 0.00 deg 	 Distance in patch: 1.859E-02 	 Total distance: 1.859E-02 	 Future toggles: 0 	 Past toggles: 1 	 Toggled: [[1, array([2], dtype=int64), array([[ True]])]] 	 class: [3 6]
10:22:00,340 root DEBUG Side: ON	 Angle(dx0, dx): 0.27 deg 	 Angle(n, nold): 0.00 deg 	 Distance in patch: 9.986E-03 	 Total distance: 2.858E-02 	 Future toggles: 1 	 Past toggles: 1 	 Toggled: [[2, array([245], dtype=int64), array([[ True]])]] 	 class: [3 6]
10:22:00,746 root DEBUG Side: OFF	 Angle(dx0, dx): 0.26 deg 	 Angle(n, nold): 0.00 deg 	 Distance in patch: 2.264E-01 	 Total distance: 2.264E-01 	 Future toggles: 1 	 Past toggles: 1 	 Toggled: [[2, array([241], dtype=int64), array([[False]])]] 	 class: [3 6]
10:22:00,746 root DEBUG Check patch-by-patch distances for success (dOFF_patch>dON_patch) and ratio (dOFF_patch/dON_patch):
10:22:00,746 root DEBUG 	 nT= 1  	 success?    True    	 (dON-dOFF)/|dON+dOFF|: 77.58 	 cIDON = [3 6], cIDOFF = [3 6]
10:22:00,746 root DEBUG ===> #(dOFF_patch>dON_patch) = 1/1 = 100.00%
10:22:00,746 root DEBUG dOFF/dON = 7.9
10:22:00,746 root DEBUG {'CHOOSE_DX': 'along_decision_boundary', 'dxONAngle': 89.41558285382754, 'dON1': 0.0285797621588275, 'cIDON1': array([3, 6], dtype=int64), 'dON_patch_1': 0.0285797621588275, 'nTON': 1, 'dON': 0.0285797621588275, 'dxOFFAngle': 86.41766075279683, 'dOFF1': 0.22636634974465092, 'cIDOFF1': array([3, 6], dtype=int64), 'dOFF_patch_1': 0.22636634974465092, 'nTOFF': 1, 'dOFF': 0.22636634974465092, 'SUCCESS': True}
10:22:00,755 root DEBUG 

=================== Experiment ID #6 	 Dual Point ID: 7 ===================
10:22:00,766 root DEBUG CONTROL: 	 OK! 	 (target neuron output < tolerance: |2.495E-07|<1.000E-06)
10:22:00,766 root DEBUG CONTROL DUAL POINT: Check that target neuron output < tolerance ({tol:.3E}) at x_dual.
10:22:01,158 root DEBUG Side: ON	 Angle(dx0, dx): 0.17 deg 	 Angle(n, nold): 0.00 deg 	 Distance in patch: 1.628E-02 	 Total distance: 1.628E-02 	 Future toggles: 0 	 Past toggles: 1 	 Toggled: [[1, array([185], dtype=int64), array([[ True]])]] 	 class: [3 8]
10:22:01,362 root DEBUG Side: ON	 Angle(dx0, dx): 0.32 deg 	 Angle(n, nold): 0.00 deg 	 Distance in patch: 1.954E-02 	 Total distance: 3.582E-02 	 Future toggles: 0 	 Past toggles: 2 	 Toggled: [[1, array([132], dtype=int64), array([[False]])]] 	 class: [3 8]
10:22:01,663 root DEBUG Side: ON	 Angle(dx0, dx): 1.36 deg 	 Angle(n, nold): 0.00 deg 	 Distance in patch: 4.469E-02 	 Total distance: 8.051E-02 	 Future toggles: 1 	 Past toggles: 1 	 Toggled: [[3, array([20], dtype=int64), array([[ True]])]] 	 class: [3 8]
10:22:02,81 root DEBUG Side: OFF	 Angle(dx0, dx): 0.00 deg 	 Angle(n, nold): 0.00 deg 	 Distance in patch: 3.993E-02 	 Total distance: 3.993E-02 	 Future toggles: 0 	 Past toggles: 1 	 Toggled: [[1, array([6], dtype=int64), array([[ True]])]] 	 class: [3 8]
10:22:02,423 root DEBUG Side: OFF	 Angle(dx0, dx): 0.07 deg 	 Angle(n, nold): 0.00 deg 	 Distance in patch: 3.100E-01 	 Total distance: 3.499E-01 	 Future toggles: 1 	 Past toggles: 1 	 Toggled: [[3, array([224], dtype=int64), array([[ True]])]] 	 class: [3 8]
10:22:02,424 root DEBUG Check patch-by-patch distances for success (dOFF_patch>dON_patch) and ratio (dOFF_patch/dON_patch):
10:22:02,424 root DEBUG 	 nT= 1  	 success?    True    	 (dON-dOFF)/|dON+dOFF|: 62.59 	 cIDON = [3 8], cIDOFF = [3 8]
10:22:02,424 root DEBUG ===> #(dOFF_patch>dON_patch) = 1/1 = 100.00%
10:22:02,424 root DEBUG dOFF/dON = 4.3
10:22:02,424 root DEBUG {'CHOOSE_DX': 'along_decision_boundary', 'dxONAngle': 83.36183091845912, 'dON1': 0.08051082157178549, 'cIDON1': array([3, 8], dtype=int64), 'dON_patch_1': 0.08051082157178549, 'nTON': 1, 'dON': 0.08051082157178549, 'dxOFFAngle': 89.91930253310673, 'dOFF1': 0.34992916354268816, 'cIDOFF1': array([3, 8], dtype=int64), 'dOFF_patch_1': 0.34992916354268816, 'nTOFF': 1, 'dOFF': 0.34992916354268816, 'SUCCESS': True}
10:22:02,432 root DEBUG 

=================== Experiment ID #7 	 Dual Point ID: 8 ===================
10:22:02,442 root DEBUG CONTROL: 	 OK! 	 (target neuron output < tolerance: |8.709E-08|<1.000E-06)
10:22:02,443 root DEBUG CONTROL DUAL POINT: Check that target neuron output < tolerance ({tol:.3E}) at x_dual.
10:22:02,852 root DEBUG Side: ON	 Angle(dx0, dx): 0.46 deg 	 Angle(n, nold): 0.00 deg 	 Distance in patch: 1.511E-02 	 Total distance: 1.511E-02 	 Future toggles: 1 	 Past toggles: 1 	 Toggled: [[3, array([206], dtype=int64), array([[False]])]] 	 class: [0 9]
10:22:03,274 root DEBUG Side: OFF	 Angle(dx0, dx): 1.67 deg 	 Angle(n, nold): 0.00 deg 	 Distance in patch: 3.956E-02 	 Total distance: 3.956E-02 	 Future toggles: 0 	 Past toggles: 1 	 Toggled: [[1, array([117], dtype=int64), array([[False]])]] 	 class: [0 9]
10:22:03,600 root DEBUG Side: OFF	 Angle(dx0, dx): 0.93 deg 	 Angle(n, nold): 0.00 deg 	 Distance in patch: 7.213E-02 	 Total distance: 1.117E-01 	 Future toggles: 0 	 Past toggles: 2 	 Toggled: [[1, array([212], dtype=int64), array([[ True]])]] 	 class: [0 9]
10:22:03,905 root DEBUG Side: OFF	 Angle(dx0, dx): 0.49 deg 	 Angle(n, nold): 0.00 deg 	 Distance in patch: 7.272E-02 	 Total distance: 1.844E-01 	 Future toggles: 1 	 Past toggles: 1 	 Toggled: [[2, array([77], dtype=int64), array([[ True]])]] 	 class: [0 9]
10:22:03,906 root DEBUG Check patch-by-patch distances for success (dOFF_patch>dON_patch) and ratio (dOFF_patch/dON_patch):
10:22:03,906 root DEBUG 	 nT= 1  	 success?    True    	 (dON-dOFF)/|dON+dOFF|: 84.86 	 cIDON = [0 9], cIDOFF = [0 9]
10:22:03,906 root DEBUG ===> #(dOFF_patch>dON_patch) = 1/1 = 100.00%
10:22:03,906 root DEBUG dOFF/dON = 12.2
10:22:03,906 root DEBUG {'CHOOSE_DX': 'along_decision_boundary', 'dxONAngle': 81.86819337475114, 'dON1': 0.015106542691918143, 'cIDON1': array([0, 9], dtype=int64), 'dON_patch_1': 0.015106542691918143, 'nTON': 1, 'dON': 0.015106542691918143, 'dxOFFAngle': 83.62320308909794, 'dOFF1': 0.1844103757397192, 'cIDOFF1': array([0, 9], dtype=int64), 'dOFF_patch_1': 0.1844103757397192, 'nTOFF': 1, 'dOFF': 0.1844103757397192, 'SUCCESS': True}
10:22:03,921 root DEBUG 

=================== Experiment ID #8 	 Dual Point ID: 9 ===================
10:22:03,935 root DEBUG CONTROL: 	 OK! 	 (target neuron output < tolerance: |8.505E-08|<1.000E-06)
10:22:03,935 root DEBUG CONTROL DUAL POINT: Check that target neuron output < tolerance ({tol:.3E}) at x_dual.
10:22:04,297 root DEBUG Side: ON	 Angle(dx0, dx): 5.94 deg 	 Angle(n, nold): 0.00 deg 	 Distance in patch: 9.932E-02 	 Total distance: 9.932E-02 	 Future toggles: 1 	 Past toggles: 1 	 Toggled: [[3, array([220], dtype=int64), array([[False]])]] 	 class: [2 8]
10:22:04,566 root DEBUG Side: OFF	 Angle(dx0, dx): 3.13 deg 	 Angle(n, nold): 0.00 deg 	 Distance in patch: 1.091E-01 	 Total distance: 1.091E-01 	 Future toggles: 1 	 Past toggles: 1 	 Toggled: [[3, array([168], dtype=int64), array([[False]])]] 	 class: [2 8]
10:22:04,567 root DEBUG Check patch-by-patch distances for success (dOFF_patch>dON_patch) and ratio (dOFF_patch/dON_patch):
10:22:04,567 root DEBUG 	 nT= 1  	 success?    True    	 (dON-dOFF)/|dON+dOFF|: 4.68 	 cIDON = [2 8], cIDOFF = [2 8]
10:22:04,567 root DEBUG ===> #(dOFF_patch>dON_patch) = 1/1 = 100.00%
10:22:04,567 root DEBUG dOFF/dON = 1.1
10:22:04,567 root DEBUG {'CHOOSE_DX': 'along_decision_boundary', 'dxONAngle': 66.83206054687781, 'dON1': 0.09931698451187647, 'cIDON1': array([2, 8], dtype=int64), 'dON_patch_1': 0.09931698451187647, 'nTON': 1, 'dON': 0.09931698451187647, 'dxOFFAngle': 76.56737455114583, 'dOFF1': 0.10907656979794753, 'cIDOFF1': array([2, 8], dtype=int64), 'dOFF_patch_1': 0.10907656979794753, 'nTOFF': 1, 'dOFF': 0.10907656979794753, 'SUCCESS': True}
10:22:04,581 root DEBUG 

=================== Experiment ID #9 	 Dual Point ID: 10 ===================
10:22:04,592 root DEBUG CONTROL: 	 OK! 	 (target neuron output < tolerance: |2.773E-08|<1.000E-06)
10:22:04,593 root DEBUG CONTROL DUAL POINT: Check that target neuron output < tolerance ({tol:.3E}) at x_dual.
10:22:05,63 root DEBUG Side: ON	 Angle(dx0, dx): 5.23 deg 	 Angle(n, nold): 0.00 deg 	 Distance in patch: 9.255E-02 	 Total distance: 9.255E-02 	 Future toggles: 1 	 Past toggles: 1 	 Toggled: [[2, array([223], dtype=int64), array([[False]])]] 	 class: [7 9]
10:22:05,485 root DEBUG Side: OFF	 Angle(dx0, dx): 0.01 deg 	 Angle(n, nold): 0.00 deg 	 Distance in patch: 1.837E-02 	 Total distance: 1.837E-02 	 Future toggles: 0 	 Past toggles: 1 	 Toggled: [[1, array([193], dtype=int64), array([[ True]])]] 	 class: [7 9]
10:22:05,848 root DEBUG Side: OFF	 Angle(dx0, dx): 0.93 deg 	 Angle(n, nold): 0.00 deg 	 Distance in patch: 3.184E-01 	 Total distance: 3.368E-01 	 Future toggles: 0 	 Past toggles: 2 	 Toggled: [[1, array([35], dtype=int64), array([[ True]])]] 	 class: [7 9]
10:22:06,132 root DEBUG Side: OFF	 Angle(dx0, dx): 0.09 deg 	 Angle(n, nold): 0.00 deg 	 Distance in patch: 2.371E-02 	 Total distance: 3.605E-01 	 Future toggles: 1 	 Past toggles: 1 	 Toggled: [[2, array([230], dtype=int64), array([[ True]])]] 	 class: [7 9]
10:22:06,132 root DEBUG Check patch-by-patch distances for success (dOFF_patch>dON_patch) and ratio (dOFF_patch/dON_patch):
10:22:06,133 root DEBUG 	 nT= 1  	 success?    True    	 (dON-dOFF)/|dON+dOFF|: 59.14 	 cIDON = [7 9], cIDOFF = [7 9]
10:22:06,133 root DEBUG ===> #(dOFF_patch>dON_patch) = 1/1 = 100.00%
10:22:06,133 root DEBUG dOFF/dON = 3.9
10:22:06,133 root DEBUG {'CHOOSE_DX': 'along_decision_boundary', 'dxONAngle': 89.06350644587715, 'dON1': 0.09255486660226006, 'cIDON1': array([7, 9], dtype=int64), 'dON_patch_1': 0.09255486660226006, 'nTON': 1, 'dON': 0.09255486660226006, 'dxOFFAngle': 89.2903303338943, 'dOFF1': 0.36048076651545174, 'cIDOFF1': array([7, 9], dtype=int64), 'dOFF_patch_1': 0.36048076651545174, 'nTOFF': 1, 'dOFF': 0.36048076651545174, 'SUCCESS': True}
10:22:06,139 root DEBUG 

=================== Experiment ID #10 	 Dual Point ID: 11 ===================
10:22:06,147 root DEBUG CONTROL: 	 OK! 	 (target neuron output < tolerance: |6.242E-08|<1.000E-06)
10:22:06,147 root DEBUG CONTROL DUAL POINT: Check that target neuron output < tolerance ({tol:.3E}) at x_dual.
10:22:06,575 root DEBUG Side: ON	 Angle(dx0, dx): 0.38 deg 	 Angle(n, nold): 0.00 deg 	 Distance in patch: 6.462E-02 	 Total distance: 6.462E-02 	 Future toggles: 1 	 Past toggles: 1 	 Toggled: [[2, array([93], dtype=int64), array([[False]])]] 	 class: [0 1]
10:22:06,944 root DEBUG Side: OFF	 Angle(dx0, dx): 0.11 deg 	 Angle(n, nold): 0.00 deg 	 Distance in patch: 7.153E-02 	 Total distance: 7.153E-02 	 Future toggles: 1 	 Past toggles: 1 	 Toggled: [[2, array([142], dtype=int64), array([[False]])]] 	 class: [0 1]
10:22:06,945 root DEBUG Check patch-by-patch distances for success (dOFF_patch>dON_patch) and ratio (dOFF_patch/dON_patch):
10:22:06,945 root DEBUG 	 nT= 1  	 success?    True    	 (dON-dOFF)/|dON+dOFF|: 5.08 	 cIDON = [0 1], cIDOFF = [0 1]
10:22:06,945 root DEBUG ===> #(dOFF_patch>dON_patch) = 1/1 = 100.00%
10:22:06,945 root DEBUG dOFF/dON = 1.1
10:22:06,945 root DEBUG {'CHOOSE_DX': 'along_decision_boundary', 'dxONAngle': 88.35821654152417, 'dON1': 0.06461722515332706, 'cIDON1': array([0, 1], dtype=int64), 'dON_patch_1': 0.06461722515332706, 'nTON': 1, 'dON': 0.06461722515332706, 'dxOFFAngle': 86.95170936574253, 'dOFF1': 0.07152696121311687, 'cIDOFF1': array([0, 1], dtype=int64), 'dOFF_patch_1': 0.07152696121311687, 'nTOFF': 1, 'dOFF': 0.07152696121311687, 'SUCCESS': True}
10:22:06,963 root DEBUG 

=================== Experiment ID #11 	 Dual Point ID: 12 ===================
10:22:06,978 root DEBUG CONTROL: 	 OK! 	 (target neuron output < tolerance: |1.096E-07|<1.000E-06)
10:22:06,979 root DEBUG CONTROL DUAL POINT: Check that target neuron output < tolerance ({tol:.3E}) at x_dual.
10:22:07,300 root DEBUG Side: ON	 Angle(dx0, dx): 10.66 deg 	 Angle(n, nold): 0.00 deg 	 Distance in patch: 3.444E-06 	 Total distance: 3.444E-06 	 Future toggles: 1 	 Past toggles: 1 	 Toggled: [[5, array([0, 1], dtype=int64), array([[1.],
       [0.]])]] 	 class: [0 4]
10:22:07,724 root DEBUG Side: OFF	 Angle(dx0, dx): 0.84 deg 	 Angle(n, nold): 0.00 deg 	 Distance in patch: 1.921E-01 	 Total distance: 1.921E-01 	 Future toggles: 1 	 Past toggles: 1 	 Toggled: [[2, array([32], dtype=int64), array([[False]])]] 	 class: [1 4]
10:22:07,724 root DEBUG Check patch-by-patch distances for success (dOFF_patch>dON_patch) and ratio (dOFF_patch/dON_patch):
10:22:07,725 root DEBUG 	 nT= 1  	 success?    True    	 (dON-dOFF)/|dON+dOFF|: 100.00 	 cIDON = [1 4], cIDOFF = [1 4]
10:22:07,725 root DEBUG ===> #(dOFF_patch>dON_patch) = 1/1 = 100.00%
10:22:07,725 root DEBUG dOFF/dON = 55792.3
10:22:07,725 root DEBUG {'CHOOSE_DX': 'along_decision_boundary', 'dxONAngle': 76.44935673457763, 'dON1': 3.4439239565665022e-06, 'cIDON1': array([1, 4], dtype=int64), 'dON_patch_1': 3.4439239565665022e-06, 'nTON': 1, 'dON': 3.4439239565665022e-06, 'dxOFFAngle': 83.47836185219394, 'dOFF1': 0.1921444994620723, 'cIDOFF1': array([1, 4], dtype=int64), 'dOFF_patch_1': 0.1921444994620723, 'nTOFF': 1, 'dOFF': 0.1921444994620723, 'SUCCESS': True}
10:22:07,731 root DEBUG 

=================== Experiment ID #12 	 Dual Point ID: 13 ===================
10:22:07,739 root DEBUG CONTROL: 	 OK! 	 (target neuron output < tolerance: |5.494E-08|<1.000E-06)
10:22:07,739 root DEBUG CONTROL DUAL POINT: Check that target neuron output < tolerance ({tol:.3E}) at x_dual.
10:22:08,20 root DEBUG Side: ON	 Angle(dx0, dx): 0.94 deg 	 Angle(n, nold): 0.00 deg 	 Distance in patch: 7.402E-02 	 Total distance: 7.402E-02 	 Future toggles: 1 	 Past toggles: 1 	 Toggled: [[2, array([72], dtype=int64), array([[ True]])]] 	 class: [3 7]
10:22:08,358 root DEBUG Side: OFF	 Angle(dx0, dx): 0.23 deg 	 Angle(n, nold): 0.00 deg 	 Distance in patch: 1.658E-01 	 Total distance: 1.658E-01 	 Future toggles: 0 	 Past toggles: 1 	 Toggled: [[1, array([95], dtype=int64), array([[False]])]] 	 class: [3 7]
10:22:08,583 root DEBUG Side: OFF	 Angle(dx0, dx): 0.43 deg 	 Angle(n, nold): 0.00 deg 	 Distance in patch: 1.510E-01 	 Total distance: 3.168E-01 	 Future toggles: 1 	 Past toggles: 1 	 Toggled: [[3, array([56], dtype=int64), array([[False]])]] 	 class: [3 7]
10:22:08,583 root DEBUG Check patch-by-patch distances for success (dOFF_patch>dON_patch) and ratio (dOFF_patch/dON_patch):
10:22:08,583 root DEBUG 	 nT= 1  	 success?    True    	 (dON-dOFF)/|dON+dOFF|: 62.12 	 cIDON = [3 7], cIDOFF = [3 7]
10:22:08,583 root DEBUG ===> #(dOFF_patch>dON_patch) = 1/1 = 100.00%
10:22:08,583 root DEBUG dOFF/dON = 4.3
10:22:08,583 root DEBUG {'CHOOSE_DX': 'along_decision_boundary', 'dxONAngle': 66.85616302242693, 'dON1': 0.07402269162128403, 'cIDON1': array([3, 7], dtype=int64), 'dON_patch_1': 0.07402269162128403, 'nTON': 1, 'dON': 0.07402269162128403, 'dxOFFAngle': 85.73055001666278, 'dOFF1': 0.31676509884836246, 'cIDOFF1': array([3, 7], dtype=int64), 'dOFF_patch_1': 0.31676509884836246, 'nTOFF': 1, 'dOFF': 0.31676509884836246, 'SUCCESS': True}
10:22:08,593 root DEBUG 

=================== Experiment ID #13 	 Dual Point ID: 14 ===================
10:22:08,603 root DEBUG CONTROL: 	 OK! 	 (target neuron output < tolerance: |8.165E-08|<1.000E-06)
10:22:08,603 root DEBUG CONTROL DUAL POINT: Check that target neuron output < tolerance ({tol:.3E}) at x_dual.
10:22:08,888 root DEBUG Side: ON	 Angle(dx0, dx): 2.59 deg 	 Angle(n, nold): 0.00 deg 	 Distance in patch: 1.028E-02 	 Total distance: 1.028E-02 	 Future toggles: 1 	 Past toggles: 1 	 Toggled: [[3, array([180], dtype=int64), array([[ True]])]] 	 class: [2 7]
10:22:09,195 root DEBUG Side: OFF	 Angle(dx0, dx): 0.24 deg 	 Angle(n, nold): 0.00 deg 	 Distance in patch: 8.238E-02 	 Total distance: 8.238E-02 	 Future toggles: 1 	 Past toggles: 1 	 Toggled: [[2, array([71], dtype=int64), array([[False]])]] 	 class: [2 7]
10:22:09,197 root DEBUG Check patch-by-patch distances for success (dOFF_patch>dON_patch) and ratio (dOFF_patch/dON_patch):
10:22:09,197 root DEBUG 	 nT= 1  	 success?    True    	 (dON-dOFF)/|dON+dOFF|: 77.82 	 cIDON = [2 7], cIDOFF = [2 7]
10:22:09,197 root DEBUG ===> #(dOFF_patch>dON_patch) = 1/1 = 100.00%
10:22:09,197 root DEBUG dOFF/dON = 8.0
10:22:09,197 root DEBUG {'CHOOSE_DX': 'along_decision_boundary', 'dxONAngle': 68.7305078534701, 'dON1': 0.010277147477119672, 'cIDON1': array([2, 7], dtype=int64), 'dON_patch_1': 0.010277147477119672, 'nTON': 1, 'dON': 0.010277147477119672, 'dxOFFAngle': 86.5466347874874, 'dOFF1': 0.08238063901661585, 'cIDOFF1': array([2, 7], dtype=int64), 'dOFF_patch_1': 0.08238063901661585, 'nTOFF': 1, 'dOFF': 0.08238063901661585, 'SUCCESS': True}
10:22:09,210 root DEBUG 

=================== Experiment ID #14 	 Dual Point ID: 15 ===================
10:22:09,218 root DEBUG CONTROL: 	 OK! 	 (target neuron output < tolerance: |1.143E-07|<1.000E-06)
10:22:09,218 root DEBUG CONTROL DUAL POINT: Check that target neuron output < tolerance ({tol:.3E}) at x_dual.
10:22:09,542 root DEBUG Side: ON	 Angle(dx0, dx): 0.05 deg 	 Angle(n, nold): 0.00 deg 	 Distance in patch: 9.843E-03 	 Total distance: 9.843E-03 	 Future toggles: 1 	 Past toggles: 1 	 Toggled: [[2, array([236], dtype=int64), array([[False]])]] 	 class: [6 9]
10:22:09,845 root DEBUG Side: OFF	 Angle(dx0, dx): 0.01 deg 	 Angle(n, nold): 0.00 deg 	 Distance in patch: 1.461E-02 	 Total distance: 1.461E-02 	 Future toggles: 1 	 Past toggles: 1 	 Toggled: [[2, array([236], dtype=int64), array([[False]])]] 	 class: [6 9]
10:22:09,846 root DEBUG Check patch-by-patch distances for success (dOFF_patch>dON_patch) and ratio (dOFF_patch/dON_patch):
10:22:09,846 root DEBUG 	 nT= 1  	 success?    True    	 (dON-dOFF)/|dON+dOFF|: 19.50 	 cIDON = [6 9], cIDOFF = [6 9]
10:22:09,847 root DEBUG ===> #(dOFF_patch>dON_patch) = 1/1 = 100.00%
10:22:09,847 root DEBUG dOFF/dON = 1.5
10:22:09,847 root DEBUG {'CHOOSE_DX': 'along_decision_boundary', 'dxONAngle': 78.38942274439839, 'dON1': 0.00984325524171187, 'cIDON1': array([6, 9], dtype=int64), 'dON_patch_1': 0.00984325524171187, 'nTON': 1, 'dON': 0.00984325524171187, 'dxOFFAngle': 89.38371400506462, 'dOFF1': 0.014611204185256287, 'cIDOFF1': array([6, 9], dtype=int64), 'dOFF_patch_1': 0.014611204185256287, 'nTOFF': 1, 'dOFF': 0.014611204185256287, 'SUCCESS': True}
10:22:09,859 root DEBUG 

=================== Experiment ID #15 	 Dual Point ID: 16 ===================
10:22:09,872 root DEBUG CONTROL: 	 OK! 	 (target neuron output < tolerance: |5.736E-08|<1.000E-06)
10:22:09,872 root DEBUG CONTROL DUAL POINT: Check that target neuron output < tolerance ({tol:.3E}) at x_dual.
10:22:10,266 root DEBUG Side: ON	 Angle(dx0, dx): 7.22 deg 	 Angle(n, nold): 0.00 deg 	 Distance in patch: 4.028E-02 	 Total distance: 4.028E-02 	 Future toggles: 1 	 Past toggles: 1 	 Toggled: [[3, array([78], dtype=int64), array([[False]])]] 	 class: [0 2]
10:22:10,537 root DEBUG Side: OFF	 Angle(dx0, dx): 0.57 deg 	 Angle(n, nold): 0.00 deg 	 Distance in patch: 1.251E-01 	 Total distance: 1.251E-01 	 Future toggles: 1 	 Past toggles: 1 	 Toggled: [[2, array([113], dtype=int64), array([[False]])]] 	 class: [1 2]
10:22:10,537 root DEBUG Check patch-by-patch distances for success (dOFF_patch>dON_patch) and ratio (dOFF_patch/dON_patch):
10:22:10,537 root DEBUG 	 nT= 1  	 success?    True    	 (dON-dOFF)/|dON+dOFF|: 51.28 	 cIDON = [0 2], cIDOFF = [1 2]
10:22:10,537 root DEBUG ===> #(dOFF_patch>dON_patch) = 1/1 = 100.00%
10:22:10,537 root DEBUG dOFF/dON = 3.1
10:22:10,537 root DEBUG {'CHOOSE_DX': 'along_decision_boundary', 'dxONAngle': 77.77077021123921, 'dON1': 0.04028334542589911, 'cIDON1': array([0, 2], dtype=int64), 'dON_patch_1': 0.04028334542589911, 'nTON': 1, 'dON': 0.04028334542589911, 'dxOFFAngle': 86.60542117197907, 'dOFF1': 0.12509696250967633, 'cIDOFF1': array([1, 2], dtype=int64), 'dOFF_patch_1': 0.12509696250967633, 'nTOFF': 1, 'dOFF': 0.12509696250967633, 'SUCCESS': True}
10:22:10,543 root DEBUG 

=================== Experiment ID #16 	 Dual Point ID: 17 ===================
10:22:10,550 root DEBUG CONTROL: 	 OK! 	 (target neuron output < tolerance: |2.356E-08|<1.000E-06)
10:22:10,551 root DEBUG CONTROL DUAL POINT: Check that target neuron output < tolerance ({tol:.3E}) at x_dual.
10:22:10,825 root DEBUG Side: ON	 Angle(dx0, dx): 1.25 deg 	 Angle(n, nold): 0.00 deg 	 Distance in patch: 6.266E-02 	 Total distance: 6.266E-02 	 Future toggles: 1 	 Past toggles: 1 	 Toggled: [[3, array([242], dtype=int64), array([[ True]])]] 	 class: [3 7]
10:22:11,67 root DEBUG Side: OFF	 Angle(dx0, dx): 2.00 deg 	 Angle(n, nold): 0.00 deg 	 Distance in patch: 2.488E-01 	 Total distance: 2.488E-01 	 Future toggles: 1 	 Past toggles: 1 	 Toggled: [[3, array([177], dtype=int64), array([[ True]])]] 	 class: [3 7]
10:22:11,67 root DEBUG Check patch-by-patch distances for success (dOFF_patch>dON_patch) and ratio (dOFF_patch/dON_patch):
10:22:11,67 root DEBUG 	 nT= 1  	 success?    True    	 (dON-dOFF)/|dON+dOFF|: 59.77 	 cIDON = [3 7], cIDOFF = [3 7]
10:22:11,67 root DEBUG ===> #(dOFF_patch>dON_patch) = 1/1 = 100.00%
10:22:11,67 root DEBUG dOFF/dON = 4.0
10:22:11,67 root DEBUG {'CHOOSE_DX': 'along_decision_boundary', 'dxONAngle': 69.24523467857303, 'dON1': 0.06266243692372755, 'cIDON1': array([3, 7], dtype=int64), 'dON_patch_1': 0.06266243692372755, 'nTON': 1, 'dON': 0.06266243692372755, 'dxOFFAngle': 84.25630301979379, 'dOFF1': 0.24882737843658395, 'cIDOFF1': array([3, 7], dtype=int64), 'dOFF_patch_1': 0.24882737843658395, 'nTOFF': 1, 'dOFF': 0.24882737843658395, 'SUCCESS': True}
10:22:11,76 root DEBUG 

=================== Experiment ID #17 	 Dual Point ID: 18 ===================
10:22:11,88 root DEBUG CONTROL: 	 OK! 	 (target neuron output < tolerance: |1.346E-07|<1.000E-06)
10:22:11,88 root DEBUG CONTROL DUAL POINT: Check that target neuron output < tolerance ({tol:.3E}) at x_dual.
10:22:11,389 root DEBUG Side: ON	 Angle(dx0, dx): 4.75 deg 	 Angle(n, nold): 0.00 deg 	 Distance in patch: 2.162E-02 	 Total distance: 2.162E-02 	 Future toggles: 1 	 Past toggles: 1 	 Toggled: [[2, array([52], dtype=int64), array([[False]])]] 	 class: [8 9]
10:22:11,622 root DEBUG Side: OFF	 Angle(dx0, dx): 0.24 deg 	 Angle(n, nold): 0.00 deg 	 Distance in patch: 5.169E-02 	 Total distance: 5.169E-02 	 Future toggles: 1 	 Past toggles: 1 	 Toggled: [[2, array([34], dtype=int64), array([[ True]])]] 	 class: [8 9]
10:22:11,622 root DEBUG Check patch-by-patch distances for success (dOFF_patch>dON_patch) and ratio (dOFF_patch/dON_patch):
10:22:11,622 root DEBUG 	 nT= 1  	 success?    True    	 (dON-dOFF)/|dON+dOFF|: 41.01 	 cIDON = [8 9], cIDOFF = [8 9]
10:22:11,622 root DEBUG ===> #(dOFF_patch>dON_patch) = 1/1 = 100.00%
10:22:11,622 root DEBUG dOFF/dON = 2.4
10:22:11,623 root DEBUG {'CHOOSE_DX': 'along_decision_boundary', 'dxONAngle': 74.7043906906542, 'dON1': 0.0216226407254684, 'cIDON1': array([8, 9], dtype=int64), 'dON_patch_1': 0.0216226407254684, 'nTON': 1, 'dON': 0.0216226407254684, 'dxOFFAngle': 86.1410117116757, 'dOFF1': 0.0516872988488406, 'cIDOFF1': array([8, 9], dtype=int64), 'dOFF_patch_1': 0.0516872988488406, 'nTOFF': 1, 'dOFF': 0.0516872988488406, 'SUCCESS': True}
10:22:11,633 root DEBUG 

=================== Experiment ID #18 	 Dual Point ID: 19 ===================
10:22:11,644 root DEBUG CONTROL: 	 OK! 	 (target neuron output < tolerance: |2.225E-07|<1.000E-06)
10:22:11,644 root DEBUG CONTROL DUAL POINT: Check that target neuron output < tolerance ({tol:.3E}) at x_dual.
10:22:11,924 root DEBUG Side: ON	 Angle(dx0, dx): 0.34 deg 	 Angle(n, nold): 0.00 deg 	 Distance in patch: 4.424E-02 	 Total distance: 4.424E-02 	 Future toggles: 0 	 Past toggles: 1 	 Toggled: [[1, array([178], dtype=int64), array([[ True]])]] 	 class: [2 4]
10:22:12,60 root DEBUG Side: ON	 Angle(dx0, dx): 1.68 deg 	 Angle(n, nold): 0.00 deg 	 Distance in patch: 3.174E-02 	 Total distance: 7.598E-02 	 Future toggles: 1 	 Past toggles: 1 	 Toggled: [[3, array([201], dtype=int64), array([[False]])]] 	 class: [2 4]
10:22:12,318 root DEBUG Side: OFF	 Angle(dx0, dx): 0.41 deg 	 Angle(n, nold): 0.00 deg 	 Distance in patch: 3.605E-01 	 Total distance: 3.605E-01 	 Future toggles: 1 	 Past toggles: 1 	 Toggled: [[2, array([248], dtype=int64), array([[False]])]] 	 class: [2 4]
10:22:12,318 root DEBUG Check patch-by-patch distances for success (dOFF_patch>dON_patch) and ratio (dOFF_patch/dON_patch):
10:22:12,319 root DEBUG 	 nT= 1  	 success?    True    	 (dON-dOFF)/|dON+dOFF|: 65.19 	 cIDON = [2 4], cIDOFF = [2 4]
10:22:12,319 root DEBUG ===> #(dOFF_patch>dON_patch) = 1/1 = 100.00%
10:22:12,319 root DEBUG dOFF/dON = 4.7
10:22:12,319 root DEBUG {'CHOOSE_DX': 'along_decision_boundary', 'dxONAngle': 75.28777414112366, 'dON1': 0.07597796844174759, 'cIDON1': array([2, 4], dtype=int64), 'dON_patch_1': 0.07597796844174759, 'nTON': 1, 'dON': 0.07597796844174759, 'dxOFFAngle': 88.36568880164022, 'dOFF1': 0.36050462572404623, 'cIDOFF1': array([2, 4], dtype=int64), 'dOFF_patch_1': 0.36050462572404623, 'nTOFF': 1, 'dOFF': 0.36050462572404623, 'SUCCESS': True}
10:22:12,340 root DEBUG 

=================== Experiment ID #19 	 Dual Point ID: 20 ===================
10:22:12,348 root DEBUG CONTROL: 	 OK! 	 (target neuron output < tolerance: |6.545E-08|<1.000E-06)
10:22:12,349 root DEBUG CONTROL DUAL POINT: Check that target neuron output < tolerance ({tol:.3E}) at x_dual.
10:22:12,672 root DEBUG Side: ON	 Angle(dx0, dx): 2.17 deg 	 Angle(n, nold): 0.00 deg 	 Distance in patch: 2.639E-03 	 Total distance: 2.639E-03 	 Future toggles: 1 	 Past toggles: 1 	 Toggled: [[3, array([148], dtype=int64), array([[False]])]] 	 class: [5 7]
10:22:12,963 root DEBUG Side: OFF	 Angle(dx0, dx): 0.37 deg 	 Angle(n, nold): 0.00 deg 	 Distance in patch: 2.198E-01 	 Total distance: 2.198E-01 	 Future toggles: 1 	 Past toggles: 1 	 Toggled: [[3, array([8], dtype=int64), array([[ True]])]] 	 class: [5 7]
10:22:12,963 root DEBUG Check patch-by-patch distances for success (dOFF_patch>dON_patch) and ratio (dOFF_patch/dON_patch):
10:22:12,964 root DEBUG 	 nT= 1  	 success?    True    	 (dON-dOFF)/|dON+dOFF|: 97.63 	 cIDON = [5 7], cIDOFF = [5 7]
10:22:12,964 root DEBUG ===> #(dOFF_patch>dON_patch) = 1/1 = 100.00%
10:22:12,964 root DEBUG dOFF/dON = 83.3
10:22:12,964 root DEBUG {'CHOOSE_DX': 'along_decision_boundary', 'dxONAngle': 83.29978641547679, 'dON1': 0.002638993704771023, 'cIDON1': array([5, 7], dtype=int64), 'dON_patch_1': 0.002638993704771023, 'nTON': 1, 'dON': 0.002638993704771023, 'dxOFFAngle': 89.12813548744215, 'dOFF1': 0.21980915135214388, 'cIDOFF1': array([5, 7], dtype=int64), 'dOFF_patch_1': 0.21980915135214388, 'nTOFF': 1, 'dOFF': 0.21980915135214388, 'SUCCESS': True}
10:22:12,974 root DEBUG 

=================== Experiment ID #20 	 Dual Point ID: 21 ===================
10:22:12,984 root DEBUG CONTROL: 	 OK! 	 (target neuron output < tolerance: |7.913E-08|<1.000E-06)
10:22:12,984 root DEBUG CONTROL DUAL POINT: Check that target neuron output < tolerance ({tol:.3E}) at x_dual.
10:22:13,189 root DEBUG Side: ON	 Angle(dx0, dx): 7.28 deg 	 Angle(n, nold): 0.00 deg 	 Distance in patch: 1.635E-03 	 Total distance: 1.635E-03 	 Future toggles: 1 	 Past toggles: 1 	 Toggled: [[4, array([50], dtype=int64), array([[ True]])]] 	 class: [2 7]
10:22:13,421 root DEBUG Side: OFF	 Angle(dx0, dx): 0.11 deg 	 Angle(n, nold): 0.00 deg 	 Distance in patch: 3.679E-02 	 Total distance: 3.679E-02 	 Future toggles: 1 	 Past toggles: 1 	 Toggled: [[2, array([219], dtype=int64), array([[False]])]] 	 class: [2 7]
10:22:13,421 root DEBUG Check patch-by-patch distances for success (dOFF_patch>dON_patch) and ratio (dOFF_patch/dON_patch):
10:22:13,421 root DEBUG 	 nT= 1  	 success?    True    	 (dON-dOFF)/|dON+dOFF|: 91.49 	 cIDON = [2 7], cIDOFF = [2 7]
10:22:13,421 root DEBUG ===> #(dOFF_patch>dON_patch) = 1/1 = 100.00%
10:22:13,421 root DEBUG dOFF/dON = 22.5
10:22:13,421 root DEBUG {'CHOOSE_DX': 'along_decision_boundary', 'dxONAngle': 77.83365542138003, 'dON1': 0.0016348579373721963, 'cIDON1': array([2, 7], dtype=int64), 'dON_patch_1': 0.0016348579373721963, 'nTON': 1, 'dON': 0.0016348579373721963, 'dxOFFAngle': 86.18439894565782, 'dOFF1': 0.03679243214276627, 'cIDOFF1': array([2, 7], dtype=int64), 'dOFF_patch_1': 0.03679243214276627, 'nTOFF': 1, 'dOFF': 0.03679243214276627, 'SUCCESS': True}
10:22:13,427 root DEBUG 

=================== Experiment ID #21 	 Dual Point ID: 22 ===================
10:22:13,436 root DEBUG CONTROL: 	 OK! 	 (target neuron output < tolerance: |3.588E-08|<1.000E-06)
10:22:13,436 root DEBUG CONTROL DUAL POINT: Check that target neuron output < tolerance ({tol:.3E}) at x_dual.
10:22:13,700 root DEBUG Side: ON	 Angle(dx0, dx): 1.46 deg 	 Angle(n, nold): 0.00 deg 	 Distance in patch: 8.358E-03 	 Total distance: 8.358E-03 	 Future toggles: 1 	 Past toggles: 1 	 Toggled: [[3, array([8], dtype=int64), array([[ True]])]] 	 class: [2 4]
10:22:13,989 root DEBUG Side: OFF	 Angle(dx0, dx): 0.24 deg 	 Angle(n, nold): 0.00 deg 	 Distance in patch: 4.872E-02 	 Total distance: 4.872E-02 	 Future toggles: 0 	 Past toggles: 1 	 Toggled: [[1, array([221], dtype=int64), array([[False]])]] 	 class: [2 4]
10:22:14,226 root DEBUG Side: OFF	 Angle(dx0, dx): 0.70 deg 	 Angle(n, nold): 0.00 deg 	 Distance in patch: 1.771E-01 	 Total distance: 2.258E-01 	 Future toggles: 1 	 Past toggles: 1 	 Toggled: [[3, array([62], dtype=int64), array([[False]])]] 	 class: [2 4]
10:22:14,226 root DEBUG Check patch-by-patch distances for success (dOFF_patch>dON_patch) and ratio (dOFF_patch/dON_patch):
10:22:14,227 root DEBUG 	 nT= 1  	 success?    True    	 (dON-dOFF)/|dON+dOFF|: 92.86 	 cIDON = [2 4], cIDOFF = [2 4]
10:22:14,227 root DEBUG ===> #(dOFF_patch>dON_patch) = 1/1 = 100.00%
10:22:14,227 root DEBUG dOFF/dON = 27.0
10:22:14,227 root DEBUG {'CHOOSE_DX': 'along_decision_boundary', 'dxONAngle': 82.50555450977899, 'dON1': 0.008357835656683667, 'cIDON1': array([2, 4], dtype=int64), 'dON_patch_1': 0.008357835656683667, 'nTON': 1, 'dON': 0.008357835656683667, 'dxOFFAngle': 88.39969931610587, 'dOFF1': 0.2258089016045431, 'cIDOFF1': array([2, 4], dtype=int64), 'dOFF_patch_1': 0.2258089016045431, 'nTOFF': 1, 'dOFF': 0.2258089016045431, 'SUCCESS': True}
10:22:14,236 root DEBUG 

=================== Experiment ID #22 	 Dual Point ID: 23 ===================
10:22:14,247 root DEBUG CONTROL: 	 OK! 	 (target neuron output < tolerance: |5.230E-08|<1.000E-06)
10:22:14,247 root DEBUG CONTROL DUAL POINT: Check that target neuron output < tolerance ({tol:.3E}) at x_dual.
10:22:14,531 root DEBUG Side: ON	 Angle(dx0, dx): 0.84 deg 	 Angle(n, nold): 0.00 deg 	 Distance in patch: 8.662E-02 	 Total distance: 8.662E-02 	 Future toggles: 1 	 Past toggles: 1 	 Toggled: [[2, array([89], dtype=int64), array([[False]])]] 	 class: [2 9]
10:22:14,812 root DEBUG Side: OFF	 Angle(dx0, dx): 0.23 deg 	 Angle(n, nold): 0.00 deg 	 Distance in patch: 3.940E-01 	 Total distance: 3.940E-01 	 Future toggles: 1 	 Past toggles: 1 	 Toggled: [[2, array([212], dtype=int64), array([[False]])]] 	 class: [2 9]
10:22:14,813 root DEBUG Check patch-by-patch distances for success (dOFF_patch>dON_patch) and ratio (dOFF_patch/dON_patch):
10:22:14,813 root DEBUG 	 nT= 1  	 success?    True    	 (dON-dOFF)/|dON+dOFF|: 63.95 	 cIDON = [2 9], cIDOFF = [2 9]
10:22:14,813 root DEBUG ===> #(dOFF_patch>dON_patch) = 1/1 = 100.00%
10:22:14,813 root DEBUG dOFF/dON = 4.5
10:22:14,813 root DEBUG {'CHOOSE_DX': 'along_decision_boundary', 'dxONAngle': 81.68431944073532, 'dON1': 0.08662151241875193, 'cIDON1': array([2, 9], dtype=int64), 'dON_patch_1': 0.08662151241875193, 'nTON': 1, 'dON': 0.08662151241875193, 'dxOFFAngle': 87.92802985452909, 'dOFF1': 0.39398396576731604, 'cIDOFF1': array([2, 9], dtype=int64), 'dOFF_patch_1': 0.39398396576731604, 'nTOFF': 1, 'dOFF': 0.39398396576731604, 'SUCCESS': True}
10:22:14,820 root DEBUG 

=================== Experiment ID #23 	 Dual Point ID: 24 ===================
10:22:14,832 root DEBUG CONTROL: 	 OK! 	 (target neuron output < tolerance: |1.678E-08|<1.000E-06)
10:22:14,832 root DEBUG CONTROL DUAL POINT: Check that target neuron output < tolerance ({tol:.3E}) at x_dual.
10:22:15,127 root DEBUG Side: ON	 Angle(dx0, dx): 0.46 deg 	 Angle(n, nold): 0.00 deg 	 Distance in patch: 1.768E-02 	 Total distance: 1.768E-02 	 Future toggles: 1 	 Past toggles: 1 	 Toggled: [[3, array([7], dtype=int64), array([[ True]])]] 	 class: [8 9]
10:22:15,391 root DEBUG Side: OFF	 Angle(dx0, dx): 0.13 deg 	 Angle(n, nold): 0.00 deg 	 Distance in patch: 2.204E-02 	 Total distance: 2.204E-02 	 Future toggles: 1 	 Past toggles: 1 	 Toggled: [[3, array([136], dtype=int64), array([[ True]])]] 	 class: [8 9]
10:22:15,391 root DEBUG Check patch-by-patch distances for success (dOFF_patch>dON_patch) and ratio (dOFF_patch/dON_patch):
10:22:15,391 root DEBUG 	 nT= 1  	 success?    True    	 (dON-dOFF)/|dON+dOFF|: 10.99 	 cIDON = [8 9], cIDOFF = [8 9]
10:22:15,391 root DEBUG ===> #(dOFF_patch>dON_patch) = 1/1 = 100.00%
10:22:15,391 root DEBUG dOFF/dON = 1.2
10:22:15,391 root DEBUG {'CHOOSE_DX': 'along_decision_boundary', 'dxONAngle': 83.70790362909821, 'dON1': 0.017677083877059484, 'cIDON1': array([8, 9], dtype=int64), 'dON_patch_1': 0.017677083877059484, 'nTON': 1, 'dON': 0.017677083877059484, 'dxOFFAngle': 85.87666222382087, 'dOFF1': 0.02204430260882066, 'cIDOFF1': array([8, 9], dtype=int64), 'dOFF_patch_1': 0.02204430260882066, 'nTOFF': 1, 'dOFF': 0.02204430260882066, 'SUCCESS': True}
10:22:15,401 root DEBUG 

=================== Experiment ID #24 	 Dual Point ID: 25 ===================
10:22:15,409 root DEBUG CONTROL: 	 OK! 	 (target neuron output < tolerance: |2.484E-07|<1.000E-06)
10:22:15,409 root DEBUG CONTROL DUAL POINT: Check that target neuron output < tolerance ({tol:.3E}) at x_dual.
10:22:15,620 root DEBUG Side: ON	 Angle(dx0, dx): 28.69 deg 	 Angle(n, nold): 0.00 deg 	 Distance in patch: 1.861E-01 	 Total distance: 1.861E-01 	 Future toggles: 1 	 Past toggles: 1 	 Toggled: [[5, array([1, 2], dtype=int64), array([[1.],
       [0.]])]] 	 class: [1 8]
10:22:15,851 root DEBUG Side: OFF	 Angle(dx0, dx): 1.42 deg 	 Angle(n, nold): 0.00 deg 	 Distance in patch: 1.948E-02 	 Total distance: 1.948E-02 	 Future toggles: 1 	 Past toggles: 1 	 Toggled: [[3, array([186], dtype=int64), array([[ True]])]] 	 class: [2 8]
10:22:15,851 root DEBUG Check patch-by-patch distances for success (dOFF_patch>dON_patch) and ratio (dOFF_patch/dON_patch):
10:22:15,852 root DEBUG 	 nT= 1  	 success?   False    	 (dON-dOFF)/|dON+dOFF|: -81.05 	 cIDON = [2 8], cIDOFF = [2 8]
10:22:15,852 root DEBUG ===> #(dOFF_patch>dON_patch) = 0/1 = 0.00%
10:22:15,852 root DEBUG dOFF/dON = 0.1
10:22:15,852 root DEBUG {'CHOOSE_DX': 'along_decision_boundary', 'dxONAngle': 72.0479256629386, 'dON1': 0.18609644835208392, 'cIDON1': array([2, 8], dtype=int64), 'dON_patch_1': 0.18609644835208392, 'nTON': 1, 'dON': 0.18609644835208392, 'dxOFFAngle': 84.62005603654609, 'dOFF1': 0.01947550168586962, 'cIDOFF1': array([2, 8], dtype=int64), 'dOFF_patch_1': 0.01947550168586962, 'nTOFF': 1, 'dOFF': 0.01947550168586962, 'SUCCESS': False}
10:22:15,995 PIL.PngImagePlugin DEBUG STREAM b'IHDR' 16 13
10:22:15,996 PIL.PngImagePlugin DEBUG STREAM b'sBIT' 41 4
10:22:15,996 PIL.PngImagePlugin DEBUG b'sBIT' 41 4 (unknown)
10:22:15,996 PIL.PngImagePlugin DEBUG STREAM b'pHYs' 57 9
10:22:15,996 PIL.PngImagePlugin DEBUG STREAM b'IDAT' 78 1189
10:22:16,5 PIL.PngImagePlugin DEBUG STREAM b'IHDR' 16 13
10:22:16,5 PIL.PngImagePlugin DEBUG STREAM b'sBIT' 41 4
10:22:16,6 PIL.PngImagePlugin DEBUG b'sBIT' 41 4 (unknown)
10:22:16,6 PIL.PngImagePlugin DEBUG STREAM b'pHYs' 57 9
10:22:16,6 PIL.PngImagePlugin DEBUG STREAM b'IDAT' 78 2994
10:22:16,25 PIL.PngImagePlugin DEBUG STREAM b'IHDR' 16 13
10:22:16,25 PIL.PngImagePlugin DEBUG STREAM b'sBIT' 41 4
10:22:16,26 PIL.PngImagePlugin DEBUG b'sBIT' 41 4 (unknown)
10:22:16,26 PIL.PngImagePlugin DEBUG STREAM b'pHYs' 57 9
10:22:16,26 PIL.PngImagePlugin DEBUG STREAM b'IDAT' 78 696
10:22:16,32 PIL.PngImagePlugin DEBUG STREAM b'IHDR' 16 13
10:22:16,32 PIL.PngImagePlugin DEBUG STREAM b'sBIT' 41 4
10:22:16,33 PIL.PngImagePlugin DEBUG b'sBIT' 41 4 (unknown)
10:22:16,33 PIL.PngImagePlugin DEBUG STREAM b'pHYs' 57 9
10:22:16,33 PIL.PngImagePlugin DEBUG STREAM b'IDAT' 78 526
10:22:16,41 PIL.PngImagePlugin DEBUG STREAM b'IHDR' 16 13
10:22:16,41 PIL.PngImagePlugin DEBUG STREAM b'sBIT' 41 4
10:22:16,41 PIL.PngImagePlugin DEBUG b'sBIT' 41 4 (unknown)
10:22:16,41 PIL.PngImagePlugin DEBUG STREAM b'pHYs' 57 9
10:22:16,41 PIL.PngImagePlugin DEBUG STREAM b'IDAT' 78 499
10:22:16,48 PIL.PngImagePlugin DEBUG STREAM b'IHDR' 16 13
10:22:16,48 PIL.PngImagePlugin DEBUG STREAM b'sBIT' 41 4
10:22:16,48 PIL.PngImagePlugin DEBUG b'sBIT' 41 4 (unknown)
10:22:16,48 PIL.PngImagePlugin DEBUG STREAM b'pHYs' 57 9
10:22:16,48 PIL.PngImagePlugin DEBUG STREAM b'IDAT' 78 673
10:22:16,53 PIL.PngImagePlugin DEBUG STREAM b'IHDR' 16 13
10:22:16,53 PIL.PngImagePlugin DEBUG STREAM b'sBIT' 41 4
10:22:16,53 PIL.PngImagePlugin DEBUG b'sBIT' 41 4 (unknown)
10:22:16,53 PIL.PngImagePlugin DEBUG STREAM b'pHYs' 57 9
10:22:16,53 PIL.PngImagePlugin DEBUG STREAM b'IDAT' 78 922
10:22:16,56 PIL.PngImagePlugin DEBUG STREAM b'IHDR' 16 13
10:22:16,57 PIL.PngImagePlugin DEBUG STREAM b'sBIT' 41 4
10:22:16,57 PIL.PngImagePlugin DEBUG b'sBIT' 41 4 (unknown)
10:22:16,57 PIL.PngImagePlugin DEBUG STREAM b'pHYs' 57 9
10:22:16,57 PIL.PngImagePlugin DEBUG STREAM b'IDAT' 78 568
10:22:16,63 PIL.PngImagePlugin DEBUG STREAM b'IHDR' 16 13
10:22:16,63 PIL.PngImagePlugin DEBUG STREAM b'sBIT' 41 4
10:22:16,64 PIL.PngImagePlugin DEBUG b'sBIT' 41 4 (unknown)
10:22:16,64 PIL.PngImagePlugin DEBUG STREAM b'pHYs' 57 9
10:22:16,64 PIL.PngImagePlugin DEBUG STREAM b'IDAT' 78 626
