12:48:39,989 root DEBUG Check that model weights are dtype tf.float64: 	 <dtype: 'float64'>
12:48:39,989 root INFO eps: 1e-06
12:48:39,989 root INFO tol: 1e-06
12:48:39,990 root DEBUG Load dual points from file: ../data/dual_points_cifar10_3x256_64_10_float64.
12:48:40,0 root DEBUG 

=================== Experiment ID #0 	 Dual Point ID: 1 ===================
12:48:40,33 root DEBUG CONTROL: 	 WARNING! 	 (target neuron output > tolerance: |1.185E-06|>1.000E-06)
12:48:40,33 root DEBUG CONTROL DUAL POINT: Check that target neuron output < tolerance ({tol:.3E}) at x_dual.
12:48:40,33 root DEBUG CONTROL DUAL POINT: Check that target neuron output < tolerance ({tol:.3E}) at x_dual.
12:48:40,34 root DEBUG 

=================== Experiment ID #0 	 Dual Point ID: 2 ===================
12:48:40,55 root DEBUG CONTROL: 	 WARNING! 	 (target neuron output > tolerance: |1.035E-06|>1.000E-06)
12:48:40,55 root DEBUG CONTROL DUAL POINT: Check that target neuron output < tolerance ({tol:.3E}) at x_dual.
12:48:40,56 root DEBUG CONTROL DUAL POINT: Check that target neuron output < tolerance ({tol:.3E}) at x_dual.
12:48:40,57 root DEBUG 

=================== Experiment ID #0 	 Dual Point ID: 3 ===================
12:48:40,93 root DEBUG CONTROL: 	 OK! 	 (target neuron output < tolerance: |1.048E-07|<1.000E-06)
12:48:40,93 root DEBUG CONTROL DUAL POINT: Check that target neuron output < tolerance ({tol:.3E}) at x_dual.
12:48:40,491 root DEBUG Side: ON	 Angle(dx0, dx): 4.88 deg 	 Angle(n, nold): 0.00 deg 	 Distance in patch: 1.214E-02 	 Total distance: 1.214E-02 	 Future toggles: 1 	 Past toggles: 1 	 Toggled: [[3, array([171], dtype=int64), array([[ True]])]] 	 class: [3 7]
12:48:40,994 root DEBUG Side: OFF	 Angle(dx0, dx): 3.47 deg 	 Angle(n, nold): 0.00 deg 	 Distance in patch: 9.949E-02 	 Total distance: 9.949E-02 	 Future toggles: 1 	 Past toggles: 1 	 Toggled: [[3, array([99], dtype=int64), array([[ True]])]] 	 class: [3 7]
12:48:40,994 root DEBUG Check patch-by-patch distances for success (dOFF_patch>dON_patch) and ratio (dOFF_patch/dON_patch):
12:48:40,994 root DEBUG 	 nT= 1  	 success?    True    	 (dON-dOFF)/|dON+dOFF|: 78.24 	 cIDON = [3 7], cIDOFF = [3 7]
12:48:40,995 root DEBUG ===> #(dOFF_patch>dON_patch) = 1/1 = 100.00%
12:48:40,995 root DEBUG dOFF/dON = 8.2
12:48:40,995 root DEBUG {'CHOOSE_DX': 'along_decision_boundary', 'dxONAngle': 71.22760328289537, 'dON1': 0.012144169392935718, 'cIDON1': array([3, 7], dtype=int64), 'dON_patch_1': 0.012144169392935718, 'nTON': 1, 'dON': 0.012144169392935718, 'dxOFFAngle': 81.8277086603146, 'dOFF1': 0.09949019370932857, 'cIDOFF1': array([3, 7], dtype=int64), 'dOFF_patch_1': 0.09949019370932857, 'nTOFF': 1, 'dOFF': 0.09949019370932857, 'SUCCESS': True}
12:48:41,4 root DEBUG 

=================== Experiment ID #1 	 Dual Point ID: 4 ===================
12:48:41,40 root DEBUG CONTROL: 	 WARNING! 	 (target neuron output > tolerance: |1.787E-06|>1.000E-06)
12:48:41,40 root DEBUG CONTROL DUAL POINT: Check that target neuron output < tolerance ({tol:.3E}) at x_dual.
12:48:41,40 root DEBUG CONTROL DUAL POINT: Check that target neuron output < tolerance ({tol:.3E}) at x_dual.
12:48:41,41 root DEBUG 

=================== Experiment ID #1 	 Dual Point ID: 5 ===================
12:48:41,68 root DEBUG CONTROL: 	 WARNING! 	 (target neuron output > tolerance: |1.079E-06|>1.000E-06)
12:48:41,69 root DEBUG CONTROL DUAL POINT: Check that target neuron output < tolerance ({tol:.3E}) at x_dual.
12:48:41,69 root DEBUG CONTROL DUAL POINT: Check that target neuron output < tolerance ({tol:.3E}) at x_dual.
12:48:41,70 root DEBUG 

=================== Experiment ID #1 	 Dual Point ID: 6 ===================
12:48:41,107 root DEBUG CONTROL: 	 WARNING! 	 (target neuron output > tolerance: |1.075E-06|>1.000E-06)
12:48:41,107 root DEBUG CONTROL DUAL POINT: Check that target neuron output < tolerance ({tol:.3E}) at x_dual.
12:48:41,107 root DEBUG CONTROL DUAL POINT: Check that target neuron output < tolerance ({tol:.3E}) at x_dual.
12:48:41,108 root DEBUG 

=================== Experiment ID #1 	 Dual Point ID: 7 ===================
12:48:41,135 root DEBUG CONTROL: 	 WARNING! 	 (target neuron output > tolerance: |1.435E-06|>1.000E-06)
12:48:41,135 root DEBUG CONTROL DUAL POINT: Check that target neuron output < tolerance ({tol:.3E}) at x_dual.
12:48:41,135 root DEBUG CONTROL DUAL POINT: Check that target neuron output < tolerance ({tol:.3E}) at x_dual.
12:48:41,136 root DEBUG 

=================== Experiment ID #1 	 Dual Point ID: 8 ===================
12:48:41,165 root DEBUG CONTROL: 	 OK! 	 (target neuron output < tolerance: |5.761E-07|<1.000E-06)
12:48:41,166 root DEBUG CONTROL DUAL POINT: Check that target neuron output < tolerance ({tol:.3E}) at x_dual.
12:48:41,598 root DEBUG Side: ON	 Angle(dx0, dx): 0.47 deg 	 Angle(n, nold): 0.00 deg 	 Distance in patch: 3.637E-02 	 Total distance: 3.637E-02 	 Future toggles: 1 	 Past toggles: 1 	 Toggled: [[3, array([69], dtype=int64), array([[False]])]] 	 class: [8 9]
12:48:41,965 root DEBUG Side: OFF	 Angle(dx0, dx): 0.88 deg 	 Angle(n, nold): 0.00 deg 	 Distance in patch: 4.621E-02 	 Total distance: 4.621E-02 	 Future toggles: 1 	 Past toggles: 1 	 Toggled: [[3, array([204], dtype=int64), array([[False]])]] 	 class: [8 9]
12:48:41,965 root DEBUG Check patch-by-patch distances for success (dOFF_patch>dON_patch) and ratio (dOFF_patch/dON_patch):
12:48:41,965 root DEBUG 	 nT= 1  	 success?    True    	 (dON-dOFF)/|dON+dOFF|: 11.91 	 cIDON = [8 9], cIDOFF = [8 9]
12:48:41,966 root DEBUG ===> #(dOFF_patch>dON_patch) = 1/1 = 100.00%
12:48:41,966 root DEBUG dOFF/dON = 1.3
12:48:41,966 root DEBUG {'CHOOSE_DX': 'along_decision_boundary', 'dxONAngle': 88.88395429495125, 'dON1': 0.036369921611745966, 'cIDON1': array([8, 9], dtype=int64), 'dON_patch_1': 0.036369921611745966, 'nTON': 1, 'dON': 0.036369921611745966, 'dxOFFAngle': 84.03915939194536, 'dOFF1': 0.04620665899170979, 'cIDOFF1': array([8, 9], dtype=int64), 'dOFF_patch_1': 0.04620665899170979, 'nTOFF': 1, 'dOFF': 0.04620665899170979, 'SUCCESS': True}
12:48:41,975 root DEBUG 

=================== Experiment ID #2 	 Dual Point ID: 9 ===================
12:48:41,996 root DEBUG CONTROL: 	 OK! 	 (target neuron output < tolerance: |3.067E-07|<1.000E-06)
12:48:41,996 root DEBUG CONTROL DUAL POINT: Check that target neuron output < tolerance ({tol:.3E}) at x_dual.
12:48:42,471 root DEBUG Side: ON	 Angle(dx0, dx): 3.55 deg 	 Angle(n, nold): 0.00 deg 	 Distance in patch: 1.269E-01 	 Total distance: 1.269E-01 	 Future toggles: 0 	 Past toggles: 1 	 Toggled: [[2, array([55], dtype=int64), array([[False]])]] 	 class: [0 4]
12:48:42,685 root DEBUG Side: ON	 Angle(dx0, dx): 0.76 deg 	 Angle(n, nold): 0.00 deg 	 Distance in patch: 2.248E-02 	 Total distance: 1.494E-01 	 Future toggles: 0 	 Past toggles: 2 	 Toggled: [[2, array([50], dtype=int64), array([[ True]])]] 	 class: [0 4]
12:48:42,934 root DEBUG Side: ON	 Angle(dx0, dx): 6.61 deg 	 Angle(n, nold): 0.00 deg 	 Distance in patch: 9.157E-03 	 Total distance: 1.585E-01 	 Future toggles: 0 	 Past toggles: 3 	 Toggled: [[2, array([140], dtype=int64), array([[ True]])]] 	 class: [0 4]
12:48:43,156 root DEBUG Side: ON	 Angle(dx0, dx): 0.68 deg 	 Angle(n, nold): 0.00 deg 	 Distance in patch: 1.551E-02 	 Total distance: 1.741E-01 	 Future toggles: 0 	 Past toggles: 4 	 Toggled: [[2, array([197], dtype=int64), array([[False]])]] 	 class: [0 4]
12:48:43,334 root DEBUG Side: ON	 Angle(dx0, dx): 0.22 deg 	 Angle(n, nold): 0.18 deg 	 Distance in patch: 6.799E-02 	 Total distance: 2.420E-01 	 Future toggles: 0 	 Past toggles: 5 	 Toggled: [[1, array([181], dtype=int64), array([[False]])]] 	 class: [0 4]
12:48:43,531 root DEBUG Side: ON	 Angle(dx0, dx): 2.15 deg 	 Angle(n, nold): 2.10 deg 	 Distance in patch: 7.122E-02 	 Total distance: 3.133E-01 	 Future toggles: 0 	 Past toggles: 6 	 Toggled: [[1, array([213], dtype=int64), array([[ True]])]] 	 class: [0 4]
12:48:43,757 root DEBUG Side: ON	 Angle(dx0, dx): 0.54 deg 	 Angle(n, nold): 0.54 deg 	 Distance in patch: 1.865E-02 	 Total distance: 3.319E-01 	 Future toggles: 0 	 Past toggles: 7 	 Toggled: [[1, array([147], dtype=int64), array([[ True]])]] 	 class: [0 4]
12:48:43,945 root DEBUG Side: ON	 Angle(dx0, dx): 0.49 deg 	 Angle(n, nold): 0.00 deg 	 Distance in patch: 3.751E-02 	 Total distance: 3.694E-01 	 Future toggles: 0 	 Past toggles: 8 	 Toggled: [[2, array([181], dtype=int64), array([[ True]])]] 	 class: [0 4]
12:48:44,83 root DEBUG Side: ON	 Angle(dx0, dx): 0.26 deg 	 Angle(n, nold): 0.00 deg 	 Distance in patch: 1.636E-02 	 Total distance: 3.858E-01 	 Future toggles: 1 	 Past toggles: 1 	 Toggled: [[3, array([29], dtype=int64), array([[False]])]] 	 class: [0 4]
12:48:44,357 root DEBUG Side: OFF	 Angle(dx0, dx): 5.53 deg 	 Angle(n, nold): 2.20 deg 	 Distance in patch: 1.865E-03 	 Total distance: 1.865E-03 	 Future toggles: 1 	 Past toggles: 1 	 Toggled: [[5, array([0, 1], dtype=int64), array([[1.],
       [0.]])]] 	 class: [0 4]
12:48:44,357 root DEBUG Check patch-by-patch distances for success (dOFF_patch>dON_patch) and ratio (dOFF_patch/dON_patch):
12:48:44,357 root DEBUG 	 nT= 1  	 success?   False    	 (dON-dOFF)/|dON+dOFF|: -99.04 	 cIDON = [0 4], cIDOFF = [1 4]
12:48:44,357 root DEBUG ===> #(dOFF_patch>dON_patch) = 0/1 = 0.00%
12:48:44,357 root DEBUG dOFF/dON = 0.0
12:48:44,357 root DEBUG {'CHOOSE_DX': 'along_decision_boundary', 'dxONAngle': 87.65816460828373, 'dON1': 0.38577317430076036, 'cIDON1': array([0, 4], dtype=int64), 'dON_patch_1': 0.38577317430076036, 'nTON': 1, 'dON': 0.38577317430076036, 'dxOFFAngle': 83.1794509962239, 'dOFF1': 0.0018652192189015059, 'cIDOFF1': array([1, 4], dtype=int64), 'dOFF_patch_1': 0.0018652192189015059, 'nTOFF': 1, 'dOFF': 0.0018652192189015059, 'SUCCESS': False}
12:48:44,365 root DEBUG 

=================== Experiment ID #3 	 Dual Point ID: 10 ===================
12:48:44,388 root DEBUG CONTROL: 	 OK! 	 (target neuron output < tolerance: |9.204E-07|<1.000E-06)
12:48:44,388 root DEBUG CONTROL DUAL POINT: Check that target neuron output < tolerance ({tol:.3E}) at x_dual.
12:48:44,699 root DEBUG Side: ON	 Angle(dx0, dx): 3.29 deg 	 Angle(n, nold): 0.00 deg 	 Distance in patch: 3.726E-02 	 Total distance: 3.726E-02 	 Future toggles: 1 	 Past toggles: 1 	 Toggled: [[3, array([211], dtype=int64), array([[False]])]] 	 class: [8 9]
12:48:44,999 root DEBUG Side: OFF	 Angle(dx0, dx): 3.02 deg 	 Angle(n, nold): 2.85 deg 	 Distance in patch: 3.537E-02 	 Total distance: 3.537E-02 	 Future toggles: 0 	 Past toggles: 1 	 Toggled: [[1, array([130], dtype=int64), array([[False]])]] 	 class: [8 9]
12:48:45,183 root DEBUG Side: OFF	 Angle(dx0, dx): 1.81 deg 	 Angle(n, nold): 0.00 deg 	 Distance in patch: 7.187E-02 	 Total distance: 1.072E-01 	 Future toggles: 1 	 Past toggles: 1 	 Toggled: [[3, array([85], dtype=int64), array([[ True]])]] 	 class: [8 9]
12:48:45,183 root DEBUG Check patch-by-patch distances for success (dOFF_patch>dON_patch) and ratio (dOFF_patch/dON_patch):
12:48:45,184 root DEBUG 	 nT= 1  	 success?    True    	 (dON-dOFF)/|dON+dOFF|: 48.43 	 cIDON = [8 9], cIDOFF = [8 9]
12:48:45,184 root DEBUG ===> #(dOFF_patch>dON_patch) = 1/1 = 100.00%
12:48:45,184 root DEBUG dOFF/dON = 2.9
12:48:45,184 root DEBUG {'CHOOSE_DX': 'along_decision_boundary', 'dxONAngle': 87.50646453342476, 'dON1': 0.037256438388145824, 'cIDON1': array([8, 9], dtype=int64), 'dON_patch_1': 0.037256438388145824, 'nTON': 1, 'dON': 0.037256438388145824, 'dxOFFAngle': 89.55079102023258, 'dOFF1': 0.10724286064643967, 'cIDOFF1': array([8, 9], dtype=int64), 'dOFF_patch_1': 0.10724286064643967, 'nTOFF': 1, 'dOFF': 0.10724286064643967, 'SUCCESS': True}
12:48:45,197 root DEBUG 

=================== Experiment ID #4 	 Dual Point ID: 11 ===================
12:48:45,219 root DEBUG CONTROL: 	 OK! 	 (target neuron output < tolerance: |2.568E-07|<1.000E-06)
12:48:45,219 root DEBUG CONTROL DUAL POINT: Check that target neuron output < tolerance ({tol:.3E}) at x_dual.
12:48:45,599 root DEBUG Side: ON	 Angle(dx0, dx): 5.55 deg 	 Angle(n, nold): 0.00 deg 	 Distance in patch: 3.727E-02 	 Total distance: 3.727E-02 	 Future toggles: 1 	 Past toggles: 1 	 Toggled: [[4, array([45], dtype=int64), array([[ True]])]] 	 class: [3 8]
12:48:45,919 root DEBUG Side: OFF	 Angle(dx0, dx): 4.65 deg 	 Angle(n, nold): 0.00 deg 	 Distance in patch: 1.569E-01 	 Total distance: 1.569E-01 	 Future toggles: 0 	 Past toggles: 1 	 Toggled: [[2, array([113], dtype=int64), array([[ True]])]] 	 class: [3 8]
12:48:46,110 root DEBUG Side: OFF	 Angle(dx0, dx): 0.99 deg 	 Angle(n, nold): 0.00 deg 	 Distance in patch: 6.996E-02 	 Total distance: 2.269E-01 	 Future toggles: 1 	 Past toggles: 1 	 Toggled: [[3, array([237], dtype=int64), array([[ True]])]] 	 class: [3 8]
12:48:46,110 root DEBUG Check patch-by-patch distances for success (dOFF_patch>dON_patch) and ratio (dOFF_patch/dON_patch):
12:48:46,111 root DEBUG 	 nT= 1  	 success?    True    	 (dON-dOFF)/|dON+dOFF|: 71.78 	 cIDON = [3 8], cIDOFF = [3 8]
12:48:46,111 root DEBUG ===> #(dOFF_patch>dON_patch) = 1/1 = 100.00%
12:48:46,111 root DEBUG dOFF/dON = 6.1
12:48:46,111 root DEBUG {'CHOOSE_DX': 'along_decision_boundary', 'dxONAngle': 72.79003610544186, 'dON1': 0.037273063066811635, 'cIDON1': array([3, 8], dtype=int64), 'dON_patch_1': 0.037273063066811635, 'nTON': 1, 'dON': 0.037273063066811635, 'dxOFFAngle': 79.0576777047171, 'dOFF1': 0.22688336387586125, 'cIDOFF1': array([3, 8], dtype=int64), 'dOFF_patch_1': 0.22688336387586125, 'nTOFF': 1, 'dOFF': 0.22688336387586125, 'SUCCESS': True}
12:48:46,120 root DEBUG 

=================== Experiment ID #5 	 Dual Point ID: 12 ===================
12:48:46,137 root DEBUG CONTROL: 	 OK! 	 (target neuron output < tolerance: |8.385E-07|<1.000E-06)
12:48:46,137 root DEBUG CONTROL DUAL POINT: Check that target neuron output < tolerance ({tol:.3E}) at x_dual.
12:48:46,531 root DEBUG Side: ON	 Angle(dx0, dx): 4.37 deg 	 Angle(n, nold): 0.00 deg 	 Distance in patch: 1.331E-01 	 Total distance: 1.331E-01 	 Future toggles: 0 	 Past toggles: 1 	 Toggled: [[2, array([104], dtype=int64), array([[False]])]] 	 class: [7 9]
12:48:46,745 root DEBUG Side: ON	 Angle(dx0, dx): 0.64 deg 	 Angle(n, nold): 0.34 deg 	 Distance in patch: 5.166E-02 	 Total distance: 1.847E-01 	 Future toggles: 0 	 Past toggles: 2 	 Toggled: [[1, array([46], dtype=int64), array([[ True]])]] 	 class: [7 9]
12:48:46,941 root DEBUG Side: ON	 Angle(dx0, dx): 1.72 deg 	 Angle(n, nold): 0.00 deg 	 Distance in patch: 1.035E-03 	 Total distance: 1.858E-01 	 Future toggles: 1 	 Past toggles: 1 	 Toggled: [[3, array([90], dtype=int64), array([[False]])]] 	 class: [7 9]
12:48:47,313 root DEBUG Side: OFF	 Angle(dx0, dx): 4.57 deg 	 Angle(n, nold): 1.18 deg 	 Distance in patch: 4.667E-03 	 Total distance: 4.667E-03 	 Future toggles: 0 	 Past toggles: 1 	 Toggled: [[1, array([41], dtype=int64), array([[ True]])]] 	 class: [7 9]
12:48:47,581 root DEBUG Side: OFF	 Angle(dx0, dx): 4.57 deg 	 Angle(n, nold): 0.00 deg 	 Distance in patch: 6.093E-02 	 Total distance: 6.559E-02 	 Future toggles: 1 	 Past toggles: 1 	 Toggled: [[4, array([49], dtype=int64), array([[ True]])]] 	 class: [7 9]
12:48:47,581 root DEBUG Check patch-by-patch distances for success (dOFF_patch>dON_patch) and ratio (dOFF_patch/dON_patch):
12:48:47,582 root DEBUG 	 nT= 1  	 success?   False    	 (dON-dOFF)/|dON+dOFF|: -47.81 	 cIDON = [7 9], cIDOFF = [7 9]
12:48:47,582 root DEBUG ===> #(dOFF_patch>dON_patch) = 0/1 = 0.00%
12:48:47,582 root DEBUG dOFF/dON = 0.4
12:48:47,582 root DEBUG {'CHOOSE_DX': 'along_decision_boundary', 'dxONAngle': 60.05388766481644, 'dON1': 0.18576672131398084, 'cIDON1': array([7, 9], dtype=int64), 'dON_patch_1': 0.18576672131398084, 'nTON': 1, 'dON': 0.18576672131398084, 'dxOFFAngle': 59.96116900242288, 'dOFF1': 0.0655943044380893, 'cIDOFF1': array([7, 9], dtype=int64), 'dOFF_patch_1': 0.0655943044380893, 'nTOFF': 1, 'dOFF': 0.0655943044380893, 'SUCCESS': False}
12:48:47,590 root DEBUG 

=================== Experiment ID #6 	 Dual Point ID: 13 ===================
12:48:47,613 root DEBUG CONTROL: 	 OK! 	 (target neuron output < tolerance: |3.536E-07|<1.000E-06)
12:48:47,613 root DEBUG CONTROL DUAL POINT: Check that target neuron output < tolerance ({tol:.3E}) at x_dual.
12:48:48,52 root DEBUG Side: ON	 Angle(dx0, dx): 0.21 deg 	 Angle(n, nold): 0.00 deg 	 Distance in patch: 6.794E-03 	 Total distance: 6.794E-03 	 Future toggles: 0 	 Past toggles: 1 	 Toggled: [[2, array([229], dtype=int64), array([[ True]])]] 	 class: [5 6]
12:48:48,267 root DEBUG Side: ON	 Angle(dx0, dx): 15.58 deg 	 Angle(n, nold): 0.00 deg 	 Distance in patch: 8.764E-02 	 Total distance: 9.443E-02 	 Future toggles: 1 	 Past toggles: 1 	 Toggled: [[4, array([17], dtype=int64), array([[ True]])]] 	 class: [5 6]
12:48:48,605 root DEBUG Side: OFF	 Angle(dx0, dx): 1.15 deg 	 Angle(n, nold): 0.00 deg 	 Distance in patch: 1.403E-01 	 Total distance: 1.403E-01 	 Future toggles: 0 	 Past toggles: 1 	 Toggled: [[2, array([198], dtype=int64), array([[False]])]] 	 class: [5 6]
12:48:48,816 root DEBUG Side: OFF	 Angle(dx0, dx): 2.21 deg 	 Angle(n, nold): 0.00 deg 	 Distance in patch: 7.255E-02 	 Total distance: 2.129E-01 	 Future toggles: 1 	 Past toggles: 1 	 Toggled: [[4, array([8], dtype=int64), array([[ True]])]] 	 class: [5 6]
12:48:48,816 root DEBUG Check patch-by-patch distances for success (dOFF_patch>dON_patch) and ratio (dOFF_patch/dON_patch):
12:48:48,816 root DEBUG 	 nT= 1  	 success?    True    	 (dON-dOFF)/|dON+dOFF|: 38.54 	 cIDON = [5 6], cIDOFF = [5 6]
12:48:48,816 root DEBUG ===> #(dOFF_patch>dON_patch) = 1/1 = 100.00%
12:48:48,817 root DEBUG dOFF/dON = 2.3
12:48:48,817 root DEBUG {'CHOOSE_DX': 'along_decision_boundary', 'dxONAngle': 83.16808181476146, 'dON1': 0.09443126860808666, 'cIDON1': array([5, 6], dtype=int64), 'dON_patch_1': 0.09443126860808666, 'nTON': 1, 'dON': 0.09443126860808666, 'dxOFFAngle': 87.48990208958055, 'dOFF1': 0.21286148194964408, 'cIDOFF1': array([5, 6], dtype=int64), 'dOFF_patch_1': 0.21286148194964408, 'nTOFF': 1, 'dOFF': 0.21286148194964408, 'SUCCESS': True}
12:48:48,826 root DEBUG 

=================== Experiment ID #7 	 Dual Point ID: 14 ===================
12:48:48,862 root DEBUG CONTROL: 	 OK! 	 (target neuron output < tolerance: |5.804E-08|<1.000E-06)
12:48:48,862 root DEBUG CONTROL DUAL POINT: Check that target neuron output < tolerance ({tol:.3E}) at x_dual.
12:48:49,330 root DEBUG Side: ON	 Angle(dx0, dx): 8.14 deg 	 Angle(n, nold): 8.21 deg 	 Distance in patch: 5.888E-03 	 Total distance: 5.888E-03 	 Future toggles: 0 	 Past toggles: 1 	 Toggled: [[1, array([148], dtype=int64), array([[ True]])]] 	 class: [3 7]
12:48:49,519 root DEBUG Side: ON	 Angle(dx0, dx): 0.27 deg 	 Angle(n, nold): 0.00 deg 	 Distance in patch: 8.321E-02 	 Total distance: 8.910E-02 	 Future toggles: 0 	 Past toggles: 2 	 Toggled: [[2, array([109], dtype=int64), array([[False]])]] 	 class: [3 7]
12:48:49,768 root DEBUG Side: ON	 Angle(dx0, dx): 0.04 deg 	 Angle(n, nold): 0.00 deg 	 Distance in patch: 4.122E-02 	 Total distance: 1.303E-01 	 Future toggles: 0 	 Past toggles: 3 	 Toggled: [[2, array([23], dtype=int64), array([[ True]])]] 	 class: [3 7]
12:48:49,986 root DEBUG Side: ON	 Angle(dx0, dx): 14.25 deg 	 Angle(n, nold): 14.30 deg 	 Distance in patch: 9.895E-02 	 Total distance: 2.293E-01 	 Future toggles: 0 	 Past toggles: 4 	 Toggled: [[1, array([60], dtype=int64), array([[False]])]] 	 class: [3 7]
12:48:50,152 root DEBUG Side: ON	 Angle(dx0, dx): 0.12 deg 	 Angle(n, nold): 0.00 deg 	 Distance in patch: 4.282E-02 	 Total distance: 2.721E-01 	 Future toggles: 0 	 Past toggles: 5 	 Toggled: [[2, array([131], dtype=int64), array([[ True]])]] 	 class: [3 7]
12:48:50,382 root DEBUG Side: ON	 Angle(dx0, dx): 4.90 deg 	 Angle(n, nold): 0.00 deg 	 Distance in patch: 3.516E-02 	 Total distance: 3.072E-01 	 Future toggles: 1 	 Past toggles: 1 	 Toggled: [[3, array([146], dtype=int64), array([[False]])]] 	 class: [3 7]
12:48:50,732 root DEBUG Side: OFF	 Angle(dx0, dx): 4.37 deg 	 Angle(n, nold): 15.10 deg 	 Distance in patch: 1.681E-01 	 Total distance: 1.681E-01 	 Future toggles: 0 	 Past toggles: 1 	 Toggled: [[2, array([92], dtype=int64), array([[ True]])]] 	 class: [3 7]
12:48:50,945 root DEBUG Side: OFF	 Angle(dx0, dx): 2.85 deg 	 Angle(n, nold): 0.00 deg 	 Distance in patch: 2.030E-02 	 Total distance: 1.883E-01 	 Future toggles: 1 	 Past toggles: 1 	 Toggled: [[3, array([51], dtype=int64), array([[ True]])]] 	 class: [3 7]
12:48:50,946 root DEBUG Check patch-by-patch distances for success (dOFF_patch>dON_patch) and ratio (dOFF_patch/dON_patch):
12:48:50,946 root DEBUG 	 nT= 1  	 success?   False    	 (dON-dOFF)/|dON+dOFF|: -23.99 	 cIDON = [3 7], cIDOFF = [3 7]
12:48:50,946 root DEBUG ===> #(dOFF_patch>dON_patch) = 0/1 = 0.00%
12:48:50,946 root DEBUG dOFF/dON = 0.6
12:48:50,946 root DEBUG {'CHOOSE_DX': 'along_decision_boundary', 'dxONAngle': 88.58990524807943, 'dON1': 0.3072485644106514, 'cIDON1': array([3, 7], dtype=int64), 'dON_patch_1': 0.3072485644106514, 'nTON': 1, 'dON': 0.3072485644106514, 'dxOFFAngle': 70.01137883927066, 'dOFF1': 0.18834824046487425, 'cIDOFF1': array([3, 7], dtype=int64), 'dOFF_patch_1': 0.18834824046487425, 'nTOFF': 1, 'dOFF': 0.18834824046487425, 'SUCCESS': False}
12:48:50,956 root DEBUG 

=================== Experiment ID #8 	 Dual Point ID: 15 ===================
12:48:50,974 root DEBUG CONTROL: 	 OK! 	 (target neuron output < tolerance: |6.938E-07|<1.000E-06)
12:48:50,974 root DEBUG CONTROL DUAL POINT: Check that target neuron output < tolerance ({tol:.3E}) at x_dual.
12:48:51,402 root DEBUG Side: ON	 Angle(dx0, dx): 3.62 deg 	 Angle(n, nold): 0.00 deg 	 Distance in patch: 9.199E-02 	 Total distance: 9.199E-02 	 Future toggles: 0 	 Past toggles: 1 	 Toggled: [[2, array([10], dtype=int64), array([[ True]])]] 	 class: [0 1]
12:48:51,582 root DEBUG Side: ON	 Angle(dx0, dx): 5.59 deg 	 Angle(n, nold): 0.00 deg 	 Distance in patch: 5.759E-02 	 Total distance: 1.496E-01 	 Future toggles: 1 	 Past toggles: 1 	 Toggled: [[3, array([74], dtype=int64), array([[ True]])]] 	 class: [0 1]
12:48:52,13 root DEBUG Side: OFF	 Angle(dx0, dx): 1.15 deg 	 Angle(n, nold): 0.00 deg 	 Distance in patch: 3.651E-02 	 Total distance: 3.651E-02 	 Future toggles: 0 	 Past toggles: 1 	 Toggled: [[2, array([199], dtype=int64), array([[ True]])]] 	 class: [0 1]
12:48:52,275 root DEBUG Side: OFF	 Angle(dx0, dx): 17.74 deg 	 Angle(n, nold): 14.09 deg 	 Distance in patch: 6.894E-02 	 Total distance: 1.055E-01 	 Future toggles: 0 	 Past toggles: 2 	 Toggled: [[1, array([221], dtype=int64), array([[False]])]] 	 class: [0 1]
12:48:52,448 root DEBUG Side: OFF	 Angle(dx0, dx): 17.74 deg 	 Angle(n, nold): 14.09 deg 	 Distance in patch: 5.626E-07 	 Total distance: 1.055E-01 	 Future toggles: 0 	 Past toggles: 2 	 Toggled: [[1, array([221], dtype=int64), array([[ True]])]] 	 class: [0 1]
12:48:52,618 root DEBUG Side: OFF	 Angle(dx0, dx): 17.74 deg 	 Angle(n, nold): 14.09 deg 	 Distance in patch: 6.956E-08 	 Total distance: 1.055E-01 	 Future toggles: 0 	 Past toggles: 2 	 Toggled: [[1, array([221], dtype=int64), array([[False]])]] 	 class: [0 1]
12:48:52,801 root DEBUG Side: OFF	 Angle(dx0, dx): 17.74 deg 	 Angle(n, nold): 14.09 deg 	 Distance in patch: 7.033E-08 	 Total distance: 1.055E-01 	 Future toggles: 0 	 Past toggles: 2 	 Toggled: [[1, array([221], dtype=int64), array([[ True]])]] 	 class: [0 1]
12:48:52,804 root DEBUG Got stuck in too many past-layer relus.
12:48:52,804 root DEBUG DISCARD POINT! No toggles were recorded successfully: results['nTON']=1, results['nTOFF']=0.
12:48:52,804 root DEBUG DISCARD POINT! No toggles were recorded successfully: results['nTON']=1, results['nTOFF']=0.
12:48:52,805 root DEBUG 

=================== Experiment ID #8 	 Dual Point ID: 16 ===================
12:48:52,824 root DEBUG CONTROL: 	 WARNING! 	 (target neuron output > tolerance: |1.447E-06|>1.000E-06)
12:48:52,824 root DEBUG CONTROL DUAL POINT: Check that target neuron output < tolerance ({tol:.3E}) at x_dual.
12:48:52,825 root DEBUG CONTROL DUAL POINT: Check that target neuron output < tolerance ({tol:.3E}) at x_dual.
12:48:52,825 root DEBUG 

=================== Experiment ID #8 	 Dual Point ID: 17 ===================
12:48:52,862 root DEBUG CONTROL: 	 OK! 	 (target neuron output < tolerance: |9.551E-07|<1.000E-06)
12:48:52,863 root DEBUG CONTROL DUAL POINT: Check that target neuron output < tolerance ({tol:.3E}) at x_dual.
12:48:53,375 root DEBUG Side: ON	 Angle(dx0, dx): 2.28 deg 	 Angle(n, nold): 0.00 deg 	 Distance in patch: 3.758E-02 	 Total distance: 3.758E-02 	 Future toggles: 1 	 Past toggles: 1 	 Toggled: [[3, array([251], dtype=int64), array([[False]])]] 	 class: [3 6]
12:48:53,773 root DEBUG Side: OFF	 Angle(dx0, dx): 1.46 deg 	 Angle(n, nold): 0.00 deg 	 Distance in patch: 2.133E-03 	 Total distance: 2.133E-03 	 Future toggles: 0 	 Past toggles: 1 	 Toggled: [[2, array([70], dtype=int64), array([[False]])]] 	 class: [3 6]
12:48:53,975 root DEBUG Side: OFF	 Angle(dx0, dx): 0.46 deg 	 Angle(n, nold): 0.00 deg 	 Distance in patch: 2.952E-02 	 Total distance: 3.165E-02 	 Future toggles: 0 	 Past toggles: 2 	 Toggled: [[2, array([52], dtype=int64), array([[False]])]] 	 class: [3 6]
12:48:54,169 root DEBUG Side: OFF	 Angle(dx0, dx): 0.25 deg 	 Angle(n, nold): 0.00 deg 	 Distance in patch: 4.306E-02 	 Total distance: 7.471E-02 	 Future toggles: 0 	 Past toggles: 3 	 Toggled: [[2, array([156], dtype=int64), array([[False]])]] 	 class: [3 6]
12:48:54,374 root DEBUG Side: OFF	 Angle(dx0, dx): 0.55 deg 	 Angle(n, nold): 0.00 deg 	 Distance in patch: 4.004E-02 	 Total distance: 1.148E-01 	 Future toggles: 0 	 Past toggles: 4 	 Toggled: [[2, array([36], dtype=int64), array([[False]])]] 	 class: [3 6]
12:48:54,557 root DEBUG Side: OFF	 Angle(dx0, dx): 9.54 deg 	 Angle(n, nold): 0.00 deg 	 Distance in patch: 4.724E-03 	 Total distance: 1.195E-01 	 Future toggles: 1 	 Past toggles: 1 	 Toggled: [[4, array([42], dtype=int64), array([[ True]])]] 	 class: [3 6]
12:48:54,558 root DEBUG Check patch-by-patch distances for success (dOFF_patch>dON_patch) and ratio (dOFF_patch/dON_patch):
12:48:54,558 root DEBUG 	 nT= 1  	 success?    True    	 (dON-dOFF)/|dON+dOFF|: 52.14 	 cIDON = [3 6], cIDOFF = [3 6]
12:48:54,558 root DEBUG ===> #(dOFF_patch>dON_patch) = 1/1 = 100.00%
12:48:54,558 root DEBUG dOFF/dON = 3.2
12:48:54,558 root DEBUG {'CHOOSE_DX': 'along_decision_boundary', 'dxONAngle': 68.71341544218973, 'dON1': 0.03758073479262655, 'cIDON1': array([3, 6], dtype=int64), 'dON_patch_1': 0.03758073479262655, 'nTON': 1, 'dON': 0.03758073479262655, 'dxOFFAngle': 70.8024163839172, 'dOFF1': 0.11947813360220495, 'cIDOFF1': array([3, 6], dtype=int64), 'dOFF_patch_1': 0.11947813360220495, 'nTOFF': 1, 'dOFF': 0.11947813360220495, 'SUCCESS': True}
12:48:54,569 root DEBUG 

=================== Experiment ID #9 	 Dual Point ID: 18 ===================
12:48:54,593 root DEBUG CONTROL: 	 OK! 	 (target neuron output < tolerance: |4.370E-07|<1.000E-06)
12:48:54,594 root DEBUG CONTROL DUAL POINT: Check that target neuron output < tolerance ({tol:.3E}) at x_dual.
12:48:54,966 root DEBUG Side: ON	 Angle(dx0, dx): 0.36 deg 	 Angle(n, nold): 0.00 deg 	 Distance in patch: 3.440E-03 	 Total distance: 3.440E-03 	 Future toggles: 0 	 Past toggles: 1 	 Toggled: [[2, array([146], dtype=int64), array([[ True]])]] 	 class: [3 6]
12:48:55,173 root DEBUG Side: ON	 Angle(dx0, dx): 0.05 deg 	 Angle(n, nold): 0.00 deg 	 Distance in patch: 9.627E-02 	 Total distance: 9.971E-02 	 Future toggles: 0 	 Past toggles: 2 	 Toggled: [[2, array([3], dtype=int64), array([[False]])]] 	 class: [3 6]
12:48:55,488 root DEBUG Side: ON	 Angle(dx0, dx): 1.29 deg 	 Angle(n, nold): 0.00 deg 	 Distance in patch: 1.041E-02 	 Total distance: 1.101E-01 	 Future toggles: 1 	 Past toggles: 1 	 Toggled: [[3, array([147], dtype=int64), array([[False]])]] 	 class: [3 6]
12:48:55,979 root DEBUG Side: OFF	 Angle(dx0, dx): 0.44 deg 	 Angle(n, nold): 0.00 deg 	 Distance in patch: 8.153E-02 	 Total distance: 8.153E-02 	 Future toggles: 0 	 Past toggles: 1 	 Toggled: [[2, array([66], dtype=int64), array([[ True]])]] 	 class: [3 6]
12:48:56,173 root DEBUG Side: OFF	 Angle(dx0, dx): 0.99 deg 	 Angle(n, nold): 0.00 deg 	 Distance in patch: 2.310E-02 	 Total distance: 1.046E-01 	 Future toggles: 0 	 Past toggles: 2 	 Toggled: [[2, array([179], dtype=int64), array([[False]])]] 	 class: [3 6]
12:48:56,355 root DEBUG Side: OFF	 Angle(dx0, dx): 0.03 deg 	 Angle(n, nold): 0.00 deg 	 Distance in patch: 6.144E-02 	 Total distance: 1.661E-01 	 Future toggles: 1 	 Past toggles: 1 	 Toggled: [[3, array([47], dtype=int64), array([[ True]])]] 	 class: [3 6]
12:48:56,355 root DEBUG Check patch-by-patch distances for success (dOFF_patch>dON_patch) and ratio (dOFF_patch/dON_patch):
12:48:56,355 root DEBUG 	 nT= 1  	 success?    True    	 (dON-dOFF)/|dON+dOFF|: 20.26 	 cIDON = [3 6], cIDOFF = [3 6]
12:48:56,356 root DEBUG ===> #(dOFF_patch>dON_patch) = 1/1 = 100.00%
12:48:56,356 root DEBUG dOFF/dON = 1.5
12:48:56,356 root DEBUG {'CHOOSE_DX': 'along_decision_boundary', 'dxONAngle': 89.61577928397524, 'dON1': 0.11012078158280895, 'cIDON1': array([3, 6], dtype=int64), 'dON_patch_1': 0.11012078158280895, 'nTON': 1, 'dON': 0.11012078158280895, 'dxOFFAngle': 83.77961187655022, 'dOFF1': 0.16606993488923322, 'cIDOFF1': array([3, 6], dtype=int64), 'dOFF_patch_1': 0.16606993488923322, 'nTOFF': 1, 'dOFF': 0.16606993488923322, 'SUCCESS': True}
12:48:56,365 root DEBUG 

=================== Experiment ID #10 	 Dual Point ID: 19 ===================
12:48:56,399 root DEBUG CONTROL: 	 OK! 	 (target neuron output < tolerance: |9.044E-07|<1.000E-06)
12:48:56,399 root DEBUG CONTROL DUAL POINT: Check that target neuron output < tolerance ({tol:.3E}) at x_dual.
12:48:56,762 root DEBUG Side: ON	 Angle(dx0, dx): 5.42 deg 	 Angle(n, nold): 0.30 deg 	 Distance in patch: 2.390E-02 	 Total distance: 2.390E-02 	 Future toggles: 0 	 Past toggles: 1 	 Toggled: [[1, array([195], dtype=int64), array([[False]])]] 	 class: [2 4]
12:48:57,1 root DEBUG Side: ON	 Angle(dx0, dx): 11.65 deg 	 Angle(n, nold): 0.00 deg 	 Distance in patch: 1.426E-01 	 Total distance: 1.665E-01 	 Future toggles: 1 	 Past toggles: 1 	 Toggled: [[4, array([22], dtype=int64), array([[False]])]] 	 class: [2 4]
12:48:57,283 root DEBUG Side: OFF	 Angle(dx0, dx): 1.63 deg 	 Angle(n, nold): 0.30 deg 	 Distance in patch: 1.495E-02 	 Total distance: 1.495E-02 	 Future toggles: 1 	 Past toggles: 1 	 Toggled: [[3, array([31], dtype=int64), array([[False]])]] 	 class: [2 4]
12:48:57,283 root DEBUG Check patch-by-patch distances for success (dOFF_patch>dON_patch) and ratio (dOFF_patch/dON_patch):
12:48:57,283 root DEBUG 	 nT= 1  	 success?   False    	 (dON-dOFF)/|dON+dOFF|: -83.53 	 cIDON = [2 4], cIDOFF = [2 4]
12:48:57,283 root DEBUG ===> #(dOFF_patch>dON_patch) = 0/1 = 0.00%
12:48:57,283 root DEBUG dOFF/dON = 0.1
12:48:57,284 root DEBUG {'CHOOSE_DX': 'along_decision_boundary', 'dxONAngle': 62.541366648903164, 'dON1': 0.16653913081532504, 'cIDON1': array([2, 4], dtype=int64), 'dON_patch_1': 0.16653913081532504, 'nTON': 1, 'dON': 0.16653913081532504, 'dxOFFAngle': 69.39167395118517, 'dOFF1': 0.014948514219133983, 'cIDOFF1': array([2, 4], dtype=int64), 'dOFF_patch_1': 0.014948514219133983, 'nTOFF': 1, 'dOFF': 0.014948514219133983, 'SUCCESS': False}
12:48:57,290 root DEBUG 

=================== Experiment ID #11 	 Dual Point ID: 20 ===================
12:48:57,314 root DEBUG CONTROL: 	 OK! 	 (target neuron output < tolerance: |2.670E-08|<1.000E-06)
12:48:57,314 root DEBUG CONTROL DUAL POINT: Check that target neuron output < tolerance ({tol:.3E}) at x_dual.
12:48:57,662 root DEBUG Side: ON	 Angle(dx0, dx): 0.81 deg 	 Angle(n, nold): 0.00 deg 	 Distance in patch: 1.693E-02 	 Total distance: 1.693E-02 	 Future toggles: 1 	 Past toggles: 1 	 Toggled: [[3, array([109], dtype=int64), array([[False]])]] 	 class: [7 9]
12:48:58,53 root DEBUG Side: OFF	 Angle(dx0, dx): 0.93 deg 	 Angle(n, nold): 0.00 deg 	 Distance in patch: 1.914E-02 	 Total distance: 1.914E-02 	 Future toggles: 1 	 Past toggles: 1 	 Toggled: [[3, array([215], dtype=int64), array([[ True]])]] 	 class: [7 9]
12:48:58,53 root DEBUG Check patch-by-patch distances for success (dOFF_patch>dON_patch) and ratio (dOFF_patch/dON_patch):
12:48:58,54 root DEBUG 	 nT= 1  	 success?    True    	 (dON-dOFF)/|dON+dOFF|: 6.14 	 cIDON = [7 9], cIDOFF = [7 9]
12:48:58,54 root DEBUG ===> #(dOFF_patch>dON_patch) = 1/1 = 100.00%
12:48:58,54 root DEBUG dOFF/dON = 1.1
12:48:58,54 root DEBUG {'CHOOSE_DX': 'along_decision_boundary', 'dxONAngle': 88.42414133935125, 'dON1': 0.01692620888342836, 'cIDON1': array([7, 9], dtype=int64), 'dON_patch_1': 0.01692620888342836, 'nTON': 1, 'dON': 0.01692620888342836, 'dxOFFAngle': 89.49257985739452, 'dOFF1': 0.019140266828687608, 'cIDOFF1': array([7, 9], dtype=int64), 'dOFF_patch_1': 0.019140266828687608, 'nTOFF': 1, 'dOFF': 0.019140266828687608, 'SUCCESS': True}
12:48:58,60 root DEBUG 

=================== Experiment ID #12 	 Dual Point ID: 21 ===================
12:48:58,85 root DEBUG CONTROL: 	 WARNING! 	 (target neuron output > tolerance: |1.157E-06|>1.000E-06)
12:48:58,85 root DEBUG CONTROL DUAL POINT: Check that target neuron output < tolerance ({tol:.3E}) at x_dual.
12:48:58,85 root DEBUG CONTROL DUAL POINT: Check that target neuron output < tolerance ({tol:.3E}) at x_dual.
12:48:58,86 root DEBUG 

=================== Experiment ID #12 	 Dual Point ID: 22 ===================
12:48:58,104 root DEBUG CONTROL: 	 OK! 	 (target neuron output < tolerance: |7.542E-07|<1.000E-06)
12:48:58,104 root DEBUG CONTROL DUAL POINT: Check that target neuron output < tolerance ({tol:.3E}) at x_dual.
12:48:58,511 root DEBUG Side: ON	 Angle(dx0, dx): 0.07 deg 	 Angle(n, nold): 0.09 deg 	 Distance in patch: 4.484E-04 	 Total distance: 4.484E-04 	 Future toggles: 0 	 Past toggles: 1 	 Toggled: [[1, array([19], dtype=int64), array([[ True]])]] 	 class: [4 8]
12:48:58,712 root DEBUG Side: ON	 Angle(dx0, dx): 0.83 deg 	 Angle(n, nold): 0.00 deg 	 Distance in patch: 3.123E-02 	 Total distance: 3.167E-02 	 Future toggles: 0 	 Past toggles: 2 	 Toggled: [[2, array([29], dtype=int64), array([[False]])]] 	 class: [4 8]
12:48:58,931 root DEBUG Side: ON	 Angle(dx0, dx): 0.80 deg 	 Angle(n, nold): 0.00 deg 	 Distance in patch: 6.032E-02 	 Total distance: 9.200E-02 	 Future toggles: 1 	 Past toggles: 1 	 Toggled: [[3, array([193], dtype=int64), array([[ True]])]] 	 class: [4 8]
12:48:59,284 root DEBUG Side: OFF	 Angle(dx0, dx): 6.10 deg 	 Angle(n, nold): 0.09 deg 	 Distance in patch: 1.134E-02 	 Total distance: 1.134E-02 	 Future toggles: 1 	 Past toggles: 1 	 Toggled: [[3, array([217], dtype=int64), array([[ True]])]] 	 class: [4 8]
12:48:59,284 root DEBUG Check patch-by-patch distances for success (dOFF_patch>dON_patch) and ratio (dOFF_patch/dON_patch):
12:48:59,285 root DEBUG 	 nT= 1  	 success?   False    	 (dON-dOFF)/|dON+dOFF|: -78.05 	 cIDON = [4 8], cIDOFF = [4 8]
12:48:59,285 root DEBUG ===> #(dOFF_patch>dON_patch) = 0/1 = 0.00%
12:48:59,285 root DEBUG dOFF/dON = 0.1
12:48:59,285 root DEBUG {'CHOOSE_DX': 'along_decision_boundary', 'dxONAngle': 87.01387395885945, 'dON1': 0.09199590064549609, 'cIDON1': array([4, 8], dtype=int64), 'dON_patch_1': 0.09199590064549609, 'nTON': 1, 'dON': 0.09199590064549609, 'dxOFFAngle': 83.66742098785248, 'dOFF1': 0.011343724467244637, 'cIDOFF1': array([4, 8], dtype=int64), 'dOFF_patch_1': 0.011343724467244637, 'nTOFF': 1, 'dOFF': 0.011343724467244637, 'SUCCESS': False}
12:48:59,294 root DEBUG 

=================== Experiment ID #13 	 Dual Point ID: 23 ===================
12:48:59,312 root DEBUG CONTROL: 	 WARNING! 	 (target neuron output > tolerance: |1.367E-06|>1.000E-06)
12:48:59,312 root DEBUG CONTROL DUAL POINT: Check that target neuron output < tolerance ({tol:.3E}) at x_dual.
12:48:59,312 root DEBUG CONTROL DUAL POINT: Check that target neuron output < tolerance ({tol:.3E}) at x_dual.
12:48:59,312 root DEBUG 

=================== Experiment ID #13 	 Dual Point ID: 24 ===================
12:48:59,335 root DEBUG CONTROL: 	 WARNING! 	 (target neuron output > tolerance: |1.046E-06|>1.000E-06)
12:48:59,335 root DEBUG CONTROL DUAL POINT: Check that target neuron output < tolerance ({tol:.3E}) at x_dual.
12:48:59,335 root DEBUG CONTROL DUAL POINT: Check that target neuron output < tolerance ({tol:.3E}) at x_dual.
12:48:59,336 root DEBUG 

=================== Experiment ID #13 	 Dual Point ID: 25 ===================
12:48:59,366 root DEBUG CONTROL: 	 OK! 	 (target neuron output < tolerance: |3.053E-07|<1.000E-06)
12:48:59,366 root DEBUG CONTROL DUAL POINT: Check that target neuron output < tolerance ({tol:.3E}) at x_dual.
12:48:59,754 root DEBUG Side: ON	 Angle(dx0, dx): 2.03 deg 	 Angle(n, nold): 0.00 deg 	 Distance in patch: 8.128E-03 	 Total distance: 8.128E-03 	 Future toggles: 0 	 Past toggles: 1 	 Toggled: [[2, array([105], dtype=int64), array([[False]])]] 	 class: [5 9]
12:48:59,994 root DEBUG Side: ON	 Angle(dx0, dx): 5.52 deg 	 Angle(n, nold): 0.00 deg 	 Distance in patch: 3.541E-02 	 Total distance: 4.354E-02 	 Future toggles: 0 	 Past toggles: 2 	 Toggled: [[2, array([144], dtype=int64), array([[False]])]] 	 class: [5 9]
12:49:00,187 root DEBUG Side: ON	 Angle(dx0, dx): 8.51 deg 	 Angle(n, nold): 0.00 deg 	 Distance in patch: 2.662E-02 	 Total distance: 7.015E-02 	 Future toggles: 1 	 Past toggles: 1 	 Toggled: [[3, array([203], dtype=int64), array([[False]])]] 	 class: [5 9]
12:49:00,641 root DEBUG Side: OFF	 Angle(dx0, dx): 2.34 deg 	 Angle(n, nold): 0.00 deg 	 Distance in patch: 3.990E-02 	 Total distance: 3.990E-02 	 Future toggles: 1 	 Past toggles: 1 	 Toggled: [[3, array([32], dtype=int64), array([[False]])]] 	 class: [5 9]
12:49:00,641 root DEBUG Check patch-by-patch distances for success (dOFF_patch>dON_patch) and ratio (dOFF_patch/dON_patch):
12:49:00,642 root DEBUG 	 nT= 1  	 success?   False    	 (dON-dOFF)/|dON+dOFF|: -27.49 	 cIDON = [5 9], cIDOFF = [5 9]
12:49:00,642 root DEBUG ===> #(dOFF_patch>dON_patch) = 0/1 = 0.00%
12:49:00,642 root DEBUG dOFF/dON = 0.6
12:49:00,642 root DEBUG {'CHOOSE_DX': 'along_decision_boundary', 'dxONAngle': 65.96790645715147, 'dON1': 0.07015133414779358, 'cIDON1': array([5, 9], dtype=int64), 'dON_patch_1': 0.07015133414779358, 'nTON': 1, 'dON': 0.07015133414779358, 'dxOFFAngle': 86.48173101605754, 'dOFF1': 0.03989979308584898, 'cIDOFF1': array([5, 9], dtype=int64), 'dOFF_patch_1': 0.03989979308584898, 'nTOFF': 1, 'dOFF': 0.03989979308584898, 'SUCCESS': False}
12:49:00,651 root DEBUG 

=================== Experiment ID #14 	 Dual Point ID: 26 ===================
12:49:00,679 root DEBUG CONTROL: 	 OK! 	 (target neuron output < tolerance: |1.938E-07|<1.000E-06)
12:49:00,679 root DEBUG CONTROL DUAL POINT: Check that target neuron output < tolerance ({tol:.3E}) at x_dual.
12:49:01,14 root DEBUG Side: ON	 Angle(dx0, dx): 5.28 deg 	 Angle(n, nold): 7.45 deg 	 Distance in patch: 4.748E-02 	 Total distance: 4.748E-02 	 Future toggles: 0 	 Past toggles: 1 	 Toggled: [[1, array([242], dtype=int64), array([[False]])]] 	 class: [0 1]
12:49:01,260 root DEBUG Side: ON	 Angle(dx0, dx): 2.31 deg 	 Angle(n, nold): 0.00 deg 	 Distance in patch: 3.927E-02 	 Total distance: 8.675E-02 	 Future toggles: 1 	 Past toggles: 1 	 Toggled: [[3, array([72], dtype=int64), array([[False]])]] 	 class: [0 1]
12:49:01,640 root DEBUG Side: OFF	 Angle(dx0, dx): 0.53 deg 	 Angle(n, nold): 7.45 deg 	 Distance in patch: 7.720E-02 	 Total distance: 7.720E-02 	 Future toggles: 0 	 Past toggles: 1 	 Toggled: [[2, array([198], dtype=int64), array([[False]])]] 	 class: [0 1]
12:49:01,858 root DEBUG Side: OFF	 Angle(dx0, dx): 2.78 deg 	 Angle(n, nold): 0.00 deg 	 Distance in patch: 9.648E-02 	 Total distance: 1.737E-01 	 Future toggles: 0 	 Past toggles: 2 	 Toggled: [[2, array([162], dtype=int64), array([[False]])]] 	 class: [0 1]
12:49:02,62 root DEBUG Side: OFF	 Angle(dx0, dx): 1.14 deg 	 Angle(n, nold): 0.00 deg 	 Distance in patch: 7.342E-02 	 Total distance: 2.471E-01 	 Future toggles: 1 	 Past toggles: 1 	 Toggled: [[3, array([52], dtype=int64), array([[ True]])]] 	 class: [0 1]
12:49:02,62 root DEBUG Check patch-by-patch distances for success (dOFF_patch>dON_patch) and ratio (dOFF_patch/dON_patch):
12:49:02,62 root DEBUG 	 nT= 1  	 success?    True    	 (dON-dOFF)/|dON+dOFF|: 48.03 	 cIDON = [0 1], cIDOFF = [0 1]
12:49:02,62 root DEBUG ===> #(dOFF_patch>dON_patch) = 1/1 = 100.00%
12:49:02,63 root DEBUG dOFF/dON = 2.8
12:49:02,63 root DEBUG {'CHOOSE_DX': 'along_decision_boundary', 'dxONAngle': 64.98663065687151, 'dON1': 0.08674815057328283, 'cIDON1': array([0, 1], dtype=int64), 'dON_patch_1': 0.08674815057328283, 'nTON': 1, 'dON': 0.08674815057328283, 'dxOFFAngle': 71.15707625231434, 'dOFF1': 0.24710740522942337, 'cIDOFF1': array([0, 1], dtype=int64), 'dOFF_patch_1': 0.24710740522942337, 'nTOFF': 1, 'dOFF': 0.24710740522942337, 'SUCCESS': True}
12:49:02,70 root DEBUG 

=================== Experiment ID #15 	 Dual Point ID: 27 ===================
12:49:02,91 root DEBUG CONTROL: 	 OK! 	 (target neuron output < tolerance: |5.131E-07|<1.000E-06)
12:49:02,91 root DEBUG CONTROL DUAL POINT: Check that target neuron output < tolerance ({tol:.3E}) at x_dual.
12:49:02,442 root DEBUG Side: ON	 Angle(dx0, dx): 0.21 deg 	 Angle(n, nold): 0.21 deg 	 Distance in patch: 7.079E-02 	 Total distance: 7.079E-02 	 Future toggles: 0 	 Past toggles: 1 	 Toggled: [[1, array([9], dtype=int64), array([[False]])]] 	 class: [0 1]
12:49:02,682 root DEBUG Side: ON	 Angle(dx0, dx): 1.85 deg 	 Angle(n, nold): 0.00 deg 	 Distance in patch: 9.293E-03 	 Total distance: 8.008E-02 	 Future toggles: 1 	 Past toggles: 1 	 Toggled: [[3, array([74], dtype=int64), array([[ True]])]] 	 class: [0 1]
12:49:02,955 root DEBUG Side: OFF	 Angle(dx0, dx): 0.58 deg 	 Angle(n, nold): 0.56 deg 	 Distance in patch: 8.006E-02 	 Total distance: 8.006E-02 	 Future toggles: 0 	 Past toggles: 1 	 Toggled: [[1, array([144], dtype=int64), array([[False]])]] 	 class: [0 1]
12:49:03,171 root DEBUG Side: OFF	 Angle(dx0, dx): 15.36 deg 	 Angle(n, nold): 14.54 deg 	 Distance in patch: 1.334E-01 	 Total distance: 2.134E-01 	 Future toggles: 0 	 Past toggles: 2 	 Toggled: [[1, array([141], dtype=int64), array([[False]])]] 	 class: [0 1]
12:49:03,383 root DEBUG Side: OFF	 Angle(dx0, dx): 2.90 deg 	 Angle(n, nold): 0.00 deg 	 Distance in patch: 9.595E-02 	 Total distance: 3.094E-01 	 Future toggles: 0 	 Past toggles: 3 	 Toggled: [[2, array([210], dtype=int64), array([[ True]])]] 	 class: [0 1]
12:49:03,556 root DEBUG Side: OFF	 Angle(dx0, dx): 1.58 deg 	 Angle(n, nold): 1.26 deg 	 Distance in patch: 3.650E-02 	 Total distance: 3.459E-01 	 Future toggles: 0 	 Past toggles: 4 	 Toggled: [[1, array([4], dtype=int64), array([[False]])]] 	 class: [0 1]
12:49:03,772 root DEBUG Side: OFF	 Angle(dx0, dx): 1.75 deg 	 Angle(n, nold): 0.00 deg 	 Distance in patch: 4.569E-02 	 Total distance: 3.915E-01 	 Future toggles: 1 	 Past toggles: 1 	 Toggled: [[3, array([74], dtype=int64), array([[ True]])]] 	 class: [0 1]
12:49:03,772 root DEBUG Check patch-by-patch distances for success (dOFF_patch>dON_patch) and ratio (dOFF_patch/dON_patch):
12:49:03,772 root DEBUG 	 nT= 1  	 success?    True    	 (dON-dOFF)/|dON+dOFF|: 66.04 	 cIDON = [0 1], cIDOFF = [0 1]
12:49:03,772 root DEBUG ===> #(dOFF_patch>dON_patch) = 1/1 = 100.00%
12:49:03,772 root DEBUG dOFF/dON = 4.9
12:49:03,772 root DEBUG {'CHOOSE_DX': 'along_decision_boundary', 'dxONAngle': 70.69006238247165, 'dON1': 0.08007885360157865, 'cIDON1': array([0, 1], dtype=int64), 'dON_patch_1': 0.08007885360157865, 'nTON': 1, 'dON': 0.08007885360157865, 'dxOFFAngle': 68.8973429425902, 'dOFF1': 0.39154120142068355, 'cIDOFF1': array([0, 1], dtype=int64), 'dOFF_patch_1': 0.39154120142068355, 'nTOFF': 1, 'dOFF': 0.39154120142068355, 'SUCCESS': True}
12:49:03,778 root DEBUG 

=================== Experiment ID #16 	 Dual Point ID: 28 ===================
12:49:03,801 root DEBUG CONTROL: 	 OK! 	 (target neuron output < tolerance: |1.847E-07|<1.000E-06)
12:49:03,801 root DEBUG CONTROL DUAL POINT: Check that target neuron output < tolerance ({tol:.3E}) at x_dual.
12:49:04,136 root DEBUG Side: ON	 Angle(dx0, dx): 5.38 deg 	 Angle(n, nold): 0.00 deg 	 Distance in patch: 6.579E-02 	 Total distance: 6.579E-02 	 Future toggles: 1 	 Past toggles: 1 	 Toggled: [[3, array([244], dtype=int64), array([[False]])]] 	 class: [3 6]
12:49:04,490 root DEBUG Side: OFF	 Angle(dx0, dx): 0.48 deg 	 Angle(n, nold): 0.00 deg 	 Distance in patch: 7.791E-02 	 Total distance: 7.791E-02 	 Future toggles: 0 	 Past toggles: 1 	 Toggled: [[2, array([104], dtype=int64), array([[ True]])]] 	 class: [3 6]
12:49:04,683 root DEBUG Side: OFF	 Angle(dx0, dx): 4.49 deg 	 Angle(n, nold): 0.00 deg 	 Distance in patch: 1.050E-01 	 Total distance: 1.829E-01 	 Future toggles: 1 	 Past toggles: 1 	 Toggled: [[3, array([57], dtype=int64), array([[False]])]] 	 class: [3 6]
12:49:04,683 root DEBUG Check patch-by-patch distances for success (dOFF_patch>dON_patch) and ratio (dOFF_patch/dON_patch):
12:49:04,684 root DEBUG 	 nT= 1  	 success?    True    	 (dON-dOFF)/|dON+dOFF|: 47.10 	 cIDON = [3 6], cIDOFF = [3 6]
12:49:04,684 root DEBUG ===> #(dOFF_patch>dON_patch) = 1/1 = 100.00%
12:49:04,684 root DEBUG dOFF/dON = 2.8
12:49:04,684 root DEBUG {'CHOOSE_DX': 'along_decision_boundary', 'dxONAngle': 72.85075301420781, 'dON1': 0.06579320987074215, 'cIDON1': array([3, 6], dtype=int64), 'dON_patch_1': 0.06579320987074215, 'nTON': 1, 'dON': 0.06579320987074215, 'dxOFFAngle': 80.10040271218378, 'dOFF1': 0.18294425656128885, 'cIDOFF1': array([3, 6], dtype=int64), 'dOFF_patch_1': 0.18294425656128885, 'nTOFF': 1, 'dOFF': 0.18294425656128885, 'SUCCESS': True}
12:49:04,689 root DEBUG 

=================== Experiment ID #17 	 Dual Point ID: 29 ===================
12:49:04,718 root DEBUG CONTROL: 	 WARNING! 	 (target neuron output > tolerance: |1.260E-06|>1.000E-06)
12:49:04,719 root DEBUG CONTROL DUAL POINT: Check that target neuron output < tolerance ({tol:.3E}) at x_dual.
12:49:04,719 root DEBUG CONTROL DUAL POINT: Check that target neuron output < tolerance ({tol:.3E}) at x_dual.
12:49:04,719 root DEBUG 

=================== Experiment ID #17 	 Dual Point ID: 30 ===================
12:49:04,757 root DEBUG CONTROL: 	 OK! 	 (target neuron output < tolerance: |5.556E-07|<1.000E-06)
12:49:04,758 root DEBUG CONTROL DUAL POINT: Check that target neuron output < tolerance ({tol:.3E}) at x_dual.
12:49:05,80 root DEBUG Side: ON	 Angle(dx0, dx): 1.19 deg 	 Angle(n, nold): 0.00 deg 	 Distance in patch: 4.925E-02 	 Total distance: 4.925E-02 	 Future toggles: 1 	 Past toggles: 1 	 Toggled: [[3, array([47], dtype=int64), array([[False]])]] 	 class: [6 7]
12:49:05,402 root DEBUG Side: OFF	 Angle(dx0, dx): 0.98 deg 	 Angle(n, nold): 0.00 deg 	 Distance in patch: 8.057E-02 	 Total distance: 8.057E-02 	 Future toggles: 0 	 Past toggles: 1 	 Toggled: [[2, array([222], dtype=int64), array([[False]])]] 	 class: [6 7]
12:49:05,522 root DEBUG Side: OFF	 Angle(dx0, dx): 0.98 deg 	 Angle(n, nold): 0.00 deg 	 Distance in patch: 5.987E-08 	 Total distance: 8.057E-02 	 Future toggles: 0 	 Past toggles: 1 	 Toggled: [[2, array([222], dtype=int64), array([[ True]])]] 	 class: [6 7]
12:49:05,713 root DEBUG Side: OFF	 Angle(dx0, dx): 0.98 deg 	 Angle(n, nold): 0.00 deg 	 Distance in patch: 1.197E-07 	 Total distance: 8.057E-02 	 Future toggles: 0 	 Past toggles: 1 	 Toggled: [[2, array([222], dtype=int64), array([[False]])]] 	 class: [6 7]
12:49:05,901 root DEBUG Side: OFF	 Angle(dx0, dx): 0.98 deg 	 Angle(n, nold): 0.00 deg 	 Distance in patch: 5.987E-08 	 Total distance: 8.057E-02 	 Future toggles: 0 	 Past toggles: 1 	 Toggled: [[2, array([222], dtype=int64), array([[ True]])]] 	 class: [6 7]
12:49:05,912 root DEBUG Got stuck in too many past-layer relus.
12:49:05,912 root DEBUG DISCARD POINT! No toggles were recorded successfully: results['nTON']=1, results['nTOFF']=0.
12:49:05,912 root DEBUG DISCARD POINT! No toggles were recorded successfully: results['nTON']=1, results['nTOFF']=0.
12:49:05,914 root DEBUG 

=================== Experiment ID #17 	 Dual Point ID: 31 ===================
12:49:05,947 root DEBUG CONTROL: 	 WARNING! 	 (target neuron output > tolerance: |1.683E-06|>1.000E-06)
12:49:05,947 root DEBUG CONTROL DUAL POINT: Check that target neuron output < tolerance ({tol:.3E}) at x_dual.
12:49:05,947 root DEBUG CONTROL DUAL POINT: Check that target neuron output < tolerance ({tol:.3E}) at x_dual.
12:49:05,948 root DEBUG 

=================== Experiment ID #17 	 Dual Point ID: 32 ===================
12:49:05,967 root DEBUG CONTROL: 	 OK! 	 (target neuron output < tolerance: |1.765E-07|<1.000E-06)
12:49:05,967 root DEBUG CONTROL DUAL POINT: Check that target neuron output < tolerance ({tol:.3E}) at x_dual.
12:49:06,293 root DEBUG Side: ON	 Angle(dx0, dx): 4.97 deg 	 Angle(n, nold): 0.00 deg 	 Distance in patch: 5.152E-03 	 Total distance: 5.152E-03 	 Future toggles: 0 	 Past toggles: 1 	 Toggled: [[2, array([45], dtype=int64), array([[False]])]] 	 class: [8 9]
12:49:06,482 root DEBUG Side: ON	 Angle(dx0, dx): 7.53 deg 	 Angle(n, nold): 0.00 deg 	 Distance in patch: 3.229E-02 	 Total distance: 3.744E-02 	 Future toggles: 1 	 Past toggles: 1 	 Toggled: [[4, array([30], dtype=int64), array([[False]])]] 	 class: [8 9]
12:49:06,879 root DEBUG Side: OFF	 Angle(dx0, dx): 2.00 deg 	 Angle(n, nold): 0.00 deg 	 Distance in patch: 4.132E-02 	 Total distance: 4.132E-02 	 Future toggles: 1 	 Past toggles: 1 	 Toggled: [[3, array([129], dtype=int64), array([[ True]])]] 	 class: [8 9]
12:49:06,879 root DEBUG Check patch-by-patch distances for success (dOFF_patch>dON_patch) and ratio (dOFF_patch/dON_patch):
12:49:06,880 root DEBUG 	 nT= 1  	 success?    True    	 (dON-dOFF)/|dON+dOFF|: 4.92 	 cIDON = [8 9], cIDOFF = [8 9]
12:49:06,880 root DEBUG ===> #(dOFF_patch>dON_patch) = 1/1 = 100.00%
12:49:06,880 root DEBUG dOFF/dON = 1.1
12:49:06,880 root DEBUG {'CHOOSE_DX': 'along_decision_boundary', 'dxONAngle': 86.23046323678481, 'dON1': 0.03744151464236768, 'cIDON1': array([8, 9], dtype=int64), 'dON_patch_1': 0.03744151464236768, 'nTON': 1, 'dON': 0.03744151464236768, 'dxOFFAngle': 87.73331014059757, 'dOFF1': 0.04131715617610395, 'cIDOFF1': array([8, 9], dtype=int64), 'dOFF_patch_1': 0.04131715617610395, 'nTOFF': 1, 'dOFF': 0.04131715617610395, 'SUCCESS': True}
12:49:06,889 root DEBUG 

=================== Experiment ID #18 	 Dual Point ID: 33 ===================
12:49:06,924 root DEBUG CONTROL: 	 OK! 	 (target neuron output < tolerance: |1.952E-07|<1.000E-06)
12:49:06,924 root DEBUG CONTROL DUAL POINT: Check that target neuron output < tolerance ({tol:.3E}) at x_dual.
12:49:07,288 root DEBUG Side: ON	 Angle(dx0, dx): 5.98 deg 	 Angle(n, nold): 0.00 deg 	 Distance in patch: 9.435E-03 	 Total distance: 9.435E-03 	 Future toggles: 1 	 Past toggles: 1 	 Toggled: [[3, array([7], dtype=int64), array([[ True]])]] 	 class: [2 9]
12:49:07,600 root DEBUG Side: OFF	 Angle(dx0, dx): 0.56 deg 	 Angle(n, nold): 0.00 deg 	 Distance in patch: 3.389E-03 	 Total distance: 3.389E-03 	 Future toggles: 0 	 Past toggles: 1 	 Toggled: [[2, array([67], dtype=int64), array([[ True]])]] 	 class: [2 9]
12:49:07,769 root DEBUG Side: OFF	 Angle(dx0, dx): 2.92 deg 	 Angle(n, nold): 0.00 deg 	 Distance in patch: 9.986E-03 	 Total distance: 1.338E-02 	 Future toggles: 1 	 Past toggles: 1 	 Toggled: [[3, array([150], dtype=int64), array([[False]])]] 	 class: [2 9]
12:49:07,769 root DEBUG Check patch-by-patch distances for success (dOFF_patch>dON_patch) and ratio (dOFF_patch/dON_patch):
12:49:07,769 root DEBUG 	 nT= 1  	 success?    True    	 (dON-dOFF)/|dON+dOFF|: 17.27 	 cIDON = [2 9], cIDOFF = [2 9]
12:49:07,769 root DEBUG ===> #(dOFF_patch>dON_patch) = 1/1 = 100.00%
12:49:07,769 root DEBUG dOFF/dON = 1.4
12:49:07,770 root DEBUG {'CHOOSE_DX': 'along_decision_boundary', 'dxONAngle': 68.52338220284832, 'dON1': 0.009435242428117862, 'cIDON1': array([2, 9], dtype=int64), 'dON_patch_1': 0.009435242428117862, 'nTON': 1, 'dON': 0.009435242428117862, 'dxOFFAngle': 76.36947313289396, 'dOFF1': 0.013375062388654917, 'cIDOFF1': array([2, 9], dtype=int64), 'dOFF_patch_1': 0.013375062388654917, 'nTOFF': 1, 'dOFF': 0.013375062388654917, 'SUCCESS': True}
12:49:07,775 root DEBUG 

=================== Experiment ID #19 	 Dual Point ID: 34 ===================
12:49:07,810 root DEBUG CONTROL: 	 WARNING! 	 (target neuron output > tolerance: |1.713E-06|>1.000E-06)
12:49:07,810 root DEBUG CONTROL DUAL POINT: Check that target neuron output < tolerance ({tol:.3E}) at x_dual.
12:49:07,810 root DEBUG CONTROL DUAL POINT: Check that target neuron output < tolerance ({tol:.3E}) at x_dual.
12:49:07,811 root DEBUG 

=================== Experiment ID #19 	 Dual Point ID: 35 ===================
12:49:07,832 root DEBUG CONTROL: 	 WARNING! 	 (target neuron output > tolerance: |1.205E-06|>1.000E-06)
12:49:07,832 root DEBUG CONTROL DUAL POINT: Check that target neuron output < tolerance ({tol:.3E}) at x_dual.
12:49:07,833 root DEBUG CONTROL DUAL POINT: Check that target neuron output < tolerance ({tol:.3E}) at x_dual.
12:49:07,833 root DEBUG 

=================== Experiment ID #19 	 Dual Point ID: 36 ===================
12:49:07,866 root DEBUG CONTROL: 	 WARNING! 	 (target neuron output > tolerance: |1.209E-06|>1.000E-06)
12:49:07,866 root DEBUG CONTROL DUAL POINT: Check that target neuron output < tolerance ({tol:.3E}) at x_dual.
12:49:07,867 root DEBUG CONTROL DUAL POINT: Check that target neuron output < tolerance ({tol:.3E}) at x_dual.
12:49:07,867 root DEBUG 

=================== Experiment ID #19 	 Dual Point ID: 37 ===================
12:49:07,887 root DEBUG CONTROL: 	 OK! 	 (target neuron output < tolerance: |9.910E-07|<1.000E-06)
12:49:07,887 root DEBUG CONTROL DUAL POINT: Check that target neuron output < tolerance ({tol:.3E}) at x_dual.
12:49:08,278 root DEBUG Side: ON	 Angle(dx0, dx): 2.62 deg 	 Angle(n, nold): 0.00 deg 	 Distance in patch: 1.149E-02 	 Total distance: 1.149E-02 	 Future toggles: 1 	 Past toggles: 1 	 Toggled: [[3, array([159], dtype=int64), array([[ True]])]] 	 class: [2 4]
12:49:08,578 root DEBUG Side: OFF	 Angle(dx0, dx): 1.89 deg 	 Angle(n, nold): 0.00 deg 	 Distance in patch: 3.952E-04 	 Total distance: 3.952E-04 	 Future toggles: 0 	 Past toggles: 1 	 Toggled: [[2, array([43], dtype=int64), array([[False]])]] 	 class: [2 4]
12:49:08,797 root DEBUG Side: OFF	 Angle(dx0, dx): 2.29 deg 	 Angle(n, nold): 0.00 deg 	 Distance in patch: 1.100E-01 	 Total distance: 1.104E-01 	 Future toggles: 0 	 Past toggles: 2 	 Toggled: [[2, array([239], dtype=int64), array([[False]])]] 	 class: [2 4]
12:49:09,6 root DEBUG Side: OFF	 Angle(dx0, dx): 0.11 deg 	 Angle(n, nold): 0.00 deg 	 Distance in patch: 4.197E-02 	 Total distance: 1.523E-01 	 Future toggles: 0 	 Past toggles: 3 	 Toggled: [[2, array([188], dtype=int64), array([[ True]])]] 	 class: [2 4]
12:49:09,235 root DEBUG Side: OFF	 Angle(dx0, dx): 0.21 deg 	 Angle(n, nold): 0.21 deg 	 Distance in patch: 8.049E-02 	 Total distance: 2.328E-01 	 Future toggles: 0 	 Past toggles: 4 	 Toggled: [[1, array([181], dtype=int64), array([[ True]])]] 	 class: [2 4]
12:49:09,457 root DEBUG Side: OFF	 Angle(dx0, dx): 0.17 deg 	 Angle(n, nold): 0.00 deg 	 Distance in patch: 2.222E-02 	 Total distance: 2.551E-01 	 Future toggles: 0 	 Past toggles: 5 	 Toggled: [[2, array([248], dtype=int64), array([[False]])]] 	 class: [2 4]
12:49:09,643 root DEBUG Side: OFF	 Angle(dx0, dx): 1.17 deg 	 Angle(n, nold): 0.00 deg 	 Distance in patch: 1.217E-01 	 Total distance: 3.767E-01 	 Future toggles: 0 	 Past toggles: 6 	 Toggled: [[2, array([75], dtype=int64), array([[ True]])]] 	 class: [2 4]
12:49:09,883 root DEBUG Side: OFF	 Angle(dx0, dx): 0.80 deg 	 Angle(n, nold): 0.00 deg 	 Distance in patch: 1.241E-02 	 Total distance: 3.891E-01 	 Future toggles: 1 	 Past toggles: 1 	 Toggled: [[4, array([42], dtype=int64), array([[ True]])]] 	 class: [2 4]
12:49:09,883 root DEBUG Check patch-by-patch distances for success (dOFF_patch>dON_patch) and ratio (dOFF_patch/dON_patch):
12:49:09,884 root DEBUG 	 nT= 1  	 success?    True    	 (dON-dOFF)/|dON+dOFF|: 94.26 	 cIDON = [2 4], cIDOFF = [2 4]
12:49:09,884 root DEBUG ===> #(dOFF_patch>dON_patch) = 1/1 = 100.00%
12:49:09,884 root DEBUG dOFF/dON = 33.9
12:49:09,884 root DEBUG {'CHOOSE_DX': 'along_decision_boundary', 'dxONAngle': 87.20911660307529, 'dON1': 0.011488622890952807, 'cIDON1': array([2, 4], dtype=int64), 'dON_patch_1': 0.011488622890952807, 'nTON': 1, 'dON': 0.011488622890952807, 'dxOFFAngle': 88.40217118484935, 'dOFF1': 0.3891400283241824, 'cIDOFF1': array([2, 4], dtype=int64), 'dOFF_patch_1': 0.3891400283241824, 'nTOFF': 1, 'dOFF': 0.3891400283241824, 'SUCCESS': True}
12:49:09,893 root DEBUG 

=================== Experiment ID #20 	 Dual Point ID: 38 ===================
12:49:09,919 root DEBUG CONTROL: 	 OK! 	 (target neuron output < tolerance: |7.622E-07|<1.000E-06)
12:49:09,919 root DEBUG CONTROL DUAL POINT: Check that target neuron output < tolerance ({tol:.3E}) at x_dual.
12:49:10,285 root DEBUG Side: ON	 Angle(dx0, dx): 3.17 deg 	 Angle(n, nold): 0.00 deg 	 Distance in patch: 1.346E-02 	 Total distance: 1.346E-02 	 Future toggles: 0 	 Past toggles: 1 	 Toggled: [[2, array([155], dtype=int64), array([[ True]])]] 	 class: [8 9]
12:49:10,520 root DEBUG Side: ON	 Angle(dx0, dx): 5.94 deg 	 Angle(n, nold): 0.00 deg 	 Distance in patch: 1.512E-02 	 Total distance: 2.858E-02 	 Future toggles: 1 	 Past toggles: 1 	 Toggled: [[3, array([217], dtype=int64), array([[False]])]] 	 class: [8 9]
12:49:10,891 root DEBUG Side: OFF	 Angle(dx0, dx): 0.57 deg 	 Angle(n, nold): 0.00 deg 	 Distance in patch: 5.544E-02 	 Total distance: 5.544E-02 	 Future toggles: 0 	 Past toggles: 1 	 Toggled: [[2, array([0], dtype=int64), array([[ True]])]] 	 class: [8 9]
12:49:11,101 root DEBUG Side: OFF	 Angle(dx0, dx): 1.42 deg 	 Angle(n, nold): 0.00 deg 	 Distance in patch: 6.461E-03 	 Total distance: 6.190E-02 	 Future toggles: 1 	 Past toggles: 1 	 Toggled: [[4, array([56], dtype=int64), array([[False]])]] 	 class: [8 9]
12:49:11,101 root DEBUG Check patch-by-patch distances for success (dOFF_patch>dON_patch) and ratio (dOFF_patch/dON_patch):
12:49:11,101 root DEBUG 	 nT= 1  	 success?    True    	 (dON-dOFF)/|dON+dOFF|: 36.83 	 cIDON = [8 9], cIDOFF = [8 9]
12:49:11,102 root DEBUG ===> #(dOFF_patch>dON_patch) = 1/1 = 100.00%
12:49:11,102 root DEBUG dOFF/dON = 2.2
12:49:11,102 root DEBUG {'CHOOSE_DX': 'along_decision_boundary', 'dxONAngle': 67.26573109726334, 'dON1': 0.02857845395603825, 'cIDON1': array([8, 9], dtype=int64), 'dON_patch_1': 0.02857845395603825, 'nTON': 1, 'dON': 0.02857845395603825, 'dxOFFAngle': 71.08725967597297, 'dOFF1': 0.06189999479829902, 'cIDOFF1': array([8, 9], dtype=int64), 'dOFF_patch_1': 0.06189999479829902, 'nTOFF': 1, 'dOFF': 0.06189999479829902, 'SUCCESS': True}
12:49:11,107 root DEBUG 

=================== Experiment ID #21 	 Dual Point ID: 39 ===================
12:49:11,124 root DEBUG CONTROL: 	 OK! 	 (target neuron output < tolerance: |1.279E-07|<1.000E-06)
12:49:11,124 root DEBUG CONTROL DUAL POINT: Check that target neuron output < tolerance ({tol:.3E}) at x_dual.
12:49:11,403 root DEBUG Side: ON	 Angle(dx0, dx): 3.96 deg 	 Angle(n, nold): 0.00 deg 	 Distance in patch: 1.311E-02 	 Total distance: 1.311E-02 	 Future toggles: 1 	 Past toggles: 1 	 Toggled: [[3, array([104], dtype=int64), array([[ True]])]] 	 class: [8 9]
12:49:11,717 root DEBUG Side: OFF	 Angle(dx0, dx): 2.04 deg 	 Angle(n, nold): 0.00 deg 	 Distance in patch: 6.283E-02 	 Total distance: 6.283E-02 	 Future toggles: 0 	 Past toggles: 1 	 Toggled: [[2, array([105], dtype=int64), array([[ True]])]] 	 class: [8 9]
12:49:11,898 root DEBUG Side: OFF	 Angle(dx0, dx): 0.35 deg 	 Angle(n, nold): 0.00 deg 	 Distance in patch: 2.049E-03 	 Total distance: 6.488E-02 	 Future toggles: 0 	 Past toggles: 2 	 Toggled: [[2, array([212], dtype=int64), array([[ True]])]] 	 class: [8 9]
12:49:12,86 root DEBUG Side: OFF	 Angle(dx0, dx): 7.83 deg 	 Angle(n, nold): 0.00 deg 	 Distance in patch: 7.657E-03 	 Total distance: 7.254E-02 	 Future toggles: 1 	 Past toggles: 1 	 Toggled: [[5, array([0, 8], dtype=int64), array([[1.],
       [0.]])]] 	 class: [0 9]
12:49:12,87 root DEBUG Check patch-by-patch distances for success (dOFF_patch>dON_patch) and ratio (dOFF_patch/dON_patch):
12:49:12,87 root DEBUG 	 nT= 1  	 success?    True    	 (dON-dOFF)/|dON+dOFF|: 69.38 	 cIDON = [8 9], cIDOFF = [8 9]
12:49:12,87 root DEBUG ===> #(dOFF_patch>dON_patch) = 1/1 = 100.00%
12:49:12,87 root DEBUG dOFF/dON = 5.5
12:49:12,87 root DEBUG {'CHOOSE_DX': 'along_decision_boundary', 'dxONAngle': 76.94675240179212, 'dON1': 0.013112569422384437, 'cIDON1': array([8, 9], dtype=int64), 'dON_patch_1': 0.013112569422384437, 'nTON': 1, 'dON': 0.013112569422384437, 'dxOFFAngle': 77.21252471744029, 'dOFF1': 0.07254030574924739, 'cIDOFF1': array([8, 9], dtype=int64), 'dOFF_patch_1': 0.07254030574924739, 'nTOFF': 1, 'dOFF': 0.07254030574924739, 'SUCCESS': True}
12:49:12,93 root DEBUG 

=================== Experiment ID #22 	 Dual Point ID: 40 ===================
12:49:12,128 root DEBUG CONTROL: 	 WARNING! 	 (target neuron output > tolerance: |1.512E-06|>1.000E-06)
12:49:12,129 root DEBUG CONTROL DUAL POINT: Check that target neuron output < tolerance ({tol:.3E}) at x_dual.
12:49:12,129 root DEBUG CONTROL DUAL POINT: Check that target neuron output < tolerance ({tol:.3E}) at x_dual.
12:49:12,129 root DEBUG 

=================== Experiment ID #22 	 Dual Point ID: 41 ===================
12:49:12,154 root DEBUG CONTROL: 	 WARNING! 	 (target neuron output > tolerance: |1.220E-06|>1.000E-06)
12:49:12,154 root DEBUG CONTROL DUAL POINT: Check that target neuron output < tolerance ({tol:.3E}) at x_dual.
12:49:12,154 root DEBUG CONTROL DUAL POINT: Check that target neuron output < tolerance ({tol:.3E}) at x_dual.
12:49:12,155 root DEBUG 

=================== Experiment ID #22 	 Dual Point ID: 42 ===================
12:49:12,184 root DEBUG CONTROL: 	 OK! 	 (target neuron output < tolerance: |9.685E-07|<1.000E-06)
12:49:12,184 root DEBUG CONTROL DUAL POINT: Check that target neuron output < tolerance ({tol:.3E}) at x_dual.
12:49:12,582 root DEBUG Side: ON	 Angle(dx0, dx): 24.45 deg 	 Angle(n, nold): 18.72 deg 	 Distance in patch: 9.020E-03 	 Total distance: 9.020E-03 	 Future toggles: 0 	 Past toggles: 1 	 Toggled: [[1, array([27], dtype=int64), array([[False]])]] 	 class: [3 6]
12:49:12,816 root DEBUG Side: ON	 Angle(dx0, dx): 7.16 deg 	 Angle(n, nold): 0.00 deg 	 Distance in patch: 9.697E-04 	 Total distance: 9.989E-03 	 Future toggles: 0 	 Past toggles: 2 	 Toggled: [[2, array([17], dtype=int64), array([[False]])]] 	 class: [3 6]
12:49:13,67 root DEBUG Side: ON	 Angle(dx0, dx): 5.06 deg 	 Angle(n, nold): 0.00 deg 	 Distance in patch: 6.817E-02 	 Total distance: 7.816E-02 	 Future toggles: 1 	 Past toggles: 1 	 Toggled: [[4, array([16], dtype=int64), array([[False]])]] 	 class: [3 6]
12:49:13,429 root DEBUG Side: OFF	 Angle(dx0, dx): 1.65 deg 	 Angle(n, nold): 18.72 deg 	 Distance in patch: 8.937E-03 	 Total distance: 8.937E-03 	 Future toggles: 0 	 Past toggles: 1 	 Toggled: [[2, array([24], dtype=int64), array([[False]])]] 	 class: [3 6]
12:49:13,658 root DEBUG Side: OFF	 Angle(dx0, dx): 3.68 deg 	 Angle(n, nold): 6.95 deg 	 Distance in patch: 2.453E-02 	 Total distance: 3.346E-02 	 Future toggles: 0 	 Past toggles: 2 	 Toggled: [[1, array([212], dtype=int64), array([[ True]])]] 	 class: [3 6]
12:49:13,862 root DEBUG Side: OFF	 Angle(dx0, dx): 1.13 deg 	 Angle(n, nold): 0.00 deg 	 Distance in patch: 1.058E-02 	 Total distance: 4.405E-02 	 Future toggles: 0 	 Past toggles: 3 	 Toggled: [[2, array([36], dtype=int64), array([[False]])]] 	 class: [3 6]
12:49:14,75 root DEBUG Side: OFF	 Angle(dx0, dx): 3.59 deg 	 Angle(n, nold): 0.00 deg 	 Distance in patch: 7.862E-02 	 Total distance: 1.227E-01 	 Future toggles: 1 	 Past toggles: 1 	 Toggled: [[3, array([236], dtype=int64), array([[ True]])]] 	 class: [3 6]
12:49:14,75 root DEBUG Check patch-by-patch distances for success (dOFF_patch>dON_patch) and ratio (dOFF_patch/dON_patch):
12:49:14,76 root DEBUG 	 nT= 1  	 success?    True    	 (dON-dOFF)/|dON+dOFF|: 22.16 	 cIDON = [3 6], cIDOFF = [3 6]
12:49:14,76 root DEBUG ===> #(dOFF_patch>dON_patch) = 1/1 = 100.00%
12:49:14,76 root DEBUG dOFF/dON = 1.6
12:49:14,76 root DEBUG {'CHOOSE_DX': 'along_decision_boundary', 'dxONAngle': 67.26894098443769, 'dON1': 0.07816403831173799, 'cIDON1': array([3, 6], dtype=int64), 'dON_patch_1': 0.07816403831173799, 'nTON': 1, 'dON': 0.07816403831173799, 'dxOFFAngle': 60.306669522030404, 'dOFF1': 0.12266523428228526, 'cIDOFF1': array([3, 6], dtype=int64), 'dOFF_patch_1': 0.12266523428228526, 'nTOFF': 1, 'dOFF': 0.12266523428228526, 'SUCCESS': True}
12:49:14,82 root DEBUG 

=================== Experiment ID #23 	 Dual Point ID: 43 ===================
12:49:14,107 root DEBUG CONTROL: 	 OK! 	 (target neuron output < tolerance: |8.192E-07|<1.000E-06)
12:49:14,107 root DEBUG CONTROL DUAL POINT: Check that target neuron output < tolerance ({tol:.3E}) at x_dual.
12:49:14,513 root DEBUG Side: ON	 Angle(dx0, dx): 2.32 deg 	 Angle(n, nold): 0.00 deg 	 Distance in patch: 5.412E-02 	 Total distance: 5.412E-02 	 Future toggles: 0 	 Past toggles: 1 	 Toggled: [[2, array([230], dtype=int64), array([[ True]])]] 	 class: [7 9]
12:49:14,785 root DEBUG Side: ON	 Angle(dx0, dx): 0.17 deg 	 Angle(n, nold): 0.00 deg 	 Distance in patch: 9.005E-03 	 Total distance: 6.313E-02 	 Future toggles: 0 	 Past toggles: 2 	 Toggled: [[2, array([133], dtype=int64), array([[False]])]] 	 class: [7 9]
12:49:15,9 root DEBUG Side: ON	 Angle(dx0, dx): 1.24 deg 	 Angle(n, nold): 0.00 deg 	 Distance in patch: 8.293E-02 	 Total distance: 1.461E-01 	 Future toggles: 1 	 Past toggles: 1 	 Toggled: [[4, array([30], dtype=int64), array([[False]])]] 	 class: [7 9]
12:49:15,336 root DEBUG Side: OFF	 Angle(dx0, dx): 10.54 deg 	 Angle(n, nold): 0.00 deg 	 Distance in patch: 3.153E-02 	 Total distance: 3.153E-02 	 Future toggles: 1 	 Past toggles: 1 	 Toggled: [[4, array([7], dtype=int64), array([[ True]])]] 	 class: [7 9]
12:49:15,337 root DEBUG Check patch-by-patch distances for success (dOFF_patch>dON_patch) and ratio (dOFF_patch/dON_patch):
12:49:15,337 root DEBUG 	 nT= 1  	 success?   False    	 (dON-dOFF)/|dON+dOFF|: -64.49 	 cIDON = [7 9], cIDOFF = [7 9]
12:49:15,337 root DEBUG ===> #(dOFF_patch>dON_patch) = 0/1 = 0.00%
12:49:15,337 root DEBUG dOFF/dON = 0.2
12:49:15,337 root DEBUG {'CHOOSE_DX': 'along_decision_boundary', 'dxONAngle': 72.75894718664819, 'dON1': 0.14605949668820828, 'cIDON1': array([7, 9], dtype=int64), 'dON_patch_1': 0.14605949668820828, 'nTON': 1, 'dON': 0.14605949668820828, 'dxOFFAngle': 71.47996819134848, 'dOFF1': 0.031528030240923495, 'cIDOFF1': array([7, 9], dtype=int64), 'dOFF_patch_1': 0.031528030240923495, 'nTOFF': 1, 'dOFF': 0.031528030240923495, 'SUCCESS': False}
12:49:15,346 root DEBUG 

=================== Experiment ID #24 	 Dual Point ID: 44 ===================
12:49:15,363 root DEBUG CONTROL: 	 OK! 	 (target neuron output < tolerance: |3.542E-07|<1.000E-06)
12:49:15,363 root DEBUG CONTROL DUAL POINT: Check that target neuron output < tolerance ({tol:.3E}) at x_dual.
12:49:15,722 root DEBUG Side: ON	 Angle(dx0, dx): 5.50 deg 	 Angle(n, nold): 0.00 deg 	 Distance in patch: 1.454E-02 	 Total distance: 1.454E-02 	 Future toggles: 1 	 Past toggles: 1 	 Toggled: [[4, array([2], dtype=int64), array([[False]])]] 	 class: [3 7]
12:49:16,44 root DEBUG Side: OFF	 Angle(dx0, dx): 1.17 deg 	 Angle(n, nold): 0.00 deg 	 Distance in patch: 2.977E-02 	 Total distance: 2.977E-02 	 Future toggles: 1 	 Past toggles: 1 	 Toggled: [[4, array([49], dtype=int64), array([[ True]])]] 	 class: [3 7]
12:49:16,45 root DEBUG Check patch-by-patch distances for success (dOFF_patch>dON_patch) and ratio (dOFF_patch/dON_patch):
12:49:16,45 root DEBUG 	 nT= 1  	 success?    True    	 (dON-dOFF)/|dON+dOFF|: 34.36 	 cIDON = [3 7], cIDOFF = [3 7]
12:49:16,45 root DEBUG ===> #(dOFF_patch>dON_patch) = 1/1 = 100.00%
12:49:16,45 root DEBUG dOFF/dON = 2.0
12:49:16,45 root DEBUG {'CHOOSE_DX': 'along_decision_boundary', 'dxONAngle': 76.79012222965629, 'dON1': 0.014542769101394026, 'cIDON1': array([3, 7], dtype=int64), 'dON_patch_1': 0.014542769101394026, 'nTON': 1, 'dON': 0.014542769101394026, 'dxOFFAngle': 87.0407011757345, 'dOFF1': 0.029769851081502412, 'cIDOFF1': array([3, 7], dtype=int64), 'dOFF_patch_1': 0.029769851081502412, 'nTOFF': 1, 'dOFF': 0.029769851081502412, 'SUCCESS': True}
12:49:16,53 root DEBUG 

=================== Experiment ID #25 	 Dual Point ID: 45 ===================
12:49:16,86 root DEBUG CONTROL: 	 WARNING! 	 (target neuron output > tolerance: |1.364E-06|>1.000E-06)
12:49:16,86 root DEBUG CONTROL DUAL POINT: Check that target neuron output < tolerance ({tol:.3E}) at x_dual.
12:49:16,86 root DEBUG CONTROL DUAL POINT: Check that target neuron output < tolerance ({tol:.3E}) at x_dual.
12:49:16,87 root DEBUG 

=================== Experiment ID #25 	 Dual Point ID: 46 ===================
12:49:16,115 root DEBUG CONTROL: 	 OK! 	 (target neuron output < tolerance: |5.053E-07|<1.000E-06)
12:49:16,115 root DEBUG CONTROL DUAL POINT: Check that target neuron output < tolerance ({tol:.3E}) at x_dual.
12:49:16,459 root DEBUG Side: ON	 Angle(dx0, dx): 2.35 deg 	 Angle(n, nold): 0.00 deg 	 Distance in patch: 2.365E-02 	 Total distance: 2.365E-02 	 Future toggles: 1 	 Past toggles: 1 	 Toggled: [[3, array([211], dtype=int64), array([[False]])]] 	 class: [2 7]
12:49:16,767 root DEBUG Side: OFF	 Angle(dx0, dx): 0.76 deg 	 Angle(n, nold): 0.00 deg 	 Distance in patch: 1.742E-02 	 Total distance: 1.742E-02 	 Future toggles: 1 	 Past toggles: 1 	 Toggled: [[3, array([182], dtype=int64), array([[ True]])]] 	 class: [2 7]
12:49:16,767 root DEBUG Check patch-by-patch distances for success (dOFF_patch>dON_patch) and ratio (dOFF_patch/dON_patch):
12:49:16,767 root DEBUG 	 nT= 1  	 success?   False    	 (dON-dOFF)/|dON+dOFF|: -15.17 	 cIDON = [2 7], cIDOFF = [2 7]
12:49:16,767 root DEBUG ===> #(dOFF_patch>dON_patch) = 0/1 = 0.00%
12:49:16,767 root DEBUG dOFF/dON = 0.7
12:49:16,767 root DEBUG {'CHOOSE_DX': 'along_decision_boundary', 'dxONAngle': 81.2769529730088, 'dON1': 0.023652040948570284, 'cIDON1': array([2, 7], dtype=int64), 'dON_patch_1': 0.023652040948570284, 'nTON': 1, 'dON': 0.023652040948570284, 'dxOFFAngle': 89.332198213011, 'dOFF1': 0.01741976070648678, 'cIDOFF1': array([2, 7], dtype=int64), 'dOFF_patch_1': 0.01741976070648678, 'nTOFF': 1, 'dOFF': 0.01741976070648678, 'SUCCESS': False}
12:49:16,777 root DEBUG 

=================== Experiment ID #26 	 Dual Point ID: 47 ===================
12:49:16,819 root DEBUG CONTROL: 	 OK! 	 (target neuron output < tolerance: |4.116E-07|<1.000E-06)
12:49:16,819 root DEBUG CONTROL DUAL POINT: Check that target neuron output < tolerance ({tol:.3E}) at x_dual.
12:49:17,174 root DEBUG Side: ON	 Angle(dx0, dx): 13.12 deg 	 Angle(n, nold): 0.00 deg 	 Distance in patch: 2.111E-02 	 Total distance: 2.111E-02 	 Future toggles: 1 	 Past toggles: 1 	 Toggled: [[4, array([7], dtype=int64), array([[ True]])]] 	 class: [8 9]
12:49:17,503 root DEBUG Side: OFF	 Angle(dx0, dx): 0.71 deg 	 Angle(n, nold): 0.00 deg 	 Distance in patch: 6.533E-02 	 Total distance: 6.533E-02 	 Future toggles: 1 	 Past toggles: 1 	 Toggled: [[3, array([193], dtype=int64), array([[False]])]] 	 class: [8 9]
12:49:17,503 root DEBUG Check patch-by-patch distances for success (dOFF_patch>dON_patch) and ratio (dOFF_patch/dON_patch):
12:49:17,503 root DEBUG 	 nT= 1  	 success?    True    	 (dON-dOFF)/|dON+dOFF|: 51.15 	 cIDON = [8 9], cIDOFF = [8 9]
12:49:17,504 root DEBUG ===> #(dOFF_patch>dON_patch) = 1/1 = 100.00%
12:49:17,504 root DEBUG dOFF/dON = 3.1
12:49:17,504 root DEBUG {'CHOOSE_DX': 'along_decision_boundary', 'dxONAngle': 68.9825494427983, 'dON1': 0.021112881446669948, 'cIDON1': array([8, 9], dtype=int64), 'dON_patch_1': 0.021112881446669948, 'nTON': 1, 'dON': 0.021112881446669948, 'dxOFFAngle': 89.58114146902179, 'dOFF1': 0.06533007466264888, 'cIDOFF1': array([8, 9], dtype=int64), 'dOFF_patch_1': 0.06533007466264888, 'nTOFF': 1, 'dOFF': 0.06533007466264888, 'SUCCESS': True}
12:49:17,513 root DEBUG 

=================== Experiment ID #27 	 Dual Point ID: 48 ===================
12:49:17,550 root DEBUG CONTROL: 	 OK! 	 (target neuron output < tolerance: |3.675E-07|<1.000E-06)
12:49:17,550 root DEBUG CONTROL DUAL POINT: Check that target neuron output < tolerance ({tol:.3E}) at x_dual.
12:49:17,904 root DEBUG Side: ON	 Angle(dx0, dx): 2.55 deg 	 Angle(n, nold): 2.01 deg 	 Distance in patch: 7.760E-03 	 Total distance: 7.760E-03 	 Future toggles: 0 	 Past toggles: 1 	 Toggled: [[1, array([178], dtype=int64), array([[ True]])]] 	 class: [2 7]
12:49:18,165 root DEBUG Side: ON	 Angle(dx0, dx): 0.57 deg 	 Angle(n, nold): 0.00 deg 	 Distance in patch: 2.087E-03 	 Total distance: 9.847E-03 	 Future toggles: 1 	 Past toggles: 1 	 Toggled: [[3, array([43], dtype=int64), array([[False]])]] 	 class: [2 7]
12:49:18,562 root DEBUG Side: OFF	 Angle(dx0, dx): 3.12 deg 	 Angle(n, nold): 2.01 deg 	 Distance in patch: 3.667E-02 	 Total distance: 3.667E-02 	 Future toggles: 1 	 Past toggles: 1 	 Toggled: [[3, array([22], dtype=int64), array([[False]])]] 	 class: [2 7]
12:49:18,562 root DEBUG Check patch-by-patch distances for success (dOFF_patch>dON_patch) and ratio (dOFF_patch/dON_patch):
12:49:18,562 root DEBUG 	 nT= 1  	 success?    True    	 (dON-dOFF)/|dON+dOFF|: 57.66 	 cIDON = [2 7], cIDOFF = [2 7]
12:49:18,562 root DEBUG ===> #(dOFF_patch>dON_patch) = 1/1 = 100.00%
12:49:18,562 root DEBUG dOFF/dON = 3.7
12:49:18,562 root DEBUG {'CHOOSE_DX': 'along_decision_boundary', 'dxONAngle': 75.7901014726023, 'dON1': 0.009847136149993482, 'cIDON1': array([2, 7], dtype=int64), 'dON_patch_1': 0.009847136149993482, 'nTON': 1, 'dON': 0.009847136149993482, 'dxOFFAngle': 70.17023341814702, 'dOFF1': 0.0366653721028875, 'cIDOFF1': array([2, 7], dtype=int64), 'dOFF_patch_1': 0.0366653721028875, 'nTOFF': 1, 'dOFF': 0.0366653721028875, 'SUCCESS': True}
12:49:18,569 root DEBUG 

=================== Experiment ID #28 	 Dual Point ID: 49 ===================
12:49:18,597 root DEBUG CONTROL: 	 OK! 	 (target neuron output < tolerance: |1.260E-07|<1.000E-06)
12:49:18,597 root DEBUG CONTROL DUAL POINT: Check that target neuron output < tolerance ({tol:.3E}) at x_dual.
12:49:18,983 root DEBUG Side: ON	 Angle(dx0, dx): 0.54 deg 	 Angle(n, nold): 0.00 deg 	 Distance in patch: 1.035E-02 	 Total distance: 1.035E-02 	 Future toggles: 0 	 Past toggles: 1 	 Toggled: [[2, array([156], dtype=int64), array([[ True]])]] 	 class: [3 4]
12:49:19,246 root DEBUG Side: ON	 Angle(dx0, dx): 0.07 deg 	 Angle(n, nold): 0.00 deg 	 Distance in patch: 6.415E-03 	 Total distance: 1.677E-02 	 Future toggles: 1 	 Past toggles: 1 	 Toggled: [[3, array([225], dtype=int64), array([[False]])]] 	 class: [3 4]
12:49:19,607 root DEBUG Side: OFF	 Angle(dx0, dx): 2.82 deg 	 Angle(n, nold): 0.00 deg 	 Distance in patch: 3.097E-02 	 Total distance: 3.097E-02 	 Future toggles: 1 	 Past toggles: 1 	 Toggled: [[3, array([152], dtype=int64), array([[False]])]] 	 class: [3 4]
12:49:19,608 root DEBUG Check patch-by-patch distances for success (dOFF_patch>dON_patch) and ratio (dOFF_patch/dON_patch):
12:49:19,608 root DEBUG 	 nT= 1  	 success?    True    	 (dON-dOFF)/|dON+dOFF|: 29.75 	 cIDON = [3 4], cIDOFF = [3 4]
12:49:19,608 root DEBUG ===> #(dOFF_patch>dON_patch) = 1/1 = 100.00%
12:49:19,608 root DEBUG dOFF/dON = 1.8
12:49:19,608 root DEBUG {'CHOOSE_DX': 'along_decision_boundary', 'dxONAngle': 81.26060055112883, 'dON1': 0.016765828608531236, 'cIDON1': array([3, 4], dtype=int64), 'dON_patch_1': 0.016765828608531236, 'nTON': 1, 'dON': 0.016765828608531236, 'dxOFFAngle': 88.97766235645037, 'dOFF1': 0.030967585371337796, 'cIDOFF1': array([3, 4], dtype=int64), 'dOFF_patch_1': 0.030967585371337796, 'nTOFF': 1, 'dOFF': 0.030967585371337796, 'SUCCESS': True}
12:49:19,617 root DEBUG 

=================== Experiment ID #29 	 Dual Point ID: 50 ===================
12:49:19,640 root DEBUG CONTROL: 	 OK! 	 (target neuron output < tolerance: |3.233E-07|<1.000E-06)
12:49:19,640 root DEBUG CONTROL DUAL POINT: Check that target neuron output < tolerance ({tol:.3E}) at x_dual.
12:49:20,46 root DEBUG Side: ON	 Angle(dx0, dx): 0.79 deg 	 Angle(n, nold): 0.00 deg 	 Distance in patch: 9.068E-03 	 Total distance: 9.068E-03 	 Future toggles: 0 	 Past toggles: 1 	 Toggled: [[2, array([186], dtype=int64), array([[ True]])]] 	 class: [8 9]
12:49:20,292 root DEBUG Side: ON	 Angle(dx0, dx): 3.17 deg 	 Angle(n, nold): 0.00 deg 	 Distance in patch: 3.713E-03 	 Total distance: 1.278E-02 	 Future toggles: 0 	 Past toggles: 2 	 Toggled: [[2, array([165], dtype=int64), array([[ True]])]] 	 class: [8 9]
12:49:20,541 root DEBUG Side: ON	 Angle(dx0, dx): 0.12 deg 	 Angle(n, nold): 0.00 deg 	 Distance in patch: 1.266E-02 	 Total distance: 2.544E-02 	 Future toggles: 0 	 Past toggles: 3 	 Toggled: [[2, array([91], dtype=int64), array([[ True]])]] 	 class: [8 9]
12:49:20,729 root DEBUG Side: ON	 Angle(dx0, dx): 0.37 deg 	 Angle(n, nold): 0.00 deg 	 Distance in patch: 7.198E-02 	 Total distance: 9.742E-02 	 Future toggles: 1 	 Past toggles: 1 	 Toggled: [[4, array([29], dtype=int64), array([[False]])]] 	 class: [8 9]
12:49:21,141 root DEBUG Side: OFF	 Angle(dx0, dx): 0.53 deg 	 Angle(n, nold): 0.00 deg 	 Distance in patch: 2.594E-02 	 Total distance: 2.594E-02 	 Future toggles: 0 	 Past toggles: 1 	 Toggled: [[2, array([187], dtype=int64), array([[False]])]] 	 class: [8 9]
12:49:21,343 root DEBUG Side: OFF	 Angle(dx0, dx): 5.58 deg 	 Angle(n, nold): 5.60 deg 	 Distance in patch: 3.391E-03 	 Total distance: 2.933E-02 	 Future toggles: 0 	 Past toggles: 2 	 Toggled: [[1, array([26], dtype=int64), array([[False]])]] 	 class: [8 9]
12:49:21,560 root DEBUG Side: OFF	 Angle(dx0, dx): 1.38 deg 	 Angle(n, nold): 0.00 deg 	 Distance in patch: 1.809E-02 	 Total distance: 4.742E-02 	 Future toggles: 1 	 Past toggles: 1 	 Toggled: [[3, array([155], dtype=int64), array([[False]])]] 	 class: [8 9]
12:49:21,560 root DEBUG Check patch-by-patch distances for success (dOFF_patch>dON_patch) and ratio (dOFF_patch/dON_patch):
12:49:21,561 root DEBUG 	 nT= 1  	 success?   False    	 (dON-dOFF)/|dON+dOFF|: -34.52 	 cIDON = [8 9], cIDOFF = [8 9]
12:49:21,561 root DEBUG ===> #(dOFF_patch>dON_patch) = 0/1 = 0.00%
12:49:21,561 root DEBUG dOFF/dON = 0.5
12:49:21,561 root DEBUG {'CHOOSE_DX': 'along_decision_boundary', 'dxONAngle': 89.80508402679982, 'dON1': 0.09741664485393603, 'cIDON1': array([8, 9], dtype=int64), 'dON_patch_1': 0.09741664485393603, 'nTON': 1, 'dON': 0.09741664485393603, 'dxOFFAngle': 89.22058057310312, 'dOFF1': 0.04741544643995623, 'cIDOFF1': array([8, 9], dtype=int64), 'dOFF_patch_1': 0.04741544643995623, 'nTOFF': 1, 'dOFF': 0.04741544643995623, 'SUCCESS': False}
12:49:21,570 root DEBUG 

=================== Experiment ID #30 	 Dual Point ID: 51 ===================
12:49:21,606 root DEBUG CONTROL: 	 WARNING! 	 (target neuron output > tolerance: |1.060E-06|>1.000E-06)
12:49:21,606 root DEBUG CONTROL DUAL POINT: Check that target neuron output < tolerance ({tol:.3E}) at x_dual.
12:49:21,606 root DEBUG CONTROL DUAL POINT: Check that target neuron output < tolerance ({tol:.3E}) at x_dual.
12:49:21,607 root DEBUG 

=================== Experiment ID #30 	 Dual Point ID: 52 ===================
12:49:21,645 root DEBUG CONTROL: 	 OK! 	 (target neuron output < tolerance: |9.558E-07|<1.000E-06)
12:49:21,645 root DEBUG CONTROL DUAL POINT: Check that target neuron output < tolerance ({tol:.3E}) at x_dual.
12:49:22,29 root DEBUG Side: ON	 Angle(dx0, dx): 4.39 deg 	 Angle(n, nold): 0.00 deg 	 Distance in patch: 3.968E-02 	 Total distance: 3.968E-02 	 Future toggles: 1 	 Past toggles: 1 	 Toggled: [[3, array([51], dtype=int64), array([[ True]])]] 	 class: [3 5]
12:49:22,335 root DEBUG Side: OFF	 Angle(dx0, dx): 2.66 deg 	 Angle(n, nold): 3.50 deg 	 Distance in patch: 1.527E-03 	 Total distance: 1.527E-03 	 Future toggles: 0 	 Past toggles: 1 	 Toggled: [[1, array([130], dtype=int64), array([[False]])]] 	 class: [3 5]
12:49:22,549 root DEBUG Side: OFF	 Angle(dx0, dx): 0.78 deg 	 Angle(n, nold): 0.00 deg 	 Distance in patch: 4.945E-02 	 Total distance: 5.098E-02 	 Future toggles: 1 	 Past toggles: 1 	 Toggled: [[4, array([45], dtype=int64), array([[False]])]] 	 class: [3 5]
12:49:22,549 root DEBUG Check patch-by-patch distances for success (dOFF_patch>dON_patch) and ratio (dOFF_patch/dON_patch):
12:49:22,551 root DEBUG 	 nT= 1  	 success?    True    	 (dON-dOFF)/|dON+dOFF|: 12.47 	 cIDON = [3 5], cIDOFF = [3 5]
12:49:22,551 root DEBUG ===> #(dOFF_patch>dON_patch) = 1/1 = 100.00%
12:49:22,551 root DEBUG dOFF/dON = 1.3
12:49:22,551 root DEBUG {'CHOOSE_DX': 'along_decision_boundary', 'dxONAngle': 70.5011040927828, 'dON1': 0.03968045053261762, 'cIDON1': array([3, 5], dtype=int64), 'dON_patch_1': 0.03968045053261762, 'nTON': 1, 'dON': 0.03968045053261762, 'dxOFFAngle': 79.18085897803438, 'dOFF1': 0.05098163486115976, 'cIDOFF1': array([3, 5], dtype=int64), 'dOFF_patch_1': 0.05098163486115976, 'nTOFF': 1, 'dOFF': 0.05098163486115976, 'SUCCESS': True}
12:49:22,558 root DEBUG 

=================== Experiment ID #31 	 Dual Point ID: 53 ===================
12:49:22,585 root DEBUG CONTROL: 	 WARNING! 	 (target neuron output > tolerance: |1.692E-06|>1.000E-06)
12:49:22,585 root DEBUG CONTROL DUAL POINT: Check that target neuron output < tolerance ({tol:.3E}) at x_dual.
12:49:22,585 root DEBUG CONTROL DUAL POINT: Check that target neuron output < tolerance ({tol:.3E}) at x_dual.
12:49:22,586 root DEBUG 

=================== Experiment ID #31 	 Dual Point ID: 54 ===================
12:49:22,609 root DEBUG CONTROL: 	 WARNING! 	 (target neuron output > tolerance: |2.108E-06|>1.000E-06)
12:49:22,609 root DEBUG CONTROL DUAL POINT: Check that target neuron output < tolerance ({tol:.3E}) at x_dual.
12:49:22,609 root DEBUG CONTROL DUAL POINT: Check that target neuron output < tolerance ({tol:.3E}) at x_dual.
12:49:22,610 root DEBUG 

=================== Experiment ID #31 	 Dual Point ID: 55 ===================
12:49:22,632 root DEBUG CONTROL: 	 WARNING! 	 (target neuron output > tolerance: |1.843E-06|>1.000E-06)
12:49:22,632 root DEBUG CONTROL DUAL POINT: Check that target neuron output < tolerance ({tol:.3E}) at x_dual.
12:49:22,632 root DEBUG CONTROL DUAL POINT: Check that target neuron output < tolerance ({tol:.3E}) at x_dual.
12:49:22,633 root DEBUG 

=================== Experiment ID #31 	 Dual Point ID: 56 ===================
12:49:22,657 root DEBUG CONTROL: 	 OK! 	 (target neuron output < tolerance: |9.089E-07|<1.000E-06)
12:49:22,658 root DEBUG CONTROL DUAL POINT: Check that target neuron output < tolerance ({tol:.3E}) at x_dual.
12:49:23,12 root DEBUG Side: ON	 Angle(dx0, dx): 1.62 deg 	 Angle(n, nold): 1.59 deg 	 Distance in patch: 6.949E-03 	 Total distance: 6.949E-03 	 Future toggles: 0 	 Past toggles: 1 	 Toggled: [[1, array([47], dtype=int64), array([[False]])]] 	 class: [2 7]
12:49:23,175 root DEBUG Side: ON	 Angle(dx0, dx): 2.61 deg 	 Angle(n, nold): 0.00 deg 	 Distance in patch: 6.905E-02 	 Total distance: 7.600E-02 	 Future toggles: 1 	 Past toggles: 1 	 Toggled: [[4, array([2], dtype=int64), array([[ True]])]] 	 class: [2 7]
12:49:23,525 root DEBUG Side: OFF	 Angle(dx0, dx): 3.57 deg 	 Angle(n, nold): 1.59 deg 	 Distance in patch: 5.664E-03 	 Total distance: 5.664E-03 	 Future toggles: 0 	 Past toggles: 1 	 Toggled: [[2, array([113], dtype=int64), array([[ True]])]] 	 class: [2 7]
12:49:23,720 root DEBUG Side: OFF	 Angle(dx0, dx): 0.34 deg 	 Angle(n, nold): 0.00 deg 	 Distance in patch: 6.628E-02 	 Total distance: 7.194E-02 	 Future toggles: 0 	 Past toggles: 2 	 Toggled: [[2, array([198], dtype=int64), array([[ True]])]] 	 class: [2 7]
12:49:23,886 root DEBUG Side: OFF	 Angle(dx0, dx): 3.90 deg 	 Angle(n, nold): 3.54 deg 	 Distance in patch: 1.686E-03 	 Total distance: 7.363E-02 	 Future toggles: 0 	 Past toggles: 3 	 Toggled: [[1, array([130], dtype=int64), array([[False]])]] 	 class: [2 7]
12:49:24,120 root DEBUG Side: OFF	 Angle(dx0, dx): 1.03 deg 	 Angle(n, nold): 0.00 deg 	 Distance in patch: 3.797E-02 	 Total distance: 1.116E-01 	 Future toggles: 1 	 Past toggles: 1 	 Toggled: [[3, array([240], dtype=int64), array([[False]])]] 	 class: [2 7]
12:49:24,120 root DEBUG Check patch-by-patch distances for success (dOFF_patch>dON_patch) and ratio (dOFF_patch/dON_patch):
12:49:24,121 root DEBUG 	 nT= 1  	 success?    True    	 (dON-dOFF)/|dON+dOFF|: 18.98 	 cIDON = [2 7], cIDOFF = [2 7]
12:49:24,121 root DEBUG ===> #(dOFF_patch>dON_patch) = 1/1 = 100.00%
12:49:24,121 root DEBUG dOFF/dON = 1.5
12:49:24,121 root DEBUG {'CHOOSE_DX': 'along_decision_boundary', 'dxONAngle': 89.59898116400977, 'dON1': 0.07599988753094418, 'cIDON1': array([2, 7], dtype=int64), 'dON_patch_1': 0.07599988753094418, 'nTON': 1, 'dON': 0.07599988753094418, 'dxOFFAngle': 84.34013103890233, 'dOFF1': 0.11159629351600722, 'cIDOFF1': array([2, 7], dtype=int64), 'dOFF_patch_1': 0.11159629351600722, 'nTOFF': 1, 'dOFF': 0.11159629351600722, 'SUCCESS': True}
12:49:24,130 root DEBUG 

=================== Experiment ID #32 	 Dual Point ID: 57 ===================
12:49:24,156 root DEBUG CONTROL: 	 OK! 	 (target neuron output < tolerance: |5.854E-07|<1.000E-06)
12:49:24,156 root DEBUG CONTROL DUAL POINT: Check that target neuron output < tolerance ({tol:.3E}) at x_dual.
12:49:24,518 root DEBUG Side: ON	 Angle(dx0, dx): 9.20 deg 	 Angle(n, nold): 0.00 deg 	 Distance in patch: 5.585E-03 	 Total distance: 5.585E-03 	 Future toggles: 0 	 Past toggles: 1 	 Toggled: [[2, array([11], dtype=int64), array([[ True]])]] 	 class: [7 9]
12:49:24,732 root DEBUG Side: ON	 Angle(dx0, dx): 0.39 deg 	 Angle(n, nold): 0.00 deg 	 Distance in patch: 1.187E-02 	 Total distance: 1.745E-02 	 Future toggles: 0 	 Past toggles: 2 	 Toggled: [[2, array([192], dtype=int64), array([[False]])]] 	 class: [7 9]
12:49:24,976 root DEBUG Side: ON	 Angle(dx0, dx): 0.19 deg 	 Angle(n, nold): 0.10 deg 	 Distance in patch: 2.620E-03 	 Total distance: 2.007E-02 	 Future toggles: 0 	 Past toggles: 3 	 Toggled: [[1, array([19], dtype=int64), array([[ True]])]] 	 class: [7 9]
12:49:25,204 root DEBUG Side: ON	 Angle(dx0, dx): 4.83 deg 	 Angle(n, nold): 0.00 deg 	 Distance in patch: 4.923E-02 	 Total distance: 6.930E-02 	 Future toggles: 1 	 Past toggles: 1 	 Toggled: [[3, array([199], dtype=int64), array([[ True]])]] 	 class: [7 9]
12:49:25,598 root DEBUG Side: OFF	 Angle(dx0, dx): 3.63 deg 	 Angle(n, nold): 0.10 deg 	 Distance in patch: 8.456E-02 	 Total distance: 8.456E-02 	 Future toggles: 1 	 Past toggles: 1 	 Toggled: [[3, array([203], dtype=int64), array([[ True]])]] 	 class: [7 9]
12:49:25,598 root DEBUG Check patch-by-patch distances for success (dOFF_patch>dON_patch) and ratio (dOFF_patch/dON_patch):
12:49:25,598 root DEBUG 	 nT= 1  	 success?    True    	 (dON-dOFF)/|dON+dOFF|: 9.92 	 cIDON = [7 9], cIDOFF = [7 9]
12:49:25,598 root DEBUG ===> #(dOFF_patch>dON_patch) = 1/1 = 100.00%
12:49:25,598 root DEBUG dOFF/dON = 1.2
12:49:25,598 root DEBUG {'CHOOSE_DX': 'along_decision_boundary', 'dxONAngle': 62.111201861179325, 'dON1': 0.06930138417252096, 'cIDON1': array([7, 9], dtype=int64), 'dON_patch_1': 0.06930138417252096, 'nTON': 1, 'dON': 0.06930138417252096, 'dxOFFAngle': 75.308004457095, 'dOFF1': 0.08456224511137751, 'cIDOFF1': array([7, 9], dtype=int64), 'dOFF_patch_1': 0.08456224511137751, 'nTOFF': 1, 'dOFF': 0.08456224511137751, 'SUCCESS': True}
12:49:25,608 root DEBUG 

=================== Experiment ID #33 	 Dual Point ID: 58 ===================
12:49:25,636 root DEBUG CONTROL: 	 OK! 	 (target neuron output < tolerance: |1.068E-07|<1.000E-06)
12:49:25,636 root DEBUG CONTROL DUAL POINT: Check that target neuron output < tolerance ({tol:.3E}) at x_dual.
12:49:26,18 root DEBUG Side: ON	 Angle(dx0, dx): 5.87 deg 	 Angle(n, nold): 0.00 deg 	 Distance in patch: 5.374E-02 	 Total distance: 5.374E-02 	 Future toggles: 1 	 Past toggles: 1 	 Toggled: [[3, array([164], dtype=int64), array([[False]])]] 	 class: [3 9]
12:49:26,345 root DEBUG Side: OFF	 Angle(dx0, dx): 12.53 deg 	 Angle(n, nold): 0.00 deg 	 Distance in patch: 1.324E-01 	 Total distance: 1.324E-01 	 Future toggles: 1 	 Past toggles: 1 	 Toggled: [[3, array([191], dtype=int64), array([[ True]])]] 	 class: [3 9]
12:49:26,346 root DEBUG Check patch-by-patch distances for success (dOFF_patch>dON_patch) and ratio (dOFF_patch/dON_patch):
12:49:26,346 root DEBUG 	 nT= 1  	 success?    True    	 (dON-dOFF)/|dON+dOFF|: 42.27 	 cIDON = [3 9], cIDOFF = [3 9]
12:49:26,346 root DEBUG ===> #(dOFF_patch>dON_patch) = 1/1 = 100.00%
12:49:26,346 root DEBUG dOFF/dON = 2.5
12:49:26,346 root DEBUG {'CHOOSE_DX': 'along_decision_boundary', 'dxONAngle': 53.02087961716657, 'dON1': 0.05373673151481858, 'cIDON1': array([3, 9], dtype=int64), 'dON_patch_1': 0.05373673151481858, 'nTON': 1, 'dON': 0.05373673151481858, 'dxOFFAngle': 62.98520408809514, 'dOFF1': 0.13242348594028444, 'cIDOFF1': array([3, 9], dtype=int64), 'dOFF_patch_1': 0.13242348594028444, 'nTOFF': 1, 'dOFF': 0.13242348594028444, 'SUCCESS': True}
12:49:26,450 PIL.PngImagePlugin DEBUG STREAM b'IHDR' 16 13
12:49:26,451 PIL.PngImagePlugin DEBUG STREAM b'sBIT' 41 4
12:49:26,451 PIL.PngImagePlugin DEBUG b'sBIT' 41 4 (unknown)
12:49:26,451 PIL.PngImagePlugin DEBUG STREAM b'pHYs' 57 9
12:49:26,451 PIL.PngImagePlugin DEBUG STREAM b'IDAT' 78 1189
12:49:26,458 PIL.PngImagePlugin DEBUG STREAM b'IHDR' 16 13
12:49:26,458 PIL.PngImagePlugin DEBUG STREAM b'sBIT' 41 4
12:49:26,458 PIL.PngImagePlugin DEBUG b'sBIT' 41 4 (unknown)
12:49:26,459 PIL.PngImagePlugin DEBUG STREAM b'pHYs' 57 9
12:49:26,459 PIL.PngImagePlugin DEBUG STREAM b'IDAT' 78 2994
12:49:26,475 PIL.PngImagePlugin DEBUG STREAM b'IHDR' 16 13
12:49:26,476 PIL.PngImagePlugin DEBUG STREAM b'sBIT' 41 4
12:49:26,476 PIL.PngImagePlugin DEBUG b'sBIT' 41 4 (unknown)
12:49:26,476 PIL.PngImagePlugin DEBUG STREAM b'pHYs' 57 9
12:49:26,476 PIL.PngImagePlugin DEBUG STREAM b'IDAT' 78 696
12:49:26,479 PIL.PngImagePlugin DEBUG STREAM b'IHDR' 16 13
12:49:26,480 PIL.PngImagePlugin DEBUG STREAM b'sBIT' 41 4
12:49:26,480 PIL.PngImagePlugin DEBUG b'sBIT' 41 4 (unknown)
12:49:26,480 PIL.PngImagePlugin DEBUG STREAM b'pHYs' 57 9
12:49:26,480 PIL.PngImagePlugin DEBUG STREAM b'IDAT' 78 526
12:49:26,484 PIL.PngImagePlugin DEBUG STREAM b'IHDR' 16 13
12:49:26,484 PIL.PngImagePlugin DEBUG STREAM b'sBIT' 41 4
12:49:26,484 PIL.PngImagePlugin DEBUG b'sBIT' 41 4 (unknown)
12:49:26,484 PIL.PngImagePlugin DEBUG STREAM b'pHYs' 57 9
12:49:26,484 PIL.PngImagePlugin DEBUG STREAM b'IDAT' 78 499
12:49:26,488 PIL.PngImagePlugin DEBUG STREAM b'IHDR' 16 13
12:49:26,488 PIL.PngImagePlugin DEBUG STREAM b'sBIT' 41 4
12:49:26,488 PIL.PngImagePlugin DEBUG b'sBIT' 41 4 (unknown)
12:49:26,488 PIL.PngImagePlugin DEBUG STREAM b'pHYs' 57 9
12:49:26,488 PIL.PngImagePlugin DEBUG STREAM b'IDAT' 78 673
12:49:26,493 PIL.PngImagePlugin DEBUG STREAM b'IHDR' 16 13
12:49:26,493 PIL.PngImagePlugin DEBUG STREAM b'sBIT' 41 4
12:49:26,493 PIL.PngImagePlugin DEBUG b'sBIT' 41 4 (unknown)
12:49:26,493 PIL.PngImagePlugin DEBUG STREAM b'pHYs' 57 9
12:49:26,493 PIL.PngImagePlugin DEBUG STREAM b'IDAT' 78 922
12:49:26,496 PIL.PngImagePlugin DEBUG STREAM b'IHDR' 16 13
12:49:26,497 PIL.PngImagePlugin DEBUG STREAM b'sBIT' 41 4
12:49:26,497 PIL.PngImagePlugin DEBUG b'sBIT' 41 4 (unknown)
12:49:26,497 PIL.PngImagePlugin DEBUG STREAM b'pHYs' 57 9
12:49:26,497 PIL.PngImagePlugin DEBUG STREAM b'IDAT' 78 568
12:49:26,501 PIL.PngImagePlugin DEBUG STREAM b'IHDR' 16 13
12:49:26,501 PIL.PngImagePlugin DEBUG STREAM b'sBIT' 41 4
12:49:26,501 PIL.PngImagePlugin DEBUG b'sBIT' 41 4 (unknown)
12:49:26,501 PIL.PngImagePlugin DEBUG STREAM b'pHYs' 57 9
12:49:26,502 PIL.PngImagePlugin DEBUG STREAM b'IDAT' 78 626
