11:58:32,828 root DEBUG Check that model weights are dtype tf.float64: 	 <dtype: 'float64'>
11:58:32,829 root INFO eps: 1e-06
11:58:32,829 root INFO tol: 1e-06
11:58:32,830 root DEBUG Load dual points from file: ../data/dual_points_cifar10_3x256_64_10_float64.
11:58:32,845 root DEBUG 

=================== Experiment ID #0 	 Dual Point ID: 1 ===================
11:58:32,852 root DEBUG CONTROL: 	 OK! 	 (target neuron output < tolerance: |7.106E-08|<1.000E-06)
11:58:32,852 root DEBUG CONTROL DUAL POINT: Check that target neuron output < tolerance ({tol:.3E}) at x_dual.
11:58:33,183 root DEBUG Side: ON	 Angle(dx0, dx): 3.73 deg 	 Angle(n, nold): 0.00 deg 	 Distance in patch: 5.661E-02 	 Total distance: 5.661E-02 	 Future toggles: 1 	 Past toggles: 1 	 Toggled: [[2, array([254], dtype=int64), array([[ True]])]] 	 class: [7 9]
11:58:33,486 root DEBUG Side: OFF	 Angle(dx0, dx): 0.03 deg 	 Angle(n, nold): 0.00 deg 	 Distance in patch: 6.155E-03 	 Total distance: 6.155E-03 	 Future toggles: 0 	 Past toggles: 1 	 Toggled: [[1, array([53], dtype=int64), array([[ True]])]] 	 class: [7 9]
11:58:33,633 root DEBUG Side: OFF	 Angle(dx0, dx): 2.02 deg 	 Angle(n, nold): 0.00 deg 	 Distance in patch: 1.944E-02 	 Total distance: 2.559E-02 	 Future toggles: 1 	 Past toggles: 1 	 Toggled: [[3, array([39], dtype=int64), array([[False]])]] 	 class: [7 9]
11:58:33,633 root DEBUG Check patch-by-patch distances for success (dOFF_patch>dON_patch) and ratio (dOFF_patch/dON_patch):
11:58:33,633 root DEBUG 	 nT= 1  	 success?   False    	 (dON-dOFF)/|dON+dOFF|: -37.73 	 cIDON = [7 9], cIDOFF = [7 9]
11:58:33,633 root DEBUG ===> #(dOFF_patch>dON_patch) = 0/1 = 0.00%
11:58:33,634 root DEBUG dOFF/dON = 0.5
11:58:33,634 root DEBUG {'CHOOSE_DX': 'along_decision_boundary', 'dxONAngle': 80.02760939745991, 'dON1': 0.05660886913150717, 'cIDON1': array([7, 9], dtype=int64), 'dON_patch_1': 0.05660886913150717, 'nTON': 1, 'dON': 0.05660886913150717, 'dxOFFAngle': 82.1384961458561, 'dOFF1': 0.025594769600374847, 'cIDOFF1': array([7, 9], dtype=int64), 'dOFF_patch_1': 0.025594769600374847, 'nTOFF': 1, 'dOFF': 0.025594769600374847, 'SUCCESS': False}
11:58:33,639 root DEBUG 

=================== Experiment ID #1 	 Dual Point ID: 2 ===================
11:58:33,647 root DEBUG CONTROL: 	 OK! 	 (target neuron output < tolerance: |4.289E-07|<1.000E-06)
11:58:33,648 root DEBUG CONTROL DUAL POINT: Check that target neuron output < tolerance ({tol:.3E}) at x_dual.
11:58:33,889 root DEBUG Side: ON	 Angle(dx0, dx): 1.78 deg 	 Angle(n, nold): 0.00 deg 	 Distance in patch: 4.652E-02 	 Total distance: 4.652E-02 	 Future toggles: 1 	 Past toggles: 1 	 Toggled: [[3, array([153], dtype=int64), array([[ True]])]] 	 class: [2 7]
11:58:34,141 root DEBUG Side: OFF	 Angle(dx0, dx): 0.52 deg 	 Angle(n, nold): 0.00 deg 	 Distance in patch: 3.849E-02 	 Total distance: 3.849E-02 	 Future toggles: 1 	 Past toggles: 1 	 Toggled: [[3, array([128], dtype=int64), array([[ True]])]] 	 class: [2 7]
11:58:34,141 root DEBUG Check patch-by-patch distances for success (dOFF_patch>dON_patch) and ratio (dOFF_patch/dON_patch):
11:58:34,142 root DEBUG 	 nT= 1  	 success?   False    	 (dON-dOFF)/|dON+dOFF|: -9.44 	 cIDON = [2 7], cIDOFF = [2 7]
11:58:34,142 root DEBUG ===> #(dOFF_patch>dON_patch) = 0/1 = 0.00%
11:58:34,142 root DEBUG dOFF/dON = 0.8
11:58:34,142 root DEBUG {'CHOOSE_DX': 'along_decision_boundary', 'dxONAngle': 81.70635490483667, 'dON1': 0.04651762188710096, 'cIDON1': array([2, 7], dtype=int64), 'dON_patch_1': 0.04651762188710096, 'nTON': 1, 'dON': 0.04651762188710096, 'dxOFFAngle': 81.12910196622626, 'dOFF1': 0.03849060331757945, 'cIDOFF1': array([2, 7], dtype=int64), 'dOFF_patch_1': 0.03849060331757945, 'nTOFF': 1, 'dOFF': 0.03849060331757945, 'SUCCESS': False}
11:58:34,153 root DEBUG 

=================== Experiment ID #2 	 Dual Point ID: 3 ===================
11:58:34,161 root DEBUG CONTROL: 	 OK! 	 (target neuron output < tolerance: |1.587E-07|<1.000E-06)
11:58:34,161 root DEBUG CONTROL DUAL POINT: Check that target neuron output < tolerance ({tol:.3E}) at x_dual.
11:58:34,468 root DEBUG Side: ON	 Angle(dx0, dx): 4.48 deg 	 Angle(n, nold): 0.00 deg 	 Distance in patch: 2.340E-03 	 Total distance: 2.340E-03 	 Future toggles: 1 	 Past toggles: 1 	 Toggled: [[3, array([123], dtype=int64), array([[ True]])]] 	 class: [3 5]
11:58:34,693 root DEBUG Side: OFF	 Angle(dx0, dx): 0.13 deg 	 Angle(n, nold): 0.00 deg 	 Distance in patch: 2.749E-02 	 Total distance: 2.749E-02 	 Future toggles: 1 	 Past toggles: 1 	 Toggled: [[2, array([223], dtype=int64), array([[ True]])]] 	 class: [3 5]
11:58:34,694 root DEBUG Check patch-by-patch distances for success (dOFF_patch>dON_patch) and ratio (dOFF_patch/dON_patch):
11:58:34,694 root DEBUG 	 nT= 1  	 success?    True    	 (dON-dOFF)/|dON+dOFF|: 84.31 	 cIDON = [3 5], cIDOFF = [3 5]
11:58:34,694 root DEBUG ===> #(dOFF_patch>dON_patch) = 1/1 = 100.00%
11:58:34,694 root DEBUG dOFF/dON = 11.7
11:58:34,694 root DEBUG {'CHOOSE_DX': 'along_decision_boundary', 'dxONAngle': 89.3188019089799, 'dON1': 0.0023396713671001053, 'cIDON1': array([3, 5], dtype=int64), 'dON_patch_1': 0.0023396713671001053, 'nTON': 1, 'dON': 0.0023396713671001053, 'dxOFFAngle': 86.82321562026, 'dOFF1': 0.02748694723416511, 'cIDOFF1': array([3, 5], dtype=int64), 'dOFF_patch_1': 0.02748694723416511, 'nTOFF': 1, 'dOFF': 0.02748694723416511, 'SUCCESS': True}
11:58:34,704 root DEBUG 

=================== Experiment ID #3 	 Dual Point ID: 4 ===================
11:58:34,714 root DEBUG CONTROL: 	 OK! 	 (target neuron output < tolerance: |4.652E-07|<1.000E-06)
11:58:34,714 root DEBUG CONTROL DUAL POINT: Check that target neuron output < tolerance ({tol:.3E}) at x_dual.
11:58:35,41 root DEBUG Side: ON	 Angle(dx0, dx): 6.32 deg 	 Angle(n, nold): 0.00 deg 	 Distance in patch: 5.159E-02 	 Total distance: 5.159E-02 	 Future toggles: 1 	 Past toggles: 1 	 Toggled: [[4, array([48], dtype=int64), array([[False]])]] 	 class: [3 6]
11:58:35,335 root DEBUG Side: OFF	 Angle(dx0, dx): 0.46 deg 	 Angle(n, nold): 0.00 deg 	 Distance in patch: 9.503E-03 	 Total distance: 9.503E-03 	 Future toggles: 1 	 Past toggles: 1 	 Toggled: [[3, array([123], dtype=int64), array([[False]])]] 	 class: [3 6]
11:58:35,335 root DEBUG Check patch-by-patch distances for success (dOFF_patch>dON_patch) and ratio (dOFF_patch/dON_patch):
11:58:35,335 root DEBUG 	 nT= 1  	 success?   False    	 (dON-dOFF)/|dON+dOFF|: -68.89 	 cIDON = [3 6], cIDOFF = [3 6]
11:58:35,335 root DEBUG ===> #(dOFF_patch>dON_patch) = 0/1 = 0.00%
11:58:35,335 root DEBUG dOFF/dON = 0.2
11:58:35,335 root DEBUG {'CHOOSE_DX': 'along_decision_boundary', 'dxONAngle': 88.1193089200453, 'dON1': 0.05159357431717466, 'cIDON1': array([3, 6], dtype=int64), 'dON_patch_1': 0.05159357431717466, 'nTON': 1, 'dON': 0.05159357431717466, 'dxOFFAngle': 87.84139381098458, 'dOFF1': 0.009502920505997764, 'cIDOFF1': array([3, 6], dtype=int64), 'dOFF_patch_1': 0.009502920505997764, 'nTOFF': 1, 'dOFF': 0.009502920505997764, 'SUCCESS': False}
11:58:35,341 root DEBUG 

=================== Experiment ID #4 	 Dual Point ID: 5 ===================
11:58:35,351 root DEBUG CONTROL: 	 OK! 	 (target neuron output < tolerance: |3.281E-07|<1.000E-06)
11:58:35,351 root DEBUG CONTROL DUAL POINT: Check that target neuron output < tolerance ({tol:.3E}) at x_dual.
11:58:35,580 root DEBUG Side: ON	 Angle(dx0, dx): 0.21 deg 	 Angle(n, nold): 0.00 deg 	 Distance in patch: 4.377E-02 	 Total distance: 4.377E-02 	 Future toggles: 1 	 Past toggles: 1 	 Toggled: [[3, array([149], dtype=int64), array([[ True]])]] 	 class: [3 7]
11:58:35,803 root DEBUG Side: OFF	 Angle(dx0, dx): 0.24 deg 	 Angle(n, nold): 0.00 deg 	 Distance in patch: 5.724E-03 	 Total distance: 5.724E-03 	 Future toggles: 0 	 Past toggles: 1 	 Toggled: [[1, array([112], dtype=int64), array([[ True]])]] 	 class: [3 7]
11:58:35,990 root DEBUG Side: OFF	 Angle(dx0, dx): 0.10 deg 	 Angle(n, nold): 0.00 deg 	 Distance in patch: 8.327E-02 	 Total distance: 8.899E-02 	 Future toggles: 1 	 Past toggles: 1 	 Toggled: [[3, array([139], dtype=int64), array([[ True]])]] 	 class: [3 7]
11:58:35,991 root DEBUG Check patch-by-patch distances for success (dOFF_patch>dON_patch) and ratio (dOFF_patch/dON_patch):
11:58:35,991 root DEBUG 	 nT= 1  	 success?    True    	 (dON-dOFF)/|dON+dOFF|: 34.06 	 cIDON = [3 7], cIDOFF = [3 7]
11:58:35,991 root DEBUG ===> #(dOFF_patch>dON_patch) = 1/1 = 100.00%
11:58:35,991 root DEBUG dOFF/dON = 2.0
11:58:35,991 root DEBUG {'CHOOSE_DX': 'along_decision_boundary', 'dxONAngle': 86.17020425063053, 'dON1': 0.04377459762149694, 'cIDON1': array([3, 7], dtype=int64), 'dON_patch_1': 0.04377459762149694, 'nTON': 1, 'dON': 0.04377459762149694, 'dxOFFAngle': 86.43109207481173, 'dOFF1': 0.0889894899134396, 'cIDOFF1': array([3, 7], dtype=int64), 'dOFF_patch_1': 0.0889894899134396, 'nTOFF': 1, 'dOFF': 0.0889894899134396, 'SUCCESS': True}
11:58:35,997 root DEBUG 

=================== Experiment ID #5 	 Dual Point ID: 6 ===================
11:58:36,8 root DEBUG CONTROL: 	 OK! 	 (target neuron output < tolerance: |3.419E-07|<1.000E-06)
11:58:36,8 root DEBUG CONTROL DUAL POINT: Check that target neuron output < tolerance ({tol:.3E}) at x_dual.
11:58:36,263 root DEBUG Side: ON	 Angle(dx0, dx): 0.75 deg 	 Angle(n, nold): 0.00 deg 	 Distance in patch: 7.205E-02 	 Total distance: 7.205E-02 	 Future toggles: 0 	 Past toggles: 1 	 Toggled: [[1, array([197], dtype=int64), array([[ True]])]] 	 class: [3 7]
11:58:36,413 root DEBUG Side: ON	 Angle(dx0, dx): 0.00 deg 	 Angle(n, nold): 0.00 deg 	 Distance in patch: 1.983E-01 	 Total distance: 2.703E-01 	 Future toggles: 1 	 Past toggles: 1 	 Toggled: [[3, array([224], dtype=int64), array([[ True]])]] 	 class: [3 7]
11:58:36,664 root DEBUG Side: OFF	 Angle(dx0, dx): 0.04 deg 	 Angle(n, nold): 0.00 deg 	 Distance in patch: 1.153E-01 	 Total distance: 1.153E-01 	 Future toggles: 0 	 Past toggles: 1 	 Toggled: [[1, array([70], dtype=int64), array([[ True]])]] 	 class: [3 7]
11:58:36,797 root DEBUG Side: OFF	 Angle(dx0, dx): 1.65 deg 	 Angle(n, nold): 0.00 deg 	 Distance in patch: 1.732E-01 	 Total distance: 2.885E-01 	 Future toggles: 1 	 Past toggles: 1 	 Toggled: [[2, array([122], dtype=int64), array([[False]])]] 	 class: [3 7]
11:58:36,797 root DEBUG Check patch-by-patch distances for success (dOFF_patch>dON_patch) and ratio (dOFF_patch/dON_patch):
11:58:36,798 root DEBUG 	 nT= 1  	 success?    True    	 (dON-dOFF)/|dON+dOFF|: 3.26 	 cIDON = [3 7], cIDOFF = [3 7]
11:58:36,798 root DEBUG ===> #(dOFF_patch>dON_patch) = 1/1 = 100.00%
11:58:36,798 root DEBUG dOFF/dON = 1.1
11:58:36,798 root DEBUG {'CHOOSE_DX': 'along_decision_boundary', 'dxONAngle': 83.26688864185903, 'dON1': 0.27031087106447793, 'cIDON1': array([3, 7], dtype=int64), 'dON_patch_1': 0.27031087106447793, 'nTON': 1, 'dON': 0.27031087106447793, 'dxOFFAngle': 82.89549132345554, 'dOFF1': 0.2885187076724031, 'cIDOFF1': array([3, 7], dtype=int64), 'dOFF_patch_1': 0.2885187076724031, 'nTOFF': 1, 'dOFF': 0.2885187076724031, 'SUCCESS': True}
11:58:36,807 root DEBUG 

=================== Experiment ID #6 	 Dual Point ID: 7 ===================
11:58:36,819 root DEBUG CONTROL: 	 OK! 	 (target neuron output < tolerance: |8.463E-09|<1.000E-06)
11:58:36,819 root DEBUG CONTROL DUAL POINT: Check that target neuron output < tolerance ({tol:.3E}) at x_dual.
11:58:37,99 root DEBUG Side: ON	 Angle(dx0, dx): 0.37 deg 	 Angle(n, nold): 0.00 deg 	 Distance in patch: 5.457E-03 	 Total distance: 5.457E-03 	 Future toggles: 1 	 Past toggles: 1 	 Toggled: [[2, array([223], dtype=int64), array([[False]])]] 	 class: [0 1]
11:58:37,317 root DEBUG Side: OFF	 Angle(dx0, dx): 2.01 deg 	 Angle(n, nold): 0.00 deg 	 Distance in patch: 4.878E-03 	 Total distance: 4.878E-03 	 Future toggles: 1 	 Past toggles: 1 	 Toggled: [[2, array([88], dtype=int64), array([[ True]])]] 	 class: [0 1]
11:58:37,317 root DEBUG Check patch-by-patch distances for success (dOFF_patch>dON_patch) and ratio (dOFF_patch/dON_patch):
11:58:37,318 root DEBUG 	 nT= 1  	 success?   False    	 (dON-dOFF)/|dON+dOFF|: -5.60 	 cIDON = [0 1], cIDOFF = [0 1]
11:58:37,318 root DEBUG ===> #(dOFF_patch>dON_patch) = 0/1 = 0.00%
11:58:37,318 root DEBUG dOFF/dON = 0.9
11:58:37,318 root DEBUG {'CHOOSE_DX': 'along_decision_boundary', 'dxONAngle': 74.4746932657755, 'dON1': 0.005456885898751791, 'cIDON1': array([0, 1], dtype=int64), 'dON_patch_1': 0.005456885898751791, 'nTON': 1, 'dON': 0.005456885898751791, 'dxOFFAngle': 87.4880438406794, 'dOFF1': 0.004878137115488761, 'cIDOFF1': array([0, 1], dtype=int64), 'dOFF_patch_1': 0.004878137115488761, 'nTOFF': 1, 'dOFF': 0.004878137115488761, 'SUCCESS': False}
11:58:37,324 root DEBUG 

=================== Experiment ID #7 	 Dual Point ID: 8 ===================
11:58:37,333 root DEBUG CONTROL: 	 OK! 	 (target neuron output < tolerance: |5.130E-08|<1.000E-06)
11:58:37,333 root DEBUG CONTROL DUAL POINT: Check that target neuron output < tolerance ({tol:.3E}) at x_dual.
11:58:37,572 root DEBUG Side: ON	 Angle(dx0, dx): 0.20 deg 	 Angle(n, nold): 0.00 deg 	 Distance in patch: 8.388E-03 	 Total distance: 8.388E-03 	 Future toggles: 0 	 Past toggles: 1 	 Toggled: [[1, array([200], dtype=int64), array([[False]])]] 	 class: [3 6]
11:58:37,768 root DEBUG Side: ON	 Angle(dx0, dx): 7.21 deg 	 Angle(n, nold): 0.00 deg 	 Distance in patch: 5.358E-02 	 Total distance: 6.196E-02 	 Future toggles: 1 	 Past toggles: 1 	 Toggled: [[4, array([44], dtype=int64), array([[ True]])]] 	 class: [3 6]
11:58:38,138 root DEBUG Side: OFF	 Angle(dx0, dx): 1.42 deg 	 Angle(n, nold): 0.00 deg 	 Distance in patch: 2.811E-01 	 Total distance: 2.811E-01 	 Future toggles: 1 	 Past toggles: 1 	 Toggled: [[4, array([32], dtype=int64), array([[ True]])]] 	 class: [3 6]
11:58:38,139 root DEBUG Check patch-by-patch distances for success (dOFF_patch>dON_patch) and ratio (dOFF_patch/dON_patch):
11:58:38,139 root DEBUG 	 nT= 1  	 success?    True    	 (dON-dOFF)/|dON+dOFF|: 63.87 	 cIDON = [3 6], cIDOFF = [3 6]
11:58:38,139 root DEBUG ===> #(dOFF_patch>dON_patch) = 1/1 = 100.00%
11:58:38,139 root DEBUG dOFF/dON = 4.5
11:58:38,139 root DEBUG {'CHOOSE_DX': 'along_decision_boundary', 'dxONAngle': 84.06935180937212, 'dON1': 0.06196326152989307, 'cIDON1': array([3, 6], dtype=int64), 'dON_patch_1': 0.06196326152989307, 'nTON': 1, 'dON': 0.06196326152989307, 'dxOFFAngle': 89.87322868399501, 'dOFF1': 0.2810683147106968, 'cIDOFF1': array([3, 6], dtype=int64), 'dOFF_patch_1': 0.2810683147106968, 'nTOFF': 1, 'dOFF': 0.2810683147106968, 'SUCCESS': True}
11:58:38,149 root DEBUG 

=================== Experiment ID #8 	 Dual Point ID: 9 ===================
11:58:38,158 root DEBUG CONTROL: 	 OK! 	 (target neuron output < tolerance: |7.602E-08|<1.000E-06)
11:58:38,158 root DEBUG CONTROL DUAL POINT: Check that target neuron output < tolerance ({tol:.3E}) at x_dual.
11:58:38,435 root DEBUG Side: ON	 Angle(dx0, dx): 1.45 deg 	 Angle(n, nold): 0.00 deg 	 Distance in patch: 5.704E-03 	 Total distance: 5.704E-03 	 Future toggles: 1 	 Past toggles: 1 	 Toggled: [[4, array([6], dtype=int64), array([[False]])]] 	 class: [1 8]
11:58:38,686 root DEBUG Side: OFF	 Angle(dx0, dx): 4.43 deg 	 Angle(n, nold): 0.00 deg 	 Distance in patch: 5.433E-04 	 Total distance: 5.433E-04 	 Future toggles: 0 	 Past toggles: 1 	 Toggled: [[1, array([60], dtype=int64), array([[ True]])]] 	 class: [0 8]
11:58:38,848 root DEBUG Side: OFF	 Angle(dx0, dx): 0.03 deg 	 Angle(n, nold): 0.00 deg 	 Distance in patch: 1.124E-01 	 Total distance: 1.130E-01 	 Future toggles: 1 	 Past toggles: 1 	 Toggled: [[3, array([94], dtype=int64), array([[False]])]] 	 class: [0 8]
11:58:38,848 root DEBUG Check patch-by-patch distances for success (dOFF_patch>dON_patch) and ratio (dOFF_patch/dON_patch):
11:58:38,848 root DEBUG 	 nT= 1  	 success?    True    	 (dON-dOFF)/|dON+dOFF|: 90.39 	 cIDON = [1 8], cIDOFF = [0 8]
11:58:38,848 root DEBUG ===> #(dOFF_patch>dON_patch) = 1/1 = 100.00%
11:58:38,848 root DEBUG dOFF/dON = 19.8
11:58:38,848 root DEBUG {'CHOOSE_DX': 'along_decision_boundary', 'dxONAngle': 88.54578650979437, 'dON1': 0.00570363670550252, 'cIDON1': array([1, 8], dtype=int64), 'dON_patch_1': 0.00570363670550252, 'nTON': 1, 'dON': 0.00570363670550252, 'dxOFFAngle': 85.82274995638309, 'dOFF1': 0.1129799958446622, 'cIDOFF1': array([0, 8], dtype=int64), 'dOFF_patch_1': 0.1129799958446622, 'nTOFF': 1, 'dOFF': 0.1129799958446622, 'SUCCESS': True}
11:58:38,856 root DEBUG 

=================== Experiment ID #9 	 Dual Point ID: 10 ===================
11:58:38,864 root DEBUG CONTROL: 	 OK! 	 (target neuron output < tolerance: |1.555E-07|<1.000E-06)
11:58:38,864 root DEBUG CONTROL DUAL POINT: Check that target neuron output < tolerance ({tol:.3E}) at x_dual.
11:58:39,137 root DEBUG Side: ON	 Angle(dx0, dx): 0.10 deg 	 Angle(n, nold): 0.00 deg 	 Distance in patch: 4.054E-04 	 Total distance: 4.054E-04 	 Future toggles: 1 	 Past toggles: 1 	 Toggled: [[2, array([0], dtype=int64), array([[ True]])]] 	 class: [8 9]
11:58:39,384 root DEBUG Side: OFF	 Angle(dx0, dx): 0.02 deg 	 Angle(n, nold): 0.00 deg 	 Distance in patch: 2.124E-02 	 Total distance: 2.124E-02 	 Future toggles: 0 	 Past toggles: 1 	 Toggled: [[1, array([168], dtype=int64), array([[False]])]] 	 class: [8 9]
11:58:39,544 root DEBUG Side: OFF	 Angle(dx0, dx): 0.51 deg 	 Angle(n, nold): 0.00 deg 	 Distance in patch: 2.064E-02 	 Total distance: 4.188E-02 	 Future toggles: 1 	 Past toggles: 1 	 Toggled: [[2, array([129], dtype=int64), array([[ True]])]] 	 class: [8 9]
11:58:39,544 root DEBUG Check patch-by-patch distances for success (dOFF_patch>dON_patch) and ratio (dOFF_patch/dON_patch):
11:58:39,545 root DEBUG 	 nT= 1  	 success?    True    	 (dON-dOFF)/|dON+dOFF|: 98.08 	 cIDON = [8 9], cIDOFF = [8 9]
11:58:39,545 root DEBUG ===> #(dOFF_patch>dON_patch) = 1/1 = 100.00%
11:58:39,545 root DEBUG dOFF/dON = 103.3
11:58:39,545 root DEBUG {'CHOOSE_DX': 'along_decision_boundary', 'dxONAngle': 89.13349560697638, 'dON1': 0.00040540912770303046, 'cIDON1': array([8, 9], dtype=int64), 'dON_patch_1': 0.00040540912770303046, 'nTON': 1, 'dON': 0.00040540912770303046, 'dxOFFAngle': 84.53817326061971, 'dOFF1': 0.04188229946533467, 'cIDOFF1': array([8, 9], dtype=int64), 'dOFF_patch_1': 0.04188229946533467, 'nTOFF': 1, 'dOFF': 0.04188229946533467, 'SUCCESS': True}
11:58:39,557 root DEBUG 

=================== Experiment ID #10 	 Dual Point ID: 11 ===================
11:58:39,567 root DEBUG CONTROL: 	 OK! 	 (target neuron output < tolerance: |2.549E-07|<1.000E-06)
11:58:39,567 root DEBUG CONTROL DUAL POINT: Check that target neuron output < tolerance ({tol:.3E}) at x_dual.
11:58:39,855 root DEBUG Side: ON	 Angle(dx0, dx): 0.02 deg 	 Angle(n, nold): 0.00 deg 	 Distance in patch: 1.173E-03 	 Total distance: 1.173E-03 	 Future toggles: 1 	 Past toggles: 1 	 Toggled: [[3, array([193], dtype=int64), array([[ True]])]] 	 class: [6 9]
11:58:40,29 root DEBUG Side: OFF	 Angle(dx0, dx): 1.70 deg 	 Angle(n, nold): 0.00 deg 	 Distance in patch: 1.638E-01 	 Total distance: 1.638E-01 	 Future toggles: 1 	 Past toggles: 1 	 Toggled: [[3, array([78], dtype=int64), array([[ True]])]] 	 class: [6 9]
11:58:40,29 root DEBUG Check patch-by-patch distances for success (dOFF_patch>dON_patch) and ratio (dOFF_patch/dON_patch):
11:58:40,29 root DEBUG 	 nT= 1  	 success?    True    	 (dON-dOFF)/|dON+dOFF|: 98.58 	 cIDON = [6 9], cIDOFF = [6 9]
11:58:40,29 root DEBUG ===> #(dOFF_patch>dON_patch) = 1/1 = 100.00%
11:58:40,29 root DEBUG dOFF/dON = 139.6
11:58:40,29 root DEBUG {'CHOOSE_DX': 'along_decision_boundary', 'dxONAngle': 83.33168588829007, 'dON1': 0.001172854830158497, 'cIDON1': array([6, 9], dtype=int64), 'dON_patch_1': 0.001172854830158497, 'nTON': 1, 'dON': 0.001172854830158497, 'dxOFFAngle': 89.85293111177606, 'dOFF1': 0.16378244769835396, 'cIDOFF1': array([6, 9], dtype=int64), 'dOFF_patch_1': 0.16378244769835396, 'nTOFF': 1, 'dOFF': 0.16378244769835396, 'SUCCESS': True}
11:58:40,34 root DEBUG 

=================== Experiment ID #11 	 Dual Point ID: 12 ===================
11:58:40,43 root DEBUG CONTROL: 	 OK! 	 (target neuron output < tolerance: |5.294E-08|<1.000E-06)
11:58:40,43 root DEBUG CONTROL DUAL POINT: Check that target neuron output < tolerance ({tol:.3E}) at x_dual.
11:58:40,332 root DEBUG Side: ON	 Angle(dx0, dx): 5.28 deg 	 Angle(n, nold): 0.00 deg 	 Distance in patch: 7.591E-02 	 Total distance: 7.591E-02 	 Future toggles: 1 	 Past toggles: 1 	 Toggled: [[2, array([116], dtype=int64), array([[ True]])]] 	 class: [1 2]
11:58:40,604 root DEBUG Side: OFF	 Angle(dx0, dx): 1.44 deg 	 Angle(n, nold): 0.00 deg 	 Distance in patch: 9.512E-02 	 Total distance: 9.512E-02 	 Future toggles: 1 	 Past toggles: 1 	 Toggled: [[2, array([65], dtype=int64), array([[ True]])]] 	 class: [0 2]
11:58:40,604 root DEBUG Check patch-by-patch distances for success (dOFF_patch>dON_patch) and ratio (dOFF_patch/dON_patch):
11:58:40,604 root DEBUG 	 nT= 1  	 success?    True    	 (dON-dOFF)/|dON+dOFF|: 11.23 	 cIDON = [1 2], cIDOFF = [0 2]
11:58:40,604 root DEBUG ===> #(dOFF_patch>dON_patch) = 1/1 = 100.00%
11:58:40,604 root DEBUG dOFF/dON = 1.3
11:58:40,604 root DEBUG {'CHOOSE_DX': 'along_decision_boundary', 'dxONAngle': 78.88920465508167, 'dON1': 0.07591472163334986, 'cIDON1': array([1, 2], dtype=int64), 'dON_patch_1': 0.07591472163334986, 'nTON': 1, 'dON': 0.07591472163334986, 'dxOFFAngle': 83.81184875137713, 'dOFF1': 0.09512202888745017, 'cIDOFF1': array([0, 2], dtype=int64), 'dOFF_patch_1': 0.09512202888745017, 'nTOFF': 1, 'dOFF': 0.09512202888745017, 'SUCCESS': True}
11:58:40,610 root DEBUG 

=================== Experiment ID #12 	 Dual Point ID: 13 ===================
11:58:40,617 root DEBUG CONTROL: 	 OK! 	 (target neuron output < tolerance: |5.279E-07|<1.000E-06)
11:58:40,617 root DEBUG CONTROL DUAL POINT: Check that target neuron output < tolerance ({tol:.3E}) at x_dual.
11:58:40,894 root DEBUG Side: ON	 Angle(dx0, dx): 3.03 deg 	 Angle(n, nold): 0.00 deg 	 Distance in patch: 1.258E-03 	 Total distance: 1.258E-03 	 Future toggles: 1 	 Past toggles: 1 	 Toggled: [[4, array([63], dtype=int64), array([[ True]])]] 	 class: [0 1]
11:58:41,66 root DEBUG Side: OFF	 Angle(dx0, dx): 1.89 deg 	 Angle(n, nold): 0.00 deg 	 Distance in patch: 8.723E-02 	 Total distance: 8.723E-02 	 Future toggles: 1 	 Past toggles: 1 	 Toggled: [[2, array([124], dtype=int64), array([[False]])]] 	 class: [0 1]
11:58:41,66 root DEBUG Check patch-by-patch distances for success (dOFF_patch>dON_patch) and ratio (dOFF_patch/dON_patch):
11:58:41,67 root DEBUG 	 nT= 1  	 success?    True    	 (dON-dOFF)/|dON+dOFF|: 97.16 	 cIDON = [0 1], cIDOFF = [0 1]
11:58:41,67 root DEBUG ===> #(dOFF_patch>dON_patch) = 1/1 = 100.00%
11:58:41,67 root DEBUG dOFF/dON = 69.4
11:58:41,67 root DEBUG {'CHOOSE_DX': 'along_decision_boundary', 'dxONAngle': 74.40629428738357, 'dON1': 0.0012578384377701503, 'cIDON1': array([0, 1], dtype=int64), 'dON_patch_1': 0.0012578384377701503, 'nTON': 1, 'dON': 0.0012578384377701503, 'dxOFFAngle': 80.57190552029488, 'dOFF1': 0.0872335150893772, 'cIDOFF1': array([0, 1], dtype=int64), 'dOFF_patch_1': 0.0872335150893772, 'nTOFF': 1, 'dOFF': 0.0872335150893772, 'SUCCESS': True}
11:58:41,73 root DEBUG 

=================== Experiment ID #13 	 Dual Point ID: 14 ===================
11:58:41,82 root DEBUG CONTROL: 	 OK! 	 (target neuron output < tolerance: |3.718E-07|<1.000E-06)
11:58:41,82 root DEBUG CONTROL DUAL POINT: Check that target neuron output < tolerance ({tol:.3E}) at x_dual.
11:58:41,400 root DEBUG Side: ON	 Angle(dx0, dx): 0.00 deg 	 Angle(n, nold): 0.00 deg 	 Distance in patch: 1.345E-01 	 Total distance: 1.345E-01 	 Future toggles: 1 	 Past toggles: 1 	 Toggled: [[3, array([38], dtype=int64), array([[ True]])]] 	 class: [3 5]
11:58:41,598 root DEBUG Side: OFF	 Angle(dx0, dx): 0.27 deg 	 Angle(n, nold): 0.00 deg 	 Distance in patch: 5.752E-03 	 Total distance: 5.752E-03 	 Future toggles: 1 	 Past toggles: 1 	 Toggled: [[2, array([195], dtype=int64), array([[False]])]] 	 class: [3 5]
11:58:41,598 root DEBUG Check patch-by-patch distances for success (dOFF_patch>dON_patch) and ratio (dOFF_patch/dON_patch):
11:58:41,598 root DEBUG 	 nT= 1  	 success?   False    	 (dON-dOFF)/|dON+dOFF|: -91.80 	 cIDON = [3 5], cIDOFF = [3 5]
11:58:41,599 root DEBUG ===> #(dOFF_patch>dON_patch) = 0/1 = 0.00%
11:58:41,599 root DEBUG dOFF/dON = 0.0
11:58:41,599 root DEBUG {'CHOOSE_DX': 'along_decision_boundary', 'dxONAngle': 88.89381967698209, 'dON1': 0.13450999322687535, 'cIDON1': array([3, 5], dtype=int64), 'dON_patch_1': 0.13450999322687535, 'nTON': 1, 'dON': 0.13450999322687535, 'dxOFFAngle': 89.3052043810831, 'dOFF1': 0.005751684811728503, 'cIDOFF1': array([3, 5], dtype=int64), 'dOFF_patch_1': 0.005751684811728503, 'nTOFF': 1, 'dOFF': 0.005751684811728503, 'SUCCESS': False}
11:58:41,610 root DEBUG 

=================== Experiment ID #14 	 Dual Point ID: 15 ===================
11:58:41,622 root DEBUG CONTROL: 	 OK! 	 (target neuron output < tolerance: |3.241E-07|<1.000E-06)
11:58:41,622 root DEBUG CONTROL DUAL POINT: Check that target neuron output < tolerance ({tol:.3E}) at x_dual.
11:58:41,833 root DEBUG Side: ON	 Angle(dx0, dx): 3.97 deg 	 Angle(n, nold): 0.00 deg 	 Distance in patch: 5.494E-02 	 Total distance: 5.494E-02 	 Future toggles: 1 	 Past toggles: 1 	 Toggled: [[3, array([135], dtype=int64), array([[False]])]] 	 class: [5 6]
11:58:42,97 root DEBUG Side: OFF	 Angle(dx0, dx): 3.33 deg 	 Angle(n, nold): 0.00 deg 	 Distance in patch: 7.412E-02 	 Total distance: 7.412E-02 	 Future toggles: 1 	 Past toggles: 1 	 Toggled: [[2, array([236], dtype=int64), array([[False]])]] 	 class: [5 6]
11:58:42,97 root DEBUG Check patch-by-patch distances for success (dOFF_patch>dON_patch) and ratio (dOFF_patch/dON_patch):
11:58:42,97 root DEBUG 	 nT= 1  	 success?    True    	 (dON-dOFF)/|dON+dOFF|: 14.86 	 cIDON = [5 6], cIDOFF = [5 6]
11:58:42,97 root DEBUG ===> #(dOFF_patch>dON_patch) = 1/1 = 100.00%
11:58:42,98 root DEBUG dOFF/dON = 1.3
11:58:42,98 root DEBUG {'CHOOSE_DX': 'along_decision_boundary', 'dxONAngle': 70.20290231044832, 'dON1': 0.05493960986796146, 'cIDON1': array([5, 6], dtype=int64), 'dON_patch_1': 0.05493960986796146, 'nTON': 1, 'dON': 0.05493960986796146, 'dxOFFAngle': 79.69119751784761, 'dOFF1': 0.07411969978396421, 'cIDOFF1': array([5, 6], dtype=int64), 'dOFF_patch_1': 0.07411969978396421, 'nTOFF': 1, 'dOFF': 0.07411969978396421, 'SUCCESS': True}
11:58:42,108 root DEBUG 

=================== Experiment ID #15 	 Dual Point ID: 16 ===================
11:58:42,119 root DEBUG CONTROL: 	 OK! 	 (target neuron output < tolerance: |1.123E-08|<1.000E-06)
11:58:42,119 root DEBUG CONTROL DUAL POINT: Check that target neuron output < tolerance ({tol:.3E}) at x_dual.
11:58:42,346 root DEBUG Side: ON	 Angle(dx0, dx): 4.09 deg 	 Angle(n, nold): 0.00 deg 	 Distance in patch: 3.779E-02 	 Total distance: 3.779E-02 	 Future toggles: 1 	 Past toggles: 1 	 Toggled: [[2, array([230], dtype=int64), array([[False]])]] 	 class: [2 9]
11:58:42,618 root DEBUG Side: OFF	 Angle(dx0, dx): 0.04 deg 	 Angle(n, nold): 0.00 deg 	 Distance in patch: 8.325E-03 	 Total distance: 8.325E-03 	 Future toggles: 0 	 Past toggles: 1 	 Toggled: [[1, array([3], dtype=int64), array([[False]])]] 	 class: [2 9]
11:58:42,786 root DEBUG Side: OFF	 Angle(dx0, dx): 1.87 deg 	 Angle(n, nold): 0.00 deg 	 Distance in patch: 4.689E-03 	 Total distance: 1.301E-02 	 Future toggles: 1 	 Past toggles: 1 	 Toggled: [[3, array([53], dtype=int64), array([[ True]])]] 	 class: [2 9]
11:58:42,787 root DEBUG Check patch-by-patch distances for success (dOFF_patch>dON_patch) and ratio (dOFF_patch/dON_patch):
11:58:42,787 root DEBUG 	 nT= 1  	 success?   False    	 (dON-dOFF)/|dON+dOFF|: -48.77 	 cIDON = [2 9], cIDOFF = [2 9]
11:58:42,787 root DEBUG ===> #(dOFF_patch>dON_patch) = 0/1 = 0.00%
11:58:42,787 root DEBUG dOFF/dON = 0.3
11:58:42,787 root DEBUG {'CHOOSE_DX': 'along_decision_boundary', 'dxONAngle': 78.44769968230742, 'dON1': 0.03779463958937003, 'cIDON1': array([2, 9], dtype=int64), 'dON_patch_1': 0.03779463958937003, 'nTON': 1, 'dON': 0.03779463958937003, 'dxOFFAngle': 83.35814806555942, 'dOFF1': 0.013013727420244727, 'cIDOFF1': array([2, 9], dtype=int64), 'dOFF_patch_1': 0.013013727420244727, 'nTOFF': 1, 'dOFF': 0.013013727420244727, 'SUCCESS': False}
11:58:42,796 root DEBUG 

=================== Experiment ID #16 	 Dual Point ID: 17 ===================
11:58:42,803 root DEBUG CONTROL: 	 OK! 	 (target neuron output < tolerance: |9.305E-08|<1.000E-06)
11:58:42,803 root DEBUG CONTROL DUAL POINT: Check that target neuron output < tolerance ({tol:.3E}) at x_dual.
11:58:43,62 root DEBUG Side: ON	 Angle(dx0, dx): 0.06 deg 	 Angle(n, nold): 0.00 deg 	 Distance in patch: 3.769E-03 	 Total distance: 3.769E-03 	 Future toggles: 1 	 Past toggles: 1 	 Toggled: [[2, array([32], dtype=int64), array([[False]])]] 	 class: [0 4]
11:58:43,336 root DEBUG Side: OFF	 Angle(dx0, dx): 0.15 deg 	 Angle(n, nold): 0.00 deg 	 Distance in patch: 5.563E-03 	 Total distance: 5.563E-03 	 Future toggles: 1 	 Past toggles: 1 	 Toggled: [[2, array([32], dtype=int64), array([[False]])]] 	 class: [1 4]
11:58:43,336 root DEBUG Check patch-by-patch distances for success (dOFF_patch>dON_patch) and ratio (dOFF_patch/dON_patch):
11:58:43,336 root DEBUG 	 nT= 1  	 success?    True    	 (dON-dOFF)/|dON+dOFF|: 19.23 	 cIDON = [0 4], cIDOFF = [1 4]
11:58:43,337 root DEBUG ===> #(dOFF_patch>dON_patch) = 1/1 = 100.00%
11:58:43,337 root DEBUG dOFF/dON = 1.5
11:58:43,337 root DEBUG {'CHOOSE_DX': 'along_decision_boundary', 'dxONAngle': 86.86164924267247, 'dON1': 0.003768760411585166, 'cIDON1': array([0, 4], dtype=int64), 'dON_patch_1': 0.003768760411585166, 'nTON': 1, 'dON': 0.003768760411585166, 'dxOFFAngle': 84.6349695786055, 'dOFF1': 0.005563001544849271, 'cIDOFF1': array([1, 4], dtype=int64), 'dOFF_patch_1': 0.005563001544849271, 'nTOFF': 1, 'dOFF': 0.005563001544849271, 'SUCCESS': True}
11:58:43,345 root DEBUG 

=================== Experiment ID #17 	 Dual Point ID: 18 ===================
11:58:43,354 root DEBUG CONTROL: 	 OK! 	 (target neuron output < tolerance: |9.165E-08|<1.000E-06)
11:58:43,354 root DEBUG CONTROL DUAL POINT: Check that target neuron output < tolerance ({tol:.3E}) at x_dual.
11:58:43,670 root DEBUG Side: ON	 Angle(dx0, dx): 5.21 deg 	 Angle(n, nold): 0.00 deg 	 Distance in patch: 1.569E-03 	 Total distance: 1.569E-03 	 Future toggles: 1 	 Past toggles: 1 	 Toggled: [[3, array([45], dtype=int64), array([[ True]])]] 	 class: [0 9]
11:58:43,882 root DEBUG Side: OFF	 Angle(dx0, dx): 0.51 deg 	 Angle(n, nold): 0.00 deg 	 Distance in patch: 1.578E-03 	 Total distance: 1.578E-03 	 Future toggles: 0 	 Past toggles: 1 	 Toggled: [[1, array([251], dtype=int64), array([[ True]])]] 	 class: [1 9]
11:58:44,27 root DEBUG Side: OFF	 Angle(dx0, dx): 2.35 deg 	 Angle(n, nold): 0.00 deg 	 Distance in patch: 1.080E-01 	 Total distance: 1.096E-01 	 Future toggles: 1 	 Past toggles: 1 	 Toggled: [[2, array([1], dtype=int64), array([[False]])]] 	 class: [1 9]
11:58:44,27 root DEBUG Check patch-by-patch distances for success (dOFF_patch>dON_patch) and ratio (dOFF_patch/dON_patch):
11:58:44,28 root DEBUG 	 nT= 1  	 success?    True    	 (dON-dOFF)/|dON+dOFF|: 97.18 	 cIDON = [0 9], cIDOFF = [1 9]
11:58:44,28 root DEBUG ===> #(dOFF_patch>dON_patch) = 1/1 = 100.00%
11:58:44,28 root DEBUG dOFF/dON = 69.9
11:58:44,28 root DEBUG {'CHOOSE_DX': 'along_decision_boundary', 'dxONAngle': 67.98985443438174, 'dON1': 0.001569241661227052, 'cIDON1': array([0, 9], dtype=int64), 'dON_patch_1': 0.001569241661227052, 'nTON': 1, 'dON': 0.001569241661227052, 'dxOFFAngle': 84.44435713516401, 'dOFF1': 0.10961437555887317, 'cIDOFF1': array([1, 9], dtype=int64), 'dOFF_patch_1': 0.10961437555887317, 'nTOFF': 1, 'dOFF': 0.10961437555887317, 'SUCCESS': True}
11:58:44,36 root DEBUG 

=================== Experiment ID #18 	 Dual Point ID: 19 ===================
11:58:44,46 root DEBUG CONTROL: 	 OK! 	 (target neuron output < tolerance: |4.601E-07|<1.000E-06)
11:58:44,46 root DEBUG CONTROL DUAL POINT: Check that target neuron output < tolerance ({tol:.3E}) at x_dual.
11:58:44,269 root DEBUG Side: ON	 Angle(dx0, dx): 4.75 deg 	 Angle(n, nold): 0.00 deg 	 Distance in patch: 8.217E-03 	 Total distance: 8.217E-03 	 Future toggles: 1 	 Past toggles: 1 	 Toggled: [[4, array([17], dtype=int64), array([[False]])]] 	 class: [3 7]
11:58:44,583 root DEBUG Side: OFF	 Angle(dx0, dx): 0.36 deg 	 Angle(n, nold): 0.00 deg 	 Distance in patch: 6.197E-02 	 Total distance: 6.197E-02 	 Future toggles: 1 	 Past toggles: 1 	 Toggled: [[3, array([234], dtype=int64), array([[False]])]] 	 class: [3 7]
11:58:44,584 root DEBUG Check patch-by-patch distances for success (dOFF_patch>dON_patch) and ratio (dOFF_patch/dON_patch):
11:58:44,584 root DEBUG 	 nT= 1  	 success?    True    	 (dON-dOFF)/|dON+dOFF|: 76.59 	 cIDON = [3 7], cIDOFF = [3 7]
11:58:44,584 root DEBUG ===> #(dOFF_patch>dON_patch) = 1/1 = 100.00%
11:58:44,584 root DEBUG dOFF/dON = 7.5
11:58:44,584 root DEBUG {'CHOOSE_DX': 'along_decision_boundary', 'dxONAngle': 89.22690840241162, 'dON1': 0.008217161333367931, 'cIDON1': array([3, 7], dtype=int64), 'dON_patch_1': 0.008217161333367931, 'nTON': 1, 'dON': 0.008217161333367931, 'dxOFFAngle': 82.83651921894366, 'dOFF1': 0.061973807384572005, 'cIDOFF1': array([3, 7], dtype=int64), 'dOFF_patch_1': 0.061973807384572005, 'nTOFF': 1, 'dOFF': 0.061973807384572005, 'SUCCESS': True}
11:58:44,590 root DEBUG 

=================== Experiment ID #19 	 Dual Point ID: 20 ===================
11:58:44,596 root DEBUG CONTROL: 	 OK! 	 (target neuron output < tolerance: |2.476E-07|<1.000E-06)
11:58:44,597 root DEBUG CONTROL DUAL POINT: Check that target neuron output < tolerance ({tol:.3E}) at x_dual.
11:58:44,816 root DEBUG Side: ON	 Angle(dx0, dx): 2.76 deg 	 Angle(n, nold): 0.00 deg 	 Distance in patch: 7.325E-02 	 Total distance: 7.325E-02 	 Future toggles: 1 	 Past toggles: 1 	 Toggled: [[2, array([237], dtype=int64), array([[ True]])]] 	 class: [3 4]
11:58:45,25 root DEBUG Side: OFF	 Angle(dx0, dx): 0.09 deg 	 Angle(n, nold): 0.00 deg 	 Distance in patch: 8.290E-02 	 Total distance: 8.290E-02 	 Future toggles: 1 	 Past toggles: 1 	 Toggled: [[3, array([80], dtype=int64), array([[ True]])]] 	 class: [3 4]
11:58:45,26 root DEBUG Check patch-by-patch distances for success (dOFF_patch>dON_patch) and ratio (dOFF_patch/dON_patch):
11:58:45,26 root DEBUG 	 nT= 1  	 success?    True    	 (dON-dOFF)/|dON+dOFF|: 6.18 	 cIDON = [3 4], cIDOFF = [3 4]
11:58:45,26 root DEBUG ===> #(dOFF_patch>dON_patch) = 1/1 = 100.00%
11:58:45,26 root DEBUG dOFF/dON = 1.1
11:58:45,26 root DEBUG {'CHOOSE_DX': 'along_decision_boundary', 'dxONAngle': 73.37180945553527, 'dON1': 0.0732530315537082, 'cIDON1': array([3, 4], dtype=int64), 'dON_patch_1': 0.0732530315537082, 'nTON': 1, 'dON': 0.0732530315537082, 'dxOFFAngle': 81.38831142070791, 'dOFF1': 0.08290494659904671, 'cIDOFF1': array([3, 4], dtype=int64), 'dOFF_patch_1': 0.08290494659904671, 'nTOFF': 1, 'dOFF': 0.08290494659904671, 'SUCCESS': True}
11:58:45,33 root DEBUG 

=================== Experiment ID #20 	 Dual Point ID: 21 ===================
11:58:45,40 root DEBUG CONTROL: 	 OK! 	 (target neuron output < tolerance: |1.872E-08|<1.000E-06)
11:58:45,40 root DEBUG CONTROL DUAL POINT: Check that target neuron output < tolerance ({tol:.3E}) at x_dual.
11:58:45,271 root DEBUG Side: ON	 Angle(dx0, dx): 0.86 deg 	 Angle(n, nold): 0.00 deg 	 Distance in patch: 1.021E-02 	 Total distance: 1.021E-02 	 Future toggles: 1 	 Past toggles: 1 	 Toggled: [[3, array([167], dtype=int64), array([[ True]])]] 	 class: [3 7]
11:58:45,488 root DEBUG Side: OFF	 Angle(dx0, dx): 0.81 deg 	 Angle(n, nold): 0.00 deg 	 Distance in patch: 2.373E-02 	 Total distance: 2.373E-02 	 Future toggles: 1 	 Past toggles: 1 	 Toggled: [[2, array([61], dtype=int64), array([[ True]])]] 	 class: [3 7]
11:58:45,488 root DEBUG Check patch-by-patch distances for success (dOFF_patch>dON_patch) and ratio (dOFF_patch/dON_patch):
11:58:45,488 root DEBUG 	 nT= 1  	 success?    True    	 (dON-dOFF)/|dON+dOFF|: 39.83 	 cIDON = [3 7], cIDOFF = [3 7]
11:58:45,488 root DEBUG ===> #(dOFF_patch>dON_patch) = 1/1 = 100.00%
11:58:45,488 root DEBUG dOFF/dON = 2.3
11:58:45,489 root DEBUG {'CHOOSE_DX': 'along_decision_boundary', 'dxONAngle': 63.27322364626128, 'dON1': 0.010211344699017943, 'cIDON1': array([3, 7], dtype=int64), 'dON_patch_1': 0.010211344699017943, 'nTON': 1, 'dON': 0.010211344699017943, 'dxOFFAngle': 72.91694726957786, 'dOFF1': 0.0237296436359444, 'cIDOFF1': array([3, 7], dtype=int64), 'dOFF_patch_1': 0.0237296436359444, 'nTOFF': 1, 'dOFF': 0.0237296436359444, 'SUCCESS': True}
11:58:45,500 root DEBUG 

=================== Experiment ID #21 	 Dual Point ID: 22 ===================
11:58:45,506 root DEBUG CONTROL: 	 OK! 	 (target neuron output < tolerance: |3.436E-08|<1.000E-06)
11:58:45,506 root DEBUG CONTROL DUAL POINT: Check that target neuron output < tolerance ({tol:.3E}) at x_dual.
11:58:45,744 root DEBUG Side: ON	 Angle(dx0, dx): 2.45 deg 	 Angle(n, nold): 0.00 deg 	 Distance in patch: 5.724E-03 	 Total distance: 5.724E-03 	 Future toggles: 1 	 Past toggles: 1 	 Toggled: [[3, array([173], dtype=int64), array([[ True]])]] 	 class: [6 7]
11:58:45,998 root DEBUG Side: OFF	 Angle(dx0, dx): 0.61 deg 	 Angle(n, nold): 0.00 deg 	 Distance in patch: 5.876E-02 	 Total distance: 5.876E-02 	 Future toggles: 1 	 Past toggles: 1 	 Toggled: [[4, array([40], dtype=int64), array([[ True]])]] 	 class: [6 7]
11:58:45,998 root DEBUG Check patch-by-patch distances for success (dOFF_patch>dON_patch) and ratio (dOFF_patch/dON_patch):
11:58:45,999 root DEBUG 	 nT= 1  	 success?    True    	 (dON-dOFF)/|dON+dOFF|: 82.25 	 cIDON = [6 7], cIDOFF = [6 7]
11:58:45,999 root DEBUG ===> #(dOFF_patch>dON_patch) = 1/1 = 100.00%
11:58:45,999 root DEBUG dOFF/dON = 10.3
11:58:45,999 root DEBUG {'CHOOSE_DX': 'along_decision_boundary', 'dxONAngle': 71.22708593860426, 'dON1': 0.005723733720169392, 'cIDON1': array([6, 7], dtype=int64), 'dON_patch_1': 0.005723733720169392, 'nTON': 1, 'dON': 0.005723733720169392, 'dxOFFAngle': 78.05938645490252, 'dOFF1': 0.05875783510758241, 'cIDOFF1': array([6, 7], dtype=int64), 'dOFF_patch_1': 0.05875783510758241, 'nTOFF': 1, 'dOFF': 0.05875783510758241, 'SUCCESS': True}
11:58:46,9 root DEBUG 

=================== Experiment ID #22 	 Dual Point ID: 23 ===================
11:58:46,17 root DEBUG CONTROL: 	 OK! 	 (target neuron output < tolerance: |8.414E-08|<1.000E-06)
11:58:46,17 root DEBUG CONTROL DUAL POINT: Check that target neuron output < tolerance ({tol:.3E}) at x_dual.
11:58:46,320 root DEBUG Side: ON	 Angle(dx0, dx): 0.02 deg 	 Angle(n, nold): 0.00 deg 	 Distance in patch: 7.438E-03 	 Total distance: 7.438E-03 	 Future toggles: 1 	 Past toggles: 1 	 Toggled: [[2, array([0], dtype=int64), array([[ True]])]] 	 class: [2 4]
11:58:46,552 root DEBUG Side: OFF	 Angle(dx0, dx): 0.47 deg 	 Angle(n, nold): 0.00 deg 	 Distance in patch: 1.558E-01 	 Total distance: 1.558E-01 	 Future toggles: 1 	 Past toggles: 1 	 Toggled: [[4, array([1], dtype=int64), array([[False]])]] 	 class: [2 4]
11:58:46,552 root DEBUG Check patch-by-patch distances for success (dOFF_patch>dON_patch) and ratio (dOFF_patch/dON_patch):
11:58:46,553 root DEBUG 	 nT= 1  	 success?    True    	 (dON-dOFF)/|dON+dOFF|: 90.88 	 cIDON = [2 4], cIDOFF = [2 4]
11:58:46,553 root DEBUG ===> #(dOFF_patch>dON_patch) = 1/1 = 100.00%
11:58:46,553 root DEBUG dOFF/dON = 20.9
11:58:46,553 root DEBUG {'CHOOSE_DX': 'along_decision_boundary', 'dxONAngle': 73.50653750851936, 'dON1': 0.00743829420282029, 'cIDON1': array([2, 4], dtype=int64), 'dON_patch_1': 0.00743829420282029, 'nTON': 1, 'dON': 0.00743829420282029, 'dxOFFAngle': 82.85175754263771, 'dOFF1': 0.15576017311949095, 'cIDOFF1': array([2, 4], dtype=int64), 'dOFF_patch_1': 0.15576017311949095, 'nTOFF': 1, 'dOFF': 0.15576017311949095, 'SUCCESS': True}
11:58:46,561 root DEBUG 

=================== Experiment ID #23 	 Dual Point ID: 24 ===================
11:58:46,568 root DEBUG CONTROL: 	 OK! 	 (target neuron output < tolerance: |1.256E-07|<1.000E-06)
11:58:46,568 root DEBUG CONTROL DUAL POINT: Check that target neuron output < tolerance ({tol:.3E}) at x_dual.
11:58:46,810 root DEBUG Side: ON	 Angle(dx0, dx): 6.84 deg 	 Angle(n, nold): 0.00 deg 	 Distance in patch: 2.362E-02 	 Total distance: 2.362E-02 	 Future toggles: 1 	 Past toggles: 1 	 Toggled: [[4, array([56], dtype=int64), array([[False]])]] 	 class: [5 6]
11:58:47,81 root DEBUG Side: OFF	 Angle(dx0, dx): 1.76 deg 	 Angle(n, nold): 0.00 deg 	 Distance in patch: 3.478E-03 	 Total distance: 3.478E-03 	 Future toggles: 0 	 Past toggles: 1 	 Toggled: [[1, array([119], dtype=int64), array([[ True]])]] 	 class: [5 6]
11:58:47,302 root DEBUG Side: OFF	 Angle(dx0, dx): 0.51 deg 	 Angle(n, nold): 0.00 deg 	 Distance in patch: 9.910E-02 	 Total distance: 1.026E-01 	 Future toggles: 0 	 Past toggles: 2 	 Toggled: [[1, array([56], dtype=int64), array([[False]])]] 	 class: [5 6]
11:58:47,441 root DEBUG Side: OFF	 Angle(dx0, dx): 0.34 deg 	 Angle(n, nold): 0.00 deg 	 Distance in patch: 1.494E-01 	 Total distance: 2.519E-01 	 Future toggles: 1 	 Past toggles: 1 	 Toggled: [[3, array([72], dtype=int64), array([[ True]])]] 	 class: [5 6]
11:58:47,441 root DEBUG Check patch-by-patch distances for success (dOFF_patch>dON_patch) and ratio (dOFF_patch/dON_patch):
11:58:47,441 root DEBUG 	 nT= 1  	 success?    True    	 (dON-dOFF)/|dON+dOFF|: 82.86 	 cIDON = [5 6], cIDOFF = [5 6]
11:58:47,441 root DEBUG ===> #(dOFF_patch>dON_patch) = 1/1 = 100.00%
11:58:47,441 root DEBUG dOFF/dON = 10.7
11:58:47,441 root DEBUG {'CHOOSE_DX': 'along_decision_boundary', 'dxONAngle': 66.95273247434484, 'dON1': 0.023620266703534124, 'cIDON1': array([5, 6], dtype=int64), 'dON_patch_1': 0.023620266703534124, 'nTON': 1, 'dON': 0.023620266703534124, 'dxOFFAngle': 79.64230746350722, 'dOFF1': 0.2519314428234175, 'cIDOFF1': array([5, 6], dtype=int64), 'dOFF_patch_1': 0.2519314428234175, 'nTOFF': 1, 'dOFF': 0.2519314428234175, 'SUCCESS': True}
11:58:47,453 root DEBUG 

=================== Experiment ID #24 	 Dual Point ID: 25 ===================
11:58:47,462 root DEBUG CONTROL: 	 OK! 	 (target neuron output < tolerance: |2.041E-07|<1.000E-06)
11:58:47,462 root DEBUG CONTROL DUAL POINT: Check that target neuron output < tolerance ({tol:.3E}) at x_dual.
11:58:47,737 root DEBUG Side: ON	 Angle(dx0, dx): 6.54 deg 	 Angle(n, nold): 0.00 deg 	 Distance in patch: 4.838E-03 	 Total distance: 4.838E-03 	 Future toggles: 1 	 Past toggles: 1 	 Toggled: [[4, array([23], dtype=int64), array([[False]])]] 	 class: [3 6]
11:58:47,992 root DEBUG Side: OFF	 Angle(dx0, dx): 0.09 deg 	 Angle(n, nold): 0.00 deg 	 Distance in patch: 9.099E-02 	 Total distance: 9.099E-02 	 Future toggles: 1 	 Past toggles: 1 	 Toggled: [[2, array([234], dtype=int64), array([[False]])]] 	 class: [3 6]
11:58:47,992 root DEBUG Check patch-by-patch distances for success (dOFF_patch>dON_patch) and ratio (dOFF_patch/dON_patch):
11:58:47,993 root DEBUG 	 nT= 1  	 success?    True    	 (dON-dOFF)/|dON+dOFF|: 89.90 	 cIDON = [3 6], cIDOFF = [3 6]
11:58:47,993 root DEBUG ===> #(dOFF_patch>dON_patch) = 1/1 = 100.00%
11:58:47,993 root DEBUG dOFF/dON = 18.8
11:58:47,993 root DEBUG {'CHOOSE_DX': 'along_decision_boundary', 'dxONAngle': 79.61620274442274, 'dON1': 0.004838416178825795, 'cIDON1': array([3, 6], dtype=int64), 'dON_patch_1': 0.004838416178825795, 'nTON': 1, 'dON': 0.004838416178825795, 'dxOFFAngle': 86.97788959122497, 'dOFF1': 0.0909931883677947, 'cIDOFF1': array([3, 6], dtype=int64), 'dOFF_patch_1': 0.0909931883677947, 'nTOFF': 1, 'dOFF': 0.0909931883677947, 'SUCCESS': True}
11:58:48,2 root DEBUG 

=================== Experiment ID #25 	 Dual Point ID: 26 ===================
11:58:48,10 root DEBUG CONTROL: 	 OK! 	 (target neuron output < tolerance: |6.619E-08|<1.000E-06)
11:58:48,10 root DEBUG CONTROL DUAL POINT: Check that target neuron output < tolerance ({tol:.3E}) at x_dual.
11:58:48,229 root DEBUG Side: ON	 Angle(dx0, dx): 8.49 deg 	 Angle(n, nold): 0.00 deg 	 Distance in patch: 1.132E-02 	 Total distance: 1.132E-02 	 Future toggles: 1 	 Past toggles: 1 	 Toggled: [[3, array([78], dtype=int64), array([[False]])]] 	 class: [0 2]
11:58:48,489 root DEBUG Side: OFF	 Angle(dx0, dx): 18.65 deg 	 Angle(n, nold): 0.00 deg 	 Distance in patch: 3.096E-05 	 Total distance: 3.096E-05 	 Future toggles: 1 	 Past toggles: 1 	 Toggled: [[5, array([0, 1], dtype=int64), array([[1.],
       [0.]])]] 	 class: [0 2]
11:58:48,489 root DEBUG Check patch-by-patch distances for success (dOFF_patch>dON_patch) and ratio (dOFF_patch/dON_patch):
11:58:48,489 root DEBUG 	 nT= 1  	 success?   False    	 (dON-dOFF)/|dON+dOFF|: -99.45 	 cIDON = [0 2], cIDOFF = [1 2]
11:58:48,490 root DEBUG ===> #(dOFF_patch>dON_patch) = 0/1 = 0.00%
11:58:48,490 root DEBUG dOFF/dON = 0.0
11:58:48,490 root DEBUG {'CHOOSE_DX': 'along_decision_boundary', 'dxONAngle': 73.58387853906258, 'dON1': 0.011321614918837463, 'cIDON1': array([0, 2], dtype=int64), 'dON_patch_1': 0.011321614918837463, 'nTON': 1, 'dON': 0.011321614918837463, 'dxOFFAngle': 72.72063260157279, 'dOFF1': 3.096095940826446e-05, 'cIDOFF1': array([1, 2], dtype=int64), 'dOFF_patch_1': 3.096095940826446e-05, 'nTOFF': 1, 'dOFF': 3.096095940826446e-05, 'SUCCESS': False}
11:58:48,504 root DEBUG 

=================== Experiment ID #26 	 Dual Point ID: 27 ===================
11:58:48,513 root DEBUG CONTROL: 	 OK! 	 (target neuron output < tolerance: |1.889E-08|<1.000E-06)
11:58:48,513 root DEBUG CONTROL DUAL POINT: Check that target neuron output < tolerance ({tol:.3E}) at x_dual.
11:58:48,760 root DEBUG Side: ON	 Angle(dx0, dx): 2.51 deg 	 Angle(n, nold): 0.00 deg 	 Distance in patch: 8.719E-04 	 Total distance: 8.719E-04 	 Future toggles: 1 	 Past toggles: 1 	 Toggled: [[4, array([50], dtype=int64), array([[ True]])]] 	 class: [2 5]
11:58:48,934 root DEBUG Side: OFF	 Angle(dx0, dx): 0.09 deg 	 Angle(n, nold): 0.00 deg 	 Distance in patch: 3.495E-02 	 Total distance: 3.495E-02 	 Future toggles: 1 	 Past toggles: 1 	 Toggled: [[3, array([254], dtype=int64), array([[ True]])]] 	 class: [2 5]
11:58:48,934 root DEBUG Check patch-by-patch distances for success (dOFF_patch>dON_patch) and ratio (dOFF_patch/dON_patch):
11:58:48,934 root DEBUG 	 nT= 1  	 success?    True    	 (dON-dOFF)/|dON+dOFF|: 95.13 	 cIDON = [2 5], cIDOFF = [2 5]
11:58:48,934 root DEBUG ===> #(dOFF_patch>dON_patch) = 1/1 = 100.00%
11:58:48,934 root DEBUG dOFF/dON = 40.1
11:58:48,935 root DEBUG {'CHOOSE_DX': 'along_decision_boundary', 'dxONAngle': 74.7981312491114, 'dON1': 0.000871937093039538, 'cIDON1': array([2, 5], dtype=int64), 'dON_patch_1': 0.000871937093039538, 'nTON': 1, 'dON': 0.000871937093039538, 'dxOFFAngle': 89.64540295193225, 'dOFF1': 0.03495055816141746, 'cIDOFF1': array([2, 5], dtype=int64), 'dOFF_patch_1': 0.03495055816141746, 'nTOFF': 1, 'dOFF': 0.03495055816141746, 'SUCCESS': True}
11:58:48,940 root DEBUG 

=================== Experiment ID #27 	 Dual Point ID: 28 ===================
11:58:48,949 root DEBUG CONTROL: 	 OK! 	 (target neuron output < tolerance: |8.860E-08|<1.000E-06)
11:58:48,949 root DEBUG CONTROL DUAL POINT: Check that target neuron output < tolerance ({tol:.3E}) at x_dual.
11:58:49,244 root DEBUG Side: ON	 Angle(dx0, dx): 0.52 deg 	 Angle(n, nold): 0.00 deg 	 Distance in patch: 9.507E-02 	 Total distance: 9.507E-02 	 Future toggles: 1 	 Past toggles: 1 	 Toggled: [[2, array([61], dtype=int64), array([[False]])]] 	 class: [6 9]
11:58:49,515 root DEBUG Side: OFF	 Angle(dx0, dx): 0.00 deg 	 Angle(n, nold): 0.00 deg 	 Distance in patch: 5.411E-02 	 Total distance: 5.411E-02 	 Future toggles: 0 	 Past toggles: 1 	 Toggled: [[1, array([192], dtype=int64), array([[ True]])]] 	 class: [6 9]
11:58:49,663 root DEBUG Side: OFF	 Angle(dx0, dx): 2.58 deg 	 Angle(n, nold): 0.00 deg 	 Distance in patch: 1.541E-01 	 Total distance: 2.082E-01 	 Future toggles: 1 	 Past toggles: 1 	 Toggled: [[3, array([4], dtype=int64), array([[ True]])]] 	 class: [6 9]
11:58:49,663 root DEBUG Check patch-by-patch distances for success (dOFF_patch>dON_patch) and ratio (dOFF_patch/dON_patch):
11:58:49,664 root DEBUG 	 nT= 1  	 success?    True    	 (dON-dOFF)/|dON+dOFF|: 37.31 	 cIDON = [6 9], cIDOFF = [6 9]
11:58:49,664 root DEBUG ===> #(dOFF_patch>dON_patch) = 1/1 = 100.00%
11:58:49,664 root DEBUG dOFF/dON = 2.2
11:58:49,664 root DEBUG {'CHOOSE_DX': 'along_decision_boundary', 'dxONAngle': 80.29804517554918, 'dON1': 0.09506900047895542, 'cIDON1': array([6, 9], dtype=int64), 'dON_patch_1': 0.09506900047895542, 'nTON': 1, 'dON': 0.09506900047895542, 'dxOFFAngle': 78.40083818698078, 'dOFF1': 0.2082115052942135, 'cIDOFF1': array([6, 9], dtype=int64), 'dOFF_patch_1': 0.2082115052942135, 'nTOFF': 1, 'dOFF': 0.2082115052942135, 'SUCCESS': True}
11:58:49,673 root DEBUG 

=================== Experiment ID #28 	 Dual Point ID: 29 ===================
11:58:49,684 root DEBUG CONTROL: 	 OK! 	 (target neuron output < tolerance: |4.803E-08|<1.000E-06)
11:58:49,684 root DEBUG CONTROL DUAL POINT: Check that target neuron output < tolerance ({tol:.3E}) at x_dual.
11:58:50,0 root DEBUG Side: ON	 Angle(dx0, dx): 0.05 deg 	 Angle(n, nold): 0.00 deg 	 Distance in patch: 9.333E-03 	 Total distance: 9.333E-03 	 Future toggles: 1 	 Past toggles: 1 	 Toggled: [[2, array([113], dtype=int64), array([[False]])]] 	 class: [1 8]
11:58:50,247 root DEBUG Side: OFF	 Angle(dx0, dx): 1.96 deg 	 Angle(n, nold): 0.00 deg 	 Distance in patch: 5.516E-03 	 Total distance: 5.516E-03 	 Future toggles: 0 	 Past toggles: 1 	 Toggled: [[1, array([119], dtype=int64), array([[ True]])]] 	 class: [1 8]
11:58:50,496 root DEBUG Side: OFF	 Angle(dx0, dx): 4.31 deg 	 Angle(n, nold): 0.00 deg 	 Distance in patch: 6.507E-02 	 Total distance: 7.059E-02 	 Future toggles: 1 	 Past toggles: 1 	 Toggled: [[3, array([214], dtype=int64), array([[ True]])]] 	 class: [1 8]
11:58:50,496 root DEBUG Check patch-by-patch distances for success (dOFF_patch>dON_patch) and ratio (dOFF_patch/dON_patch):
11:58:50,496 root DEBUG 	 nT= 1  	 success?    True    	 (dON-dOFF)/|dON+dOFF|: 76.64 	 cIDON = [1 8], cIDOFF = [1 8]
11:58:50,496 root DEBUG ===> #(dOFF_patch>dON_patch) = 1/1 = 100.00%
11:58:50,497 root DEBUG dOFF/dON = 7.6
11:58:50,497 root DEBUG {'CHOOSE_DX': 'along_decision_boundary', 'dxONAngle': 86.94601495107997, 'dON1': 0.009333187632792282, 'cIDON1': array([1, 8], dtype=int64), 'dON_patch_1': 0.009333187632792282, 'nTON': 1, 'dON': 0.009333187632792282, 'dxOFFAngle': 88.25774261563302, 'dOFF1': 0.0705884810433897, 'cIDOFF1': array([1, 8], dtype=int64), 'dOFF_patch_1': 0.0705884810433897, 'nTOFF': 1, 'dOFF': 0.0705884810433897, 'SUCCESS': True}
11:58:50,610 PIL.PngImagePlugin DEBUG STREAM b'IHDR' 16 13
11:58:50,610 PIL.PngImagePlugin DEBUG STREAM b'sBIT' 41 4
11:58:50,610 PIL.PngImagePlugin DEBUG b'sBIT' 41 4 (unknown)
11:58:50,611 PIL.PngImagePlugin DEBUG STREAM b'pHYs' 57 9
11:58:50,611 PIL.PngImagePlugin DEBUG STREAM b'IDAT' 78 1189
11:58:50,617 PIL.PngImagePlugin DEBUG STREAM b'IHDR' 16 13
11:58:50,617 PIL.PngImagePlugin DEBUG STREAM b'sBIT' 41 4
11:58:50,617 PIL.PngImagePlugin DEBUG b'sBIT' 41 4 (unknown)
11:58:50,617 PIL.PngImagePlugin DEBUG STREAM b'pHYs' 57 9
11:58:50,617 PIL.PngImagePlugin DEBUG STREAM b'IDAT' 78 2994
11:58:50,632 PIL.PngImagePlugin DEBUG STREAM b'IHDR' 16 13
11:58:50,632 PIL.PngImagePlugin DEBUG STREAM b'sBIT' 41 4
11:58:50,632 PIL.PngImagePlugin DEBUG b'sBIT' 41 4 (unknown)
11:58:50,632 PIL.PngImagePlugin DEBUG STREAM b'pHYs' 57 9
11:58:50,632 PIL.PngImagePlugin DEBUG STREAM b'IDAT' 78 696
11:58:50,636 PIL.PngImagePlugin DEBUG STREAM b'IHDR' 16 13
11:58:50,637 PIL.PngImagePlugin DEBUG STREAM b'sBIT' 41 4
11:58:50,637 PIL.PngImagePlugin DEBUG b'sBIT' 41 4 (unknown)
11:58:50,637 PIL.PngImagePlugin DEBUG STREAM b'pHYs' 57 9
11:58:50,637 PIL.PngImagePlugin DEBUG STREAM b'IDAT' 78 526
11:58:50,640 PIL.PngImagePlugin DEBUG STREAM b'IHDR' 16 13
11:58:50,640 PIL.PngImagePlugin DEBUG STREAM b'sBIT' 41 4
11:58:50,640 PIL.PngImagePlugin DEBUG b'sBIT' 41 4 (unknown)
11:58:50,640 PIL.PngImagePlugin DEBUG STREAM b'pHYs' 57 9
11:58:50,640 PIL.PngImagePlugin DEBUG STREAM b'IDAT' 78 499
11:58:50,644 PIL.PngImagePlugin DEBUG STREAM b'IHDR' 16 13
11:58:50,644 PIL.PngImagePlugin DEBUG STREAM b'sBIT' 41 4
11:58:50,644 PIL.PngImagePlugin DEBUG b'sBIT' 41 4 (unknown)
11:58:50,644 PIL.PngImagePlugin DEBUG STREAM b'pHYs' 57 9
11:58:50,644 PIL.PngImagePlugin DEBUG STREAM b'IDAT' 78 673
11:58:50,648 PIL.PngImagePlugin DEBUG STREAM b'IHDR' 16 13
11:58:50,648 PIL.PngImagePlugin DEBUG STREAM b'sBIT' 41 4
11:58:50,648 PIL.PngImagePlugin DEBUG b'sBIT' 41 4 (unknown)
11:58:50,649 PIL.PngImagePlugin DEBUG STREAM b'pHYs' 57 9
11:58:50,649 PIL.PngImagePlugin DEBUG STREAM b'IDAT' 78 922
11:58:50,653 PIL.PngImagePlugin DEBUG STREAM b'IHDR' 16 13
11:58:50,653 PIL.PngImagePlugin DEBUG STREAM b'sBIT' 41 4
11:58:50,653 PIL.PngImagePlugin DEBUG b'sBIT' 41 4 (unknown)
11:58:50,653 PIL.PngImagePlugin DEBUG STREAM b'pHYs' 57 9
11:58:50,653 PIL.PngImagePlugin DEBUG STREAM b'IDAT' 78 568
11:58:50,657 PIL.PngImagePlugin DEBUG STREAM b'IHDR' 16 13
11:58:50,658 PIL.PngImagePlugin DEBUG STREAM b'sBIT' 41 4
11:58:50,658 PIL.PngImagePlugin DEBUG b'sBIT' 41 4 (unknown)
11:58:50,658 PIL.PngImagePlugin DEBUG STREAM b'pHYs' 57 9
11:58:50,658 PIL.PngImagePlugin DEBUG STREAM b'IDAT' 78 626
