10:35:06,854 root DEBUG Check that model weights are dtype tf.float64: 	 <dtype: 'float64'>
10:35:06,854 root INFO eps: 1e-06
10:35:06,854 root INFO tol: 1e-06
10:35:06,948 root DEBUG Load dual points from file: ../data/dual_points_cifar10_3x256_64_10_float64.
10:35:06,964 root DEBUG 

=================== Experiment ID #0 	 Dual Point ID: 1 ===================
10:35:06,973 root DEBUG CONTROL: 	 OK! 	 (target neuron output < tolerance: |1.722E-08|<1.000E-06)
10:35:06,973 root DEBUG CONTROL DUAL POINT: Check that target neuron output < tolerance ({tol:.3E}) at x_dual.
10:35:07,300 root DEBUG Side: ON	 Angle(dx0, dx): 2.62 deg 	 Angle(n, nold): 0.00 deg 	 Distance in patch: 2.088E-02 	 Total distance: 2.088E-02 	 Future toggles: 1 	 Past toggles: 1 	 Toggled: [[2, array([178], dtype=int64), array([[ True]])]] 	 class: [3 5]
10:35:07,766 root DEBUG Side: OFF	 Angle(dx0, dx): 0.66 deg 	 Angle(n, nold): 0.00 deg 	 Distance in patch: 2.611E-02 	 Total distance: 2.611E-02 	 Future toggles: 1 	 Past toggles: 1 	 Toggled: [[2, array([125], dtype=int64), array([[False]])]] 	 class: [3 5]
10:35:07,767 root DEBUG Check patch-by-patch distances for success (dOFF_patch>dON_patch) and ratio (dOFF_patch/dON_patch):
10:35:07,767 root DEBUG 	 nT= 1  	 success?    True    	 (dON-dOFF)/|dON+dOFF|: 11.14 	 cIDON = [3 5], cIDOFF = [3 5]
10:35:07,767 root DEBUG ===> #(dOFF_patch>dON_patch) = 1/1 = 100.00%
10:35:07,767 root DEBUG dOFF/dON = 1.3
10:35:07,767 root DEBUG {'CHOOSE_DX': 'along_decision_boundary', 'dxONAngle': 81.00697041234629, 'dON1': 0.020875110307142352, 'cIDON1': array([3, 5], dtype=int64), 'dON_patch_1': 0.020875110307142352, 'nTON': 1, 'dON': 0.020875110307142352, 'dxOFFAngle': 87.3962803090509, 'dOFF1': 0.026110837829326616, 'cIDOFF1': array([3, 5], dtype=int64), 'dOFF_patch_1': 0.026110837829326616, 'nTOFF': 1, 'dOFF': 0.026110837829326616, 'SUCCESS': True}
10:35:07,890 root DEBUG 

=================== Experiment ID #1 	 Dual Point ID: 2 ===================
10:35:07,903 root DEBUG CONTROL: 	 OK! 	 (target neuron output < tolerance: |8.624E-08|<1.000E-06)
10:35:07,903 root DEBUG CONTROL DUAL POINT: Check that target neuron output < tolerance ({tol:.3E}) at x_dual.
10:35:08,268 root DEBUG Side: ON	 Angle(dx0, dx): 0.33 deg 	 Angle(n, nold): 0.00 deg 	 Distance in patch: 1.634E-02 	 Total distance: 1.634E-02 	 Future toggles: 1 	 Past toggles: 1 	 Toggled: [[2, array([0], dtype=int64), array([[ True]])]] 	 class: [5 7]
10:35:08,588 root DEBUG Side: OFF	 Angle(dx0, dx): 0.02 deg 	 Angle(n, nold): 0.00 deg 	 Distance in patch: 3.078E-02 	 Total distance: 3.078E-02 	 Future toggles: 1 	 Past toggles: 1 	 Toggled: [[2, array([111], dtype=int64), array([[ True]])]] 	 class: [5 7]
10:35:08,588 root DEBUG Check patch-by-patch distances for success (dOFF_patch>dON_patch) and ratio (dOFF_patch/dON_patch):
10:35:08,588 root DEBUG 	 nT= 1  	 success?    True    	 (dON-dOFF)/|dON+dOFF|: 30.66 	 cIDON = [5 7], cIDOFF = [5 7]
10:35:08,588 root DEBUG ===> #(dOFF_patch>dON_patch) = 1/1 = 100.00%
10:35:08,588 root DEBUG dOFF/dON = 1.9
10:35:08,588 root DEBUG {'CHOOSE_DX': 'along_decision_boundary', 'dxONAngle': 67.84892585129019, 'dON1': 0.016336780128915485, 'cIDON1': array([5, 7], dtype=int64), 'dON_patch_1': 0.016336780128915485, 'nTON': 1, 'dON': 0.016336780128915485, 'dxOFFAngle': 85.4691440964746, 'dOFF1': 0.030783698564684554, 'cIDOFF1': array([5, 7], dtype=int64), 'dOFF_patch_1': 0.030783698564684554, 'nTOFF': 1, 'dOFF': 0.030783698564684554, 'SUCCESS': True}
10:35:08,648 root DEBUG 

=================== Experiment ID #2 	 Dual Point ID: 3 ===================
10:35:08,660 root DEBUG CONTROL: 	 OK! 	 (target neuron output < tolerance: |8.985E-08|<1.000E-06)
10:35:08,661 root DEBUG CONTROL DUAL POINT: Check that target neuron output < tolerance ({tol:.3E}) at x_dual.
10:35:09,194 root DEBUG Side: ON	 Angle(dx0, dx): 2.72 deg 	 Angle(n, nold): 0.00 deg 	 Distance in patch: 1.396E-02 	 Total distance: 1.396E-02 	 Future toggles: 1 	 Past toggles: 1 	 Toggled: [[2, array([211], dtype=int64), array([[False]])]] 	 class: [3 6]
10:35:09,533 root DEBUG Side: OFF	 Angle(dx0, dx): 0.09 deg 	 Angle(n, nold): 0.00 deg 	 Distance in patch: 1.135E-01 	 Total distance: 1.135E-01 	 Future toggles: 0 	 Past toggles: 1 	 Toggled: [[1, array([199], dtype=int64), array([[False]])]] 	 class: [3 6]
10:35:09,759 root DEBUG Side: OFF	 Angle(dx0, dx): 0.08 deg 	 Angle(n, nold): 0.00 deg 	 Distance in patch: 1.270E-01 	 Total distance: 2.405E-01 	 Future toggles: 0 	 Past toggles: 2 	 Toggled: [[1, array([148], dtype=int64), array([[ True]])]] 	 class: [3 6]
10:35:10,3 root DEBUG Side: OFF	 Angle(dx0, dx): 0.65 deg 	 Angle(n, nold): 0.00 deg 	 Distance in patch: 9.863E-02 	 Total distance: 3.391E-01 	 Future toggles: 1 	 Past toggles: 1 	 Toggled: [[2, array([122], dtype=int64), array([[False]])]] 	 class: [3 6]
10:35:10,3 root DEBUG Check patch-by-patch distances for success (dOFF_patch>dON_patch) and ratio (dOFF_patch/dON_patch):
10:35:10,4 root DEBUG 	 nT= 1  	 success?    True    	 (dON-dOFF)/|dON+dOFF|: 92.09 	 cIDON = [3 6], cIDOFF = [3 6]
10:35:10,4 root DEBUG ===> #(dOFF_patch>dON_patch) = 1/1 = 100.00%
10:35:10,4 root DEBUG dOFF/dON = 24.3
10:35:10,4 root DEBUG {'CHOOSE_DX': 'along_decision_boundary', 'dxONAngle': 89.4319307416158, 'dON1': 0.0139638416228918, 'cIDON1': array([3, 6], dtype=int64), 'dON_patch_1': 0.0139638416228918, 'nTON': 1, 'dON': 0.0139638416228918, 'dxOFFAngle': 87.20074365813531, 'dOFF1': 0.33913909443570556, 'cIDOFF1': array([3, 6], dtype=int64), 'dOFF_patch_1': 0.33913909443570556, 'nTOFF': 1, 'dOFF': 0.33913909443570556, 'SUCCESS': True}
10:35:10,111 root DEBUG 

=================== Experiment ID #3 	 Dual Point ID: 4 ===================
10:35:10,120 root DEBUG CONTROL: 	 OK! 	 (target neuron output < tolerance: |3.374E-07|<1.000E-06)
10:35:10,121 root DEBUG CONTROL DUAL POINT: Check that target neuron output < tolerance ({tol:.3E}) at x_dual.
10:35:10,537 root DEBUG Side: ON	 Angle(dx0, dx): 5.57 deg 	 Angle(n, nold): 0.00 deg 	 Distance in patch: 1.768E-02 	 Total distance: 1.768E-02 	 Future toggles: 1 	 Past toggles: 1 	 Toggled: [[4, array([56], dtype=int64), array([[ True]])]] 	 class: [4 8]
10:35:10,916 root DEBUG Side: OFF	 Angle(dx0, dx): 1.92 deg 	 Angle(n, nold): 0.00 deg 	 Distance in patch: 5.086E-02 	 Total distance: 5.086E-02 	 Future toggles: 1 	 Past toggles: 1 	 Toggled: [[4, array([56], dtype=int64), array([[ True]])]] 	 class: [4 8]
10:35:10,916 root DEBUG Check patch-by-patch distances for success (dOFF_patch>dON_patch) and ratio (dOFF_patch/dON_patch):
10:35:10,916 root DEBUG 	 nT= 1  	 success?    True    	 (dON-dOFF)/|dON+dOFF|: 48.41 	 cIDON = [4 8], cIDOFF = [4 8]
10:35:10,916 root DEBUG ===> #(dOFF_patch>dON_patch) = 1/1 = 100.00%
10:35:10,916 root DEBUG dOFF/dON = 2.9
10:35:10,916 root DEBUG {'CHOOSE_DX': 'along_decision_boundary', 'dxONAngle': 84.28738420971305, 'dON1': 0.017678819572504362, 'cIDON1': array([4, 8], dtype=int64), 'dON_patch_1': 0.017678819572504362, 'nTON': 1, 'dON': 0.017678819572504362, 'dxOFFAngle': 88.39044714032701, 'dOFF1': 0.05085734976580948, 'cIDOFF1': array([4, 8], dtype=int64), 'dOFF_patch_1': 0.05085734976580948, 'nTOFF': 1, 'dOFF': 0.05085734976580948, 'SUCCESS': True}
10:35:11,15 root DEBUG 

=================== Experiment ID #4 	 Dual Point ID: 5 ===================
10:35:11,25 root DEBUG CONTROL: 	 OK! 	 (target neuron output < tolerance: |3.839E-07|<1.000E-06)
10:35:11,26 root DEBUG CONTROL DUAL POINT: Check that target neuron output < tolerance ({tol:.3E}) at x_dual.
10:35:11,469 root DEBUG Side: ON	 Angle(dx0, dx): 2.21 deg 	 Angle(n, nold): 0.00 deg 	 Distance in patch: 4.981E-02 	 Total distance: 4.981E-02 	 Future toggles: 1 	 Past toggles: 1 	 Toggled: [[2, array([102], dtype=int64), array([[False]])]] 	 class: [4 9]
10:35:11,838 root DEBUG Side: OFF	 Angle(dx0, dx): 0.68 deg 	 Angle(n, nold): 0.00 deg 	 Distance in patch: 2.382E-01 	 Total distance: 2.382E-01 	 Future toggles: 1 	 Past toggles: 1 	 Toggled: [[3, array([63], dtype=int64), array([[False]])]] 	 class: [4 9]
10:35:11,838 root DEBUG Check patch-by-patch distances for success (dOFF_patch>dON_patch) and ratio (dOFF_patch/dON_patch):
10:35:11,839 root DEBUG 	 nT= 1  	 success?    True    	 (dON-dOFF)/|dON+dOFF|: 65.41 	 cIDON = [4 9], cIDOFF = [4 9]
10:35:11,839 root DEBUG ===> #(dOFF_patch>dON_patch) = 1/1 = 100.00%
10:35:11,839 root DEBUG dOFF/dON = 4.8
10:35:11,839 root DEBUG {'CHOOSE_DX': 'along_decision_boundary', 'dxONAngle': 74.29908959328804, 'dON1': 0.049810855837207416, 'cIDON1': array([4, 9], dtype=int64), 'dON_patch_1': 0.049810855837207416, 'nTON': 1, 'dON': 0.049810855837207416, 'dxOFFAngle': 86.3964995098506, 'dOFF1': 0.238190454073447, 'cIDOFF1': array([4, 9], dtype=int64), 'dOFF_patch_1': 0.238190454073447, 'nTOFF': 1, 'dOFF': 0.238190454073447, 'SUCCESS': True}
10:35:11,858 root DEBUG 

=================== Experiment ID #5 	 Dual Point ID: 6 ===================
10:35:11,871 root DEBUG CONTROL: 	 OK! 	 (target neuron output < tolerance: |1.751E-07|<1.000E-06)
10:35:11,871 root DEBUG CONTROL DUAL POINT: Check that target neuron output < tolerance ({tol:.3E}) at x_dual.
10:35:12,207 root DEBUG Side: ON	 Angle(dx0, dx): 0.02 deg 	 Angle(n, nold): 0.00 deg 	 Distance in patch: 5.306E-02 	 Total distance: 5.306E-02 	 Future toggles: 1 	 Past toggles: 1 	 Toggled: [[2, array([72], dtype=int64), array([[ True]])]] 	 class: [1 8]
10:35:12,549 root DEBUG Side: OFF	 Angle(dx0, dx): 6.17 deg 	 Angle(n, nold): 0.00 deg 	 Distance in patch: 2.074E-05 	 Total distance: 2.074E-05 	 Future toggles: 1 	 Past toggles: 1 	 Toggled: [[5, array([0, 1], dtype=int64), array([[1.],
       [0.]])]] 	 class: [0 8]
10:35:12,549 root DEBUG Check patch-by-patch distances for success (dOFF_patch>dON_patch) and ratio (dOFF_patch/dON_patch):
10:35:12,549 root DEBUG 	 nT= 1  	 success?   False    	 (dON-dOFF)/|dON+dOFF|: -99.92 	 cIDON = [1 8], cIDOFF = [1 8]
10:35:12,549 root DEBUG ===> #(dOFF_patch>dON_patch) = 0/1 = 0.00%
10:35:12,549 root DEBUG dOFF/dON = 0.0
10:35:12,549 root DEBUG {'CHOOSE_DX': 'along_decision_boundary', 'dxONAngle': 83.63491071181629, 'dON1': 0.05306282024545002, 'cIDON1': array([1, 8], dtype=int64), 'dON_patch_1': 0.05306282024545002, 'nTON': 1, 'dON': 0.05306282024545002, 'dxOFFAngle': 84.10766769919357, 'dOFF1': 2.0744808733466737e-05, 'cIDOFF1': array([1, 8], dtype=int64), 'dOFF_patch_1': 2.0744808733466737e-05, 'nTOFF': 1, 'dOFF': 2.0744808733466737e-05, 'SUCCESS': False}
10:35:12,689 root DEBUG 

=================== Experiment ID #6 	 Dual Point ID: 7 ===================
10:35:12,697 root DEBUG CONTROL: 	 OK! 	 (target neuron output < tolerance: |6.336E-08|<1.000E-06)
10:35:12,698 root DEBUG CONTROL DUAL POINT: Check that target neuron output < tolerance ({tol:.3E}) at x_dual.
10:35:13,87 root DEBUG Side: ON	 Angle(dx0, dx): 5.65 deg 	 Angle(n, nold): 0.00 deg 	 Distance in patch: 5.417E-02 	 Total distance: 5.417E-02 	 Future toggles: 1 	 Past toggles: 1 	 Toggled: [[3, array([112], dtype=int64), array([[ True]])]] 	 class: [2 8]
10:35:13,440 root DEBUG Side: OFF	 Angle(dx0, dx): 0.95 deg 	 Angle(n, nold): 0.00 deg 	 Distance in patch: 6.126E-03 	 Total distance: 6.126E-03 	 Future toggles: 1 	 Past toggles: 1 	 Toggled: [[4, array([60], dtype=int64), array([[ True]])]] 	 class: [2 8]
10:35:13,440 root DEBUG Check patch-by-patch distances for success (dOFF_patch>dON_patch) and ratio (dOFF_patch/dON_patch):
10:35:13,440 root DEBUG 	 nT= 1  	 success?   False    	 (dON-dOFF)/|dON+dOFF|: -79.68 	 cIDON = [2 8], cIDOFF = [2 8]
10:35:13,441 root DEBUG ===> #(dOFF_patch>dON_patch) = 0/1 = 0.00%
10:35:13,441 root DEBUG dOFF/dON = 0.1
10:35:13,441 root DEBUG {'CHOOSE_DX': 'along_decision_boundary', 'dxONAngle': 60.084605781635275, 'dON1': 0.05416537391532638, 'cIDON1': array([2, 8], dtype=int64), 'dON_patch_1': 0.05416537391532638, 'nTON': 1, 'dON': 0.05416537391532638, 'dxOFFAngle': 86.68564455732687, 'dOFF1': 0.006126128465271693, 'cIDOFF1': array([2, 8], dtype=int64), 'dOFF_patch_1': 0.006126128465271693, 'nTOFF': 1, 'dOFF': 0.006126128465271693, 'SUCCESS': False}
10:35:13,511 root DEBUG 

=================== Experiment ID #7 	 Dual Point ID: 8 ===================
10:35:13,550 root DEBUG CONTROL: 	 OK! 	 (target neuron output < tolerance: |1.918E-07|<1.000E-06)
10:35:13,550 root DEBUG CONTROL DUAL POINT: Check that target neuron output < tolerance ({tol:.3E}) at x_dual.
10:35:14,28 root DEBUG Side: ON	 Angle(dx0, dx): 0.50 deg 	 Angle(n, nold): 0.00 deg 	 Distance in patch: 2.041E-01 	 Total distance: 2.041E-01 	 Future toggles: 1 	 Past toggles: 1 	 Toggled: [[3, array([234], dtype=int64), array([[ True]])]] 	 class: [2 4]
10:35:14,401 root DEBUG Side: OFF	 Angle(dx0, dx): 0.32 deg 	 Angle(n, nold): 0.00 deg 	 Distance in patch: 1.464E-02 	 Total distance: 1.464E-02 	 Future toggles: 1 	 Past toggles: 1 	 Toggled: [[2, array([187], dtype=int64), array([[ True]])]] 	 class: [2 4]
10:35:14,401 root DEBUG Check patch-by-patch distances for success (dOFF_patch>dON_patch) and ratio (dOFF_patch/dON_patch):
10:35:14,401 root DEBUG 	 nT= 1  	 success?   False    	 (dON-dOFF)/|dON+dOFF|: -86.62 	 cIDON = [2 4], cIDOFF = [2 4]
10:35:14,401 root DEBUG ===> #(dOFF_patch>dON_patch) = 0/1 = 0.00%
10:35:14,402 root DEBUG dOFF/dON = 0.1
10:35:14,402 root DEBUG {'CHOOSE_DX': 'along_decision_boundary', 'dxONAngle': 85.7180302128868, 'dON1': 0.20412920785911084, 'cIDON1': array([2, 4], dtype=int64), 'dON_patch_1': 0.20412920785911084, 'nTON': 1, 'dON': 0.20412920785911084, 'dxOFFAngle': 86.52546968340918, 'dOFF1': 0.014639582868238426, 'cIDOFF1': array([2, 4], dtype=int64), 'dOFF_patch_1': 0.014639582868238426, 'nTOFF': 1, 'dOFF': 0.014639582868238426, 'SUCCESS': False}
10:35:14,509 root DEBUG 

=================== Experiment ID #8 	 Dual Point ID: 9 ===================
10:35:14,520 root DEBUG CONTROL: 	 OK! 	 (target neuron output < tolerance: |6.276E-08|<1.000E-06)
10:35:14,520 root DEBUG CONTROL DUAL POINT: Check that target neuron output < tolerance ({tol:.3E}) at x_dual.
10:35:15,16 root DEBUG Side: ON	 Angle(dx0, dx): 1.37 deg 	 Angle(n, nold): 0.00 deg 	 Distance in patch: 1.388E-02 	 Total distance: 1.388E-02 	 Future toggles: 1 	 Past toggles: 1 	 Toggled: [[2, array([0], dtype=int64), array([[ True]])]] 	 class: [8 9]
10:35:15,384 root DEBUG Side: OFF	 Angle(dx0, dx): 1.65 deg 	 Angle(n, nold): 0.00 deg 	 Distance in patch: 1.787E-01 	 Total distance: 1.787E-01 	 Future toggles: 1 	 Past toggles: 1 	 Toggled: [[3, array([78], dtype=int64), array([[False]])]] 	 class: [8 9]
10:35:15,385 root DEBUG Check patch-by-patch distances for success (dOFF_patch>dON_patch) and ratio (dOFF_patch/dON_patch):
10:35:15,385 root DEBUG 	 nT= 1  	 success?    True    	 (dON-dOFF)/|dON+dOFF|: 85.59 	 cIDON = [8 9], cIDOFF = [8 9]
10:35:15,385 root DEBUG ===> #(dOFF_patch>dON_patch) = 1/1 = 100.00%
10:35:15,385 root DEBUG dOFF/dON = 12.9
10:35:15,385 root DEBUG {'CHOOSE_DX': 'along_decision_boundary', 'dxONAngle': 84.30488026693716, 'dON1': 0.013882318483496919, 'cIDON1': array([8, 9], dtype=int64), 'dON_patch_1': 0.013882318483496919, 'nTON': 1, 'dON': 0.013882318483496919, 'dxOFFAngle': 87.59687316435152, 'dOFF1': 0.17872835107225174, 'cIDOFF1': array([8, 9], dtype=int64), 'dOFF_patch_1': 0.17872835107225174, 'nTOFF': 1, 'dOFF': 0.17872835107225174, 'SUCCESS': True}
10:35:15,422 root DEBUG 

=================== Experiment ID #9 	 Dual Point ID: 10 ===================
10:35:15,437 root DEBUG CONTROL: 	 OK! 	 (target neuron output < tolerance: |1.216E-07|<1.000E-06)
10:35:15,437 root DEBUG CONTROL DUAL POINT: Check that target neuron output < tolerance ({tol:.3E}) at x_dual.
10:35:15,803 root DEBUG Side: ON	 Angle(dx0, dx): 2.23 deg 	 Angle(n, nold): 0.00 deg 	 Distance in patch: 3.069E-02 	 Total distance: 3.069E-02 	 Future toggles: 1 	 Past toggles: 1 	 Toggled: [[2, array([99], dtype=int64), array([[False]])]] 	 class: [0 1]
10:35:16,124 root DEBUG Side: OFF	 Angle(dx0, dx): 0.01 deg 	 Angle(n, nold): 0.00 deg 	 Distance in patch: 4.766E-02 	 Total distance: 4.766E-02 	 Future toggles: 0 	 Past toggles: 1 	 Toggled: [[1, array([61], dtype=int64), array([[False]])]] 	 class: [0 1]
10:35:16,378 root DEBUG Side: OFF	 Angle(dx0, dx): 1.36 deg 	 Angle(n, nold): 0.00 deg 	 Distance in patch: 1.141E-01 	 Total distance: 1.617E-01 	 Future toggles: 1 	 Past toggles: 1 	 Toggled: [[2, array([116], dtype=int64), array([[ True]])]] 	 class: [0 1]
10:35:16,378 root DEBUG Check patch-by-patch distances for success (dOFF_patch>dON_patch) and ratio (dOFF_patch/dON_patch):
10:35:16,379 root DEBUG 	 nT= 1  	 success?    True    	 (dON-dOFF)/|dON+dOFF|: 68.11 	 cIDON = [0 1], cIDOFF = [0 1]
10:35:16,379 root DEBUG ===> #(dOFF_patch>dON_patch) = 1/1 = 100.00%
10:35:16,379 root DEBUG dOFF/dON = 5.3
10:35:16,379 root DEBUG {'CHOOSE_DX': 'along_decision_boundary', 'dxONAngle': 76.27671391215442, 'dON1': 0.030686010168388372, 'cIDON1': array([0, 1], dtype=int64), 'dON_patch_1': 0.030686010168388372, 'nTON': 1, 'dON': 0.030686010168388372, 'dxOFFAngle': 87.68843064866874, 'dOFF1': 0.16173884053536725, 'cIDOFF1': array([0, 1], dtype=int64), 'dOFF_patch_1': 0.16173884053536725, 'nTOFF': 1, 'dOFF': 0.16173884053536725, 'SUCCESS': True}
10:35:16,450 root DEBUG 

=================== Experiment ID #10 	 Dual Point ID: 11 ===================
10:35:16,459 root DEBUG CONTROL: 	 OK! 	 (target neuron output < tolerance: |1.453E-08|<1.000E-06)
10:35:16,459 root DEBUG CONTROL DUAL POINT: Check that target neuron output < tolerance ({tol:.3E}) at x_dual.
10:35:16,851 root DEBUG Side: ON	 Angle(dx0, dx): 4.31 deg 	 Angle(n, nold): 0.00 deg 	 Distance in patch: 1.262E-01 	 Total distance: 1.262E-01 	 Future toggles: 1 	 Past toggles: 1 	 Toggled: [[3, array([50], dtype=int64), array([[False]])]] 	 class: [4 8]
10:35:17,253 root DEBUG Side: OFF	 Angle(dx0, dx): 1.55 deg 	 Angle(n, nold): 0.00 deg 	 Distance in patch: 3.336E-01 	 Total distance: 3.336E-01 	 Future toggles: 1 	 Past toggles: 1 	 Toggled: [[3, array([149], dtype=int64), array([[ True]])]] 	 class: [4 8]
10:35:17,253 root DEBUG Check patch-by-patch distances for success (dOFF_patch>dON_patch) and ratio (dOFF_patch/dON_patch):
10:35:17,253 root DEBUG 	 nT= 1  	 success?    True    	 (dON-dOFF)/|dON+dOFF|: 45.11 	 cIDON = [4 8], cIDOFF = [4 8]
10:35:17,254 root DEBUG ===> #(dOFF_patch>dON_patch) = 1/1 = 100.00%
10:35:17,256 root DEBUG dOFF/dON = 2.6
10:35:17,257 root DEBUG {'CHOOSE_DX': 'along_decision_boundary', 'dxONAngle': 83.93954879504359, 'dON1': 0.1261909025346775, 'cIDON1': array([4, 8], dtype=int64), 'dON_patch_1': 0.1261909025346775, 'nTON': 1, 'dON': 0.1261909025346775, 'dxOFFAngle': 79.54809928488076, 'dOFF1': 0.33357863581749414, 'cIDOFF1': array([4, 8], dtype=int64), 'dOFF_patch_1': 0.33357863581749414, 'nTOFF': 1, 'dOFF': 0.33357863581749414, 'SUCCESS': True}
10:35:17,310 root DEBUG 

=================== Experiment ID #11 	 Dual Point ID: 12 ===================
10:35:17,320 root DEBUG CONTROL: 	 OK! 	 (target neuron output < tolerance: |6.712E-08|<1.000E-06)
10:35:17,321 root DEBUG CONTROL DUAL POINT: Check that target neuron output < tolerance ({tol:.3E}) at x_dual.
10:35:17,695 root DEBUG Side: ON	 Angle(dx0, dx): 0.02 deg 	 Angle(n, nold): 0.00 deg 	 Distance in patch: 3.282E-02 	 Total distance: 3.282E-02 	 Future toggles: 0 	 Past toggles: 1 	 Toggled: [[1, array([244], dtype=int64), array([[False]])]] 	 class: [2 3]
10:35:17,965 root DEBUG Side: ON	 Angle(dx0, dx): 0.42 deg 	 Angle(n, nold): 0.00 deg 	 Distance in patch: 1.182E-02 	 Total distance: 4.464E-02 	 Future toggles: 1 	 Past toggles: 1 	 Toggled: [[3, array([255], dtype=int64), array([[ True]])]] 	 class: [2 3]
10:35:18,322 root DEBUG Side: OFF	 Angle(dx0, dx): 0.01 deg 	 Angle(n, nold): 0.00 deg 	 Distance in patch: 1.055E-01 	 Total distance: 1.055E-01 	 Future toggles: 0 	 Past toggles: 1 	 Toggled: [[1, array([154], dtype=int64), array([[False]])]] 	 class: [2 3]
10:35:18,564 root DEBUG Side: OFF	 Angle(dx0, dx): 0.08 deg 	 Angle(n, nold): 0.00 deg 	 Distance in patch: 3.867E-01 	 Total distance: 4.922E-01 	 Future toggles: 1 	 Past toggles: 1 	 Toggled: [[3, array([127], dtype=int64), array([[ True]])]] 	 class: [2 3]
10:35:18,564 root DEBUG Check patch-by-patch distances for success (dOFF_patch>dON_patch) and ratio (dOFF_patch/dON_patch):
10:35:18,565 root DEBUG 	 nT= 1  	 success?    True    	 (dON-dOFF)/|dON+dOFF|: 83.37 	 cIDON = [2 3], cIDOFF = [2 3]
10:35:18,565 root DEBUG ===> #(dOFF_patch>dON_patch) = 1/1 = 100.00%
10:35:18,565 root DEBUG dOFF/dON = 11.0
10:35:18,565 root DEBUG {'CHOOSE_DX': 'along_decision_boundary', 'dxONAngle': 87.91276008826132, 'dON1': 0.04463694562491627, 'cIDON1': array([2, 3], dtype=int64), 'dON_patch_1': 0.04463694562491627, 'nTON': 1, 'dON': 0.04463694562491627, 'dxOFFAngle': 89.59846692389947, 'dOFF1': 0.4922193974669462, 'cIDOFF1': array([2, 3], dtype=int64), 'dOFF_patch_1': 0.4922193974669462, 'nTOFF': 1, 'dOFF': 0.4922193974669462, 'SUCCESS': True}
10:35:18,747 root DEBUG 

=================== Experiment ID #12 	 Dual Point ID: 13 ===================
10:35:18,759 root DEBUG CONTROL: 	 OK! 	 (target neuron output < tolerance: |1.593E-07|<1.000E-06)
10:35:18,759 root DEBUG CONTROL DUAL POINT: Check that target neuron output < tolerance ({tol:.3E}) at x_dual.
10:35:19,170 root DEBUG Side: ON	 Angle(dx0, dx): 5.27 deg 	 Angle(n, nold): 0.00 deg 	 Distance in patch: 1.072E-02 	 Total distance: 1.072E-02 	 Future toggles: 1 	 Past toggles: 1 	 Toggled: [[4, array([30], dtype=int64), array([[False]])]] 	 class: [0 1]
10:35:19,482 root DEBUG Side: OFF	 Angle(dx0, dx): 1.93 deg 	 Angle(n, nold): 0.00 deg 	 Distance in patch: 3.998E-02 	 Total distance: 3.998E-02 	 Future toggles: 1 	 Past toggles: 1 	 Toggled: [[4, array([30], dtype=int64), array([[False]])]] 	 class: [0 1]
10:35:19,482 root DEBUG Check patch-by-patch distances for success (dOFF_patch>dON_patch) and ratio (dOFF_patch/dON_patch):
10:35:19,482 root DEBUG 	 nT= 1  	 success?    True    	 (dON-dOFF)/|dON+dOFF|: 57.71 	 cIDON = [0 1], cIDOFF = [0 1]
10:35:19,482 root DEBUG ===> #(dOFF_patch>dON_patch) = 1/1 = 100.00%
10:35:19,482 root DEBUG dOFF/dON = 3.7
10:35:19,483 root DEBUG {'CHOOSE_DX': 'along_decision_boundary', 'dxONAngle': 89.28665813881115, 'dON1': 0.010719345763964027, 'cIDON1': array([0, 1], dtype=int64), 'dON_patch_1': 0.010719345763964027, 'nTON': 1, 'dON': 0.010719345763964027, 'dxOFFAngle': 85.29941626504318, 'dOFF1': 0.03997809698152052, 'cIDOFF1': array([0, 1], dtype=int64), 'dOFF_patch_1': 0.03997809698152052, 'nTOFF': 1, 'dOFF': 0.03997809698152052, 'SUCCESS': True}
10:35:19,613 root DEBUG 

=================== Experiment ID #13 	 Dual Point ID: 14 ===================
10:35:19,624 root DEBUG CONTROL: 	 OK! 	 (target neuron output < tolerance: |4.234E-08|<1.000E-06)
10:35:19,624 root DEBUG CONTROL DUAL POINT: Check that target neuron output < tolerance ({tol:.3E}) at x_dual.
10:35:20,20 root DEBUG Side: ON	 Angle(dx0, dx): 3.94 deg 	 Angle(n, nold): 0.00 deg 	 Distance in patch: 1.906E-02 	 Total distance: 1.906E-02 	 Future toggles: 1 	 Past toggles: 1 	 Toggled: [[4, array([56], dtype=int64), array([[ True]])]] 	 class: [0 1]
10:35:20,399 root DEBUG Side: OFF	 Angle(dx0, dx): 0.50 deg 	 Angle(n, nold): 0.00 deg 	 Distance in patch: 5.270E-01 	 Total distance: 5.270E-01 	 Future toggles: 1 	 Past toggles: 1 	 Toggled: [[3, array([129], dtype=int64), array([[ True]])]] 	 class: [0 1]
10:35:20,399 root DEBUG Check patch-by-patch distances for success (dOFF_patch>dON_patch) and ratio (dOFF_patch/dON_patch):
10:35:20,399 root DEBUG 	 nT= 1  	 success?    True    	 (dON-dOFF)/|dON+dOFF|: 93.02 	 cIDON = [0 1], cIDOFF = [0 1]
10:35:20,399 root DEBUG ===> #(dOFF_patch>dON_patch) = 1/1 = 100.00%
10:35:20,399 root DEBUG dOFF/dON = 27.7
10:35:20,399 root DEBUG {'CHOOSE_DX': 'along_decision_boundary', 'dxONAngle': 84.76585214136365, 'dON1': 0.019058947237503832, 'cIDON1': array([0, 1], dtype=int64), 'dON_patch_1': 0.019058947237503832, 'nTON': 1, 'dON': 0.019058947237503832, 'dxOFFAngle': 87.82923908139249, 'dOFF1': 0.5270122079918413, 'cIDOFF1': array([0, 1], dtype=int64), 'dOFF_patch_1': 0.5270122079918413, 'nTOFF': 1, 'dOFF': 0.5270122079918413, 'SUCCESS': True}
10:35:20,542 root DEBUG 

=================== Experiment ID #14 	 Dual Point ID: 15 ===================
10:35:20,554 root DEBUG CONTROL: 	 OK! 	 (target neuron output < tolerance: |8.488E-08|<1.000E-06)
10:35:20,554 root DEBUG CONTROL DUAL POINT: Check that target neuron output < tolerance ({tol:.3E}) at x_dual.
10:35:20,864 root DEBUG Side: ON	 Angle(dx0, dx): 2.63 deg 	 Angle(n, nold): 0.00 deg 	 Distance in patch: 4.374E-02 	 Total distance: 4.374E-02 	 Future toggles: 1 	 Past toggles: 1 	 Toggled: [[2, array([6], dtype=int64), array([[ True]])]] 	 class: [2 4]
10:35:21,151 root DEBUG Side: OFF	 Angle(dx0, dx): 0.35 deg 	 Angle(n, nold): 0.00 deg 	 Distance in patch: 3.707E-02 	 Total distance: 3.707E-02 	 Future toggles: 0 	 Past toggles: 1 	 Toggled: [[1, array([197], dtype=int64), array([[ True]])]] 	 class: [2 4]
10:35:21,404 root DEBUG Side: OFF	 Angle(dx0, dx): 1.34 deg 	 Angle(n, nold): 0.00 deg 	 Distance in patch: 6.826E-02 	 Total distance: 1.053E-01 	 Future toggles: 1 	 Past toggles: 1 	 Toggled: [[4, array([12], dtype=int64), array([[False]])]] 	 class: [2 4]
10:35:21,404 root DEBUG Check patch-by-patch distances for success (dOFF_patch>dON_patch) and ratio (dOFF_patch/dON_patch):
10:35:21,404 root DEBUG 	 nT= 1  	 success?    True    	 (dON-dOFF)/|dON+dOFF|: 41.32 	 cIDON = [2 4], cIDOFF = [2 4]
10:35:21,404 root DEBUG ===> #(dOFF_patch>dON_patch) = 1/1 = 100.00%
10:35:21,405 root DEBUG dOFF/dON = 2.4
10:35:21,405 root DEBUG {'CHOOSE_DX': 'along_decision_boundary', 'dxONAngle': 77.61461050424673, 'dON1': 0.043739203471814064, 'cIDON1': array([2, 4], dtype=int64), 'dON_patch_1': 0.043739203471814064, 'nTON': 1, 'dON': 0.043739203471814064, 'dxOFFAngle': 83.91778089076135, 'dOFF1': 0.10533793086716613, 'cIDOFF1': array([2, 4], dtype=int64), 'dOFF_patch_1': 0.10533793086716613, 'nTOFF': 1, 'dOFF': 0.10533793086716613, 'SUCCESS': True}
10:35:21,515 root DEBUG 

=================== Experiment ID #15 	 Dual Point ID: 16 ===================
10:35:21,523 root DEBUG CONTROL: 	 OK! 	 (target neuron output < tolerance: |1.598E-08|<1.000E-06)
10:35:21,523 root DEBUG CONTROL DUAL POINT: Check that target neuron output < tolerance ({tol:.3E}) at x_dual.
10:35:21,840 root DEBUG Side: ON	 Angle(dx0, dx): 0.13 deg 	 Angle(n, nold): 0.00 deg 	 Distance in patch: 6.117E-02 	 Total distance: 6.117E-02 	 Future toggles: 1 	 Past toggles: 1 	 Toggled: [[3, array([81], dtype=int64), array([[ True]])]] 	 class: [6 9]
10:35:22,144 root DEBUG Side: OFF	 Angle(dx0, dx): 0.02 deg 	 Angle(n, nold): 0.00 deg 	 Distance in patch: 1.789E-01 	 Total distance: 1.789E-01 	 Future toggles: 1 	 Past toggles: 1 	 Toggled: [[2, array([243], dtype=int64), array([[False]])]] 	 class: [6 9]
10:35:22,144 root DEBUG Check patch-by-patch distances for success (dOFF_patch>dON_patch) and ratio (dOFF_patch/dON_patch):
10:35:22,144 root DEBUG 	 nT= 1  	 success?    True    	 (dON-dOFF)/|dON+dOFF|: 49.04 	 cIDON = [6 9], cIDOFF = [6 9]
10:35:22,144 root DEBUG ===> #(dOFF_patch>dON_patch) = 1/1 = 100.00%
10:35:22,144 root DEBUG dOFF/dON = 2.9
10:35:22,144 root DEBUG {'CHOOSE_DX': 'along_decision_boundary', 'dxONAngle': 81.91336417679402, 'dON1': 0.06117358877550237, 'cIDON1': array([6, 9], dtype=int64), 'dON_patch_1': 0.06117358877550237, 'nTON': 1, 'dON': 0.06117358877550237, 'dxOFFAngle': 86.79459496567338, 'dOFF1': 0.17893266668804253, 'cIDOFF1': array([6, 9], dtype=int64), 'dOFF_patch_1': 0.17893266668804253, 'nTOFF': 1, 'dOFF': 0.17893266668804253, 'SUCCESS': True}
10:35:22,256 root DEBUG 

=================== Experiment ID #16 	 Dual Point ID: 17 ===================
10:35:22,264 root DEBUG CONTROL: 	 OK! 	 (target neuron output < tolerance: |6.813E-08|<1.000E-06)
10:35:22,265 root DEBUG CONTROL DUAL POINT: Check that target neuron output < tolerance ({tol:.3E}) at x_dual.
10:35:22,626 root DEBUG Side: ON	 Angle(dx0, dx): 0.22 deg 	 Angle(n, nold): 0.00 deg 	 Distance in patch: 3.534E-02 	 Total distance: 3.534E-02 	 Future toggles: 1 	 Past toggles: 1 	 Toggled: [[2, array([188], dtype=int64), array([[ True]])]] 	 class: [1 8]
10:35:22,957 root DEBUG Side: OFF	 Angle(dx0, dx): 0.75 deg 	 Angle(n, nold): 0.00 deg 	 Distance in patch: 1.273E-01 	 Total distance: 1.273E-01 	 Future toggles: 1 	 Past toggles: 1 	 Toggled: [[3, array([84], dtype=int64), array([[ True]])]] 	 class: [0 8]
10:35:22,957 root DEBUG Check patch-by-patch distances for success (dOFF_patch>dON_patch) and ratio (dOFF_patch/dON_patch):
10:35:22,957 root DEBUG 	 nT= 1  	 success?    True    	 (dON-dOFF)/|dON+dOFF|: 56.55 	 cIDON = [1 8], cIDOFF = [0 8]
10:35:22,958 root DEBUG ===> #(dOFF_patch>dON_patch) = 1/1 = 100.00%
10:35:22,958 root DEBUG dOFF/dON = 3.6
10:35:22,958 root DEBUG {'CHOOSE_DX': 'along_decision_boundary', 'dxONAngle': 78.19230574175715, 'dON1': 0.035338761547547996, 'cIDON1': array([1, 8], dtype=int64), 'dON_patch_1': 0.035338761547547996, 'nTON': 1, 'dON': 0.035338761547547996, 'dxOFFAngle': 87.83838407652767, 'dOFF1': 0.12730859493796493, 'cIDOFF1': array([0, 8], dtype=int64), 'dOFF_patch_1': 0.12730859493796493, 'nTOFF': 1, 'dOFF': 0.12730859493796493, 'SUCCESS': True}
10:35:23,88 root DEBUG 

=================== Experiment ID #17 	 Dual Point ID: 18 ===================
10:35:23,99 root DEBUG CONTROL: 	 OK! 	 (target neuron output < tolerance: |2.387E-07|<1.000E-06)
10:35:23,100 root DEBUG CONTROL DUAL POINT: Check that target neuron output < tolerance ({tol:.3E}) at x_dual.
10:35:23,445 root DEBUG Side: ON	 Angle(dx0, dx): 10.85 deg 	 Angle(n, nold): 0.00 deg 	 Distance in patch: 3.987E-06 	 Total distance: 3.987E-06 	 Future toggles: 1 	 Past toggles: 1 	 Toggled: [[5, array([0, 1], dtype=int64), array([[0.],
       [1.]])]] 	 class: [1 9]
10:35:23,814 root DEBUG Side: OFF	 Angle(dx0, dx): 0.41 deg 	 Angle(n, nold): 0.00 deg 	 Distance in patch: 1.273E-01 	 Total distance: 1.273E-01 	 Future toggles: 1 	 Past toggles: 1 	 Toggled: [[2, array([248], dtype=int64), array([[False]])]] 	 class: [1 9]
10:35:23,814 root DEBUG Check patch-by-patch distances for success (dOFF_patch>dON_patch) and ratio (dOFF_patch/dON_patch):
10:35:23,814 root DEBUG 	 nT= 1  	 success?    True    	 (dON-dOFF)/|dON+dOFF|: 99.99 	 cIDON = [0 9], cIDOFF = [1 9]
10:35:23,815 root DEBUG ===> #(dOFF_patch>dON_patch) = 1/1 = 100.00%
10:35:23,815 root DEBUG dOFF/dON = 31922.6
10:35:23,815 root DEBUG {'CHOOSE_DX': 'along_decision_boundary', 'dxONAngle': 80.33360501848406, 'dON1': 3.987123914941676e-06, 'cIDON1': array([0, 9], dtype=int64), 'dON_patch_1': 3.987123914941676e-06, 'nTON': 1, 'dON': 3.987123914941676e-06, 'dxOFFAngle': 80.4167643224156, 'dOFF1': 0.12727952858694336, 'cIDOFF1': array([1, 9], dtype=int64), 'dOFF_patch_1': 0.12727952858694336, 'nTOFF': 1, 'dOFF': 0.12727952858694336, 'SUCCESS': True}
10:35:23,921 root DEBUG 

=================== Experiment ID #18 	 Dual Point ID: 19 ===================
10:35:23,931 root DEBUG CONTROL: 	 OK! 	 (target neuron output < tolerance: |1.030E-07|<1.000E-06)
10:35:23,931 root DEBUG CONTROL DUAL POINT: Check that target neuron output < tolerance ({tol:.3E}) at x_dual.
10:35:24,326 root DEBUG Side: ON	 Angle(dx0, dx): 1.41 deg 	 Angle(n, nold): 0.00 deg 	 Distance in patch: 4.640E-04 	 Total distance: 4.640E-04 	 Future toggles: 1 	 Past toggles: 1 	 Toggled: [[4, array([18], dtype=int64), array([[False]])]] 	 class: [2 6]
10:35:24,687 root DEBUG Side: OFF	 Angle(dx0, dx): 0.42 deg 	 Angle(n, nold): 0.00 deg 	 Distance in patch: 6.621E-02 	 Total distance: 6.621E-02 	 Future toggles: 1 	 Past toggles: 1 	 Toggled: [[2, array([212], dtype=int64), array([[ True]])]] 	 class: [2 6]
10:35:24,687 root DEBUG Check patch-by-patch distances for success (dOFF_patch>dON_patch) and ratio (dOFF_patch/dON_patch):
10:35:24,688 root DEBUG 	 nT= 1  	 success?    True    	 (dON-dOFF)/|dON+dOFF|: 98.61 	 cIDON = [2 6], cIDOFF = [2 6]
10:35:24,688 root DEBUG ===> #(dOFF_patch>dON_patch) = 1/1 = 100.00%
10:35:24,688 root DEBUG dOFF/dON = 142.7
10:35:24,688 root DEBUG {'CHOOSE_DX': 'along_decision_boundary', 'dxONAngle': 88.14047630314572, 'dON1': 0.00046404516667784525, 'cIDON1': array([2, 6], dtype=int64), 'dON_patch_1': 0.00046404516667784525, 'nTON': 1, 'dON': 0.00046404516667784525, 'dxOFFAngle': 87.53484377877403, 'dOFF1': 0.0662108623824922, 'cIDOFF1': array([2, 6], dtype=int64), 'dOFF_patch_1': 0.0662108623824922, 'nTOFF': 1, 'dOFF': 0.0662108623824922, 'SUCCESS': True}
10:35:24,772 root DEBUG 

=================== Experiment ID #19 	 Dual Point ID: 20 ===================
10:35:24,797 root DEBUG CONTROL: 	 OK! 	 (target neuron output < tolerance: |1.389E-07|<1.000E-06)
10:35:24,798 root DEBUG CONTROL DUAL POINT: Check that target neuron output < tolerance ({tol:.3E}) at x_dual.
10:35:25,169 root DEBUG Side: ON	 Angle(dx0, dx): 8.20 deg 	 Angle(n, nold): 0.00 deg 	 Distance in patch: 6.163E-03 	 Total distance: 6.163E-03 	 Future toggles: 1 	 Past toggles: 1 	 Toggled: [[3, array([38], dtype=int64), array([[ True]])]] 	 class: [1 2]
10:35:25,481 root DEBUG Side: OFF	 Angle(dx0, dx): 0.57 deg 	 Angle(n, nold): 0.00 deg 	 Distance in patch: 2.017E-01 	 Total distance: 2.017E-01 	 Future toggles: 1 	 Past toggles: 1 	 Toggled: [[2, array([227], dtype=int64), array([[False]])]] 	 class: [0 2]
10:35:25,481 root DEBUG Check patch-by-patch distances for success (dOFF_patch>dON_patch) and ratio (dOFF_patch/dON_patch):
10:35:25,481 root DEBUG 	 nT= 1  	 success?    True    	 (dON-dOFF)/|dON+dOFF|: 94.07 	 cIDON = [1 2], cIDOFF = [0 2]
10:35:25,481 root DEBUG ===> #(dOFF_patch>dON_patch) = 1/1 = 100.00%
10:35:25,482 root DEBUG dOFF/dON = 32.7
10:35:25,482 root DEBUG {'CHOOSE_DX': 'along_decision_boundary', 'dxONAngle': 73.15862952015792, 'dON1': 0.006162537211428231, 'cIDON1': array([1, 2], dtype=int64), 'dON_patch_1': 0.006162537211428231, 'nTON': 1, 'dON': 0.006162537211428231, 'dxOFFAngle': 89.78167670574678, 'dOFF1': 0.20171157468042825, 'cIDOFF1': array([0, 2], dtype=int64), 'dOFF_patch_1': 0.20171157468042825, 'nTOFF': 1, 'dOFF': 0.20171157468042825, 'SUCCESS': True}
10:35:25,611 root DEBUG 

=================== Experiment ID #20 	 Dual Point ID: 21 ===================
10:35:25,624 root DEBUG CONTROL: 	 OK! 	 (target neuron output < tolerance: |3.720E-07|<1.000E-06)
10:35:25,624 root DEBUG CONTROL DUAL POINT: Check that target neuron output < tolerance ({tol:.3E}) at x_dual.
10:35:26,34 root DEBUG Side: ON	 Angle(dx0, dx): 2.89 deg 	 Angle(n, nold): 0.00 deg 	 Distance in patch: 2.607E-02 	 Total distance: 2.607E-02 	 Future toggles: 1 	 Past toggles: 1 	 Toggled: [[3, array([189], dtype=int64), array([[ True]])]] 	 class: [3 6]
10:35:26,471 root DEBUG Side: OFF	 Angle(dx0, dx): 0.12 deg 	 Angle(n, nold): 0.00 deg 	 Distance in patch: 7.913E-02 	 Total distance: 7.913E-02 	 Future toggles: 0 	 Past toggles: 1 	 Toggled: [[1, array([54], dtype=int64), array([[False]])]] 	 class: [3 6]
10:35:26,681 root DEBUG Side: OFF	 Angle(dx0, dx): 2.91 deg 	 Angle(n, nold): 0.00 deg 	 Distance in patch: 1.840E-01 	 Total distance: 2.632E-01 	 Future toggles: 1 	 Past toggles: 1 	 Toggled: [[3, array([6], dtype=int64), array([[False]])]] 	 class: [3 6]
10:35:26,682 root DEBUG Check patch-by-patch distances for success (dOFF_patch>dON_patch) and ratio (dOFF_patch/dON_patch):
10:35:26,682 root DEBUG 	 nT= 1  	 success?    True    	 (dON-dOFF)/|dON+dOFF|: 81.97 	 cIDON = [3 6], cIDOFF = [3 6]
10:35:26,682 root DEBUG ===> #(dOFF_patch>dON_patch) = 1/1 = 100.00%
10:35:26,682 root DEBUG dOFF/dON = 10.1
10:35:26,682 root DEBUG {'CHOOSE_DX': 'along_decision_boundary', 'dxONAngle': 82.03009578497208, 'dON1': 0.026074353582365702, 'cIDON1': array([3, 6], dtype=int64), 'dON_patch_1': 0.026074353582365702, 'nTON': 1, 'dON': 0.026074353582365702, 'dxOFFAngle': 88.94544645881835, 'dOFF1': 0.2631551973595319, 'cIDOFF1': array([3, 6], dtype=int64), 'dOFF_patch_1': 0.2631551973595319, 'nTOFF': 1, 'dOFF': 0.2631551973595319, 'SUCCESS': True}
10:35:26,894 root DEBUG 

=================== Experiment ID #21 	 Dual Point ID: 22 ===================
10:35:26,908 root DEBUG CONTROL: 	 OK! 	 (target neuron output < tolerance: |8.696E-08|<1.000E-06)
10:35:26,908 root DEBUG CONTROL DUAL POINT: Check that target neuron output < tolerance ({tol:.3E}) at x_dual.
10:35:27,392 root DEBUG Side: ON	 Angle(dx0, dx): 2.99 deg 	 Angle(n, nold): 0.00 deg 	 Distance in patch: 1.158E-02 	 Total distance: 1.158E-02 	 Future toggles: 1 	 Past toggles: 1 	 Toggled: [[3, array([221], dtype=int64), array([[ True]])]] 	 class: [3 7]
10:35:27,719 root DEBUG Side: OFF	 Angle(dx0, dx): 0.01 deg 	 Angle(n, nold): 0.00 deg 	 Distance in patch: 5.964E-02 	 Total distance: 5.964E-02 	 Future toggles: 1 	 Past toggles: 1 	 Toggled: [[3, array([207], dtype=int64), array([[ True]])]] 	 class: [3 7]
10:35:27,720 root DEBUG Check patch-by-patch distances for success (dOFF_patch>dON_patch) and ratio (dOFF_patch/dON_patch):
10:35:27,720 root DEBUG 	 nT= 1  	 success?    True    	 (dON-dOFF)/|dON+dOFF|: 67.47 	 cIDON = [3 7], cIDOFF = [3 7]
10:35:27,720 root DEBUG ===> #(dOFF_patch>dON_patch) = 1/1 = 100.00%
10:35:27,720 root DEBUG dOFF/dON = 5.1
10:35:27,720 root DEBUG {'CHOOSE_DX': 'along_decision_boundary', 'dxONAngle': 83.95664725077269, 'dON1': 0.011584721961291455, 'cIDON1': array([3, 7], dtype=int64), 'dON_patch_1': 0.011584721961291455, 'nTON': 1, 'dON': 0.011584721961291455, 'dxOFFAngle': 86.30015557184112, 'dOFF1': 0.059638194434304945, 'cIDOFF1': array([3, 7], dtype=int64), 'dOFF_patch_1': 0.059638194434304945, 'nTOFF': 1, 'dOFF': 0.059638194434304945, 'SUCCESS': True}
10:35:27,823 root DEBUG 

=================== Experiment ID #22 	 Dual Point ID: 23 ===================
10:35:27,832 root DEBUG CONTROL: 	 OK! 	 (target neuron output < tolerance: |6.838E-08|<1.000E-06)
10:35:27,832 root DEBUG CONTROL DUAL POINT: Check that target neuron output < tolerance ({tol:.3E}) at x_dual.
10:35:28,194 root DEBUG Side: ON	 Angle(dx0, dx): 0.50 deg 	 Angle(n, nold): 0.00 deg 	 Distance in patch: 1.340E-02 	 Total distance: 1.340E-02 	 Future toggles: 1 	 Past toggles: 1 	 Toggled: [[4, array([62], dtype=int64), array([[False]])]] 	 class: [2 4]
10:35:28,636 root DEBUG Side: OFF	 Angle(dx0, dx): 0.60 deg 	 Angle(n, nold): 0.00 deg 	 Distance in patch: 1.955E-01 	 Total distance: 1.955E-01 	 Future toggles: 1 	 Past toggles: 1 	 Toggled: [[3, array([62], dtype=int64), array([[ True]])]] 	 class: [2 4]
10:35:28,637 root DEBUG Check patch-by-patch distances for success (dOFF_patch>dON_patch) and ratio (dOFF_patch/dON_patch):
10:35:28,637 root DEBUG 	 nT= 1  	 success?    True    	 (dON-dOFF)/|dON+dOFF|: 87.18 	 cIDON = [2 4], cIDOFF = [2 4]
10:35:28,637 root DEBUG ===> #(dOFF_patch>dON_patch) = 1/1 = 100.00%
10:35:28,637 root DEBUG dOFF/dON = 14.6
10:35:28,637 root DEBUG {'CHOOSE_DX': 'along_decision_boundary', 'dxONAngle': 89.54320243330616, 'dON1': 0.013395621579847217, 'cIDON1': array([2, 4], dtype=int64), 'dON_patch_1': 0.013395621579847217, 'nTON': 1, 'dON': 0.013395621579847217, 'dxOFFAngle': 83.59031208161463, 'dOFF1': 0.19553515977856187, 'cIDOFF1': array([2, 4], dtype=int64), 'dOFF_patch_1': 0.19553515977856187, 'nTOFF': 1, 'dOFF': 0.19553515977856187, 'SUCCESS': True}
10:35:28,713 root DEBUG 

=================== Experiment ID #23 	 Dual Point ID: 24 ===================
10:35:28,730 root DEBUG CONTROL: 	 OK! 	 (target neuron output < tolerance: |1.352E-07|<1.000E-06)
10:35:28,730 root DEBUG CONTROL DUAL POINT: Check that target neuron output < tolerance ({tol:.3E}) at x_dual.
10:35:29,82 root DEBUG Side: ON	 Angle(dx0, dx): 0.84 deg 	 Angle(n, nold): 0.00 deg 	 Distance in patch: 1.164E-01 	 Total distance: 1.164E-01 	 Future toggles: 1 	 Past toggles: 1 	 Toggled: [[3, array([196], dtype=int64), array([[ True]])]] 	 class: [2 7]
10:35:29,511 root DEBUG Side: OFF	 Angle(dx0, dx): 1.00 deg 	 Angle(n, nold): 0.00 deg 	 Distance in patch: 2.783E-01 	 Total distance: 2.783E-01 	 Future toggles: 1 	 Past toggles: 1 	 Toggled: [[3, array([177], dtype=int64), array([[ True]])]] 	 class: [2 7]
10:35:29,512 root DEBUG Check patch-by-patch distances for success (dOFF_patch>dON_patch) and ratio (dOFF_patch/dON_patch):
10:35:29,513 root DEBUG 	 nT= 1  	 success?    True    	 (dON-dOFF)/|dON+dOFF|: 41.02 	 cIDON = [2 7], cIDOFF = [2 7]
10:35:29,513 root DEBUG ===> #(dOFF_patch>dON_patch) = 1/1 = 100.00%
10:35:29,513 root DEBUG dOFF/dON = 2.4
10:35:29,513 root DEBUG {'CHOOSE_DX': 'along_decision_boundary', 'dxONAngle': 80.24985100953997, 'dON1': 0.11640428330869103, 'cIDON1': array([2, 7], dtype=int64), 'dON_patch_1': 0.11640428330869103, 'nTON': 1, 'dON': 0.11640428330869103, 'dxOFFAngle': 81.60180427674207, 'dOFF1': 0.27834084144309784, 'cIDOFF1': array([2, 7], dtype=int64), 'dOFF_patch_1': 0.27834084144309784, 'nTOFF': 1, 'dOFF': 0.27834084144309784, 'SUCCESS': True}
10:35:29,630 root DEBUG 

=================== Experiment ID #24 	 Dual Point ID: 25 ===================
10:35:29,640 root DEBUG CONTROL: 	 OK! 	 (target neuron output < tolerance: |3.174E-07|<1.000E-06)
10:35:29,640 root DEBUG CONTROL DUAL POINT: Check that target neuron output < tolerance ({tol:.3E}) at x_dual.
10:35:30,17 root DEBUG Side: ON	 Angle(dx0, dx): 2.81 deg 	 Angle(n, nold): 0.00 deg 	 Distance in patch: 1.498E-01 	 Total distance: 1.498E-01 	 Future toggles: 1 	 Past toggles: 1 	 Toggled: [[2, array([108], dtype=int64), array([[False]])]] 	 class: [0 2]
10:35:30,493 root DEBUG Side: OFF	 Angle(dx0, dx): 4.25 deg 	 Angle(n, nold): 0.00 deg 	 Distance in patch: 7.524E-01 	 Total distance: 7.524E-01 	 Future toggles: 1 	 Past toggles: 1 	 Toggled: [[5, array([0, 7], dtype=int64), array([[0.],
       [1.]])]] 	 class: [2 7]
10:35:30,493 root DEBUG Check patch-by-patch distances for success (dOFF_patch>dON_patch) and ratio (dOFF_patch/dON_patch):
10:35:30,493 root DEBUG 	 nT= 1  	 success?    True    	 (dON-dOFF)/|dON+dOFF|: 66.80 	 cIDON = [0 2], cIDOFF = [0 2]
10:35:30,493 root DEBUG ===> #(dOFF_patch>dON_patch) = 1/1 = 100.00%
10:35:30,493 root DEBUG dOFF/dON = 5.0
10:35:30,493 root DEBUG {'CHOOSE_DX': 'along_decision_boundary', 'dxONAngle': 69.83915293095514, 'dON1': 0.14975444751390019, 'cIDON1': array([0, 2], dtype=int64), 'dON_patch_1': 0.14975444751390019, 'nTON': 1, 'dON': 0.14975444751390019, 'dxOFFAngle': 88.05134422975162, 'dOFF1': 0.7524173632340918, 'cIDOFF1': array([0, 2], dtype=int64), 'dOFF_patch_1': 0.7524173632340918, 'nTOFF': 1, 'dOFF': 0.7524173632340918, 'SUCCESS': True}
10:35:31,72 PIL.PngImagePlugin DEBUG STREAM b'IHDR' 16 13
10:35:31,72 PIL.PngImagePlugin DEBUG STREAM b'sBIT' 41 4
10:35:31,73 PIL.PngImagePlugin DEBUG b'sBIT' 41 4 (unknown)
10:35:31,73 PIL.PngImagePlugin DEBUG STREAM b'pHYs' 57 9
10:35:31,73 PIL.PngImagePlugin DEBUG STREAM b'IDAT' 78 1189
10:35:31,79 PIL.PngImagePlugin DEBUG STREAM b'IHDR' 16 13
10:35:31,79 PIL.PngImagePlugin DEBUG STREAM b'sBIT' 41 4
10:35:31,79 PIL.PngImagePlugin DEBUG b'sBIT' 41 4 (unknown)
10:35:31,79 PIL.PngImagePlugin DEBUG STREAM b'pHYs' 57 9
10:35:31,79 PIL.PngImagePlugin DEBUG STREAM b'IDAT' 78 2994
10:35:31,92 PIL.PngImagePlugin DEBUG STREAM b'IHDR' 16 13
10:35:31,93 PIL.PngImagePlugin DEBUG STREAM b'sBIT' 41 4
10:35:31,93 PIL.PngImagePlugin DEBUG b'sBIT' 41 4 (unknown)
10:35:31,93 PIL.PngImagePlugin DEBUG STREAM b'pHYs' 57 9
10:35:31,93 PIL.PngImagePlugin DEBUG STREAM b'IDAT' 78 696
10:35:31,96 PIL.PngImagePlugin DEBUG STREAM b'IHDR' 16 13
10:35:31,96 PIL.PngImagePlugin DEBUG STREAM b'sBIT' 41 4
10:35:31,96 PIL.PngImagePlugin DEBUG b'sBIT' 41 4 (unknown)
10:35:31,96 PIL.PngImagePlugin DEBUG STREAM b'pHYs' 57 9
10:35:31,96 PIL.PngImagePlugin DEBUG STREAM b'IDAT' 78 526
10:35:31,99 PIL.PngImagePlugin DEBUG STREAM b'IHDR' 16 13
10:35:31,99 PIL.PngImagePlugin DEBUG STREAM b'sBIT' 41 4
10:35:31,99 PIL.PngImagePlugin DEBUG b'sBIT' 41 4 (unknown)
10:35:31,99 PIL.PngImagePlugin DEBUG STREAM b'pHYs' 57 9
10:35:31,99 PIL.PngImagePlugin DEBUG STREAM b'IDAT' 78 499
10:35:31,102 PIL.PngImagePlugin DEBUG STREAM b'IHDR' 16 13
10:35:31,102 PIL.PngImagePlugin DEBUG STREAM b'sBIT' 41 4
10:35:31,102 PIL.PngImagePlugin DEBUG b'sBIT' 41 4 (unknown)
10:35:31,102 PIL.PngImagePlugin DEBUG STREAM b'pHYs' 57 9
10:35:31,103 PIL.PngImagePlugin DEBUG STREAM b'IDAT' 78 673
10:35:31,106 PIL.PngImagePlugin DEBUG STREAM b'IHDR' 16 13
10:35:31,106 PIL.PngImagePlugin DEBUG STREAM b'sBIT' 41 4
10:35:31,106 PIL.PngImagePlugin DEBUG b'sBIT' 41 4 (unknown)
10:35:31,106 PIL.PngImagePlugin DEBUG STREAM b'pHYs' 57 9
10:35:31,106 PIL.PngImagePlugin DEBUG STREAM b'IDAT' 78 922
10:35:31,139 PIL.PngImagePlugin DEBUG STREAM b'IHDR' 16 13
10:35:31,140 PIL.PngImagePlugin DEBUG STREAM b'sBIT' 41 4
10:35:31,140 PIL.PngImagePlugin DEBUG b'sBIT' 41 4 (unknown)
10:35:31,140 PIL.PngImagePlugin DEBUG STREAM b'pHYs' 57 9
10:35:31,140 PIL.PngImagePlugin DEBUG STREAM b'IDAT' 78 568
10:35:31,143 PIL.PngImagePlugin DEBUG STREAM b'IHDR' 16 13
10:35:31,143 PIL.PngImagePlugin DEBUG STREAM b'sBIT' 41 4
10:35:31,143 PIL.PngImagePlugin DEBUG b'sBIT' 41 4 (unknown)
10:35:31,144 PIL.PngImagePlugin DEBUG STREAM b'pHYs' 57 9
10:35:31,144 PIL.PngImagePlugin DEBUG STREAM b'IDAT' 78 626
