11:02:09,895 root DEBUG Check that model weights are dtype tf.float64: 	 <dtype: 'float64'>
11:02:09,896 root INFO eps: 1e-06
11:02:09,896 root INFO tol: 1e-06
11:02:09,937 root DEBUG Load dual points from file: ../data/dual_points_cifar10_3x256_64_10_float64.
11:02:09,960 root DEBUG 

=================== Experiment ID #0 	 Dual Point ID: 1 ===================
11:02:09,971 root DEBUG CONTROL: 	 OK! 	 (target neuron output < tolerance: |3.850E-09|<1.000E-06)
11:02:09,971 root DEBUG CONTROL DUAL POINT: Check that target neuron output < tolerance ({tol:.3E}) at x_dual.
11:02:10,334 root DEBUG Side: ON	 Angle(dx0, dx): 0.00 deg 	 Angle(n, nold): 0.00 deg 	 Distance in patch: 1.077E-02 	 Total distance: 1.077E-02 	 Future toggles: 0 	 Past toggles: 1 	 Toggled: [[1, array([102], dtype=int64), array([[ True]])]] 	 class: [5 7]
11:02:10,594 root DEBUG Side: ON	 Angle(dx0, dx): 0.15 deg 	 Angle(n, nold): 0.00 deg 	 Distance in patch: 2.388E-01 	 Total distance: 2.496E-01 	 Future toggles: 1 	 Past toggles: 1 	 Toggled: [[4, array([10], dtype=int64), array([[False]])]] 	 class: [5 7]
11:02:11,98 root DEBUG Side: OFF	 Angle(dx0, dx): 0.01 deg 	 Angle(n, nold): 0.00 deg 	 Distance in patch: 5.671E-01 	 Total distance: 5.671E-01 	 Future toggles: 0 	 Past toggles: 1 	 Toggled: [[1, array([135], dtype=int64), array([[False]])]] 	 class: [5 7]
11:02:11,352 root DEBUG Side: OFF	 Angle(dx0, dx): 0.47 deg 	 Angle(n, nold): 0.00 deg 	 Distance in patch: 1.040E-01 	 Total distance: 6.712E-01 	 Future toggles: 1 	 Past toggles: 1 	 Toggled: [[5, array([3, 7], dtype=int64), array([[1.],
       [0.]])]] 	 class: [3 5]
11:02:11,352 root DEBUG Check patch-by-patch distances for success (dOFF_patch>dON_patch) and ratio (dOFF_patch/dON_patch):
11:02:11,352 root DEBUG 	 nT= 1  	 success?    True    	 (dON-dOFF)/|dON+dOFF|: 45.78 	 cIDON = [5 7], cIDOFF = [5 7]
11:02:11,353 root DEBUG ===> #(dOFF_patch>dON_patch) = 1/1 = 100.00%
11:02:11,353 root DEBUG dOFF/dON = 2.7
11:02:11,353 root DEBUG {'CHOOSE_DX': 'along_decision_boundary', 'dxONAngle': 89.24840844594824, 'dON1': 0.24961324007666216, 'cIDON1': array([5, 7], dtype=int64), 'dON_patch_1': 0.24961324007666216, 'nTON': 1, 'dON': 0.24961324007666216, 'dxOFFAngle': 89.91277016021394, 'dOFF1': 0.6711846005265185, 'cIDOFF1': array([5, 7], dtype=int64), 'dOFF_patch_1': 0.6711846005265185, 'nTOFF': 1, 'dOFF': 0.6711846005265185, 'SUCCESS': True}
11:02:11,397 root DEBUG 

=================== Experiment ID #1 	 Dual Point ID: 2 ===================
11:02:11,406 root DEBUG CONTROL: 	 OK! 	 (target neuron output < tolerance: |5.039E-09|<1.000E-06)
11:02:11,406 root DEBUG CONTROL DUAL POINT: Check that target neuron output < tolerance ({tol:.3E}) at x_dual.
11:02:11,763 root DEBUG Side: ON	 Angle(dx0, dx): 0.20 deg 	 Angle(n, nold): 0.00 deg 	 Distance in patch: 1.443E-01 	 Total distance: 1.443E-01 	 Future toggles: 1 	 Past toggles: 1 	 Toggled: [[3, array([205], dtype=int64), array([[False]])]] 	 class: [8 9]
11:02:12,133 root DEBUG Side: OFF	 Angle(dx0, dx): 0.28 deg 	 Angle(n, nold): 0.00 deg 	 Distance in patch: 3.241E-01 	 Total distance: 3.241E-01 	 Future toggles: 1 	 Past toggles: 1 	 Toggled: [[3, array([21], dtype=int64), array([[False]])]] 	 class: [8 9]
11:02:12,133 root DEBUG Check patch-by-patch distances for success (dOFF_patch>dON_patch) and ratio (dOFF_patch/dON_patch):
11:02:12,133 root DEBUG 	 nT= 1  	 success?    True    	 (dON-dOFF)/|dON+dOFF|: 38.39 	 cIDON = [8 9], cIDOFF = [8 9]
11:02:12,133 root DEBUG ===> #(dOFF_patch>dON_patch) = 1/1 = 100.00%
11:02:12,133 root DEBUG dOFF/dON = 2.2
11:02:12,133 root DEBUG {'CHOOSE_DX': 'along_decision_boundary', 'dxONAngle': 89.7619725161137, 'dON1': 0.14429347145163682, 'cIDON1': array([8, 9], dtype=int64), 'dON_patch_1': 0.14429347145163682, 'nTON': 1, 'dON': 0.14429347145163682, 'dxOFFAngle': 89.94519735648608, 'dOFF1': 0.3241168624222218, 'cIDOFF1': array([8, 9], dtype=int64), 'dOFF_patch_1': 0.3241168624222218, 'nTOFF': 1, 'dOFF': 0.3241168624222218, 'SUCCESS': True}
11:02:12,281 root DEBUG 

=================== Experiment ID #2 	 Dual Point ID: 3 ===================
11:02:12,290 root DEBUG CONTROL: 	 OK! 	 (target neuron output < tolerance: |3.150E-09|<1.000E-06)
11:02:12,291 root DEBUG CONTROL DUAL POINT: Check that target neuron output < tolerance ({tol:.3E}) at x_dual.
11:02:12,623 root DEBUG Side: ON	 Angle(dx0, dx): 0.00 deg 	 Angle(n, nold): 0.00 deg 	 Distance in patch: 1.032E+00 	 Total distance: 1.032E+00 	 Future toggles: 0 	 Past toggles: 1 	 Toggled: [[1, array([64], dtype=int64), array([[ True]])]] 	 class: [8 9]
11:02:12,886 root DEBUG Side: ON	 Angle(dx0, dx): 0.58 deg 	 Angle(n, nold): 0.00 deg 	 Distance in patch: 5.690E-01 	 Total distance: 1.601E+00 	 Future toggles: 1 	 Past toggles: 1 	 Toggled: [[5, array([1, 8], dtype=int64), array([[1.],
       [0.]])]] 	 class: [1 9]
11:02:13,244 root DEBUG Side: OFF	 Angle(dx0, dx): 0.01 deg 	 Angle(n, nold): 0.00 deg 	 Distance in patch: 1.159E+00 	 Total distance: 1.159E+00 	 Future toggles: 0 	 Past toggles: 1 	 Toggled: [[1, array([136], dtype=int64), array([[False]])]] 	 class: [8 9]
11:02:13,603 root DEBUG Side: OFF	 Angle(dx0, dx): 0.01 deg 	 Angle(n, nold): 0.00 deg 	 Distance in patch: 5.007E-01 	 Total distance: 1.659E+00 	 Future toggles: 0 	 Past toggles: 2 	 Toggled: [[1, array([155], dtype=int64), array([[False]])]] 	 class: [8 9]
11:02:13,966 root DEBUG Side: OFF	 Angle(dx0, dx): 0.00 deg 	 Angle(n, nold): 0.00 deg 	 Distance in patch: 6.981E-01 	 Total distance: 2.357E+00 	 Future toggles: 0 	 Past toggles: 3 	 Toggled: [[1, array([128], dtype=int64), array([[ True]])]] 	 class: [8 9]
11:02:14,443 root DEBUG Side: OFF	 Angle(dx0, dx): 0.48 deg 	 Angle(n, nold): 0.00 deg 	 Distance in patch: 1.288E-01 	 Total distance: 2.486E+00 	 Future toggles: 1 	 Past toggles: 1 	 Toggled: [[5, array([0, 8], dtype=int64), array([[1.],
       [0.]])]] 	 class: [0 9]
11:02:14,443 root DEBUG Check patch-by-patch distances for success (dOFF_patch>dON_patch) and ratio (dOFF_patch/dON_patch):
11:02:14,443 root DEBUG 	 nT= 1  	 success?    True    	 (dON-dOFF)/|dON+dOFF|: 21.66 	 cIDON = [8 9], cIDOFF = [8 9]
11:02:14,443 root DEBUG ===> #(dOFF_patch>dON_patch) = 1/1 = 100.00%
11:02:14,443 root DEBUG dOFF/dON = 1.6
11:02:14,443 root DEBUG {'CHOOSE_DX': 'along_decision_boundary', 'dxONAngle': 89.71612923841971, 'dON1': 1.6010605886614075, 'cIDON1': array([8, 9], dtype=int64), 'dON_patch_1': 1.6010605886614075, 'nTON': 1, 'dON': 1.6010605886614075, 'dxOFFAngle': 89.6319672998869, 'dOFF1': 2.4862278812930785, 'cIDOFF1': array([8, 9], dtype=int64), 'dOFF_patch_1': 2.4862278812930785, 'nTOFF': 1, 'dOFF': 2.4862278812930785, 'SUCCESS': True}
11:02:14,532 root DEBUG 

=================== Experiment ID #3 	 Dual Point ID: 4 ===================
11:02:14,539 root DEBUG CONTROL: 	 OK! 	 (target neuron output < tolerance: |5.887E-10|<1.000E-06)
11:02:14,539 root DEBUG CONTROL DUAL POINT: Check that target neuron output < tolerance ({tol:.3E}) at x_dual.
11:02:14,861 root DEBUG Side: ON	 Angle(dx0, dx): 0.01 deg 	 Angle(n, nold): 0.00 deg 	 Distance in patch: 2.980E-03 	 Total distance: 2.980E-03 	 Future toggles: 0 	 Past toggles: 1 	 Toggled: [[1, array([154], dtype=int64), array([[False]])]] 	 class: [2 7]
11:02:15,61 root DEBUG Side: ON	 Angle(dx0, dx): 0.01 deg 	 Angle(n, nold): 0.00 deg 	 Distance in patch: 9.493E-02 	 Total distance: 9.791E-02 	 Future toggles: 0 	 Past toggles: 2 	 Toggled: [[1, array([126], dtype=int64), array([[False]])]] 	 class: [2 7]
11:02:15,288 root DEBUG Side: ON	 Angle(dx0, dx): 0.00 deg 	 Angle(n, nold): 0.00 deg 	 Distance in patch: 3.572E-01 	 Total distance: 4.552E-01 	 Future toggles: 0 	 Past toggles: 3 	 Toggled: [[1, array([188], dtype=int64), array([[ True]])]] 	 class: [2 7]
11:02:15,501 root DEBUG Side: ON	 Angle(dx0, dx): 0.16 deg 	 Angle(n, nold): 0.00 deg 	 Distance in patch: 1.128E-01 	 Total distance: 5.680E-01 	 Future toggles: 1 	 Past toggles: 1 	 Toggled: [[4, array([8], dtype=int64), array([[False]])]] 	 class: [2 7]
11:02:15,825 root DEBUG Side: OFF	 Angle(dx0, dx): 0.00 deg 	 Angle(n, nold): 0.00 deg 	 Distance in patch: 3.203E-01 	 Total distance: 3.203E-01 	 Future toggles: 0 	 Past toggles: 1 	 Toggled: [[1, array([73], dtype=int64), array([[False]])]] 	 class: [2 7]
11:02:16,26 root DEBUG Side: OFF	 Angle(dx0, dx): 0.00 deg 	 Angle(n, nold): 0.00 deg 	 Distance in patch: 6.673E-02 	 Total distance: 3.871E-01 	 Future toggles: 0 	 Past toggles: 2 	 Toggled: [[1, array([226], dtype=int64), array([[ True]])]] 	 class: [2 7]
11:02:16,267 root DEBUG Side: OFF	 Angle(dx0, dx): 0.01 deg 	 Angle(n, nold): 0.00 deg 	 Distance in patch: 4.559E-01 	 Total distance: 8.430E-01 	 Future toggles: 0 	 Past toggles: 3 	 Toggled: [[1, array([143], dtype=int64), array([[False]])]] 	 class: [2 7]
11:02:16,575 root DEBUG Side: OFF	 Angle(dx0, dx): 0.09 deg 	 Angle(n, nold): 0.00 deg 	 Distance in patch: 1.310E-01 	 Total distance: 9.740E-01 	 Future toggles: 1 	 Past toggles: 1 	 Toggled: [[4, array([8], dtype=int64), array([[False]])]] 	 class: [2 7]
11:02:16,575 root DEBUG Check patch-by-patch distances for success (dOFF_patch>dON_patch) and ratio (dOFF_patch/dON_patch):
11:02:16,576 root DEBUG 	 nT= 1  	 success?    True    	 (dON-dOFF)/|dON+dOFF|: 26.33 	 cIDON = [2 7], cIDOFF = [2 7]
11:02:16,576 root DEBUG ===> #(dOFF_patch>dON_patch) = 1/1 = 100.00%
11:02:16,576 root DEBUG dOFF/dON = 1.7
11:02:16,576 root DEBUG {'CHOOSE_DX': 'along_decision_boundary', 'dxONAngle': 89.93284906662262, 'dON1': 0.5679555113597214, 'cIDON1': array([2, 7], dtype=int64), 'dON_patch_1': 0.5679555113597214, 'nTON': 1, 'dON': 0.5679555113597214, 'dxOFFAngle': 89.98832055742808, 'dOFF1': 0.9740223820816625, 'cIDOFF1': array([2, 7], dtype=int64), 'dOFF_patch_1': 0.9740223820816625, 'nTOFF': 1, 'dOFF': 0.9740223820816625, 'SUCCESS': True}
11:02:16,645 root DEBUG 

=================== Experiment ID #4 	 Dual Point ID: 5 ===================
11:02:16,654 root DEBUG CONTROL: 	 OK! 	 (target neuron output < tolerance: |1.700E-09|<1.000E-06)
11:02:16,654 root DEBUG CONTROL DUAL POINT: Check that target neuron output < tolerance ({tol:.3E}) at x_dual.
11:02:17,100 root DEBUG Side: ON	 Angle(dx0, dx): 0.02 deg 	 Angle(n, nold): 0.00 deg 	 Distance in patch: 1.274E-02 	 Total distance: 1.274E-02 	 Future toggles: 1 	 Past toggles: 1 	 Toggled: [[2, array([22], dtype=int64), array([[False]])]] 	 class: [2 6]
11:02:17,453 root DEBUG Side: OFF	 Angle(dx0, dx): 0.08 deg 	 Angle(n, nold): 0.00 deg 	 Distance in patch: 4.064E-02 	 Total distance: 4.064E-02 	 Future toggles: 1 	 Past toggles: 1 	 Toggled: [[2, array([129], dtype=int64), array([[ True]])]] 	 class: [2 6]
11:02:17,453 root DEBUG Check patch-by-patch distances for success (dOFF_patch>dON_patch) and ratio (dOFF_patch/dON_patch):
11:02:17,453 root DEBUG 	 nT= 1  	 success?    True    	 (dON-dOFF)/|dON+dOFF|: 52.26 	 cIDON = [2 6], cIDOFF = [2 6]
11:02:17,453 root DEBUG ===> #(dOFF_patch>dON_patch) = 1/1 = 100.00%
11:02:17,453 root DEBUG dOFF/dON = 3.2
11:02:17,453 root DEBUG {'CHOOSE_DX': 'along_decision_boundary', 'dxONAngle': 88.42152334928872, 'dON1': 0.012742495528395877, 'cIDON1': array([2, 6], dtype=int64), 'dON_patch_1': 0.012742495528395877, 'nTON': 1, 'dON': 0.012742495528395877, 'dxOFFAngle': 88.64374178787533, 'dOFF1': 0.04063634736535661, 'cIDOFF1': array([2, 6], dtype=int64), 'dOFF_patch_1': 0.04063634736535661, 'nTOFF': 1, 'dOFF': 0.04063634736535661, 'SUCCESS': True}
11:02:17,560 root DEBUG 

=================== Experiment ID #5 	 Dual Point ID: 6 ===================
11:02:17,570 root DEBUG CONTROL: 	 OK! 	 (target neuron output < tolerance: |9.875E-09|<1.000E-06)
11:02:17,570 root DEBUG CONTROL DUAL POINT: Check that target neuron output < tolerance ({tol:.3E}) at x_dual.
11:02:17,867 root DEBUG Side: ON	 Angle(dx0, dx): 1.40 deg 	 Angle(n, nold): 0.00 deg 	 Distance in patch: 2.215E-06 	 Total distance: 2.215E-06 	 Future toggles: 1 	 Past toggles: 1 	 Toggled: [[5, array([0, 1], dtype=int64), array([[1.],
       [0.]])]] 	 class: [0 8]
11:02:18,251 root DEBUG Side: OFF	 Angle(dx0, dx): 0.19 deg 	 Angle(n, nold): 0.00 deg 	 Distance in patch: 3.516E+00 	 Total distance: 3.516E+00 	 Future toggles: 1 	 Past toggles: 1 	 Toggled: [[2, array([87], dtype=int64), array([[False]])]] 	 class: [1 8]
11:02:18,251 root DEBUG Check patch-by-patch distances for success (dOFF_patch>dON_patch) and ratio (dOFF_patch/dON_patch):
11:02:18,251 root DEBUG 	 nT= 1  	 success?    True    	 (dON-dOFF)/|dON+dOFF|: 100.00 	 cIDON = [1 8], cIDOFF = [1 8]
11:02:18,251 root DEBUG ===> #(dOFF_patch>dON_patch) = 1/1 = 100.00%
11:02:18,251 root DEBUG dOFF/dON = 1587105.2
11:02:18,251 root DEBUG {'CHOOSE_DX': 'along_decision_boundary', 'dxONAngle': 89.26413287048348, 'dON1': 2.2150427385409197e-06, 'cIDON1': array([1, 8], dtype=int64), 'dON_patch_1': 2.2150427385409197e-06, 'nTON': 1, 'dON': 2.2150427385409197e-06, 'dxOFFAngle': 89.26357782480379, 'dOFF1': 3.5155058433670896, 'cIDOFF1': array([1, 8], dtype=int64), 'dOFF_patch_1': 3.5155058433670896, 'nTOFF': 1, 'dOFF': 3.5155058433670896, 'SUCCESS': True}
11:02:18,298 root DEBUG 

=================== Experiment ID #6 	 Dual Point ID: 7 ===================
11:02:18,308 root DEBUG CONTROL: 	 OK! 	 (target neuron output < tolerance: |4.904E-09|<1.000E-06)
11:02:18,308 root DEBUG CONTROL DUAL POINT: Check that target neuron output < tolerance ({tol:.3E}) at x_dual.
11:02:18,709 root DEBUG Side: ON	 Angle(dx0, dx): 0.44 deg 	 Angle(n, nold): 0.00 deg 	 Distance in patch: 1.208E-01 	 Total distance: 1.208E-01 	 Future toggles: 1 	 Past toggles: 1 	 Toggled: [[3, array([221], dtype=int64), array([[False]])]] 	 class: [0 8]
11:02:19,23 root DEBUG Side: OFF	 Angle(dx0, dx): 1.04 deg 	 Angle(n, nold): 0.00 deg 	 Distance in patch: 8.123E-06 	 Total distance: 8.123E-06 	 Future toggles: 1 	 Past toggles: 1 	 Toggled: [[5, array([0, 1], dtype=int64), array([[1.],
       [0.]])]] 	 class: [0 8]
11:02:19,23 root DEBUG Check patch-by-patch distances for success (dOFF_patch>dON_patch) and ratio (dOFF_patch/dON_patch):
11:02:19,23 root DEBUG 	 nT= 1  	 success?   False    	 (dON-dOFF)/|dON+dOFF|: -99.99 	 cIDON = [0 8], cIDOFF = [1 8]
11:02:19,23 root DEBUG ===> #(dOFF_patch>dON_patch) = 0/1 = 0.00%
11:02:19,24 root DEBUG dOFF/dON = 0.0
11:02:19,24 root DEBUG {'CHOOSE_DX': 'along_decision_boundary', 'dxONAngle': 89.65633012681482, 'dON1': 0.1208323873796019, 'cIDON1': array([0, 8], dtype=int64), 'dON_patch_1': 0.1208323873796019, 'nTON': 1, 'dON': 0.1208323873796019, 'dxOFFAngle': 88.92829391494193, 'dOFF1': 8.12257441439582e-06, 'cIDOFF1': array([1, 8], dtype=int64), 'dOFF_patch_1': 8.12257441439582e-06, 'nTOFF': 1, 'dOFF': 8.12257441439582e-06, 'SUCCESS': False}
11:02:19,66 root DEBUG 

=================== Experiment ID #7 	 Dual Point ID: 8 ===================
11:02:19,92 root DEBUG CONTROL: 	 OK! 	 (target neuron output < tolerance: |1.815E-08|<1.000E-06)
11:02:19,92 root DEBUG CONTROL DUAL POINT: Check that target neuron output < tolerance ({tol:.3E}) at x_dual.
11:02:19,507 root DEBUG Side: ON	 Angle(dx0, dx): 0.43 deg 	 Angle(n, nold): 0.00 deg 	 Distance in patch: 5.688E-01 	 Total distance: 5.688E-01 	 Future toggles: 1 	 Past toggles: 1 	 Toggled: [[3, array([106], dtype=int64), array([[False]])]] 	 class: [5 7]
11:02:19,851 root DEBUG Side: OFF	 Angle(dx0, dx): 0.00 deg 	 Angle(n, nold): 0.00 deg 	 Distance in patch: 3.463E-01 	 Total distance: 3.463E-01 	 Future toggles: 0 	 Past toggles: 1 	 Toggled: [[1, array([6], dtype=int64), array([[ True]])]] 	 class: [5 7]
11:02:20,146 root DEBUG Side: OFF	 Angle(dx0, dx): 0.01 deg 	 Angle(n, nold): 0.00 deg 	 Distance in patch: 6.982E-01 	 Total distance: 1.045E+00 	 Future toggles: 0 	 Past toggles: 2 	 Toggled: [[1, array([49], dtype=int64), array([[False]])]] 	 class: [5 7]
11:02:20,387 root DEBUG Side: OFF	 Angle(dx0, dx): 0.00 deg 	 Angle(n, nold): 0.00 deg 	 Distance in patch: 5.178E-02 	 Total distance: 1.096E+00 	 Future toggles: 0 	 Past toggles: 3 	 Toggled: [[1, array([224], dtype=int64), array([[False]])]] 	 class: [5 7]
11:02:20,665 root DEBUG Side: OFF	 Angle(dx0, dx): 0.16 deg 	 Angle(n, nold): 0.00 deg 	 Distance in patch: 2.180E-01 	 Total distance: 1.314E+00 	 Future toggles: 1 	 Past toggles: 1 	 Toggled: [[2, array([136], dtype=int64), array([[ True]])]] 	 class: [5 7]
11:02:20,666 root DEBUG Check patch-by-patch distances for success (dOFF_patch>dON_patch) and ratio (dOFF_patch/dON_patch):
11:02:20,666 root DEBUG 	 nT= 1  	 success?    True    	 (dON-dOFF)/|dON+dOFF|: 39.59 	 cIDON = [5 7], cIDOFF = [5 7]
11:02:20,666 root DEBUG ===> #(dOFF_patch>dON_patch) = 1/1 = 100.00%
11:02:20,666 root DEBUG dOFF/dON = 2.3
11:02:20,666 root DEBUG {'CHOOSE_DX': 'along_decision_boundary', 'dxONAngle': 89.52452133639483, 'dON1': 0.5688318251931396, 'cIDON1': array([5, 7], dtype=int64), 'dON_patch_1': 0.5688318251931396, 'nTON': 1, 'dON': 0.5688318251931396, 'dxOFFAngle': 89.20335239266906, 'dOFF1': 1.3142814911561158, 'cIDOFF1': array([5, 7], dtype=int64), 'dOFF_patch_1': 1.3142814911561158, 'nTOFF': 1, 'dOFF': 1.3142814911561158, 'SUCCESS': True}
11:02:20,712 root DEBUG 

=================== Experiment ID #8 	 Dual Point ID: 9 ===================
11:02:20,721 root DEBUG CONTROL: 	 OK! 	 (target neuron output < tolerance: |2.555E-08|<1.000E-06)
11:02:20,721 root DEBUG CONTROL DUAL POINT: Check that target neuron output < tolerance ({tol:.3E}) at x_dual.
11:02:21,87 root DEBUG Side: ON	 Angle(dx0, dx): 0.01 deg 	 Angle(n, nold): 0.00 deg 	 Distance in patch: 2.093E-01 	 Total distance: 2.093E-01 	 Future toggles: 1 	 Past toggles: 1 	 Toggled: [[2, array([240], dtype=int64), array([[False]])]] 	 class: [3 5]
11:02:21,452 root DEBUG Side: OFF	 Angle(dx0, dx): 0.00 deg 	 Angle(n, nold): 0.00 deg 	 Distance in patch: 3.497E-01 	 Total distance: 3.497E-01 	 Future toggles: 0 	 Past toggles: 1 	 Toggled: [[1, array([81], dtype=int64), array([[False]])]] 	 class: [3 5]
11:02:21,694 root DEBUG Side: OFF	 Angle(dx0, dx): 0.01 deg 	 Angle(n, nold): 0.00 deg 	 Distance in patch: 1.540E+00 	 Total distance: 1.890E+00 	 Future toggles: 0 	 Past toggles: 2 	 Toggled: [[1, array([155], dtype=int64), array([[False]])]] 	 class: [3 5]
11:02:21,913 root DEBUG Side: OFF	 Angle(dx0, dx): 0.02 deg 	 Angle(n, nold): 0.00 deg 	 Distance in patch: 3.084E-01 	 Total distance: 2.198E+00 	 Future toggles: 1 	 Past toggles: 1 	 Toggled: [[2, array([33], dtype=int64), array([[ True]])]] 	 class: [3 5]
11:02:21,913 root DEBUG Check patch-by-patch distances for success (dOFF_patch>dON_patch) and ratio (dOFF_patch/dON_patch):
11:02:21,914 root DEBUG 	 nT= 1  	 success?    True    	 (dON-dOFF)/|dON+dOFF|: 82.62 	 cIDON = [3 5], cIDOFF = [3 5]
11:02:21,914 root DEBUG ===> #(dOFF_patch>dON_patch) = 1/1 = 100.00%
11:02:21,914 root DEBUG dOFF/dON = 10.5
11:02:21,914 root DEBUG {'CHOOSE_DX': 'along_decision_boundary', 'dxONAngle': 89.62142659356697, 'dON1': 0.209261592714126, 'cIDON1': array([3, 5], dtype=int64), 'dON_patch_1': 0.209261592714126, 'nTON': 1, 'dON': 0.209261592714126, 'dxOFFAngle': 89.77848918083718, 'dOFF1': 2.19813379960521, 'cIDOFF1': array([3, 5], dtype=int64), 'dOFF_patch_1': 2.19813379960521, 'nTOFF': 1, 'dOFF': 2.19813379960521, 'SUCCESS': True}
11:02:21,965 root DEBUG 

=================== Experiment ID #9 	 Dual Point ID: 10 ===================
11:02:21,974 root DEBUG CONTROL: 	 OK! 	 (target neuron output < tolerance: |8.038E-09|<1.000E-06)
11:02:21,975 root DEBUG CONTROL DUAL POINT: Check that target neuron output < tolerance ({tol:.3E}) at x_dual.
11:02:22,327 root DEBUG Side: ON	 Angle(dx0, dx): 0.03 deg 	 Angle(n, nold): 0.00 deg 	 Distance in patch: 9.692E-02 	 Total distance: 9.692E-02 	 Future toggles: 1 	 Past toggles: 1 	 Toggled: [[2, array([139], dtype=int64), array([[False]])]] 	 class: [1 8]
11:02:22,726 root DEBUG Side: OFF	 Angle(dx0, dx): 0.09 deg 	 Angle(n, nold): 0.00 deg 	 Distance in patch: 4.214E-01 	 Total distance: 4.214E-01 	 Future toggles: 1 	 Past toggles: 1 	 Toggled: [[2, array([1], dtype=int64), array([[False]])]] 	 class: [0 8]
11:02:22,727 root DEBUG Check patch-by-patch distances for success (dOFF_patch>dON_patch) and ratio (dOFF_patch/dON_patch):
11:02:22,727 root DEBUG 	 nT= 1  	 success?    True    	 (dON-dOFF)/|dON+dOFF|: 62.61 	 cIDON = [1 8], cIDOFF = [0 8]
11:02:22,727 root DEBUG ===> #(dOFF_patch>dON_patch) = 1/1 = 100.00%
11:02:22,727 root DEBUG dOFF/dON = 4.3
11:02:22,727 root DEBUG {'CHOOSE_DX': 'along_decision_boundary', 'dxONAngle': 89.77059914317853, 'dON1': 0.09691862311014751, 'cIDON1': array([1, 8], dtype=int64), 'dON_patch_1': 0.09691862311014751, 'nTON': 1, 'dON': 0.09691862311014751, 'dxOFFAngle': 88.43152153647284, 'dOFF1': 0.42144717508310686, 'cIDOFF1': array([0, 8], dtype=int64), 'dOFF_patch_1': 0.42144717508310686, 'nTOFF': 1, 'dOFF': 0.42144717508310686, 'SUCCESS': True}
11:02:22,834 root DEBUG 

=================== Experiment ID #10 	 Dual Point ID: 11 ===================
11:02:22,843 root DEBUG CONTROL: 	 OK! 	 (target neuron output < tolerance: |1.319E-08|<1.000E-06)
11:02:22,843 root DEBUG CONTROL DUAL POINT: Check that target neuron output < tolerance ({tol:.3E}) at x_dual.
11:02:23,258 root DEBUG Side: ON	 Angle(dx0, dx): 0.02 deg 	 Angle(n, nold): 0.00 deg 	 Distance in patch: 2.650E-01 	 Total distance: 2.650E-01 	 Future toggles: 1 	 Past toggles: 1 	 Toggled: [[4, array([49], dtype=int64), array([[False]])]] 	 class: [3 5]
11:02:23,606 root DEBUG Side: OFF	 Angle(dx0, dx): 0.08 deg 	 Angle(n, nold): 0.00 deg 	 Distance in patch: 2.680E-02 	 Total distance: 2.680E-02 	 Future toggles: 0 	 Past toggles: 1 	 Toggled: [[1, array([182], dtype=int64), array([[False]])]] 	 class: [3 5]
11:02:23,850 root DEBUG Side: OFF	 Angle(dx0, dx): 0.00 deg 	 Angle(n, nold): 0.00 deg 	 Distance in patch: 1.233E-01 	 Total distance: 1.501E-01 	 Future toggles: 0 	 Past toggles: 2 	 Toggled: [[1, array([42], dtype=int64), array([[ True]])]] 	 class: [3 5]
11:02:24,75 root DEBUG Side: OFF	 Angle(dx0, dx): 0.01 deg 	 Angle(n, nold): 0.00 deg 	 Distance in patch: 4.666E-01 	 Total distance: 6.167E-01 	 Future toggles: 1 	 Past toggles: 1 	 Toggled: [[4, array([49], dtype=int64), array([[False]])]] 	 class: [3 5]
11:02:24,75 root DEBUG Check patch-by-patch distances for success (dOFF_patch>dON_patch) and ratio (dOFF_patch/dON_patch):
11:02:24,75 root DEBUG 	 nT= 1  	 success?    True    	 (dON-dOFF)/|dON+dOFF|: 39.89 	 cIDON = [3 5], cIDOFF = [3 5]
11:02:24,75 root DEBUG ===> #(dOFF_patch>dON_patch) = 1/1 = 100.00%
11:02:24,76 root DEBUG dOFF/dON = 2.3
11:02:24,76 root DEBUG {'CHOOSE_DX': 'along_decision_boundary', 'dxONAngle': 89.80095143532894, 'dON1': 0.2650332301060214, 'cIDON1': array([3, 5], dtype=int64), 'dON_patch_1': 0.2650332301060214, 'nTON': 1, 'dON': 0.2650332301060214, 'dxOFFAngle': 89.80970166730607, 'dOFF1': 0.616741650135275, 'cIDOFF1': array([3, 5], dtype=int64), 'dOFF_patch_1': 0.616741650135275, 'nTOFF': 1, 'dOFF': 0.616741650135275, 'SUCCESS': True}
11:02:24,226 root DEBUG 

=================== Experiment ID #11 	 Dual Point ID: 12 ===================
11:02:24,235 root DEBUG CONTROL: 	 OK! 	 (target neuron output < tolerance: |1.726E-08|<1.000E-06)
11:02:24,235 root DEBUG CONTROL DUAL POINT: Check that target neuron output < tolerance ({tol:.3E}) at x_dual.
11:02:24,644 root DEBUG Side: ON	 Angle(dx0, dx): 0.08 deg 	 Angle(n, nold): 0.00 deg 	 Distance in patch: 6.661E-01 	 Total distance: 6.661E-01 	 Future toggles: 0 	 Past toggles: 1 	 Toggled: [[1, array([214], dtype=int64), array([[False]])]] 	 class: [2 4]
11:02:24,901 root DEBUG Side: ON	 Angle(dx0, dx): 0.12 deg 	 Angle(n, nold): 0.00 deg 	 Distance in patch: 3.351E-01 	 Total distance: 1.001E+00 	 Future toggles: 1 	 Past toggles: 1 	 Toggled: [[3, array([207], dtype=int64), array([[False]])]] 	 class: [2 4]
11:02:25,214 root DEBUG Side: OFF	 Angle(dx0, dx): 0.27 deg 	 Angle(n, nold): 0.00 deg 	 Distance in patch: 3.653E-02 	 Total distance: 3.653E-02 	 Future toggles: 0 	 Past toggles: 1 	 Toggled: [[1, array([84], dtype=int64), array([[False]])]] 	 class: [2 4]
11:02:25,415 root DEBUG Side: OFF	 Angle(dx0, dx): 0.09 deg 	 Angle(n, nold): 0.00 deg 	 Distance in patch: 3.332E-01 	 Total distance: 3.697E-01 	 Future toggles: 0 	 Past toggles: 2 	 Toggled: [[1, array([72], dtype=int64), array([[ True]])]] 	 class: [2 4]
11:02:25,659 root DEBUG Side: OFF	 Angle(dx0, dx): 0.27 deg 	 Angle(n, nold): 0.00 deg 	 Distance in patch: 4.501E-01 	 Total distance: 8.198E-01 	 Future toggles: 0 	 Past toggles: 3 	 Toggled: [[1, array([132], dtype=int64), array([[False]])]] 	 class: [2 4]
11:02:25,967 root DEBUG Side: OFF	 Angle(dx0, dx): 0.01 deg 	 Angle(n, nold): 0.00 deg 	 Distance in patch: 3.042E-01 	 Total distance: 1.124E+00 	 Future toggles: 0 	 Past toggles: 4 	 Toggled: [[1, array([6], dtype=int64), array([[ True]])]] 	 class: [2 4]
11:02:26,276 root DEBUG Side: OFF	 Angle(dx0, dx): 0.00 deg 	 Angle(n, nold): 0.00 deg 	 Distance in patch: 2.938E-01 	 Total distance: 1.418E+00 	 Future toggles: 0 	 Past toggles: 5 	 Toggled: [[1, array([174], dtype=int64), array([[ True]])]] 	 class: [2 4]
11:02:26,505 root DEBUG Side: OFF	 Angle(dx0, dx): 0.02 deg 	 Angle(n, nold): 0.00 deg 	 Distance in patch: 5.736E-01 	 Total distance: 1.991E+00 	 Future toggles: 0 	 Past toggles: 6 	 Toggled: [[1, array([13], dtype=int64), array([[False]])]] 	 class: [2 4]
11:02:26,701 root DEBUG Side: OFF	 Angle(dx0, dx): 0.00 deg 	 Angle(n, nold): 0.00 deg 	 Distance in patch: 9.892E-02 	 Total distance: 2.090E+00 	 Future toggles: 0 	 Past toggles: 7 	 Toggled: [[1, array([67], dtype=int64), array([[ True]])]] 	 class: [2 4]
11:02:26,955 root DEBUG Side: OFF	 Angle(dx0, dx): 0.01 deg 	 Angle(n, nold): 0.00 deg 	 Distance in patch: 5.257E-01 	 Total distance: 2.616E+00 	 Future toggles: 0 	 Past toggles: 8 	 Toggled: [[1, array([61], dtype=int64), array([[ True]])]] 	 class: [2 4]
11:02:27,177 root DEBUG Side: OFF	 Angle(dx0, dx): 0.21 deg 	 Angle(n, nold): 0.00 deg 	 Distance in patch: 2.045E-01 	 Total distance: 2.821E+00 	 Future toggles: 1 	 Past toggles: 1 	 Toggled: [[2, array([161], dtype=int64), array([[False]])]] 	 class: [2 4]
11:02:27,177 root DEBUG Check patch-by-patch distances for success (dOFF_patch>dON_patch) and ratio (dOFF_patch/dON_patch):
11:02:27,178 root DEBUG 	 nT= 1  	 success?    True    	 (dON-dOFF)/|dON+dOFF|: 47.60 	 cIDON = [2 4], cIDOFF = [2 4]
11:02:27,178 root DEBUG ===> #(dOFF_patch>dON_patch) = 1/1 = 100.00%
11:02:27,178 root DEBUG dOFF/dON = 2.8
11:02:27,178 root DEBUG {'CHOOSE_DX': 'along_decision_boundary', 'dxONAngle': 89.07563062486484, 'dON1': 1.001204432658778, 'cIDON1': array([2, 4], dtype=int64), 'dON_patch_1': 1.001204432658778, 'nTON': 1, 'dON': 1.001204432658778, 'dxOFFAngle': 89.21179823558171, 'dOFF1': 2.820533711307255, 'cIDOFF1': array([2, 4], dtype=int64), 'dOFF_patch_1': 2.820533711307255, 'nTOFF': 1, 'dOFF': 2.820533711307255, 'SUCCESS': True}
11:02:27,396 root DEBUG 

=================== Experiment ID #12 	 Dual Point ID: 13 ===================
11:02:27,406 root DEBUG CONTROL: 	 OK! 	 (target neuron output < tolerance: |2.560E-08|<1.000E-06)
11:02:27,406 root DEBUG CONTROL DUAL POINT: Check that target neuron output < tolerance ({tol:.3E}) at x_dual.
11:02:27,749 root DEBUG Side: ON	 Angle(dx0, dx): 0.24 deg 	 Angle(n, nold): 0.00 deg 	 Distance in patch: 2.953E-06 	 Total distance: 2.953E-06 	 Future toggles: 1 	 Past toggles: 1 	 Toggled: [[5, array([0, 1], dtype=int64), array([[1.],
       [0.]])]] 	 class: [0 8]
11:02:28,39 root DEBUG Side: OFF	 Angle(dx0, dx): 0.03 deg 	 Angle(n, nold): 0.00 deg 	 Distance in patch: 3.513E-01 	 Total distance: 3.513E-01 	 Future toggles: 0 	 Past toggles: 1 	 Toggled: [[1, array([155], dtype=int64), array([[False]])]] 	 class: [1 8]
11:02:28,323 root DEBUG Side: OFF	 Angle(dx0, dx): 0.00 deg 	 Angle(n, nold): 0.00 deg 	 Distance in patch: 5.888E-01 	 Total distance: 9.401E-01 	 Future toggles: 0 	 Past toggles: 2 	 Toggled: [[1, array([160], dtype=int64), array([[ True]])]] 	 class: [1 8]
11:02:28,570 root DEBUG Side: OFF	 Angle(dx0, dx): 0.21 deg 	 Angle(n, nold): 0.00 deg 	 Distance in patch: 1.742E-01 	 Total distance: 1.114E+00 	 Future toggles: 1 	 Past toggles: 1 	 Toggled: [[2, array([144], dtype=int64), array([[False]])]] 	 class: [1 8]
11:02:28,570 root DEBUG Check patch-by-patch distances for success (dOFF_patch>dON_patch) and ratio (dOFF_patch/dON_patch):
11:02:28,570 root DEBUG 	 nT= 1  	 success?    True    	 (dON-dOFF)/|dON+dOFF|: 100.00 	 cIDON = [1 8], cIDOFF = [1 8]
11:02:28,571 root DEBUG ===> #(dOFF_patch>dON_patch) = 1/1 = 100.00%
11:02:28,571 root DEBUG dOFF/dON = 377351.5
11:02:28,571 root DEBUG {'CHOOSE_DX': 'along_decision_boundary', 'dxONAngle': 89.70726722497601, 'dON1': 2.9531852840761486e-06, 'cIDON1': array([1, 8], dtype=int64), 'dON_patch_1': 2.9531852840761486e-06, 'nTON': 1, 'dON': 2.9531852840761486e-06, 'dxOFFAngle': 89.92833889690931, 'dOFF1': 1.1143888922795537, 'cIDOFF1': array([1, 8], dtype=int64), 'dOFF_patch_1': 1.1143888922795537, 'nTOFF': 1, 'dOFF': 1.1143888922795537, 'SUCCESS': True}
11:02:28,637 root DEBUG 

=================== Experiment ID #13 	 Dual Point ID: 14 ===================
11:02:28,663 root DEBUG CONTROL: 	 OK! 	 (target neuron output < tolerance: |2.167E-08|<1.000E-06)
11:02:28,663 root DEBUG CONTROL DUAL POINT: Check that target neuron output < tolerance ({tol:.3E}) at x_dual.
11:02:29,8 root DEBUG Side: ON	 Angle(dx0, dx): 0.01 deg 	 Angle(n, nold): 0.00 deg 	 Distance in patch: 5.437E-01 	 Total distance: 5.437E-01 	 Future toggles: 0 	 Past toggles: 1 	 Toggled: [[1, array([81], dtype=int64), array([[ True]])]] 	 class: [4 7]
11:02:29,330 root DEBUG Side: ON	 Angle(dx0, dx): 0.29 deg 	 Angle(n, nold): 0.00 deg 	 Distance in patch: 1.779E-01 	 Total distance: 7.216E-01 	 Future toggles: 1 	 Past toggles: 1 	 Toggled: [[3, array([6], dtype=int64), array([[ True]])]] 	 class: [4 7]
11:02:29,721 root DEBUG Side: OFF	 Angle(dx0, dx): 0.00 deg 	 Angle(n, nold): 0.00 deg 	 Distance in patch: 1.037E-01 	 Total distance: 1.037E-01 	 Future toggles: 0 	 Past toggles: 1 	 Toggled: [[1, array([34], dtype=int64), array([[False]])]] 	 class: [4 7]
11:02:29,960 root DEBUG Side: OFF	 Angle(dx0, dx): 0.02 deg 	 Angle(n, nold): 0.00 deg 	 Distance in patch: 6.545E-01 	 Total distance: 7.582E-01 	 Future toggles: 0 	 Past toggles: 2 	 Toggled: [[1, array([7], dtype=int64), array([[False]])]] 	 class: [4 7]
11:02:30,170 root DEBUG Side: OFF	 Angle(dx0, dx): 0.47 deg 	 Angle(n, nold): 0.00 deg 	 Distance in patch: 6.075E-01 	 Total distance: 1.366E+00 	 Future toggles: 1 	 Past toggles: 1 	 Toggled: [[3, array([233], dtype=int64), array([[ True]])]] 	 class: [4 7]
11:02:30,170 root DEBUG Check patch-by-patch distances for success (dOFF_patch>dON_patch) and ratio (dOFF_patch/dON_patch):
11:02:30,170 root DEBUG 	 nT= 1  	 success?    True    	 (dON-dOFF)/|dON+dOFF|: 30.86 	 cIDON = [4 7], cIDOFF = [4 7]
11:02:30,171 root DEBUG ===> #(dOFF_patch>dON_patch) = 1/1 = 100.00%
11:02:30,171 root DEBUG dOFF/dON = 1.9
11:02:30,171 root DEBUG {'CHOOSE_DX': 'along_decision_boundary', 'dxONAngle': 89.50790658224062, 'dON1': 0.7216241838181385, 'cIDON1': array([4, 7], dtype=int64), 'dON_patch_1': 0.7216241838181385, 'nTON': 1, 'dON': 0.7216241838181385, 'dxOFFAngle': 89.49855522292944, 'dOFF1': 1.3657050914301463, 'cIDOFF1': array([4, 7], dtype=int64), 'dOFF_patch_1': 1.3657050914301463, 'nTOFF': 1, 'dOFF': 1.3657050914301463, 'SUCCESS': True}
11:02:30,327 root DEBUG 

=================== Experiment ID #14 	 Dual Point ID: 15 ===================
11:02:30,335 root DEBUG CONTROL: 	 OK! 	 (target neuron output < tolerance: |1.908E-08|<1.000E-06)
11:02:30,335 root DEBUG CONTROL DUAL POINT: Check that target neuron output < tolerance ({tol:.3E}) at x_dual.
11:02:30,795 root DEBUG Side: ON	 Angle(dx0, dx): 0.01 deg 	 Angle(n, nold): 0.00 deg 	 Distance in patch: 2.000E-01 	 Total distance: 2.000E-01 	 Future toggles: 1 	 Past toggles: 1 	 Toggled: [[2, array([227], dtype=int64), array([[ True]])]] 	 class: [3 4]
11:02:31,168 root DEBUG Side: OFF	 Angle(dx0, dx): 0.08 deg 	 Angle(n, nold): 0.00 deg 	 Distance in patch: 1.513E-01 	 Total distance: 1.513E-01 	 Future toggles: 1 	 Past toggles: 1 	 Toggled: [[4, array([17], dtype=int64), array([[ True]])]] 	 class: [3 4]
11:02:31,168 root DEBUG Check patch-by-patch distances for success (dOFF_patch>dON_patch) and ratio (dOFF_patch/dON_patch):
11:02:31,169 root DEBUG 	 nT= 1  	 success?   False    	 (dON-dOFF)/|dON+dOFF|: -13.86 	 cIDON = [3 4], cIDOFF = [3 4]
11:02:31,169 root DEBUG ===> #(dOFF_patch>dON_patch) = 0/1 = 0.00%
11:02:31,169 root DEBUG dOFF/dON = 0.8
11:02:31,169 root DEBUG {'CHOOSE_DX': 'along_decision_boundary', 'dxONAngle': 89.44767209283377, 'dON1': 0.19997202524895152, 'cIDON1': array([3, 4], dtype=int64), 'dON_patch_1': 0.19997202524895152, 'nTON': 1, 'dON': 0.19997202524895152, 'dxOFFAngle': 89.2305681239039, 'dOFF1': 0.15130113534572684, 'cIDOFF1': array([3, 4], dtype=int64), 'dOFF_patch_1': 0.15130113534572684, 'nTOFF': 1, 'dOFF': 0.15130113534572684, 'SUCCESS': False}
11:02:31,222 root DEBUG 

=================== Experiment ID #15 	 Dual Point ID: 16 ===================
11:02:31,232 root DEBUG CONTROL: 	 OK! 	 (target neuron output < tolerance: |1.457E-09|<1.000E-06)
11:02:31,232 root DEBUG CONTROL DUAL POINT: Check that target neuron output < tolerance ({tol:.3E}) at x_dual.
11:02:31,632 root DEBUG Side: ON	 Angle(dx0, dx): 0.00 deg 	 Angle(n, nold): 0.00 deg 	 Distance in patch: 2.044E-01 	 Total distance: 2.044E-01 	 Future toggles: 0 	 Past toggles: 1 	 Toggled: [[1, array([90], dtype=int64), array([[False]])]] 	 class: [2 7]
11:02:31,894 root DEBUG Side: ON	 Angle(dx0, dx): 0.00 deg 	 Angle(n, nold): 0.00 deg 	 Distance in patch: 4.082E-01 	 Total distance: 6.126E-01 	 Future toggles: 0 	 Past toggles: 2 	 Toggled: [[1, array([32], dtype=int64), array([[ True]])]] 	 class: [2 7]
11:02:32,204 root DEBUG Side: ON	 Angle(dx0, dx): 0.11 deg 	 Angle(n, nold): 0.00 deg 	 Distance in patch: 2.781E-01 	 Total distance: 8.907E-01 	 Future toggles: 0 	 Past toggles: 3 	 Toggled: [[1, array([101], dtype=int64), array([[ True]])]] 	 class: [2 7]
11:02:32,454 root DEBUG Side: ON	 Angle(dx0, dx): 0.00 deg 	 Angle(n, nold): 0.00 deg 	 Distance in patch: 1.925E-01 	 Total distance: 1.083E+00 	 Future toggles: 0 	 Past toggles: 4 	 Toggled: [[1, array([109], dtype=int64), array([[ True]])]] 	 class: [2 7]
11:02:32,745 root DEBUG Side: ON	 Angle(dx0, dx): 0.15 deg 	 Angle(n, nold): 0.00 deg 	 Distance in patch: 7.502E-01 	 Total distance: 1.833E+00 	 Future toggles: 1 	 Past toggles: 1 	 Toggled: [[3, array([147], dtype=int64), array([[False]])]] 	 class: [2 7]
11:02:33,238 root DEBUG Side: OFF	 Angle(dx0, dx): 0.05 deg 	 Angle(n, nold): 0.00 deg 	 Distance in patch: 9.839E-01 	 Total distance: 9.839E-01 	 Future toggles: 0 	 Past toggles: 1 	 Toggled: [[1, array([133], dtype=int64), array([[ True]])]] 	 class: [2 7]
11:02:33,548 root DEBUG Side: OFF	 Angle(dx0, dx): 0.03 deg 	 Angle(n, nold): 0.00 deg 	 Distance in patch: 3.214E-01 	 Total distance: 1.305E+00 	 Future toggles: 0 	 Past toggles: 2 	 Toggled: [[1, array([233], dtype=int64), array([[ True]])]] 	 class: [2 7]
11:02:33,820 root DEBUG Side: OFF	 Angle(dx0, dx): 0.17 deg 	 Angle(n, nold): 0.00 deg 	 Distance in patch: 2.379E-01 	 Total distance: 1.543E+00 	 Future toggles: 0 	 Past toggles: 3 	 Toggled: [[1, array([41], dtype=int64), array([[ True]])]] 	 class: [2 7]
11:02:34,222 root DEBUG Side: OFF	 Angle(dx0, dx): 0.00 deg 	 Angle(n, nold): 0.00 deg 	 Distance in patch: 5.590E-01 	 Total distance: 2.102E+00 	 Future toggles: 0 	 Past toggles: 4 	 Toggled: [[1, array([150], dtype=int64), array([[False]])]] 	 class: [2 7]
11:02:34,460 root DEBUG Side: OFF	 Angle(dx0, dx): 0.01 deg 	 Angle(n, nold): 0.00 deg 	 Distance in patch: 2.050E-01 	 Total distance: 2.307E+00 	 Future toggles: 0 	 Past toggles: 5 	 Toggled: [[1, array([235], dtype=int64), array([[False]])]] 	 class: [2 7]
11:02:34,821 root DEBUG Side: OFF	 Angle(dx0, dx): 0.01 deg 	 Angle(n, nold): 0.00 deg 	 Distance in patch: 3.631E-01 	 Total distance: 2.670E+00 	 Future toggles: 0 	 Past toggles: 6 	 Toggled: [[1, array([135], dtype=int64), array([[False]])]] 	 class: [2 7]
11:02:35,41 root DEBUG Side: OFF	 Angle(dx0, dx): 0.23 deg 	 Angle(n, nold): 0.00 deg 	 Distance in patch: 5.197E-01 	 Total distance: 3.190E+00 	 Future toggles: 1 	 Past toggles: 1 	 Toggled: [[3, array([134], dtype=int64), array([[False]])]] 	 class: [2 7]
11:02:35,42 root DEBUG Check patch-by-patch distances for success (dOFF_patch>dON_patch) and ratio (dOFF_patch/dON_patch):
11:02:35,42 root DEBUG 	 nT= 1  	 success?    True    	 (dON-dOFF)/|dON+dOFF|: 27.01 	 cIDON = [2 7], cIDOFF = [2 7]
11:02:35,42 root DEBUG ===> #(dOFF_patch>dON_patch) = 1/1 = 100.00%
11:02:35,42 root DEBUG dOFF/dON = 1.7
11:02:35,42 root DEBUG {'CHOOSE_DX': 'along_decision_boundary', 'dxONAngle': 89.5148971765957, 'dON1': 1.8333735363697452, 'cIDON1': array([2, 7], dtype=int64), 'dON_patch_1': 1.8333735363697452, 'nTON': 1, 'dON': 1.8333735363697452, 'dxOFFAngle': 89.46453289372944, 'dOFF1': 3.1900011389445124, 'cIDOFF1': array([2, 7], dtype=int64), 'dOFF_patch_1': 3.1900011389445124, 'nTOFF': 1, 'dOFF': 3.1900011389445124, 'SUCCESS': True}
11:02:35,171 root DEBUG 

=================== Experiment ID #16 	 Dual Point ID: 17 ===================
11:02:35,187 root DEBUG CONTROL: 	 OK! 	 (target neuron output < tolerance: |1.388E-08|<1.000E-06)
11:02:35,187 root DEBUG CONTROL DUAL POINT: Check that target neuron output < tolerance ({tol:.3E}) at x_dual.
11:02:35,780 root DEBUG Side: ON	 Angle(dx0, dx): 0.01 deg 	 Angle(n, nold): 0.00 deg 	 Distance in patch: 9.292E-01 	 Total distance: 9.292E-01 	 Future toggles: 0 	 Past toggles: 1 	 Toggled: [[1, array([16], dtype=int64), array([[ True]])]] 	 class: [3 6]
11:02:36,33 root DEBUG Side: ON	 Angle(dx0, dx): 0.01 deg 	 Angle(n, nold): 0.00 deg 	 Distance in patch: 5.310E-01 	 Total distance: 1.460E+00 	 Future toggles: 0 	 Past toggles: 2 	 Toggled: [[1, array([194], dtype=int64), array([[False]])]] 	 class: [3 6]
11:02:36,273 root DEBUG Side: ON	 Angle(dx0, dx): 0.03 deg 	 Angle(n, nold): 0.00 deg 	 Distance in patch: 1.227E-01 	 Total distance: 1.583E+00 	 Future toggles: 0 	 Past toggles: 3 	 Toggled: [[1, array([13], dtype=int64), array([[ True]])]] 	 class: [3 6]
11:02:36,536 root DEBUG Side: ON	 Angle(dx0, dx): 0.00 deg 	 Angle(n, nold): 0.00 deg 	 Distance in patch: 2.086E-01 	 Total distance: 1.792E+00 	 Future toggles: 0 	 Past toggles: 4 	 Toggled: [[1, array([109], dtype=int64), array([[ True]])]] 	 class: [3 6]
11:02:36,772 root DEBUG Side: ON	 Angle(dx0, dx): 0.00 deg 	 Angle(n, nold): 0.00 deg 	 Distance in patch: 8.572E-02 	 Total distance: 1.877E+00 	 Future toggles: 0 	 Past toggles: 5 	 Toggled: [[1, array([104], dtype=int64), array([[ True]])]] 	 class: [3 6]
11:02:37,8 root DEBUG Side: ON	 Angle(dx0, dx): 0.22 deg 	 Angle(n, nold): 0.00 deg 	 Distance in patch: 2.502E-02 	 Total distance: 1.902E+00 	 Future toggles: 0 	 Past toggles: 6 	 Toggled: [[1, array([140], dtype=int64), array([[False]])]] 	 class: [3 6]
11:02:37,242 root DEBUG Side: ON	 Angle(dx0, dx): 0.06 deg 	 Angle(n, nold): 0.00 deg 	 Distance in patch: 1.339E-01 	 Total distance: 2.036E+00 	 Future toggles: 1 	 Past toggles: 1 	 Toggled: [[2, array([43], dtype=int64), array([[False]])]] 	 class: [3 6]
11:02:37,576 root DEBUG Side: OFF	 Angle(dx0, dx): 0.01 deg 	 Angle(n, nold): 0.00 deg 	 Distance in patch: 2.150E+00 	 Total distance: 2.150E+00 	 Future toggles: 0 	 Past toggles: 1 	 Toggled: [[1, array([155], dtype=int64), array([[False]])]] 	 class: [3 6]
11:02:37,804 root DEBUG Side: OFF	 Angle(dx0, dx): 0.17 deg 	 Angle(n, nold): 0.00 deg 	 Distance in patch: 1.192E-01 	 Total distance: 2.270E+00 	 Future toggles: 0 	 Past toggles: 2 	 Toggled: [[1, array([130], dtype=int64), array([[False]])]] 	 class: [3 6]
11:02:38,88 root DEBUG Side: OFF	 Angle(dx0, dx): 0.11 deg 	 Angle(n, nold): 0.00 deg 	 Distance in patch: 1.129E+00 	 Total distance: 3.399E+00 	 Future toggles: 0 	 Past toggles: 3 	 Toggled: [[1, array([45], dtype=int64), array([[False]])]] 	 class: [3 6]
11:02:38,479 root DEBUG Side: OFF	 Angle(dx0, dx): 0.03 deg 	 Angle(n, nold): 0.00 deg 	 Distance in patch: 5.486E-01 	 Total distance: 3.947E+00 	 Future toggles: 0 	 Past toggles: 4 	 Toggled: [[1, array([128], dtype=int64), array([[ True]])]] 	 class: [3 6]
11:02:38,767 root DEBUG Side: OFF	 Angle(dx0, dx): 0.10 deg 	 Angle(n, nold): 0.00 deg 	 Distance in patch: 6.990E-01 	 Total distance: 4.646E+00 	 Future toggles: 0 	 Past toggles: 5 	 Toggled: [[1, array([119], dtype=int64), array([[False]])]] 	 class: [3 6]
11:02:39,16 root DEBUG Side: OFF	 Angle(dx0, dx): 0.01 deg 	 Angle(n, nold): 0.00 deg 	 Distance in patch: 1.110E-01 	 Total distance: 4.757E+00 	 Future toggles: 1 	 Past toggles: 1 	 Toggled: [[2, array([104], dtype=int64), array([[ True]])]] 	 class: [3 6]
11:02:39,16 root DEBUG Check patch-by-patch distances for success (dOFF_patch>dON_patch) and ratio (dOFF_patch/dON_patch):
11:02:39,16 root DEBUG 	 nT= 1  	 success?    True    	 (dON-dOFF)/|dON+dOFF|: 40.06 	 cIDON = [3 6], cIDOFF = [3 6]
11:02:39,16 root DEBUG ===> #(dOFF_patch>dON_patch) = 1/1 = 100.00%
11:02:39,17 root DEBUG dOFF/dON = 2.3
11:02:39,17 root DEBUG {'CHOOSE_DX': 'along_decision_boundary', 'dxONAngle': 88.9985543632512, 'dON1': 2.036107939758278, 'cIDON1': array([3, 6], dtype=int64), 'dON_patch_1': 2.036107939758278, 'nTON': 1, 'dON': 2.036107939758278, 'dxOFFAngle': 88.66521225345784, 'dOFF1': 4.75744513022576, 'cIDOFF1': array([3, 6], dtype=int64), 'dOFF_patch_1': 4.75744513022576, 'nTOFF': 1, 'dOFF': 4.75744513022576, 'SUCCESS': True}
11:02:39,48 root DEBUG 

=================== Experiment ID #17 	 Dual Point ID: 18 ===================
11:02:39,57 root DEBUG CONTROL: 	 OK! 	 (target neuron output < tolerance: |2.368E-08|<1.000E-06)
11:02:39,57 root DEBUG CONTROL DUAL POINT: Check that target neuron output < tolerance ({tol:.3E}) at x_dual.
11:02:39,398 root DEBUG Side: ON	 Angle(dx0, dx): 0.05 deg 	 Angle(n, nold): 0.00 deg 	 Distance in patch: 3.842E-01 	 Total distance: 3.842E-01 	 Future toggles: 1 	 Past toggles: 1 	 Toggled: [[3, array([240], dtype=int64), array([[ True]])]] 	 class: [7 9]
11:02:39,758 root DEBUG Side: OFF	 Angle(dx0, dx): 0.01 deg 	 Angle(n, nold): 0.00 deg 	 Distance in patch: 1.452E+00 	 Total distance: 1.452E+00 	 Future toggles: 0 	 Past toggles: 1 	 Toggled: [[1, array([71], dtype=int64), array([[False]])]] 	 class: [7 9]
11:02:40,29 root DEBUG Side: OFF	 Angle(dx0, dx): 0.56 deg 	 Angle(n, nold): 0.00 deg 	 Distance in patch: 8.069E-01 	 Total distance: 2.259E+00 	 Future toggles: 1 	 Past toggles: 1 	 Toggled: [[2, array([246], dtype=int64), array([[ True]])]] 	 class: [7 9]
11:02:40,29 root DEBUG Check patch-by-patch distances for success (dOFF_patch>dON_patch) and ratio (dOFF_patch/dON_patch):
11:02:40,30 root DEBUG 	 nT= 1  	 success?    True    	 (dON-dOFF)/|dON+dOFF|: 70.93 	 cIDON = [7 9], cIDOFF = [7 9]
11:02:40,30 root DEBUG ===> #(dOFF_patch>dON_patch) = 1/1 = 100.00%
11:02:40,30 root DEBUG dOFF/dON = 5.9
11:02:40,30 root DEBUG {'CHOOSE_DX': 'along_decision_boundary', 'dxONAngle': 89.45615882470123, 'dON1': 0.3841921661083514, 'cIDON1': array([7, 9], dtype=int64), 'dON_patch_1': 0.3841921661083514, 'nTON': 1, 'dON': 0.3841921661083514, 'dxOFFAngle': 89.06026123430301, 'dOFF1': 2.2592852871104325, 'cIDOFF1': array([7, 9], dtype=int64), 'dOFF_patch_1': 2.2592852871104325, 'nTOFF': 1, 'dOFF': 2.2592852871104325, 'SUCCESS': True}
11:02:40,190 root DEBUG 

=================== Experiment ID #18 	 Dual Point ID: 19 ===================
11:02:40,201 root DEBUG CONTROL: 	 OK! 	 (target neuron output < tolerance: |9.408E-07|<1.000E-06)
11:02:40,201 root DEBUG CONTROL DUAL POINT: Check that target neuron output < tolerance ({tol:.3E}) at x_dual.
11:02:40,536 root DEBUG Side: ON	 Angle(dx0, dx): 0.31 deg 	 Angle(n, nold): 0.00 deg 	 Distance in patch: 1.635E-01 	 Total distance: 1.635E-01 	 Future toggles: 1 	 Past toggles: 1 	 Toggled: [[4, array([35], dtype=int64), array([[ True]])]] 	 class: [0 7]
11:02:40,982 root DEBUG Side: OFF	 Angle(dx0, dx): 0.22 deg 	 Angle(n, nold): 0.00 deg 	 Distance in patch: 1.257E+00 	 Total distance: 1.257E+00 	 Future toggles: 1 	 Past toggles: 1 	 Toggled: [[3, array([171], dtype=int64), array([[False]])]] 	 class: [1 7]
11:02:40,983 root DEBUG Check patch-by-patch distances for success (dOFF_patch>dON_patch) and ratio (dOFF_patch/dON_patch):
11:02:40,983 root DEBUG 	 nT= 1  	 success?    True    	 (dON-dOFF)/|dON+dOFF|: 76.97 	 cIDON = [0 7], cIDOFF = [1 7]
11:02:40,983 root DEBUG ===> #(dOFF_patch>dON_patch) = 1/1 = 100.00%
11:02:40,983 root DEBUG dOFF/dON = 7.7
11:02:40,983 root DEBUG {'CHOOSE_DX': 'along_decision_boundary', 'dxONAngle': 89.73110744718653, 'dON1': 0.1635108910615636, 'cIDON1': array([0, 7], dtype=int64), 'dON_patch_1': 0.1635108910615636, 'nTON': 1, 'dON': 0.1635108910615636, 'dxOFFAngle': 89.37284932646405, 'dOFF1': 1.256627403761325, 'cIDOFF1': array([1, 7], dtype=int64), 'dOFF_patch_1': 1.256627403761325, 'nTOFF': 1, 'dOFF': 1.256627403761325, 'SUCCESS': True}
11:02:41,223 root DEBUG 

=================== Experiment ID #19 	 Dual Point ID: 20 ===================
11:02:41,232 root DEBUG CONTROL: 	 OK! 	 (target neuron output < tolerance: |1.076E-08|<1.000E-06)
11:02:41,232 root DEBUG CONTROL DUAL POINT: Check that target neuron output < tolerance ({tol:.3E}) at x_dual.
11:02:41,539 root DEBUG Side: ON	 Angle(dx0, dx): 0.01 deg 	 Angle(n, nold): 0.00 deg 	 Distance in patch: 2.088E-02 	 Total distance: 2.088E-02 	 Future toggles: 0 	 Past toggles: 1 	 Toggled: [[1, array([160], dtype=int64), array([[False]])]] 	 class: [8 9]
11:02:41,796 root DEBUG Side: ON	 Angle(dx0, dx): 0.17 deg 	 Angle(n, nold): 0.00 deg 	 Distance in patch: 2.993E-01 	 Total distance: 3.201E-01 	 Future toggles: 1 	 Past toggles: 1 	 Toggled: [[2, array([51], dtype=int64), array([[ True]])]] 	 class: [8 9]
11:02:42,124 root DEBUG Side: OFF	 Angle(dx0, dx): 0.01 deg 	 Angle(n, nold): 0.00 deg 	 Distance in patch: 2.668E-01 	 Total distance: 2.668E-01 	 Future toggles: 0 	 Past toggles: 1 	 Toggled: [[1, array([63], dtype=int64), array([[False]])]] 	 class: [8 9]
11:02:42,434 root DEBUG Side: OFF	 Angle(dx0, dx): 0.18 deg 	 Angle(n, nold): 0.00 deg 	 Distance in patch: 2.202E-01 	 Total distance: 4.871E-01 	 Future toggles: 1 	 Past toggles: 1 	 Toggled: [[2, array([51], dtype=int64), array([[ True]])]] 	 class: [8 9]
11:02:42,434 root DEBUG Check patch-by-patch distances for success (dOFF_patch>dON_patch) and ratio (dOFF_patch/dON_patch):
11:02:42,434 root DEBUG 	 nT= 1  	 success?    True    	 (dON-dOFF)/|dON+dOFF|: 20.68 	 cIDON = [8 9], cIDOFF = [8 9]
11:02:42,434 root DEBUG ===> #(dOFF_patch>dON_patch) = 1/1 = 100.00%
11:02:42,435 root DEBUG dOFF/dON = 1.5
11:02:42,435 root DEBUG {'CHOOSE_DX': 'along_decision_boundary', 'dxONAngle': 88.24213832983021, 'dON1': 0.3201403541530667, 'cIDON1': array([8, 9], dtype=int64), 'dON_patch_1': 0.3201403541530667, 'nTON': 1, 'dON': 0.3201403541530667, 'dxOFFAngle': 88.13127639095018, 'dOFF1': 0.48707979218649977, 'cIDOFF1': array([8, 9], dtype=int64), 'dOFF_patch_1': 0.48707979218649977, 'nTOFF': 1, 'dOFF': 0.48707979218649977, 'SUCCESS': True}
11:02:42,687 root DEBUG 

=================== Experiment ID #20 	 Dual Point ID: 21 ===================
11:02:42,697 root DEBUG CONTROL: 	 OK! 	 (target neuron output < tolerance: |6.679E-08|<1.000E-06)
11:02:42,697 root DEBUG CONTROL DUAL POINT: Check that target neuron output < tolerance ({tol:.3E}) at x_dual.
11:02:43,75 root DEBUG Side: ON	 Angle(dx0, dx): 0.02 deg 	 Angle(n, nold): 0.00 deg 	 Distance in patch: 1.673E-01 	 Total distance: 1.673E-01 	 Future toggles: 0 	 Past toggles: 1 	 Toggled: [[1, array([34], dtype=int64), array([[ True]])]] 	 class: [5 7]
11:02:43,316 root DEBUG Side: ON	 Angle(dx0, dx): 0.04 deg 	 Angle(n, nold): 0.00 deg 	 Distance in patch: 5.537E-01 	 Total distance: 7.210E-01 	 Future toggles: 1 	 Past toggles: 1 	 Toggled: [[2, array([243], dtype=int64), array([[ True]])]] 	 class: [5 7]
11:02:43,734 root DEBUG Side: OFF	 Angle(dx0, dx): 0.03 deg 	 Angle(n, nold): 0.00 deg 	 Distance in patch: 5.439E-01 	 Total distance: 5.439E-01 	 Future toggles: 1 	 Past toggles: 1 	 Toggled: [[3, array([173], dtype=int64), array([[ True]])]] 	 class: [5 7]
11:02:43,734 root DEBUG Check patch-by-patch distances for success (dOFF_patch>dON_patch) and ratio (dOFF_patch/dON_patch):
11:02:43,734 root DEBUG 	 nT= 1  	 success?   False    	 (dON-dOFF)/|dON+dOFF|: -14.00 	 cIDON = [5 7], cIDOFF = [5 7]
11:02:43,734 root DEBUG ===> #(dOFF_patch>dON_patch) = 0/1 = 0.00%
11:02:43,734 root DEBUG dOFF/dON = 0.8
11:02:43,734 root DEBUG {'CHOOSE_DX': 'along_decision_boundary', 'dxONAngle': 89.0886209213646, 'dON1': 0.7210173906926779, 'cIDON1': array([5, 7], dtype=int64), 'dON_patch_1': 0.7210173906926779, 'nTON': 1, 'dON': 0.7210173906926779, 'dxOFFAngle': 89.22725091111604, 'dOFF1': 0.5439061390579675, 'cIDOFF1': array([5, 7], dtype=int64), 'dOFF_patch_1': 0.5439061390579675, 'nTOFF': 1, 'dOFF': 0.5439061390579675, 'SUCCESS': False}
11:02:43,873 root DEBUG 

=================== Experiment ID #21 	 Dual Point ID: 22 ===================
11:02:43,882 root DEBUG CONTROL: 	 OK! 	 (target neuron output < tolerance: |9.876E-09|<1.000E-06)
11:02:43,882 root DEBUG CONTROL DUAL POINT: Check that target neuron output < tolerance ({tol:.3E}) at x_dual.
11:02:44,270 root DEBUG Side: ON	 Angle(dx0, dx): 0.00 deg 	 Angle(n, nold): 0.00 deg 	 Distance in patch: 5.355E-01 	 Total distance: 5.355E-01 	 Future toggles: 0 	 Past toggles: 1 	 Toggled: [[1, array([71], dtype=int64), array([[ True]])]] 	 class: [5 7]
11:02:44,466 root DEBUG Side: ON	 Angle(dx0, dx): 0.04 deg 	 Angle(n, nold): 0.00 deg 	 Distance in patch: 1.231E-01 	 Total distance: 6.585E-01 	 Future toggles: 1 	 Past toggles: 1 	 Toggled: [[4, array([49], dtype=int64), array([[False]])]] 	 class: [5 7]
11:02:44,834 root DEBUG Side: OFF	 Angle(dx0, dx): 0.13 deg 	 Angle(n, nold): 0.00 deg 	 Distance in patch: 3.997E-02 	 Total distance: 3.997E-02 	 Future toggles: 0 	 Past toggles: 1 	 Toggled: [[1, array([60], dtype=int64), array([[False]])]] 	 class: [5 7]
11:02:45,84 root DEBUG Side: OFF	 Angle(dx0, dx): 0.07 deg 	 Angle(n, nold): 0.00 deg 	 Distance in patch: 4.099E-02 	 Total distance: 8.096E-02 	 Future toggles: 0 	 Past toggles: 2 	 Toggled: [[1, array([48], dtype=int64), array([[False]])]] 	 class: [5 7]
11:02:45,317 root DEBUG Side: OFF	 Angle(dx0, dx): 0.32 deg 	 Angle(n, nold): 0.00 deg 	 Distance in patch: 4.298E-01 	 Total distance: 5.108E-01 	 Future toggles: 1 	 Past toggles: 1 	 Toggled: [[4, array([15], dtype=int64), array([[ True]])]] 	 class: [5 7]
11:02:45,317 root DEBUG Check patch-by-patch distances for success (dOFF_patch>dON_patch) and ratio (dOFF_patch/dON_patch):
11:02:45,318 root DEBUG 	 nT= 1  	 success?   False    	 (dON-dOFF)/|dON+dOFF|: -12.63 	 cIDON = [5 7], cIDOFF = [5 7]
11:02:45,318 root DEBUG ===> #(dOFF_patch>dON_patch) = 0/1 = 0.00%
11:02:45,318 root DEBUG dOFF/dON = 0.8
11:02:45,318 root DEBUG {'CHOOSE_DX': 'along_decision_boundary', 'dxONAngle': 88.74847266871271, 'dON1': 0.6585250812586948, 'cIDON1': array([5, 7], dtype=int64), 'dON_patch_1': 0.6585250812586948, 'nTON': 1, 'dON': 0.6585250812586948, 'dxOFFAngle': 89.23709138474005, 'dOFF1': 0.5107967935424648, 'cIDOFF1': array([5, 7], dtype=int64), 'dOFF_patch_1': 0.5107967935424648, 'nTOFF': 1, 'dOFF': 0.5107967935424648, 'SUCCESS': False}
11:02:45,575 root DEBUG 

=================== Experiment ID #22 	 Dual Point ID: 23 ===================
11:02:45,583 root DEBUG CONTROL: 	 OK! 	 (target neuron output < tolerance: |4.025E-09|<1.000E-06)
11:02:45,583 root DEBUG CONTROL DUAL POINT: Check that target neuron output < tolerance ({tol:.3E}) at x_dual.
11:02:46,23 root DEBUG Side: ON	 Angle(dx0, dx): 0.10 deg 	 Angle(n, nold): 0.00 deg 	 Distance in patch: 2.348E-01 	 Total distance: 2.348E-01 	 Future toggles: 1 	 Past toggles: 1 	 Toggled: [[3, array([145], dtype=int64), array([[False]])]] 	 class: [7 9]
11:02:46,325 root DEBUG Side: OFF	 Angle(dx0, dx): 0.01 deg 	 Angle(n, nold): 0.00 deg 	 Distance in patch: 5.280E-01 	 Total distance: 5.280E-01 	 Future toggles: 0 	 Past toggles: 1 	 Toggled: [[1, array([155], dtype=int64), array([[False]])]] 	 class: [7 9]
11:02:46,513 root DEBUG Side: OFF	 Angle(dx0, dx): 0.00 deg 	 Angle(n, nold): 0.00 deg 	 Distance in patch: 2.064E-02 	 Total distance: 5.486E-01 	 Future toggles: 1 	 Past toggles: 1 	 Toggled: [[3, array([41], dtype=int64), array([[False]])]] 	 class: [7 9]
11:02:46,513 root DEBUG Check patch-by-patch distances for success (dOFF_patch>dON_patch) and ratio (dOFF_patch/dON_patch):
11:02:46,513 root DEBUG 	 nT= 1  	 success?    True    	 (dON-dOFF)/|dON+dOFF|: 40.06 	 cIDON = [7 9], cIDOFF = [7 9]
11:02:46,513 root DEBUG ===> #(dOFF_patch>dON_patch) = 1/1 = 100.00%
11:02:46,513 root DEBUG dOFF/dON = 2.3
11:02:46,514 root DEBUG {'CHOOSE_DX': 'along_decision_boundary', 'dxONAngle': 89.26927726125444, 'dON1': 0.23479352213134796, 'cIDON1': array([7, 9], dtype=int64), 'dON_patch_1': 0.23479352213134796, 'nTON': 1, 'dON': 0.23479352213134796, 'dxOFFAngle': 89.58178092618367, 'dOFF1': 0.548608148605169, 'cIDOFF1': array([7, 9], dtype=int64), 'dOFF_patch_1': 0.548608148605169, 'nTOFF': 1, 'dOFF': 0.548608148605169, 'SUCCESS': True}
11:02:46,576 root DEBUG 

=================== Experiment ID #23 	 Dual Point ID: 24 ===================
11:02:46,588 root DEBUG CONTROL: 	 OK! 	 (target neuron output < tolerance: |2.904E-08|<1.000E-06)
11:02:46,588 root DEBUG CONTROL DUAL POINT: Check that target neuron output < tolerance ({tol:.3E}) at x_dual.
11:02:46,875 root DEBUG Side: ON	 Angle(dx0, dx): 0.00 deg 	 Angle(n, nold): 0.00 deg 	 Distance in patch: 7.050E-01 	 Total distance: 7.050E-01 	 Future toggles: 0 	 Past toggles: 1 	 Toggled: [[1, array([6], dtype=int64), array([[False]])]] 	 class: [4 7]
11:02:47,113 root DEBUG Side: ON	 Angle(dx0, dx): 0.13 deg 	 Angle(n, nold): 0.00 deg 	 Distance in patch: 1.166E-02 	 Total distance: 7.166E-01 	 Future toggles: 1 	 Past toggles: 1 	 Toggled: [[3, array([159], dtype=int64), array([[ True]])]] 	 class: [4 7]
11:02:47,495 root DEBUG Side: OFF	 Angle(dx0, dx): 0.02 deg 	 Angle(n, nold): 0.00 deg 	 Distance in patch: 3.997E-02 	 Total distance: 3.997E-02 	 Future toggles: 1 	 Past toggles: 1 	 Toggled: [[3, array([51], dtype=int64), array([[ True]])]] 	 class: [4 7]
11:02:47,495 root DEBUG Check patch-by-patch distances for success (dOFF_patch>dON_patch) and ratio (dOFF_patch/dON_patch):
11:02:47,495 root DEBUG 	 nT= 1  	 success?   False    	 (dON-dOFF)/|dON+dOFF|: -89.43 	 cIDON = [4 7], cIDOFF = [4 7]
11:02:47,496 root DEBUG ===> #(dOFF_patch>dON_patch) = 0/1 = 0.00%
11:02:47,496 root DEBUG dOFF/dON = 0.1
11:02:47,496 root DEBUG {'CHOOSE_DX': 'along_decision_boundary', 'dxONAngle': 89.6838103995781, 'dON1': 0.7166466018105283, 'cIDON1': array([4, 7], dtype=int64), 'dON_patch_1': 0.7166466018105283, 'nTON': 1, 'dON': 0.7166466018105283, 'dxOFFAngle': 89.46155447363203, 'dOFF1': 0.039969652942233654, 'cIDOFF1': array([4, 7], dtype=int64), 'dOFF_patch_1': 0.039969652942233654, 'nTOFF': 1, 'dOFF': 0.039969652942233654, 'SUCCESS': False}
11:02:47,601 root DEBUG 

=================== Experiment ID #24 	 Dual Point ID: 25 ===================
11:02:47,611 root DEBUG CONTROL: 	 OK! 	 (target neuron output < tolerance: |6.136E-09|<1.000E-06)
11:02:47,611 root DEBUG CONTROL DUAL POINT: Check that target neuron output < tolerance ({tol:.3E}) at x_dual.
11:02:47,954 root DEBUG Side: ON	 Angle(dx0, dx): 0.26 deg 	 Angle(n, nold): 0.00 deg 	 Distance in patch: 5.399E-02 	 Total distance: 5.399E-02 	 Future toggles: 1 	 Past toggles: 1 	 Toggled: [[3, array([238], dtype=int64), array([[ True]])]] 	 class: [3 7]
11:02:48,329 root DEBUG Side: OFF	 Angle(dx0, dx): 0.11 deg 	 Angle(n, nold): 0.00 deg 	 Distance in patch: 6.637E-01 	 Total distance: 6.637E-01 	 Future toggles: 1 	 Past toggles: 1 	 Toggled: [[3, array([3], dtype=int64), array([[ True]])]] 	 class: [3 7]
11:02:48,329 root DEBUG Check patch-by-patch distances for success (dOFF_patch>dON_patch) and ratio (dOFF_patch/dON_patch):
11:02:48,330 root DEBUG 	 nT= 1  	 success?    True    	 (dON-dOFF)/|dON+dOFF|: 84.95 	 cIDON = [3 7], cIDOFF = [3 7]
11:02:48,330 root DEBUG ===> #(dOFF_patch>dON_patch) = 1/1 = 100.00%
11:02:48,330 root DEBUG dOFF/dON = 12.3
11:02:48,330 root DEBUG {'CHOOSE_DX': 'along_decision_boundary', 'dxONAngle': 89.0047565836719, 'dON1': 0.05399166755995225, 'cIDON1': array([3, 7], dtype=int64), 'dON_patch_1': 0.05399166755995225, 'nTON': 1, 'dON': 0.05399166755995225, 'dxOFFAngle': 89.4956350995953, 'dOFF1': 0.6636509420477246, 'cIDOFF1': array([3, 7], dtype=int64), 'dOFF_patch_1': 0.6636509420477246, 'nTOFF': 1, 'dOFF': 0.6636509420477246, 'SUCCESS': True}
11:02:48,879 PIL.PngImagePlugin DEBUG STREAM b'IHDR' 16 13
11:02:48,879 PIL.PngImagePlugin DEBUG STREAM b'sBIT' 41 4
11:02:48,880 PIL.PngImagePlugin DEBUG b'sBIT' 41 4 (unknown)
11:02:48,880 PIL.PngImagePlugin DEBUG STREAM b'pHYs' 57 9
11:02:48,880 PIL.PngImagePlugin DEBUG STREAM b'IDAT' 78 1189
11:02:48,886 PIL.PngImagePlugin DEBUG STREAM b'IHDR' 16 13
11:02:48,886 PIL.PngImagePlugin DEBUG STREAM b'sBIT' 41 4
11:02:48,886 PIL.PngImagePlugin DEBUG b'sBIT' 41 4 (unknown)
11:02:48,886 PIL.PngImagePlugin DEBUG STREAM b'pHYs' 57 9
11:02:48,886 PIL.PngImagePlugin DEBUG STREAM b'IDAT' 78 2994
11:02:48,900 PIL.PngImagePlugin DEBUG STREAM b'IHDR' 16 13
11:02:48,900 PIL.PngImagePlugin DEBUG STREAM b'sBIT' 41 4
11:02:48,900 PIL.PngImagePlugin DEBUG b'sBIT' 41 4 (unknown)
11:02:48,900 PIL.PngImagePlugin DEBUG STREAM b'pHYs' 57 9
11:02:48,900 PIL.PngImagePlugin DEBUG STREAM b'IDAT' 78 696
11:02:48,904 PIL.PngImagePlugin DEBUG STREAM b'IHDR' 16 13
11:02:48,904 PIL.PngImagePlugin DEBUG STREAM b'sBIT' 41 4
11:02:48,904 PIL.PngImagePlugin DEBUG b'sBIT' 41 4 (unknown)
11:02:48,904 PIL.PngImagePlugin DEBUG STREAM b'pHYs' 57 9
11:02:48,905 PIL.PngImagePlugin DEBUG STREAM b'IDAT' 78 526
11:02:48,908 PIL.PngImagePlugin DEBUG STREAM b'IHDR' 16 13
11:02:48,908 PIL.PngImagePlugin DEBUG STREAM b'sBIT' 41 4
11:02:48,908 PIL.PngImagePlugin DEBUG b'sBIT' 41 4 (unknown)
11:02:48,908 PIL.PngImagePlugin DEBUG STREAM b'pHYs' 57 9
11:02:48,908 PIL.PngImagePlugin DEBUG STREAM b'IDAT' 78 499
11:02:48,912 PIL.PngImagePlugin DEBUG STREAM b'IHDR' 16 13
11:02:48,912 PIL.PngImagePlugin DEBUG STREAM b'sBIT' 41 4
11:02:48,912 PIL.PngImagePlugin DEBUG b'sBIT' 41 4 (unknown)
11:02:48,912 PIL.PngImagePlugin DEBUG STREAM b'pHYs' 57 9
11:02:48,912 PIL.PngImagePlugin DEBUG STREAM b'IDAT' 78 673
11:02:48,915 PIL.PngImagePlugin DEBUG STREAM b'IHDR' 16 13
11:02:48,916 PIL.PngImagePlugin DEBUG STREAM b'sBIT' 41 4
11:02:48,916 PIL.PngImagePlugin DEBUG b'sBIT' 41 4 (unknown)
11:02:48,916 PIL.PngImagePlugin DEBUG STREAM b'pHYs' 57 9
11:02:48,916 PIL.PngImagePlugin DEBUG STREAM b'IDAT' 78 922
11:02:48,970 PIL.PngImagePlugin DEBUG STREAM b'IHDR' 16 13
11:02:48,970 PIL.PngImagePlugin DEBUG STREAM b'sBIT' 41 4
11:02:48,970 PIL.PngImagePlugin DEBUG b'sBIT' 41 4 (unknown)
11:02:48,970 PIL.PngImagePlugin DEBUG STREAM b'pHYs' 57 9
11:02:48,970 PIL.PngImagePlugin DEBUG STREAM b'IDAT' 78 568
11:02:48,973 PIL.PngImagePlugin DEBUG STREAM b'IHDR' 16 13
11:02:48,973 PIL.PngImagePlugin DEBUG STREAM b'sBIT' 41 4
11:02:48,973 PIL.PngImagePlugin DEBUG b'sBIT' 41 4 (unknown)
11:02:48,973 PIL.PngImagePlugin DEBUG STREAM b'pHYs' 57 9
11:02:48,974 PIL.PngImagePlugin DEBUG STREAM b'IDAT' 78 626
