10:13:29,727 root DEBUG Check that model weights are dtype tf.float64: 	 <dtype: 'float64'>
10:13:29,728 root INFO eps: 1e-06
10:13:29,728 root INFO tol: 1e-06
10:13:29,728 root DEBUG Load dual points from file: ../data/dual_points_cifar10_3x256_64_10_float64.
10:13:29,742 root DEBUG 

=================== Experiment ID #0 	 Dual Point ID: 1 ===================
10:13:29,755 root DEBUG CONTROL: 	 OK! 	 (target neuron output < tolerance: |1.369E-07|<1.000E-06)
10:13:29,755 root DEBUG CONTROL DUAL POINT: Check that target neuron output < tolerance ({tol:.3E}) at x_dual.
10:13:30,86 root DEBUG Side: ON	 Angle(dx0, dx): 6.41 deg 	 Angle(n, nold): 0.00 deg 	 Distance in patch: 2.601E-02 	 Total distance: 2.601E-02 	 Future toggles: 1 	 Past toggles: 1 	 Toggled: [[4, array([9], dtype=int64), array([[ True]])]] 	 class: [4 8]
10:13:30,386 root DEBUG Side: OFF	 Angle(dx0, dx): 3.67 deg 	 Angle(n, nold): 0.00 deg 	 Distance in patch: 1.748E-02 	 Total distance: 1.748E-02 	 Future toggles: 1 	 Past toggles: 1 	 Toggled: [[2, array([23], dtype=int64), array([[False]])]] 	 class: [4 8]
10:13:30,386 root DEBUG Check patch-by-patch distances for success (dOFF_patch>dON_patch) and ratio (dOFF_patch/dON_patch):
10:13:30,387 root DEBUG 	 nT= 1  	 success?   False    	 (dON-dOFF)/|dON+dOFF|: -19.60 	 cIDON = [4 8], cIDOFF = [4 8]
10:13:30,387 root DEBUG ===> #(dOFF_patch>dON_patch) = 0/1 = 0.00%
10:13:30,387 root DEBUG dOFF/dON = 0.7
10:13:30,387 root DEBUG {'CHOOSE_DX': 'along_decision_boundary', 'dxONAngle': 77.79689552160234, 'dON1': 0.02600937356868592, 'cIDON1': array([4, 8], dtype=int64), 'dON_patch_1': 0.02600937356868592, 'nTON': 1, 'dON': 0.02600937356868592, 'dxOFFAngle': 84.5106044932067, 'dOFF1': 0.0174839233423095, 'cIDOFF1': array([4, 8], dtype=int64), 'dOFF_patch_1': 0.0174839233423095, 'nTOFF': 1, 'dOFF': 0.0174839233423095, 'SUCCESS': False}
10:13:30,396 root DEBUG 

=================== Experiment ID #1 	 Dual Point ID: 2 ===================
10:13:30,406 root DEBUG CONTROL: 	 OK! 	 (target neuron output < tolerance: |1.296E-07|<1.000E-06)
10:13:30,406 root DEBUG CONTROL DUAL POINT: Check that target neuron output < tolerance ({tol:.3E}) at x_dual.
10:13:30,631 root DEBUG Side: ON	 Angle(dx0, dx): 2.26 deg 	 Angle(n, nold): 0.00 deg 	 Distance in patch: 3.964E-02 	 Total distance: 3.964E-02 	 Future toggles: 1 	 Past toggles: 1 	 Toggled: [[4, array([2], dtype=int64), array([[ True]])]] 	 class: [2 7]
10:13:30,901 root DEBUG Side: OFF	 Angle(dx0, dx): 0.97 deg 	 Angle(n, nold): 0.00 deg 	 Distance in patch: 1.434E-01 	 Total distance: 1.434E-01 	 Future toggles: 1 	 Past toggles: 1 	 Toggled: [[3, array([153], dtype=int64), array([[False]])]] 	 class: [2 7]
10:13:30,901 root DEBUG Check patch-by-patch distances for success (dOFF_patch>dON_patch) and ratio (dOFF_patch/dON_patch):
10:13:30,901 root DEBUG 	 nT= 1  	 success?    True    	 (dON-dOFF)/|dON+dOFF|: 56.68 	 cIDON = [2 7], cIDOFF = [2 7]
10:13:30,901 root DEBUG ===> #(dOFF_patch>dON_patch) = 1/1 = 100.00%
10:13:30,901 root DEBUG dOFF/dON = 3.6
10:13:30,902 root DEBUG {'CHOOSE_DX': 'along_decision_boundary', 'dxONAngle': 74.15425267409367, 'dON1': 0.03963505422876505, 'cIDON1': array([2, 7], dtype=int64), 'dON_patch_1': 0.03963505422876505, 'nTON': 1, 'dON': 0.03963505422876505, 'dxOFFAngle': 81.10162410247601, 'dOFF1': 0.14335671157168117, 'cIDOFF1': array([2, 7], dtype=int64), 'dOFF_patch_1': 0.14335671157168117, 'nTOFF': 1, 'dOFF': 0.14335671157168117, 'SUCCESS': True}
10:13:30,907 root DEBUG 

=================== Experiment ID #2 	 Dual Point ID: 3 ===================
10:13:30,917 root DEBUG CONTROL: 	 OK! 	 (target neuron output < tolerance: |4.811E-08|<1.000E-06)
10:13:30,917 root DEBUG CONTROL DUAL POINT: Check that target neuron output < tolerance ({tol:.3E}) at x_dual.
10:13:31,179 root DEBUG Side: ON	 Angle(dx0, dx): 2.70 deg 	 Angle(n, nold): 0.00 deg 	 Distance in patch: 8.254E-03 	 Total distance: 8.254E-03 	 Future toggles: 1 	 Past toggles: 1 	 Toggled: [[2, array([238], dtype=int64), array([[False]])]] 	 class: [2 7]
10:13:31,435 root DEBUG Side: OFF	 Angle(dx0, dx): 1.73 deg 	 Angle(n, nold): 0.00 deg 	 Distance in patch: 2.998E-02 	 Total distance: 2.998E-02 	 Future toggles: 0 	 Past toggles: 1 	 Toggled: [[1, array([221], dtype=int64), array([[ True]])]] 	 class: [2 7]
10:13:31,596 root DEBUG Side: OFF	 Angle(dx0, dx): 1.50 deg 	 Angle(n, nold): 0.00 deg 	 Distance in patch: 1.810E-01 	 Total distance: 2.110E-01 	 Future toggles: 1 	 Past toggles: 1 	 Toggled: [[2, array([185], dtype=int64), array([[False]])]] 	 class: [2 7]
10:13:31,597 root DEBUG Check patch-by-patch distances for success (dOFF_patch>dON_patch) and ratio (dOFF_patch/dON_patch):
10:13:31,597 root DEBUG 	 nT= 1  	 success?    True    	 (dON-dOFF)/|dON+dOFF|: 92.47 	 cIDON = [2 7], cIDOFF = [2 7]
10:13:31,597 root DEBUG ===> #(dOFF_patch>dON_patch) = 1/1 = 100.00%
10:13:31,597 root DEBUG dOFF/dON = 25.6
10:13:31,597 root DEBUG {'CHOOSE_DX': 'along_decision_boundary', 'dxONAngle': 77.38598150184987, 'dON1': 0.008254182627925613, 'cIDON1': array([2, 7], dtype=int64), 'dON_patch_1': 0.008254182627925613, 'nTON': 1, 'dON': 0.008254182627925613, 'dxOFFAngle': 82.31772497291962, 'dOFF1': 0.2109640298789095, 'cIDOFF1': array([2, 7], dtype=int64), 'dOFF_patch_1': 0.2109640298789095, 'nTOFF': 1, 'dOFF': 0.2109640298789095, 'SUCCESS': True}
10:13:31,603 root DEBUG 

=================== Experiment ID #3 	 Dual Point ID: 4 ===================
10:13:31,614 root DEBUG CONTROL: 	 OK! 	 (target neuron output < tolerance: |4.321E-08|<1.000E-06)
10:13:31,614 root DEBUG CONTROL DUAL POINT: Check that target neuron output < tolerance ({tol:.3E}) at x_dual.
10:13:31,858 root DEBUG Side: ON	 Angle(dx0, dx): 0.11 deg 	 Angle(n, nold): 0.00 deg 	 Distance in patch: 1.694E-01 	 Total distance: 1.694E-01 	 Future toggles: 1 	 Past toggles: 1 	 Toggled: [[3, array([8], dtype=int64), array([[ True]])]] 	 class: [2 7]
10:13:32,145 root DEBUG Side: OFF	 Angle(dx0, dx): 1.64 deg 	 Angle(n, nold): 0.00 deg 	 Distance in patch: 2.521E-01 	 Total distance: 2.521E-01 	 Future toggles: 1 	 Past toggles: 1 	 Toggled: [[2, array([98], dtype=int64), array([[False]])]] 	 class: [2 7]
10:13:32,145 root DEBUG Check patch-by-patch distances for success (dOFF_patch>dON_patch) and ratio (dOFF_patch/dON_patch):
10:13:32,145 root DEBUG 	 nT= 1  	 success?    True    	 (dON-dOFF)/|dON+dOFF|: 19.60 	 cIDON = [2 7], cIDOFF = [2 7]
10:13:32,145 root DEBUG ===> #(dOFF_patch>dON_patch) = 1/1 = 100.00%
10:13:32,145 root DEBUG dOFF/dON = 1.5
10:13:32,145 root DEBUG {'CHOOSE_DX': 'along_decision_boundary', 'dxONAngle': 87.52756626519113, 'dON1': 0.1694425340415641, 'cIDON1': array([2, 7], dtype=int64), 'dON_patch_1': 0.1694425340415641, 'nTON': 1, 'dON': 0.1694425340415641, 'dxOFFAngle': 88.26954167985906, 'dOFF1': 0.2520730480592083, 'cIDOFF1': array([2, 7], dtype=int64), 'dOFF_patch_1': 0.2520730480592083, 'nTOFF': 1, 'dOFF': 0.2520730480592083, 'SUCCESS': True}
10:13:32,152 root DEBUG 

=================== Experiment ID #4 	 Dual Point ID: 5 ===================
10:13:32,163 root DEBUG CONTROL: 	 OK! 	 (target neuron output < tolerance: |3.615E-08|<1.000E-06)
10:13:32,163 root DEBUG CONTROL DUAL POINT: Check that target neuron output < tolerance ({tol:.3E}) at x_dual.
10:13:32,416 root DEBUG Side: ON	 Angle(dx0, dx): 2.62 deg 	 Angle(n, nold): 0.00 deg 	 Distance in patch: 1.634E-02 	 Total distance: 1.634E-02 	 Future toggles: 1 	 Past toggles: 1 	 Toggled: [[2, array([201], dtype=int64), array([[ True]])]] 	 class: [3 5]
10:13:32,708 root DEBUG Side: OFF	 Angle(dx0, dx): 0.28 deg 	 Angle(n, nold): 0.00 deg 	 Distance in patch: 7.209E-03 	 Total distance: 7.209E-03 	 Future toggles: 0 	 Past toggles: 1 	 Toggled: [[1, array([74], dtype=int64), array([[ True]])]] 	 class: [3 5]
10:13:32,889 root DEBUG Side: OFF	 Angle(dx0, dx): 0.02 deg 	 Angle(n, nold): 0.00 deg 	 Distance in patch: 3.677E-01 	 Total distance: 3.749E-01 	 Future toggles: 0 	 Past toggles: 2 	 Toggled: [[1, array([123], dtype=int64), array([[ True]])]] 	 class: [3 5]
10:13:33,65 root DEBUG Side: OFF	 Angle(dx0, dx): 0.94 deg 	 Angle(n, nold): 0.00 deg 	 Distance in patch: 1.966E-01 	 Total distance: 5.715E-01 	 Future toggles: 0 	 Past toggles: 3 	 Toggled: [[1, array([222], dtype=int64), array([[ True]])]] 	 class: [3 5]
10:13:33,276 root DEBUG Side: OFF	 Angle(dx0, dx): 0.19 deg 	 Angle(n, nold): 0.00 deg 	 Distance in patch: 4.827E-02 	 Total distance: 6.198E-01 	 Future toggles: 1 	 Past toggles: 1 	 Toggled: [[2, array([80], dtype=int64), array([[False]])]] 	 class: [3 5]
10:13:33,276 root DEBUG Check patch-by-patch distances for success (dOFF_patch>dON_patch) and ratio (dOFF_patch/dON_patch):
10:13:33,276 root DEBUG 	 nT= 1  	 success?    True    	 (dON-dOFF)/|dON+dOFF|: 94.86 	 cIDON = [3 5], cIDOFF = [3 5]
10:13:33,276 root DEBUG ===> #(dOFF_patch>dON_patch) = 1/1 = 100.00%
10:13:33,276 root DEBUG dOFF/dON = 37.9
10:13:33,276 root DEBUG {'CHOOSE_DX': 'along_decision_boundary', 'dxONAngle': 81.59314235710389, 'dON1': 0.016344643643594864, 'cIDON1': array([3, 5], dtype=int64), 'dON_patch_1': 0.016344643643594864, 'nTON': 1, 'dON': 0.016344643643594864, 'dxOFFAngle': 86.76744039710992, 'dOFF1': 0.619759484610484, 'cIDOFF1': array([3, 5], dtype=int64), 'dOFF_patch_1': 0.619759484610484, 'nTOFF': 1, 'dOFF': 0.619759484610484, 'SUCCESS': True}
10:13:33,282 root DEBUG 

=================== Experiment ID #5 	 Dual Point ID: 6 ===================
10:13:33,291 root DEBUG CONTROL: 	 OK! 	 (target neuron output < tolerance: |8.976E-08|<1.000E-06)
10:13:33,291 root DEBUG CONTROL DUAL POINT: Check that target neuron output < tolerance ({tol:.3E}) at x_dual.
10:13:33,545 root DEBUG Side: ON	 Angle(dx0, dx): 23.48 deg 	 Angle(n, nold): 0.00 deg 	 Distance in patch: 3.522E-02 	 Total distance: 3.522E-02 	 Future toggles: 1 	 Past toggles: 1 	 Toggled: [[5, array([7, 8], dtype=int64), array([[0.],
       [1.]])]] 	 class: [8 9]
10:13:33,809 root DEBUG Side: OFF	 Angle(dx0, dx): 0.29 deg 	 Angle(n, nold): 0.00 deg 	 Distance in patch: 1.311E-01 	 Total distance: 1.311E-01 	 Future toggles: 1 	 Past toggles: 1 	 Toggled: [[3, array([215], dtype=int64), array([[ True]])]] 	 class: [7 9]
10:13:33,809 root DEBUG Check patch-by-patch distances for success (dOFF_patch>dON_patch) and ratio (dOFF_patch/dON_patch):
10:13:33,809 root DEBUG 	 nT= 1  	 success?    True    	 (dON-dOFF)/|dON+dOFF|: 57.66 	 cIDON = [7 9], cIDOFF = [7 9]
10:13:33,809 root DEBUG ===> #(dOFF_patch>dON_patch) = 1/1 = 100.00%
10:13:33,809 root DEBUG dOFF/dON = 3.7
10:13:33,809 root DEBUG {'CHOOSE_DX': 'along_decision_boundary', 'dxONAngle': 70.84438051893628, 'dON1': 0.035215735317997904, 'cIDON1': array([7, 9], dtype=int64), 'dON_patch_1': 0.035215735317997904, 'nTON': 1, 'dON': 0.035215735317997904, 'dxOFFAngle': 89.1288031684885, 'dOFF1': 0.1311166893201516, 'cIDOFF1': array([7, 9], dtype=int64), 'dOFF_patch_1': 0.1311166893201516, 'nTOFF': 1, 'dOFF': 0.1311166893201516, 'SUCCESS': True}
10:13:33,821 root DEBUG 

=================== Experiment ID #6 	 Dual Point ID: 7 ===================
10:13:33,830 root DEBUG CONTROL: 	 OK! 	 (target neuron output < tolerance: |6.735E-09|<1.000E-06)
10:13:33,830 root DEBUG CONTROL DUAL POINT: Check that target neuron output < tolerance ({tol:.3E}) at x_dual.
10:13:34,163 root DEBUG Side: ON	 Angle(dx0, dx): 0.93 deg 	 Angle(n, nold): 0.00 deg 	 Distance in patch: 1.364E-02 	 Total distance: 1.364E-02 	 Future toggles: 1 	 Past toggles: 1 	 Toggled: [[4, array([24], dtype=int64), array([[False]])]] 	 class: [0 1]
10:13:34,632 root DEBUG Side: OFF	 Angle(dx0, dx): 1.52 deg 	 Angle(n, nold): 0.00 deg 	 Distance in patch: 9.550E-02 	 Total distance: 9.550E-02 	 Future toggles: 1 	 Past toggles: 1 	 Toggled: [[2, array([140], dtype=int64), array([[False]])]] 	 class: [0 1]
10:13:34,633 root DEBUG Check patch-by-patch distances for success (dOFF_patch>dON_patch) and ratio (dOFF_patch/dON_patch):
10:13:34,633 root DEBUG 	 nT= 1  	 success?    True    	 (dON-dOFF)/|dON+dOFF|: 75.01 	 cIDON = [0 1], cIDOFF = [0 1]
10:13:34,633 root DEBUG ===> #(dOFF_patch>dON_patch) = 1/1 = 100.00%
10:13:34,633 root DEBUG dOFF/dON = 7.0
10:13:34,633 root DEBUG {'CHOOSE_DX': 'along_decision_boundary', 'dxONAngle': 87.51106971339713, 'dON1': 0.013639000273977952, 'cIDON1': array([0, 1], dtype=int64), 'dON_patch_1': 0.013639000273977952, 'nTON': 1, 'dON': 0.013639000273977952, 'dxOFFAngle': 85.47899602267086, 'dOFF1': 0.09550456156242845, 'cIDOFF1': array([0, 1], dtype=int64), 'dOFF_patch_1': 0.09550456156242845, 'nTOFF': 1, 'dOFF': 0.09550456156242845, 'SUCCESS': True}
10:13:34,640 root DEBUG 

=================== Experiment ID #7 	 Dual Point ID: 8 ===================
10:13:34,652 root DEBUG CONTROL: 	 OK! 	 (target neuron output < tolerance: |1.092E-07|<1.000E-06)
10:13:34,652 root DEBUG CONTROL DUAL POINT: Check that target neuron output < tolerance ({tol:.3E}) at x_dual.
10:13:35,29 root DEBUG Side: ON	 Angle(dx0, dx): 6.09 deg 	 Angle(n, nold): 0.00 deg 	 Distance in patch: 1.081E-05 	 Total distance: 1.081E-05 	 Future toggles: 1 	 Past toggles: 1 	 Toggled: [[5, array([0, 1], dtype=int64), array([[1.],
       [0.]])]] 	 class: [0 8]
10:13:35,458 root DEBUG Side: OFF	 Angle(dx0, dx): 3.01 deg 	 Angle(n, nold): 0.00 deg 	 Distance in patch: 1.358E-01 	 Total distance: 1.358E-01 	 Future toggles: 1 	 Past toggles: 1 	 Toggled: [[3, array([59], dtype=int64), array([[False]])]] 	 class: [0 8]
10:13:35,458 root DEBUG Check patch-by-patch distances for success (dOFF_patch>dON_patch) and ratio (dOFF_patch/dON_patch):
10:13:35,458 root DEBUG 	 nT= 1  	 success?    True    	 (dON-dOFF)/|dON+dOFF|: 99.98 	 cIDON = [1 8], cIDOFF = [0 8]
10:13:35,458 root DEBUG ===> #(dOFF_patch>dON_patch) = 1/1 = 100.00%
10:13:35,458 root DEBUG dOFF/dON = 12569.8
10:13:35,458 root DEBUG {'CHOOSE_DX': 'along_decision_boundary', 'dxONAngle': 84.03328278223493, 'dON1': 1.0805644069032249e-05, 'cIDON1': array([1, 8], dtype=int64), 'dON_patch_1': 1.0805644069032249e-05, 'nTON': 1, 'dON': 1.0805644069032249e-05, 'dxOFFAngle': 86.55408300694569, 'dOFF1': 0.135825067072378, 'cIDOFF1': array([0, 8], dtype=int64), 'dOFF_patch_1': 0.135825067072378, 'nTOFF': 1, 'dOFF': 0.135825067072378, 'SUCCESS': True}
10:13:35,464 root DEBUG 

=================== Experiment ID #8 	 Dual Point ID: 9 ===================
10:13:35,473 root DEBUG CONTROL: 	 OK! 	 (target neuron output < tolerance: |8.614E-08|<1.000E-06)
10:13:35,474 root DEBUG CONTROL DUAL POINT: Check that target neuron output < tolerance ({tol:.3E}) at x_dual.
10:13:35,747 root DEBUG Side: ON	 Angle(dx0, dx): 0.31 deg 	 Angle(n, nold): 0.00 deg 	 Distance in patch: 1.671E-02 	 Total distance: 1.671E-02 	 Future toggles: 0 	 Past toggles: 1 	 Toggled: [[1, array([90], dtype=int64), array([[ True]])]] 	 class: [3 6]
10:13:35,916 root DEBUG Side: ON	 Angle(dx0, dx): 16.70 deg 	 Angle(n, nold): 0.00 deg 	 Distance in patch: 5.599E-02 	 Total distance: 7.270E-02 	 Future toggles: 1 	 Past toggles: 1 	 Toggled: [[4, array([49], dtype=int64), array([[False]])]] 	 class: [3 6]
10:13:36,192 root DEBUG Side: OFF	 Angle(dx0, dx): 0.27 deg 	 Angle(n, nold): 0.00 deg 	 Distance in patch: 9.759E-02 	 Total distance: 9.759E-02 	 Future toggles: 0 	 Past toggles: 1 	 Toggled: [[1, array([212], dtype=int64), array([[ True]])]] 	 class: [3 6]
10:13:36,367 root DEBUG Side: OFF	 Angle(dx0, dx): 0.23 deg 	 Angle(n, nold): 0.00 deg 	 Distance in patch: 1.054E-02 	 Total distance: 1.081E-01 	 Future toggles: 1 	 Past toggles: 1 	 Toggled: [[4, array([34], dtype=int64), array([[False]])]] 	 class: [3 6]
10:13:36,367 root DEBUG Check patch-by-patch distances for success (dOFF_patch>dON_patch) and ratio (dOFF_patch/dON_patch):
10:13:36,367 root DEBUG 	 nT= 1  	 success?    True    	 (dON-dOFF)/|dON+dOFF|: 19.59 	 cIDON = [3 6], cIDOFF = [3 6]
10:13:36,367 root DEBUG ===> #(dOFF_patch>dON_patch) = 1/1 = 100.00%
10:13:36,367 root DEBUG dOFF/dON = 1.5
10:13:36,367 root DEBUG {'CHOOSE_DX': 'along_decision_boundary', 'dxONAngle': 72.98716220453069, 'dON1': 0.07270057042573236, 'cIDON1': array([3, 6], dtype=int64), 'dON_patch_1': 0.07270057042573236, 'nTON': 1, 'dON': 0.07270057042573236, 'dxOFFAngle': 82.59435322111688, 'dOFF1': 0.10812883149292998, 'cIDOFF1': array([3, 6], dtype=int64), 'dOFF_patch_1': 0.10812883149292998, 'nTOFF': 1, 'dOFF': 0.10812883149292998, 'SUCCESS': True}
10:13:36,373 root DEBUG 

=================== Experiment ID #9 	 Dual Point ID: 10 ===================
10:13:36,383 root DEBUG CONTROL: 	 OK! 	 (target neuron output < tolerance: |4.250E-08|<1.000E-06)
10:13:36,383 root DEBUG CONTROL DUAL POINT: Check that target neuron output < tolerance ({tol:.3E}) at x_dual.
10:13:36,710 root DEBUG Side: ON	 Angle(dx0, dx): 2.65 deg 	 Angle(n, nold): 0.00 deg 	 Distance in patch: 1.838E-03 	 Total distance: 1.838E-03 	 Future toggles: 1 	 Past toggles: 1 	 Toggled: [[3, array([63], dtype=int64), array([[False]])]] 	 class: [3 7]
10:13:36,986 root DEBUG Side: OFF	 Angle(dx0, dx): 0.02 deg 	 Angle(n, nold): 0.00 deg 	 Distance in patch: 2.936E-01 	 Total distance: 2.936E-01 	 Future toggles: 0 	 Past toggles: 1 	 Toggled: [[1, array([231], dtype=int64), array([[ True]])]] 	 class: [3 7]
10:13:37,259 root DEBUG Side: OFF	 Angle(dx0, dx): 0.55 deg 	 Angle(n, nold): 0.00 deg 	 Distance in patch: 1.210E-01 	 Total distance: 4.146E-01 	 Future toggles: 0 	 Past toggles: 2 	 Toggled: [[1, array([206], dtype=int64), array([[ True]])]] 	 class: [3 7]
10:13:37,429 root DEBUG Side: OFF	 Angle(dx0, dx): 1.18 deg 	 Angle(n, nold): 0.00 deg 	 Distance in patch: 3.195E-02 	 Total distance: 4.465E-01 	 Future toggles: 1 	 Past toggles: 1 	 Toggled: [[2, array([237], dtype=int64), array([[False]])]] 	 class: [3 7]
10:13:37,429 root DEBUG Check patch-by-patch distances for success (dOFF_patch>dON_patch) and ratio (dOFF_patch/dON_patch):
10:13:37,429 root DEBUG 	 nT= 1  	 success?    True    	 (dON-dOFF)/|dON+dOFF|: 99.18 	 cIDON = [3 7], cIDOFF = [3 7]
10:13:37,429 root DEBUG ===> #(dOFF_patch>dON_patch) = 1/1 = 100.00%
10:13:37,429 root DEBUG dOFF/dON = 243.0
10:13:37,429 root DEBUG {'CHOOSE_DX': 'along_decision_boundary', 'dxONAngle': 79.28472358195917, 'dON1': 0.0018375544209378006, 'cIDON1': array([3, 7], dtype=int64), 'dON_patch_1': 0.0018375544209378006, 'nTON': 1, 'dON': 0.0018375544209378006, 'dxOFFAngle': 87.46320669810582, 'dOFF1': 0.4465137579928168, 'cIDOFF1': array([3, 7], dtype=int64), 'dOFF_patch_1': 0.4465137579928168, 'nTOFF': 1, 'dOFF': 0.4465137579928168, 'SUCCESS': True}
10:13:37,435 root DEBUG 

=================== Experiment ID #10 	 Dual Point ID: 11 ===================
10:13:37,445 root DEBUG CONTROL: 	 OK! 	 (target neuron output < tolerance: |3.905E-08|<1.000E-06)
10:13:37,445 root DEBUG CONTROL DUAL POINT: Check that target neuron output < tolerance ({tol:.3E}) at x_dual.
10:13:37,686 root DEBUG Side: ON	 Angle(dx0, dx): 2.90 deg 	 Angle(n, nold): 0.00 deg 	 Distance in patch: 9.610E-02 	 Total distance: 9.610E-02 	 Future toggles: 1 	 Past toggles: 1 	 Toggled: [[4, array([48], dtype=int64), array([[ True]])]] 	 class: [2 4]
10:13:38,58 root DEBUG Side: OFF	 Angle(dx0, dx): 0.69 deg 	 Angle(n, nold): 0.00 deg 	 Distance in patch: 2.392E-01 	 Total distance: 2.392E-01 	 Future toggles: 1 	 Past toggles: 1 	 Toggled: [[2, array([110], dtype=int64), array([[ True]])]] 	 class: [2 4]
10:13:38,58 root DEBUG Check patch-by-patch distances for success (dOFF_patch>dON_patch) and ratio (dOFF_patch/dON_patch):
10:13:38,58 root DEBUG 	 nT= 1  	 success?    True    	 (dON-dOFF)/|dON+dOFF|: 42.67 	 cIDON = [2 4], cIDOFF = [2 4]
10:13:38,58 root DEBUG ===> #(dOFF_patch>dON_patch) = 1/1 = 100.00%
10:13:38,58 root DEBUG dOFF/dON = 2.5
10:13:38,58 root DEBUG {'CHOOSE_DX': 'along_decision_boundary', 'dxONAngle': 78.19458166836695, 'dON1': 0.09609665925637312, 'cIDON1': array([2, 4], dtype=int64), 'dON_patch_1': 0.09609665925637312, 'nTON': 1, 'dON': 0.09609665925637312, 'dxOFFAngle': 83.23082498947173, 'dOFF1': 0.23916867293706012, 'cIDOFF1': array([2, 4], dtype=int64), 'dOFF_patch_1': 0.23916867293706012, 'nTOFF': 1, 'dOFF': 0.23916867293706012, 'SUCCESS': True}
10:13:38,67 root DEBUG 

=================== Experiment ID #11 	 Dual Point ID: 12 ===================
10:13:38,76 root DEBUG CONTROL: 	 OK! 	 (target neuron output < tolerance: |2.096E-07|<1.000E-06)
10:13:38,76 root DEBUG CONTROL DUAL POINT: Check that target neuron output < tolerance ({tol:.3E}) at x_dual.
10:13:38,340 root DEBUG Side: ON	 Angle(dx0, dx): 3.53 deg 	 Angle(n, nold): 0.00 deg 	 Distance in patch: 4.337E-02 	 Total distance: 4.337E-02 	 Future toggles: 1 	 Past toggles: 1 	 Toggled: [[4, array([8], dtype=int64), array([[False]])]] 	 class: [6 9]
10:13:38,568 root DEBUG Side: OFF	 Angle(dx0, dx): 0.22 deg 	 Angle(n, nold): 0.00 deg 	 Distance in patch: 4.334E-03 	 Total distance: 4.334E-03 	 Future toggles: 1 	 Past toggles: 1 	 Toggled: [[4, array([10], dtype=int64), array([[ True]])]] 	 class: [6 9]
10:13:38,569 root DEBUG Check patch-by-patch distances for success (dOFF_patch>dON_patch) and ratio (dOFF_patch/dON_patch):
10:13:38,569 root DEBUG 	 nT= 1  	 success?   False    	 (dON-dOFF)/|dON+dOFF|: -81.83 	 cIDON = [6 9], cIDOFF = [6 9]
10:13:38,569 root DEBUG ===> #(dOFF_patch>dON_patch) = 0/1 = 0.00%
10:13:38,569 root DEBUG dOFF/dON = 0.1
10:13:38,569 root DEBUG {'CHOOSE_DX': 'along_decision_boundary', 'dxONAngle': 85.68092176979978, 'dON1': 0.043370708273313456, 'cIDON1': array([6, 9], dtype=int64), 'dON_patch_1': 0.043370708273313456, 'nTON': 1, 'dON': 0.043370708273313456, 'dxOFFAngle': 88.24999585891972, 'dOFF1': 0.004334298570744317, 'cIDOFF1': array([6, 9], dtype=int64), 'dOFF_patch_1': 0.004334298570744317, 'nTOFF': 1, 'dOFF': 0.004334298570744317, 'SUCCESS': False}
10:13:38,582 root DEBUG 

=================== Experiment ID #12 	 Dual Point ID: 13 ===================
10:13:38,591 root DEBUG CONTROL: 	 OK! 	 (target neuron output < tolerance: |4.638E-08|<1.000E-06)
10:13:38,592 root DEBUG CONTROL DUAL POINT: Check that target neuron output < tolerance ({tol:.3E}) at x_dual.
10:13:38,952 root DEBUG Side: ON	 Angle(dx0, dx): 1.82 deg 	 Angle(n, nold): 0.00 deg 	 Distance in patch: 1.207E-01 	 Total distance: 1.207E-01 	 Future toggles: 1 	 Past toggles: 1 	 Toggled: [[2, array([14], dtype=int64), array([[False]])]] 	 class: [3 8]
10:13:39,331 root DEBUG Side: OFF	 Angle(dx0, dx): 0.01 deg 	 Angle(n, nold): 0.00 deg 	 Distance in patch: 1.050E-01 	 Total distance: 1.050E-01 	 Future toggles: 0 	 Past toggles: 1 	 Toggled: [[1, array([119], dtype=int64), array([[ True]])]] 	 class: [3 8]
10:13:39,574 root DEBUG Side: OFF	 Angle(dx0, dx): 1.70 deg 	 Angle(n, nold): 0.00 deg 	 Distance in patch: 9.646E-02 	 Total distance: 2.014E-01 	 Future toggles: 1 	 Past toggles: 1 	 Toggled: [[3, array([55], dtype=int64), array([[False]])]] 	 class: [3 8]
10:13:39,574 root DEBUG Check patch-by-patch distances for success (dOFF_patch>dON_patch) and ratio (dOFF_patch/dON_patch):
10:13:39,575 root DEBUG 	 nT= 1  	 success?    True    	 (dON-dOFF)/|dON+dOFF|: 25.05 	 cIDON = [3 8], cIDOFF = [3 8]
10:13:39,575 root DEBUG ===> #(dOFF_patch>dON_patch) = 1/1 = 100.00%
10:13:39,575 root DEBUG dOFF/dON = 1.7
10:13:39,575 root DEBUG {'CHOOSE_DX': 'along_decision_boundary', 'dxONAngle': 87.969433911336, 'dON1': 0.12071443042352363, 'cIDON1': array([3, 8], dtype=int64), 'dON_patch_1': 0.12071443042352363, 'nTON': 1, 'dON': 0.12071443042352363, 'dxOFFAngle': 87.69141057185709, 'dOFF1': 0.20142680375502092, 'cIDOFF1': array([3, 8], dtype=int64), 'dOFF_patch_1': 0.20142680375502092, 'nTOFF': 1, 'dOFF': 0.20142680375502092, 'SUCCESS': True}
10:13:39,587 root DEBUG 

=================== Experiment ID #13 	 Dual Point ID: 14 ===================
10:13:39,596 root DEBUG CONTROL: 	 OK! 	 (target neuron output < tolerance: |3.661E-08|<1.000E-06)
10:13:39,596 root DEBUG CONTROL DUAL POINT: Check that target neuron output < tolerance ({tol:.3E}) at x_dual.
10:13:39,823 root DEBUG Side: ON	 Angle(dx0, dx): 0.59 deg 	 Angle(n, nold): 0.00 deg 	 Distance in patch: 5.635E-03 	 Total distance: 5.635E-03 	 Future toggles: 0 	 Past toggles: 1 	 Toggled: [[1, array([41], dtype=int64), array([[False]])]] 	 class: [2 7]
10:13:39,973 root DEBUG Side: ON	 Angle(dx0, dx): 3.01 deg 	 Angle(n, nold): 0.00 deg 	 Distance in patch: 1.064E-01 	 Total distance: 1.121E-01 	 Future toggles: 1 	 Past toggles: 1 	 Toggled: [[2, array([109], dtype=int64), array([[False]])]] 	 class: [2 7]
10:13:40,211 root DEBUG Side: OFF	 Angle(dx0, dx): 0.94 deg 	 Angle(n, nold): 0.00 deg 	 Distance in patch: 2.453E-01 	 Total distance: 2.453E-01 	 Future toggles: 1 	 Past toggles: 1 	 Toggled: [[2, array([220], dtype=int64), array([[ True]])]] 	 class: [2 7]
10:13:40,211 root DEBUG Check patch-by-patch distances for success (dOFF_patch>dON_patch) and ratio (dOFF_patch/dON_patch):
10:13:40,211 root DEBUG 	 nT= 1  	 success?    True    	 (dON-dOFF)/|dON+dOFF|: 37.28 	 cIDON = [2 7], cIDOFF = [2 7]
10:13:40,211 root DEBUG ===> #(dOFF_patch>dON_patch) = 1/1 = 100.00%
10:13:40,211 root DEBUG dOFF/dON = 2.2
10:13:40,211 root DEBUG {'CHOOSE_DX': 'along_decision_boundary', 'dxONAngle': 87.63982569953099, 'dON1': 0.11207445965624377, 'cIDON1': array([2, 7], dtype=int64), 'dON_patch_1': 0.11207445965624377, 'nTON': 1, 'dON': 0.11207445965624377, 'dxOFFAngle': 89.42097384347338, 'dOFF1': 0.24533308670096876, 'cIDOFF1': array([2, 7], dtype=int64), 'dOFF_patch_1': 0.24533308670096876, 'nTOFF': 1, 'dOFF': 0.24533308670096876, 'SUCCESS': True}
10:13:40,217 root DEBUG 

=================== Experiment ID #14 	 Dual Point ID: 15 ===================
10:13:40,223 root DEBUG CONTROL: 	 OK! 	 (target neuron output < tolerance: |2.006E-07|<1.000E-06)
10:13:40,224 root DEBUG CONTROL DUAL POINT: Check that target neuron output < tolerance ({tol:.3E}) at x_dual.
10:13:40,444 root DEBUG Side: ON	 Angle(dx0, dx): 0.94 deg 	 Angle(n, nold): 0.00 deg 	 Distance in patch: 4.206E-02 	 Total distance: 4.206E-02 	 Future toggles: 1 	 Past toggles: 1 	 Toggled: [[3, array([106], dtype=int64), array([[ True]])]] 	 class: [4 8]
10:13:40,770 root DEBUG Side: OFF	 Angle(dx0, dx): 2.05 deg 	 Angle(n, nold): 0.00 deg 	 Distance in patch: 1.262E-01 	 Total distance: 1.262E-01 	 Future toggles: 1 	 Past toggles: 1 	 Toggled: [[2, array([145], dtype=int64), array([[ True]])]] 	 class: [4 8]
10:13:40,770 root DEBUG Check patch-by-patch distances for success (dOFF_patch>dON_patch) and ratio (dOFF_patch/dON_patch):
10:13:40,770 root DEBUG 	 nT= 1  	 success?    True    	 (dON-dOFF)/|dON+dOFF|: 50.00 	 cIDON = [4 8], cIDOFF = [4 8]
10:13:40,770 root DEBUG ===> #(dOFF_patch>dON_patch) = 1/1 = 100.00%
10:13:40,770 root DEBUG dOFF/dON = 3.0
10:13:40,770 root DEBUG {'CHOOSE_DX': 'along_decision_boundary', 'dxONAngle': 70.11451125270597, 'dON1': 0.04205829144790647, 'cIDON1': array([4, 8], dtype=int64), 'dON_patch_1': 0.04205829144790647, 'nTON': 1, 'dON': 0.04205829144790647, 'dxOFFAngle': 78.05278597423495, 'dOFF1': 0.12617066997037069, 'cIDOFF1': array([4, 8], dtype=int64), 'dOFF_patch_1': 0.12617066997037069, 'nTOFF': 1, 'dOFF': 0.12617066997037069, 'SUCCESS': True}
10:13:40,776 root DEBUG 

=================== Experiment ID #15 	 Dual Point ID: 16 ===================
10:13:40,786 root DEBUG CONTROL: 	 OK! 	 (target neuron output < tolerance: |1.336E-08|<1.000E-06)
10:13:40,786 root DEBUG CONTROL DUAL POINT: Check that target neuron output < tolerance ({tol:.3E}) at x_dual.
10:13:41,44 root DEBUG Side: ON	 Angle(dx0, dx): 1.10 deg 	 Angle(n, nold): 0.00 deg 	 Distance in patch: 9.948E-03 	 Total distance: 9.948E-03 	 Future toggles: 1 	 Past toggles: 1 	 Toggled: [[2, array([188], dtype=int64), array([[False]])]] 	 class: [3 9]
10:13:41,370 root DEBUG Side: OFF	 Angle(dx0, dx): 0.36 deg 	 Angle(n, nold): 0.00 deg 	 Distance in patch: 7.242E-02 	 Total distance: 7.242E-02 	 Future toggles: 1 	 Past toggles: 1 	 Toggled: [[3, array([73], dtype=int64), array([[ True]])]] 	 class: [3 9]
10:13:41,371 root DEBUG Check patch-by-patch distances for success (dOFF_patch>dON_patch) and ratio (dOFF_patch/dON_patch):
10:13:41,371 root DEBUG 	 nT= 1  	 success?    True    	 (dON-dOFF)/|dON+dOFF|: 75.85 	 cIDON = [3 9], cIDOFF = [3 9]
10:13:41,371 root DEBUG ===> #(dOFF_patch>dON_patch) = 1/1 = 100.00%
10:13:41,371 root DEBUG dOFF/dON = 7.3
10:13:41,371 root DEBUG {'CHOOSE_DX': 'along_decision_boundary', 'dxONAngle': 85.63497230517555, 'dON1': 0.00994783460667259, 'cIDON1': array([3, 9], dtype=int64), 'dON_patch_1': 0.00994783460667259, 'nTON': 1, 'dON': 0.00994783460667259, 'dxOFFAngle': 86.39861881029718, 'dOFF1': 0.07242087195502087, 'cIDOFF1': array([3, 9], dtype=int64), 'dOFF_patch_1': 0.07242087195502087, 'nTOFF': 1, 'dOFF': 0.07242087195502087, 'SUCCESS': True}
10:13:41,380 root DEBUG 

=================== Experiment ID #16 	 Dual Point ID: 17 ===================
10:13:41,389 root DEBUG CONTROL: 	 OK! 	 (target neuron output < tolerance: |2.580E-07|<1.000E-06)
10:13:41,389 root DEBUG CONTROL DUAL POINT: Check that target neuron output < tolerance ({tol:.3E}) at x_dual.
10:13:41,762 root DEBUG Side: ON	 Angle(dx0, dx): 0.05 deg 	 Angle(n, nold): 0.00 deg 	 Distance in patch: 1.941E-01 	 Total distance: 1.941E-01 	 Future toggles: 1 	 Past toggles: 1 	 Toggled: [[3, array([53], dtype=int64), array([[ True]])]] 	 class: [3 4]
10:13:42,98 root DEBUG Side: OFF	 Angle(dx0, dx): 0.22 deg 	 Angle(n, nold): 0.00 deg 	 Distance in patch: 2.093E-02 	 Total distance: 2.093E-02 	 Future toggles: 1 	 Past toggles: 1 	 Toggled: [[4, array([27], dtype=int64), array([[ True]])]] 	 class: [3 4]
10:13:42,98 root DEBUG Check patch-by-patch distances for success (dOFF_patch>dON_patch) and ratio (dOFF_patch/dON_patch):
10:13:42,98 root DEBUG 	 nT= 1  	 success?   False    	 (dON-dOFF)/|dON+dOFF|: -80.53 	 cIDON = [3 4], cIDOFF = [3 4]
10:13:42,99 root DEBUG ===> #(dOFF_patch>dON_patch) = 0/1 = 0.00%
10:13:42,99 root DEBUG dOFF/dON = 0.1
10:13:42,99 root DEBUG {'CHOOSE_DX': 'along_decision_boundary', 'dxONAngle': 83.79693323135466, 'dON1': 0.19410007455731462, 'cIDON1': array([3, 4], dtype=int64), 'dON_patch_1': 0.19410007455731462, 'nTON': 1, 'dON': 0.19410007455731462, 'dxOFFAngle': 88.58609454738463, 'dOFF1': 0.02092859521120746, 'cIDOFF1': array([3, 4], dtype=int64), 'dOFF_patch_1': 0.02092859521120746, 'nTOFF': 1, 'dOFF': 0.02092859521120746, 'SUCCESS': False}
10:13:42,109 root DEBUG 

=================== Experiment ID #17 	 Dual Point ID: 18 ===================
10:13:42,120 root DEBUG CONTROL: 	 OK! 	 (target neuron output < tolerance: |1.803E-07|<1.000E-06)
10:13:42,120 root DEBUG CONTROL DUAL POINT: Check that target neuron output < tolerance ({tol:.3E}) at x_dual.
10:13:42,446 root DEBUG Side: ON	 Angle(dx0, dx): 0.60 deg 	 Angle(n, nold): 0.00 deg 	 Distance in patch: 6.728E-02 	 Total distance: 6.728E-02 	 Future toggles: 0 	 Past toggles: 1 	 Toggled: [[1, array([126], dtype=int64), array([[False]])]] 	 class: [0 8]
10:13:42,669 root DEBUG Side: ON	 Angle(dx0, dx): 0.62 deg 	 Angle(n, nold): 0.00 deg 	 Distance in patch: 5.655E-02 	 Total distance: 1.238E-01 	 Future toggles: 1 	 Past toggles: 1 	 Toggled: [[3, array([185], dtype=int64), array([[ True]])]] 	 class: [0 8]
10:13:42,860 root DEBUG Side: OFF	 Angle(dx0, dx): 6.24 deg 	 Angle(n, nold): 0.00 deg 	 Distance in patch: 2.884E-05 	 Total distance: 2.884E-05 	 Future toggles: 1 	 Past toggles: 1 	 Toggled: [[5, array([0, 1], dtype=int64), array([[1.],
       [0.]])]] 	 class: [0 8]
10:13:42,860 root DEBUG Check patch-by-patch distances for success (dOFF_patch>dON_patch) and ratio (dOFF_patch/dON_patch):
10:13:42,860 root DEBUG 	 nT= 1  	 success?   False    	 (dON-dOFF)/|dON+dOFF|: -99.95 	 cIDON = [0 8], cIDOFF = [1 8]
10:13:42,861 root DEBUG ===> #(dOFF_patch>dON_patch) = 0/1 = 0.00%
10:13:42,861 root DEBUG dOFF/dON = 0.0
10:13:42,861 root DEBUG {'CHOOSE_DX': 'along_decision_boundary', 'dxONAngle': 80.75993699116255, 'dON1': 0.12383174410426989, 'cIDON1': array([0, 8], dtype=int64), 'dON_patch_1': 0.12383174410426989, 'nTON': 1, 'dON': 0.12383174410426989, 'dxOFFAngle': 83.57889298594515, 'dOFF1': 2.8839862370656777e-05, 'cIDOFF1': array([1, 8], dtype=int64), 'dOFF_patch_1': 2.8839862370656777e-05, 'nTOFF': 1, 'dOFF': 2.8839862370656777e-05, 'SUCCESS': False}
10:13:42,866 root DEBUG 

=================== Experiment ID #18 	 Dual Point ID: 19 ===================
10:13:42,881 root DEBUG CONTROL: 	 OK! 	 (target neuron output < tolerance: |5.683E-07|<1.000E-06)
10:13:42,882 root DEBUG CONTROL DUAL POINT: Check that target neuron output < tolerance ({tol:.3E}) at x_dual.
10:13:43,80 root DEBUG Side: ON	 Angle(dx0, dx): 0.41 deg 	 Angle(n, nold): 0.00 deg 	 Distance in patch: 3.413E-02 	 Total distance: 3.413E-02 	 Future toggles: 1 	 Past toggles: 1 	 Toggled: [[3, array([230], dtype=int64), array([[ True]])]] 	 class: [2 7]
10:13:43,323 root DEBUG Side: OFF	 Angle(dx0, dx): 5.87 deg 	 Angle(n, nold): 0.00 deg 	 Distance in patch: 1.093E-01 	 Total distance: 1.093E-01 	 Future toggles: 1 	 Past toggles: 1 	 Toggled: [[4, array([40], dtype=int64), array([[ True]])]] 	 class: [2 7]
10:13:43,324 root DEBUG Check patch-by-patch distances for success (dOFF_patch>dON_patch) and ratio (dOFF_patch/dON_patch):
10:13:43,324 root DEBUG 	 nT= 1  	 success?    True    	 (dON-dOFF)/|dON+dOFF|: 52.41 	 cIDON = [2 7], cIDOFF = [2 7]
10:13:43,324 root DEBUG ===> #(dOFF_patch>dON_patch) = 1/1 = 100.00%
10:13:43,324 root DEBUG dOFF/dON = 3.2
10:13:43,324 root DEBUG {'CHOOSE_DX': 'along_decision_boundary', 'dxONAngle': 89.39043147519729, 'dON1': 0.03413174839188509, 'cIDON1': array([2, 7], dtype=int64), 'dON_patch_1': 0.03413174839188509, 'nTON': 1, 'dON': 0.03413174839188509, 'dxOFFAngle': 87.61280154646917, 'dOFF1': 0.10930274780441451, 'cIDOFF1': array([2, 7], dtype=int64), 'dOFF_patch_1': 0.10930274780441451, 'nTOFF': 1, 'dOFF': 0.10930274780441451, 'SUCCESS': True}
10:13:43,333 root DEBUG 

=================== Experiment ID #19 	 Dual Point ID: 20 ===================
10:13:43,340 root DEBUG CONTROL: 	 OK! 	 (target neuron output < tolerance: |2.781E-08|<1.000E-06)
10:13:43,340 root DEBUG CONTROL DUAL POINT: Check that target neuron output < tolerance ({tol:.3E}) at x_dual.
10:13:43,609 root DEBUG Side: ON	 Angle(dx0, dx): 0.01 deg 	 Angle(n, nold): 0.00 deg 	 Distance in patch: 6.538E-02 	 Total distance: 6.538E-02 	 Future toggles: 0 	 Past toggles: 1 	 Toggled: [[1, array([138], dtype=int64), array([[ True]])]] 	 class: [4 6]
10:13:43,792 root DEBUG Side: ON	 Angle(dx0, dx): 2.69 deg 	 Angle(n, nold): 0.00 deg 	 Distance in patch: 3.289E-03 	 Total distance: 6.867E-02 	 Future toggles: 1 	 Past toggles: 1 	 Toggled: [[3, array([84], dtype=int64), array([[False]])]] 	 class: [4 6]
10:13:44,34 root DEBUG Side: OFF	 Angle(dx0, dx): 0.34 deg 	 Angle(n, nold): 0.00 deg 	 Distance in patch: 2.695E-01 	 Total distance: 2.695E-01 	 Future toggles: 1 	 Past toggles: 1 	 Toggled: [[3, array([108], dtype=int64), array([[ True]])]] 	 class: [4 6]
10:13:44,35 root DEBUG Check patch-by-patch distances for success (dOFF_patch>dON_patch) and ratio (dOFF_patch/dON_patch):
10:13:44,35 root DEBUG 	 nT= 1  	 success?    True    	 (dON-dOFF)/|dON+dOFF|: 59.39 	 cIDON = [4 6], cIDOFF = [4 6]
10:13:44,35 root DEBUG ===> #(dOFF_patch>dON_patch) = 1/1 = 100.00%
10:13:44,35 root DEBUG dOFF/dON = 3.9
10:13:44,35 root DEBUG {'CHOOSE_DX': 'along_decision_boundary', 'dxONAngle': 78.71808864781494, 'dON1': 0.06866644671980163, 'cIDON1': array([4, 6], dtype=int64), 'dON_patch_1': 0.06866644671980163, 'nTON': 1, 'dON': 0.06866644671980163, 'dxOFFAngle': 89.76151444042124, 'dOFF1': 0.26949372724401577, 'cIDOFF1': array([4, 6], dtype=int64), 'dOFF_patch_1': 0.26949372724401577, 'nTOFF': 1, 'dOFF': 0.26949372724401577, 'SUCCESS': True}
10:13:44,50 root DEBUG 

=================== Experiment ID #20 	 Dual Point ID: 21 ===================
10:13:44,62 root DEBUG CONTROL: 	 OK! 	 (target neuron output < tolerance: |2.370E-07|<1.000E-06)
10:13:44,62 root DEBUG CONTROL DUAL POINT: Check that target neuron output < tolerance ({tol:.3E}) at x_dual.
10:13:44,310 root DEBUG Side: ON	 Angle(dx0, dx): 0.05 deg 	 Angle(n, nold): 0.00 deg 	 Distance in patch: 1.836E-01 	 Total distance: 1.836E-01 	 Future toggles: 1 	 Past toggles: 1 	 Toggled: [[3, array([209], dtype=int64), array([[False]])]] 	 class: [2 8]
10:13:44,674 root DEBUG Side: OFF	 Angle(dx0, dx): 1.14 deg 	 Angle(n, nold): 0.00 deg 	 Distance in patch: 8.485E-02 	 Total distance: 8.485E-02 	 Future toggles: 1 	 Past toggles: 1 	 Toggled: [[3, array([143], dtype=int64), array([[False]])]] 	 class: [2 8]
10:13:44,674 root DEBUG Check patch-by-patch distances for success (dOFF_patch>dON_patch) and ratio (dOFF_patch/dON_patch):
10:13:44,675 root DEBUG 	 nT= 1  	 success?   False    	 (dON-dOFF)/|dON+dOFF|: -36.79 	 cIDON = [2 8], cIDOFF = [2 8]
10:13:44,675 root DEBUG ===> #(dOFF_patch>dON_patch) = 0/1 = 0.00%
10:13:44,675 root DEBUG dOFF/dON = 0.5
10:13:44,675 root DEBUG {'CHOOSE_DX': 'along_decision_boundary', 'dxONAngle': 80.22457296770249, 'dON1': 0.18363855781681676, 'cIDON1': array([2, 8], dtype=int64), 'dON_patch_1': 0.18363855781681676, 'nTON': 1, 'dON': 0.18363855781681676, 'dxOFFAngle': 79.23264798859584, 'dOFF1': 0.08485386020750918, 'cIDOFF1': array([2, 8], dtype=int64), 'dOFF_patch_1': 0.08485386020750918, 'nTOFF': 1, 'dOFF': 0.08485386020750918, 'SUCCESS': False}
10:13:44,689 root DEBUG 

=================== Experiment ID #21 	 Dual Point ID: 22 ===================
10:13:44,702 root DEBUG CONTROL: 	 OK! 	 (target neuron output < tolerance: |4.215E-08|<1.000E-06)
10:13:44,702 root DEBUG CONTROL DUAL POINT: Check that target neuron output < tolerance ({tol:.3E}) at x_dual.
10:13:44,930 root DEBUG Side: ON	 Angle(dx0, dx): 1.21 deg 	 Angle(n, nold): 0.00 deg 	 Distance in patch: 5.894E-02 	 Total distance: 5.894E-02 	 Future toggles: 1 	 Past toggles: 1 	 Toggled: [[3, array([207], dtype=int64), array([[False]])]] 	 class: [5 8]
10:13:45,320 root DEBUG Side: OFF	 Angle(dx0, dx): 1.01 deg 	 Angle(n, nold): 0.00 deg 	 Distance in patch: 2.245E-02 	 Total distance: 2.245E-02 	 Future toggles: 1 	 Past toggles: 1 	 Toggled: [[2, array([120], dtype=int64), array([[ True]])]] 	 class: [5 8]
10:13:45,320 root DEBUG Check patch-by-patch distances for success (dOFF_patch>dON_patch) and ratio (dOFF_patch/dON_patch):
10:13:45,321 root DEBUG 	 nT= 1  	 success?   False    	 (dON-dOFF)/|dON+dOFF|: -44.84 	 cIDON = [5 8], cIDOFF = [5 8]
10:13:45,321 root DEBUG ===> #(dOFF_patch>dON_patch) = 0/1 = 0.00%
10:13:45,321 root DEBUG dOFF/dON = 0.4
10:13:45,321 root DEBUG {'CHOOSE_DX': 'along_decision_boundary', 'dxONAngle': 70.86353556580818, 'dON1': 0.058942665862074035, 'cIDON1': array([5, 8], dtype=int64), 'dON_patch_1': 0.058942665862074035, 'nTON': 1, 'dON': 0.058942665862074035, 'dxOFFAngle': 83.45711839689585, 'dOFF1': 0.022447639537735434, 'cIDOFF1': array([5, 8], dtype=int64), 'dOFF_patch_1': 0.022447639537735434, 'nTOFF': 1, 'dOFF': 0.022447639537735434, 'SUCCESS': False}
10:13:45,329 root DEBUG 

=================== Experiment ID #22 	 Dual Point ID: 23 ===================
10:13:45,339 root DEBUG CONTROL: 	 OK! 	 (target neuron output < tolerance: |5.708E-08|<1.000E-06)
10:13:45,339 root DEBUG CONTROL DUAL POINT: Check that target neuron output < tolerance ({tol:.3E}) at x_dual.
10:13:45,671 root DEBUG Side: ON	 Angle(dx0, dx): 3.23 deg 	 Angle(n, nold): 0.00 deg 	 Distance in patch: 9.457E-03 	 Total distance: 9.457E-03 	 Future toggles: 1 	 Past toggles: 1 	 Toggled: [[4, array([47], dtype=int64), array([[ True]])]] 	 class: [0 8]
10:13:46,51 root DEBUG Side: OFF	 Angle(dx0, dx): 1.42 deg 	 Angle(n, nold): 0.00 deg 	 Distance in patch: 2.394E-02 	 Total distance: 2.394E-02 	 Future toggles: 1 	 Past toggles: 1 	 Toggled: [[4, array([27], dtype=int64), array([[ True]])]] 	 class: [1 8]
10:13:46,51 root DEBUG Check patch-by-patch distances for success (dOFF_patch>dON_patch) and ratio (dOFF_patch/dON_patch):
10:13:46,51 root DEBUG 	 nT= 1  	 success?    True    	 (dON-dOFF)/|dON+dOFF|: 43.37 	 cIDON = [0 8], cIDOFF = [1 8]
10:13:46,51 root DEBUG ===> #(dOFF_patch>dON_patch) = 1/1 = 100.00%
10:13:46,51 root DEBUG dOFF/dON = 2.5
10:13:46,51 root DEBUG {'CHOOSE_DX': 'along_decision_boundary', 'dxONAngle': 81.28964330290906, 'dON1': 0.00945666028711593, 'cIDON1': array([0, 8], dtype=int64), 'dON_patch_1': 0.00945666028711593, 'nTON': 1, 'dON': 0.00945666028711593, 'dxOFFAngle': 84.48554267091887, 'dOFF1': 0.023943109153412852, 'cIDOFF1': array([1, 8], dtype=int64), 'dOFF_patch_1': 0.023943109153412852, 'nTOFF': 1, 'dOFF': 0.023943109153412852, 'SUCCESS': True}
10:13:46,58 root DEBUG 

=================== Experiment ID #23 	 Dual Point ID: 24 ===================
10:13:46,71 root DEBUG CONTROL: 	 OK! 	 (target neuron output < tolerance: |8.205E-08|<1.000E-06)
10:13:46,72 root DEBUG CONTROL DUAL POINT: Check that target neuron output < tolerance ({tol:.3E}) at x_dual.
10:13:46,387 root DEBUG Side: ON	 Angle(dx0, dx): 0.58 deg 	 Angle(n, nold): 0.00 deg 	 Distance in patch: 2.007E-02 	 Total distance: 2.007E-02 	 Future toggles: 1 	 Past toggles: 1 	 Toggled: [[3, array([187], dtype=int64), array([[ True]])]] 	 class: [4 7]
10:13:46,674 root DEBUG Side: OFF	 Angle(dx0, dx): 0.17 deg 	 Angle(n, nold): 0.00 deg 	 Distance in patch: 1.782E-02 	 Total distance: 1.782E-02 	 Future toggles: 0 	 Past toggles: 1 	 Toggled: [[1, array([243], dtype=int64), array([[False]])]] 	 class: [4 7]
10:13:46,914 root DEBUG Side: OFF	 Angle(dx0, dx): 11.80 deg 	 Angle(n, nold): 0.00 deg 	 Distance in patch: 8.381E-02 	 Total distance: 1.016E-01 	 Future toggles: 1 	 Past toggles: 1 	 Toggled: [[5, array([2, 7], dtype=int64), array([[1.],
       [0.]])]] 	 class: [2 4]
10:13:46,914 root DEBUG Check patch-by-patch distances for success (dOFF_patch>dON_patch) and ratio (dOFF_patch/dON_patch):
10:13:46,914 root DEBUG 	 nT= 1  	 success?    True    	 (dON-dOFF)/|dON+dOFF|: 67.02 	 cIDON = [4 7], cIDOFF = [4 7]
10:13:46,914 root DEBUG ===> #(dOFF_patch>dON_patch) = 1/1 = 100.00%
10:13:46,914 root DEBUG dOFF/dON = 5.1
10:13:46,914 root DEBUG {'CHOOSE_DX': 'along_decision_boundary', 'dxONAngle': 72.66458578893432, 'dON1': 0.020066401504435363, 'cIDON1': array([4, 7], dtype=int64), 'dON_patch_1': 0.020066401504435363, 'nTON': 1, 'dON': 0.020066401504435363, 'dxOFFAngle': 88.45808905892349, 'dOFF1': 0.1016357379129734, 'cIDOFF1': array([4, 7], dtype=int64), 'dOFF_patch_1': 0.1016357379129734, 'nTOFF': 1, 'dOFF': 0.1016357379129734, 'SUCCESS': True}
10:13:46,925 root DEBUG 

=================== Experiment ID #24 	 Dual Point ID: 25 ===================
10:13:46,935 root DEBUG CONTROL: 	 OK! 	 (target neuron output < tolerance: |3.894E-08|<1.000E-06)
10:13:46,936 root DEBUG CONTROL DUAL POINT: Check that target neuron output < tolerance ({tol:.3E}) at x_dual.
10:13:47,171 root DEBUG Side: ON	 Angle(dx0, dx): 0.48 deg 	 Angle(n, nold): 0.00 deg 	 Distance in patch: 4.145E-03 	 Total distance: 4.145E-03 	 Future toggles: 1 	 Past toggles: 1 	 Toggled: [[3, array([226], dtype=int64), array([[False]])]] 	 class: [8 9]
10:13:47,483 root DEBUG Side: OFF	 Angle(dx0, dx): 0.54 deg 	 Angle(n, nold): 0.00 deg 	 Distance in patch: 4.734E-02 	 Total distance: 4.734E-02 	 Future toggles: 0 	 Past toggles: 1 	 Toggled: [[1, array([91], dtype=int64), array([[False]])]] 	 class: [8 9]
10:13:47,738 root DEBUG Side: OFF	 Angle(dx0, dx): 0.26 deg 	 Angle(n, nold): 0.00 deg 	 Distance in patch: 9.150E-03 	 Total distance: 5.649E-02 	 Future toggles: 1 	 Past toggles: 1 	 Toggled: [[2, array([47], dtype=int64), array([[False]])]] 	 class: [8 9]
10:13:47,738 root DEBUG Check patch-by-patch distances for success (dOFF_patch>dON_patch) and ratio (dOFF_patch/dON_patch):
10:13:47,738 root DEBUG 	 nT= 1  	 success?    True    	 (dON-dOFF)/|dON+dOFF|: 86.33 	 cIDON = [8 9], cIDOFF = [8 9]
10:13:47,738 root DEBUG ===> #(dOFF_patch>dON_patch) = 1/1 = 100.00%
10:13:47,738 root DEBUG dOFF/dON = 13.6
10:13:47,738 root DEBUG {'CHOOSE_DX': 'along_decision_boundary', 'dxONAngle': 83.91499320850565, 'dON1': 0.004145468155993659, 'cIDON1': array([8, 9], dtype=int64), 'dON_patch_1': 0.004145468155993659, 'nTON': 1, 'dON': 0.004145468155993659, 'dxOFFAngle': 86.57207462504616, 'dOFF1': 0.05648570746024226, 'cIDOFF1': array([8, 9], dtype=int64), 'dOFF_patch_1': 0.05648570746024226, 'nTOFF': 1, 'dOFF': 0.05648570746024226, 'SUCCESS': True}
10:13:47,744 root DEBUG 

=================== Experiment ID #25 	 Dual Point ID: 26 ===================
10:13:47,754 root DEBUG CONTROL: 	 OK! 	 (target neuron output < tolerance: |4.705E-08|<1.000E-06)
10:13:47,755 root DEBUG CONTROL DUAL POINT: Check that target neuron output < tolerance ({tol:.3E}) at x_dual.
10:13:48,53 root DEBUG Side: ON	 Angle(dx0, dx): 0.88 deg 	 Angle(n, nold): 0.00 deg 	 Distance in patch: 5.620E-02 	 Total distance: 5.620E-02 	 Future toggles: 1 	 Past toggles: 1 	 Toggled: [[3, array([157], dtype=int64), array([[ True]])]] 	 class: [4 5]
10:13:48,260 root DEBUG Side: OFF	 Angle(dx0, dx): 1.91 deg 	 Angle(n, nold): 0.00 deg 	 Distance in patch: 1.619E-01 	 Total distance: 1.619E-01 	 Future toggles: 0 	 Past toggles: 1 	 Toggled: [[1, array([188], dtype=int64), array([[ True]])]] 	 class: [4 5]
10:13:48,411 root DEBUG Side: OFF	 Angle(dx0, dx): 3.13 deg 	 Angle(n, nold): 0.00 deg 	 Distance in patch: 4.854E-02 	 Total distance: 2.104E-01 	 Future toggles: 1 	 Past toggles: 1 	 Toggled: [[3, array([40], dtype=int64), array([[ True]])]] 	 class: [4 5]
10:13:48,411 root DEBUG Check patch-by-patch distances for success (dOFF_patch>dON_patch) and ratio (dOFF_patch/dON_patch):
10:13:48,411 root DEBUG 	 nT= 1  	 success?    True    	 (dON-dOFF)/|dON+dOFF|: 57.85 	 cIDON = [4 5], cIDOFF = [4 5]
10:13:48,412 root DEBUG ===> #(dOFF_patch>dON_patch) = 1/1 = 100.00%
10:13:48,412 root DEBUG dOFF/dON = 3.7
10:13:48,412 root DEBUG {'CHOOSE_DX': 'along_decision_boundary', 'dxONAngle': 83.21668453412026, 'dON1': 0.05619892682023725, 'cIDON1': array([4, 5], dtype=int64), 'dON_patch_1': 0.05619892682023725, 'nTON': 1, 'dON': 0.05619892682023725, 'dxOFFAngle': 88.38110266071271, 'dOFF1': 0.21043685771734186, 'cIDOFF1': array([4, 5], dtype=int64), 'dOFF_patch_1': 0.21043685771734186, 'nTOFF': 1, 'dOFF': 0.21043685771734186, 'SUCCESS': True}
10:13:48,514 PIL.PngImagePlugin DEBUG STREAM b'IHDR' 16 13
10:13:48,515 PIL.PngImagePlugin DEBUG STREAM b'sBIT' 41 4
10:13:48,515 PIL.PngImagePlugin DEBUG b'sBIT' 41 4 (unknown)
10:13:48,515 PIL.PngImagePlugin DEBUG STREAM b'pHYs' 57 9
10:13:48,515 PIL.PngImagePlugin DEBUG STREAM b'IDAT' 78 1189
10:13:48,518 PIL.PngImagePlugin DEBUG STREAM b'IHDR' 16 13
10:13:48,519 PIL.PngImagePlugin DEBUG STREAM b'sBIT' 41 4
10:13:48,519 PIL.PngImagePlugin DEBUG b'sBIT' 41 4 (unknown)
10:13:48,519 PIL.PngImagePlugin DEBUG STREAM b'pHYs' 57 9
10:13:48,519 PIL.PngImagePlugin DEBUG STREAM b'IDAT' 78 2994
10:13:48,533 PIL.PngImagePlugin DEBUG STREAM b'IHDR' 16 13
10:13:48,533 PIL.PngImagePlugin DEBUG STREAM b'sBIT' 41 4
10:13:48,533 PIL.PngImagePlugin DEBUG b'sBIT' 41 4 (unknown)
10:13:48,533 PIL.PngImagePlugin DEBUG STREAM b'pHYs' 57 9
10:13:48,533 PIL.PngImagePlugin DEBUG STREAM b'IDAT' 78 696
10:13:48,536 PIL.PngImagePlugin DEBUG STREAM b'IHDR' 16 13
10:13:48,537 PIL.PngImagePlugin DEBUG STREAM b'sBIT' 41 4
10:13:48,537 PIL.PngImagePlugin DEBUG b'sBIT' 41 4 (unknown)
10:13:48,537 PIL.PngImagePlugin DEBUG STREAM b'pHYs' 57 9
10:13:48,537 PIL.PngImagePlugin DEBUG STREAM b'IDAT' 78 526
10:13:48,541 PIL.PngImagePlugin DEBUG STREAM b'IHDR' 16 13
10:13:48,541 PIL.PngImagePlugin DEBUG STREAM b'sBIT' 41 4
10:13:48,541 PIL.PngImagePlugin DEBUG b'sBIT' 41 4 (unknown)
10:13:48,542 PIL.PngImagePlugin DEBUG STREAM b'pHYs' 57 9
10:13:48,542 PIL.PngImagePlugin DEBUG STREAM b'IDAT' 78 499
10:13:48,545 PIL.PngImagePlugin DEBUG STREAM b'IHDR' 16 13
10:13:48,546 PIL.PngImagePlugin DEBUG STREAM b'sBIT' 41 4
10:13:48,546 PIL.PngImagePlugin DEBUG b'sBIT' 41 4 (unknown)
10:13:48,546 PIL.PngImagePlugin DEBUG STREAM b'pHYs' 57 9
10:13:48,546 PIL.PngImagePlugin DEBUG STREAM b'IDAT' 78 673
10:13:48,549 PIL.PngImagePlugin DEBUG STREAM b'IHDR' 16 13
10:13:48,549 PIL.PngImagePlugin DEBUG STREAM b'sBIT' 41 4
10:13:48,550 PIL.PngImagePlugin DEBUG b'sBIT' 41 4 (unknown)
10:13:48,550 PIL.PngImagePlugin DEBUG STREAM b'pHYs' 57 9
10:13:48,550 PIL.PngImagePlugin DEBUG STREAM b'IDAT' 78 922
10:13:48,553 PIL.PngImagePlugin DEBUG STREAM b'IHDR' 16 13
10:13:48,553 PIL.PngImagePlugin DEBUG STREAM b'sBIT' 41 4
10:13:48,553 PIL.PngImagePlugin DEBUG b'sBIT' 41 4 (unknown)
10:13:48,553 PIL.PngImagePlugin DEBUG STREAM b'pHYs' 57 9
10:13:48,553 PIL.PngImagePlugin DEBUG STREAM b'IDAT' 78 568
10:13:48,557 PIL.PngImagePlugin DEBUG STREAM b'IHDR' 16 13
10:13:48,557 PIL.PngImagePlugin DEBUG STREAM b'sBIT' 41 4
10:13:48,557 PIL.PngImagePlugin DEBUG b'sBIT' 41 4 (unknown)
10:13:48,557 PIL.PngImagePlugin DEBUG STREAM b'pHYs' 57 9
10:13:48,557 PIL.PngImagePlugin DEBUG STREAM b'IDAT' 78 626
