10:52:34,443 root DEBUG Check that model weights are dtype tf.float64: 	 <dtype: 'float64'>
10:52:34,444 root INFO eps: 1e-06
10:52:34,444 root INFO tol: 1e-06
10:52:34,636 root DEBUG Load dual points from file: ../data/dual_points_cifar10_3x256_64_10_float64.
10:52:34,645 root DEBUG 

=================== Experiment ID #0 	 Dual Point ID: 1 ===================
10:52:34,654 root DEBUG CONTROL: 	 OK! 	 (target neuron output < tolerance: |8.578E-08|<1.000E-06)
10:52:34,654 root DEBUG CONTROL DUAL POINT: Check that target neuron output < tolerance ({tol:.3E}) at x_dual.
10:52:35,16 root DEBUG Side: ON	 Angle(dx0, dx): 2.22 deg 	 Angle(n, nold): 0.00 deg 	 Distance in patch: 4.749E-02 	 Total distance: 4.749E-02 	 Future toggles: 1 	 Past toggles: 1 	 Toggled: [[3, array([97], dtype=int64), array([[False]])]] 	 class: [4 8]
10:52:35,447 root DEBUG Side: OFF	 Angle(dx0, dx): 0.42 deg 	 Angle(n, nold): 0.00 deg 	 Distance in patch: 6.843E-02 	 Total distance: 6.843E-02 	 Future toggles: 1 	 Past toggles: 1 	 Toggled: [[3, array([30], dtype=int64), array([[False]])]] 	 class: [4 8]
10:52:35,447 root DEBUG Check patch-by-patch distances for success (dOFF_patch>dON_patch) and ratio (dOFF_patch/dON_patch):
10:52:35,447 root DEBUG 	 nT= 1  	 success?    True    	 (dON-dOFF)/|dON+dOFF|: 18.06 	 cIDON = [4 8], cIDOFF = [4 8]
10:52:35,448 root DEBUG ===> #(dOFF_patch>dON_patch) = 1/1 = 100.00%
10:52:35,448 root DEBUG dOFF/dON = 1.4
10:52:35,448 root DEBUG {'CHOOSE_DX': 'along_decision_boundary', 'dxONAngle': 80.97667280640495, 'dON1': 0.04749215088274715, 'cIDON1': array([4, 8], dtype=int64), 'dON_patch_1': 0.04749215088274715, 'nTON': 1, 'dON': 0.04749215088274715, 'dxOFFAngle': 89.0821916997463, 'dOFF1': 0.06843002260604737, 'cIDOFF1': array([4, 8], dtype=int64), 'dOFF_patch_1': 0.06843002260604737, 'nTOFF': 1, 'dOFF': 0.06843002260604737, 'SUCCESS': True}
10:52:35,509 root DEBUG 

=================== Experiment ID #1 	 Dual Point ID: 2 ===================
10:52:35,522 root DEBUG CONTROL: 	 OK! 	 (target neuron output < tolerance: |3.289E-08|<1.000E-06)
10:52:35,523 root DEBUG CONTROL DUAL POINT: Check that target neuron output < tolerance ({tol:.3E}) at x_dual.
10:52:35,842 root DEBUG Side: ON	 Angle(dx0, dx): 2.12 deg 	 Angle(n, nold): 0.00 deg 	 Distance in patch: 3.140E-02 	 Total distance: 3.140E-02 	 Future toggles: 1 	 Past toggles: 1 	 Toggled: [[4, array([53], dtype=int64), array([[False]])]] 	 class: [1 8]
10:52:36,93 root DEBUG Side: OFF	 Angle(dx0, dx): 6.00 deg 	 Angle(n, nold): 0.00 deg 	 Distance in patch: 4.304E-05 	 Total distance: 4.304E-05 	 Future toggles: 1 	 Past toggles: 1 	 Toggled: [[5, array([0, 1], dtype=int64), array([[1.],
       [0.]])]] 	 class: [0 8]
10:52:36,94 root DEBUG Check patch-by-patch distances for success (dOFF_patch>dON_patch) and ratio (dOFF_patch/dON_patch):
10:52:36,94 root DEBUG 	 nT= 1  	 success?   False    	 (dON-dOFF)/|dON+dOFF|: -99.73 	 cIDON = [1 8], cIDOFF = [1 8]
10:52:36,94 root DEBUG ===> #(dOFF_patch>dON_patch) = 0/1 = 0.00%
10:52:36,94 root DEBUG dOFF/dON = 0.0
10:52:36,94 root DEBUG {'CHOOSE_DX': 'along_decision_boundary', 'dxONAngle': 86.28391008822427, 'dON1': 0.03140180047438132, 'cIDON1': array([1, 8], dtype=int64), 'dON_patch_1': 0.03140180047438132, 'nTON': 1, 'dON': 0.03140180047438132, 'dxOFFAngle': 84.02556299390005, 'dOFF1': 4.3035408631194614e-05, 'cIDOFF1': array([1, 8], dtype=int64), 'dOFF_patch_1': 4.3035408631194614e-05, 'nTOFF': 1, 'dOFF': 4.3035408631194614e-05, 'SUCCESS': False}
10:52:36,152 root DEBUG 

=================== Experiment ID #2 	 Dual Point ID: 3 ===================
10:52:36,162 root DEBUG CONTROL: 	 OK! 	 (target neuron output < tolerance: |1.033E-07|<1.000E-06)
10:52:36,162 root DEBUG CONTROL DUAL POINT: Check that target neuron output < tolerance ({tol:.3E}) at x_dual.
10:52:36,596 root DEBUG Side: ON	 Angle(dx0, dx): 0.41 deg 	 Angle(n, nold): 0.00 deg 	 Distance in patch: 3.644E-03 	 Total distance: 3.644E-03 	 Future toggles: 1 	 Past toggles: 1 	 Toggled: [[2, array([20], dtype=int64), array([[ True]])]] 	 class: [8 9]
10:52:37,17 root DEBUG Side: OFF	 Angle(dx0, dx): 0.32 deg 	 Angle(n, nold): 0.00 deg 	 Distance in patch: 4.505E-03 	 Total distance: 4.505E-03 	 Future toggles: 1 	 Past toggles: 1 	 Toggled: [[2, array([20], dtype=int64), array([[ True]])]] 	 class: [8 9]
10:52:37,17 root DEBUG Check patch-by-patch distances for success (dOFF_patch>dON_patch) and ratio (dOFF_patch/dON_patch):
10:52:37,17 root DEBUG 	 nT= 1  	 success?    True    	 (dON-dOFF)/|dON+dOFF|: 10.57 	 cIDON = [8 9], cIDOFF = [8 9]
10:52:37,17 root DEBUG ===> #(dOFF_patch>dON_patch) = 1/1 = 100.00%
10:52:37,17 root DEBUG dOFF/dON = 1.2
10:52:37,18 root DEBUG {'CHOOSE_DX': 'along_decision_boundary', 'dxONAngle': 88.99430791687597, 'dON1': 0.0036436648017810227, 'cIDON1': array([8, 9], dtype=int64), 'dON_patch_1': 0.0036436648017810227, 'nTON': 1, 'dON': 0.0036436648017810227, 'dxOFFAngle': 89.9862404790698, 'dOFF1': 0.004504719651724508, 'cIDOFF1': array([8, 9], dtype=int64), 'dOFF_patch_1': 0.004504719651724508, 'nTOFF': 1, 'dOFF': 0.004504719651724508, 'SUCCESS': True}
10:52:37,164 root DEBUG 

=================== Experiment ID #3 	 Dual Point ID: 4 ===================
10:52:37,172 root DEBUG CONTROL: 	 OK! 	 (target neuron output < tolerance: |4.358E-08|<1.000E-06)
10:52:37,172 root DEBUG CONTROL DUAL POINT: Check that target neuron output < tolerance ({tol:.3E}) at x_dual.
10:52:37,488 root DEBUG Side: ON	 Angle(dx0, dx): 0.63 deg 	 Angle(n, nold): 0.00 deg 	 Distance in patch: 1.357E-02 	 Total distance: 1.357E-02 	 Future toggles: 1 	 Past toggles: 1 	 Toggled: [[3, array([128], dtype=int64), array([[ True]])]] 	 class: [5 9]
10:52:37,872 root DEBUG Side: OFF	 Angle(dx0, dx): 0.00 deg 	 Angle(n, nold): 0.00 deg 	 Distance in patch: 1.789E-01 	 Total distance: 1.789E-01 	 Future toggles: 0 	 Past toggles: 1 	 Toggled: [[1, array([168], dtype=int64), array([[ True]])]] 	 class: [5 9]
10:52:38,168 root DEBUG Side: OFF	 Angle(dx0, dx): 0.11 deg 	 Angle(n, nold): 0.00 deg 	 Distance in patch: 1.152E-02 	 Total distance: 1.904E-01 	 Future toggles: 1 	 Past toggles: 1 	 Toggled: [[4, array([6], dtype=int64), array([[False]])]] 	 class: [5 9]
10:52:38,168 root DEBUG Check patch-by-patch distances for success (dOFF_patch>dON_patch) and ratio (dOFF_patch/dON_patch):
10:52:38,168 root DEBUG 	 nT= 1  	 success?    True    	 (dON-dOFF)/|dON+dOFF|: 86.69 	 cIDON = [5 9], cIDOFF = [5 9]
10:52:38,169 root DEBUG ===> #(dOFF_patch>dON_patch) = 1/1 = 100.00%
10:52:38,169 root DEBUG dOFF/dON = 14.0
10:52:38,169 root DEBUG {'CHOOSE_DX': 'along_decision_boundary', 'dxONAngle': 88.48440747865727, 'dON1': 0.013573494683607135, 'cIDON1': array([5, 9], dtype=int64), 'dON_patch_1': 0.013573494683607135, 'nTON': 1, 'dON': 0.013573494683607135, 'dxOFFAngle': 88.65952088945167, 'dOFF1': 0.1903823965270719, 'cIDOFF1': array([5, 9], dtype=int64), 'dOFF_patch_1': 0.1903823965270719, 'nTOFF': 1, 'dOFF': 0.1903823965270719, 'SUCCESS': True}
10:52:38,239 root DEBUG 

=================== Experiment ID #4 	 Dual Point ID: 5 ===================
10:52:38,250 root DEBUG CONTROL: 	 OK! 	 (target neuron output < tolerance: |5.967E-08|<1.000E-06)
10:52:38,250 root DEBUG CONTROL DUAL POINT: Check that target neuron output < tolerance ({tol:.3E}) at x_dual.
10:52:38,672 root DEBUG Side: ON	 Angle(dx0, dx): 0.60 deg 	 Angle(n, nold): 0.00 deg 	 Distance in patch: 3.173E-02 	 Total distance: 3.173E-02 	 Future toggles: 1 	 Past toggles: 1 	 Toggled: [[2, array([38], dtype=int64), array([[False]])]] 	 class: [5 9]
10:52:39,34 root DEBUG Side: OFF	 Angle(dx0, dx): 0.76 deg 	 Angle(n, nold): 0.00 deg 	 Distance in patch: 5.486E-02 	 Total distance: 5.486E-02 	 Future toggles: 1 	 Past toggles: 1 	 Toggled: [[3, array([93], dtype=int64), array([[ True]])]] 	 class: [5 9]
10:52:39,34 root DEBUG Check patch-by-patch distances for success (dOFF_patch>dON_patch) and ratio (dOFF_patch/dON_patch):
10:52:39,35 root DEBUG 	 nT= 1  	 success?    True    	 (dON-dOFF)/|dON+dOFF|: 26.71 	 cIDON = [5 9], cIDOFF = [5 9]
10:52:39,35 root DEBUG ===> #(dOFF_patch>dON_patch) = 1/1 = 100.00%
10:52:39,35 root DEBUG dOFF/dON = 1.7
10:52:39,35 root DEBUG {'CHOOSE_DX': 'along_decision_boundary', 'dxONAngle': 75.68079298607614, 'dON1': 0.031731670026831575, 'cIDON1': array([5, 9], dtype=int64), 'dON_patch_1': 0.031731670026831575, 'nTON': 1, 'dON': 0.031731670026831575, 'dxOFFAngle': 89.97928383178791, 'dOFF1': 0.05486366622840169, 'cIDOFF1': array([5, 9], dtype=int64), 'dOFF_patch_1': 0.05486366622840169, 'nTOFF': 1, 'dOFF': 0.05486366622840169, 'SUCCESS': True}
10:52:39,183 root DEBUG 

=================== Experiment ID #5 	 Dual Point ID: 6 ===================
10:52:39,192 root DEBUG CONTROL: 	 OK! 	 (target neuron output < tolerance: |6.425E-11|<1.000E-06)
10:52:39,192 root DEBUG CONTROL DUAL POINT: Check that target neuron output < tolerance ({tol:.3E}) at x_dual.
10:52:39,654 root DEBUG Side: ON	 Angle(dx0, dx): 1.29 deg 	 Angle(n, nold): 0.00 deg 	 Distance in patch: 5.991E-02 	 Total distance: 5.991E-02 	 Future toggles: 1 	 Past toggles: 1 	 Toggled: [[3, array([127], dtype=int64), array([[False]])]] 	 class: [7 9]
10:52:40,48 root DEBUG Side: OFF	 Angle(dx0, dx): 0.07 deg 	 Angle(n, nold): 0.00 deg 	 Distance in patch: 1.714E-02 	 Total distance: 1.714E-02 	 Future toggles: 0 	 Past toggles: 1 	 Toggled: [[1, array([195], dtype=int64), array([[ True]])]] 	 class: [7 9]
10:52:40,360 root DEBUG Side: OFF	 Angle(dx0, dx): 1.86 deg 	 Angle(n, nold): 0.00 deg 	 Distance in patch: 1.950E-01 	 Total distance: 2.121E-01 	 Future toggles: 0 	 Past toggles: 2 	 Toggled: [[1, array([133], dtype=int64), array([[ True]])]] 	 class: [7 9]
10:52:40,628 root DEBUG Side: OFF	 Angle(dx0, dx): 1.07 deg 	 Angle(n, nold): 0.00 deg 	 Distance in patch: 1.292E-01 	 Total distance: 3.414E-01 	 Future toggles: 1 	 Past toggles: 1 	 Toggled: [[3, array([202], dtype=int64), array([[ True]])]] 	 class: [7 9]
10:52:40,629 root DEBUG Check patch-by-patch distances for success (dOFF_patch>dON_patch) and ratio (dOFF_patch/dON_patch):
10:52:40,629 root DEBUG 	 nT= 1  	 success?    True    	 (dON-dOFF)/|dON+dOFF|: 70.14 	 cIDON = [7 9], cIDOFF = [7 9]
10:52:40,629 root DEBUG ===> #(dOFF_patch>dON_patch) = 1/1 = 100.00%
10:52:40,629 root DEBUG dOFF/dON = 5.7
10:52:40,629 root DEBUG {'CHOOSE_DX': 'along_decision_boundary', 'dxONAngle': 87.40433770293711, 'dON1': 0.059905005070736206, 'cIDON1': array([7, 9], dtype=int64), 'dON_patch_1': 0.059905005070736206, 'nTON': 1, 'dON': 0.059905005070736206, 'dxOFFAngle': 89.65971455121303, 'dOFF1': 0.3413646716240442, 'cIDOFF1': array([7, 9], dtype=int64), 'dOFF_patch_1': 0.3413646716240442, 'nTOFF': 1, 'dOFF': 0.3413646716240442, 'SUCCESS': True}
10:52:40,686 root DEBUG 

=================== Experiment ID #6 	 Dual Point ID: 7 ===================
10:52:40,694 root DEBUG CONTROL: 	 OK! 	 (target neuron output < tolerance: |1.476E-07|<1.000E-06)
10:52:40,694 root DEBUG CONTROL DUAL POINT: Check that target neuron output < tolerance ({tol:.3E}) at x_dual.
10:52:41,13 root DEBUG Side: ON	 Angle(dx0, dx): 2.20 deg 	 Angle(n, nold): 0.00 deg 	 Distance in patch: 1.464E-02 	 Total distance: 1.464E-02 	 Future toggles: 1 	 Past toggles: 1 	 Toggled: [[2, array([207], dtype=int64), array([[ True]])]] 	 class: [4 8]
10:52:41,436 root DEBUG Side: OFF	 Angle(dx0, dx): 0.02 deg 	 Angle(n, nold): 0.00 deg 	 Distance in patch: 1.279E-01 	 Total distance: 1.279E-01 	 Future toggles: 1 	 Past toggles: 1 	 Toggled: [[2, array([136], dtype=int64), array([[ True]])]] 	 class: [4 8]
10:52:41,436 root DEBUG Check patch-by-patch distances for success (dOFF_patch>dON_patch) and ratio (dOFF_patch/dON_patch):
10:52:41,436 root DEBUG 	 nT= 1  	 success?    True    	 (dON-dOFF)/|dON+dOFF|: 79.47 	 cIDON = [4 8], cIDOFF = [4 8]
10:52:41,436 root DEBUG ===> #(dOFF_patch>dON_patch) = 1/1 = 100.00%
10:52:41,436 root DEBUG dOFF/dON = 8.7
10:52:41,436 root DEBUG {'CHOOSE_DX': 'along_decision_boundary', 'dxONAngle': 85.28378449694145, 'dON1': 0.01463561487166193, 'cIDON1': array([4, 8], dtype=int64), 'dON_patch_1': 0.01463561487166193, 'nTON': 1, 'dON': 0.01463561487166193, 'dxOFFAngle': 87.82709036211628, 'dOFF1': 0.12794489548854665, 'cIDOFF1': array([4, 8], dtype=int64), 'dOFF_patch_1': 0.12794489548854665, 'nTOFF': 1, 'dOFF': 0.12794489548854665, 'SUCCESS': True}
10:52:41,483 root DEBUG 

=================== Experiment ID #7 	 Dual Point ID: 8 ===================
10:52:41,492 root DEBUG CONTROL: 	 OK! 	 (target neuron output < tolerance: |7.717E-08|<1.000E-06)
10:52:41,492 root DEBUG CONTROL DUAL POINT: Check that target neuron output < tolerance ({tol:.3E}) at x_dual.
10:52:41,917 root DEBUG Side: ON	 Angle(dx0, dx): 0.92 deg 	 Angle(n, nold): 0.00 deg 	 Distance in patch: 2.315E-01 	 Total distance: 2.315E-01 	 Future toggles: 1 	 Past toggles: 1 	 Toggled: [[2, array([22], dtype=int64), array([[ True]])]] 	 class: [7 9]
10:52:42,282 root DEBUG Side: OFF	 Angle(dx0, dx): 0.00 deg 	 Angle(n, nold): 0.00 deg 	 Distance in patch: 1.502E-01 	 Total distance: 1.502E-01 	 Future toggles: 0 	 Past toggles: 1 	 Toggled: [[1, array([78], dtype=int64), array([[ True]])]] 	 class: [7 9]
10:52:42,516 root DEBUG Side: OFF	 Angle(dx0, dx): 0.83 deg 	 Angle(n, nold): 0.00 deg 	 Distance in patch: 1.527E-01 	 Total distance: 3.029E-01 	 Future toggles: 1 	 Past toggles: 1 	 Toggled: [[3, array([196], dtype=int64), array([[False]])]] 	 class: [7 9]
10:52:42,517 root DEBUG Check patch-by-patch distances for success (dOFF_patch>dON_patch) and ratio (dOFF_patch/dON_patch):
10:52:42,517 root DEBUG 	 nT= 1  	 success?    True    	 (dON-dOFF)/|dON+dOFF|: 13.36 	 cIDON = [7 9], cIDOFF = [7 9]
10:52:42,517 root DEBUG ===> #(dOFF_patch>dON_patch) = 1/1 = 100.00%
10:52:42,517 root DEBUG dOFF/dON = 1.3
10:52:42,517 root DEBUG {'CHOOSE_DX': 'along_decision_boundary', 'dxONAngle': 79.22532551027511, 'dON1': 0.23152547198893636, 'cIDON1': array([7, 9], dtype=int64), 'dON_patch_1': 0.23152547198893636, 'nTON': 1, 'dON': 0.23152547198893636, 'dxOFFAngle': 89.60992421383314, 'dOFF1': 0.3029112957490977, 'cIDOFF1': array([7, 9], dtype=int64), 'dOFF_patch_1': 0.3029112957490977, 'nTOFF': 1, 'dOFF': 0.3029112957490977, 'SUCCESS': True}
10:52:42,666 root DEBUG 

=================== Experiment ID #8 	 Dual Point ID: 9 ===================
10:52:42,675 root DEBUG CONTROL: 	 OK! 	 (target neuron output < tolerance: |9.058E-08|<1.000E-06)
10:52:42,675 root DEBUG CONTROL DUAL POINT: Check that target neuron output < tolerance ({tol:.3E}) at x_dual.
10:52:42,963 root DEBUG Side: ON	 Angle(dx0, dx): 4.15 deg 	 Angle(n, nold): 0.00 deg 	 Distance in patch: 3.056E-03 	 Total distance: 3.056E-03 	 Future toggles: 1 	 Past toggles: 1 	 Toggled: [[2, array([30], dtype=int64), array([[False]])]] 	 class: [7 9]
10:52:43,258 root DEBUG Side: OFF	 Angle(dx0, dx): 0.94 deg 	 Angle(n, nold): 0.00 deg 	 Distance in patch: 4.282E-01 	 Total distance: 4.282E-01 	 Future toggles: 1 	 Past toggles: 1 	 Toggled: [[2, array([165], dtype=int64), array([[ True]])]] 	 class: [7 9]
10:52:43,258 root DEBUG Check patch-by-patch distances for success (dOFF_patch>dON_patch) and ratio (dOFF_patch/dON_patch):
10:52:43,258 root DEBUG 	 nT= 1  	 success?    True    	 (dON-dOFF)/|dON+dOFF|: 98.58 	 cIDON = [7 9], cIDOFF = [7 9]
10:52:43,258 root DEBUG ===> #(dOFF_patch>dON_patch) = 1/1 = 100.00%
10:52:43,258 root DEBUG dOFF/dON = 140.1
10:52:43,274 root DEBUG {'CHOOSE_DX': 'along_decision_boundary', 'dxONAngle': 76.80248823844988, 'dON1': 0.0030557309141862714, 'cIDON1': array([7, 9], dtype=int64), 'dON_patch_1': 0.0030557309141862714, 'nTON': 1, 'dON': 0.0030557309141862714, 'dxOFFAngle': 87.73178070607999, 'dOFF1': 0.4282330087008101, 'cIDOFF1': array([7, 9], dtype=int64), 'dOFF_patch_1': 0.4282330087008101, 'nTOFF': 1, 'dOFF': 0.4282330087008101, 'SUCCESS': True}
10:52:43,308 root DEBUG 

=================== Experiment ID #9 	 Dual Point ID: 10 ===================
10:52:43,316 root DEBUG CONTROL: 	 OK! 	 (target neuron output < tolerance: |1.020E-08|<1.000E-06)
10:52:43,316 root DEBUG CONTROL DUAL POINT: Check that target neuron output < tolerance ({tol:.3E}) at x_dual.
10:52:43,641 root DEBUG Side: ON	 Angle(dx0, dx): 0.25 deg 	 Angle(n, nold): 0.00 deg 	 Distance in patch: 1.256E-02 	 Total distance: 1.256E-02 	 Future toggles: 1 	 Past toggles: 1 	 Toggled: [[2, array([147], dtype=int64), array([[ True]])]] 	 class: [2 6]
10:52:44,83 root DEBUG Side: OFF	 Angle(dx0, dx): 0.15 deg 	 Angle(n, nold): 0.00 deg 	 Distance in patch: 4.239E-02 	 Total distance: 4.239E-02 	 Future toggles: 1 	 Past toggles: 1 	 Toggled: [[2, array([147], dtype=int64), array([[ True]])]] 	 class: [2 6]
10:52:44,83 root DEBUG Check patch-by-patch distances for success (dOFF_patch>dON_patch) and ratio (dOFF_patch/dON_patch):
10:52:44,83 root DEBUG 	 nT= 1  	 success?    True    	 (dON-dOFF)/|dON+dOFF|: 54.28 	 cIDON = [2 6], cIDOFF = [2 6]
10:52:44,84 root DEBUG ===> #(dOFF_patch>dON_patch) = 1/1 = 100.00%
10:52:44,84 root DEBUG dOFF/dON = 3.4
10:52:44,84 root DEBUG {'CHOOSE_DX': 'along_decision_boundary', 'dxONAngle': 87.68396477741697, 'dON1': 0.012559830274130188, 'cIDON1': array([2, 6], dtype=int64), 'dON_patch_1': 0.012559830274130188, 'nTON': 1, 'dON': 0.012559830274130188, 'dxOFFAngle': 86.90790548816582, 'dOFF1': 0.042386968072680324, 'cIDOFF1': array([2, 6], dtype=int64), 'dOFF_patch_1': 0.042386968072680324, 'nTOFF': 1, 'dOFF': 0.042386968072680324, 'SUCCESS': True}
10:52:44,146 root DEBUG 

=================== Experiment ID #10 	 Dual Point ID: 11 ===================
10:52:44,157 root DEBUG CONTROL: 	 OK! 	 (target neuron output < tolerance: |9.367E-09|<1.000E-06)
10:52:44,157 root DEBUG CONTROL DUAL POINT: Check that target neuron output < tolerance ({tol:.3E}) at x_dual.
10:52:44,458 root DEBUG Side: ON	 Angle(dx0, dx): 0.01 deg 	 Angle(n, nold): 0.00 deg 	 Distance in patch: 1.677E-01 	 Total distance: 1.677E-01 	 Future toggles: 0 	 Past toggles: 1 	 Toggled: [[1, array([255], dtype=int64), array([[False]])]] 	 class: [2 7]
10:52:44,725 root DEBUG Side: ON	 Angle(dx0, dx): 4.76 deg 	 Angle(n, nold): 0.00 deg 	 Distance in patch: 2.102E-02 	 Total distance: 1.887E-01 	 Future toggles: 1 	 Past toggles: 1 	 Toggled: [[4, array([54], dtype=int64), array([[ True]])]] 	 class: [2 7]
10:52:45,71 root DEBUG Side: OFF	 Angle(dx0, dx): 0.01 deg 	 Angle(n, nold): 0.00 deg 	 Distance in patch: 6.417E-02 	 Total distance: 6.417E-02 	 Future toggles: 1 	 Past toggles: 1 	 Toggled: [[3, array([166], dtype=int64), array([[False]])]] 	 class: [2 7]
10:52:45,72 root DEBUG Check patch-by-patch distances for success (dOFF_patch>dON_patch) and ratio (dOFF_patch/dON_patch):
10:52:45,72 root DEBUG 	 nT= 1  	 success?   False    	 (dON-dOFF)/|dON+dOFF|: -49.25 	 cIDON = [2 7], cIDOFF = [2 7]
10:52:45,72 root DEBUG ===> #(dOFF_patch>dON_patch) = 0/1 = 0.00%
10:52:45,72 root DEBUG dOFF/dON = 0.3
10:52:45,72 root DEBUG {'CHOOSE_DX': 'along_decision_boundary', 'dxONAngle': 87.43935215852379, 'dON1': 0.18871852358825025, 'cIDON1': array([2, 7], dtype=int64), 'dON_patch_1': 0.18871852358825025, 'nTON': 1, 'dON': 0.18871852358825025, 'dxOFFAngle': 89.4196544355979, 'dOFF1': 0.06416980189581212, 'cIDOFF1': array([2, 7], dtype=int64), 'dOFF_patch_1': 0.06416980189581212, 'nTOFF': 1, 'dOFF': 0.06416980189581212, 'SUCCESS': False}
10:52:45,157 root DEBUG 

=================== Experiment ID #11 	 Dual Point ID: 12 ===================
10:52:45,172 root DEBUG CONTROL: 	 OK! 	 (target neuron output < tolerance: |1.265E-07|<1.000E-06)
10:52:45,173 root DEBUG CONTROL DUAL POINT: Check that target neuron output < tolerance ({tol:.3E}) at x_dual.
10:52:45,608 root DEBUG Side: ON	 Angle(dx0, dx): 2.58 deg 	 Angle(n, nold): 0.00 deg 	 Distance in patch: 9.143E-02 	 Total distance: 9.143E-02 	 Future toggles: 1 	 Past toggles: 1 	 Toggled: [[2, array([172], dtype=int64), array([[ True]])]] 	 class: [2 5]
10:52:45,973 root DEBUG Side: OFF	 Angle(dx0, dx): 1.76 deg 	 Angle(n, nold): 0.00 deg 	 Distance in patch: 4.959E-02 	 Total distance: 4.959E-02 	 Future toggles: 1 	 Past toggles: 1 	 Toggled: [[3, array([197], dtype=int64), array([[ True]])]] 	 class: [2 5]
10:52:45,974 root DEBUG Check patch-by-patch distances for success (dOFF_patch>dON_patch) and ratio (dOFF_patch/dON_patch):
10:52:45,974 root DEBUG 	 nT= 1  	 success?   False    	 (dON-dOFF)/|dON+dOFF|: -29.67 	 cIDON = [2 5], cIDOFF = [2 5]
10:52:45,974 root DEBUG ===> #(dOFF_patch>dON_patch) = 0/1 = 0.00%
10:52:45,974 root DEBUG dOFF/dON = 0.5
10:52:45,974 root DEBUG {'CHOOSE_DX': 'along_decision_boundary', 'dxONAngle': 74.0802469273399, 'dON1': 0.09143056661879503, 'cIDON1': array([2, 5], dtype=int64), 'dON_patch_1': 0.09143056661879503, 'nTON': 1, 'dON': 0.09143056661879503, 'dxOFFAngle': 87.24444329276096, 'dOFF1': 0.04958878246584738, 'cIDOFF1': array([2, 5], dtype=int64), 'dOFF_patch_1': 0.04958878246584738, 'nTOFF': 1, 'dOFF': 0.04958878246584738, 'SUCCESS': False}
10:52:46,124 root DEBUG 

=================== Experiment ID #12 	 Dual Point ID: 13 ===================
10:52:46,133 root DEBUG CONTROL: 	 OK! 	 (target neuron output < tolerance: |4.949E-08|<1.000E-06)
10:52:46,134 root DEBUG CONTROL DUAL POINT: Check that target neuron output < tolerance ({tol:.3E}) at x_dual.
10:52:46,496 root DEBUG Side: ON	 Angle(dx0, dx): 0.36 deg 	 Angle(n, nold): 0.00 deg 	 Distance in patch: 6.498E-02 	 Total distance: 6.498E-02 	 Future toggles: 0 	 Past toggles: 1 	 Toggled: [[1, array([197], dtype=int64), array([[False]])]] 	 class: [2 4]
10:52:46,807 root DEBUG Side: ON	 Angle(dx0, dx): 0.79 deg 	 Angle(n, nold): 0.00 deg 	 Distance in patch: 1.659E-01 	 Total distance: 2.309E-01 	 Future toggles: 1 	 Past toggles: 1 	 Toggled: [[3, array([102], dtype=int64), array([[False]])]] 	 class: [2 4]
10:52:47,240 root DEBUG Side: OFF	 Angle(dx0, dx): 1.09 deg 	 Angle(n, nold): 0.00 deg 	 Distance in patch: 4.668E-02 	 Total distance: 4.668E-02 	 Future toggles: 0 	 Past toggles: 1 	 Toggled: [[1, array([195], dtype=int64), array([[ True]])]] 	 class: [2 4]
10:52:47,465 root DEBUG Side: OFF	 Angle(dx0, dx): 0.62 deg 	 Angle(n, nold): 0.00 deg 	 Distance in patch: 4.541E-01 	 Total distance: 5.008E-01 	 Future toggles: 1 	 Past toggles: 1 	 Toggled: [[2, array([156], dtype=int64), array([[ True]])]] 	 class: [2 4]
10:52:47,466 root DEBUG Check patch-by-patch distances for success (dOFF_patch>dON_patch) and ratio (dOFF_patch/dON_patch):
10:52:47,466 root DEBUG 	 nT= 1  	 success?    True    	 (dON-dOFF)/|dON+dOFF|: 36.88 	 cIDON = [2 4], cIDOFF = [2 4]
10:52:47,466 root DEBUG ===> #(dOFF_patch>dON_patch) = 1/1 = 100.00%
10:52:47,466 root DEBUG dOFF/dON = 2.2
10:52:47,466 root DEBUG {'CHOOSE_DX': 'along_decision_boundary', 'dxONAngle': 82.88373670514297, 'dON1': 0.2308977622583519, 'cIDON1': array([2, 4], dtype=int64), 'dON_patch_1': 0.2308977622583519, 'nTON': 1, 'dON': 0.2308977622583519, 'dxOFFAngle': 84.81451022018965, 'dOFF1': 0.5007635257654799, 'cIDOFF1': array([2, 4], dtype=int64), 'dOFF_patch_1': 0.5007635257654799, 'nTOFF': 1, 'dOFF': 0.5007635257654799, 'SUCCESS': True}
10:52:47,556 root DEBUG 

=================== Experiment ID #13 	 Dual Point ID: 14 ===================
10:52:47,565 root DEBUG CONTROL: 	 OK! 	 (target neuron output < tolerance: |1.297E-08|<1.000E-06)
10:52:47,565 root DEBUG CONTROL DUAL POINT: Check that target neuron output < tolerance ({tol:.3E}) at x_dual.
10:52:47,995 root DEBUG Side: ON	 Angle(dx0, dx): 1.98 deg 	 Angle(n, nold): 0.00 deg 	 Distance in patch: 2.615E-02 	 Total distance: 2.615E-02 	 Future toggles: 1 	 Past toggles: 1 	 Toggled: [[3, array([250], dtype=int64), array([[ True]])]] 	 class: [1 2]
10:52:48,293 root DEBUG Side: OFF	 Angle(dx0, dx): 2.61 deg 	 Angle(n, nold): 0.00 deg 	 Distance in patch: 1.305E-01 	 Total distance: 1.305E-01 	 Future toggles: 0 	 Past toggles: 1 	 Toggled: [[1, array([243], dtype=int64), array([[False]])]] 	 class: [0 2]
10:52:48,641 root DEBUG Side: OFF	 Angle(dx0, dx): 1.26 deg 	 Angle(n, nold): 0.00 deg 	 Distance in patch: 2.115E-02 	 Total distance: 1.517E-01 	 Future toggles: 1 	 Past toggles: 1 	 Toggled: [[3, array([249], dtype=int64), array([[False]])]] 	 class: [0 2]
10:52:48,641 root DEBUG Check patch-by-patch distances for success (dOFF_patch>dON_patch) and ratio (dOFF_patch/dON_patch):
10:52:48,641 root DEBUG 	 nT= 1  	 success?    True    	 (dON-dOFF)/|dON+dOFF|: 70.58 	 cIDON = [1 2], cIDOFF = [0 2]
10:52:48,641 root DEBUG ===> #(dOFF_patch>dON_patch) = 1/1 = 100.00%
10:52:48,641 root DEBUG dOFF/dON = 5.8
10:52:48,641 root DEBUG {'CHOOSE_DX': 'along_decision_boundary', 'dxONAngle': 67.60002724102944, 'dON1': 0.026151851254379438, 'cIDON1': array([1, 2], dtype=int64), 'dON_patch_1': 0.026151851254379438, 'nTON': 1, 'dON': 0.026151851254379438, 'dxOFFAngle': 82.28035144042501, 'dOFF1': 0.15165335045757994, 'cIDOFF1': array([0, 2], dtype=int64), 'dOFF_patch_1': 0.15165335045757994, 'nTOFF': 1, 'dOFF': 0.15165335045757994, 'SUCCESS': True}
10:52:48,969 root DEBUG 

=================== Experiment ID #14 	 Dual Point ID: 15 ===================
10:52:48,978 root DEBUG CONTROL: 	 OK! 	 (target neuron output < tolerance: |2.207E-08|<1.000E-06)
10:52:48,978 root DEBUG CONTROL DUAL POINT: Check that target neuron output < tolerance ({tol:.3E}) at x_dual.
10:52:49,471 root DEBUG Side: ON	 Angle(dx0, dx): 2.39 deg 	 Angle(n, nold): 0.00 deg 	 Distance in patch: 8.577E-02 	 Total distance: 8.577E-02 	 Future toggles: 1 	 Past toggles: 1 	 Toggled: [[2, array([130], dtype=int64), array([[False]])]] 	 class: [2 4]
10:52:49,852 root DEBUG Side: OFF	 Angle(dx0, dx): 0.84 deg 	 Angle(n, nold): 0.00 deg 	 Distance in patch: 4.741E-02 	 Total distance: 4.741E-02 	 Future toggles: 0 	 Past toggles: 1 	 Toggled: [[1, array([206], dtype=int64), array([[False]])]] 	 class: [2 4]
10:52:50,84 root DEBUG Side: OFF	 Angle(dx0, dx): 0.30 deg 	 Angle(n, nold): 0.00 deg 	 Distance in patch: 4.038E-01 	 Total distance: 4.512E-01 	 Future toggles: 1 	 Past toggles: 1 	 Toggled: [[4, array([52], dtype=int64), array([[False]])]] 	 class: [2 4]
10:52:50,84 root DEBUG Check patch-by-patch distances for success (dOFF_patch>dON_patch) and ratio (dOFF_patch/dON_patch):
10:52:50,84 root DEBUG 	 nT= 1  	 success?    True    	 (dON-dOFF)/|dON+dOFF|: 68.05 	 cIDON = [2 4], cIDOFF = [2 4]
10:52:50,85 root DEBUG ===> #(dOFF_patch>dON_patch) = 1/1 = 100.00%
10:52:50,85 root DEBUG dOFF/dON = 5.3
10:52:50,85 root DEBUG {'CHOOSE_DX': 'along_decision_boundary', 'dxONAngle': 83.71838842070387, 'dON1': 0.08577152409886891, 'cIDON1': array([2, 4], dtype=int64), 'dON_patch_1': 0.08577152409886891, 'nTON': 1, 'dON': 0.08577152409886891, 'dxOFFAngle': 89.20546429007818, 'dOFF1': 0.4511745015813264, 'cIDOFF1': array([2, 4], dtype=int64), 'dOFF_patch_1': 0.4511745015813264, 'nTOFF': 1, 'dOFF': 0.4511745015813264, 'SUCCESS': True}
10:52:50,246 root DEBUG 

=================== Experiment ID #15 	 Dual Point ID: 16 ===================
10:52:50,256 root DEBUG CONTROL: 	 OK! 	 (target neuron output < tolerance: |1.570E-07|<1.000E-06)
10:52:50,257 root DEBUG CONTROL DUAL POINT: Check that target neuron output < tolerance ({tol:.3E}) at x_dual.
10:52:50,609 root DEBUG Side: ON	 Angle(dx0, dx): 0.45 deg 	 Angle(n, nold): 0.00 deg 	 Distance in patch: 1.226E-02 	 Total distance: 1.226E-02 	 Future toggles: 1 	 Past toggles: 1 	 Toggled: [[3, array([160], dtype=int64), array([[ True]])]] 	 class: [0 8]
10:52:50,877 root DEBUG Side: OFF	 Angle(dx0, dx): 3.94 deg 	 Angle(n, nold): 0.00 deg 	 Distance in patch: 2.178E-05 	 Total distance: 2.178E-05 	 Future toggles: 1 	 Past toggles: 1 	 Toggled: [[5, array([0, 1], dtype=int64), array([[0.],
       [1.]])]] 	 class: [1 8]
10:52:50,877 root DEBUG Check patch-by-patch distances for success (dOFF_patch>dON_patch) and ratio (dOFF_patch/dON_patch):
10:52:50,877 root DEBUG 	 nT= 1  	 success?   False    	 (dON-dOFF)/|dON+dOFF|: -99.65 	 cIDON = [0 8], cIDOFF = [0 8]
10:52:50,878 root DEBUG ===> #(dOFF_patch>dON_patch) = 0/1 = 0.00%
10:52:50,878 root DEBUG dOFF/dON = 0.0
10:52:50,878 root DEBUG {'CHOOSE_DX': 'along_decision_boundary', 'dxONAngle': 79.18706273710475, 'dON1': 0.012259196443475302, 'cIDON1': array([0, 8], dtype=int64), 'dON_patch_1': 0.012259196443475302, 'nTON': 1, 'dON': 0.012259196443475302, 'dxOFFAngle': 85.60478336850751, 'dOFF1': 2.1775023400984232e-05, 'cIDOFF1': array([0, 8], dtype=int64), 'dOFF_patch_1': 2.1775023400984232e-05, 'nTOFF': 1, 'dOFF': 2.1775023400984232e-05, 'SUCCESS': False}
10:52:50,980 root DEBUG 

=================== Experiment ID #16 	 Dual Point ID: 17 ===================
10:52:51,25 root DEBUG CONTROL: 	 OK! 	 (target neuron output < tolerance: |4.978E-08|<1.000E-06)
10:52:51,26 root DEBUG CONTROL DUAL POINT: Check that target neuron output < tolerance ({tol:.3E}) at x_dual.
10:52:51,380 root DEBUG Side: ON	 Angle(dx0, dx): 1.22 deg 	 Angle(n, nold): 0.00 deg 	 Distance in patch: 5.278E-02 	 Total distance: 5.278E-02 	 Future toggles: 0 	 Past toggles: 1 	 Toggled: [[1, array([152], dtype=int64), array([[ True]])]] 	 class: [2 7]
10:52:51,641 root DEBUG Side: ON	 Angle(dx0, dx): 0.24 deg 	 Angle(n, nold): 0.00 deg 	 Distance in patch: 5.803E-03 	 Total distance: 5.859E-02 	 Future toggles: 1 	 Past toggles: 1 	 Toggled: [[3, array([47], dtype=int64), array([[False]])]] 	 class: [2 7]
10:52:52,28 root DEBUG Side: OFF	 Angle(dx0, dx): 1.06 deg 	 Angle(n, nold): 0.00 deg 	 Distance in patch: 2.325E-01 	 Total distance: 2.325E-01 	 Future toggles: 0 	 Past toggles: 1 	 Toggled: [[1, array([215], dtype=int64), array([[False]])]] 	 class: [2 7]
10:52:52,216 root DEBUG Side: OFF	 Angle(dx0, dx): 0.06 deg 	 Angle(n, nold): 0.00 deg 	 Distance in patch: 3.418E-01 	 Total distance: 5.743E-01 	 Future toggles: 1 	 Past toggles: 1 	 Toggled: [[3, array([5], dtype=int64), array([[False]])]] 	 class: [2 7]
10:52:52,216 root DEBUG Check patch-by-patch distances for success (dOFF_patch>dON_patch) and ratio (dOFF_patch/dON_patch):
10:52:52,216 root DEBUG 	 nT= 1  	 success?    True    	 (dON-dOFF)/|dON+dOFF|: 81.49 	 cIDON = [2 7], cIDOFF = [2 7]
10:52:52,216 root DEBUG ===> #(dOFF_patch>dON_patch) = 1/1 = 100.00%
10:52:52,216 root DEBUG dOFF/dON = 9.8
10:52:52,216 root DEBUG {'CHOOSE_DX': 'along_decision_boundary', 'dxONAngle': 86.46193499020266, 'dON1': 0.05858661120277643, 'cIDON1': array([2, 7], dtype=int64), 'dON_patch_1': 0.05858661120277643, 'nTON': 1, 'dON': 0.05858661120277643, 'dxOFFAngle': 85.40208467956008, 'dOFF1': 0.5743430702585333, 'cIDOFF1': array([2, 7], dtype=int64), 'dOFF_patch_1': 0.5743430702585333, 'nTOFF': 1, 'dOFF': 0.5743430702585333, 'SUCCESS': True}
10:52:52,261 root DEBUG 

=================== Experiment ID #17 	 Dual Point ID: 18 ===================
10:52:52,273 root DEBUG CONTROL: 	 OK! 	 (target neuron output < tolerance: |5.650E-08|<1.000E-06)
10:52:52,273 root DEBUG CONTROL DUAL POINT: Check that target neuron output < tolerance ({tol:.3E}) at x_dual.
10:52:52,638 root DEBUG Side: ON	 Angle(dx0, dx): 2.35 deg 	 Angle(n, nold): 0.00 deg 	 Distance in patch: 2.623E-01 	 Total distance: 2.623E-01 	 Future toggles: 1 	 Past toggles: 1 	 Toggled: [[2, array([244], dtype=int64), array([[False]])]] 	 class: [0 7]
10:52:53,36 root DEBUG Side: OFF	 Angle(dx0, dx): 0.04 deg 	 Angle(n, nold): 0.00 deg 	 Distance in patch: 2.856E-01 	 Total distance: 2.856E-01 	 Future toggles: 1 	 Past toggles: 1 	 Toggled: [[3, array([204], dtype=int64), array([[ True]])]] 	 class: [0 7]
10:52:53,36 root DEBUG Check patch-by-patch distances for success (dOFF_patch>dON_patch) and ratio (dOFF_patch/dON_patch):
10:52:53,36 root DEBUG 	 nT= 1  	 success?    True    	 (dON-dOFF)/|dON+dOFF|: 4.25 	 cIDON = [0 7], cIDOFF = [0 7]
10:52:53,36 root DEBUG ===> #(dOFF_patch>dON_patch) = 1/1 = 100.00%
10:52:53,36 root DEBUG dOFF/dON = 1.1
10:52:53,37 root DEBUG {'CHOOSE_DX': 'along_decision_boundary', 'dxONAngle': 61.14303938893251, 'dON1': 0.2623156115765074, 'cIDON1': array([0, 7], dtype=int64), 'dON_patch_1': 0.2623156115765074, 'nTON': 1, 'dON': 0.2623156115765074, 'dxOFFAngle': 85.41550668554648, 'dOFF1': 0.2855763558316066, 'cIDOFF1': array([0, 7], dtype=int64), 'dOFF_patch_1': 0.2855763558316066, 'nTOFF': 1, 'dOFF': 0.2855763558316066, 'SUCCESS': True}
10:52:53,84 root DEBUG 

=================== Experiment ID #18 	 Dual Point ID: 19 ===================
10:52:53,94 root DEBUG CONTROL: 	 OK! 	 (target neuron output < tolerance: |1.877E-07|<1.000E-06)
10:52:53,94 root DEBUG CONTROL DUAL POINT: Check that target neuron output < tolerance ({tol:.3E}) at x_dual.
10:52:53,403 root DEBUG Side: ON	 Angle(dx0, dx): 2.95 deg 	 Angle(n, nold): 0.00 deg 	 Distance in patch: 5.518E-02 	 Total distance: 5.518E-02 	 Future toggles: 1 	 Past toggles: 1 	 Toggled: [[4, array([6], dtype=int64), array([[ True]])]] 	 class: [2 3]
10:52:53,821 root DEBUG Side: OFF	 Angle(dx0, dx): 0.09 deg 	 Angle(n, nold): 0.00 deg 	 Distance in patch: 1.325E-01 	 Total distance: 1.325E-01 	 Future toggles: 1 	 Past toggles: 1 	 Toggled: [[3, array([124], dtype=int64), array([[False]])]] 	 class: [2 3]
10:52:53,821 root DEBUG Check patch-by-patch distances for success (dOFF_patch>dON_patch) and ratio (dOFF_patch/dON_patch):
10:52:53,822 root DEBUG 	 nT= 1  	 success?    True    	 (dON-dOFF)/|dON+dOFF|: 41.20 	 cIDON = [2 3], cIDOFF = [2 3]
10:52:53,822 root DEBUG ===> #(dOFF_patch>dON_patch) = 1/1 = 100.00%
10:52:53,822 root DEBUG dOFF/dON = 2.4
10:52:53,822 root DEBUG {'CHOOSE_DX': 'along_decision_boundary', 'dxONAngle': 78.82726596002175, 'dON1': 0.05517997322935546, 'cIDON1': array([2, 3], dtype=int64), 'dON_patch_1': 0.05517997322935546, 'nTON': 1, 'dON': 0.05517997322935546, 'dxOFFAngle': 87.11144519770075, 'dOFF1': 0.13251668210452, 'cIDOFF1': array([2, 3], dtype=int64), 'dOFF_patch_1': 0.13251668210452, 'nTOFF': 1, 'dOFF': 0.13251668210452, 'SUCCESS': True}
10:52:53,956 root DEBUG 

=================== Experiment ID #19 	 Dual Point ID: 20 ===================
10:52:53,964 root DEBUG CONTROL: 	 OK! 	 (target neuron output < tolerance: |3.993E-08|<1.000E-06)
10:52:53,964 root DEBUG CONTROL DUAL POINT: Check that target neuron output < tolerance ({tol:.3E}) at x_dual.
10:52:54,301 root DEBUG Side: ON	 Angle(dx0, dx): 0.19 deg 	 Angle(n, nold): 0.00 deg 	 Distance in patch: 1.847E-01 	 Total distance: 1.847E-01 	 Future toggles: 0 	 Past toggles: 1 	 Toggled: [[1, array([247], dtype=int64), array([[ True]])]] 	 class: [5 9]
10:52:54,564 root DEBUG Side: ON	 Angle(dx0, dx): 6.91 deg 	 Angle(n, nold): 0.00 deg 	 Distance in patch: 3.205E-03 	 Total distance: 1.879E-01 	 Future toggles: 1 	 Past toggles: 1 	 Toggled: [[4, array([31], dtype=int64), array([[ True]])]] 	 class: [5 9]
10:52:54,883 root DEBUG Side: OFF	 Angle(dx0, dx): 0.13 deg 	 Angle(n, nold): 0.00 deg 	 Distance in patch: 5.055E-01 	 Total distance: 5.055E-01 	 Future toggles: 0 	 Past toggles: 1 	 Toggled: [[1, array([237], dtype=int64), array([[ True]])]] 	 class: [5 9]
10:52:55,126 root DEBUG Side: OFF	 Angle(dx0, dx): 0.21 deg 	 Angle(n, nold): 0.00 deg 	 Distance in patch: 2.672E-01 	 Total distance: 7.727E-01 	 Future toggles: 0 	 Past toggles: 2 	 Toggled: [[1, array([187], dtype=int64), array([[False]])]] 	 class: [5 9]
10:52:55,390 root DEBUG Side: OFF	 Angle(dx0, dx): 0.12 deg 	 Angle(n, nold): 0.00 deg 	 Distance in patch: 1.657E-01 	 Total distance: 9.384E-01 	 Future toggles: 1 	 Past toggles: 1 	 Toggled: [[3, array([45], dtype=int64), array([[False]])]] 	 class: [5 9]
10:52:55,390 root DEBUG Check patch-by-patch distances for success (dOFF_patch>dON_patch) and ratio (dOFF_patch/dON_patch):
10:52:55,390 root DEBUG 	 nT= 1  	 success?    True    	 (dON-dOFF)/|dON+dOFF|: 66.63 	 cIDON = [5 9], cIDOFF = [5 9]
10:52:55,391 root DEBUG ===> #(dOFF_patch>dON_patch) = 1/1 = 100.00%
10:52:55,391 root DEBUG dOFF/dON = 5.0
10:52:55,391 root DEBUG {'CHOOSE_DX': 'along_decision_boundary', 'dxONAngle': 85.59887208088414, 'dON1': 0.18792795824662573, 'cIDON1': array([5, 9], dtype=int64), 'dON_patch_1': 0.18792795824662573, 'nTON': 1, 'dON': 0.18792795824662573, 'dxOFFAngle': 87.40042729819764, 'dOFF1': 0.9383516937641492, 'cIDOFF1': array([5, 9], dtype=int64), 'dOFF_patch_1': 0.9383516937641492, 'nTOFF': 1, 'dOFF': 0.9383516937641492, 'SUCCESS': True}
10:52:55,483 root DEBUG 

=================== Experiment ID #20 	 Dual Point ID: 21 ===================
10:52:55,491 root DEBUG CONTROL: 	 OK! 	 (target neuron output < tolerance: |3.620E-08|<1.000E-06)
10:52:55,491 root DEBUG CONTROL DUAL POINT: Check that target neuron output < tolerance ({tol:.3E}) at x_dual.
10:52:55,936 root DEBUG Side: ON	 Angle(dx0, dx): 3.83 deg 	 Angle(n, nold): 0.00 deg 	 Distance in patch: 1.221E-01 	 Total distance: 1.221E-01 	 Future toggles: 1 	 Past toggles: 1 	 Toggled: [[4, array([29], dtype=int64), array([[False]])]] 	 class: [3 5]
10:52:56,350 root DEBUG Side: OFF	 Angle(dx0, dx): 0.29 deg 	 Angle(n, nold): 0.00 deg 	 Distance in patch: 2.426E-01 	 Total distance: 2.426E-01 	 Future toggles: 0 	 Past toggles: 1 	 Toggled: [[1, array([110], dtype=int64), array([[False]])]] 	 class: [3 5]
10:52:56,679 root DEBUG Side: OFF	 Angle(dx0, dx): 1.98 deg 	 Angle(n, nold): 0.00 deg 	 Distance in patch: 1.209E-01 	 Total distance: 3.635E-01 	 Future toggles: 1 	 Past toggles: 1 	 Toggled: [[3, array([72], dtype=int64), array([[ True]])]] 	 class: [3 5]
10:52:56,679 root DEBUG Check patch-by-patch distances for success (dOFF_patch>dON_patch) and ratio (dOFF_patch/dON_patch):
10:52:56,680 root DEBUG 	 nT= 1  	 success?    True    	 (dON-dOFF)/|dON+dOFF|: 49.70 	 cIDON = [3 5], cIDOFF = [3 5]
10:52:56,680 root DEBUG ===> #(dOFF_patch>dON_patch) = 1/1 = 100.00%
10:52:56,680 root DEBUG dOFF/dON = 3.0
10:52:56,680 root DEBUG {'CHOOSE_DX': 'along_decision_boundary', 'dxONAngle': 80.11691329735537, 'dON1': 0.1221423180863531, 'cIDON1': array([3, 5], dtype=int64), 'dON_patch_1': 0.1221423180863531, 'nTON': 1, 'dON': 0.1221423180863531, 'dxOFFAngle': 88.02669573782899, 'dOFF1': 0.3635089117985909, 'cIDOFF1': array([3, 5], dtype=int64), 'dOFF_patch_1': 0.3635089117985909, 'nTOFF': 1, 'dOFF': 0.3635089117985909, 'SUCCESS': True}
10:52:56,690 root DEBUG 

=================== Experiment ID #21 	 Dual Point ID: 22 ===================
10:52:56,698 root DEBUG CONTROL: 	 OK! 	 (target neuron output < tolerance: |7.491E-08|<1.000E-06)
10:52:56,698 root DEBUG CONTROL DUAL POINT: Check that target neuron output < tolerance ({tol:.3E}) at x_dual.
10:52:57,94 root DEBUG Side: ON	 Angle(dx0, dx): 0.50 deg 	 Angle(n, nold): 0.00 deg 	 Distance in patch: 1.789E-01 	 Total distance: 1.789E-01 	 Future toggles: 0 	 Past toggles: 1 	 Toggled: [[1, array([60], dtype=int64), array([[ True]])]] 	 class: [0 1]
10:52:57,291 root DEBUG Side: ON	 Angle(dx0, dx): 1.60 deg 	 Angle(n, nold): 0.00 deg 	 Distance in patch: 1.255E-02 	 Total distance: 1.915E-01 	 Future toggles: 1 	 Past toggles: 1 	 Toggled: [[4, array([3], dtype=int64), array([[False]])]] 	 class: [0 1]
10:52:57,679 root DEBUG Side: OFF	 Angle(dx0, dx): 0.05 deg 	 Angle(n, nold): 0.00 deg 	 Distance in patch: 1.918E-01 	 Total distance: 1.918E-01 	 Future toggles: 0 	 Past toggles: 1 	 Toggled: [[1, array([77], dtype=int64), array([[ True]])]] 	 class: [0 1]
10:52:57,880 root DEBUG Side: OFF	 Angle(dx0, dx): 0.71 deg 	 Angle(n, nold): 0.00 deg 	 Distance in patch: 1.728E-02 	 Total distance: 2.091E-01 	 Future toggles: 1 	 Past toggles: 1 	 Toggled: [[3, array([160], dtype=int64), array([[ True]])]] 	 class: [0 1]
10:52:57,881 root DEBUG Check patch-by-patch distances for success (dOFF_patch>dON_patch) and ratio (dOFF_patch/dON_patch):
10:52:57,881 root DEBUG 	 nT= 1  	 success?    True    	 (dON-dOFF)/|dON+dOFF|: 4.39 	 cIDON = [0 1], cIDOFF = [0 1]
10:52:57,881 root DEBUG ===> #(dOFF_patch>dON_patch) = 1/1 = 100.00%
10:52:57,881 root DEBUG dOFF/dON = 1.1
10:52:57,881 root DEBUG {'CHOOSE_DX': 'along_decision_boundary', 'dxONAngle': 85.6984485011013, 'dON1': 0.19147732337770348, 'cIDON1': array([0, 1], dtype=int64), 'dON_patch_1': 0.19147732337770348, 'nTON': 1, 'dON': 0.19147732337770348, 'dxOFFAngle': 88.56510655772463, 'dOFF1': 0.20908000083827355, 'cIDOFF1': array([0, 1], dtype=int64), 'dOFF_patch_1': 0.20908000083827355, 'nTOFF': 1, 'dOFF': 0.20908000083827355, 'SUCCESS': True}
10:52:57,930 root DEBUG 

=================== Experiment ID #22 	 Dual Point ID: 23 ===================
10:52:57,940 root DEBUG CONTROL: 	 OK! 	 (target neuron output < tolerance: |4.465E-08|<1.000E-06)
10:52:57,940 root DEBUG CONTROL DUAL POINT: Check that target neuron output < tolerance ({tol:.3E}) at x_dual.
10:52:58,269 root DEBUG Side: ON	 Angle(dx0, dx): 0.09 deg 	 Angle(n, nold): 0.00 deg 	 Distance in patch: 7.487E-02 	 Total distance: 7.487E-02 	 Future toggles: 0 	 Past toggles: 1 	 Toggled: [[1, array([150], dtype=int64), array([[False]])]] 	 class: [4 6]
10:52:58,493 root DEBUG Side: ON	 Angle(dx0, dx): 0.69 deg 	 Angle(n, nold): 0.00 deg 	 Distance in patch: 1.116E-01 	 Total distance: 1.865E-01 	 Future toggles: 1 	 Past toggles: 1 	 Toggled: [[3, array([137], dtype=int64), array([[False]])]] 	 class: [4 6]
10:52:58,798 root DEBUG Side: OFF	 Angle(dx0, dx): 1.23 deg 	 Angle(n, nold): 0.00 deg 	 Distance in patch: 4.045E-02 	 Total distance: 4.045E-02 	 Future toggles: 1 	 Past toggles: 1 	 Toggled: [[2, array([106], dtype=int64), array([[ True]])]] 	 class: [4 6]
10:52:58,798 root DEBUG Check patch-by-patch distances for success (dOFF_patch>dON_patch) and ratio (dOFF_patch/dON_patch):
10:52:58,798 root DEBUG 	 nT= 1  	 success?   False    	 (dON-dOFF)/|dON+dOFF|: -64.35 	 cIDON = [4 6], cIDOFF = [4 6]
10:52:58,798 root DEBUG ===> #(dOFF_patch>dON_patch) = 0/1 = 0.00%
10:52:58,798 root DEBUG dOFF/dON = 0.2
10:52:58,798 root DEBUG {'CHOOSE_DX': 'along_decision_boundary', 'dxONAngle': 89.31405474585316, 'dON1': 0.1865178791102705, 'cIDON1': array([4, 6], dtype=int64), 'dON_patch_1': 0.1865178791102705, 'nTON': 1, 'dON': 0.1865178791102705, 'dxOFFAngle': 89.96971617608708, 'dOFF1': 0.040451915517928, 'cIDOFF1': array([4, 6], dtype=int64), 'dOFF_patch_1': 0.040451915517928, 'nTOFF': 1, 'dOFF': 0.040451915517928, 'SUCCESS': False}
10:52:58,940 root DEBUG 

=================== Experiment ID #23 	 Dual Point ID: 24 ===================
10:52:58,950 root DEBUG CONTROL: 	 OK! 	 (target neuron output < tolerance: |2.293E-08|<1.000E-06)
10:52:58,950 root DEBUG CONTROL DUAL POINT: Check that target neuron output < tolerance ({tol:.3E}) at x_dual.
10:52:59,236 root DEBUG Side: ON	 Angle(dx0, dx): 0.01 deg 	 Angle(n, nold): 0.00 deg 	 Distance in patch: 2.908E-02 	 Total distance: 2.908E-02 	 Future toggles: 0 	 Past toggles: 1 	 Toggled: [[1, array([96], dtype=int64), array([[ True]])]] 	 class: [0 1]
10:52:59,546 root DEBUG Side: ON	 Angle(dx0, dx): 0.33 deg 	 Angle(n, nold): 0.00 deg 	 Distance in patch: 2.962E-02 	 Total distance: 5.870E-02 	 Future toggles: 1 	 Past toggles: 1 	 Toggled: [[2, array([254], dtype=int64), array([[ True]])]] 	 class: [0 1]
10:52:59,939 root DEBUG Side: OFF	 Angle(dx0, dx): 0.04 deg 	 Angle(n, nold): 0.00 deg 	 Distance in patch: 2.630E-01 	 Total distance: 2.630E-01 	 Future toggles: 0 	 Past toggles: 1 	 Toggled: [[1, array([24], dtype=int64), array([[ True]])]] 	 class: [0 1]
10:53:00,271 root DEBUG Side: OFF	 Angle(dx0, dx): 0.01 deg 	 Angle(n, nold): 0.00 deg 	 Distance in patch: 1.748E-01 	 Total distance: 4.378E-01 	 Future toggles: 0 	 Past toggles: 2 	 Toggled: [[1, array([65], dtype=int64), array([[False]])]] 	 class: [0 1]
10:53:00,563 root DEBUG Side: OFF	 Angle(dx0, dx): 0.05 deg 	 Angle(n, nold): 0.00 deg 	 Distance in patch: 7.194E-02 	 Total distance: 5.097E-01 	 Future toggles: 1 	 Past toggles: 1 	 Toggled: [[3, array([77], dtype=int64), array([[ True]])]] 	 class: [0 1]
10:53:00,563 root DEBUG Check patch-by-patch distances for success (dOFF_patch>dON_patch) and ratio (dOFF_patch/dON_patch):
10:53:00,563 root DEBUG 	 nT= 1  	 success?    True    	 (dON-dOFF)/|dON+dOFF|: 79.35 	 cIDON = [0 1], cIDOFF = [0 1]
10:53:00,563 root DEBUG ===> #(dOFF_patch>dON_patch) = 1/1 = 100.00%
10:53:00,564 root DEBUG dOFF/dON = 8.7
10:53:00,564 root DEBUG {'CHOOSE_DX': 'along_decision_boundary', 'dxONAngle': 88.78119637605685, 'dON1': 0.05869737014933392, 'cIDON1': array([0, 1], dtype=int64), 'dON_patch_1': 0.05869737014933392, 'nTON': 1, 'dON': 0.05869737014933392, 'dxOFFAngle': 88.7648440879438, 'dOFF1': 0.5097120897627604, 'cIDOFF1': array([0, 1], dtype=int64), 'dOFF_patch_1': 0.5097120897627604, 'nTOFF': 1, 'dOFF': 0.5097120897627604, 'SUCCESS': True}
10:53:00,602 root DEBUG 

=================== Experiment ID #24 	 Dual Point ID: 25 ===================
10:53:00,610 root DEBUG CONTROL: 	 OK! 	 (target neuron output < tolerance: |4.285E-08|<1.000E-06)
10:53:00,611 root DEBUG CONTROL DUAL POINT: Check that target neuron output < tolerance ({tol:.3E}) at x_dual.
10:53:00,933 root DEBUG Side: ON	 Angle(dx0, dx): 0.82 deg 	 Angle(n, nold): 0.00 deg 	 Distance in patch: 2.131E-03 	 Total distance: 2.131E-03 	 Future toggles: 1 	 Past toggles: 1 	 Toggled: [[4, array([62], dtype=int64), array([[False]])]] 	 class: [5 7]
10:53:01,307 root DEBUG Side: OFF	 Angle(dx0, dx): 0.82 deg 	 Angle(n, nold): 0.00 deg 	 Distance in patch: 2.084E-02 	 Total distance: 2.084E-02 	 Future toggles: 1 	 Past toggles: 1 	 Toggled: [[2, array([168], dtype=int64), array([[False]])]] 	 class: [5 7]
10:53:01,307 root DEBUG Check patch-by-patch distances for success (dOFF_patch>dON_patch) and ratio (dOFF_patch/dON_patch):
10:53:01,308 root DEBUG 	 nT= 1  	 success?    True    	 (dON-dOFF)/|dON+dOFF|: 81.45 	 cIDON = [5 7], cIDOFF = [5 7]
10:53:01,308 root DEBUG ===> #(dOFF_patch>dON_patch) = 1/1 = 100.00%
10:53:01,308 root DEBUG dOFF/dON = 9.8
10:53:01,308 root DEBUG {'CHOOSE_DX': 'along_decision_boundary', 'dxONAngle': 72.54524614094962, 'dON1': 0.0021308872207813838, 'cIDON1': array([5, 7], dtype=int64), 'dON_patch_1': 0.0021308872207813838, 'nTON': 1, 'dON': 0.0021308872207813838, 'dxOFFAngle': 81.66970162041363, 'dOFF1': 0.0208428623189622, 'cIDOFF1': array([5, 7], dtype=int64), 'dOFF_patch_1': 0.0208428623189622, 'nTOFF': 1, 'dOFF': 0.0208428623189622, 'SUCCESS': True}
10:53:01,554 PIL.PngImagePlugin DEBUG STREAM b'IHDR' 16 13
10:53:01,554 PIL.PngImagePlugin DEBUG STREAM b'sBIT' 41 4
10:53:01,554 PIL.PngImagePlugin DEBUG b'sBIT' 41 4 (unknown)
10:53:01,554 PIL.PngImagePlugin DEBUG STREAM b'pHYs' 57 9
10:53:01,554 PIL.PngImagePlugin DEBUG STREAM b'IDAT' 78 1189
10:53:01,559 PIL.PngImagePlugin DEBUG STREAM b'IHDR' 16 13
10:53:01,560 PIL.PngImagePlugin DEBUG STREAM b'sBIT' 41 4
10:53:01,560 PIL.PngImagePlugin DEBUG b'sBIT' 41 4 (unknown)
10:53:01,560 PIL.PngImagePlugin DEBUG STREAM b'pHYs' 57 9
10:53:01,560 PIL.PngImagePlugin DEBUG STREAM b'IDAT' 78 2994
10:53:01,573 PIL.PngImagePlugin DEBUG STREAM b'IHDR' 16 13
10:53:01,573 PIL.PngImagePlugin DEBUG STREAM b'sBIT' 41 4
10:53:01,573 PIL.PngImagePlugin DEBUG b'sBIT' 41 4 (unknown)
10:53:01,573 PIL.PngImagePlugin DEBUG STREAM b'pHYs' 57 9
10:53:01,573 PIL.PngImagePlugin DEBUG STREAM b'IDAT' 78 696
10:53:01,577 PIL.PngImagePlugin DEBUG STREAM b'IHDR' 16 13
10:53:01,577 PIL.PngImagePlugin DEBUG STREAM b'sBIT' 41 4
10:53:01,577 PIL.PngImagePlugin DEBUG b'sBIT' 41 4 (unknown)
10:53:01,577 PIL.PngImagePlugin DEBUG STREAM b'pHYs' 57 9
10:53:01,577 PIL.PngImagePlugin DEBUG STREAM b'IDAT' 78 526
10:53:01,581 PIL.PngImagePlugin DEBUG STREAM b'IHDR' 16 13
10:53:01,581 PIL.PngImagePlugin DEBUG STREAM b'sBIT' 41 4
10:53:01,581 PIL.PngImagePlugin DEBUG b'sBIT' 41 4 (unknown)
10:53:01,581 PIL.PngImagePlugin DEBUG STREAM b'pHYs' 57 9
10:53:01,581 PIL.PngImagePlugin DEBUG STREAM b'IDAT' 78 499
10:53:01,585 PIL.PngImagePlugin DEBUG STREAM b'IHDR' 16 13
10:53:01,585 PIL.PngImagePlugin DEBUG STREAM b'sBIT' 41 4
10:53:01,585 PIL.PngImagePlugin DEBUG b'sBIT' 41 4 (unknown)
10:53:01,586 PIL.PngImagePlugin DEBUG STREAM b'pHYs' 57 9
10:53:01,586 PIL.PngImagePlugin DEBUG STREAM b'IDAT' 78 673
10:53:01,589 PIL.PngImagePlugin DEBUG STREAM b'IHDR' 16 13
10:53:01,589 PIL.PngImagePlugin DEBUG STREAM b'sBIT' 41 4
10:53:01,589 PIL.PngImagePlugin DEBUG b'sBIT' 41 4 (unknown)
10:53:01,589 PIL.PngImagePlugin DEBUG STREAM b'pHYs' 57 9
10:53:01,589 PIL.PngImagePlugin DEBUG STREAM b'IDAT' 78 922
10:53:01,592 PIL.PngImagePlugin DEBUG STREAM b'IHDR' 16 13
10:53:01,593 PIL.PngImagePlugin DEBUG STREAM b'sBIT' 41 4
10:53:01,593 PIL.PngImagePlugin DEBUG b'sBIT' 41 4 (unknown)
10:53:01,593 PIL.PngImagePlugin DEBUG STREAM b'pHYs' 57 9
10:53:01,593 PIL.PngImagePlugin DEBUG STREAM b'IDAT' 78 568
10:53:01,597 PIL.PngImagePlugin DEBUG STREAM b'IHDR' 16 13
10:53:01,597 PIL.PngImagePlugin DEBUG STREAM b'sBIT' 41 4
10:53:01,597 PIL.PngImagePlugin DEBUG b'sBIT' 41 4 (unknown)
10:53:01,597 PIL.PngImagePlugin DEBUG STREAM b'pHYs' 57 9
10:53:01,597 PIL.PngImagePlugin DEBUG STREAM b'IDAT' 78 626
