11:18:15,832 root DEBUG Check that model weights are dtype tf.float64: 	 <dtype: 'float64'>
11:18:15,833 root INFO eps: 1e-06
11:18:15,833 root INFO tol: 1e-06
11:18:15,903 root DEBUG Load dual points from file: ../data/dual_points_cifar10_3x256_64_10_float64.
11:18:15,911 root DEBUG 

=================== Experiment ID #0 	 Dual Point ID: 1 ===================
11:18:15,942 root DEBUG CONTROL: 	 OK! 	 (target neuron output < tolerance: |8.771E-07|<1.000E-06)
11:18:15,942 root DEBUG CONTROL DUAL POINT: Check that target neuron output < tolerance ({tol:.3E}) at x_dual.
11:18:16,594 root DEBUG Side: ON	 Angle(dx0, dx): 5.42 deg 	 Angle(n, nold): 0.00 deg 	 Distance in patch: 2.323E-02 	 Total distance: 2.323E-02 	 Future toggles: 1 	 Past toggles: 1 	 Toggled: [[4, array([0], dtype=int64), array([[False]])]] 	 class: [7 9]
11:18:17,182 root DEBUG Side: OFF	 Angle(dx0, dx): 6.92 deg 	 Angle(n, nold): 0.00 deg 	 Distance in patch: 4.210E-02 	 Total distance: 4.210E-02 	 Future toggles: 1 	 Past toggles: 1 	 Toggled: [[3, array([63], dtype=int64), array([[ True]])]] 	 class: [7 9]
11:18:17,182 root DEBUG Check patch-by-patch distances for success (dOFF_patch>dON_patch) and ratio (dOFF_patch/dON_patch):
11:18:17,183 root DEBUG 	 nT= 1  	 success?    True    	 (dON-dOFF)/|dON+dOFF|: 28.88 	 cIDON = [7 9], cIDOFF = [7 9]
11:18:17,183 root DEBUG ===> #(dOFF_patch>dON_patch) = 1/1 = 100.00%
11:18:17,183 root DEBUG dOFF/dON = 1.8
11:18:17,183 root DEBUG {'CHOOSE_DX': 'along_decision_boundary', 'dxONAngle': 68.53085621257367, 'dON1': 0.023230795575220314, 'cIDON1': array([7, 9], dtype=int64), 'dON_patch_1': 0.023230795575220314, 'nTON': 1, 'dON': 0.023230795575220314, 'dxOFFAngle': 66.28080259219884, 'dOFF1': 0.042102220305435714, 'cIDOFF1': array([7, 9], dtype=int64), 'dOFF_patch_1': 0.042102220305435714, 'nTOFF': 1, 'dOFF': 0.042102220305435714, 'SUCCESS': True}
11:18:17,240 root DEBUG 

=================== Experiment ID #1 	 Dual Point ID: 2 ===================
11:18:17,271 root DEBUG CONTROL: 	 OK! 	 (target neuron output < tolerance: |3.445E-07|<1.000E-06)
11:18:17,272 root DEBUG CONTROL DUAL POINT: Check that target neuron output < tolerance ({tol:.3E}) at x_dual.
11:18:17,744 root DEBUG Side: ON	 Angle(dx0, dx): 1.02 deg 	 Angle(n, nold): 0.00 deg 	 Distance in patch: 4.877E-03 	 Total distance: 4.877E-03 	 Future toggles: 1 	 Past toggles: 1 	 Toggled: [[3, array([221], dtype=int64), array([[ True]])]] 	 class: [1 8]
11:18:18,194 root DEBUG Side: OFF	 Angle(dx0, dx): 0.38 deg 	 Angle(n, nold): 0.00 deg 	 Distance in patch: 8.404E-03 	 Total distance: 8.404E-03 	 Future toggles: 1 	 Past toggles: 1 	 Toggled: [[3, array([221], dtype=int64), array([[ True]])]] 	 class: [0 8]
11:18:18,194 root DEBUG Check patch-by-patch distances for success (dOFF_patch>dON_patch) and ratio (dOFF_patch/dON_patch):
11:18:18,195 root DEBUG 	 nT= 1  	 success?    True    	 (dON-dOFF)/|dON+dOFF|: 26.55 	 cIDON = [1 8], cIDOFF = [0 8]
11:18:18,195 root DEBUG ===> #(dOFF_patch>dON_patch) = 1/1 = 100.00%
11:18:18,195 root DEBUG dOFF/dON = 1.7
11:18:18,195 root DEBUG {'CHOOSE_DX': 'along_decision_boundary', 'dxONAngle': 72.89842480888075, 'dON1': 0.004877130824953422, 'cIDON1': array([1, 8], dtype=int64), 'dON_patch_1': 0.004877130824953422, 'nTON': 1, 'dON': 0.004877130824953422, 'dxOFFAngle': 87.80544564967552, 'dOFF1': 0.008403507686661928, 'cIDOFF1': array([0, 8], dtype=int64), 'dOFF_patch_1': 0.008403507686661928, 'nTOFF': 1, 'dOFF': 0.008403507686661928, 'SUCCESS': True}
11:18:18,300 root DEBUG 

=================== Experiment ID #2 	 Dual Point ID: 3 ===================
11:18:18,331 root DEBUG CONTROL: 	 OK! 	 (target neuron output < tolerance: |7.682E-07|<1.000E-06)
11:18:18,331 root DEBUG CONTROL DUAL POINT: Check that target neuron output < tolerance ({tol:.3E}) at x_dual.
11:18:18,868 root DEBUG Side: ON	 Angle(dx0, dx): 8.87 deg 	 Angle(n, nold): 0.00 deg 	 Distance in patch: 4.437E-02 	 Total distance: 4.437E-02 	 Future toggles: 1 	 Past toggles: 1 	 Toggled: [[4, array([52], dtype=int64), array([[False]])]] 	 class: [2 8]
11:18:19,334 root DEBUG Side: OFF	 Angle(dx0, dx): 0.26 deg 	 Angle(n, nold): 0.00 deg 	 Distance in patch: 3.343E-02 	 Total distance: 3.343E-02 	 Future toggles: 0 	 Past toggles: 1 	 Toggled: [[2, array([230], dtype=int64), array([[False]])]] 	 class: [2 8]
11:18:19,709 root DEBUG Side: OFF	 Angle(dx0, dx): 4.09 deg 	 Angle(n, nold): 0.00 deg 	 Distance in patch: 1.164E-01 	 Total distance: 1.498E-01 	 Future toggles: 0 	 Past toggles: 2 	 Toggled: [[2, array([231], dtype=int64), array([[False]])]] 	 class: [2 8]
11:18:20,24 root DEBUG Side: OFF	 Angle(dx0, dx): 6.63 deg 	 Angle(n, nold): 0.00 deg 	 Distance in patch: 9.334E-02 	 Total distance: 2.432E-01 	 Future toggles: 1 	 Past toggles: 1 	 Toggled: [[4, array([54], dtype=int64), array([[ True]])]] 	 class: [2 8]
11:18:20,24 root DEBUG Check patch-by-patch distances for success (dOFF_patch>dON_patch) and ratio (dOFF_patch/dON_patch):
11:18:20,24 root DEBUG 	 nT= 1  	 success?    True    	 (dON-dOFF)/|dON+dOFF|: 69.14 	 cIDON = [2 8], cIDOFF = [2 8]
11:18:20,24 root DEBUG ===> #(dOFF_patch>dON_patch) = 1/1 = 100.00%
11:18:20,24 root DEBUG dOFF/dON = 5.5
11:18:20,24 root DEBUG {'CHOOSE_DX': 'along_decision_boundary', 'dxONAngle': 49.77683519537674, 'dON1': 0.044366607231635664, 'cIDON1': array([2, 8], dtype=int64), 'dON_patch_1': 0.044366607231635664, 'nTON': 1, 'dON': 0.044366607231635664, 'dxOFFAngle': 59.33711331825201, 'dOFF1': 0.2431757971700377, 'cIDOFF1': array([2, 8], dtype=int64), 'dOFF_patch_1': 0.2431757971700377, 'nTOFF': 1, 'dOFF': 0.2431757971700377, 'SUCCESS': True}
11:18:20,80 root DEBUG 

=================== Experiment ID #3 	 Dual Point ID: 4 ===================
11:18:20,110 root DEBUG CONTROL: 	 OK! 	 (target neuron output < tolerance: |1.618E-07|<1.000E-06)
11:18:20,110 root DEBUG CONTROL DUAL POINT: Check that target neuron output < tolerance ({tol:.3E}) at x_dual.
11:18:20,736 root DEBUG Side: ON	 Angle(dx0, dx): 2.32 deg 	 Angle(n, nold): 2.29 deg 	 Distance in patch: 2.448E-02 	 Total distance: 2.448E-02 	 Future toggles: 0 	 Past toggles: 1 	 Toggled: [[1, array([182], dtype=int64), array([[ True]])]] 	 class: [0 1]
11:18:21,28 root DEBUG Side: ON	 Angle(dx0, dx): 0.69 deg 	 Angle(n, nold): 0.00 deg 	 Distance in patch: 2.788E-02 	 Total distance: 5.237E-02 	 Future toggles: 0 	 Past toggles: 2 	 Toggled: [[2, array([67], dtype=int64), array([[ True]])]] 	 class: [0 1]
11:18:21,400 root DEBUG Side: ON	 Angle(dx0, dx): 0.70 deg 	 Angle(n, nold): 0.00 deg 	 Distance in patch: 5.976E-03 	 Total distance: 5.834E-02 	 Future toggles: 1 	 Past toggles: 1 	 Toggled: [[3, array([201], dtype=int64), array([[ True]])]] 	 class: [0 1]
11:18:21,931 root DEBUG Side: OFF	 Angle(dx0, dx): 0.34 deg 	 Angle(n, nold): 2.29 deg 	 Distance in patch: 2.519E-02 	 Total distance: 2.519E-02 	 Future toggles: 1 	 Past toggles: 1 	 Toggled: [[3, array([56], dtype=int64), array([[False]])]] 	 class: [0 1]
11:18:21,931 root DEBUG Check patch-by-patch distances for success (dOFF_patch>dON_patch) and ratio (dOFF_patch/dON_patch):
11:18:21,931 root DEBUG 	 nT= 1  	 success?   False    	 (dON-dOFF)/|dON+dOFF|: -39.69 	 cIDON = [0 1], cIDOFF = [0 1]
11:18:21,931 root DEBUG ===> #(dOFF_patch>dON_patch) = 0/1 = 0.00%
11:18:21,931 root DEBUG dOFF/dON = 0.4
11:18:21,931 root DEBUG {'CHOOSE_DX': 'along_decision_boundary', 'dxONAngle': 87.9541020801827, 'dON1': 0.05834317189594386, 'cIDON1': array([0, 1], dtype=int64), 'dON_patch_1': 0.05834317189594386, 'nTON': 1, 'dON': 0.05834317189594386, 'dxOFFAngle': 78.6737488307796, 'dOFF1': 0.02518967765523771, 'cIDOFF1': array([0, 1], dtype=int64), 'dOFF_patch_1': 0.02518967765523771, 'nTOFF': 1, 'dOFF': 0.02518967765523771, 'SUCCESS': False}
11:18:22,100 root DEBUG 

=================== Experiment ID #4 	 Dual Point ID: 5 ===================
11:18:22,132 root DEBUG CONTROL: 	 OK! 	 (target neuron output < tolerance: |7.416E-07|<1.000E-06)
11:18:22,132 root DEBUG CONTROL DUAL POINT: Check that target neuron output < tolerance ({tol:.3E}) at x_dual.
11:18:22,691 root DEBUG Side: ON	 Angle(dx0, dx): 0.89 deg 	 Angle(n, nold): 0.00 deg 	 Distance in patch: 1.104E-01 	 Total distance: 1.104E-01 	 Future toggles: 1 	 Past toggles: 1 	 Toggled: [[3, array([99], dtype=int64), array([[False]])]] 	 class: [1 8]
11:18:23,265 root DEBUG Side: OFF	 Angle(dx0, dx): 0.35 deg 	 Angle(n, nold): 0.00 deg 	 Distance in patch: 2.719E-02 	 Total distance: 2.719E-02 	 Future toggles: 0 	 Past toggles: 1 	 Toggled: [[2, array([26], dtype=int64), array([[ True]])]] 	 class: [0 8]
11:18:23,531 root DEBUG Side: OFF	 Angle(dx0, dx): 4.49 deg 	 Angle(n, nold): 0.00 deg 	 Distance in patch: 1.660E-01 	 Total distance: 1.932E-01 	 Future toggles: 0 	 Past toggles: 2 	 Toggled: [[2, array([52], dtype=int64), array([[False]])]] 	 class: [0 8]
11:18:23,824 root DEBUG Side: OFF	 Angle(dx0, dx): 2.67 deg 	 Angle(n, nold): 2.50 deg 	 Distance in patch: 9.116E-02 	 Total distance: 2.843E-01 	 Future toggles: 0 	 Past toggles: 3 	 Toggled: [[1, array([60], dtype=int64), array([[ True]])]] 	 class: [0 8]
11:18:24,117 root DEBUG Side: OFF	 Angle(dx0, dx): 1.15 deg 	 Angle(n, nold): 1.11 deg 	 Distance in patch: 3.691E-04 	 Total distance: 2.847E-01 	 Future toggles: 0 	 Past toggles: 4 	 Toggled: [[1, array([125], dtype=int64), array([[ True]])]] 	 class: [0 8]
11:18:24,415 root DEBUG Side: OFF	 Angle(dx0, dx): 2.35 deg 	 Angle(n, nold): 0.00 deg 	 Distance in patch: 1.932E-02 	 Total distance: 3.040E-01 	 Future toggles: 1 	 Past toggles: 1 	 Toggled: [[4, array([30], dtype=int64), array([[False]])]] 	 class: [0 8]
11:18:24,415 root DEBUG Check patch-by-patch distances for success (dOFF_patch>dON_patch) and ratio (dOFF_patch/dON_patch):
11:18:24,416 root DEBUG 	 nT= 1  	 success?    True    	 (dON-dOFF)/|dON+dOFF|: 46.71 	 cIDON = [1 8], cIDOFF = [0 8]
11:18:24,416 root DEBUG ===> #(dOFF_patch>dON_patch) = 1/1 = 100.00%
11:18:24,416 root DEBUG dOFF/dON = 2.8
11:18:24,416 root DEBUG {'CHOOSE_DX': 'along_decision_boundary', 'dxONAngle': 69.77383664133386, 'dON1': 0.11041934262693064, 'cIDON1': array([1, 8], dtype=int64), 'dON_patch_1': 0.11041934262693064, 'nTON': 1, 'dON': 0.11041934262693064, 'dxOFFAngle': 84.66494028498519, 'dOFF1': 0.30401533404790654, 'cIDOFF1': array([0, 8], dtype=int64), 'dOFF_patch_1': 0.30401533404790654, 'nTOFF': 1, 'dOFF': 0.30401533404790654, 'SUCCESS': True}
11:18:24,462 root DEBUG 

=================== Experiment ID #5 	 Dual Point ID: 6 ===================
11:18:24,492 root DEBUG CONTROL: 	 OK! 	 (target neuron output < tolerance: |2.602E-07|<1.000E-06)
11:18:24,493 root DEBUG CONTROL DUAL POINT: Check that target neuron output < tolerance ({tol:.3E}) at x_dual.
11:18:24,980 root DEBUG Side: ON	 Angle(dx0, dx): 10.74 deg 	 Angle(n, nold): 10.47 deg 	 Distance in patch: 4.308E-02 	 Total distance: 4.308E-02 	 Future toggles: 0 	 Past toggles: 1 	 Toggled: [[1, array([56], dtype=int64), array([[False]])]] 	 class: [0 1]
11:18:25,266 root DEBUG Side: ON	 Angle(dx0, dx): 0.24 deg 	 Angle(n, nold): 0.00 deg 	 Distance in patch: 3.408E-02 	 Total distance: 7.716E-02 	 Future toggles: 1 	 Past toggles: 1 	 Toggled: [[3, array([204], dtype=int64), array([[ True]])]] 	 class: [0 1]
11:18:25,835 root DEBUG Side: OFF	 Angle(dx0, dx): 0.00 deg 	 Angle(n, nold): 10.47 deg 	 Distance in patch: 6.502E-02 	 Total distance: 6.502E-02 	 Future toggles: 0 	 Past toggles: 1 	 Toggled: [[2, array([48], dtype=int64), array([[False]])]] 	 class: [0 1]
11:18:26,87 root DEBUG Side: OFF	 Angle(dx0, dx): 1.05 deg 	 Angle(n, nold): 0.93 deg 	 Distance in patch: 1.742E-03 	 Total distance: 6.676E-02 	 Future toggles: 0 	 Past toggles: 2 	 Toggled: [[1, array([224], dtype=int64), array([[ True]])]] 	 class: [0 1]
11:18:26,344 root DEBUG Side: OFF	 Angle(dx0, dx): 1.84 deg 	 Angle(n, nold): 0.00 deg 	 Distance in patch: 3.465E-02 	 Total distance: 1.014E-01 	 Future toggles: 0 	 Past toggles: 3 	 Toggled: [[2, array([253], dtype=int64), array([[False]])]] 	 class: [0 1]
11:18:26,650 root DEBUG Side: OFF	 Angle(dx0, dx): 0.48 deg 	 Angle(n, nold): 0.00 deg 	 Distance in patch: 1.123E-01 	 Total distance: 2.137E-01 	 Future toggles: 1 	 Past toggles: 1 	 Toggled: [[3, array([48], dtype=int64), array([[False]])]] 	 class: [0 1]
11:18:26,650 root DEBUG Check patch-by-patch distances for success (dOFF_patch>dON_patch) and ratio (dOFF_patch/dON_patch):
11:18:26,651 root DEBUG 	 nT= 1  	 success?    True    	 (dON-dOFF)/|dON+dOFF|: 46.95 	 cIDON = [0 1], cIDOFF = [0 1]
11:18:26,651 root DEBUG ===> #(dOFF_patch>dON_patch) = 1/1 = 100.00%
11:18:26,651 root DEBUG dOFF/dON = 2.8
11:18:26,651 root DEBUG {'CHOOSE_DX': 'along_decision_boundary', 'dxONAngle': 89.88753817150486, 'dON1': 0.07716458154666544, 'cIDON1': array([0, 1], dtype=int64), 'dON_patch_1': 0.07716458154666544, 'nTON': 1, 'dON': 0.07716458154666544, 'dxOFFAngle': 78.95298373326929, 'dOFF1': 0.21373710948983815, 'cIDOFF1': array([0, 1], dtype=int64), 'dOFF_patch_1': 0.21373710948983815, 'nTOFF': 1, 'dOFF': 0.21373710948983815, 'SUCCESS': True}
11:18:26,677 root DEBUG 

=================== Experiment ID #6 	 Dual Point ID: 7 ===================
11:18:26,708 root DEBUG CONTROL: 	 OK! 	 (target neuron output < tolerance: |8.549E-08|<1.000E-06)
11:18:26,708 root DEBUG CONTROL DUAL POINT: Check that target neuron output < tolerance ({tol:.3E}) at x_dual.
11:18:27,341 root DEBUG Side: ON	 Angle(dx0, dx): 1.87 deg 	 Angle(n, nold): 0.00 deg 	 Distance in patch: 4.237E-02 	 Total distance: 4.237E-02 	 Future toggles: 1 	 Past toggles: 1 	 Toggled: [[3, array([238], dtype=int64), array([[False]])]] 	 class: [3 7]
11:18:27,974 root DEBUG Side: OFF	 Angle(dx0, dx): 5.39 deg 	 Angle(n, nold): 5.42 deg 	 Distance in patch: 2.242E-02 	 Total distance: 2.242E-02 	 Future toggles: 0 	 Past toggles: 1 	 Toggled: [[1, array([112], dtype=int64), array([[False]])]] 	 class: [3 7]
11:18:28,242 root DEBUG Side: OFF	 Angle(dx0, dx): 1.06 deg 	 Angle(n, nold): 1.01 deg 	 Distance in patch: 3.532E-02 	 Total distance: 5.774E-02 	 Future toggles: 0 	 Past toggles: 2 	 Toggled: [[1, array([125], dtype=int64), array([[ True]])]] 	 class: [3 7]
11:18:28,541 root DEBUG Side: OFF	 Angle(dx0, dx): 5.32 deg 	 Angle(n, nold): 0.00 deg 	 Distance in patch: 1.309E-02 	 Total distance: 7.083E-02 	 Future toggles: 1 	 Past toggles: 1 	 Toggled: [[3, array([74], dtype=int64), array([[False]])]] 	 class: [3 7]
11:18:28,541 root DEBUG Check patch-by-patch distances for success (dOFF_patch>dON_patch) and ratio (dOFF_patch/dON_patch):
11:18:28,541 root DEBUG 	 nT= 1  	 success?    True    	 (dON-dOFF)/|dON+dOFF|: 25.14 	 cIDON = [3 7], cIDOFF = [3 7]
11:18:28,541 root DEBUG ===> #(dOFF_patch>dON_patch) = 1/1 = 100.00%
11:18:28,541 root DEBUG dOFF/dON = 1.7
11:18:28,541 root DEBUG {'CHOOSE_DX': 'along_decision_boundary', 'dxONAngle': 88.11846519439082, 'dON1': 0.04237313544402362, 'cIDON1': array([3, 7], dtype=int64), 'dON_patch_1': 0.04237313544402362, 'nTON': 1, 'dON': 0.04237313544402362, 'dxOFFAngle': 88.7412900060781, 'dOFF1': 0.07083048402356922, 'cIDOFF1': array([3, 7], dtype=int64), 'dOFF_patch_1': 0.07083048402356922, 'nTOFF': 1, 'dOFF': 0.07083048402356922, 'SUCCESS': True}
11:18:28,614 root DEBUG 

=================== Experiment ID #7 	 Dual Point ID: 8 ===================
11:18:28,646 root DEBUG CONTROL: 	 OK! 	 (target neuron output < tolerance: |5.303E-07|<1.000E-06)
11:18:28,646 root DEBUG CONTROL DUAL POINT: Check that target neuron output < tolerance ({tol:.3E}) at x_dual.
11:18:29,321 root DEBUG Side: ON	 Angle(dx0, dx): 6.30 deg 	 Angle(n, nold): 4.85 deg 	 Distance in patch: 9.721E-03 	 Total distance: 9.721E-03 	 Future toggles: 0 	 Past toggles: 1 	 Toggled: [[1, array([107], dtype=int64), array([[False]])]] 	 class: [5 7]
11:18:29,659 root DEBUG Side: ON	 Angle(dx0, dx): 9.99 deg 	 Angle(n, nold): 11.05 deg 	 Distance in patch: 3.661E-02 	 Total distance: 4.633E-02 	 Future toggles: 0 	 Past toggles: 2 	 Toggled: [[1, array([188], dtype=int64), array([[False]])]] 	 class: [5 7]
11:18:29,998 root DEBUG Side: ON	 Angle(dx0, dx): 0.28 deg 	 Angle(n, nold): 0.00 deg 	 Distance in patch: 1.821E-02 	 Total distance: 6.455E-02 	 Future toggles: 0 	 Past toggles: 3 	 Toggled: [[2, array([122], dtype=int64), array([[False]])]] 	 class: [5 7]
11:18:30,288 root DEBUG Side: ON	 Angle(dx0, dx): 2.45 deg 	 Angle(n, nold): 0.00 deg 	 Distance in patch: 7.292E-02 	 Total distance: 1.375E-01 	 Future toggles: 0 	 Past toggles: 4 	 Toggled: [[2, array([85], dtype=int64), array([[False]])]] 	 class: [5 7]
11:18:30,571 root DEBUG Side: ON	 Angle(dx0, dx): 0.68 deg 	 Angle(n, nold): 0.64 deg 	 Distance in patch: 1.592E-02 	 Total distance: 1.534E-01 	 Future toggles: 0 	 Past toggles: 5 	 Toggled: [[1, array([59], dtype=int64), array([[False]])]] 	 class: [5 7]
11:18:30,892 root DEBUG Side: ON	 Angle(dx0, dx): 2.58 deg 	 Angle(n, nold): 0.00 deg 	 Distance in patch: 2.417E-02 	 Total distance: 1.776E-01 	 Future toggles: 0 	 Past toggles: 6 	 Toggled: [[2, array([121], dtype=int64), array([[ True]])]] 	 class: [5 7]
11:18:31,264 root DEBUG Side: ON	 Angle(dx0, dx): 1.15 deg 	 Angle(n, nold): 0.00 deg 	 Distance in patch: 3.575E-02 	 Total distance: 2.133E-01 	 Future toggles: 1 	 Past toggles: 1 	 Toggled: [[3, array([132], dtype=int64), array([[ True]])]] 	 class: [5 7]
11:18:31,835 root DEBUG Side: OFF	 Angle(dx0, dx): 1.45 deg 	 Angle(n, nold): 12.28 deg 	 Distance in patch: 4.249E-02 	 Total distance: 4.249E-02 	 Future toggles: 1 	 Past toggles: 1 	 Toggled: [[3, array([127], dtype=int64), array([[ True]])]] 	 class: [5 7]
11:18:31,836 root DEBUG Check patch-by-patch distances for success (dOFF_patch>dON_patch) and ratio (dOFF_patch/dON_patch):
11:18:31,836 root DEBUG 	 nT= 1  	 success?   False    	 (dON-dOFF)/|dON+dOFF|: -66.78 	 cIDON = [5 7], cIDOFF = [5 7]
11:18:31,836 root DEBUG ===> #(dOFF_patch>dON_patch) = 0/1 = 0.00%
11:18:31,836 root DEBUG dOFF/dON = 0.2
11:18:31,836 root DEBUG {'CHOOSE_DX': 'along_decision_boundary', 'dxONAngle': 81.90949318946411, 'dON1': 0.21331367251369276, 'cIDON1': array([5, 7], dtype=int64), 'dON_patch_1': 0.21331367251369276, 'nTON': 1, 'dON': 0.21331367251369276, 'dxOFFAngle': 77.72507976761172, 'dOFF1': 0.04249347503167498, 'cIDOFF1': array([5, 7], dtype=int64), 'dOFF_patch_1': 0.04249347503167498, 'nTOFF': 1, 'dOFF': 0.04249347503167498, 'SUCCESS': False}
11:18:31,889 root DEBUG 

=================== Experiment ID #8 	 Dual Point ID: 9 ===================
11:18:31,920 root DEBUG CONTROL: 	 OK! 	 (target neuron output < tolerance: |1.481E-08|<1.000E-06)
11:18:31,920 root DEBUG CONTROL DUAL POINT: Check that target neuron output < tolerance ({tol:.3E}) at x_dual.
11:18:32,490 root DEBUG Side: ON	 Angle(dx0, dx): 3.09 deg 	 Angle(n, nold): 0.00 deg 	 Distance in patch: 1.026E-02 	 Total distance: 1.026E-02 	 Future toggles: 1 	 Past toggles: 1 	 Toggled: [[3, array([194], dtype=int64), array([[False]])]] 	 class: [4 7]
11:18:32,955 root DEBUG Side: OFF	 Angle(dx0, dx): 0.75 deg 	 Angle(n, nold): 0.00 deg 	 Distance in patch: 3.629E-03 	 Total distance: 3.629E-03 	 Future toggles: 0 	 Past toggles: 1 	 Toggled: [[2, array([165], dtype=int64), array([[False]])]] 	 class: [4 7]
11:18:33,260 root DEBUG Side: OFF	 Angle(dx0, dx): 5.79 deg 	 Angle(n, nold): 0.00 deg 	 Distance in patch: 1.390E-02 	 Total distance: 1.753E-02 	 Future toggles: 1 	 Past toggles: 1 	 Toggled: [[3, array([151], dtype=int64), array([[ True]])]] 	 class: [4 7]
11:18:33,260 root DEBUG Check patch-by-patch distances for success (dOFF_patch>dON_patch) and ratio (dOFF_patch/dON_patch):
11:18:33,260 root DEBUG 	 nT= 1  	 success?    True    	 (dON-dOFF)/|dON+dOFF|: 26.17 	 cIDON = [4 7], cIDOFF = [4 7]
11:18:33,260 root DEBUG ===> #(dOFF_patch>dON_patch) = 1/1 = 100.00%
11:18:33,260 root DEBUG dOFF/dON = 1.7
11:18:33,260 root DEBUG {'CHOOSE_DX': 'along_decision_boundary', 'dxONAngle': 72.16522774946017, 'dON1': 0.010259006257402819, 'cIDON1': array([4, 7], dtype=int64), 'dON_patch_1': 0.010259006257402819, 'nTON': 1, 'dON': 0.010259006257402819, 'dxOFFAngle': 88.43032850488858, 'dOFF1': 0.017531846947350202, 'cIDOFF1': array([4, 7], dtype=int64), 'dOFF_patch_1': 0.017531846947350202, 'nTOFF': 1, 'dOFF': 0.017531846947350202, 'SUCCESS': True}
11:18:33,304 root DEBUG 

=================== Experiment ID #9 	 Dual Point ID: 10 ===================
11:18:33,336 root DEBUG CONTROL: 	 OK! 	 (target neuron output < tolerance: |7.100E-08|<1.000E-06)
11:18:33,336 root DEBUG CONTROL DUAL POINT: Check that target neuron output < tolerance ({tol:.3E}) at x_dual.
11:18:33,980 root DEBUG Side: ON	 Angle(dx0, dx): 0.98 deg 	 Angle(n, nold): 0.00 deg 	 Distance in patch: 2.515E-02 	 Total distance: 2.515E-02 	 Future toggles: 0 	 Past toggles: 1 	 Toggled: [[2, array([158], dtype=int64), array([[ True]])]] 	 class: [4 6]
11:18:34,334 root DEBUG Side: ON	 Angle(dx0, dx): 0.56 deg 	 Angle(n, nold): 0.00 deg 	 Distance in patch: 3.895E-02 	 Total distance: 6.409E-02 	 Future toggles: 0 	 Past toggles: 2 	 Toggled: [[2, array([232], dtype=int64), array([[ True]])]] 	 class: [4 6]
11:18:34,623 root DEBUG Side: ON	 Angle(dx0, dx): 0.74 deg 	 Angle(n, nold): 0.73 deg 	 Distance in patch: 7.314E-02 	 Total distance: 1.372E-01 	 Future toggles: 0 	 Past toggles: 3 	 Toggled: [[1, array([3], dtype=int64), array([[ True]])]] 	 class: [4 6]
11:18:34,909 root DEBUG Side: ON	 Angle(dx0, dx): 0.11 deg 	 Angle(n, nold): 0.00 deg 	 Distance in patch: 3.074E-02 	 Total distance: 1.680E-01 	 Future toggles: 0 	 Past toggles: 4 	 Toggled: [[2, array([77], dtype=int64), array([[ True]])]] 	 class: [4 6]
11:18:35,203 root DEBUG Side: ON	 Angle(dx0, dx): 11.77 deg 	 Angle(n, nold): 12.16 deg 	 Distance in patch: 2.153E-02 	 Total distance: 1.895E-01 	 Future toggles: 0 	 Past toggles: 5 	 Toggled: [[1, array([50], dtype=int64), array([[ True]])]] 	 class: [4 6]
11:18:35,583 root DEBUG Side: ON	 Angle(dx0, dx): 0.11 deg 	 Angle(n, nold): 0.00 deg 	 Distance in patch: 5.765E-02 	 Total distance: 2.472E-01 	 Future toggles: 0 	 Past toggles: 6 	 Toggled: [[2, array([77], dtype=int64), array([[False]])]] 	 class: [4 6]
11:18:36,9 root DEBUG Side: ON	 Angle(dx0, dx): 2.10 deg 	 Angle(n, nold): 0.00 deg 	 Distance in patch: 1.039E-01 	 Total distance: 3.510E-01 	 Future toggles: 0 	 Past toggles: 7 	 Toggled: [[2, array([116], dtype=int64), array([[False]])]] 	 class: [4 6]
11:18:36,303 root DEBUG Side: ON	 Angle(dx0, dx): 1.38 deg 	 Angle(n, nold): 0.00 deg 	 Distance in patch: 1.002E-01 	 Total distance: 4.512E-01 	 Future toggles: 0 	 Past toggles: 8 	 Toggled: [[2, array([110], dtype=int64), array([[False]])]] 	 class: [4 6]
11:18:36,647 root DEBUG Side: ON	 Angle(dx0, dx): 3.43 deg 	 Angle(n, nold): 0.00 deg 	 Distance in patch: 1.201E-01 	 Total distance: 5.713E-01 	 Future toggles: 1 	 Past toggles: 1 	 Toggled: [[3, array([65], dtype=int64), array([[False]])]] 	 class: [4 6]
11:18:37,259 root DEBUG Side: OFF	 Angle(dx0, dx): 0.63 deg 	 Angle(n, nold): 12.22 deg 	 Distance in patch: 6.301E-02 	 Total distance: 6.301E-02 	 Future toggles: 0 	 Past toggles: 1 	 Toggled: [[1, array([17], dtype=int64), array([[ True]])]] 	 class: [4 6]
11:18:37,596 root DEBUG Side: OFF	 Angle(dx0, dx): 5.18 deg 	 Angle(n, nold): 0.00 deg 	 Distance in patch: 9.865E-02 	 Total distance: 1.617E-01 	 Future toggles: 1 	 Past toggles: 1 	 Toggled: [[4, array([22], dtype=int64), array([[ True]])]] 	 class: [4 6]
11:18:37,596 root DEBUG Check patch-by-patch distances for success (dOFF_patch>dON_patch) and ratio (dOFF_patch/dON_patch):
11:18:37,596 root DEBUG 	 nT= 1  	 success?   False    	 (dON-dOFF)/|dON+dOFF|: -55.89 	 cIDON = [4 6], cIDOFF = [4 6]
11:18:37,597 root DEBUG ===> #(dOFF_patch>dON_patch) = 0/1 = 0.00%
11:18:37,597 root DEBUG dOFF/dON = 0.3
11:18:37,597 root DEBUG {'CHOOSE_DX': 'along_decision_boundary', 'dxONAngle': 78.48021995937629, 'dON1': 0.5713261601733945, 'cIDON1': array([4, 6], dtype=int64), 'dON_patch_1': 0.5713261601733945, 'nTON': 1, 'dON': 0.5713261601733945, 'dxOFFAngle': 76.48077589556124, 'dOFF1': 0.16166862395477966, 'cIDOFF1': array([4, 6], dtype=int64), 'dOFF_patch_1': 0.16166862395477966, 'nTOFF': 1, 'dOFF': 0.16166862395477966, 'SUCCESS': False}
11:18:37,719 root DEBUG 

=================== Experiment ID #10 	 Dual Point ID: 11 ===================
11:18:37,751 root DEBUG CONTROL: 	 OK! 	 (target neuron output < tolerance: |3.696E-07|<1.000E-06)
11:18:37,751 root DEBUG CONTROL DUAL POINT: Check that target neuron output < tolerance ({tol:.3E}) at x_dual.
11:18:38,241 root DEBUG Side: ON	 Angle(dx0, dx): 0.91 deg 	 Angle(n, nold): 0.00 deg 	 Distance in patch: 1.387E-02 	 Total distance: 1.387E-02 	 Future toggles: 1 	 Past toggles: 1 	 Toggled: [[3, array([95], dtype=int64), array([[ True]])]] 	 class: [2 6]
11:18:38,752 root DEBUG Side: OFF	 Angle(dx0, dx): 0.80 deg 	 Angle(n, nold): 0.00 deg 	 Distance in patch: 1.025E-01 	 Total distance: 1.025E-01 	 Future toggles: 0 	 Past toggles: 1 	 Toggled: [[2, array([179], dtype=int64), array([[ True]])]] 	 class: [2 6]
11:18:39,73 root DEBUG Side: OFF	 Angle(dx0, dx): 0.74 deg 	 Angle(n, nold): 0.00 deg 	 Distance in patch: 3.980E-02 	 Total distance: 1.423E-01 	 Future toggles: 0 	 Past toggles: 2 	 Toggled: [[2, array([239], dtype=int64), array([[False]])]] 	 class: [2 6]
11:18:39,397 root DEBUG Side: OFF	 Angle(dx0, dx): 0.86 deg 	 Angle(n, nold): 0.00 deg 	 Distance in patch: 9.121E-02 	 Total distance: 2.336E-01 	 Future toggles: 0 	 Past toggles: 3 	 Toggled: [[2, array([254], dtype=int64), array([[ True]])]] 	 class: [2 6]
11:18:39,729 root DEBUG Side: OFF	 Angle(dx0, dx): 0.22 deg 	 Angle(n, nold): 0.00 deg 	 Distance in patch: 3.819E-02 	 Total distance: 2.718E-01 	 Future toggles: 0 	 Past toggles: 4 	 Toggled: [[2, array([243], dtype=int64), array([[ True]])]] 	 class: [2 6]
11:18:40,36 root DEBUG Side: OFF	 Angle(dx0, dx): 1.23 deg 	 Angle(n, nold): 0.00 deg 	 Distance in patch: 8.043E-02 	 Total distance: 3.522E-01 	 Future toggles: 1 	 Past toggles: 1 	 Toggled: [[3, array([157], dtype=int64), array([[ True]])]] 	 class: [2 6]
11:18:40,36 root DEBUG Check patch-by-patch distances for success (dOFF_patch>dON_patch) and ratio (dOFF_patch/dON_patch):
11:18:40,37 root DEBUG 	 nT= 1  	 success?    True    	 (dON-dOFF)/|dON+dOFF|: 92.42 	 cIDON = [2 6], cIDOFF = [2 6]
11:18:40,37 root DEBUG ===> #(dOFF_patch>dON_patch) = 1/1 = 100.00%
11:18:40,37 root DEBUG dOFF/dON = 25.4
11:18:40,37 root DEBUG {'CHOOSE_DX': 'along_decision_boundary', 'dxONAngle': 79.18794783730809, 'dON1': 0.01387421484206302, 'cIDON1': array([2, 6], dtype=int64), 'dON_patch_1': 0.01387421484206302, 'nTON': 1, 'dON': 0.01387421484206302, 'dxOFFAngle': 85.97437957185564, 'dOFF1': 0.3521794643430881, 'cIDOFF1': array([2, 6], dtype=int64), 'dOFF_patch_1': 0.3521794643430881, 'nTOFF': 1, 'dOFF': 0.3521794643430881, 'SUCCESS': True}
11:18:40,108 root DEBUG 

=================== Experiment ID #11 	 Dual Point ID: 12 ===================
11:18:40,139 root DEBUG CONTROL: 	 OK! 	 (target neuron output < tolerance: |5.349E-07|<1.000E-06)
11:18:40,139 root DEBUG CONTROL DUAL POINT: Check that target neuron output < tolerance ({tol:.3E}) at x_dual.
11:18:40,677 root DEBUG Side: ON	 Angle(dx0, dx): 3.23 deg 	 Angle(n, nold): 0.00 deg 	 Distance in patch: 2.496E-02 	 Total distance: 2.496E-02 	 Future toggles: 0 	 Past toggles: 1 	 Toggled: [[2, array([230], dtype=int64), array([[False]])]] 	 class: [3 9]
11:18:41,43 root DEBUG Side: ON	 Angle(dx0, dx): 0.07 deg 	 Angle(n, nold): 0.00 deg 	 Distance in patch: 1.197E-02 	 Total distance: 3.693E-02 	 Future toggles: 0 	 Past toggles: 2 	 Toggled: [[2, array([8], dtype=int64), array([[ True]])]] 	 class: [3 9]
11:18:41,374 root DEBUG Side: ON	 Angle(dx0, dx): 0.12 deg 	 Angle(n, nold): 0.00 deg 	 Distance in patch: 1.773E-03 	 Total distance: 3.870E-02 	 Future toggles: 0 	 Past toggles: 3 	 Toggled: [[2, array([34], dtype=int64), array([[ True]])]] 	 class: [3 9]
11:18:41,644 root DEBUG Side: ON	 Angle(dx0, dx): 19.32 deg 	 Angle(n, nold): 0.00 deg 	 Distance in patch: 2.143E-02 	 Total distance: 6.013E-02 	 Future toggles: 1 	 Past toggles: 1 	 Toggled: [[5, array([0, 3], dtype=int64), array([[1.],
       [0.]])]] 	 class: [0 9]
11:18:42,155 root DEBUG Side: OFF	 Angle(dx0, dx): 0.53 deg 	 Angle(n, nold): 0.00 deg 	 Distance in patch: 2.265E-02 	 Total distance: 2.265E-02 	 Future toggles: 0 	 Past toggles: 1 	 Toggled: [[2, array([10], dtype=int64), array([[False]])]] 	 class: [3 9]
11:18:42,468 root DEBUG Side: OFF	 Angle(dx0, dx): 1.03 deg 	 Angle(n, nold): 0.00 deg 	 Distance in patch: 5.387E-02 	 Total distance: 7.653E-02 	 Future toggles: 0 	 Past toggles: 2 	 Toggled: [[2, array([41], dtype=int64), array([[ True]])]] 	 class: [3 9]
11:18:42,739 root DEBUG Side: OFF	 Angle(dx0, dx): 1.96 deg 	 Angle(n, nold): 0.00 deg 	 Distance in patch: 1.997E-01 	 Total distance: 2.762E-01 	 Future toggles: 1 	 Past toggles: 1 	 Toggled: [[3, array([130], dtype=int64), array([[False]])]] 	 class: [3 9]
11:18:42,739 root DEBUG Check patch-by-patch distances for success (dOFF_patch>dON_patch) and ratio (dOFF_patch/dON_patch):
11:18:42,739 root DEBUG 	 nT= 1  	 success?    True    	 (dON-dOFF)/|dON+dOFF|: 64.24 	 cIDON = [3 9], cIDOFF = [3 9]
11:18:42,739 root DEBUG ===> #(dOFF_patch>dON_patch) = 1/1 = 100.00%
11:18:42,740 root DEBUG dOFF/dON = 4.6
11:18:42,740 root DEBUG {'CHOOSE_DX': 'along_decision_boundary', 'dxONAngle': 81.22143978782408, 'dON1': 0.060129893524773693, 'cIDON1': array([3, 9], dtype=int64), 'dON_patch_1': 0.060129893524773693, 'nTON': 1, 'dON': 0.060129893524773693, 'dxOFFAngle': 87.25585610319976, 'dOFF1': 0.2761895888993814, 'cIDOFF1': array([3, 9], dtype=int64), 'dOFF_patch_1': 0.2761895888993814, 'nTOFF': 1, 'dOFF': 0.2761895888993814, 'SUCCESS': True}
11:18:42,793 root DEBUG 

=================== Experiment ID #12 	 Dual Point ID: 13 ===================
11:18:42,823 root DEBUG CONTROL: 	 WARNING! 	 (target neuron output > tolerance: |1.037E-06|>1.000E-06)
11:18:42,823 root DEBUG CONTROL DUAL POINT: Check that target neuron output < tolerance ({tol:.3E}) at x_dual.
11:18:42,823 root DEBUG CONTROL DUAL POINT: Check that target neuron output < tolerance ({tol:.3E}) at x_dual.
11:18:42,881 root DEBUG 

=================== Experiment ID #12 	 Dual Point ID: 14 ===================
11:18:42,911 root DEBUG CONTROL: 	 OK! 	 (target neuron output < tolerance: |5.417E-08|<1.000E-06)
11:18:42,911 root DEBUG CONTROL DUAL POINT: Check that target neuron output < tolerance ({tol:.3E}) at x_dual.
11:18:43,413 root DEBUG Side: ON	 Angle(dx0, dx): 2.98 deg 	 Angle(n, nold): 0.00 deg 	 Distance in patch: 5.285E-02 	 Total distance: 5.285E-02 	 Future toggles: 1 	 Past toggles: 1 	 Toggled: [[4, array([16], dtype=int64), array([[False]])]] 	 class: [2 5]
11:18:43,953 root DEBUG Side: OFF	 Angle(dx0, dx): 0.31 deg 	 Angle(n, nold): 0.00 deg 	 Distance in patch: 2.804E-02 	 Total distance: 2.804E-02 	 Future toggles: 0 	 Past toggles: 1 	 Toggled: [[2, array([116], dtype=int64), array([[False]])]] 	 class: [2 5]
11:18:44,279 root DEBUG Side: OFF	 Angle(dx0, dx): 0.28 deg 	 Angle(n, nold): 0.00 deg 	 Distance in patch: 2.235E-02 	 Total distance: 5.039E-02 	 Future toggles: 1 	 Past toggles: 1 	 Toggled: [[4, array([3], dtype=int64), array([[False]])]] 	 class: [2 5]
11:18:44,279 root DEBUG Check patch-by-patch distances for success (dOFF_patch>dON_patch) and ratio (dOFF_patch/dON_patch):
11:18:44,279 root DEBUG 	 nT= 1  	 success?   False    	 (dON-dOFF)/|dON+dOFF|: -2.38 	 cIDON = [2 5], cIDOFF = [2 5]
11:18:44,279 root DEBUG ===> #(dOFF_patch>dON_patch) = 0/1 = 0.00%
11:18:44,279 root DEBUG dOFF/dON = 1.0
11:18:44,279 root DEBUG {'CHOOSE_DX': 'along_decision_boundary', 'dxONAngle': 86.60475411134259, 'dON1': 0.0528471595972834, 'cIDON1': array([2, 5], dtype=int64), 'dON_patch_1': 0.0528471595972834, 'nTON': 1, 'dON': 0.0528471595972834, 'dxOFFAngle': 88.20140653399918, 'dOFF1': 0.05038985186186773, 'cIDOFF1': array([2, 5], dtype=int64), 'dOFF_patch_1': 0.05038985186186773, 'nTOFF': 1, 'dOFF': 0.05038985186186773, 'SUCCESS': False}
11:18:44,356 root DEBUG 

=================== Experiment ID #13 	 Dual Point ID: 15 ===================
11:18:44,386 root DEBUG CONTROL: 	 OK! 	 (target neuron output < tolerance: |4.049E-07|<1.000E-06)
11:18:44,386 root DEBUG CONTROL DUAL POINT: Check that target neuron output < tolerance ({tol:.3E}) at x_dual.
11:18:44,936 root DEBUG Side: ON	 Angle(dx0, dx): 2.94 deg 	 Angle(n, nold): 0.00 deg 	 Distance in patch: 5.453E-02 	 Total distance: 5.453E-02 	 Future toggles: 1 	 Past toggles: 1 	 Toggled: [[3, array([211], dtype=int64), array([[ True]])]] 	 class: [3 4]
11:18:45,420 root DEBUG Side: OFF	 Angle(dx0, dx): 7.43 deg 	 Angle(n, nold): 9.63 deg 	 Distance in patch: 5.036E-02 	 Total distance: 5.036E-02 	 Future toggles: 0 	 Past toggles: 1 	 Toggled: [[1, array([2], dtype=int64), array([[ True]])]] 	 class: [3 4]
11:18:45,685 root DEBUG Side: OFF	 Angle(dx0, dx): 22.33 deg 	 Angle(n, nold): 0.00 deg 	 Distance in patch: 1.782E-02 	 Total distance: 6.817E-02 	 Future toggles: 1 	 Past toggles: 1 	 Toggled: [[5, array([4, 6], dtype=int64), array([[0.],
       [1.]])]] 	 class: [3 6]
11:18:45,685 root DEBUG Check patch-by-patch distances for success (dOFF_patch>dON_patch) and ratio (dOFF_patch/dON_patch):
11:18:45,685 root DEBUG 	 nT= 1  	 success?    True    	 (dON-dOFF)/|dON+dOFF|: 11.12 	 cIDON = [3 4], cIDOFF = [3 4]
11:18:45,685 root DEBUG ===> #(dOFF_patch>dON_patch) = 1/1 = 100.00%
11:18:45,685 root DEBUG dOFF/dON = 1.3
11:18:45,685 root DEBUG {'CHOOSE_DX': 'along_decision_boundary', 'dxONAngle': 70.0930225755658, 'dON1': 0.054525584084562914, 'cIDON1': array([3, 4], dtype=int64), 'dON_patch_1': 0.054525584084562914, 'nTON': 1, 'dON': 0.054525584084562914, 'dxOFFAngle': 70.53893937152795, 'dOFF1': 0.06817323490268182, 'cIDOFF1': array([3, 4], dtype=int64), 'dOFF_patch_1': 0.06817323490268182, 'nTOFF': 1, 'dOFF': 0.06817323490268182, 'SUCCESS': True}
11:18:45,787 root DEBUG 

=================== Experiment ID #14 	 Dual Point ID: 16 ===================
11:18:45,854 root DEBUG CONTROL: 	 OK! 	 (target neuron output < tolerance: |1.214E-07|<1.000E-06)
11:18:45,854 root DEBUG CONTROL DUAL POINT: Check that target neuron output < tolerance ({tol:.3E}) at x_dual.
11:18:46,463 root DEBUG Side: ON	 Angle(dx0, dx): 1.03 deg 	 Angle(n, nold): 0.00 deg 	 Distance in patch: 1.419E-02 	 Total distance: 1.419E-02 	 Future toggles: 1 	 Past toggles: 1 	 Toggled: [[3, array([155], dtype=int64), array([[False]])]] 	 class: [2 6]
11:18:46,966 root DEBUG Side: OFF	 Angle(dx0, dx): 1.58 deg 	 Angle(n, nold): 0.00 deg 	 Distance in patch: 1.223E-02 	 Total distance: 1.223E-02 	 Future toggles: 0 	 Past toggles: 1 	 Toggled: [[2, array([182], dtype=int64), array([[False]])]] 	 class: [2 6]
11:18:47,232 root DEBUG Side: OFF	 Angle(dx0, dx): 2.02 deg 	 Angle(n, nold): 0.00 deg 	 Distance in patch: 3.394E-03 	 Total distance: 1.563E-02 	 Future toggles: 1 	 Past toggles: 1 	 Toggled: [[4, array([56], dtype=int64), array([[ True]])]] 	 class: [2 6]
11:18:47,233 root DEBUG Check patch-by-patch distances for success (dOFF_patch>dON_patch) and ratio (dOFF_patch/dON_patch):
11:18:47,233 root DEBUG 	 nT= 1  	 success?    True    	 (dON-dOFF)/|dON+dOFF|: 4.83 	 cIDON = [2 6], cIDOFF = [2 6]
11:18:47,233 root DEBUG ===> #(dOFF_patch>dON_patch) = 1/1 = 100.00%
11:18:47,233 root DEBUG dOFF/dON = 1.1
11:18:47,233 root DEBUG {'CHOOSE_DX': 'along_decision_boundary', 'dxONAngle': 76.01777972607744, 'dON1': 0.014187657948927809, 'cIDON1': array([2, 6], dtype=int64), 'dON_patch_1': 0.014187657948927809, 'nTON': 1, 'dON': 0.014187657948927809, 'dxOFFAngle': 84.63817947730475, 'dOFF1': 0.015626504601940226, 'cIDOFF1': array([2, 6], dtype=int64), 'dOFF_patch_1': 0.015626504601940226, 'nTOFF': 1, 'dOFF': 0.015626504601940226, 'SUCCESS': True}
11:18:47,300 root DEBUG 

=================== Experiment ID #15 	 Dual Point ID: 17 ===================
11:18:47,332 root DEBUG CONTROL: 	 OK! 	 (target neuron output < tolerance: |5.418E-07|<1.000E-06)
11:18:47,332 root DEBUG CONTROL DUAL POINT: Check that target neuron output < tolerance ({tol:.3E}) at x_dual.
11:18:47,941 root DEBUG Side: ON	 Angle(dx0, dx): 0.81 deg 	 Angle(n, nold): 0.00 deg 	 Distance in patch: 9.128E-03 	 Total distance: 9.128E-03 	 Future toggles: 1 	 Past toggles: 1 	 Toggled: [[3, array([167], dtype=int64), array([[ True]])]] 	 class: [3 7]
11:18:48,547 root DEBUG Side: OFF	 Angle(dx0, dx): 0.26 deg 	 Angle(n, nold): 0.00 deg 	 Distance in patch: 6.000E-02 	 Total distance: 6.000E-02 	 Future toggles: 0 	 Past toggles: 1 	 Toggled: [[2, array([241], dtype=int64), array([[ True]])]] 	 class: [3 7]
11:18:48,839 root DEBUG Side: OFF	 Angle(dx0, dx): 5.52 deg 	 Angle(n, nold): 5.09 deg 	 Distance in patch: 3.615E-02 	 Total distance: 9.615E-02 	 Future toggles: 0 	 Past toggles: 2 	 Toggled: [[1, array([112], dtype=int64), array([[False]])]] 	 class: [3 7]
11:18:49,171 root DEBUG Side: OFF	 Angle(dx0, dx): 11.57 deg 	 Angle(n, nold): 11.72 deg 	 Distance in patch: 1.591E-02 	 Total distance: 1.121E-01 	 Future toggles: 0 	 Past toggles: 3 	 Toggled: [[1, array([234], dtype=int64), array([[False]])]] 	 class: [3 7]
11:18:49,524 root DEBUG Side: OFF	 Angle(dx0, dx): 0.31 deg 	 Angle(n, nold): 0.00 deg 	 Distance in patch: 5.262E-02 	 Total distance: 1.647E-01 	 Future toggles: 0 	 Past toggles: 4 	 Toggled: [[2, array([197], dtype=int64), array([[ True]])]] 	 class: [3 7]
11:18:49,927 root DEBUG Side: OFF	 Angle(dx0, dx): 0.16 deg 	 Angle(n, nold): 0.00 deg 	 Distance in patch: 9.363E-02 	 Total distance: 2.583E-01 	 Future toggles: 0 	 Past toggles: 5 	 Toggled: [[2, array([244], dtype=int64), array([[False]])]] 	 class: [3 7]
11:18:50,217 root DEBUG Side: OFF	 Angle(dx0, dx): 3.64 deg 	 Angle(n, nold): 3.99 deg 	 Distance in patch: 4.421E-02 	 Total distance: 3.025E-01 	 Future toggles: 0 	 Past toggles: 6 	 Toggled: [[1, array([27], dtype=int64), array([[False]])]] 	 class: [3 7]
11:18:50,505 root DEBUG Side: OFF	 Angle(dx0, dx): 0.94 deg 	 Angle(n, nold): 0.00 deg 	 Distance in patch: 4.930E-03 	 Total distance: 3.075E-01 	 Future toggles: 1 	 Past toggles: 1 	 Toggled: [[3, array([99], dtype=int64), array([[ True]])]] 	 class: [3 7]
11:18:50,506 root DEBUG Check patch-by-patch distances for success (dOFF_patch>dON_patch) and ratio (dOFF_patch/dON_patch):
11:18:50,506 root DEBUG 	 nT= 1  	 success?    True    	 (dON-dOFF)/|dON+dOFF|: 94.23 	 cIDON = [3 7], cIDOFF = [3 7]
11:18:50,506 root DEBUG ===> #(dOFF_patch>dON_patch) = 1/1 = 100.00%
11:18:50,506 root DEBUG dOFF/dON = 33.7
11:18:50,506 root DEBUG {'CHOOSE_DX': 'along_decision_boundary', 'dxONAngle': 88.39468717554487, 'dON1': 0.009127561083274636, 'cIDON1': array([3, 7], dtype=int64), 'dON_patch_1': 0.009127561083274636, 'nTON': 1, 'dON': 0.009127561083274636, 'dxOFFAngle': 85.753167145645, 'dOFF1': 0.3074593352734003, 'cIDOFF1': array([3, 7], dtype=int64), 'dOFF_patch_1': 0.3074593352734003, 'nTOFF': 1, 'dOFF': 0.3074593352734003, 'SUCCESS': True}
11:18:50,921 root DEBUG 

=================== Experiment ID #16 	 Dual Point ID: 18 ===================
11:18:50,952 root DEBUG CONTROL: 	 OK! 	 (target neuron output < tolerance: |2.012E-07|<1.000E-06)
11:18:50,952 root DEBUG CONTROL DUAL POINT: Check that target neuron output < tolerance ({tol:.3E}) at x_dual.
11:18:51,492 root DEBUG Side: ON	 Angle(dx0, dx): 0.86 deg 	 Angle(n, nold): 0.00 deg 	 Distance in patch: 3.100E-02 	 Total distance: 3.100E-02 	 Future toggles: 0 	 Past toggles: 1 	 Toggled: [[2, array([85], dtype=int64), array([[False]])]] 	 class: [3 6]
11:18:51,834 root DEBUG Side: ON	 Angle(dx0, dx): 0.17 deg 	 Angle(n, nold): 0.08 deg 	 Distance in patch: 3.561E-02 	 Total distance: 6.661E-02 	 Future toggles: 0 	 Past toggles: 2 	 Toggled: [[1, array([36], dtype=int64), array([[ True]])]] 	 class: [3 6]
11:18:52,170 root DEBUG Side: ON	 Angle(dx0, dx): 1.51 deg 	 Angle(n, nold): 0.00 deg 	 Distance in patch: 3.414E-02 	 Total distance: 1.007E-01 	 Future toggles: 0 	 Past toggles: 3 	 Toggled: [[2, array([207], dtype=int64), array([[False]])]] 	 class: [3 6]
11:18:52,556 root DEBUG Side: ON	 Angle(dx0, dx): 3.29 deg 	 Angle(n, nold): 0.00 deg 	 Distance in patch: 3.939E-02 	 Total distance: 1.401E-01 	 Future toggles: 0 	 Past toggles: 4 	 Toggled: [[2, array([157], dtype=int64), array([[ True]])]] 	 class: [3 6]
11:18:52,907 root DEBUG Side: ON	 Angle(dx0, dx): 5.95 deg 	 Angle(n, nold): 0.00 deg 	 Distance in patch: 3.438E-03 	 Total distance: 1.436E-01 	 Future toggles: 1 	 Past toggles: 1 	 Toggled: [[3, array([42], dtype=int64), array([[False]])]] 	 class: [3 6]
11:18:53,449 root DEBUG Side: OFF	 Angle(dx0, dx): 1.65 deg 	 Angle(n, nold): 0.08 deg 	 Distance in patch: 1.123E-01 	 Total distance: 1.123E-01 	 Future toggles: 1 	 Past toggles: 1 	 Toggled: [[3, array([145], dtype=int64), array([[ True]])]] 	 class: [3 6]
11:18:53,449 root DEBUG Check patch-by-patch distances for success (dOFF_patch>dON_patch) and ratio (dOFF_patch/dON_patch):
11:18:53,449 root DEBUG 	 nT= 1  	 success?   False    	 (dON-dOFF)/|dON+dOFF|: -12.21 	 cIDON = [3 6], cIDOFF = [3 6]
11:18:53,449 root DEBUG ===> #(dOFF_patch>dON_patch) = 0/1 = 0.00%
11:18:53,449 root DEBUG dOFF/dON = 0.8
11:18:53,449 root DEBUG {'CHOOSE_DX': 'along_decision_boundary', 'dxONAngle': 77.12830574957826, 'dON1': 0.1435752412195792, 'cIDON1': array([3, 6], dtype=int64), 'dON_patch_1': 0.1435752412195792, 'nTON': 1, 'dON': 0.1435752412195792, 'dxOFFAngle': 79.6786557385402, 'dOFF1': 0.1123392585563367, 'cIDOFF1': array([3, 6], dtype=int64), 'dOFF_patch_1': 0.1123392585563367, 'nTOFF': 1, 'dOFF': 0.1123392585563367, 'SUCCESS': False}
11:18:53,569 root DEBUG 

=================== Experiment ID #17 	 Dual Point ID: 19 ===================
11:18:53,599 root DEBUG CONTROL: 	 OK! 	 (target neuron output < tolerance: |4.231E-07|<1.000E-06)
11:18:53,599 root DEBUG CONTROL DUAL POINT: Check that target neuron output < tolerance ({tol:.3E}) at x_dual.
11:18:54,159 root DEBUG Side: ON	 Angle(dx0, dx): 1.39 deg 	 Angle(n, nold): 0.00 deg 	 Distance in patch: 5.486E-03 	 Total distance: 5.486E-03 	 Future toggles: 1 	 Past toggles: 1 	 Toggled: [[3, array([45], dtype=int64), array([[False]])]] 	 class: [1 2]
11:18:54,679 root DEBUG Side: OFF	 Angle(dx0, dx): 9.42 deg 	 Angle(n, nold): 9.63 deg 	 Distance in patch: 8.517E-03 	 Total distance: 8.517E-03 	 Future toggles: 0 	 Past toggles: 1 	 Toggled: [[1, array([121], dtype=int64), array([[False]])]] 	 class: [0 2]
11:18:54,961 root DEBUG Side: OFF	 Angle(dx0, dx): 4.69 deg 	 Angle(n, nold): 0.00 deg 	 Distance in patch: 2.390E-02 	 Total distance: 3.241E-02 	 Future toggles: 1 	 Past toggles: 1 	 Toggled: [[4, array([31], dtype=int64), array([[False]])]] 	 class: [0 2]
11:18:54,962 root DEBUG Check patch-by-patch distances for success (dOFF_patch>dON_patch) and ratio (dOFF_patch/dON_patch):
11:18:54,962 root DEBUG 	 nT= 1  	 success?    True    	 (dON-dOFF)/|dON+dOFF|: 71.05 	 cIDON = [1 2], cIDOFF = [0 2]
11:18:54,962 root DEBUG ===> #(dOFF_patch>dON_patch) = 1/1 = 100.00%
11:18:54,962 root DEBUG dOFF/dON = 5.9
11:18:54,962 root DEBUG {'CHOOSE_DX': 'along_decision_boundary', 'dxONAngle': 84.7487027146644, 'dON1': 0.005485553288860633, 'cIDON1': array([1, 2], dtype=int64), 'dON_patch_1': 0.005485553288860633, 'nTON': 1, 'dON': 0.005485553288860633, 'dxOFFAngle': 87.68752634568266, 'dOFF1': 0.032412617748911354, 'cIDOFF1': array([0, 2], dtype=int64), 'dOFF_patch_1': 0.032412617748911354, 'nTOFF': 1, 'dOFF': 0.032412617748911354, 'SUCCESS': True}
11:18:55,182 root DEBUG 

=================== Experiment ID #18 	 Dual Point ID: 20 ===================
11:18:55,214 root DEBUG CONTROL: 	 OK! 	 (target neuron output < tolerance: |5.081E-07|<1.000E-06)
11:18:55,214 root DEBUG CONTROL DUAL POINT: Check that target neuron output < tolerance ({tol:.3E}) at x_dual.
11:18:55,794 root DEBUG Side: ON	 Angle(dx0, dx): 4.59 deg 	 Angle(n, nold): 5.22 deg 	 Distance in patch: 3.165E-03 	 Total distance: 3.165E-03 	 Future toggles: 0 	 Past toggles: 1 	 Toggled: [[1, array([235], dtype=int64), array([[ True]])]] 	 class: [3 6]
11:18:56,16 root DEBUG Side: ON	 Angle(dx0, dx): 4.59 deg 	 Angle(n, nold): 5.22 deg 	 Distance in patch: 5.408E-07 	 Total distance: 3.165E-03 	 Future toggles: 0 	 Past toggles: 1 	 Toggled: [[1, array([235], dtype=int64), array([[False]])]] 	 class: [3 6]
11:18:56,251 root DEBUG Side: ON	 Angle(dx0, dx): 4.59 deg 	 Angle(n, nold): 5.22 deg 	 Distance in patch: 5.411E-07 	 Total distance: 3.166E-03 	 Future toggles: 0 	 Past toggles: 1 	 Toggled: [[1, array([235], dtype=int64), array([[ True]])]] 	 class: [3 6]
11:18:56,493 root DEBUG Side: ON	 Angle(dx0, dx): 4.59 deg 	 Angle(n, nold): 5.22 deg 	 Distance in patch: 2.704E-07 	 Total distance: 3.166E-03 	 Future toggles: 0 	 Past toggles: 1 	 Toggled: [[1, array([235], dtype=int64), array([[False]])]] 	 class: [3 6]
11:18:56,499 root DEBUG Got stuck in too many past-layer relus.
11:18:56,736 root DEBUG DISCARD POINT! No toggles were recorded successfully: results['nTON']=0, results['nTOFF']=0.
11:18:56,737 root DEBUG DISCARD POINT! No toggles were recorded successfully: results['nTON']=0, results['nTOFF']=0.
11:18:56,908 root DEBUG 

=================== Experiment ID #18 	 Dual Point ID: 21 ===================
11:18:56,958 root DEBUG CONTROL: 	 OK! 	 (target neuron output < tolerance: |6.182E-07|<1.000E-06)
11:18:56,959 root DEBUG CONTROL DUAL POINT: Check that target neuron output < tolerance ({tol:.3E}) at x_dual.
11:18:57,552 root DEBUG Side: ON	 Angle(dx0, dx): 1.45 deg 	 Angle(n, nold): 0.00 deg 	 Distance in patch: 1.194E-01 	 Total distance: 1.194E-01 	 Future toggles: 0 	 Past toggles: 1 	 Toggled: [[2, array([42], dtype=int64), array([[False]])]] 	 class: [3 5]
11:18:57,909 root DEBUG Side: ON	 Angle(dx0, dx): 1.83 deg 	 Angle(n, nold): 1.84 deg 	 Distance in patch: 6.539E-04 	 Total distance: 1.200E-01 	 Future toggles: 0 	 Past toggles: 2 	 Toggled: [[1, array([217], dtype=int64), array([[False]])]] 	 class: [3 5]
11:18:58,232 root DEBUG Side: ON	 Angle(dx0, dx): 2.08 deg 	 Angle(n, nold): 0.00 deg 	 Distance in patch: 5.787E-02 	 Total distance: 1.779E-01 	 Future toggles: 0 	 Past toggles: 3 	 Toggled: [[2, array([56], dtype=int64), array([[False]])]] 	 class: [3 5]
11:18:58,513 root DEBUG Side: ON	 Angle(dx0, dx): 3.33 deg 	 Angle(n, nold): 0.00 deg 	 Distance in patch: 1.083E-02 	 Total distance: 1.887E-01 	 Future toggles: 1 	 Past toggles: 1 	 Toggled: [[4, array([39], dtype=int64), array([[ True]])]] 	 class: [3 5]
11:18:58,991 root DEBUG Side: OFF	 Angle(dx0, dx): 0.18 deg 	 Angle(n, nold): 1.84 deg 	 Distance in patch: 4.528E-02 	 Total distance: 4.528E-02 	 Future toggles: 0 	 Past toggles: 1 	 Toggled: [[2, array([54], dtype=int64), array([[False]])]] 	 class: [3 5]
11:18:59,315 root DEBUG Side: OFF	 Angle(dx0, dx): 1.99 deg 	 Angle(n, nold): 0.00 deg 	 Distance in patch: 7.782E-02 	 Total distance: 1.231E-01 	 Future toggles: 0 	 Past toggles: 2 	 Toggled: [[2, array([217], dtype=int64), array([[False]])]] 	 class: [3 5]
11:18:59,602 root DEBUG Side: OFF	 Angle(dx0, dx): 0.86 deg 	 Angle(n, nold): 0.00 deg 	 Distance in patch: 6.861E-02 	 Total distance: 1.917E-01 	 Future toggles: 0 	 Past toggles: 3 	 Toggled: [[2, array([250], dtype=int64), array([[ True]])]] 	 class: [3 5]
11:18:59,993 root DEBUG Side: OFF	 Angle(dx0, dx): 2.41 deg 	 Angle(n, nold): 0.00 deg 	 Distance in patch: 3.148E-02 	 Total distance: 2.232E-01 	 Future toggles: 1 	 Past toggles: 1 	 Toggled: [[3, array([188], dtype=int64), array([[False]])]] 	 class: [3 5]
11:18:59,993 root DEBUG Check patch-by-patch distances for success (dOFF_patch>dON_patch) and ratio (dOFF_patch/dON_patch):
11:18:59,993 root DEBUG 	 nT= 1  	 success?    True    	 (dON-dOFF)/|dON+dOFF|: 8.37 	 cIDON = [3 5], cIDOFF = [3 5]
11:18:59,993 root DEBUG ===> #(dOFF_patch>dON_patch) = 1/1 = 100.00%
11:18:59,994 root DEBUG dOFF/dON = 1.2
11:18:59,994 root DEBUG {'CHOOSE_DX': 'along_decision_boundary', 'dxONAngle': 82.09828167797117, 'dON1': 0.18871756204129836, 'cIDON1': array([3, 5], dtype=int64), 'dON_patch_1': 0.18871756204129836, 'nTON': 1, 'dON': 0.18871756204129836, 'dxOFFAngle': 81.131408037988, 'dOFF1': 0.22318977805455192, 'cIDOFF1': array([3, 5], dtype=int64), 'dOFF_patch_1': 0.22318977805455192, 'nTOFF': 1, 'dOFF': 0.22318977805455192, 'SUCCESS': True}
11:19:00,55 root DEBUG 

=================== Experiment ID #19 	 Dual Point ID: 22 ===================
11:19:00,87 root DEBUG CONTROL: 	 OK! 	 (target neuron output < tolerance: |1.708E-07|<1.000E-06)
11:19:00,87 root DEBUG CONTROL DUAL POINT: Check that target neuron output < tolerance ({tol:.3E}) at x_dual.
11:19:00,674 root DEBUG Side: ON	 Angle(dx0, dx): 18.97 deg 	 Angle(n, nold): 18.94 deg 	 Distance in patch: 2.385E-02 	 Total distance: 2.385E-02 	 Future toggles: 0 	 Past toggles: 1 	 Toggled: [[1, array([39], dtype=int64), array([[False]])]] 	 class: [8 9]
11:19:00,902 root DEBUG Side: ON	 Angle(dx0, dx): 18.97 deg 	 Angle(n, nold): 18.94 deg 	 Distance in patch: 1.155E-06 	 Total distance: 2.385E-02 	 Future toggles: 0 	 Past toggles: 2 	 Toggled: [[1, array([39], dtype=int64), array([[ True]])]] 	 class: [8 9]
11:19:01,135 root DEBUG Side: ON	 Angle(dx0, dx): 18.97 deg 	 Angle(n, nold): 18.94 deg 	 Distance in patch: 2.841E-07 	 Total distance: 2.385E-02 	 Future toggles: 0 	 Past toggles: 2 	 Toggled: [[1, array([39], dtype=int64), array([[False]])]] 	 class: [8 9]
11:19:01,351 root DEBUG Side: ON	 Angle(dx0, dx): 18.97 deg 	 Angle(n, nold): 18.94 deg 	 Distance in patch: 7.220E-08 	 Total distance: 2.385E-02 	 Future toggles: 0 	 Past toggles: 2 	 Toggled: [[1, array([39], dtype=int64), array([[ True]])]] 	 class: [8 9]
11:19:01,570 root DEBUG Side: ON	 Angle(dx0, dx): 18.97 deg 	 Angle(n, nold): 18.94 deg 	 Distance in patch: 7.103E-08 	 Total distance: 2.385E-02 	 Future toggles: 0 	 Past toggles: 2 	 Toggled: [[1, array([39], dtype=int64), array([[False]])]] 	 class: [8 9]
11:19:01,574 root DEBUG Got stuck in too many past-layer relus.
11:19:01,761 root DEBUG DISCARD POINT! No toggles were recorded successfully: results['nTON']=0, results['nTOFF']=0.
11:19:01,761 root DEBUG DISCARD POINT! No toggles were recorded successfully: results['nTON']=0, results['nTOFF']=0.
11:19:01,837 root DEBUG 

=================== Experiment ID #19 	 Dual Point ID: 23 ===================
11:19:01,867 root DEBUG CONTROL: 	 OK! 	 (target neuron output < tolerance: |8.074E-07|<1.000E-06)
11:19:01,868 root DEBUG CONTROL DUAL POINT: Check that target neuron output < tolerance ({tol:.3E}) at x_dual.
11:19:02,431 root DEBUG Side: ON	 Angle(dx0, dx): 1.68 deg 	 Angle(n, nold): 0.00 deg 	 Distance in patch: 8.276E-02 	 Total distance: 8.276E-02 	 Future toggles: 1 	 Past toggles: 1 	 Toggled: [[3, array([106], dtype=int64), array([[False]])]] 	 class: [2 4]
11:19:02,944 root DEBUG Side: OFF	 Angle(dx0, dx): 1.27 deg 	 Angle(n, nold): 0.00 deg 	 Distance in patch: 5.363E-03 	 Total distance: 5.363E-03 	 Future toggles: 1 	 Past toggles: 1 	 Toggled: [[3, array([242], dtype=int64), array([[False]])]] 	 class: [2 4]
11:19:02,945 root DEBUG Check patch-by-patch distances for success (dOFF_patch>dON_patch) and ratio (dOFF_patch/dON_patch):
11:19:02,945 root DEBUG 	 nT= 1  	 success?   False    	 (dON-dOFF)/|dON+dOFF|: -87.83 	 cIDON = [2 4], cIDOFF = [2 4]
11:19:02,945 root DEBUG ===> #(dOFF_patch>dON_patch) = 0/1 = 0.00%
11:19:02,945 root DEBUG dOFF/dON = 0.1
11:19:02,945 root DEBUG {'CHOOSE_DX': 'along_decision_boundary', 'dxONAngle': 88.64838846587185, 'dON1': 0.08275625102604973, 'cIDON1': array([2, 4], dtype=int64), 'dON_patch_1': 0.08275625102604973, 'nTON': 1, 'dON': 0.08275625102604973, 'dxOFFAngle': 85.27957674909081, 'dOFF1': 0.0053627360378711506, 'cIDOFF1': array([2, 4], dtype=int64), 'dOFF_patch_1': 0.0053627360378711506, 'nTOFF': 1, 'dOFF': 0.0053627360378711506, 'SUCCESS': False}
11:19:02,977 root DEBUG 

=================== Experiment ID #20 	 Dual Point ID: 24 ===================
11:19:03,9 root DEBUG CONTROL: 	 OK! 	 (target neuron output < tolerance: |7.282E-07|<1.000E-06)
11:19:03,9 root DEBUG CONTROL DUAL POINT: Check that target neuron output < tolerance ({tol:.3E}) at x_dual.
11:19:03,623 root DEBUG Side: ON	 Angle(dx0, dx): 1.32 deg 	 Angle(n, nold): 0.00 deg 	 Distance in patch: 1.233E-01 	 Total distance: 1.233E-01 	 Future toggles: 1 	 Past toggles: 1 	 Toggled: [[3, array([166], dtype=int64), array([[ True]])]] 	 class: [1 7]
11:19:04,225 root DEBUG Side: OFF	 Angle(dx0, dx): 1.71 deg 	 Angle(n, nold): 0.00 deg 	 Distance in patch: 7.454E-02 	 Total distance: 7.454E-02 	 Future toggles: 0 	 Past toggles: 1 	 Toggled: [[2, array([198], dtype=int64), array([[ True]])]] 	 class: [0 7]
11:19:04,692 root DEBUG Side: OFF	 Angle(dx0, dx): 0.39 deg 	 Angle(n, nold): 0.00 deg 	 Distance in patch: 1.271E-01 	 Total distance: 2.017E-01 	 Future toggles: 1 	 Past toggles: 1 	 Toggled: [[3, array([44], dtype=int64), array([[False]])]] 	 class: [0 7]
11:19:04,692 root DEBUG Check patch-by-patch distances for success (dOFF_patch>dON_patch) and ratio (dOFF_patch/dON_patch):
11:19:04,692 root DEBUG 	 nT= 1  	 success?    True    	 (dON-dOFF)/|dON+dOFF|: 24.11 	 cIDON = [1 7], cIDOFF = [0 7]
11:19:04,692 root DEBUG ===> #(dOFF_patch>dON_patch) = 1/1 = 100.00%
11:19:04,692 root DEBUG dOFF/dON = 1.6
11:19:04,693 root DEBUG {'CHOOSE_DX': 'along_decision_boundary', 'dxONAngle': 85.80318873470812, 'dON1': 0.1233205062612857, 'cIDON1': array([1, 7], dtype=int64), 'dON_patch_1': 0.1233205062612857, 'nTON': 1, 'dON': 0.1233205062612857, 'dxOFFAngle': 82.75054340725204, 'dOFF1': 0.20165892510194328, 'cIDOFF1': array([0, 7], dtype=int64), 'dOFF_patch_1': 0.20165892510194328, 'nTOFF': 1, 'dOFF': 0.20165892510194328, 'SUCCESS': True}
11:19:04,761 root DEBUG 

=================== Experiment ID #21 	 Dual Point ID: 25 ===================
11:19:04,791 root DEBUG CONTROL: 	 OK! 	 (target neuron output < tolerance: |5.133E-07|<1.000E-06)
11:19:04,791 root DEBUG CONTROL DUAL POINT: Check that target neuron output < tolerance ({tol:.3E}) at x_dual.
11:19:05,338 root DEBUG Side: ON	 Angle(dx0, dx): 0.94 deg 	 Angle(n, nold): 0.00 deg 	 Distance in patch: 5.214E-04 	 Total distance: 5.214E-04 	 Future toggles: 1 	 Past toggles: 1 	 Toggled: [[3, array([211], dtype=int64), array([[ True]])]] 	 class: [5 7]
11:19:05,893 root DEBUG Side: OFF	 Angle(dx0, dx): 3.08 deg 	 Angle(n, nold): 0.00 deg 	 Distance in patch: 1.019E-03 	 Total distance: 1.019E-03 	 Future toggles: 1 	 Past toggles: 1 	 Toggled: [[3, array([181], dtype=int64), array([[ True]])]] 	 class: [5 7]
11:19:05,893 root DEBUG Check patch-by-patch distances for success (dOFF_patch>dON_patch) and ratio (dOFF_patch/dON_patch):
11:19:05,893 root DEBUG 	 nT= 1  	 success?    True    	 (dON-dOFF)/|dON+dOFF|: 32.32 	 cIDON = [5 7], cIDOFF = [5 7]
11:19:05,893 root DEBUG ===> #(dOFF_patch>dON_patch) = 1/1 = 100.00%
11:19:05,894 root DEBUG dOFF/dON = 2.0
11:19:05,894 root DEBUG {'CHOOSE_DX': 'along_decision_boundary', 'dxONAngle': 72.27963569503083, 'dON1': 0.0005214163960225745, 'cIDON1': array([5, 7], dtype=int64), 'dON_patch_1': 0.0005214163960225745, 'nTON': 1, 'dON': 0.0005214163960225745, 'dxOFFAngle': 79.26139553815436, 'dOFF1': 0.00101935718794674, 'cIDOFF1': array([5, 7], dtype=int64), 'dOFF_patch_1': 0.00101935718794674, 'nTOFF': 1, 'dOFF': 0.00101935718794674, 'SUCCESS': True}
11:19:06,513 root DEBUG 

=================== Experiment ID #22 	 Dual Point ID: 26 ===================
11:19:06,566 root DEBUG CONTROL: 	 WARNING! 	 (target neuron output > tolerance: |1.190E-06|>1.000E-06)
11:19:06,566 root DEBUG CONTROL DUAL POINT: Check that target neuron output < tolerance ({tol:.3E}) at x_dual.
11:19:06,566 root DEBUG CONTROL DUAL POINT: Check that target neuron output < tolerance ({tol:.3E}) at x_dual.
11:19:06,777 root DEBUG 

=================== Experiment ID #22 	 Dual Point ID: 27 ===================
11:19:06,810 root DEBUG CONTROL: 	 OK! 	 (target neuron output < tolerance: |8.439E-08|<1.000E-06)
11:19:06,810 root DEBUG CONTROL DUAL POINT: Check that target neuron output < tolerance ({tol:.3E}) at x_dual.
11:19:07,562 root DEBUG Side: ON	 Angle(dx0, dx): 0.85 deg 	 Angle(n, nold): 0.00 deg 	 Distance in patch: 1.810E-02 	 Total distance: 1.810E-02 	 Future toggles: 1 	 Past toggles: 1 	 Toggled: [[3, array([25], dtype=int64), array([[ True]])]] 	 class: [6 9]
11:19:08,206 root DEBUG Side: OFF	 Angle(dx0, dx): 0.41 deg 	 Angle(n, nold): 0.00 deg 	 Distance in patch: 4.211E-02 	 Total distance: 4.211E-02 	 Future toggles: 1 	 Past toggles: 1 	 Toggled: [[3, array([173], dtype=int64), array([[False]])]] 	 class: [6 9]
11:19:08,206 root DEBUG Check patch-by-patch distances for success (dOFF_patch>dON_patch) and ratio (dOFF_patch/dON_patch):
11:19:08,206 root DEBUG 	 nT= 1  	 success?    True    	 (dON-dOFF)/|dON+dOFF|: 39.87 	 cIDON = [6 9], cIDOFF = [6 9]
11:19:08,206 root DEBUG ===> #(dOFF_patch>dON_patch) = 1/1 = 100.00%
11:19:08,206 root DEBUG dOFF/dON = 2.3
11:19:08,206 root DEBUG {'CHOOSE_DX': 'along_decision_boundary', 'dxONAngle': 80.32740667020951, 'dON1': 0.018101201742625014, 'cIDON1': array([6, 9], dtype=int64), 'dON_patch_1': 0.018101201742625014, 'nTON': 1, 'dON': 0.018101201742625014, 'dxOFFAngle': 83.28344801573792, 'dOFF1': 0.04210602687265256, 'cIDOFF1': array([6, 9], dtype=int64), 'dOFF_patch_1': 0.04210602687265256, 'nTOFF': 1, 'dOFF': 0.04210602687265256, 'SUCCESS': True}
11:19:08,398 root DEBUG 

=================== Experiment ID #23 	 Dual Point ID: 28 ===================
11:19:08,427 root DEBUG CONTROL: 	 OK! 	 (target neuron output < tolerance: |3.913E-07|<1.000E-06)
11:19:08,428 root DEBUG CONTROL DUAL POINT: Check that target neuron output < tolerance ({tol:.3E}) at x_dual.
11:19:08,938 root DEBUG Side: ON	 Angle(dx0, dx): 1.36 deg 	 Angle(n, nold): 0.00 deg 	 Distance in patch: 6.009E-02 	 Total distance: 6.009E-02 	 Future toggles: 1 	 Past toggles: 1 	 Toggled: [[3, array([157], dtype=int64), array([[False]])]] 	 class: [3 9]
11:19:09,426 root DEBUG Side: OFF	 Angle(dx0, dx): 2.03 deg 	 Angle(n, nold): 0.00 deg 	 Distance in patch: 4.337E-03 	 Total distance: 4.337E-03 	 Future toggles: 1 	 Past toggles: 1 	 Toggled: [[4, array([27], dtype=int64), array([[ True]])]] 	 class: [3 9]
11:19:09,426 root DEBUG Check patch-by-patch distances for success (dOFF_patch>dON_patch) and ratio (dOFF_patch/dON_patch):
11:19:09,426 root DEBUG 	 nT= 1  	 success?   False    	 (dON-dOFF)/|dON+dOFF|: -86.54 	 cIDON = [3 9], cIDOFF = [3 9]
11:19:09,426 root DEBUG ===> #(dOFF_patch>dON_patch) = 0/1 = 0.00%
11:19:09,426 root DEBUG dOFF/dON = 0.1
11:19:09,426 root DEBUG {'CHOOSE_DX': 'along_decision_boundary', 'dxONAngle': 84.63827072868905, 'dON1': 0.060087494433673616, 'cIDON1': array([3, 9], dtype=int64), 'dON_patch_1': 0.060087494433673616, 'nTON': 1, 'dON': 0.060087494433673616, 'dxOFFAngle': 87.08582784711766, 'dOFF1': 0.004337044704135605, 'cIDOFF1': array([3, 9], dtype=int64), 'dOFF_patch_1': 0.004337044704135605, 'nTOFF': 1, 'dOFF': 0.004337044704135605, 'SUCCESS': False}
11:19:09,629 root DEBUG 

=================== Experiment ID #24 	 Dual Point ID: 29 ===================
11:19:09,659 root DEBUG CONTROL: 	 WARNING! 	 (target neuron output > tolerance: |1.194E-06|>1.000E-06)
11:19:09,659 root DEBUG CONTROL DUAL POINT: Check that target neuron output < tolerance ({tol:.3E}) at x_dual.
11:19:09,660 root DEBUG CONTROL DUAL POINT: Check that target neuron output < tolerance ({tol:.3E}) at x_dual.
11:19:09,769 root DEBUG 

=================== Experiment ID #24 	 Dual Point ID: 30 ===================
11:19:09,818 root DEBUG CONTROL: 	 OK! 	 (target neuron output < tolerance: |7.998E-07|<1.000E-06)
11:19:09,819 root DEBUG CONTROL DUAL POINT: Check that target neuron output < tolerance ({tol:.3E}) at x_dual.
11:19:10,372 root DEBUG Side: ON	 Angle(dx0, dx): 0.20 deg 	 Angle(n, nold): 0.00 deg 	 Distance in patch: 4.888E-02 	 Total distance: 4.888E-02 	 Future toggles: 1 	 Past toggles: 1 	 Toggled: [[4, array([59], dtype=int64), array([[False]])]] 	 class: [5 6]
11:19:10,924 root DEBUG Side: OFF	 Angle(dx0, dx): 2.52 deg 	 Angle(n, nold): 2.54 deg 	 Distance in patch: 6.001E-02 	 Total distance: 6.001E-02 	 Future toggles: 0 	 Past toggles: 1 	 Toggled: [[1, array([60], dtype=int64), array([[ True]])]] 	 class: [5 6]
11:19:11,271 root DEBUG Side: OFF	 Angle(dx0, dx): 0.14 deg 	 Angle(n, nold): 0.10 deg 	 Distance in patch: 1.487E-02 	 Total distance: 7.487E-02 	 Future toggles: 0 	 Past toggles: 2 	 Toggled: [[1, array([218], dtype=int64), array([[False]])]] 	 class: [5 6]
11:19:11,624 root DEBUG Side: OFF	 Angle(dx0, dx): 5.35 deg 	 Angle(n, nold): 0.00 deg 	 Distance in patch: 2.432E-02 	 Total distance: 9.919E-02 	 Future toggles: 1 	 Past toggles: 1 	 Toggled: [[4, array([51], dtype=int64), array([[ True]])]] 	 class: [5 6]
11:19:11,624 root DEBUG Check patch-by-patch distances for success (dOFF_patch>dON_patch) and ratio (dOFF_patch/dON_patch):
11:19:11,625 root DEBUG 	 nT= 1  	 success?    True    	 (dON-dOFF)/|dON+dOFF|: 33.97 	 cIDON = [5 6], cIDOFF = [5 6]
11:19:11,625 root DEBUG ===> #(dOFF_patch>dON_patch) = 1/1 = 100.00%
11:19:11,625 root DEBUG dOFF/dON = 2.0
11:19:11,625 root DEBUG {'CHOOSE_DX': 'along_decision_boundary', 'dxONAngle': 88.57166314948113, 'dON1': 0.04888482627480544, 'cIDON1': array([5, 6], dtype=int64), 'dON_patch_1': 0.04888482627480544, 'nTON': 1, 'dON': 0.04888482627480544, 'dxOFFAngle': 83.06975395246809, 'dOFF1': 0.09919090137402153, 'cIDOFF1': array([5, 6], dtype=int64), 'dOFF_patch_1': 0.09919090137402153, 'nTOFF': 1, 'dOFF': 0.09919090137402153, 'SUCCESS': True}
11:19:11,820 root DEBUG 

=================== Experiment ID #25 	 Dual Point ID: 31 ===================
11:19:11,853 root DEBUG CONTROL: 	 OK! 	 (target neuron output < tolerance: |7.861E-07|<1.000E-06)
11:19:11,853 root DEBUG CONTROL DUAL POINT: Check that target neuron output < tolerance ({tol:.3E}) at x_dual.
11:19:12,490 root DEBUG Side: ON	 Angle(dx0, dx): 2.24 deg 	 Angle(n, nold): 0.00 deg 	 Distance in patch: 1.327E-02 	 Total distance: 1.327E-02 	 Future toggles: 1 	 Past toggles: 1 	 Toggled: [[3, array([133], dtype=int64), array([[False]])]] 	 class: [5 6]
11:19:13,59 root DEBUG Side: OFF	 Angle(dx0, dx): 7.76 deg 	 Angle(n, nold): 8.74 deg 	 Distance in patch: 1.264E-01 	 Total distance: 1.264E-01 	 Future toggles: 0 	 Past toggles: 1 	 Toggled: [[1, array([242], dtype=int64), array([[False]])]] 	 class: [5 6]
11:19:13,314 root DEBUG Side: OFF	 Angle(dx0, dx): 3.75 deg 	 Angle(n, nold): 0.00 deg 	 Distance in patch: 7.748E-03 	 Total distance: 1.341E-01 	 Future toggles: 0 	 Past toggles: 2 	 Toggled: [[2, array([242], dtype=int64), array([[False]])]] 	 class: [5 6]
11:19:13,616 root DEBUG Side: OFF	 Angle(dx0, dx): 3.95 deg 	 Angle(n, nold): 0.00 deg 	 Distance in patch: 4.391E-02 	 Total distance: 1.780E-01 	 Future toggles: 1 	 Past toggles: 1 	 Toggled: [[3, array([19], dtype=int64), array([[False]])]] 	 class: [5 6]
11:19:13,616 root DEBUG Check patch-by-patch distances for success (dOFF_patch>dON_patch) and ratio (dOFF_patch/dON_patch):
11:19:13,617 root DEBUG 	 nT= 1  	 success?    True    	 (dON-dOFF)/|dON+dOFF|: 86.13 	 cIDON = [5 6], cIDOFF = [5 6]
11:19:13,617 root DEBUG ===> #(dOFF_patch>dON_patch) = 1/1 = 100.00%
11:19:13,617 root DEBUG dOFF/dON = 13.4
11:19:13,617 root DEBUG {'CHOOSE_DX': 'along_decision_boundary', 'dxONAngle': 75.68842736201579, 'dON1': 0.01326903087422122, 'cIDON1': array([5, 6], dtype=int64), 'dON_patch_1': 0.01326903087422122, 'nTON': 1, 'dON': 0.01326903087422122, 'dxOFFAngle': 70.16362060059912, 'dOFF1': 0.17801748600175293, 'cIDOFF1': array([5, 6], dtype=int64), 'dOFF_patch_1': 0.17801748600175293, 'nTOFF': 1, 'dOFF': 0.17801748600175293, 'SUCCESS': True}
11:19:13,684 root DEBUG 

=================== Experiment ID #26 	 Dual Point ID: 32 ===================
11:19:13,718 root DEBUG CONTROL: 	 OK! 	 (target neuron output < tolerance: |8.564E-08|<1.000E-06)
11:19:13,718 root DEBUG CONTROL DUAL POINT: Check that target neuron output < tolerance ({tol:.3E}) at x_dual.
11:19:14,398 root DEBUG Side: ON	 Angle(dx0, dx): 0.53 deg 	 Angle(n, nold): 0.00 deg 	 Distance in patch: 1.118E-02 	 Total distance: 1.118E-02 	 Future toggles: 0 	 Past toggles: 1 	 Toggled: [[2, array([103], dtype=int64), array([[False]])]] 	 class: [4 9]
11:19:14,755 root DEBUG Side: ON	 Angle(dx0, dx): 7.80 deg 	 Angle(n, nold): 0.00 deg 	 Distance in patch: 1.491E-03 	 Total distance: 1.267E-02 	 Future toggles: 1 	 Past toggles: 1 	 Toggled: [[3, array([208], dtype=int64), array([[False]])]] 	 class: [4 9]
11:19:15,302 root DEBUG Side: OFF	 Angle(dx0, dx): 1.48 deg 	 Angle(n, nold): 0.00 deg 	 Distance in patch: 2.323E-02 	 Total distance: 2.323E-02 	 Future toggles: 1 	 Past toggles: 1 	 Toggled: [[3, array([193], dtype=int64), array([[ True]])]] 	 class: [4 9]
11:19:15,302 root DEBUG Check patch-by-patch distances for success (dOFF_patch>dON_patch) and ratio (dOFF_patch/dON_patch):
11:19:15,302 root DEBUG 	 nT= 1  	 success?    True    	 (dON-dOFF)/|dON+dOFF|: 29.40 	 cIDON = [4 9], cIDOFF = [4 9]
11:19:15,302 root DEBUG ===> #(dOFF_patch>dON_patch) = 1/1 = 100.00%
11:19:15,302 root DEBUG dOFF/dON = 1.8
11:19:15,303 root DEBUG {'CHOOSE_DX': 'along_decision_boundary', 'dxONAngle': 86.71407087735392, 'dON1': 0.01267153730513659, 'cIDON1': array([4, 9], dtype=int64), 'dON_patch_1': 0.01267153730513659, 'nTON': 1, 'dON': 0.01267153730513659, 'dxOFFAngle': 84.1762420687485, 'dOFF1': 0.023225638419950217, 'cIDOFF1': array([4, 9], dtype=int64), 'dOFF_patch_1': 0.023225638419950217, 'nTOFF': 1, 'dOFF': 0.023225638419950217, 'SUCCESS': True}
11:19:15,451 root DEBUG 

=================== Experiment ID #27 	 Dual Point ID: 33 ===================
11:19:15,483 root DEBUG CONTROL: 	 OK! 	 (target neuron output < tolerance: |2.846E-07|<1.000E-06)
11:19:15,483 root DEBUG CONTROL DUAL POINT: Check that target neuron output < tolerance ({tol:.3E}) at x_dual.
11:19:16,47 root DEBUG Side: ON	 Angle(dx0, dx): 11.49 deg 	 Angle(n, nold): 0.00 deg 	 Distance in patch: 2.285E-03 	 Total distance: 2.285E-03 	 Future toggles: 1 	 Past toggles: 1 	 Toggled: [[4, array([22], dtype=int64), array([[ True]])]] 	 class: [2 4]
11:19:16,579 root DEBUG Side: OFF	 Angle(dx0, dx): 0.36 deg 	 Angle(n, nold): 0.39 deg 	 Distance in patch: 7.471E-02 	 Total distance: 7.471E-02 	 Future toggles: 0 	 Past toggles: 1 	 Toggled: [[1, array([68], dtype=int64), array([[False]])]] 	 class: [2 4]
11:19:16,900 root DEBUG Side: OFF	 Angle(dx0, dx): 1.61 deg 	 Angle(n, nold): 0.00 deg 	 Distance in patch: 2.972E-02 	 Total distance: 1.044E-01 	 Future toggles: 0 	 Past toggles: 2 	 Toggled: [[2, array([117], dtype=int64), array([[ True]])]] 	 class: [2 4]
11:19:17,188 root DEBUG Side: OFF	 Angle(dx0, dx): 1.21 deg 	 Angle(n, nold): 0.00 deg 	 Distance in patch: 8.407E-02 	 Total distance: 1.885E-01 	 Future toggles: 0 	 Past toggles: 3 	 Toggled: [[2, array([40], dtype=int64), array([[ True]])]] 	 class: [2 4]
11:19:17,559 root DEBUG Side: OFF	 Angle(dx0, dx): 6.32 deg 	 Angle(n, nold): 0.00 deg 	 Distance in patch: 2.395E-02 	 Total distance: 2.124E-01 	 Future toggles: 1 	 Past toggles: 1 	 Toggled: [[4, array([5], dtype=int64), array([[ True]])]] 	 class: [2 4]
11:19:17,559 root DEBUG Check patch-by-patch distances for success (dOFF_patch>dON_patch) and ratio (dOFF_patch/dON_patch):
11:19:17,559 root DEBUG 	 nT= 1  	 success?    True    	 (dON-dOFF)/|dON+dOFF|: 97.87 	 cIDON = [2 4], cIDOFF = [2 4]
11:19:17,559 root DEBUG ===> #(dOFF_patch>dON_patch) = 1/1 = 100.00%
11:19:17,559 root DEBUG dOFF/dON = 93.0
11:19:17,560 root DEBUG {'CHOOSE_DX': 'along_decision_boundary', 'dxONAngle': 78.15044470984985, 'dON1': 0.002284996434716014, 'cIDON1': array([2, 4], dtype=int64), 'dON_patch_1': 0.002284996434716014, 'nTON': 1, 'dON': 0.002284996434716014, 'dxOFFAngle': 76.54007532844113, 'dOFF1': 0.21244471705260676, 'cIDOFF1': array([2, 4], dtype=int64), 'dOFF_patch_1': 0.21244471705260676, 'nTOFF': 1, 'dOFF': 0.21244471705260676, 'SUCCESS': True}
11:19:17,718 root DEBUG 

=================== Experiment ID #28 	 Dual Point ID: 34 ===================
11:19:17,752 root DEBUG CONTROL: 	 OK! 	 (target neuron output < tolerance: |4.247E-07|<1.000E-06)
11:19:17,753 root DEBUG CONTROL DUAL POINT: Check that target neuron output < tolerance ({tol:.3E}) at x_dual.
11:19:18,385 root DEBUG Side: ON	 Angle(dx0, dx): 0.92 deg 	 Angle(n, nold): 0.00 deg 	 Distance in patch: 7.100E-03 	 Total distance: 7.100E-03 	 Future toggles: 1 	 Past toggles: 1 	 Toggled: [[3, array([87], dtype=int64), array([[False]])]] 	 class: [3 5]
11:19:19,16 root DEBUG Side: OFF	 Angle(dx0, dx): 2.89 deg 	 Angle(n, nold): 0.00 deg 	 Distance in patch: 6.381E-02 	 Total distance: 6.381E-02 	 Future toggles: 1 	 Past toggles: 1 	 Toggled: [[4, array([26], dtype=int64), array([[ True]])]] 	 class: [3 5]
11:19:19,16 root DEBUG Check patch-by-patch distances for success (dOFF_patch>dON_patch) and ratio (dOFF_patch/dON_patch):
11:19:19,16 root DEBUG 	 nT= 1  	 success?    True    	 (dON-dOFF)/|dON+dOFF|: 79.98 	 cIDON = [3 5], cIDOFF = [3 5]
11:19:19,16 root DEBUG ===> #(dOFF_patch>dON_patch) = 1/1 = 100.00%
11:19:19,16 root DEBUG dOFF/dON = 9.0
11:19:19,16 root DEBUG {'CHOOSE_DX': 'along_decision_boundary', 'dxONAngle': 76.68617575681748, 'dON1': 0.007099893209403845, 'cIDON1': array([3, 5], dtype=int64), 'dON_patch_1': 0.007099893209403845, 'nTON': 1, 'dON': 0.007099893209403845, 'dxOFFAngle': 88.75002589199939, 'dOFF1': 0.06381290511334639, 'cIDOFF1': array([3, 5], dtype=int64), 'dOFF_patch_1': 0.06381290511334639, 'nTOFF': 1, 'dOFF': 0.06381290511334639, 'SUCCESS': True}
11:19:19,663 PIL.PngImagePlugin DEBUG STREAM b'IHDR' 16 13
11:19:19,663 PIL.PngImagePlugin DEBUG STREAM b'sBIT' 41 4
11:19:19,663 PIL.PngImagePlugin DEBUG b'sBIT' 41 4 (unknown)
11:19:19,664 PIL.PngImagePlugin DEBUG STREAM b'pHYs' 57 9
11:19:19,664 PIL.PngImagePlugin DEBUG STREAM b'IDAT' 78 1189
11:19:19,669 PIL.PngImagePlugin DEBUG STREAM b'IHDR' 16 13
11:19:19,669 PIL.PngImagePlugin DEBUG STREAM b'sBIT' 41 4
11:19:19,669 PIL.PngImagePlugin DEBUG b'sBIT' 41 4 (unknown)
11:19:19,669 PIL.PngImagePlugin DEBUG STREAM b'pHYs' 57 9
11:19:19,669 PIL.PngImagePlugin DEBUG STREAM b'IDAT' 78 2994
11:19:19,684 PIL.PngImagePlugin DEBUG STREAM b'IHDR' 16 13
11:19:19,684 PIL.PngImagePlugin DEBUG STREAM b'sBIT' 41 4
11:19:19,684 PIL.PngImagePlugin DEBUG b'sBIT' 41 4 (unknown)
11:19:19,684 PIL.PngImagePlugin DEBUG STREAM b'pHYs' 57 9
11:19:19,684 PIL.PngImagePlugin DEBUG STREAM b'IDAT' 78 696
11:19:19,688 PIL.PngImagePlugin DEBUG STREAM b'IHDR' 16 13
11:19:19,688 PIL.PngImagePlugin DEBUG STREAM b'sBIT' 41 4
11:19:19,688 PIL.PngImagePlugin DEBUG b'sBIT' 41 4 (unknown)
11:19:19,689 PIL.PngImagePlugin DEBUG STREAM b'pHYs' 57 9
11:19:19,689 PIL.PngImagePlugin DEBUG STREAM b'IDAT' 78 526
11:19:19,692 PIL.PngImagePlugin DEBUG STREAM b'IHDR' 16 13
11:19:19,692 PIL.PngImagePlugin DEBUG STREAM b'sBIT' 41 4
11:19:19,692 PIL.PngImagePlugin DEBUG b'sBIT' 41 4 (unknown)
11:19:19,692 PIL.PngImagePlugin DEBUG STREAM b'pHYs' 57 9
11:19:19,693 PIL.PngImagePlugin DEBUG STREAM b'IDAT' 78 499
11:19:19,696 PIL.PngImagePlugin DEBUG STREAM b'IHDR' 16 13
11:19:19,696 PIL.PngImagePlugin DEBUG STREAM b'sBIT' 41 4
11:19:19,696 PIL.PngImagePlugin DEBUG b'sBIT' 41 4 (unknown)
11:19:19,696 PIL.PngImagePlugin DEBUG STREAM b'pHYs' 57 9
11:19:19,696 PIL.PngImagePlugin DEBUG STREAM b'IDAT' 78 673
11:19:19,700 PIL.PngImagePlugin DEBUG STREAM b'IHDR' 16 13
11:19:19,700 PIL.PngImagePlugin DEBUG STREAM b'sBIT' 41 4
11:19:19,700 PIL.PngImagePlugin DEBUG b'sBIT' 41 4 (unknown)
11:19:19,701 PIL.PngImagePlugin DEBUG STREAM b'pHYs' 57 9
11:19:19,701 PIL.PngImagePlugin DEBUG STREAM b'IDAT' 78 922
11:19:19,704 PIL.PngImagePlugin DEBUG STREAM b'IHDR' 16 13
11:19:19,704 PIL.PngImagePlugin DEBUG STREAM b'sBIT' 41 4
11:19:19,704 PIL.PngImagePlugin DEBUG b'sBIT' 41 4 (unknown)
11:19:19,704 PIL.PngImagePlugin DEBUG STREAM b'pHYs' 57 9
11:19:19,704 PIL.PngImagePlugin DEBUG STREAM b'IDAT' 78 568
11:19:19,708 PIL.PngImagePlugin DEBUG STREAM b'IHDR' 16 13
11:19:19,708 PIL.PngImagePlugin DEBUG STREAM b'sBIT' 41 4
11:19:19,708 PIL.PngImagePlugin DEBUG b'sBIT' 41 4 (unknown)
11:19:19,708 PIL.PngImagePlugin DEBUG STREAM b'pHYs' 57 9
11:19:19,708 PIL.PngImagePlugin DEBUG STREAM b'IDAT' 78 626
