12:27:15,17 root DEBUG Check that model weights are dtype tf.float64: 	 <dtype: 'float64'>
12:27:15,18 root INFO eps: 1e-06
12:27:15,18 root INFO tol: 1e-06
12:27:15,18 root DEBUG Load dual points from file: ../data/dual_points_cifar10_3x256_64_10_float64.
12:27:15,25 root DEBUG 

=================== Experiment ID #0 	 Dual Point ID: 1 ===================
12:27:15,56 root DEBUG CONTROL: 	 OK! 	 (target neuron output < tolerance: |3.362E-08|<1.000E-06)
12:27:15,56 root DEBUG CONTROL DUAL POINT: Check that target neuron output < tolerance ({tol:.3E}) at x_dual.
12:27:15,434 root DEBUG Side: ON	 Angle(dx0, dx): 13.34 deg 	 Angle(n, nold): 0.00 deg 	 Distance in patch: 5.107E-02 	 Total distance: 5.107E-02 	 Future toggles: 1 	 Past toggles: 1 	 Toggled: [[4, array([56], dtype=int64), array([[False]])]] 	 class: [4 8]
12:27:15,855 root DEBUG Side: OFF	 Angle(dx0, dx): 1.26 deg 	 Angle(n, nold): 0.00 deg 	 Distance in patch: 2.333E-03 	 Total distance: 2.333E-03 	 Future toggles: 0 	 Past toggles: 1 	 Toggled: [[2, array([236], dtype=int64), array([[ True]])]] 	 class: [4 8]
12:27:16,84 root DEBUG Side: OFF	 Angle(dx0, dx): 3.64 deg 	 Angle(n, nold): 0.00 deg 	 Distance in patch: 1.239E-03 	 Total distance: 3.571E-03 	 Future toggles: 1 	 Past toggles: 1 	 Toggled: [[4, array([59], dtype=int64), array([[ True]])]] 	 class: [4 8]
12:27:16,84 root DEBUG Check patch-by-patch distances for success (dOFF_patch>dON_patch) and ratio (dOFF_patch/dON_patch):
12:27:16,84 root DEBUG 	 nT= 1  	 success?   False    	 (dON-dOFF)/|dON+dOFF|: -86.93 	 cIDON = [4 8], cIDOFF = [4 8]
12:27:16,84 root DEBUG ===> #(dOFF_patch>dON_patch) = 0/1 = 0.00%
12:27:16,84 root DEBUG dOFF/dON = 0.1
12:27:16,84 root DEBUG {'CHOOSE_DX': 'along_decision_boundary', 'dxONAngle': 77.81246042024023, 'dON1': 0.05106766308699601, 'cIDON1': array([4, 8], dtype=int64), 'dON_patch_1': 0.05106766308699601, 'nTON': 1, 'dON': 0.05106766308699601, 'dxOFFAngle': 80.73707918518343, 'dOFF1': 0.003571439653540891, 'cIDOFF1': array([4, 8], dtype=int64), 'dOFF_patch_1': 0.003571439653540891, 'nTOFF': 1, 'dOFF': 0.003571439653540891, 'SUCCESS': False}
12:27:16,91 root DEBUG 

=================== Experiment ID #1 	 Dual Point ID: 2 ===================
12:27:16,113 root DEBUG CONTROL: 	 OK! 	 (target neuron output < tolerance: |4.646E-07|<1.000E-06)
12:27:16,113 root DEBUG CONTROL DUAL POINT: Check that target neuron output < tolerance ({tol:.3E}) at x_dual.
12:27:16,481 root DEBUG Side: ON	 Angle(dx0, dx): 0.13 deg 	 Angle(n, nold): 0.00 deg 	 Distance in patch: 3.719E-02 	 Total distance: 3.719E-02 	 Future toggles: 0 	 Past toggles: 1 	 Toggled: [[2, array([217], dtype=int64), array([[False]])]] 	 class: [7 9]
12:27:16,732 root DEBUG Side: ON	 Angle(dx0, dx): 1.65 deg 	 Angle(n, nold): 0.00 deg 	 Distance in patch: 1.322E-03 	 Total distance: 3.851E-02 	 Future toggles: 0 	 Past toggles: 2 	 Toggled: [[2, array([164], dtype=int64), array([[False]])]] 	 class: [7 9]
12:27:16,971 root DEBUG Side: ON	 Angle(dx0, dx): 2.80 deg 	 Angle(n, nold): 0.00 deg 	 Distance in patch: 5.278E-04 	 Total distance: 3.904E-02 	 Future toggles: 1 	 Past toggles: 1 	 Toggled: [[3, array([211], dtype=int64), array([[ True]])]] 	 class: [7 9]
12:27:17,316 root DEBUG Side: OFF	 Angle(dx0, dx): 3.57 deg 	 Angle(n, nold): 0.00 deg 	 Distance in patch: 6.805E-02 	 Total distance: 6.805E-02 	 Future toggles: 1 	 Past toggles: 1 	 Toggled: [[4, array([6], dtype=int64), array([[ True]])]] 	 class: [7 9]
12:27:17,316 root DEBUG Check patch-by-patch distances for success (dOFF_patch>dON_patch) and ratio (dOFF_patch/dON_patch):
12:27:17,317 root DEBUG 	 nT= 1  	 success?    True    	 (dON-dOFF)/|dON+dOFF|: 27.09 	 cIDON = [7 9], cIDOFF = [7 9]
12:27:17,317 root DEBUG ===> #(dOFF_patch>dON_patch) = 1/1 = 100.00%
12:27:17,317 root DEBUG dOFF/dON = 1.7
12:27:17,317 root DEBUG {'CHOOSE_DX': 'along_decision_boundary', 'dxONAngle': 83.2707989807443, 'dON1': 0.039041463687358134, 'cIDON1': array([7, 9], dtype=int64), 'dON_patch_1': 0.039041463687358134, 'nTON': 1, 'dON': 0.039041463687358134, 'dxOFFAngle': 80.6613944402616, 'dOFF1': 0.06804626961461203, 'cIDOFF1': array([7, 9], dtype=int64), 'dOFF_patch_1': 0.06804626961461203, 'nTOFF': 1, 'dOFF': 0.06804626961461203, 'SUCCESS': True}
12:27:17,322 root DEBUG 

=================== Experiment ID #2 	 Dual Point ID: 3 ===================
12:27:17,341 root DEBUG CONTROL: 	 OK! 	 (target neuron output < tolerance: |3.856E-07|<1.000E-06)
12:27:17,341 root DEBUG CONTROL DUAL POINT: Check that target neuron output < tolerance ({tol:.3E}) at x_dual.
12:27:17,767 root DEBUG Side: ON	 Angle(dx0, dx): 0.38 deg 	 Angle(n, nold): 0.00 deg 	 Distance in patch: 2.102E-02 	 Total distance: 2.102E-02 	 Future toggles: 1 	 Past toggles: 1 	 Toggled: [[3, array([253], dtype=int64), array([[ True]])]] 	 class: [7 9]
12:27:18,120 root DEBUG Side: OFF	 Angle(dx0, dx): 1.78 deg 	 Angle(n, nold): 0.00 deg 	 Distance in patch: 2.460E-03 	 Total distance: 2.460E-03 	 Future toggles: 1 	 Past toggles: 1 	 Toggled: [[3, array([24], dtype=int64), array([[ True]])]] 	 class: [7 9]
12:27:18,120 root DEBUG Check patch-by-patch distances for success (dOFF_patch>dON_patch) and ratio (dOFF_patch/dON_patch):
12:27:18,120 root DEBUG 	 nT= 1  	 success?   False    	 (dON-dOFF)/|dON+dOFF|: -79.04 	 cIDON = [7 9], cIDOFF = [7 9]
12:27:18,120 root DEBUG ===> #(dOFF_patch>dON_patch) = 0/1 = 0.00%
12:27:18,120 root DEBUG dOFF/dON = 0.1
12:27:18,120 root DEBUG {'CHOOSE_DX': 'along_decision_boundary', 'dxONAngle': 85.03111982931432, 'dON1': 0.02101816424443692, 'cIDON1': array([7, 9], dtype=int64), 'dON_patch_1': 0.02101816424443692, 'nTON': 1, 'dON': 0.02101816424443692, 'dxOFFAngle': 87.94219641495344, 'dOFF1': 0.0024604905559572304, 'cIDOFF1': array([7, 9], dtype=int64), 'dOFF_patch_1': 0.0024604905559572304, 'nTOFF': 1, 'dOFF': 0.0024604905559572304, 'SUCCESS': False}
12:27:18,125 root DEBUG 

=================== Experiment ID #3 	 Dual Point ID: 4 ===================
12:27:18,146 root DEBUG CONTROL: 	 OK! 	 (target neuron output < tolerance: |1.415E-07|<1.000E-06)
12:27:18,146 root DEBUG CONTROL DUAL POINT: Check that target neuron output < tolerance ({tol:.3E}) at x_dual.
12:27:18,497 root DEBUG Side: ON	 Angle(dx0, dx): 0.22 deg 	 Angle(n, nold): 0.00 deg 	 Distance in patch: 1.170E-02 	 Total distance: 1.170E-02 	 Future toggles: 1 	 Past toggles: 1 	 Toggled: [[3, array([252], dtype=int64), array([[False]])]] 	 class: [7 9]
12:27:18,843 root DEBUG Side: OFF	 Angle(dx0, dx): 0.04 deg 	 Angle(n, nold): 0.00 deg 	 Distance in patch: 3.573E-02 	 Total distance: 3.573E-02 	 Future toggles: 1 	 Past toggles: 1 	 Toggled: [[4, array([11], dtype=int64), array([[ True]])]] 	 class: [7 9]
12:27:18,843 root DEBUG Check patch-by-patch distances for success (dOFF_patch>dON_patch) and ratio (dOFF_patch/dON_patch):
12:27:18,843 root DEBUG 	 nT= 1  	 success?    True    	 (dON-dOFF)/|dON+dOFF|: 50.67 	 cIDON = [7 9], cIDOFF = [7 9]
12:27:18,843 root DEBUG ===> #(dOFF_patch>dON_patch) = 1/1 = 100.00%
12:27:18,843 root DEBUG dOFF/dON = 3.1
12:27:18,843 root DEBUG {'CHOOSE_DX': 'along_decision_boundary', 'dxONAngle': 88.72204473139153, 'dON1': 0.011698298850788345, 'cIDON1': array([7, 9], dtype=int64), 'dON_patch_1': 0.011698298850788345, 'nTON': 1, 'dON': 0.011698298850788345, 'dxOFFAngle': 89.84605721367018, 'dOFF1': 0.03573383433679111, 'cIDOFF1': array([7, 9], dtype=int64), 'dOFF_patch_1': 0.03573383433679111, 'nTOFF': 1, 'dOFF': 0.03573383433679111, 'SUCCESS': True}
12:27:18,848 root DEBUG 

=================== Experiment ID #4 	 Dual Point ID: 5 ===================
12:27:18,874 root DEBUG CONTROL: 	 OK! 	 (target neuron output < tolerance: |3.705E-07|<1.000E-06)
12:27:18,874 root DEBUG CONTROL DUAL POINT: Check that target neuron output < tolerance ({tol:.3E}) at x_dual.
12:27:19,253 root DEBUG Side: ON	 Angle(dx0, dx): 1.05 deg 	 Angle(n, nold): 0.00 deg 	 Distance in patch: 1.371E-02 	 Total distance: 1.371E-02 	 Future toggles: 1 	 Past toggles: 1 	 Toggled: [[4, array([18], dtype=int64), array([[False]])]] 	 class: [5 7]
12:27:19,602 root DEBUG Side: OFF	 Angle(dx0, dx): 22.23 deg 	 Angle(n, nold): 0.00 deg 	 Distance in patch: 5.385E-02 	 Total distance: 5.385E-02 	 Future toggles: 1 	 Past toggles: 1 	 Toggled: [[5, array([3, 5], dtype=int64), array([[1.],
       [0.]])]] 	 class: [3 7]
12:27:19,602 root DEBUG Check patch-by-patch distances for success (dOFF_patch>dON_patch) and ratio (dOFF_patch/dON_patch):
12:27:19,603 root DEBUG 	 nT= 1  	 success?    True    	 (dON-dOFF)/|dON+dOFF|: 59.42 	 cIDON = [5 7], cIDOFF = [5 7]
12:27:19,603 root DEBUG ===> #(dOFF_patch>dON_patch) = 1/1 = 100.00%
12:27:19,603 root DEBUG dOFF/dON = 3.9
12:27:19,603 root DEBUG {'CHOOSE_DX': 'along_decision_boundary', 'dxONAngle': 83.12115620269313, 'dON1': 0.01370863771521533, 'cIDON1': array([5, 7], dtype=int64), 'dON_patch_1': 0.01370863771521533, 'nTON': 1, 'dON': 0.01370863771521533, 'dxOFFAngle': 79.93036384222111, 'dOFF1': 0.053850114889194965, 'cIDOFF1': array([5, 7], dtype=int64), 'dOFF_patch_1': 0.053850114889194965, 'nTOFF': 1, 'dOFF': 0.053850114889194965, 'SUCCESS': True}
12:27:19,612 root DEBUG 

=================== Experiment ID #5 	 Dual Point ID: 6 ===================
12:27:19,648 root DEBUG CONTROL: 	 OK! 	 (target neuron output < tolerance: |6.353E-07|<1.000E-06)
12:27:19,649 root DEBUG CONTROL DUAL POINT: Check that target neuron output < tolerance ({tol:.3E}) at x_dual.
12:27:19,992 root DEBUG Side: ON	 Angle(dx0, dx): 8.31 deg 	 Angle(n, nold): 0.00 deg 	 Distance in patch: 1.364E-01 	 Total distance: 1.364E-01 	 Future toggles: 1 	 Past toggles: 1 	 Toggled: [[4, array([55], dtype=int64), array([[ True]])]] 	 class: [2 4]
12:27:20,303 root DEBUG Side: OFF	 Angle(dx0, dx): 4.52 deg 	 Angle(n, nold): 4.58 deg 	 Distance in patch: 2.777E-02 	 Total distance: 2.777E-02 	 Future toggles: 0 	 Past toggles: 1 	 Toggled: [[1, array([162], dtype=int64), array([[ True]])]] 	 class: [2 4]
12:27:20,461 root DEBUG Side: OFF	 Angle(dx0, dx): 4.52 deg 	 Angle(n, nold): 4.58 deg 	 Distance in patch: 7.361E-05 	 Total distance: 2.784E-02 	 Future toggles: 0 	 Past toggles: 2 	 Toggled: [[1, array([162], dtype=int64), array([[False]])]] 	 class: [2 4]
12:27:20,642 root DEBUG Side: OFF	 Angle(dx0, dx): 4.52 deg 	 Angle(n, nold): 4.58 deg 	 Distance in patch: 5.956E-08 	 Total distance: 2.784E-02 	 Future toggles: 0 	 Past toggles: 2 	 Toggled: [[1, array([162], dtype=int64), array([[ True]])]] 	 class: [2 4]
12:27:20,841 root DEBUG Side: OFF	 Angle(dx0, dx): 4.52 deg 	 Angle(n, nold): 4.58 deg 	 Distance in patch: 7.648E-06 	 Total distance: 2.785E-02 	 Future toggles: 0 	 Past toggles: 3 	 Toggled: [[1, array([162], dtype=int64), array([[False]])]] 	 class: [2 4]
12:27:21,5 root DEBUG Side: OFF	 Angle(dx0, dx): 4.52 deg 	 Angle(n, nold): 4.58 deg 	 Distance in patch: 5.956E-08 	 Total distance: 2.785E-02 	 Future toggles: 0 	 Past toggles: 3 	 Toggled: [[1, array([162], dtype=int64), array([[ True]])]] 	 class: [2 4]
12:27:21,216 root DEBUG Side: OFF	 Angle(dx0, dx): 4.52 deg 	 Angle(n, nold): 4.58 deg 	 Distance in patch: 7.648E-06 	 Total distance: 2.786E-02 	 Future toggles: 0 	 Past toggles: 4 	 Toggled: [[1, array([162], dtype=int64), array([[False]])]] 	 class: [2 4]
12:27:21,359 root DEBUG Side: OFF	 Angle(dx0, dx): 4.52 deg 	 Angle(n, nold): 4.58 deg 	 Distance in patch: 5.956E-08 	 Total distance: 2.786E-02 	 Future toggles: 0 	 Past toggles: 4 	 Toggled: [[1, array([162], dtype=int64), array([[ True]])]] 	 class: [2 4]
12:27:21,547 root DEBUG Side: OFF	 Angle(dx0, dx): 4.52 deg 	 Angle(n, nold): 4.58 deg 	 Distance in patch: 7.648E-06 	 Total distance: 2.787E-02 	 Future toggles: 0 	 Past toggles: 5 	 Toggled: [[1, array([162], dtype=int64), array([[False]])]] 	 class: [2 4]
12:27:21,556 root DEBUG Got stuck in too many past-layer relus.
12:27:21,557 root DEBUG DISCARD POINT! No toggles were recorded successfully: results['nTON']=1, results['nTOFF']=0.
12:27:21,557 root DEBUG DISCARD POINT! No toggles were recorded successfully: results['nTON']=1, results['nTOFF']=0.
12:27:21,558 root DEBUG 

=================== Experiment ID #5 	 Dual Point ID: 7 ===================
12:27:21,581 root DEBUG CONTROL: 	 OK! 	 (target neuron output < tolerance: |5.529E-08|<1.000E-06)
12:27:21,581 root DEBUG CONTROL DUAL POINT: Check that target neuron output < tolerance ({tol:.3E}) at x_dual.
12:27:21,912 root DEBUG Side: ON	 Angle(dx0, dx): 2.22 deg 	 Angle(n, nold): 0.00 deg 	 Distance in patch: 4.159E-02 	 Total distance: 4.159E-02 	 Future toggles: 1 	 Past toggles: 1 	 Toggled: [[4, array([10], dtype=int64), array([[ True]])]] 	 class: [6 9]
12:27:22,293 root DEBUG Side: OFF	 Angle(dx0, dx): 0.52 deg 	 Angle(n, nold): 0.00 deg 	 Distance in patch: 6.530E-02 	 Total distance: 6.530E-02 	 Future toggles: 1 	 Past toggles: 1 	 Toggled: [[3, array([74], dtype=int64), array([[False]])]] 	 class: [6 9]
12:27:22,293 root DEBUG Check patch-by-patch distances for success (dOFF_patch>dON_patch) and ratio (dOFF_patch/dON_patch):
12:27:22,293 root DEBUG 	 nT= 1  	 success?    True    	 (dON-dOFF)/|dON+dOFF|: 22.19 	 cIDON = [6 9], cIDOFF = [6 9]
12:27:22,294 root DEBUG ===> #(dOFF_patch>dON_patch) = 1/1 = 100.00%
12:27:22,294 root DEBUG dOFF/dON = 1.6
12:27:22,294 root DEBUG {'CHOOSE_DX': 'along_decision_boundary', 'dxONAngle': 69.09172131600482, 'dON1': 0.0415870009216485, 'cIDON1': array([6, 9], dtype=int64), 'dON_patch_1': 0.0415870009216485, 'nTON': 1, 'dON': 0.0415870009216485, 'dxOFFAngle': 85.6163416853822, 'dOFF1': 0.06530094673802063, 'cIDOFF1': array([6, 9], dtype=int64), 'dOFF_patch_1': 0.06530094673802063, 'nTOFF': 1, 'dOFF': 0.06530094673802063, 'SUCCESS': True}
12:27:22,299 root DEBUG 

=================== Experiment ID #6 	 Dual Point ID: 8 ===================
12:27:22,316 root DEBUG CONTROL: 	 OK! 	 (target neuron output < tolerance: |4.477E-09|<1.000E-06)
12:27:22,316 root DEBUG CONTROL DUAL POINT: Check that target neuron output < tolerance ({tol:.3E}) at x_dual.
12:27:22,602 root DEBUG Side: ON	 Angle(dx0, dx): 2.99 deg 	 Angle(n, nold): 0.00 deg 	 Distance in patch: 9.444E-04 	 Total distance: 9.444E-04 	 Future toggles: 1 	 Past toggles: 1 	 Toggled: [[3, array([115], dtype=int64), array([[False]])]] 	 class: [8 9]
12:27:22,875 root DEBUG Side: OFF	 Angle(dx0, dx): 6.25 deg 	 Angle(n, nold): 0.00 deg 	 Distance in patch: 3.133E-03 	 Total distance: 3.133E-03 	 Future toggles: 1 	 Past toggles: 1 	 Toggled: [[4, array([49], dtype=int64), array([[ True]])]] 	 class: [8 9]
12:27:22,875 root DEBUG Check patch-by-patch distances for success (dOFF_patch>dON_patch) and ratio (dOFF_patch/dON_patch):
12:27:22,875 root DEBUG 	 nT= 1  	 success?    True    	 (dON-dOFF)/|dON+dOFF|: 53.67 	 cIDON = [8 9], cIDOFF = [8 9]
12:27:22,876 root DEBUG ===> #(dOFF_patch>dON_patch) = 1/1 = 100.00%
12:27:22,876 root DEBUG dOFF/dON = 3.3
12:27:22,876 root DEBUG {'CHOOSE_DX': 'along_decision_boundary', 'dxONAngle': 84.24252575060967, 'dON1': 0.0009444187960530655, 'cIDON1': array([8, 9], dtype=int64), 'dON_patch_1': 0.0009444187960530655, 'nTON': 1, 'dON': 0.0009444187960530655, 'dxOFFAngle': 83.33480473872748, 'dOFF1': 0.003132768270547629, 'cIDOFF1': array([8, 9], dtype=int64), 'dOFF_patch_1': 0.003132768270547629, 'nTOFF': 1, 'dOFF': 0.003132768270547629, 'SUCCESS': True}
12:27:22,882 root DEBUG 

=================== Experiment ID #7 	 Dual Point ID: 9 ===================
12:27:22,909 root DEBUG CONTROL: 	 OK! 	 (target neuron output < tolerance: |5.738E-07|<1.000E-06)
12:27:22,910 root DEBUG CONTROL DUAL POINT: Check that target neuron output < tolerance ({tol:.3E}) at x_dual.
12:27:23,247 root DEBUG Side: ON	 Angle(dx0, dx): 5.93 deg 	 Angle(n, nold): 0.00 deg 	 Distance in patch: 1.570E-07 	 Total distance: 1.570E-07 	 Future toggles: 0 	 Past toggles: 0 	 Toggled: [[5, array([0, 1], dtype=int64), array([[1.],
       [0.]])]] 	 class: [0 8]
12:27:23,432 root DEBUG Side: ON	 Angle(dx0, dx): 4.21 deg 	 Angle(n, nold): 0.00 deg 	 Distance in patch: 5.103E-03 	 Total distance: 5.103E-03 	 Future toggles: 1 	 Past toggles: 1 	 Toggled: [[3, array([218], dtype=int64), array([[False]])]] 	 class: [0 8]
12:27:23,779 root DEBUG Side: OFF	 Angle(dx0, dx): 6.85 deg 	 Angle(n, nold): 0.00 deg 	 Distance in patch: 6.346E-02 	 Total distance: 6.346E-02 	 Future toggles: 1 	 Past toggles: 1 	 Toggled: [[3, array([121], dtype=int64), array([[ True]])]] 	 class: [1 8]
12:27:23,780 root DEBUG Check patch-by-patch distances for success (dOFF_patch>dON_patch) and ratio (dOFF_patch/dON_patch):
12:27:23,780 root DEBUG 	 nT= 1  	 success?    True    	 (dON-dOFF)/|dON+dOFF|: 85.11 	 cIDON = [0 8], cIDOFF = [1 8]
12:27:23,780 root DEBUG ===> #(dOFF_patch>dON_patch) = 1/1 = 100.00%
12:27:23,780 root DEBUG dOFF/dON = 12.4
12:27:23,780 root DEBUG {'CHOOSE_DX': 'along_decision_boundary', 'dxONAngle': 85.8344403669851, 'dON1': 0.005103272975580941, 'cIDON1': array([0, 8], dtype=int64), 'dON_patch_1': 0.005103272975580941, 'nTON': 1, 'dON': 0.005103272975580941, 'dxOFFAngle': 89.74590255438632, 'dOFF1': 0.06346084536017198, 'cIDOFF1': array([1, 8], dtype=int64), 'dOFF_patch_1': 0.06346084536017198, 'nTOFF': 1, 'dOFF': 0.06346084536017198, 'SUCCESS': True}
12:27:23,786 root DEBUG 

=================== Experiment ID #8 	 Dual Point ID: 10 ===================
12:27:23,804 root DEBUG CONTROL: 	 OK! 	 (target neuron output < tolerance: |2.509E-07|<1.000E-06)
12:27:23,805 root DEBUG CONTROL DUAL POINT: Check that target neuron output < tolerance ({tol:.3E}) at x_dual.
12:27:24,85 root DEBUG Side: ON	 Angle(dx0, dx): 5.56 deg 	 Angle(n, nold): 0.00 deg 	 Distance in patch: 7.465E-03 	 Total distance: 7.465E-03 	 Future toggles: 1 	 Past toggles: 1 	 Toggled: [[3, array([111], dtype=int64), array([[ True]])]] 	 class: [3 7]
12:27:24,479 root DEBUG Side: OFF	 Angle(dx0, dx): 1.09 deg 	 Angle(n, nold): 0.00 deg 	 Distance in patch: 3.996E-02 	 Total distance: 3.996E-02 	 Future toggles: 1 	 Past toggles: 1 	 Toggled: [[3, array([168], dtype=int64), array([[ True]])]] 	 class: [3 7]
12:27:24,479 root DEBUG Check patch-by-patch distances for success (dOFF_patch>dON_patch) and ratio (dOFF_patch/dON_patch):
12:27:24,479 root DEBUG 	 nT= 1  	 success?    True    	 (dON-dOFF)/|dON+dOFF|: 68.52 	 cIDON = [3 7], cIDOFF = [3 7]
12:27:24,479 root DEBUG ===> #(dOFF_patch>dON_patch) = 1/1 = 100.00%
12:27:24,479 root DEBUG dOFF/dON = 5.4
12:27:24,479 root DEBUG {'CHOOSE_DX': 'along_decision_boundary', 'dxONAngle': 86.8940089064101, 'dON1': 0.007465450557561437, 'cIDON1': array([3, 7], dtype=int64), 'dON_patch_1': 0.007465450557561437, 'nTON': 1, 'dON': 0.007465450557561437, 'dxOFFAngle': 80.17416218263129, 'dOFF1': 0.03996031148820085, 'cIDOFF1': array([3, 7], dtype=int64), 'dOFF_patch_1': 0.03996031148820085, 'nTOFF': 1, 'dOFF': 0.03996031148820085, 'SUCCESS': True}
12:27:24,489 root DEBUG 

=================== Experiment ID #9 	 Dual Point ID: 11 ===================
12:27:24,519 root DEBUG CONTROL: 	 OK! 	 (target neuron output < tolerance: |1.295E-07|<1.000E-06)
12:27:24,520 root DEBUG CONTROL DUAL POINT: Check that target neuron output < tolerance ({tol:.3E}) at x_dual.
12:27:24,805 root DEBUG Side: ON	 Angle(dx0, dx): 3.39 deg 	 Angle(n, nold): 0.00 deg 	 Distance in patch: 3.187E-03 	 Total distance: 3.187E-03 	 Future toggles: 1 	 Past toggles: 1 	 Toggled: [[3, array([24], dtype=int64), array([[False]])]] 	 class: [3 9]
12:27:25,104 root DEBUG Side: OFF	 Angle(dx0, dx): 2.09 deg 	 Angle(n, nold): 0.00 deg 	 Distance in patch: 1.869E-02 	 Total distance: 1.869E-02 	 Future toggles: 1 	 Past toggles: 1 	 Toggled: [[3, array([220], dtype=int64), array([[False]])]] 	 class: [3 9]
12:27:25,104 root DEBUG Check patch-by-patch distances for success (dOFF_patch>dON_patch) and ratio (dOFF_patch/dON_patch):
12:27:25,105 root DEBUG 	 nT= 1  	 success?    True    	 (dON-dOFF)/|dON+dOFF|: 70.86 	 cIDON = [3 9], cIDOFF = [3 9]
12:27:25,105 root DEBUG ===> #(dOFF_patch>dON_patch) = 1/1 = 100.00%
12:27:25,105 root DEBUG dOFF/dON = 5.9
12:27:25,105 root DEBUG {'CHOOSE_DX': 'along_decision_boundary', 'dxONAngle': 89.59732832514135, 'dON1': 0.0031866062010669333, 'cIDON1': array([3, 9], dtype=int64), 'dON_patch_1': 0.0031866062010669333, 'nTON': 1, 'dON': 0.0031866062010669333, 'dxOFFAngle': 89.84772958724709, 'dOFF1': 0.01868704070811745, 'cIDOFF1': array([3, 9], dtype=int64), 'dOFF_patch_1': 0.01868704070811745, 'nTOFF': 1, 'dOFF': 0.01868704070811745, 'SUCCESS': True}
12:27:25,115 root DEBUG 

=================== Experiment ID #10 	 Dual Point ID: 12 ===================
12:27:25,140 root DEBUG CONTROL: 	 OK! 	 (target neuron output < tolerance: |1.444E-08|<1.000E-06)
12:27:25,140 root DEBUG CONTROL DUAL POINT: Check that target neuron output < tolerance ({tol:.3E}) at x_dual.
12:27:25,459 root DEBUG Side: ON	 Angle(dx0, dx): 2.49 deg 	 Angle(n, nold): 0.00 deg 	 Distance in patch: 6.053E-03 	 Total distance: 6.053E-03 	 Future toggles: 1 	 Past toggles: 1 	 Toggled: [[3, array([183], dtype=int64), array([[ True]])]] 	 class: [2 5]
12:27:25,827 root DEBUG Side: OFF	 Angle(dx0, dx): 0.66 deg 	 Angle(n, nold): 0.00 deg 	 Distance in patch: 9.310E-03 	 Total distance: 9.310E-03 	 Future toggles: 0 	 Past toggles: 1 	 Toggled: [[2, array([221], dtype=int64), array([[False]])]] 	 class: [2 5]
12:27:26,15 root DEBUG Side: OFF	 Angle(dx0, dx): 3.95 deg 	 Angle(n, nold): 0.00 deg 	 Distance in patch: 2.422E-02 	 Total distance: 3.353E-02 	 Future toggles: 1 	 Past toggles: 1 	 Toggled: [[3, array([19], dtype=int64), array([[False]])]] 	 class: [2 5]
12:27:26,15 root DEBUG Check patch-by-patch distances for success (dOFF_patch>dON_patch) and ratio (dOFF_patch/dON_patch):
12:27:26,15 root DEBUG 	 nT= 1  	 success?    True    	 (dON-dOFF)/|dON+dOFF|: 69.42 	 cIDON = [2 5], cIDOFF = [2 5]
12:27:26,15 root DEBUG ===> #(dOFF_patch>dON_patch) = 1/1 = 100.00%
12:27:26,15 root DEBUG dOFF/dON = 5.5
12:27:26,15 root DEBUG {'CHOOSE_DX': 'along_decision_boundary', 'dxONAngle': 79.22735424014769, 'dON1': 0.00605262788796602, 'cIDON1': array([2, 5], dtype=int64), 'dON_patch_1': 0.00605262788796602, 'nTON': 1, 'dON': 0.00605262788796602, 'dxOFFAngle': 69.00822130299308, 'dOFF1': 0.03353212983140358, 'cIDOFF1': array([2, 5], dtype=int64), 'dOFF_patch_1': 0.03353212983140358, 'nTOFF': 1, 'dOFF': 0.03353212983140358, 'SUCCESS': True}
12:27:26,25 root DEBUG 

=================== Experiment ID #11 	 Dual Point ID: 13 ===================
12:27:26,50 root DEBUG CONTROL: 	 WARNING! 	 (target neuron output > tolerance: |1.703E-06|>1.000E-06)
12:27:26,50 root DEBUG CONTROL DUAL POINT: Check that target neuron output < tolerance ({tol:.3E}) at x_dual.
12:27:26,50 root DEBUG CONTROL DUAL POINT: Check that target neuron output < tolerance ({tol:.3E}) at x_dual.
12:27:26,51 root DEBUG 

=================== Experiment ID #11 	 Dual Point ID: 14 ===================
12:27:26,72 root DEBUG CONTROL: 	 OK! 	 (target neuron output < tolerance: |4.193E-07|<1.000E-06)
12:27:26,72 root DEBUG CONTROL DUAL POINT: Check that target neuron output < tolerance ({tol:.3E}) at x_dual.
12:27:26,406 root DEBUG Side: ON	 Angle(dx0, dx): 13.28 deg 	 Angle(n, nold): 0.00 deg 	 Distance in patch: 5.294E-07 	 Total distance: 5.294E-07 	 Future toggles: 0 	 Past toggles: 0 	 Toggled: [[5, array([0, 1], dtype=int64), array([[1.],
       [0.]])]] 	 class: [0 8]
12:27:26,572 root DEBUG Side: ON	 Angle(dx0, dx): 13.28 deg 	 Angle(n, nold): 0.00 deg 	 Distance in patch: 1.087E-06 	 Total distance: 1.616E-06 	 Future toggles: 1 	 Past toggles: 1 	 Toggled: [[5, array([0, 1], dtype=int64), array([[0.],
       [1.]])]] 	 class: [1 8]
12:27:26,881 root DEBUG Side: OFF	 Angle(dx0, dx): 0.85 deg 	 Angle(n, nold): 0.00 deg 	 Distance in patch: 2.227E-03 	 Total distance: 2.227E-03 	 Future toggles: 1 	 Past toggles: 1 	 Toggled: [[3, array([177], dtype=int64), array([[ True]])]] 	 class: [1 8]
12:27:26,881 root DEBUG Check patch-by-patch distances for success (dOFF_patch>dON_patch) and ratio (dOFF_patch/dON_patch):
12:27:26,881 root DEBUG 	 nT= 1  	 success?    True    	 (dON-dOFF)/|dON+dOFF|: 99.85 	 cIDON = [0 8], cIDOFF = [1 8]
12:27:26,881 root DEBUG ===> #(dOFF_patch>dON_patch) = 1/1 = 100.00%
12:27:26,881 root DEBUG dOFF/dON = 1378.3
12:27:26,881 root DEBUG {'CHOOSE_DX': 'along_decision_boundary', 'dxONAngle': 86.84385660838288, 'dON1': 1.616130437695715e-06, 'cIDON1': array([0, 8], dtype=int64), 'dON_patch_1': 1.616130437695715e-06, 'nTON': 1, 'dON': 1.616130437695715e-06, 'dxOFFAngle': 89.97942247562955, 'dOFF1': 0.002227473169142348, 'cIDOFF1': array([1, 8], dtype=int64), 'dOFF_patch_1': 0.002227473169142348, 'nTOFF': 1, 'dOFF': 0.002227473169142348, 'SUCCESS': True}
12:27:26,889 root DEBUG 

=================== Experiment ID #12 	 Dual Point ID: 15 ===================
12:27:26,921 root DEBUG CONTROL: 	 OK! 	 (target neuron output < tolerance: |1.611E-07|<1.000E-06)
12:27:26,921 root DEBUG CONTROL DUAL POINT: Check that target neuron output < tolerance ({tol:.3E}) at x_dual.
12:27:27,306 root DEBUG Side: ON	 Angle(dx0, dx): 3.08 deg 	 Angle(n, nold): 0.00 deg 	 Distance in patch: 1.031E-02 	 Total distance: 1.031E-02 	 Future toggles: 1 	 Past toggles: 1 	 Toggled: [[3, array([5], dtype=int64), array([[False]])]] 	 class: [7 9]
12:27:27,704 root DEBUG Side: OFF	 Angle(dx0, dx): 5.99 deg 	 Angle(n, nold): 0.00 deg 	 Distance in patch: 2.812E-02 	 Total distance: 2.812E-02 	 Future toggles: 0 	 Past toggles: 1 	 Toggled: [[2, array([238], dtype=int64), array([[False]])]] 	 class: [7 9]
12:27:27,890 root DEBUG Side: OFF	 Angle(dx0, dx): 10.37 deg 	 Angle(n, nold): 11.34 deg 	 Distance in patch: 2.149E-03 	 Total distance: 3.027E-02 	 Future toggles: 0 	 Past toggles: 2 	 Toggled: [[1, array([195], dtype=int64), array([[False]])]] 	 class: [7 9]
12:27:28,46 root DEBUG Side: OFF	 Angle(dx0, dx): 3.07 deg 	 Angle(n, nold): 0.00 deg 	 Distance in patch: 1.106E-02 	 Total distance: 4.133E-02 	 Future toggles: 0 	 Past toggles: 3 	 Toggled: [[2, array([59], dtype=int64), array([[False]])]] 	 class: [7 9]
12:27:28,279 root DEBUG Side: OFF	 Angle(dx0, dx): 3.06 deg 	 Angle(n, nold): 0.00 deg 	 Distance in patch: 6.381E-02 	 Total distance: 1.051E-01 	 Future toggles: 0 	 Past toggles: 4 	 Toggled: [[2, array([76], dtype=int64), array([[False]])]] 	 class: [7 9]
12:27:28,472 root DEBUG Side: OFF	 Angle(dx0, dx): 8.97 deg 	 Angle(n, nold): 0.00 deg 	 Distance in patch: 1.803E-02 	 Total distance: 1.232E-01 	 Future toggles: 1 	 Past toggles: 1 	 Toggled: [[3, array([121], dtype=int64), array([[False]])]] 	 class: [7 9]
12:27:28,472 root DEBUG Check patch-by-patch distances for success (dOFF_patch>dON_patch) and ratio (dOFF_patch/dON_patch):
12:27:28,472 root DEBUG 	 nT= 1  	 success?    True    	 (dON-dOFF)/|dON+dOFF|: 84.55 	 cIDON = [7 9], cIDOFF = [7 9]
12:27:28,472 root DEBUG ===> #(dOFF_patch>dON_patch) = 1/1 = 100.00%
12:27:28,472 root DEBUG dOFF/dON = 11.9
12:27:28,472 root DEBUG {'CHOOSE_DX': 'along_decision_boundary', 'dxONAngle': 79.15958599237037, 'dON1': 0.01031285858358657, 'cIDON1': array([7, 9], dtype=int64), 'dON_patch_1': 0.01031285858358657, 'nTON': 1, 'dON': 0.01031285858358657, 'dxOFFAngle': 83.85308843969082, 'dOFF1': 0.12315998366630583, 'cIDOFF1': array([7, 9], dtype=int64), 'dOFF_patch_1': 0.12315998366630583, 'nTOFF': 1, 'dOFF': 0.12315998366630583, 'SUCCESS': True}
12:27:28,482 root DEBUG 

=================== Experiment ID #13 	 Dual Point ID: 16 ===================
12:27:28,509 root DEBUG CONTROL: 	 OK! 	 (target neuron output < tolerance: |5.713E-08|<1.000E-06)
12:27:28,509 root DEBUG CONTROL DUAL POINT: Check that target neuron output < tolerance ({tol:.3E}) at x_dual.
12:27:28,858 root DEBUG Side: ON	 Angle(dx0, dx): 6.35 deg 	 Angle(n, nold): 0.00 deg 	 Distance in patch: 1.687E-02 	 Total distance: 1.687E-02 	 Future toggles: 1 	 Past toggles: 1 	 Toggled: [[4, array([8], dtype=int64), array([[False]])]] 	 class: [6 9]
12:27:29,153 root DEBUG Side: OFF	 Angle(dx0, dx): 0.24 deg 	 Angle(n, nold): 0.00 deg 	 Distance in patch: 5.012E-03 	 Total distance: 5.012E-03 	 Future toggles: 0 	 Past toggles: 1 	 Toggled: [[2, array([98], dtype=int64), array([[ True]])]] 	 class: [6 9]
12:27:29,320 root DEBUG Side: OFF	 Angle(dx0, dx): 1.48 deg 	 Angle(n, nold): 1.42 deg 	 Distance in patch: 1.406E-02 	 Total distance: 1.908E-02 	 Future toggles: 0 	 Past toggles: 2 	 Toggled: [[1, array([212], dtype=int64), array([[ True]])]] 	 class: [6 9]
12:27:29,566 root DEBUG Side: OFF	 Angle(dx0, dx): 0.17 deg 	 Angle(n, nold): 0.00 deg 	 Distance in patch: 1.219E-02 	 Total distance: 3.126E-02 	 Future toggles: 1 	 Past toggles: 1 	 Toggled: [[3, array([19], dtype=int64), array([[False]])]] 	 class: [6 9]
12:27:29,566 root DEBUG Check patch-by-patch distances for success (dOFF_patch>dON_patch) and ratio (dOFF_patch/dON_patch):
12:27:29,566 root DEBUG 	 nT= 1  	 success?    True    	 (dON-dOFF)/|dON+dOFF|: 29.90 	 cIDON = [6 9], cIDOFF = [6 9]
12:27:29,567 root DEBUG ===> #(dOFF_patch>dON_patch) = 1/1 = 100.00%
12:27:29,567 root DEBUG dOFF/dON = 1.9
12:27:29,567 root DEBUG {'CHOOSE_DX': 'along_decision_boundary', 'dxONAngle': 87.14616654168712, 'dON1': 0.016870498943916318, 'cIDON1': array([6, 9], dtype=int64), 'dON_patch_1': 0.016870498943916318, 'nTON': 1, 'dON': 0.016870498943916318, 'dxOFFAngle': 84.66714273243755, 'dOFF1': 0.03126294934467462, 'cIDOFF1': array([6, 9], dtype=int64), 'dOFF_patch_1': 0.03126294934467462, 'nTOFF': 1, 'dOFF': 0.03126294934467462, 'SUCCESS': True}
12:27:29,579 root DEBUG 

=================== Experiment ID #14 	 Dual Point ID: 17 ===================
12:27:29,609 root DEBUG CONTROL: 	 OK! 	 (target neuron output < tolerance: |7.423E-08|<1.000E-06)
12:27:29,609 root DEBUG CONTROL DUAL POINT: Check that target neuron output < tolerance ({tol:.3E}) at x_dual.
12:27:29,982 root DEBUG Side: ON	 Angle(dx0, dx): 1.06 deg 	 Angle(n, nold): 0.00 deg 	 Distance in patch: 2.281E-02 	 Total distance: 2.281E-02 	 Future toggles: 1 	 Past toggles: 1 	 Toggled: [[3, array([53], dtype=int64), array([[False]])]] 	 class: [2 9]
12:27:30,318 root DEBUG Side: OFF	 Angle(dx0, dx): 4.82 deg 	 Angle(n, nold): 5.09 deg 	 Distance in patch: 9.542E-03 	 Total distance: 9.542E-03 	 Future toggles: 0 	 Past toggles: 1 	 Toggled: [[1, array([230], dtype=int64), array([[ True]])]] 	 class: [2 9]
12:27:30,516 root DEBUG Side: OFF	 Angle(dx0, dx): 4.36 deg 	 Angle(n, nold): 0.00 deg 	 Distance in patch: 3.128E-02 	 Total distance: 4.082E-02 	 Future toggles: 1 	 Past toggles: 1 	 Toggled: [[3, array([7], dtype=int64), array([[ True]])]] 	 class: [2 9]
12:27:30,516 root DEBUG Check patch-by-patch distances for success (dOFF_patch>dON_patch) and ratio (dOFF_patch/dON_patch):
12:27:30,517 root DEBUG 	 nT= 1  	 success?    True    	 (dON-dOFF)/|dON+dOFF|: 28.31 	 cIDON = [2 9], cIDOFF = [2 9]
12:27:30,517 root DEBUG ===> #(dOFF_patch>dON_patch) = 1/1 = 100.00%
12:27:30,517 root DEBUG dOFF/dON = 1.8
12:27:30,517 root DEBUG {'CHOOSE_DX': 'along_decision_boundary', 'dxONAngle': 86.83943641240057, 'dON1': 0.022807799375891228, 'cIDON1': array([2, 9], dtype=int64), 'dON_patch_1': 0.022807799375891228, 'nTON': 1, 'dON': 0.022807799375891228, 'dxOFFAngle': 83.21844081243304, 'dOFF1': 0.04082204365745071, 'cIDOFF1': array([2, 9], dtype=int64), 'dOFF_patch_1': 0.04082204365745071, 'nTOFF': 1, 'dOFF': 0.04082204365745071, 'SUCCESS': True}
12:27:30,527 root DEBUG 

=================== Experiment ID #15 	 Dual Point ID: 18 ===================
12:27:30,563 root DEBUG CONTROL: 	 OK! 	 (target neuron output < tolerance: |4.803E-07|<1.000E-06)
12:27:30,563 root DEBUG CONTROL DUAL POINT: Check that target neuron output < tolerance ({tol:.3E}) at x_dual.
12:27:30,846 root DEBUG Side: ON	 Angle(dx0, dx): 17.92 deg 	 Angle(n, nold): 16.89 deg 	 Distance in patch: 1.259E-01 	 Total distance: 1.259E-01 	 Future toggles: 0 	 Past toggles: 1 	 Toggled: [[1, array([227], dtype=int64), array([[ True]])]] 	 class: [0 1]
12:27:30,975 root DEBUG Side: ON	 Angle(dx0, dx): 17.92 deg 	 Angle(n, nold): 16.89 deg 	 Distance in patch: 7.291E-08 	 Total distance: 1.259E-01 	 Future toggles: 0 	 Past toggles: 1 	 Toggled: [[1, array([227], dtype=int64), array([[False]])]] 	 class: [0 1]
12:27:31,177 root DEBUG Side: ON	 Angle(dx0, dx): 17.92 deg 	 Angle(n, nold): 16.89 deg 	 Distance in patch: 3.020E-07 	 Total distance: 1.259E-01 	 Future toggles: 0 	 Past toggles: 1 	 Toggled: [[1, array([227], dtype=int64), array([[ True]])]] 	 class: [0 1]
12:27:31,339 root DEBUG Side: ON	 Angle(dx0, dx): 17.92 deg 	 Angle(n, nold): 16.89 deg 	 Distance in patch: 7.291E-08 	 Total distance: 1.259E-01 	 Future toggles: 0 	 Past toggles: 1 	 Toggled: [[1, array([227], dtype=int64), array([[False]])]] 	 class: [0 1]
12:27:31,353 root DEBUG Got stuck in too many past-layer relus.
12:27:31,491 root DEBUG DISCARD POINT! No toggles were recorded successfully: results['nTON']=0, results['nTOFF']=0.
12:27:31,492 root DEBUG DISCARD POINT! No toggles were recorded successfully: results['nTON']=0, results['nTOFF']=0.
12:27:31,493 root DEBUG 

=================== Experiment ID #15 	 Dual Point ID: 19 ===================
12:27:31,513 root DEBUG CONTROL: 	 WARNING! 	 (target neuron output > tolerance: |2.331E-03|>1.000E-06)
12:27:31,514 root DEBUG CONTROL DUAL POINT: Check that target neuron output < tolerance ({tol:.3E}) at x_dual.
12:27:31,514 root DEBUG CONTROL DUAL POINT: Check that target neuron output < tolerance ({tol:.3E}) at x_dual.
12:27:31,514 root DEBUG 

=================== Experiment ID #15 	 Dual Point ID: 20 ===================
12:27:31,534 root DEBUG CONTROL: 	 OK! 	 (target neuron output < tolerance: |6.246E-08|<1.000E-06)
12:27:31,535 root DEBUG CONTROL DUAL POINT: Check that target neuron output < tolerance ({tol:.3E}) at x_dual.
12:27:31,951 root DEBUG Side: ON	 Angle(dx0, dx): 0.33 deg 	 Angle(n, nold): 0.41 deg 	 Distance in patch: 1.061E-02 	 Total distance: 1.061E-02 	 Future toggles: 0 	 Past toggles: 1 	 Toggled: [[1, array([247], dtype=int64), array([[False]])]] 	 class: [0 1]
12:27:32,232 root DEBUG Side: ON	 Angle(dx0, dx): 0.59 deg 	 Angle(n, nold): 0.00 deg 	 Distance in patch: 2.871E-02 	 Total distance: 3.932E-02 	 Future toggles: 0 	 Past toggles: 2 	 Toggled: [[2, array([160], dtype=int64), array([[ True]])]] 	 class: [0 1]
12:27:32,467 root DEBUG Side: ON	 Angle(dx0, dx): 8.12 deg 	 Angle(n, nold): 8.16 deg 	 Distance in patch: 2.322E-02 	 Total distance: 6.254E-02 	 Future toggles: 0 	 Past toggles: 3 	 Toggled: [[1, array([60], dtype=int64), array([[False]])]] 	 class: [0 1]
12:27:32,663 root DEBUG Side: ON	 Angle(dx0, dx): 2.22 deg 	 Angle(n, nold): 0.00 deg 	 Distance in patch: 3.861E-04 	 Total distance: 6.293E-02 	 Future toggles: 1 	 Past toggles: 1 	 Toggled: [[3, array([231], dtype=int64), array([[False]])]] 	 class: [0 1]
12:27:33,39 root DEBUG Side: OFF	 Angle(dx0, dx): 0.34 deg 	 Angle(n, nold): 8.14 deg 	 Distance in patch: 2.590E-02 	 Total distance: 2.590E-02 	 Future toggles: 0 	 Past toggles: 1 	 Toggled: [[2, array([141], dtype=int64), array([[False]])]] 	 class: [0 1]
12:27:33,251 root DEBUG Side: OFF	 Angle(dx0, dx): 2.29 deg 	 Angle(n, nold): 0.00 deg 	 Distance in patch: 5.989E-02 	 Total distance: 8.579E-02 	 Future toggles: 0 	 Past toggles: 2 	 Toggled: [[2, array([255], dtype=int64), array([[ True]])]] 	 class: [0 1]
12:27:33,464 root DEBUG Side: OFF	 Angle(dx0, dx): 1.01 deg 	 Angle(n, nold): 1.01 deg 	 Distance in patch: 2.217E-02 	 Total distance: 1.080E-01 	 Future toggles: 0 	 Past toggles: 3 	 Toggled: [[1, array([4], dtype=int64), array([[ True]])]] 	 class: [0 1]
12:27:33,673 root DEBUG Side: OFF	 Angle(dx0, dx): 0.34 deg 	 Angle(n, nold): 0.34 deg 	 Distance in patch: 4.562E-02 	 Total distance: 1.536E-01 	 Future toggles: 0 	 Past toggles: 4 	 Toggled: [[1, array([53], dtype=int64), array([[ True]])]] 	 class: [0 1]
12:27:33,872 root DEBUG Side: OFF	 Angle(dx0, dx): 0.23 deg 	 Angle(n, nold): 0.00 deg 	 Distance in patch: 2.404E-02 	 Total distance: 1.776E-01 	 Future toggles: 0 	 Past toggles: 5 	 Toggled: [[2, array([214], dtype=int64), array([[False]])]] 	 class: [0 1]
12:27:34,68 root DEBUG Side: OFF	 Angle(dx0, dx): 1.94 deg 	 Angle(n, nold): 0.00 deg 	 Distance in patch: 6.389E-03 	 Total distance: 1.840E-01 	 Future toggles: 0 	 Past toggles: 6 	 Toggled: [[2, array([47], dtype=int64), array([[False]])]] 	 class: [0 1]
12:27:34,277 root DEBUG Side: OFF	 Angle(dx0, dx): 0.10 deg 	 Angle(n, nold): 0.00 deg 	 Distance in patch: 1.744E-03 	 Total distance: 1.858E-01 	 Future toggles: 1 	 Past toggles: 1 	 Toggled: [[3, array([153], dtype=int64), array([[False]])]] 	 class: [0 1]
12:27:34,277 root DEBUG Check patch-by-patch distances for success (dOFF_patch>dON_patch) and ratio (dOFF_patch/dON_patch):
12:27:34,277 root DEBUG 	 nT= 1  	 success?    True    	 (dON-dOFF)/|dON+dOFF|: 49.39 	 cIDON = [0 1], cIDOFF = [0 1]
12:27:34,277 root DEBUG ===> #(dOFF_patch>dON_patch) = 1/1 = 100.00%
12:27:34,277 root DEBUG dOFF/dON = 3.0
12:27:34,277 root DEBUG {'CHOOSE_DX': 'along_decision_boundary', 'dxONAngle': 86.29828886944959, 'dON1': 0.06292879831101265, 'cIDON1': array([0, 1], dtype=int64), 'dON_patch_1': 0.06292879831101265, 'nTON': 1, 'dON': 0.06292879831101265, 'dxOFFAngle': 81.42974679453073, 'dOFF1': 0.18575228673027974, 'cIDOFF1': array([0, 1], dtype=int64), 'dOFF_patch_1': 0.18575228673027974, 'nTOFF': 1, 'dOFF': 0.18575228673027974, 'SUCCESS': True}
12:27:34,283 root DEBUG 

=================== Experiment ID #16 	 Dual Point ID: 21 ===================
12:27:34,302 root DEBUG CONTROL: 	 OK! 	 (target neuron output < tolerance: |8.053E-07|<1.000E-06)
12:27:34,302 root DEBUG CONTROL DUAL POINT: Check that target neuron output < tolerance ({tol:.3E}) at x_dual.
12:27:34,641 root DEBUG Side: ON	 Angle(dx0, dx): 1.28 deg 	 Angle(n, nold): 0.00 deg 	 Distance in patch: 1.153E-02 	 Total distance: 1.153E-02 	 Future toggles: 1 	 Past toggles: 1 	 Toggled: [[3, array([236], dtype=int64), array([[False]])]] 	 class: [8 9]
12:27:34,987 root DEBUG Side: OFF	 Angle(dx0, dx): 6.42 deg 	 Angle(n, nold): 0.00 deg 	 Distance in patch: 3.846E-02 	 Total distance: 3.846E-02 	 Future toggles: 0 	 Past toggles: 1 	 Toggled: [[2, array([60], dtype=int64), array([[ True]])]] 	 class: [8 9]
12:27:35,192 root DEBUG Side: OFF	 Angle(dx0, dx): 6.42 deg 	 Angle(n, nold): 0.00 deg 	 Distance in patch: 1.526E-05 	 Total distance: 3.847E-02 	 Future toggles: 0 	 Past toggles: 2 	 Toggled: [[2, array([60], dtype=int64), array([[False]])]] 	 class: [8 9]
12:27:35,343 root DEBUG Side: OFF	 Angle(dx0, dx): 6.42 deg 	 Angle(n, nold): 0.00 deg 	 Distance in patch: 9.027E-08 	 Total distance: 3.847E-02 	 Future toggles: 0 	 Past toggles: 2 	 Toggled: [[2, array([60], dtype=int64), array([[ True]])]] 	 class: [8 9]
12:27:35,521 root DEBUG Side: OFF	 Angle(dx0, dx): 6.42 deg 	 Angle(n, nold): 0.00 deg 	 Distance in patch: 5.086E-06 	 Total distance: 3.848E-02 	 Future toggles: 0 	 Past toggles: 3 	 Toggled: [[2, array([60], dtype=int64), array([[False]])]] 	 class: [8 9]
12:27:35,690 root DEBUG Side: OFF	 Angle(dx0, dx): 6.42 deg 	 Angle(n, nold): 0.00 deg 	 Distance in patch: 9.027E-08 	 Total distance: 3.848E-02 	 Future toggles: 0 	 Past toggles: 3 	 Toggled: [[2, array([60], dtype=int64), array([[ True]])]] 	 class: [8 9]
12:27:35,872 root DEBUG Side: OFF	 Angle(dx0, dx): 6.42 deg 	 Angle(n, nold): 0.00 deg 	 Distance in patch: 5.086E-06 	 Total distance: 3.848E-02 	 Future toggles: 0 	 Past toggles: 4 	 Toggled: [[2, array([60], dtype=int64), array([[False]])]] 	 class: [8 9]
12:27:36,25 root DEBUG Side: OFF	 Angle(dx0, dx): 6.42 deg 	 Angle(n, nold): 0.00 deg 	 Distance in patch: 9.027E-08 	 Total distance: 3.848E-02 	 Future toggles: 0 	 Past toggles: 4 	 Toggled: [[2, array([60], dtype=int64), array([[ True]])]] 	 class: [8 9]
12:27:36,209 root DEBUG Side: OFF	 Angle(dx0, dx): 6.42 deg 	 Angle(n, nold): 0.00 deg 	 Distance in patch: 5.086E-06 	 Total distance: 3.849E-02 	 Future toggles: 0 	 Past toggles: 5 	 Toggled: [[2, array([60], dtype=int64), array([[False]])]] 	 class: [8 9]
12:27:36,213 root DEBUG Got stuck in too many past-layer relus.
12:27:36,213 root DEBUG DISCARD POINT! No toggles were recorded successfully: results['nTON']=1, results['nTOFF']=0.
12:27:36,213 root DEBUG DISCARD POINT! No toggles were recorded successfully: results['nTON']=1, results['nTOFF']=0.
12:27:36,214 root DEBUG 

=================== Experiment ID #16 	 Dual Point ID: 22 ===================
12:27:36,235 root DEBUG CONTROL: 	 OK! 	 (target neuron output < tolerance: |4.991E-08|<1.000E-06)
12:27:36,235 root DEBUG CONTROL DUAL POINT: Check that target neuron output < tolerance ({tol:.3E}) at x_dual.
12:27:36,588 root DEBUG Side: ON	 Angle(dx0, dx): 15.60 deg 	 Angle(n, nold): 0.00 deg 	 Distance in patch: 9.624E-03 	 Total distance: 9.624E-03 	 Future toggles: 1 	 Past toggles: 1 	 Toggled: [[4, array([7], dtype=int64), array([[ True]])]] 	 class: [3 8]
12:27:36,926 root DEBUG Side: OFF	 Angle(dx0, dx): 0.62 deg 	 Angle(n, nold): 0.00 deg 	 Distance in patch: 3.569E-02 	 Total distance: 3.569E-02 	 Future toggles: 1 	 Past toggles: 1 	 Toggled: [[3, array([193], dtype=int64), array([[False]])]] 	 class: [3 8]
12:27:36,927 root DEBUG Check patch-by-patch distances for success (dOFF_patch>dON_patch) and ratio (dOFF_patch/dON_patch):
12:27:36,927 root DEBUG 	 nT= 1  	 success?    True    	 (dON-dOFF)/|dON+dOFF|: 57.53 	 cIDON = [3 8], cIDOFF = [3 8]
12:27:36,927 root DEBUG ===> #(dOFF_patch>dON_patch) = 1/1 = 100.00%
12:27:36,927 root DEBUG dOFF/dON = 3.7
12:27:36,927 root DEBUG {'CHOOSE_DX': 'along_decision_boundary', 'dxONAngle': 71.41094566293081, 'dON1': 0.00962401002026613, 'cIDON1': array([3, 8], dtype=int64), 'dON_patch_1': 0.00962401002026613, 'nTON': 1, 'dON': 0.00962401002026613, 'dxOFFAngle': 81.78671335936639, 'dOFF1': 0.03569332269714426, 'cIDOFF1': array([3, 8], dtype=int64), 'dOFF_patch_1': 0.03569332269714426, 'nTOFF': 1, 'dOFF': 0.03569332269714426, 'SUCCESS': True}
12:27:36,937 root DEBUG 

=================== Experiment ID #17 	 Dual Point ID: 23 ===================
12:27:36,969 root DEBUG CONTROL: 	 OK! 	 (target neuron output < tolerance: |3.978E-08|<1.000E-06)
12:27:36,969 root DEBUG CONTROL DUAL POINT: Check that target neuron output < tolerance ({tol:.3E}) at x_dual.
12:27:37,320 root DEBUG Side: ON	 Angle(dx0, dx): 0.12 deg 	 Angle(n, nold): 0.00 deg 	 Distance in patch: 9.187E-02 	 Total distance: 9.187E-02 	 Future toggles: 0 	 Past toggles: 1 	 Toggled: [[2, array([91], dtype=int64), array([[ True]])]] 	 class: [8 9]
12:27:37,505 root DEBUG Side: ON	 Angle(dx0, dx): 0.68 deg 	 Angle(n, nold): 0.00 deg 	 Distance in patch: 1.612E-02 	 Total distance: 1.080E-01 	 Future toggles: 1 	 Past toggles: 1 	 Toggled: [[4, array([29], dtype=int64), array([[False]])]] 	 class: [8 9]
12:27:37,817 root DEBUG Side: OFF	 Angle(dx0, dx): 1.19 deg 	 Angle(n, nold): 0.00 deg 	 Distance in patch: 2.272E-02 	 Total distance: 2.272E-02 	 Future toggles: 0 	 Past toggles: 1 	 Toggled: [[2, array([186], dtype=int64), array([[False]])]] 	 class: [8 9]
12:27:38,39 root DEBUG Side: OFF	 Angle(dx0, dx): 1.83 deg 	 Angle(n, nold): 0.00 deg 	 Distance in patch: 1.712E-02 	 Total distance: 3.984E-02 	 Future toggles: 1 	 Past toggles: 1 	 Toggled: [[3, array([155], dtype=int64), array([[False]])]] 	 class: [8 9]
12:27:38,39 root DEBUG Check patch-by-patch distances for success (dOFF_patch>dON_patch) and ratio (dOFF_patch/dON_patch):
12:27:38,39 root DEBUG 	 nT= 1  	 success?   False    	 (dON-dOFF)/|dON+dOFF|: -46.10 	 cIDON = [8 9], cIDOFF = [8 9]
12:27:38,39 root DEBUG ===> #(dOFF_patch>dON_patch) = 0/1 = 0.00%
12:27:38,40 root DEBUG dOFF/dON = 0.4
12:27:38,40 root DEBUG {'CHOOSE_DX': 'along_decision_boundary', 'dxONAngle': 86.1233189499605, 'dON1': 0.10798638765230048, 'cIDON1': array([8, 9], dtype=int64), 'dON_patch_1': 0.10798638765230048, 'nTON': 1, 'dON': 0.10798638765230048, 'dxOFFAngle': 87.81550131797303, 'dOFF1': 0.03984002012478766, 'cIDOFF1': array([8, 9], dtype=int64), 'dOFF_patch_1': 0.03984002012478766, 'nTOFF': 1, 'dOFF': 0.03984002012478766, 'SUCCESS': False}
12:27:38,47 root DEBUG 

=================== Experiment ID #18 	 Dual Point ID: 24 ===================
12:27:38,72 root DEBUG CONTROL: 	 OK! 	 (target neuron output < tolerance: |8.410E-09|<1.000E-06)
12:27:38,72 root DEBUG CONTROL DUAL POINT: Check that target neuron output < tolerance ({tol:.3E}) at x_dual.
12:27:38,419 root DEBUG Side: ON	 Angle(dx0, dx): 2.62 deg 	 Angle(n, nold): 0.00 deg 	 Distance in patch: 1.568E-02 	 Total distance: 1.568E-02 	 Future toggles: 1 	 Past toggles: 1 	 Toggled: [[3, array([185], dtype=int64), array([[ True]])]] 	 class: [8 9]
12:27:38,704 root DEBUG Side: OFF	 Angle(dx0, dx): 0.51 deg 	 Angle(n, nold): 0.00 deg 	 Distance in patch: 1.065E-02 	 Total distance: 1.065E-02 	 Future toggles: 0 	 Past toggles: 1 	 Toggled: [[2, array([7], dtype=int64), array([[ True]])]] 	 class: [8 9]
12:27:38,921 root DEBUG Side: OFF	 Angle(dx0, dx): 1.25 deg 	 Angle(n, nold): 0.00 deg 	 Distance in patch: 8.141E-02 	 Total distance: 9.205E-02 	 Future toggles: 1 	 Past toggles: 1 	 Toggled: [[3, array([37], dtype=int64), array([[ True]])]] 	 class: [8 9]
12:27:38,922 root DEBUG Check patch-by-patch distances for success (dOFF_patch>dON_patch) and ratio (dOFF_patch/dON_patch):
12:27:38,922 root DEBUG 	 nT= 1  	 success?    True    	 (dON-dOFF)/|dON+dOFF|: 70.90 	 cIDON = [8 9], cIDOFF = [8 9]
12:27:38,922 root DEBUG ===> #(dOFF_patch>dON_patch) = 1/1 = 100.00%
12:27:38,922 root DEBUG dOFF/dON = 5.9
12:27:38,922 root DEBUG {'CHOOSE_DX': 'along_decision_boundary', 'dxONAngle': 66.68231913813793, 'dON1': 0.015676463658619515, 'cIDON1': array([8, 9], dtype=int64), 'dON_patch_1': 0.015676463658619515, 'nTON': 1, 'dON': 0.015676463658619515, 'dxOFFAngle': 73.63001640645912, 'dOFF1': 0.09205429670595953, 'cIDOFF1': array([8, 9], dtype=int64), 'dOFF_patch_1': 0.09205429670595953, 'nTOFF': 1, 'dOFF': 0.09205429670595953, 'SUCCESS': True}
12:27:38,932 root DEBUG 

=================== Experiment ID #19 	 Dual Point ID: 25 ===================
12:27:38,964 root DEBUG CONTROL: 	 OK! 	 (target neuron output < tolerance: |9.223E-08|<1.000E-06)
12:27:38,964 root DEBUG CONTROL DUAL POINT: Check that target neuron output < tolerance ({tol:.3E}) at x_dual.
12:27:39,361 root DEBUG Side: ON	 Angle(dx0, dx): 0.33 deg 	 Angle(n, nold): 0.00 deg 	 Distance in patch: 4.338E-03 	 Total distance: 4.338E-03 	 Future toggles: 0 	 Past toggles: 1 	 Toggled: [[2, array([149], dtype=int64), array([[False]])]] 	 class: [4 7]
12:27:39,574 root DEBUG Side: ON	 Angle(dx0, dx): 3.02 deg 	 Angle(n, nold): 0.00 deg 	 Distance in patch: 3.400E-03 	 Total distance: 7.738E-03 	 Future toggles: 1 	 Past toggles: 1 	 Toggled: [[4, array([6], dtype=int64), array([[ True]])]] 	 class: [4 7]
12:27:39,901 root DEBUG Side: OFF	 Angle(dx0, dx): 0.19 deg 	 Angle(n, nold): 0.00 deg 	 Distance in patch: 2.416E-02 	 Total distance: 2.416E-02 	 Future toggles: 1 	 Past toggles: 1 	 Toggled: [[4, array([25], dtype=int64), array([[ True]])]] 	 class: [4 7]
12:27:39,901 root DEBUG Check patch-by-patch distances for success (dOFF_patch>dON_patch) and ratio (dOFF_patch/dON_patch):
12:27:39,901 root DEBUG 	 nT= 1  	 success?    True    	 (dON-dOFF)/|dON+dOFF|: 51.48 	 cIDON = [4 7], cIDOFF = [4 7]
12:27:39,902 root DEBUG ===> #(dOFF_patch>dON_patch) = 1/1 = 100.00%
12:27:39,902 root DEBUG dOFF/dON = 3.1
12:27:39,902 root DEBUG {'CHOOSE_DX': 'along_decision_boundary', 'dxONAngle': 85.70292667653564, 'dON1': 0.007737828474447334, 'cIDON1': array([4, 7], dtype=int64), 'dON_patch_1': 0.007737828474447334, 'nTON': 1, 'dON': 0.007737828474447334, 'dxOFFAngle': 85.42319250392448, 'dOFF1': 0.02415664834921776, 'cIDOFF1': array([4, 7], dtype=int64), 'dOFF_patch_1': 0.02415664834921776, 'nTOFF': 1, 'dOFF': 0.02415664834921776, 'SUCCESS': True}
12:27:39,911 root DEBUG 

=================== Experiment ID #20 	 Dual Point ID: 26 ===================
12:27:39,932 root DEBUG CONTROL: 	 OK! 	 (target neuron output < tolerance: |2.946E-07|<1.000E-06)
12:27:39,932 root DEBUG CONTROL DUAL POINT: Check that target neuron output < tolerance ({tol:.3E}) at x_dual.
12:27:40,256 root DEBUG Side: ON	 Angle(dx0, dx): 1.38 deg 	 Angle(n, nold): 0.00 deg 	 Distance in patch: 1.391E-02 	 Total distance: 1.391E-02 	 Future toggles: 1 	 Past toggles: 1 	 Toggled: [[3, array([224], dtype=int64), array([[ True]])]] 	 class: [0 9]
12:27:40,601 root DEBUG Side: OFF	 Angle(dx0, dx): 10.86 deg 	 Angle(n, nold): 0.00 deg 	 Distance in patch: 4.223E-02 	 Total distance: 4.223E-02 	 Future toggles: 1 	 Past toggles: 1 	 Toggled: [[5, array([1, 2], dtype=int64), array([[0.],
       [1.]])]] 	 class: [2 9]
12:27:40,601 root DEBUG Check patch-by-patch distances for success (dOFF_patch>dON_patch) and ratio (dOFF_patch/dON_patch):
12:27:40,602 root DEBUG 	 nT= 1  	 success?    True    	 (dON-dOFF)/|dON+dOFF|: 50.46 	 cIDON = [0 9], cIDOFF = [1 9]
12:27:40,602 root DEBUG ===> #(dOFF_patch>dON_patch) = 1/1 = 100.00%
12:27:40,602 root DEBUG dOFF/dON = 3.0
12:27:40,602 root DEBUG {'CHOOSE_DX': 'along_decision_boundary', 'dxONAngle': 86.11215333874551, 'dON1': 0.013907192493249508, 'cIDON1': array([0, 9], dtype=int64), 'dON_patch_1': 0.013907192493249508, 'nTON': 1, 'dON': 0.013907192493249508, 'dxOFFAngle': 89.46334529991898, 'dOFF1': 0.04223442425011428, 'cIDOFF1': array([1, 9], dtype=int64), 'dOFF_patch_1': 0.04223442425011428, 'nTOFF': 1, 'dOFF': 0.04223442425011428, 'SUCCESS': True}
12:27:40,613 root DEBUG 

=================== Experiment ID #21 	 Dual Point ID: 27 ===================
12:27:40,632 root DEBUG CONTROL: 	 OK! 	 (target neuron output < tolerance: |7.658E-07|<1.000E-06)
12:27:40,632 root DEBUG CONTROL DUAL POINT: Check that target neuron output < tolerance ({tol:.3E}) at x_dual.
12:27:41,3 root DEBUG Side: ON	 Angle(dx0, dx): 1.42 deg 	 Angle(n, nold): 0.00 deg 	 Distance in patch: 3.627E-02 	 Total distance: 3.627E-02 	 Future toggles: 1 	 Past toggles: 1 	 Toggled: [[3, array([19], dtype=int64), array([[ True]])]] 	 class: [8 9]
12:27:41,322 root DEBUG Side: OFF	 Angle(dx0, dx): 0.47 deg 	 Angle(n, nold): 0.00 deg 	 Distance in patch: 2.065E-02 	 Total distance: 2.065E-02 	 Future toggles: 0 	 Past toggles: 1 	 Toggled: [[2, array([24], dtype=int64), array([[False]])]] 	 class: [8 9]
12:27:41,544 root DEBUG Side: OFF	 Angle(dx0, dx): 0.62 deg 	 Angle(n, nold): 0.00 deg 	 Distance in patch: 1.806E-01 	 Total distance: 2.013E-01 	 Future toggles: 0 	 Past toggles: 2 	 Toggled: [[2, array([119], dtype=int64), array([[ True]])]] 	 class: [8 9]
12:27:41,742 root DEBUG Side: OFF	 Angle(dx0, dx): 4.35 deg 	 Angle(n, nold): 0.00 deg 	 Distance in patch: 1.678E-02 	 Total distance: 2.181E-01 	 Future toggles: 1 	 Past toggles: 1 	 Toggled: [[3, array([184], dtype=int64), array([[False]])]] 	 class: [8 9]
12:27:41,742 root DEBUG Check patch-by-patch distances for success (dOFF_patch>dON_patch) and ratio (dOFF_patch/dON_patch):
12:27:41,742 root DEBUG 	 nT= 1  	 success?    True    	 (dON-dOFF)/|dON+dOFF|: 71.48 	 cIDON = [8 9], cIDOFF = [8 9]
12:27:41,742 root DEBUG ===> #(dOFF_patch>dON_patch) = 1/1 = 100.00%
12:27:41,742 root DEBUG dOFF/dON = 6.0
12:27:41,742 root DEBUG {'CHOOSE_DX': 'along_decision_boundary', 'dxONAngle': 88.36500372595633, 'dON1': 0.03626803392216914, 'cIDON1': array([8, 9], dtype=int64), 'dON_patch_1': 0.03626803392216914, 'nTON': 1, 'dON': 0.03626803392216914, 'dxOFFAngle': 87.3125399350928, 'dOFF1': 0.2180588161381518, 'cIDOFF1': array([8, 9], dtype=int64), 'dOFF_patch_1': 0.2180588161381518, 'nTOFF': 1, 'dOFF': 0.2180588161381518, 'SUCCESS': True}
12:27:41,749 root DEBUG 

=================== Experiment ID #22 	 Dual Point ID: 28 ===================
12:27:41,773 root DEBUG CONTROL: 	 OK! 	 (target neuron output < tolerance: |5.413E-07|<1.000E-06)
12:27:41,773 root DEBUG CONTROL DUAL POINT: Check that target neuron output < tolerance ({tol:.3E}) at x_dual.
12:27:42,107 root DEBUG Side: ON	 Angle(dx0, dx): 26.66 deg 	 Angle(n, nold): 28.91 deg 	 Distance in patch: 3.148E-02 	 Total distance: 3.148E-02 	 Future toggles: 0 	 Past toggles: 1 	 Toggled: [[1, array([30], dtype=int64), array([[False]])]] 	 class: [2 7]
12:27:42,297 root DEBUG Side: ON	 Angle(dx0, dx): 1.13 deg 	 Angle(n, nold): 0.00 deg 	 Distance in patch: 5.164E-02 	 Total distance: 8.312E-02 	 Future toggles: 1 	 Past toggles: 1 	 Toggled: [[3, array([232], dtype=int64), array([[ True]])]] 	 class: [2 7]
12:27:42,595 root DEBUG Side: OFF	 Angle(dx0, dx): 0.66 deg 	 Angle(n, nold): 28.91 deg 	 Distance in patch: 6.109E-02 	 Total distance: 6.109E-02 	 Future toggles: 1 	 Past toggles: 1 	 Toggled: [[3, array([72], dtype=int64), array([[ True]])]] 	 class: [2 7]
12:27:42,595 root DEBUG Check patch-by-patch distances for success (dOFF_patch>dON_patch) and ratio (dOFF_patch/dON_patch):
12:27:42,596 root DEBUG 	 nT= 1  	 success?   False    	 (dON-dOFF)/|dON+dOFF|: -15.28 	 cIDON = [2 7], cIDOFF = [2 7]
12:27:42,596 root DEBUG ===> #(dOFF_patch>dON_patch) = 0/1 = 0.00%
12:27:42,596 root DEBUG dOFF/dON = 0.7
12:27:42,596 root DEBUG {'CHOOSE_DX': 'along_decision_boundary', 'dxONAngle': 74.53004648228104, 'dON1': 0.08311993079034424, 'cIDON1': array([2, 7], dtype=int64), 'dON_patch_1': 0.08311993079034424, 'nTON': 1, 'dON': 0.08311993079034424, 'dxOFFAngle': 58.431365434678234, 'dOFF1': 0.06108673063985952, 'cIDOFF1': array([2, 7], dtype=int64), 'dOFF_patch_1': 0.06108673063985952, 'nTOFF': 1, 'dOFF': 0.06108673063985952, 'SUCCESS': False}
12:27:42,602 root DEBUG 

=================== Experiment ID #23 	 Dual Point ID: 29 ===================
12:27:42,621 root DEBUG CONTROL: 	 OK! 	 (target neuron output < tolerance: |1.481E-07|<1.000E-06)
12:27:42,621 root DEBUG CONTROL DUAL POINT: Check that target neuron output < tolerance ({tol:.3E}) at x_dual.
12:27:43,28 root DEBUG Side: ON	 Angle(dx0, dx): 0.25 deg 	 Angle(n, nold): 0.00 deg 	 Distance in patch: 2.494E-02 	 Total distance: 2.494E-02 	 Future toggles: 1 	 Past toggles: 1 	 Toggled: [[3, array([195], dtype=int64), array([[ True]])]] 	 class: [0 1]
12:27:43,413 root DEBUG Side: OFF	 Angle(dx0, dx): 6.70 deg 	 Angle(n, nold): 5.91 deg 	 Distance in patch: 1.817E-02 	 Total distance: 1.817E-02 	 Future toggles: 0 	 Past toggles: 1 	 Toggled: [[1, array([116], dtype=int64), array([[False]])]] 	 class: [0 1]
12:27:43,640 root DEBUG Side: OFF	 Angle(dx0, dx): 5.91 deg 	 Angle(n, nold): 0.00 deg 	 Distance in patch: 1.079E-01 	 Total distance: 1.261E-01 	 Future toggles: 0 	 Past toggles: 2 	 Toggled: [[2, array([128], dtype=int64), array([[False]])]] 	 class: [0 1]
12:27:43,903 root DEBUG Side: OFF	 Angle(dx0, dx): 10.49 deg 	 Angle(n, nold): 0.00 deg 	 Distance in patch: 5.527E-02 	 Total distance: 1.814E-01 	 Future toggles: 1 	 Past toggles: 1 	 Toggled: [[4, array([37], dtype=int64), array([[ True]])]] 	 class: [0 1]
12:27:43,903 root DEBUG Check patch-by-patch distances for success (dOFF_patch>dON_patch) and ratio (dOFF_patch/dON_patch):
12:27:43,903 root DEBUG 	 nT= 1  	 success?    True    	 (dON-dOFF)/|dON+dOFF|: 75.82 	 cIDON = [0 1], cIDOFF = [0 1]
12:27:43,904 root DEBUG ===> #(dOFF_patch>dON_patch) = 1/1 = 100.00%
12:27:43,904 root DEBUG dOFF/dON = 7.3
12:27:43,904 root DEBUG {'CHOOSE_DX': 'along_decision_boundary', 'dxONAngle': 76.7397362510749, 'dON1': 0.02494183689340898, 'cIDON1': array([0, 1], dtype=int64), 'dON_patch_1': 0.02494183689340898, 'nTON': 1, 'dON': 0.02494183689340898, 'dxOFFAngle': 80.94753176233911, 'dOFF1': 0.1813764656275091, 'cIDOFF1': array([0, 1], dtype=int64), 'dOFF_patch_1': 0.1813764656275091, 'nTOFF': 1, 'dOFF': 0.1813764656275091, 'SUCCESS': True}
12:27:43,914 root DEBUG 

=================== Experiment ID #24 	 Dual Point ID: 30 ===================
12:27:43,950 root DEBUG CONTROL: 	 OK! 	 (target neuron output < tolerance: |3.412E-07|<1.000E-06)
12:27:43,951 root DEBUG CONTROL DUAL POINT: Check that target neuron output < tolerance ({tol:.3E}) at x_dual.
12:27:44,284 root DEBUG Side: ON	 Angle(dx0, dx): 8.16 deg 	 Angle(n, nold): 0.00 deg 	 Distance in patch: 6.600E-03 	 Total distance: 6.600E-03 	 Future toggles: 1 	 Past toggles: 1 	 Toggled: [[3, array([87], dtype=int64), array([[ True]])]] 	 class: [7 9]
12:27:44,582 root DEBUG Side: OFF	 Angle(dx0, dx): 26.38 deg 	 Angle(n, nold): 0.00 deg 	 Distance in patch: 2.272E-02 	 Total distance: 2.272E-02 	 Future toggles: 1 	 Past toggles: 1 	 Toggled: [[5, array([0, 9], dtype=int64), array([[1.],
       [0.]])]] 	 class: [0 7]
12:27:44,582 root DEBUG Check patch-by-patch distances for success (dOFF_patch>dON_patch) and ratio (dOFF_patch/dON_patch):
12:27:44,582 root DEBUG 	 nT= 1  	 success?    True    	 (dON-dOFF)/|dON+dOFF|: 54.98 	 cIDON = [7 9], cIDOFF = [7 9]
12:27:44,582 root DEBUG ===> #(dOFF_patch>dON_patch) = 1/1 = 100.00%
12:27:44,582 root DEBUG dOFF/dON = 3.4
12:27:44,582 root DEBUG {'CHOOSE_DX': 'along_decision_boundary', 'dxONAngle': 88.219844181001, 'dON1': 0.006599509322665193, 'cIDON1': array([7, 9], dtype=int64), 'dON_patch_1': 0.006599509322665193, 'nTON': 1, 'dON': 0.006599509322665193, 'dxOFFAngle': 73.54157688808762, 'dOFF1': 0.02272016875686196, 'cIDOFF1': array([7, 9], dtype=int64), 'dOFF_patch_1': 0.02272016875686196, 'nTOFF': 1, 'dOFF': 0.02272016875686196, 'SUCCESS': True}
12:27:44,689 PIL.PngImagePlugin DEBUG STREAM b'IHDR' 16 13
12:27:44,689 PIL.PngImagePlugin DEBUG STREAM b'sBIT' 41 4
12:27:44,689 PIL.PngImagePlugin DEBUG b'sBIT' 41 4 (unknown)
12:27:44,689 PIL.PngImagePlugin DEBUG STREAM b'pHYs' 57 9
12:27:44,689 PIL.PngImagePlugin DEBUG STREAM b'IDAT' 78 1189
12:27:44,693 PIL.PngImagePlugin DEBUG STREAM b'IHDR' 16 13
12:27:44,693 PIL.PngImagePlugin DEBUG STREAM b'sBIT' 41 4
12:27:44,693 PIL.PngImagePlugin DEBUG b'sBIT' 41 4 (unknown)
12:27:44,693 PIL.PngImagePlugin DEBUG STREAM b'pHYs' 57 9
12:27:44,693 PIL.PngImagePlugin DEBUG STREAM b'IDAT' 78 2994
12:27:44,705 PIL.PngImagePlugin DEBUG STREAM b'IHDR' 16 13
12:27:44,705 PIL.PngImagePlugin DEBUG STREAM b'sBIT' 41 4
12:27:44,705 PIL.PngImagePlugin DEBUG b'sBIT' 41 4 (unknown)
12:27:44,705 PIL.PngImagePlugin DEBUG STREAM b'pHYs' 57 9
12:27:44,705 PIL.PngImagePlugin DEBUG STREAM b'IDAT' 78 696
12:27:44,708 PIL.PngImagePlugin DEBUG STREAM b'IHDR' 16 13
12:27:44,708 PIL.PngImagePlugin DEBUG STREAM b'sBIT' 41 4
12:27:44,708 PIL.PngImagePlugin DEBUG b'sBIT' 41 4 (unknown)
12:27:44,708 PIL.PngImagePlugin DEBUG STREAM b'pHYs' 57 9
12:27:44,708 PIL.PngImagePlugin DEBUG STREAM b'IDAT' 78 526
12:27:44,711 PIL.PngImagePlugin DEBUG STREAM b'IHDR' 16 13
12:27:44,711 PIL.PngImagePlugin DEBUG STREAM b'sBIT' 41 4
12:27:44,711 PIL.PngImagePlugin DEBUG b'sBIT' 41 4 (unknown)
12:27:44,711 PIL.PngImagePlugin DEBUG STREAM b'pHYs' 57 9
12:27:44,711 PIL.PngImagePlugin DEBUG STREAM b'IDAT' 78 499
12:27:44,713 PIL.PngImagePlugin DEBUG STREAM b'IHDR' 16 13
12:27:44,713 PIL.PngImagePlugin DEBUG STREAM b'sBIT' 41 4
12:27:44,713 PIL.PngImagePlugin DEBUG b'sBIT' 41 4 (unknown)
12:27:44,713 PIL.PngImagePlugin DEBUG STREAM b'pHYs' 57 9
12:27:44,713 PIL.PngImagePlugin DEBUG STREAM b'IDAT' 78 673
12:27:44,717 PIL.PngImagePlugin DEBUG STREAM b'IHDR' 16 13
12:27:44,717 PIL.PngImagePlugin DEBUG STREAM b'sBIT' 41 4
12:27:44,717 PIL.PngImagePlugin DEBUG b'sBIT' 41 4 (unknown)
12:27:44,717 PIL.PngImagePlugin DEBUG STREAM b'pHYs' 57 9
12:27:44,718 PIL.PngImagePlugin DEBUG STREAM b'IDAT' 78 922
12:27:44,722 PIL.PngImagePlugin DEBUG STREAM b'IHDR' 16 13
12:27:44,722 PIL.PngImagePlugin DEBUG STREAM b'sBIT' 41 4
12:27:44,723 PIL.PngImagePlugin DEBUG b'sBIT' 41 4 (unknown)
12:27:44,723 PIL.PngImagePlugin DEBUG STREAM b'pHYs' 57 9
12:27:44,723 PIL.PngImagePlugin DEBUG STREAM b'IDAT' 78 568
12:27:44,728 PIL.PngImagePlugin DEBUG STREAM b'IHDR' 16 13
12:27:44,728 PIL.PngImagePlugin DEBUG STREAM b'sBIT' 41 4
12:27:44,728 PIL.PngImagePlugin DEBUG b'sBIT' 41 4 (unknown)
12:27:44,729 PIL.PngImagePlugin DEBUG STREAM b'pHYs' 57 9
12:27:44,729 PIL.PngImagePlugin DEBUG STREAM b'IDAT' 78 626
