10:19:32,892 root DEBUG Check that model weights are dtype tf.float64: 	 <dtype: 'float64'>
10:19:32,893 root INFO eps: 1e-06
10:19:32,893 root INFO tol: 1e-06
10:19:33,56 root DEBUG Load dual points from file: ../data/dual_points_cifar10_3x256_64_10_float64.
10:19:33,70 root DEBUG 

=================== Experiment ID #0 	 Dual Point ID: 1 ===================
10:19:33,79 root DEBUG CONTROL: 	 OK! 	 (target neuron output < tolerance: |4.596E-07|<1.000E-06)
10:19:33,79 root DEBUG CONTROL DUAL POINT: Check that target neuron output < tolerance ({tol:.3E}) at x_dual.
10:19:33,422 root DEBUG Side: ON	 Angle(dx0, dx): 4.16 deg 	 Angle(n, nold): 0.00 deg 	 Distance in patch: 7.972E-02 	 Total distance: 7.972E-02 	 Future toggles: 1 	 Past toggles: 1 	 Toggled: [[3, array([30], dtype=int64), array([[ True]])]] 	 class: [2 7]
10:19:33,876 root DEBUG Side: OFF	 Angle(dx0, dx): 1.09 deg 	 Angle(n, nold): 0.00 deg 	 Distance in patch: 9.580E-02 	 Total distance: 9.580E-02 	 Future toggles: 1 	 Past toggles: 1 	 Toggled: [[2, array([178], dtype=int64), array([[False]])]] 	 class: [2 7]
10:19:33,876 root DEBUG Check patch-by-patch distances for success (dOFF_patch>dON_patch) and ratio (dOFF_patch/dON_patch):
10:19:33,877 root DEBUG 	 nT= 1  	 success?    True    	 (dON-dOFF)/|dON+dOFF|: 9.17 	 cIDON = [2 7], cIDOFF = [2 7]
10:19:33,877 root DEBUG ===> #(dOFF_patch>dON_patch) = 1/1 = 100.00%
10:19:33,877 root DEBUG dOFF/dON = 1.2
10:19:33,877 root DEBUG {'CHOOSE_DX': 'along_decision_boundary', 'dxONAngle': 88.65831691616178, 'dON1': 0.07971785505623565, 'cIDON1': array([2, 7], dtype=int64), 'dON_patch_1': 0.07971785505623565, 'nTON': 1, 'dON': 0.07971785505623565, 'dxOFFAngle': 86.93940150025142, 'dOFF1': 0.09580470607590247, 'cIDOFF1': array([2, 7], dtype=int64), 'dOFF_patch_1': 0.09580470607590247, 'nTOFF': 1, 'dOFF': 0.09580470607590247, 'SUCCESS': True}
10:19:33,982 root DEBUG 

=================== Experiment ID #1 	 Dual Point ID: 2 ===================
10:19:33,998 root DEBUG CONTROL: 	 OK! 	 (target neuron output < tolerance: |4.780E-08|<1.000E-06)
10:19:33,998 root DEBUG CONTROL DUAL POINT: Check that target neuron output < tolerance ({tol:.3E}) at x_dual.
10:19:34,478 root DEBUG Side: ON	 Angle(dx0, dx): 2.40 deg 	 Angle(n, nold): 0.00 deg 	 Distance in patch: 6.137E-02 	 Total distance: 6.137E-02 	 Future toggles: 1 	 Past toggles: 1 	 Toggled: [[2, array([185], dtype=int64), array([[ True]])]] 	 class: [2 7]
10:19:34,810 root DEBUG Side: OFF	 Angle(dx0, dx): 4.31 deg 	 Angle(n, nold): 0.00 deg 	 Distance in patch: 9.098E-02 	 Total distance: 9.098E-02 	 Future toggles: 1 	 Past toggles: 1 	 Toggled: [[5, array([2, 9], dtype=int64), array([[0.],
       [1.]])]] 	 class: [7 9]
10:19:34,810 root DEBUG Check patch-by-patch distances for success (dOFF_patch>dON_patch) and ratio (dOFF_patch/dON_patch):
10:19:34,810 root DEBUG 	 nT= 1  	 success?    True    	 (dON-dOFF)/|dON+dOFF|: 19.44 	 cIDON = [2 7], cIDOFF = [2 7]
10:19:34,810 root DEBUG ===> #(dOFF_patch>dON_patch) = 1/1 = 100.00%
10:19:34,810 root DEBUG dOFF/dON = 1.5
10:19:34,810 root DEBUG {'CHOOSE_DX': 'along_decision_boundary', 'dxONAngle': 88.63094081666449, 'dON1': 0.06137192903731583, 'cIDON1': array([2, 7], dtype=int64), 'dON_patch_1': 0.06137192903731583, 'nTON': 1, 'dON': 0.06137192903731583, 'dxOFFAngle': 89.1390662277718, 'dOFF1': 0.0909827483250715, 'cIDOFF1': array([2, 7], dtype=int64), 'dOFF_patch_1': 0.0909827483250715, 'nTOFF': 1, 'dOFF': 0.0909827483250715, 'SUCCESS': True}
10:19:34,899 root DEBUG 

=================== Experiment ID #2 	 Dual Point ID: 3 ===================
10:19:34,910 root DEBUG CONTROL: 	 OK! 	 (target neuron output < tolerance: |8.965E-09|<1.000E-06)
10:19:34,910 root DEBUG CONTROL DUAL POINT: Check that target neuron output < tolerance ({tol:.3E}) at x_dual.
10:19:35,302 root DEBUG Side: ON	 Angle(dx0, dx): 1.24 deg 	 Angle(n, nold): 0.00 deg 	 Distance in patch: 6.787E-02 	 Total distance: 6.787E-02 	 Future toggles: 1 	 Past toggles: 1 	 Toggled: [[3, array([151], dtype=int64), array([[False]])]] 	 class: [3 6]
10:19:35,712 root DEBUG Side: OFF	 Angle(dx0, dx): 1.43 deg 	 Angle(n, nold): 0.00 deg 	 Distance in patch: 2.026E-01 	 Total distance: 2.026E-01 	 Future toggles: 1 	 Past toggles: 1 	 Toggled: [[2, array([211], dtype=int64), array([[ True]])]] 	 class: [3 6]
10:19:35,712 root DEBUG Check patch-by-patch distances for success (dOFF_patch>dON_patch) and ratio (dOFF_patch/dON_patch):
10:19:35,712 root DEBUG 	 nT= 1  	 success?    True    	 (dON-dOFF)/|dON+dOFF|: 49.82 	 cIDON = [3 6], cIDOFF = [3 6]
10:19:35,713 root DEBUG ===> #(dOFF_patch>dON_patch) = 1/1 = 100.00%
10:19:35,713 root DEBUG dOFF/dON = 3.0
10:19:35,713 root DEBUG {'CHOOSE_DX': 'along_decision_boundary', 'dxONAngle': 88.88089576627226, 'dON1': 0.06786812835015764, 'cIDON1': array([3, 6], dtype=int64), 'dON_patch_1': 0.06786812835015764, 'nTON': 1, 'dON': 0.06786812835015764, 'dxOFFAngle': 85.44086211608395, 'dOFF1': 0.20263848878074833, 'cIDOFF1': array([3, 6], dtype=int64), 'dOFF_patch_1': 0.20263848878074833, 'nTOFF': 1, 'dOFF': 0.20263848878074833, 'SUCCESS': True}
10:19:35,852 root DEBUG 

=================== Experiment ID #3 	 Dual Point ID: 4 ===================
10:19:35,860 root DEBUG CONTROL: 	 OK! 	 (target neuron output < tolerance: |5.179E-07|<1.000E-06)
10:19:35,860 root DEBUG CONTROL DUAL POINT: Check that target neuron output < tolerance ({tol:.3E}) at x_dual.
10:19:36,166 root DEBUG Side: ON	 Angle(dx0, dx): 2.70 deg 	 Angle(n, nold): 0.00 deg 	 Distance in patch: 7.901E-02 	 Total distance: 7.901E-02 	 Future toggles: 1 	 Past toggles: 1 	 Toggled: [[3, array([220], dtype=int64), array([[False]])]] 	 class: [3 4]
10:19:36,518 root DEBUG Side: OFF	 Angle(dx0, dx): 0.35 deg 	 Angle(n, nold): 0.00 deg 	 Distance in patch: 2.720E-01 	 Total distance: 2.720E-01 	 Future toggles: 1 	 Past toggles: 1 	 Toggled: [[2, array([103], dtype=int64), array([[False]])]] 	 class: [3 4]
10:19:36,518 root DEBUG Check patch-by-patch distances for success (dOFF_patch>dON_patch) and ratio (dOFF_patch/dON_patch):
10:19:36,518 root DEBUG 	 nT= 1  	 success?    True    	 (dON-dOFF)/|dON+dOFF|: 54.98 	 cIDON = [3 4], cIDOFF = [3 4]
10:19:36,519 root DEBUG ===> #(dOFF_patch>dON_patch) = 1/1 = 100.00%
10:19:36,519 root DEBUG dOFF/dON = 3.4
10:19:36,519 root DEBUG {'CHOOSE_DX': 'along_decision_boundary', 'dxONAngle': 75.61410805964104, 'dON1': 0.07901415578428586, 'cIDON1': array([3, 4], dtype=int64), 'dON_patch_1': 0.07901415578428586, 'nTON': 1, 'dON': 0.07901415578428586, 'dxOFFAngle': 89.9236044270524, 'dOFF1': 0.27204025812121224, 'cIDOFF1': array([3, 4], dtype=int64), 'dOFF_patch_1': 0.27204025812121224, 'nTOFF': 1, 'dOFF': 0.27204025812121224, 'SUCCESS': True}
10:19:36,668 root DEBUG 

=================== Experiment ID #4 	 Dual Point ID: 5 ===================
10:19:36,677 root DEBUG CONTROL: 	 OK! 	 (target neuron output < tolerance: |2.821E-08|<1.000E-06)
10:19:36,677 root DEBUG CONTROL DUAL POINT: Check that target neuron output < tolerance ({tol:.3E}) at x_dual.
10:19:37,85 root DEBUG Side: ON	 Angle(dx0, dx): 0.15 deg 	 Angle(n, nold): 0.00 deg 	 Distance in patch: 4.707E-02 	 Total distance: 4.707E-02 	 Future toggles: 1 	 Past toggles: 1 	 Toggled: [[2, array([43], dtype=int64), array([[ True]])]] 	 class: [0 1]
10:19:37,461 root DEBUG Side: OFF	 Angle(dx0, dx): 0.08 deg 	 Angle(n, nold): 0.00 deg 	 Distance in patch: 1.281E-01 	 Total distance: 1.281E-01 	 Future toggles: 0 	 Past toggles: 1 	 Toggled: [[1, array([20], dtype=int64), array([[False]])]] 	 class: [0 1]
10:19:37,636 root DEBUG Side: OFF	 Angle(dx0, dx): 0.88 deg 	 Angle(n, nold): 0.00 deg 	 Distance in patch: 1.808E-03 	 Total distance: 1.299E-01 	 Future toggles: 1 	 Past toggles: 1 	 Toggled: [[4, array([27], dtype=int64), array([[ True]])]] 	 class: [0 1]
10:19:37,636 root DEBUG Check patch-by-patch distances for success (dOFF_patch>dON_patch) and ratio (dOFF_patch/dON_patch):
10:19:37,637 root DEBUG 	 nT= 1  	 success?    True    	 (dON-dOFF)/|dON+dOFF|: 46.81 	 cIDON = [0 1], cIDOFF = [0 1]
10:19:37,637 root DEBUG ===> #(dOFF_patch>dON_patch) = 1/1 = 100.00%
10:19:37,637 root DEBUG dOFF/dON = 2.8
10:19:37,637 root DEBUG {'CHOOSE_DX': 'along_decision_boundary', 'dxONAngle': 83.16697955870622, 'dON1': 0.04707433961690029, 'cIDON1': array([0, 1], dtype=int64), 'dON_patch_1': 0.04707433961690029, 'nTON': 1, 'dON': 0.04707433961690029, 'dxOFFAngle': 86.80470754692716, 'dOFF1': 0.12994492504081484, 'cIDOFF1': array([0, 1], dtype=int64), 'dOFF_patch_1': 0.12994492504081484, 'nTOFF': 1, 'dOFF': 0.12994492504081484, 'SUCCESS': True}
10:19:37,824 root DEBUG 

=================== Experiment ID #5 	 Dual Point ID: 6 ===================
10:19:37,832 root DEBUG CONTROL: 	 OK! 	 (target neuron output < tolerance: |3.842E-09|<1.000E-06)
10:19:37,832 root DEBUG CONTROL DUAL POINT: Check that target neuron output < tolerance ({tol:.3E}) at x_dual.
10:19:38,266 root DEBUG Side: ON	 Angle(dx0, dx): 1.47 deg 	 Angle(n, nold): 0.00 deg 	 Distance in patch: 2.811E-01 	 Total distance: 2.811E-01 	 Future toggles: 1 	 Past toggles: 1 	 Toggled: [[2, array([253], dtype=int64), array([[ True]])]] 	 class: [1 8]
10:19:38,597 root DEBUG Side: OFF	 Angle(dx0, dx): 0.51 deg 	 Angle(n, nold): 0.00 deg 	 Distance in patch: 2.999E-02 	 Total distance: 2.999E-02 	 Future toggles: 1 	 Past toggles: 1 	 Toggled: [[2, array([32], dtype=int64), array([[ True]])]] 	 class: [0 8]
10:19:38,597 root DEBUG Check patch-by-patch distances for success (dOFF_patch>dON_patch) and ratio (dOFF_patch/dON_patch):
10:19:38,597 root DEBUG 	 nT= 1  	 success?   False    	 (dON-dOFF)/|dON+dOFF|: -80.72 	 cIDON = [1 8], cIDOFF = [0 8]
10:19:38,597 root DEBUG ===> #(dOFF_patch>dON_patch) = 0/1 = 0.00%
10:19:38,597 root DEBUG dOFF/dON = 0.1
10:19:38,597 root DEBUG {'CHOOSE_DX': 'along_decision_boundary', 'dxONAngle': 73.29145364326688, 'dON1': 0.2811384606502401, 'cIDON1': array([1, 8], dtype=int64), 'dON_patch_1': 0.2811384606502401, 'nTON': 1, 'dON': 0.2811384606502401, 'dxOFFAngle': 81.97454498480099, 'dOFF1': 0.029994245713431077, 'cIDOFF1': array([0, 8], dtype=int64), 'dOFF_patch_1': 0.029994245713431077, 'nTOFF': 1, 'dOFF': 0.029994245713431077, 'SUCCESS': False}
10:19:38,643 root DEBUG 

=================== Experiment ID #6 	 Dual Point ID: 7 ===================
10:19:38,651 root DEBUG CONTROL: 	 OK! 	 (target neuron output < tolerance: |1.644E-08|<1.000E-06)
10:19:38,651 root DEBUG CONTROL DUAL POINT: Check that target neuron output < tolerance ({tol:.3E}) at x_dual.
10:19:38,999 root DEBUG Side: ON	 Angle(dx0, dx): 1.54 deg 	 Angle(n, nold): 0.00 deg 	 Distance in patch: 4.915E-02 	 Total distance: 4.915E-02 	 Future toggles: 1 	 Past toggles: 1 	 Toggled: [[2, array([204], dtype=int64), array([[ True]])]] 	 class: [5 7]
10:19:39,332 root DEBUG Side: OFF	 Angle(dx0, dx): 1.81 deg 	 Angle(n, nold): 0.00 deg 	 Distance in patch: 5.136E-02 	 Total distance: 5.136E-02 	 Future toggles: 1 	 Past toggles: 1 	 Toggled: [[4, array([45], dtype=int64), array([[False]])]] 	 class: [5 7]
10:19:39,332 root DEBUG Check patch-by-patch distances for success (dOFF_patch>dON_patch) and ratio (dOFF_patch/dON_patch):
10:19:39,333 root DEBUG 	 nT= 1  	 success?    True    	 (dON-dOFF)/|dON+dOFF|: 2.20 	 cIDON = [5 7], cIDOFF = [5 7]
10:19:39,333 root DEBUG ===> #(dOFF_patch>dON_patch) = 1/1 = 100.00%
10:19:39,333 root DEBUG dOFF/dON = 1.0
10:19:39,333 root DEBUG {'CHOOSE_DX': 'along_decision_boundary', 'dxONAngle': 71.80122308242159, 'dON1': 0.04914685239032316, 'cIDON1': array([5, 7], dtype=int64), 'dON_patch_1': 0.04914685239032316, 'nTON': 1, 'dON': 0.04914685239032316, 'dxOFFAngle': 85.86531467791521, 'dOFF1': 0.05135515228777756, 'cIDOFF1': array([5, 7], dtype=int64), 'dOFF_patch_1': 0.05135515228777756, 'nTOFF': 1, 'dOFF': 0.05135515228777756, 'SUCCESS': True}
10:19:39,450 root DEBUG 

=================== Experiment ID #7 	 Dual Point ID: 8 ===================
10:19:39,459 root DEBUG CONTROL: 	 OK! 	 (target neuron output < tolerance: |9.406E-08|<1.000E-06)
10:19:39,459 root DEBUG CONTROL DUAL POINT: Check that target neuron output < tolerance ({tol:.3E}) at x_dual.
10:19:39,786 root DEBUG Side: ON	 Angle(dx0, dx): 0.68 deg 	 Angle(n, nold): 0.00 deg 	 Distance in patch: 8.101E-03 	 Total distance: 8.101E-03 	 Future toggles: 1 	 Past toggles: 1 	 Toggled: [[3, array([184], dtype=int64), array([[ True]])]] 	 class: [4 6]
10:19:40,234 root DEBUG Side: OFF	 Angle(dx0, dx): 1.73 deg 	 Angle(n, nold): 0.00 deg 	 Distance in patch: 2.530E-01 	 Total distance: 2.530E-01 	 Future toggles: 1 	 Past toggles: 1 	 Toggled: [[2, array([93], dtype=int64), array([[False]])]] 	 class: [4 6]
10:19:40,234 root DEBUG Check patch-by-patch distances for success (dOFF_patch>dON_patch) and ratio (dOFF_patch/dON_patch):
10:19:40,235 root DEBUG 	 nT= 1  	 success?    True    	 (dON-dOFF)/|dON+dOFF|: 93.79 	 cIDON = [4 6], cIDOFF = [4 6]
10:19:40,235 root DEBUG ===> #(dOFF_patch>dON_patch) = 1/1 = 100.00%
10:19:40,235 root DEBUG dOFF/dON = 31.2
10:19:40,235 root DEBUG {'CHOOSE_DX': 'along_decision_boundary', 'dxONAngle': 84.12208186423393, 'dON1': 0.008100733544610775, 'cIDON1': array([4, 6], dtype=int64), 'dON_patch_1': 0.008100733544610775, 'nTON': 1, 'dON': 0.008100733544610775, 'dxOFFAngle': 84.42616465066448, 'dOFF1': 0.2529708335038132, 'cIDOFF1': array([4, 6], dtype=int64), 'dOFF_patch_1': 0.2529708335038132, 'nTOFF': 1, 'dOFF': 0.2529708335038132, 'SUCCESS': True}
10:19:40,348 root DEBUG 

=================== Experiment ID #8 	 Dual Point ID: 9 ===================
10:19:40,358 root DEBUG CONTROL: 	 OK! 	 (target neuron output < tolerance: |1.240E-07|<1.000E-06)
10:19:40,358 root DEBUG CONTROL DUAL POINT: Check that target neuron output < tolerance ({tol:.3E}) at x_dual.
10:19:40,742 root DEBUG Side: ON	 Angle(dx0, dx): 0.43 deg 	 Angle(n, nold): 0.00 deg 	 Distance in patch: 4.082E-02 	 Total distance: 4.082E-02 	 Future toggles: 1 	 Past toggles: 1 	 Toggled: [[3, array([35], dtype=int64), array([[False]])]] 	 class: [7 9]
10:19:41,145 root DEBUG Side: OFF	 Angle(dx0, dx): 0.51 deg 	 Angle(n, nold): 0.00 deg 	 Distance in patch: 1.957E-02 	 Total distance: 1.957E-02 	 Future toggles: 0 	 Past toggles: 1 	 Toggled: [[1, array([234], dtype=int64), array([[False]])]] 	 class: [7 9]
10:19:41,381 root DEBUG Side: OFF	 Angle(dx0, dx): 1.26 deg 	 Angle(n, nold): 0.00 deg 	 Distance in patch: 2.284E-02 	 Total distance: 4.241E-02 	 Future toggles: 1 	 Past toggles: 1 	 Toggled: [[4, array([26], dtype=int64), array([[ True]])]] 	 class: [7 9]
10:19:41,410 root DEBUG Check patch-by-patch distances for success (dOFF_patch>dON_patch) and ratio (dOFF_patch/dON_patch):
10:19:41,410 root DEBUG 	 nT= 1  	 success?    True    	 (dON-dOFF)/|dON+dOFF|: 1.92 	 cIDON = [7 9], cIDOFF = [7 9]
10:19:41,410 root DEBUG ===> #(dOFF_patch>dON_patch) = 1/1 = 100.00%
10:19:41,410 root DEBUG dOFF/dON = 1.0
10:19:41,410 root DEBUG {'CHOOSE_DX': 'along_decision_boundary', 'dxONAngle': 84.82807142611526, 'dON1': 0.04081632720102113, 'cIDON1': array([7, 9], dtype=int64), 'dON_patch_1': 0.04081632720102113, 'nTON': 1, 'dON': 0.04081632720102113, 'dxOFFAngle': 85.49126730529956, 'dOFF1': 0.04241423012161845, 'cIDOFF1': array([7, 9], dtype=int64), 'dOFF_patch_1': 0.04241423012161845, 'nTOFF': 1, 'dOFF': 0.04241423012161845, 'SUCCESS': True}
10:19:41,512 root DEBUG 

=================== Experiment ID #9 	 Dual Point ID: 10 ===================
10:19:41,519 root DEBUG CONTROL: 	 OK! 	 (target neuron output < tolerance: |4.873E-08|<1.000E-06)
10:19:41,519 root DEBUG CONTROL DUAL POINT: Check that target neuron output < tolerance ({tol:.3E}) at x_dual.
10:19:41,915 root DEBUG Side: ON	 Angle(dx0, dx): 1.60 deg 	 Angle(n, nold): 0.00 deg 	 Distance in patch: 1.035E-02 	 Total distance: 1.035E-02 	 Future toggles: 1 	 Past toggles: 1 	 Toggled: [[4, array([1], dtype=int64), array([[ True]])]] 	 class: [5 6]
10:19:42,232 root DEBUG Side: OFF	 Angle(dx0, dx): 0.02 deg 	 Angle(n, nold): 0.00 deg 	 Distance in patch: 1.689E-01 	 Total distance: 1.689E-01 	 Future toggles: 1 	 Past toggles: 1 	 Toggled: [[3, array([38], dtype=int64), array([[False]])]] 	 class: [5 6]
10:19:42,232 root DEBUG Check patch-by-patch distances for success (dOFF_patch>dON_patch) and ratio (dOFF_patch/dON_patch):
10:19:42,232 root DEBUG 	 nT= 1  	 success?    True    	 (dON-dOFF)/|dON+dOFF|: 88.46 	 cIDON = [5 6], cIDOFF = [5 6]
10:19:42,232 root DEBUG ===> #(dOFF_patch>dON_patch) = 1/1 = 100.00%
10:19:42,233 root DEBUG dOFF/dON = 16.3
10:19:42,233 root DEBUG {'CHOOSE_DX': 'along_decision_boundary', 'dxONAngle': 81.09185102215152, 'dON1': 0.010345853961514537, 'cIDON1': array([5, 6], dtype=int64), 'dON_patch_1': 0.010345853961514537, 'nTON': 1, 'dON': 0.010345853961514537, 'dxOFFAngle': 86.2026407960263, 'dOFF1': 0.16892966903459733, 'cIDOFF1': array([5, 6], dtype=int64), 'dOFF_patch_1': 0.16892966903459733, 'nTOFF': 1, 'dOFF': 0.16892966903459733, 'SUCCESS': True}
10:19:42,309 root DEBUG 

=================== Experiment ID #10 	 Dual Point ID: 11 ===================
10:19:42,319 root DEBUG CONTROL: 	 OK! 	 (target neuron output < tolerance: |1.462E-08|<1.000E-06)
10:19:42,320 root DEBUG CONTROL DUAL POINT: Check that target neuron output < tolerance ({tol:.3E}) at x_dual.
10:19:42,795 root DEBUG Side: ON	 Angle(dx0, dx): 0.03 deg 	 Angle(n, nold): 0.00 deg 	 Distance in patch: 2.325E-03 	 Total distance: 2.325E-03 	 Future toggles: 1 	 Past toggles: 1 	 Toggled: [[4, array([14], dtype=int64), array([[False]])]] 	 class: [8 9]
10:19:43,125 root DEBUG Side: OFF	 Angle(dx0, dx): 1.12 deg 	 Angle(n, nold): 0.00 deg 	 Distance in patch: 1.625E-01 	 Total distance: 1.625E-01 	 Future toggles: 0 	 Past toggles: 1 	 Toggled: [[1, array([212], dtype=int64), array([[False]])]] 	 class: [8 9]
10:19:43,397 root DEBUG Side: OFF	 Angle(dx0, dx): 0.18 deg 	 Angle(n, nold): 0.00 deg 	 Distance in patch: 7.195E-02 	 Total distance: 2.345E-01 	 Future toggles: 0 	 Past toggles: 2 	 Toggled: [[1, array([45], dtype=int64), array([[ True]])]] 	 class: [8 9]
10:19:43,697 root DEBUG Side: OFF	 Angle(dx0, dx): 1.98 deg 	 Angle(n, nold): 0.00 deg 	 Distance in patch: 1.134E-01 	 Total distance: 3.479E-01 	 Future toggles: 0 	 Past toggles: 3 	 Toggled: [[1, array([152], dtype=int64), array([[ True]])]] 	 class: [8 9]
10:19:43,973 root DEBUG Side: OFF	 Angle(dx0, dx): 0.76 deg 	 Angle(n, nold): 0.00 deg 	 Distance in patch: 1.979E-01 	 Total distance: 5.457E-01 	 Future toggles: 1 	 Past toggles: 1 	 Toggled: [[2, array([164], dtype=int64), array([[False]])]] 	 class: [8 9]
10:19:43,973 root DEBUG Check patch-by-patch distances for success (dOFF_patch>dON_patch) and ratio (dOFF_patch/dON_patch):
10:19:43,973 root DEBUG 	 nT= 1  	 success?    True    	 (dON-dOFF)/|dON+dOFF|: 99.15 	 cIDON = [8 9], cIDOFF = [8 9]
10:19:43,973 root DEBUG ===> #(dOFF_patch>dON_patch) = 1/1 = 100.00%
10:19:43,973 root DEBUG dOFF/dON = 234.8
10:19:43,973 root DEBUG {'CHOOSE_DX': 'along_decision_boundary', 'dxONAngle': 85.16952169329163, 'dON1': 0.002324564628933175, 'cIDON1': array([8, 9], dtype=int64), 'dON_patch_1': 0.002324564628933175, 'nTON': 1, 'dON': 0.002324564628933175, 'dxOFFAngle': 88.70655649521582, 'dOFF1': 0.545715520650171, 'cIDOFF1': array([8, 9], dtype=int64), 'dOFF_patch_1': 0.545715520650171, 'nTOFF': 1, 'dOFF': 0.545715520650171, 'SUCCESS': True}
10:19:44,75 root DEBUG 

=================== Experiment ID #11 	 Dual Point ID: 12 ===================
10:19:44,83 root DEBUG CONTROL: 	 OK! 	 (target neuron output < tolerance: |1.305E-07|<1.000E-06)
10:19:44,83 root DEBUG CONTROL DUAL POINT: Check that target neuron output < tolerance ({tol:.3E}) at x_dual.
10:19:44,431 root DEBUG Side: ON	 Angle(dx0, dx): 2.39 deg 	 Angle(n, nold): 0.00 deg 	 Distance in patch: 1.969E-02 	 Total distance: 1.969E-02 	 Future toggles: 1 	 Past toggles: 1 	 Toggled: [[4, array([22], dtype=int64), array([[False]])]] 	 class: [0 1]
10:19:44,756 root DEBUG Side: OFF	 Angle(dx0, dx): 0.05 deg 	 Angle(n, nold): 0.00 deg 	 Distance in patch: 2.696E-02 	 Total distance: 2.696E-02 	 Future toggles: 1 	 Past toggles: 1 	 Toggled: [[2, array([80], dtype=int64), array([[False]])]] 	 class: [0 1]
10:19:44,756 root DEBUG Check patch-by-patch distances for success (dOFF_patch>dON_patch) and ratio (dOFF_patch/dON_patch):
10:19:44,756 root DEBUG 	 nT= 1  	 success?    True    	 (dON-dOFF)/|dON+dOFF|: 15.57 	 cIDON = [0 1], cIDOFF = [0 1]
10:19:44,757 root DEBUG ===> #(dOFF_patch>dON_patch) = 1/1 = 100.00%
10:19:44,757 root DEBUG dOFF/dON = 1.4
10:19:44,757 root DEBUG {'CHOOSE_DX': 'along_decision_boundary', 'dxONAngle': 61.526660344205084, 'dON1': 0.019690896696915424, 'cIDON1': array([0, 1], dtype=int64), 'dON_patch_1': 0.019690896696915424, 'nTON': 1, 'dON': 0.019690896696915424, 'dxOFFAngle': 76.15366196419588, 'dOFF1': 0.026955816767711152, 'cIDOFF1': array([0, 1], dtype=int64), 'dOFF_patch_1': 0.026955816767711152, 'nTOFF': 1, 'dOFF': 0.026955816767711152, 'SUCCESS': True}
10:19:44,838 root DEBUG 

=================== Experiment ID #12 	 Dual Point ID: 13 ===================
10:19:44,861 root DEBUG CONTROL: 	 OK! 	 (target neuron output < tolerance: |2.876E-07|<1.000E-06)
10:19:44,861 root DEBUG CONTROL DUAL POINT: Check that target neuron output < tolerance ({tol:.3E}) at x_dual.
10:19:45,290 root DEBUG Side: ON	 Angle(dx0, dx): 0.38 deg 	 Angle(n, nold): 0.00 deg 	 Distance in patch: 1.500E-01 	 Total distance: 1.500E-01 	 Future toggles: 1 	 Past toggles: 1 	 Toggled: [[3, array([166], dtype=int64), array([[ True]])]] 	 class: [3 9]
10:19:45,747 root DEBUG Side: OFF	 Angle(dx0, dx): 1.02 deg 	 Angle(n, nold): 0.00 deg 	 Distance in patch: 3.408E-01 	 Total distance: 3.408E-01 	 Future toggles: 1 	 Past toggles: 1 	 Toggled: [[2, array([206], dtype=int64), array([[False]])]] 	 class: [3 9]
10:19:45,762 root DEBUG Check patch-by-patch distances for success (dOFF_patch>dON_patch) and ratio (dOFF_patch/dON_patch):
10:19:45,763 root DEBUG 	 nT= 1  	 success?    True    	 (dON-dOFF)/|dON+dOFF|: 38.88 	 cIDON = [3 9], cIDOFF = [3 9]
10:19:45,763 root DEBUG ===> #(dOFF_patch>dON_patch) = 1/1 = 100.00%
10:19:45,763 root DEBUG dOFF/dON = 2.3
10:19:45,763 root DEBUG {'CHOOSE_DX': 'along_decision_boundary', 'dxONAngle': 74.31126355092137, 'dON1': 0.1499733446258487, 'cIDON1': array([3, 9], dtype=int64), 'dON_patch_1': 0.1499733446258487, 'nTON': 1, 'dON': 0.1499733446258487, 'dxOFFAngle': 83.51551803490716, 'dOFF1': 0.3407922113870977, 'cIDOFF1': array([3, 9], dtype=int64), 'dOFF_patch_1': 0.3407922113870977, 'nTOFF': 1, 'dOFF': 0.3407922113870977, 'SUCCESS': True}
10:19:45,830 root DEBUG 

=================== Experiment ID #13 	 Dual Point ID: 14 ===================
10:19:45,840 root DEBUG CONTROL: 	 OK! 	 (target neuron output < tolerance: |3.713E-08|<1.000E-06)
10:19:45,840 root DEBUG CONTROL DUAL POINT: Check that target neuron output < tolerance ({tol:.3E}) at x_dual.
10:19:46,281 root DEBUG Side: ON	 Angle(dx0, dx): 1.24 deg 	 Angle(n, nold): 0.00 deg 	 Distance in patch: 8.042E-03 	 Total distance: 8.042E-03 	 Future toggles: 1 	 Past toggles: 1 	 Toggled: [[3, array([242], dtype=int64), array([[False]])]] 	 class: [0 1]
10:19:46,712 root DEBUG Side: OFF	 Angle(dx0, dx): 0.01 deg 	 Angle(n, nold): 0.00 deg 	 Distance in patch: 1.471E-02 	 Total distance: 1.471E-02 	 Future toggles: 0 	 Past toggles: 1 	 Toggled: [[1, array([52], dtype=int64), array([[ True]])]] 	 class: [0 1]
10:19:46,944 root DEBUG Side: OFF	 Angle(dx0, dx): 0.35 deg 	 Angle(n, nold): 0.00 deg 	 Distance in patch: 1.952E-01 	 Total distance: 2.099E-01 	 Future toggles: 1 	 Past toggles: 1 	 Toggled: [[2, array([133], dtype=int64), array([[False]])]] 	 class: [0 1]
10:19:46,944 root DEBUG Check patch-by-patch distances for success (dOFF_patch>dON_patch) and ratio (dOFF_patch/dON_patch):
10:19:46,944 root DEBUG 	 nT= 1  	 success?    True    	 (dON-dOFF)/|dON+dOFF|: 92.62 	 cIDON = [0 1], cIDOFF = [0 1]
10:19:46,945 root DEBUG ===> #(dOFF_patch>dON_patch) = 1/1 = 100.00%
10:19:46,945 root DEBUG dOFF/dON = 26.1
10:19:46,945 root DEBUG {'CHOOSE_DX': 'along_decision_boundary', 'dxONAngle': 65.91906830862199, 'dON1': 0.008042028072511438, 'cIDON1': array([0, 1], dtype=int64), 'dON_patch_1': 0.008042028072511438, 'nTON': 1, 'dON': 0.008042028072511438, 'dxOFFAngle': 85.61249218841824, 'dOFF1': 0.2098999973147705, 'cIDOFF1': array([0, 1], dtype=int64), 'dOFF_patch_1': 0.2098999973147705, 'nTOFF': 1, 'dOFF': 0.2098999973147705, 'SUCCESS': True}
10:19:47,166 root DEBUG 

=================== Experiment ID #14 	 Dual Point ID: 15 ===================
10:19:47,176 root DEBUG CONTROL: 	 OK! 	 (target neuron output < tolerance: |3.091E-07|<1.000E-06)
10:19:47,177 root DEBUG CONTROL DUAL POINT: Check that target neuron output < tolerance ({tol:.3E}) at x_dual.
10:19:47,586 root DEBUG Side: ON	 Angle(dx0, dx): 6.85 deg 	 Angle(n, nold): 0.00 deg 	 Distance in patch: 1.023E-02 	 Total distance: 1.023E-02 	 Future toggles: 1 	 Past toggles: 1 	 Toggled: [[4, array([21], dtype=int64), array([[ True]])]] 	 class: [5 7]
10:19:48,12 root DEBUG Side: OFF	 Angle(dx0, dx): 0.83 deg 	 Angle(n, nold): 0.00 deg 	 Distance in patch: 2.591E-02 	 Total distance: 2.591E-02 	 Future toggles: 1 	 Past toggles: 1 	 Toggled: [[3, array([177], dtype=int64), array([[ True]])]] 	 class: [5 7]
10:19:48,12 root DEBUG Check patch-by-patch distances for success (dOFF_patch>dON_patch) and ratio (dOFF_patch/dON_patch):
10:19:48,12 root DEBUG 	 nT= 1  	 success?    True    	 (dON-dOFF)/|dON+dOFF|: 43.38 	 cIDON = [5 7], cIDOFF = [5 7]
10:19:48,13 root DEBUG ===> #(dOFF_patch>dON_patch) = 1/1 = 100.00%
10:19:48,13 root DEBUG dOFF/dON = 2.5
10:19:48,13 root DEBUG {'CHOOSE_DX': 'along_decision_boundary', 'dxONAngle': 86.75260916222594, 'dON1': 0.010231193593774843, 'cIDON1': array([5, 7], dtype=int64), 'dON_patch_1': 0.010231193593774843, 'nTON': 1, 'dON': 0.010231193593774843, 'dxOFFAngle': 87.95517199314641, 'dOFF1': 0.025910845561816068, 'cIDOFF1': array([5, 7], dtype=int64), 'dOFF_patch_1': 0.025910845561816068, 'nTOFF': 1, 'dOFF': 0.025910845561816068, 'SUCCESS': True}
10:19:48,87 root DEBUG 

=================== Experiment ID #15 	 Dual Point ID: 16 ===================
10:19:48,97 root DEBUG CONTROL: 	 OK! 	 (target neuron output < tolerance: |1.046E-07|<1.000E-06)
10:19:48,97 root DEBUG CONTROL DUAL POINT: Check that target neuron output < tolerance ({tol:.3E}) at x_dual.
10:19:48,466 root DEBUG Side: ON	 Angle(dx0, dx): 0.23 deg 	 Angle(n, nold): 0.00 deg 	 Distance in patch: 2.759E-03 	 Total distance: 2.759E-03 	 Future toggles: 1 	 Past toggles: 1 	 Toggled: [[2, array([219], dtype=int64), array([[False]])]] 	 class: [0 1]
10:19:48,913 root DEBUG Side: OFF	 Angle(dx0, dx): 0.06 deg 	 Angle(n, nold): 0.00 deg 	 Distance in patch: 1.181E-01 	 Total distance: 1.181E-01 	 Future toggles: 0 	 Past toggles: 1 	 Toggled: [[1, array([158], dtype=int64), array([[False]])]] 	 class: [0 1]
10:19:49,246 root DEBUG Side: OFF	 Angle(dx0, dx): 0.38 deg 	 Angle(n, nold): 0.00 deg 	 Distance in patch: 3.310E-02 	 Total distance: 1.512E-01 	 Future toggles: 1 	 Past toggles: 1 	 Toggled: [[4, array([52], dtype=int64), array([[ True]])]] 	 class: [0 1]
10:19:49,246 root DEBUG Check patch-by-patch distances for success (dOFF_patch>dON_patch) and ratio (dOFF_patch/dON_patch):
10:19:49,246 root DEBUG 	 nT= 1  	 success?    True    	 (dON-dOFF)/|dON+dOFF|: 96.42 	 cIDON = [0 1], cIDOFF = [0 1]
10:19:49,247 root DEBUG ===> #(dOFF_patch>dON_patch) = 1/1 = 100.00%
10:19:49,247 root DEBUG dOFF/dON = 54.8
10:19:49,247 root DEBUG {'CHOOSE_DX': 'along_decision_boundary', 'dxONAngle': 86.13735813801753, 'dON1': 0.0027587070635862318, 'cIDON1': array([0, 1], dtype=int64), 'dON_patch_1': 0.0027587070635862318, 'nTON': 1, 'dON': 0.0027587070635862318, 'dxOFFAngle': 86.20743190628305, 'dOFF1': 0.15122257610487214, 'cIDOFF1': array([0, 1], dtype=int64), 'dOFF_patch_1': 0.15122257610487214, 'nTOFF': 1, 'dOFF': 0.15122257610487214, 'SUCCESS': True}
10:19:49,304 root DEBUG 

=================== Experiment ID #16 	 Dual Point ID: 17 ===================
10:19:49,315 root DEBUG CONTROL: 	 OK! 	 (target neuron output < tolerance: |1.291E-07|<1.000E-06)
10:19:49,315 root DEBUG CONTROL DUAL POINT: Check that target neuron output < tolerance ({tol:.3E}) at x_dual.
10:19:49,722 root DEBUG Side: ON	 Angle(dx0, dx): 4.91 deg 	 Angle(n, nold): 0.00 deg 	 Distance in patch: 1.147E-05 	 Total distance: 1.147E-05 	 Future toggles: 1 	 Past toggles: 1 	 Toggled: [[3, array([105], dtype=int64), array([[False]])]] 	 class: [4 7]
10:19:50,33 root DEBUG Side: OFF	 Angle(dx0, dx): 0.98 deg 	 Angle(n, nold): 0.00 deg 	 Distance in patch: 6.657E-02 	 Total distance: 6.657E-02 	 Future toggles: 1 	 Past toggles: 1 	 Toggled: [[3, array([62], dtype=int64), array([[False]])]] 	 class: [4 7]
10:19:50,34 root DEBUG Check patch-by-patch distances for success (dOFF_patch>dON_patch) and ratio (dOFF_patch/dON_patch):
10:19:50,34 root DEBUG 	 nT= 1  	 success?    True    	 (dON-dOFF)/|dON+dOFF|: 99.97 	 cIDON = [4 7], cIDOFF = [4 7]
10:19:50,34 root DEBUG ===> #(dOFF_patch>dON_patch) = 1/1 = 100.00%
10:19:50,34 root DEBUG dOFF/dON = 5801.7
10:19:50,34 root DEBUG {'CHOOSE_DX': 'along_decision_boundary', 'dxONAngle': 86.06673760256511, 'dON1': 1.1474064290672428e-05, 'cIDON1': array([4, 7], dtype=int64), 'dON_patch_1': 1.1474064290672428e-05, 'nTON': 1, 'dON': 1.1474064290672428e-05, 'dxOFFAngle': 89.25358687147691, 'dOFF1': 0.06656903328724369, 'cIDOFF1': array([4, 7], dtype=int64), 'dOFF_patch_1': 0.06656903328724369, 'nTOFF': 1, 'dOFF': 0.06656903328724369, 'SUCCESS': True}
10:19:50,86 root DEBUG 

=================== Experiment ID #17 	 Dual Point ID: 18 ===================
10:19:50,97 root DEBUG CONTROL: 	 OK! 	 (target neuron output < tolerance: |5.102E-08|<1.000E-06)
10:19:50,97 root DEBUG CONTROL DUAL POINT: Check that target neuron output < tolerance ({tol:.3E}) at x_dual.
10:19:50,531 root DEBUG Side: ON	 Angle(dx0, dx): 5.07 deg 	 Angle(n, nold): 0.00 deg 	 Distance in patch: 7.493E-03 	 Total distance: 7.493E-03 	 Future toggles: 1 	 Past toggles: 1 	 Toggled: [[4, array([4], dtype=int64), array([[False]])]] 	 class: [0 1]
10:19:50,885 root DEBUG Side: OFF	 Angle(dx0, dx): 2.49 deg 	 Angle(n, nold): 0.00 deg 	 Distance in patch: 4.731E-03 	 Total distance: 4.731E-03 	 Future toggles: 1 	 Past toggles: 1 	 Toggled: [[4, array([4], dtype=int64), array([[False]])]] 	 class: [0 1]
10:19:50,885 root DEBUG Check patch-by-patch distances for success (dOFF_patch>dON_patch) and ratio (dOFF_patch/dON_patch):
10:19:50,885 root DEBUG 	 nT= 1  	 success?   False    	 (dON-dOFF)/|dON+dOFF|: -22.60 	 cIDON = [0 1], cIDOFF = [0 1]
10:19:50,885 root DEBUG ===> #(dOFF_patch>dON_patch) = 0/1 = 0.00%
10:19:50,885 root DEBUG dOFF/dON = 0.6
10:19:50,885 root DEBUG {'CHOOSE_DX': 'along_decision_boundary', 'dxONAngle': 61.85491653579197, 'dON1': 0.007493264406079307, 'cIDON1': array([0, 1], dtype=int64), 'dON_patch_1': 0.007493264406079307, 'nTON': 1, 'dON': 0.007493264406079307, 'dxOFFAngle': 77.35822150953045, 'dOFF1': 0.004730702652929728, 'cIDOFF1': array([0, 1], dtype=int64), 'dOFF_patch_1': 0.004730702652929728, 'nTOFF': 1, 'dOFF': 0.004730702652929728, 'SUCCESS': False}
10:19:51,130 root DEBUG 

=================== Experiment ID #18 	 Dual Point ID: 19 ===================
10:19:51,138 root DEBUG CONTROL: 	 OK! 	 (target neuron output < tolerance: |3.303E-09|<1.000E-06)
10:19:51,138 root DEBUG CONTROL DUAL POINT: Check that target neuron output < tolerance ({tol:.3E}) at x_dual.
10:19:51,644 root DEBUG Side: ON	 Angle(dx0, dx): 2.24 deg 	 Angle(n, nold): 0.00 deg 	 Distance in patch: 5.206E-02 	 Total distance: 5.206E-02 	 Future toggles: 1 	 Past toggles: 1 	 Toggled: [[3, array([9], dtype=int64), array([[False]])]] 	 class: [2 6]
10:19:52,55 root DEBUG Side: OFF	 Angle(dx0, dx): 2.17 deg 	 Angle(n, nold): 0.00 deg 	 Distance in patch: 1.354E-02 	 Total distance: 1.354E-02 	 Future toggles: 1 	 Past toggles: 1 	 Toggled: [[4, array([28], dtype=int64), array([[ True]])]] 	 class: [2 6]
10:19:52,55 root DEBUG Check patch-by-patch distances for success (dOFF_patch>dON_patch) and ratio (dOFF_patch/dON_patch):
10:19:52,55 root DEBUG 	 nT= 1  	 success?   False    	 (dON-dOFF)/|dON+dOFF|: -58.72 	 cIDON = [2 6], cIDOFF = [2 6]
10:19:52,55 root DEBUG ===> #(dOFF_patch>dON_patch) = 0/1 = 0.00%
10:19:52,55 root DEBUG dOFF/dON = 0.3
10:19:52,55 root DEBUG {'CHOOSE_DX': 'along_decision_boundary', 'dxONAngle': 86.29148156995923, 'dON1': 0.052059679786990214, 'cIDON1': array([2, 6], dtype=int64), 'dON_patch_1': 0.052059679786990214, 'nTON': 1, 'dON': 0.052059679786990214, 'dxOFFAngle': 87.58664237173868, 'dOFF1': 0.013537828281662513, 'cIDOFF1': array([2, 6], dtype=int64), 'dOFF_patch_1': 0.013537828281662513, 'nTOFF': 1, 'dOFF': 0.013537828281662513, 'SUCCESS': False}
10:19:52,127 root DEBUG 

=================== Experiment ID #19 	 Dual Point ID: 20 ===================
10:19:52,136 root DEBUG CONTROL: 	 OK! 	 (target neuron output < tolerance: |1.777E-09|<1.000E-06)
10:19:52,136 root DEBUG CONTROL DUAL POINT: Check that target neuron output < tolerance ({tol:.3E}) at x_dual.
10:19:52,489 root DEBUG Side: ON	 Angle(dx0, dx): 3.19 deg 	 Angle(n, nold): 0.00 deg 	 Distance in patch: 3.324E-02 	 Total distance: 3.324E-02 	 Future toggles: 1 	 Past toggles: 1 	 Toggled: [[3, array([169], dtype=int64), array([[ True]])]] 	 class: [3 4]
10:19:52,942 root DEBUG Side: OFF	 Angle(dx0, dx): 0.89 deg 	 Angle(n, nold): 0.00 deg 	 Distance in patch: 1.379E-01 	 Total distance: 1.379E-01 	 Future toggles: 1 	 Past toggles: 1 	 Toggled: [[3, array([255], dtype=int64), array([[False]])]] 	 class: [3 4]
10:19:52,942 root DEBUG Check patch-by-patch distances for success (dOFF_patch>dON_patch) and ratio (dOFF_patch/dON_patch):
10:19:52,942 root DEBUG 	 nT= 1  	 success?    True    	 (dON-dOFF)/|dON+dOFF|: 61.16 	 cIDON = [3 4], cIDOFF = [3 4]
10:19:52,942 root DEBUG ===> #(dOFF_patch>dON_patch) = 1/1 = 100.00%
10:19:52,942 root DEBUG dOFF/dON = 4.1
10:19:52,942 root DEBUG {'CHOOSE_DX': 'along_decision_boundary', 'dxONAngle': 63.855340088136984, 'dON1': 0.033244425699178015, 'cIDON1': array([3, 4], dtype=int64), 'dON_patch_1': 0.033244425699178015, 'nTON': 1, 'dON': 0.033244425699178015, 'dxOFFAngle': 77.76964968116552, 'dOFF1': 0.13792263071323246, 'cIDOFF1': array([3, 4], dtype=int64), 'dOFF_patch_1': 0.13792263071323246, 'nTOFF': 1, 'dOFF': 0.13792263071323246, 'SUCCESS': True}
10:19:52,981 root DEBUG 

=================== Experiment ID #20 	 Dual Point ID: 21 ===================
10:19:52,997 root DEBUG CONTROL: 	 OK! 	 (target neuron output < tolerance: |1.079E-07|<1.000E-06)
10:19:52,997 root DEBUG CONTROL DUAL POINT: Check that target neuron output < tolerance ({tol:.3E}) at x_dual.
10:19:53,396 root DEBUG Side: ON	 Angle(dx0, dx): 0.30 deg 	 Angle(n, nold): 0.00 deg 	 Distance in patch: 1.913E-02 	 Total distance: 1.913E-02 	 Future toggles: 1 	 Past toggles: 1 	 Toggled: [[2, array([81], dtype=int64), array([[False]])]] 	 class: [3 4]
10:19:53,785 root DEBUG Side: OFF	 Angle(dx0, dx): 0.03 deg 	 Angle(n, nold): 0.00 deg 	 Distance in patch: 1.296E-02 	 Total distance: 1.296E-02 	 Future toggles: 1 	 Past toggles: 1 	 Toggled: [[4, array([30], dtype=int64), array([[False]])]] 	 class: [3 4]
10:19:53,785 root DEBUG Check patch-by-patch distances for success (dOFF_patch>dON_patch) and ratio (dOFF_patch/dON_patch):
10:19:53,785 root DEBUG 	 nT= 1  	 success?   False    	 (dON-dOFF)/|dON+dOFF|: -19.25 	 cIDON = [3 4], cIDOFF = [3 4]
10:19:53,785 root DEBUG ===> #(dOFF_patch>dON_patch) = 0/1 = 0.00%
10:19:53,785 root DEBUG dOFF/dON = 0.7
10:19:53,785 root DEBUG {'CHOOSE_DX': 'along_decision_boundary', 'dxONAngle': 77.07423242653687, 'dON1': 0.01913260512520851, 'cIDON1': array([3, 4], dtype=int64), 'dON_patch_1': 0.01913260512520851, 'nTON': 1, 'dON': 0.01913260512520851, 'dxOFFAngle': 88.40021629022692, 'dOFF1': 0.012956229510634257, 'cIDOFF1': array([3, 4], dtype=int64), 'dOFF_patch_1': 0.012956229510634257, 'nTOFF': 1, 'dOFF': 0.012956229510634257, 'SUCCESS': False}
10:19:53,867 root DEBUG 

=================== Experiment ID #21 	 Dual Point ID: 22 ===================
10:19:53,876 root DEBUG CONTROL: 	 OK! 	 (target neuron output < tolerance: |8.570E-08|<1.000E-06)
10:19:53,876 root DEBUG CONTROL DUAL POINT: Check that target neuron output < tolerance ({tol:.3E}) at x_dual.
10:19:54,198 root DEBUG Side: ON	 Angle(dx0, dx): 1.56 deg 	 Angle(n, nold): 0.00 deg 	 Distance in patch: 4.164E-02 	 Total distance: 4.164E-02 	 Future toggles: 1 	 Past toggles: 1 	 Toggled: [[3, array([208], dtype=int64), array([[False]])]] 	 class: [2 6]
10:19:54,643 root DEBUG Side: OFF	 Angle(dx0, dx): 0.66 deg 	 Angle(n, nold): 0.00 deg 	 Distance in patch: 2.975E-01 	 Total distance: 2.975E-01 	 Future toggles: 1 	 Past toggles: 1 	 Toggled: [[2, array([225], dtype=int64), array([[ True]])]] 	 class: [2 6]
10:19:54,643 root DEBUG Check patch-by-patch distances for success (dOFF_patch>dON_patch) and ratio (dOFF_patch/dON_patch):
10:19:54,643 root DEBUG 	 nT= 1  	 success?    True    	 (dON-dOFF)/|dON+dOFF|: 75.44 	 cIDON = [2 6], cIDOFF = [2 6]
10:19:54,643 root DEBUG ===> #(dOFF_patch>dON_patch) = 1/1 = 100.00%
10:19:54,644 root DEBUG dOFF/dON = 7.1
10:19:54,644 root DEBUG {'CHOOSE_DX': 'along_decision_boundary', 'dxONAngle': 88.84081138421598, 'dON1': 0.041644836128767015, 'cIDON1': array([2, 6], dtype=int64), 'dON_patch_1': 0.041644836128767015, 'nTON': 1, 'dON': 0.041644836128767015, 'dxOFFAngle': 85.72873037319921, 'dOFF1': 0.29750835430680017, 'cIDOFF1': array([2, 6], dtype=int64), 'dOFF_patch_1': 0.29750835430680017, 'nTOFF': 1, 'dOFF': 0.29750835430680017, 'SUCCESS': True}
10:19:54,731 root DEBUG 

=================== Experiment ID #22 	 Dual Point ID: 23 ===================
10:19:54,741 root DEBUG CONTROL: 	 OK! 	 (target neuron output < tolerance: |1.358E-07|<1.000E-06)
10:19:54,741 root DEBUG CONTROL DUAL POINT: Check that target neuron output < tolerance ({tol:.3E}) at x_dual.
10:19:55,140 root DEBUG Side: ON	 Angle(dx0, dx): 1.09 deg 	 Angle(n, nold): 0.00 deg 	 Distance in patch: 1.267E-02 	 Total distance: 1.267E-02 	 Future toggles: 1 	 Past toggles: 1 	 Toggled: [[3, array([82], dtype=int64), array([[ True]])]] 	 class: [2 4]
10:19:55,536 root DEBUG Side: OFF	 Angle(dx0, dx): 1.28 deg 	 Angle(n, nold): 0.00 deg 	 Distance in patch: 1.200E-01 	 Total distance: 1.200E-01 	 Future toggles: 1 	 Past toggles: 1 	 Toggled: [[3, array([106], dtype=int64), array([[ True]])]] 	 class: [2 4]
10:19:55,536 root DEBUG Check patch-by-patch distances for success (dOFF_patch>dON_patch) and ratio (dOFF_patch/dON_patch):
10:19:55,536 root DEBUG 	 nT= 1  	 success?    True    	 (dON-dOFF)/|dON+dOFF|: 80.90 	 cIDON = [2 4], cIDOFF = [2 4]
10:19:55,536 root DEBUG ===> #(dOFF_patch>dON_patch) = 1/1 = 100.00%
10:19:55,536 root DEBUG dOFF/dON = 9.5
10:19:55,536 root DEBUG {'CHOOSE_DX': 'along_decision_boundary', 'dxONAngle': 88.01853005412104, 'dON1': 0.012665135868733121, 'cIDON1': array([2, 4], dtype=int64), 'dON_patch_1': 0.012665135868733121, 'nTON': 1, 'dON': 0.012665135868733121, 'dxOFFAngle': 87.48750571299537, 'dOFF1': 0.11996123543041685, 'cIDOFF1': array([2, 4], dtype=int64), 'dOFF_patch_1': 0.11996123543041685, 'nTOFF': 1, 'dOFF': 0.11996123543041685, 'SUCCESS': True}
10:19:55,597 root DEBUG 

=================== Experiment ID #23 	 Dual Point ID: 24 ===================
10:19:55,619 root DEBUG CONTROL: 	 WARNING! 	 (target neuron output > tolerance: |1.026E-06|>1.000E-06)
10:19:55,619 root DEBUG CONTROL DUAL POINT: Check that target neuron output < tolerance ({tol:.3E}) at x_dual.
10:19:55,619 root DEBUG CONTROL DUAL POINT: Check that target neuron output < tolerance ({tol:.3E}) at x_dual.
10:19:55,645 root DEBUG 

=================== Experiment ID #23 	 Dual Point ID: 25 ===================
10:19:55,654 root DEBUG CONTROL: 	 OK! 	 (target neuron output < tolerance: |1.750E-07|<1.000E-06)
10:19:55,654 root DEBUG CONTROL DUAL POINT: Check that target neuron output < tolerance ({tol:.3E}) at x_dual.
10:19:56,40 root DEBUG Side: ON	 Angle(dx0, dx): 3.47 deg 	 Angle(n, nold): 0.00 deg 	 Distance in patch: 2.912E-02 	 Total distance: 2.912E-02 	 Future toggles: 1 	 Past toggles: 1 	 Toggled: [[4, array([22], dtype=int64), array([[False]])]] 	 class: [1 8]
10:19:56,326 root DEBUG Side: OFF	 Angle(dx0, dx): 2.54 deg 	 Angle(n, nold): 0.00 deg 	 Distance in patch: 8.344E-02 	 Total distance: 8.344E-02 	 Future toggles: 1 	 Past toggles: 1 	 Toggled: [[3, array([252], dtype=int64), array([[False]])]] 	 class: [0 8]
10:19:56,326 root DEBUG Check patch-by-patch distances for success (dOFF_patch>dON_patch) and ratio (dOFF_patch/dON_patch):
10:19:56,327 root DEBUG 	 nT= 1  	 success?    True    	 (dON-dOFF)/|dON+dOFF|: 48.26 	 cIDON = [1 8], cIDOFF = [0 8]
10:19:56,327 root DEBUG ===> #(dOFF_patch>dON_patch) = 1/1 = 100.00%
10:19:56,327 root DEBUG dOFF/dON = 2.9
10:19:56,327 root DEBUG {'CHOOSE_DX': 'along_decision_boundary', 'dxONAngle': 73.89302534907952, 'dON1': 0.029116068066993166, 'cIDON1': array([1, 8], dtype=int64), 'dON_patch_1': 0.029116068066993166, 'nTON': 1, 'dON': 0.029116068066993166, 'dxOFFAngle': 87.60981306877777, 'dOFF1': 0.08343793983803112, 'cIDOFF1': array([0, 8], dtype=int64), 'dOFF_patch_1': 0.08343793983803112, 'nTOFF': 1, 'dOFF': 0.08343793983803112, 'SUCCESS': True}
10:19:56,495 root DEBUG 

=================== Experiment ID #24 	 Dual Point ID: 26 ===================
10:19:56,505 root DEBUG CONTROL: 	 OK! 	 (target neuron output < tolerance: |2.115E-07|<1.000E-06)
10:19:56,505 root DEBUG CONTROL DUAL POINT: Check that target neuron output < tolerance ({tol:.3E}) at x_dual.
10:19:56,897 root DEBUG Side: ON	 Angle(dx0, dx): 2.84 deg 	 Angle(n, nold): 0.00 deg 	 Distance in patch: 9.099E-02 	 Total distance: 9.099E-02 	 Future toggles: 1 	 Past toggles: 1 	 Toggled: [[2, array([35], dtype=int64), array([[ True]])]] 	 class: [8 9]
10:19:57,294 root DEBUG Side: OFF	 Angle(dx0, dx): 1.02 deg 	 Angle(n, nold): 0.00 deg 	 Distance in patch: 1.518E-02 	 Total distance: 1.518E-02 	 Future toggles: 1 	 Past toggles: 1 	 Toggled: [[2, array([23], dtype=int64), array([[False]])]] 	 class: [8 9]
10:19:57,294 root DEBUG Check patch-by-patch distances for success (dOFF_patch>dON_patch) and ratio (dOFF_patch/dON_patch):
10:19:57,294 root DEBUG 	 nT= 1  	 success?   False    	 (dON-dOFF)/|dON+dOFF|: -71.40 	 cIDON = [8 9], cIDOFF = [8 9]
10:19:57,294 root DEBUG ===> #(dOFF_patch>dON_patch) = 0/1 = 0.00%
10:19:57,294 root DEBUG dOFF/dON = 0.2
10:19:57,294 root DEBUG {'CHOOSE_DX': 'along_decision_boundary', 'dxONAngle': 75.34054960731154, 'dON1': 0.09099088849010868, 'cIDON1': array([8, 9], dtype=int64), 'dON_patch_1': 0.09099088849010868, 'nTON': 1, 'dON': 0.09099088849010868, 'dxOFFAngle': 84.44916807959292, 'dOFF1': 0.015181854412887965, 'cIDOFF1': array([8, 9], dtype=int64), 'dOFF_patch_1': 0.015181854412887965, 'nTOFF': 1, 'dOFF': 0.015181854412887965, 'SUCCESS': False}
10:19:57,611 PIL.PngImagePlugin DEBUG STREAM b'IHDR' 16 13
10:19:57,611 PIL.PngImagePlugin DEBUG STREAM b'sBIT' 41 4
10:19:57,611 PIL.PngImagePlugin DEBUG b'sBIT' 41 4 (unknown)
10:19:57,611 PIL.PngImagePlugin DEBUG STREAM b'pHYs' 57 9
10:19:57,611 PIL.PngImagePlugin DEBUG STREAM b'IDAT' 78 1189
10:19:57,618 PIL.PngImagePlugin DEBUG STREAM b'IHDR' 16 13
10:19:57,618 PIL.PngImagePlugin DEBUG STREAM b'sBIT' 41 4
10:19:57,618 PIL.PngImagePlugin DEBUG b'sBIT' 41 4 (unknown)
10:19:57,618 PIL.PngImagePlugin DEBUG STREAM b'pHYs' 57 9
10:19:57,618 PIL.PngImagePlugin DEBUG STREAM b'IDAT' 78 2994
10:19:57,630 PIL.PngImagePlugin DEBUG STREAM b'IHDR' 16 13
10:19:57,631 PIL.PngImagePlugin DEBUG STREAM b'sBIT' 41 4
10:19:57,631 PIL.PngImagePlugin DEBUG b'sBIT' 41 4 (unknown)
10:19:57,631 PIL.PngImagePlugin DEBUG STREAM b'pHYs' 57 9
10:19:57,631 PIL.PngImagePlugin DEBUG STREAM b'IDAT' 78 696
10:19:57,634 PIL.PngImagePlugin DEBUG STREAM b'IHDR' 16 13
10:19:57,634 PIL.PngImagePlugin DEBUG STREAM b'sBIT' 41 4
10:19:57,634 PIL.PngImagePlugin DEBUG b'sBIT' 41 4 (unknown)
10:19:57,634 PIL.PngImagePlugin DEBUG STREAM b'pHYs' 57 9
10:19:57,634 PIL.PngImagePlugin DEBUG STREAM b'IDAT' 78 526
10:19:57,637 PIL.PngImagePlugin DEBUG STREAM b'IHDR' 16 13
10:19:57,638 PIL.PngImagePlugin DEBUG STREAM b'sBIT' 41 4
10:19:57,638 PIL.PngImagePlugin DEBUG b'sBIT' 41 4 (unknown)
10:19:57,638 PIL.PngImagePlugin DEBUG STREAM b'pHYs' 57 9
10:19:57,638 PIL.PngImagePlugin DEBUG STREAM b'IDAT' 78 499
10:19:57,641 PIL.PngImagePlugin DEBUG STREAM b'IHDR' 16 13
10:19:57,641 PIL.PngImagePlugin DEBUG STREAM b'sBIT' 41 4
10:19:57,641 PIL.PngImagePlugin DEBUG b'sBIT' 41 4 (unknown)
10:19:57,641 PIL.PngImagePlugin DEBUG STREAM b'pHYs' 57 9
10:19:57,641 PIL.PngImagePlugin DEBUG STREAM b'IDAT' 78 673
10:19:57,645 PIL.PngImagePlugin DEBUG STREAM b'IHDR' 16 13
10:19:57,645 PIL.PngImagePlugin DEBUG STREAM b'sBIT' 41 4
10:19:57,645 PIL.PngImagePlugin DEBUG b'sBIT' 41 4 (unknown)
10:19:57,645 PIL.PngImagePlugin DEBUG STREAM b'pHYs' 57 9
10:19:57,645 PIL.PngImagePlugin DEBUG STREAM b'IDAT' 78 922
10:19:57,649 PIL.PngImagePlugin DEBUG STREAM b'IHDR' 16 13
10:19:57,649 PIL.PngImagePlugin DEBUG STREAM b'sBIT' 41 4
10:19:57,649 PIL.PngImagePlugin DEBUG b'sBIT' 41 4 (unknown)
10:19:57,649 PIL.PngImagePlugin DEBUG STREAM b'pHYs' 57 9
10:19:57,649 PIL.PngImagePlugin DEBUG STREAM b'IDAT' 78 568
10:19:57,653 PIL.PngImagePlugin DEBUG STREAM b'IHDR' 16 13
10:19:57,653 PIL.PngImagePlugin DEBUG STREAM b'sBIT' 41 4
10:19:57,653 PIL.PngImagePlugin DEBUG b'sBIT' 41 4 (unknown)
10:19:57,653 PIL.PngImagePlugin DEBUG STREAM b'pHYs' 57 9
10:19:57,653 PIL.PngImagePlugin DEBUG STREAM b'IDAT' 78 626
