10:32:36,337 root DEBUG Check that model weights are dtype tf.float64: 	 <dtype: 'float64'>
10:32:36,337 root INFO eps: 1e-06
10:32:36,337 root INFO tol: 1e-06
10:32:36,440 root DEBUG Load dual points from file: ../data/dual_points_cifar10_3x256_64_10_float64.
10:32:36,453 root DEBUG 

=================== Experiment ID #0 	 Dual Point ID: 1 ===================
10:32:36,461 root DEBUG CONTROL: 	 OK! 	 (target neuron output < tolerance: |3.676E-08|<1.000E-06)
10:32:36,461 root DEBUG CONTROL DUAL POINT: Check that target neuron output < tolerance ({tol:.3E}) at x_dual.
10:32:36,835 root DEBUG Side: ON	 Angle(dx0, dx): 2.94 deg 	 Angle(n, nold): 0.00 deg 	 Distance in patch: 2.720E-03 	 Total distance: 2.720E-03 	 Future toggles: 1 	 Past toggles: 1 	 Toggled: [[2, array([209], dtype=int64), array([[False]])]] 	 class: [3 7]
10:32:37,217 root DEBUG Side: OFF	 Angle(dx0, dx): 2.30 deg 	 Angle(n, nold): 0.00 deg 	 Distance in patch: 2.325E-02 	 Total distance: 2.325E-02 	 Future toggles: 0 	 Past toggles: 1 	 Toggled: [[1, array([178], dtype=int64), array([[False]])]] 	 class: [3 7]
10:32:37,519 root DEBUG Side: OFF	 Angle(dx0, dx): 2.71 deg 	 Angle(n, nold): 0.00 deg 	 Distance in patch: 6.925E-02 	 Total distance: 9.250E-02 	 Future toggles: 1 	 Past toggles: 1 	 Toggled: [[2, array([47], dtype=int64), array([[ True]])]] 	 class: [3 7]
10:32:37,519 root DEBUG Check patch-by-patch distances for success (dOFF_patch>dON_patch) and ratio (dOFF_patch/dON_patch):
10:32:37,519 root DEBUG 	 nT= 1  	 success?    True    	 (dON-dOFF)/|dON+dOFF|: 94.29 	 cIDON = [3 7], cIDOFF = [3 7]
10:32:37,520 root DEBUG ===> #(dOFF_patch>dON_patch) = 1/1 = 100.00%
10:32:37,520 root DEBUG dOFF/dON = 34.0
10:32:37,520 root DEBUG {'CHOOSE_DX': 'along_decision_boundary', 'dxONAngle': 66.7576669810025, 'dON1': 0.002719638196908304, 'cIDON1': array([3, 7], dtype=int64), 'dON_patch_1': 0.002719638196908304, 'nTON': 1, 'dON': 0.002719638196908304, 'dxOFFAngle': 76.00169427912678, 'dOFF1': 0.09250095190581044, 'cIDOFF1': array([3, 7], dtype=int64), 'dOFF_patch_1': 0.09250095190581044, 'nTOFF': 1, 'dOFF': 0.09250095190581044, 'SUCCESS': True}
10:32:37,623 root DEBUG 

=================== Experiment ID #1 	 Dual Point ID: 2 ===================
10:32:37,637 root DEBUG CONTROL: 	 OK! 	 (target neuron output < tolerance: |2.119E-07|<1.000E-06)
10:32:37,637 root DEBUG CONTROL DUAL POINT: Check that target neuron output < tolerance ({tol:.3E}) at x_dual.
10:32:37,953 root DEBUG Side: ON	 Angle(dx0, dx): 0.31 deg 	 Angle(n, nold): 0.00 deg 	 Distance in patch: 1.045E-02 	 Total distance: 1.045E-02 	 Future toggles: 1 	 Past toggles: 1 	 Toggled: [[2, array([234], dtype=int64), array([[False]])]] 	 class: [2 7]
10:32:38,421 root DEBUG Side: OFF	 Angle(dx0, dx): 0.16 deg 	 Angle(n, nold): 0.00 deg 	 Distance in patch: 5.766E-02 	 Total distance: 5.766E-02 	 Future toggles: 1 	 Past toggles: 1 	 Toggled: [[3, array([166], dtype=int64), array([[False]])]] 	 class: [2 7]
10:32:38,421 root DEBUG Check patch-by-patch distances for success (dOFF_patch>dON_patch) and ratio (dOFF_patch/dON_patch):
10:32:38,422 root DEBUG 	 nT= 1  	 success?    True    	 (dON-dOFF)/|dON+dOFF|: 69.31 	 cIDON = [2 7], cIDOFF = [2 7]
10:32:38,422 root DEBUG ===> #(dOFF_patch>dON_patch) = 1/1 = 100.00%
10:32:38,422 root DEBUG dOFF/dON = 5.5
10:32:38,422 root DEBUG {'CHOOSE_DX': 'along_decision_boundary', 'dxONAngle': 88.97550955986459, 'dON1': 0.01044957580893623, 'cIDON1': array([2, 7], dtype=int64), 'dON_patch_1': 0.01044957580893623, 'nTON': 1, 'dON': 0.01044957580893623, 'dxOFFAngle': 87.62852403072827, 'dOFF1': 0.057657491487147966, 'cIDOFF1': array([2, 7], dtype=int64), 'dOFF_patch_1': 0.057657491487147966, 'nTOFF': 1, 'dOFF': 0.057657491487147966, 'SUCCESS': True}
10:32:38,611 root DEBUG 

=================== Experiment ID #2 	 Dual Point ID: 3 ===================
10:32:38,626 root DEBUG CONTROL: 	 OK! 	 (target neuron output < tolerance: |1.512E-08|<1.000E-06)
10:32:38,626 root DEBUG CONTROL DUAL POINT: Check that target neuron output < tolerance ({tol:.3E}) at x_dual.
10:32:39,18 root DEBUG Side: ON	 Angle(dx0, dx): 29.20 deg 	 Angle(n, nold): 0.00 deg 	 Distance in patch: 4.943E-02 	 Total distance: 4.943E-02 	 Future toggles: 1 	 Past toggles: 1 	 Toggled: [[5, array([5, 7], dtype=int64), array([[0.],
       [1.]])]] 	 class: [3 7]
10:32:39,517 root DEBUG Side: OFF	 Angle(dx0, dx): 5.98 deg 	 Angle(n, nold): 0.00 deg 	 Distance in patch: 5.557E-02 	 Total distance: 5.557E-02 	 Future toggles: 1 	 Past toggles: 1 	 Toggled: [[4, array([4], dtype=int64), array([[ True]])]] 	 class: [3 5]
10:32:39,517 root DEBUG Check patch-by-patch distances for success (dOFF_patch>dON_patch) and ratio (dOFF_patch/dON_patch):
10:32:39,517 root DEBUG 	 nT= 1  	 success?    True    	 (dON-dOFF)/|dON+dOFF|: 5.84 	 cIDON = [3 5], cIDOFF = [3 5]
10:32:39,517 root DEBUG ===> #(dOFF_patch>dON_patch) = 1/1 = 100.00%
10:32:39,517 root DEBUG dOFF/dON = 1.1
10:32:39,517 root DEBUG {'CHOOSE_DX': 'along_decision_boundary', 'dxONAngle': 62.00086349271286, 'dON1': 0.049434069773413636, 'cIDON1': array([3, 5], dtype=int64), 'dON_patch_1': 0.049434069773413636, 'nTON': 1, 'dON': 0.049434069773413636, 'dxOFFAngle': 79.63971421735498, 'dOFF1': 0.05557063441821519, 'cIDOFF1': array([3, 5], dtype=int64), 'dOFF_patch_1': 0.05557063441821519, 'nTOFF': 1, 'dOFF': 0.05557063441821519, 'SUCCESS': True}
10:32:39,597 root DEBUG 

=================== Experiment ID #3 	 Dual Point ID: 4 ===================
10:32:39,618 root DEBUG CONTROL: 	 OK! 	 (target neuron output < tolerance: |7.750E-09|<1.000E-06)
10:32:39,618 root DEBUG CONTROL DUAL POINT: Check that target neuron output < tolerance ({tol:.3E}) at x_dual.
10:32:40,41 root DEBUG Side: ON	 Angle(dx0, dx): 0.60 deg 	 Angle(n, nold): 0.00 deg 	 Distance in patch: 1.146E-01 	 Total distance: 1.146E-01 	 Future toggles: 1 	 Past toggles: 1 	 Toggled: [[2, array([86], dtype=int64), array([[ True]])]] 	 class: [3 6]
10:32:40,370 root DEBUG Side: OFF	 Angle(dx0, dx): 0.07 deg 	 Angle(n, nold): 0.00 deg 	 Distance in patch: 2.022E-02 	 Total distance: 2.022E-02 	 Future toggles: 1 	 Past toggles: 1 	 Toggled: [[2, array([130], dtype=int64), array([[False]])]] 	 class: [3 6]
10:32:40,370 root DEBUG Check patch-by-patch distances for success (dOFF_patch>dON_patch) and ratio (dOFF_patch/dON_patch):
10:32:40,370 root DEBUG 	 nT= 1  	 success?   False    	 (dON-dOFF)/|dON+dOFF|: -70.00 	 cIDON = [3 6], cIDOFF = [3 6]
10:32:40,371 root DEBUG ===> #(dOFF_patch>dON_patch) = 0/1 = 0.00%
10:32:40,371 root DEBUG dOFF/dON = 0.2
10:32:40,371 root DEBUG {'CHOOSE_DX': 'along_decision_boundary', 'dxONAngle': 78.17760669865741, 'dON1': 0.1145741104967322, 'cIDON1': array([3, 6], dtype=int64), 'dON_patch_1': 0.1145741104967322, 'nTON': 1, 'dON': 0.1145741104967322, 'dxOFFAngle': 79.52767422136903, 'dOFF1': 0.02021936897635824, 'cIDOFF1': array([3, 6], dtype=int64), 'dOFF_patch_1': 0.02021936897635824, 'nTOFF': 1, 'dOFF': 0.02021936897635824, 'SUCCESS': False}
10:32:40,614 root DEBUG 

=================== Experiment ID #4 	 Dual Point ID: 5 ===================
10:32:40,635 root DEBUG CONTROL: 	 OK! 	 (target neuron output < tolerance: |3.178E-07|<1.000E-06)
10:32:40,636 root DEBUG CONTROL DUAL POINT: Check that target neuron output < tolerance ({tol:.3E}) at x_dual.
10:32:41,123 root DEBUG Side: ON	 Angle(dx0, dx): 1.18 deg 	 Angle(n, nold): 0.00 deg 	 Distance in patch: 2.973E-02 	 Total distance: 2.973E-02 	 Future toggles: 1 	 Past toggles: 1 	 Toggled: [[2, array([87], dtype=int64), array([[False]])]] 	 class: [8 9]
10:32:41,568 root DEBUG Side: OFF	 Angle(dx0, dx): 4.34 deg 	 Angle(n, nold): 0.00 deg 	 Distance in patch: 9.364E-02 	 Total distance: 9.364E-02 	 Future toggles: 1 	 Past toggles: 1 	 Toggled: [[3, array([89], dtype=int64), array([[ True]])]] 	 class: [8 9]
10:32:41,568 root DEBUG Check patch-by-patch distances for success (dOFF_patch>dON_patch) and ratio (dOFF_patch/dON_patch):
10:32:41,568 root DEBUG 	 nT= 1  	 success?    True    	 (dON-dOFF)/|dON+dOFF|: 51.81 	 cIDON = [8 9], cIDOFF = [8 9]
10:32:41,568 root DEBUG ===> #(dOFF_patch>dON_patch) = 1/1 = 100.00%
10:32:41,568 root DEBUG dOFF/dON = 3.1
10:32:41,568 root DEBUG {'CHOOSE_DX': 'along_decision_boundary', 'dxONAngle': 74.31087288498031, 'dON1': 0.029729316991429087, 'cIDON1': array([8, 9], dtype=int64), 'dON_patch_1': 0.029729316991429087, 'nTON': 1, 'dON': 0.029729316991429087, 'dxOFFAngle': 76.85658636056175, 'dOFF1': 0.0936435598917321, 'cIDOFF1': array([8, 9], dtype=int64), 'dOFF_patch_1': 0.0936435598917321, 'nTOFF': 1, 'dOFF': 0.0936435598917321, 'SUCCESS': True}
10:32:41,663 root DEBUG 

=================== Experiment ID #5 	 Dual Point ID: 6 ===================
10:32:41,672 root DEBUG CONTROL: 	 OK! 	 (target neuron output < tolerance: |6.963E-09|<1.000E-06)
10:32:41,672 root DEBUG CONTROL DUAL POINT: Check that target neuron output < tolerance ({tol:.3E}) at x_dual.
10:32:42,13 root DEBUG Side: ON	 Angle(dx0, dx): 0.08 deg 	 Angle(n, nold): 0.00 deg 	 Distance in patch: 1.299E-02 	 Total distance: 1.299E-02 	 Future toggles: 1 	 Past toggles: 1 	 Toggled: [[2, array([165], dtype=int64), array([[ True]])]] 	 class: [6 7]
10:32:42,394 root DEBUG Side: OFF	 Angle(dx0, dx): 0.04 deg 	 Angle(n, nold): 0.00 deg 	 Distance in patch: 4.478E-02 	 Total distance: 4.478E-02 	 Future toggles: 1 	 Past toggles: 1 	 Toggled: [[2, array([165], dtype=int64), array([[ True]])]] 	 class: [6 7]
10:32:42,394 root DEBUG Check patch-by-patch distances for success (dOFF_patch>dON_patch) and ratio (dOFF_patch/dON_patch):
10:32:42,394 root DEBUG 	 nT= 1  	 success?    True    	 (dON-dOFF)/|dON+dOFF|: 55.03 	 cIDON = [6 7], cIDOFF = [6 7]
10:32:42,394 root DEBUG ===> #(dOFF_patch>dON_patch) = 1/1 = 100.00%
10:32:42,394 root DEBUG dOFF/dON = 3.4
10:32:42,394 root DEBUG {'CHOOSE_DX': 'along_decision_boundary', 'dxONAngle': 83.73623066717637, 'dON1': 0.012990477692109252, 'cIDON1': array([6, 7], dtype=int64), 'dON_patch_1': 0.012990477692109252, 'nTON': 1, 'dON': 0.012990477692109252, 'dxOFFAngle': 86.43995488306656, 'dOFF1': 0.04478324438577649, 'cIDOFF1': array([6, 7], dtype=int64), 'dOFF_patch_1': 0.04478324438577649, 'nTOFF': 1, 'dOFF': 0.04478324438577649, 'SUCCESS': True}
10:32:42,450 root DEBUG 

=================== Experiment ID #6 	 Dual Point ID: 7 ===================
10:32:42,461 root DEBUG CONTROL: 	 OK! 	 (target neuron output < tolerance: |2.694E-08|<1.000E-06)
10:32:42,462 root DEBUG CONTROL DUAL POINT: Check that target neuron output < tolerance ({tol:.3E}) at x_dual.
10:32:42,789 root DEBUG Side: ON	 Angle(dx0, dx): 6.63 deg 	 Angle(n, nold): 0.00 deg 	 Distance in patch: 7.922E-03 	 Total distance: 7.922E-03 	 Future toggles: 1 	 Past toggles: 1 	 Toggled: [[3, array([171], dtype=int64), array([[ True]])]] 	 class: [3 5]
10:32:43,163 root DEBUG Side: OFF	 Angle(dx0, dx): 0.02 deg 	 Angle(n, nold): 0.00 deg 	 Distance in patch: 2.464E-03 	 Total distance: 2.464E-03 	 Future toggles: 0 	 Past toggles: 1 	 Toggled: [[1, array([223], dtype=int64), array([[ True]])]] 	 class: [3 5]
10:32:43,367 root DEBUG Side: OFF	 Angle(dx0, dx): 0.38 deg 	 Angle(n, nold): 0.00 deg 	 Distance in patch: 4.110E-02 	 Total distance: 4.356E-02 	 Future toggles: 0 	 Past toggles: 2 	 Toggled: [[1, array([222], dtype=int64), array([[ True]])]] 	 class: [3 5]
10:32:43,593 root DEBUG Side: OFF	 Angle(dx0, dx): 1.43 deg 	 Angle(n, nold): 0.00 deg 	 Distance in patch: 3.484E-01 	 Total distance: 3.920E-01 	 Future toggles: 1 	 Past toggles: 1 	 Toggled: [[2, array([79], dtype=int64), array([[False]])]] 	 class: [3 5]
10:32:43,593 root DEBUG Check patch-by-patch distances for success (dOFF_patch>dON_patch) and ratio (dOFF_patch/dON_patch):
10:32:43,593 root DEBUG 	 nT= 1  	 success?    True    	 (dON-dOFF)/|dON+dOFF|: 96.04 	 cIDON = [3 5], cIDOFF = [3 5]
10:32:43,593 root DEBUG ===> #(dOFF_patch>dON_patch) = 1/1 = 100.00%
10:32:43,593 root DEBUG dOFF/dON = 49.5
10:32:43,593 root DEBUG {'CHOOSE_DX': 'along_decision_boundary', 'dxONAngle': 86.18862192486432, 'dON1': 0.00792221209222778, 'cIDON1': array([3, 5], dtype=int64), 'dON_patch_1': 0.00792221209222778, 'nTON': 1, 'dON': 0.00792221209222778, 'dxOFFAngle': 88.66668658216008, 'dOFF1': 0.39198979576164367, 'cIDOFF1': array([3, 5], dtype=int64), 'dOFF_patch_1': 0.39198979576164367, 'nTOFF': 1, 'dOFF': 0.39198979576164367, 'SUCCESS': True}
10:32:43,806 root DEBUG 

=================== Experiment ID #7 	 Dual Point ID: 8 ===================
10:32:43,815 root DEBUG CONTROL: 	 WARNING! 	 (target neuron output > tolerance: |1.014E-06|>1.000E-06)
10:32:43,816 root DEBUG CONTROL DUAL POINT: Check that target neuron output < tolerance ({tol:.3E}) at x_dual.
10:32:43,816 root DEBUG CONTROL DUAL POINT: Check that target neuron output < tolerance ({tol:.3E}) at x_dual.
10:32:43,841 root DEBUG 

=================== Experiment ID #7 	 Dual Point ID: 9 ===================
10:32:43,850 root DEBUG CONTROL: 	 OK! 	 (target neuron output < tolerance: |1.547E-07|<1.000E-06)
10:32:43,851 root DEBUG CONTROL DUAL POINT: Check that target neuron output < tolerance ({tol:.3E}) at x_dual.
10:32:44,359 root DEBUG Side: ON	 Angle(dx0, dx): 2.73 deg 	 Angle(n, nold): 0.00 deg 	 Distance in patch: 3.984E-02 	 Total distance: 3.984E-02 	 Future toggles: 0 	 Past toggles: 1 	 Toggled: [[1, array([47], dtype=int64), array([[False]])]] 	 class: [6 9]
10:32:44,615 root DEBUG Side: ON	 Angle(dx0, dx): 6.70 deg 	 Angle(n, nold): 0.00 deg 	 Distance in patch: 5.093E-02 	 Total distance: 9.078E-02 	 Future toggles: 1 	 Past toggles: 1 	 Toggled: [[4, array([31], dtype=int64), array([[ True]])]] 	 class: [6 9]
10:32:44,984 root DEBUG Side: OFF	 Angle(dx0, dx): 0.11 deg 	 Angle(n, nold): 0.00 deg 	 Distance in patch: 1.520E-01 	 Total distance: 1.520E-01 	 Future toggles: 1 	 Past toggles: 1 	 Toggled: [[3, array([156], dtype=int64), array([[ True]])]] 	 class: [6 9]
10:32:44,984 root DEBUG Check patch-by-patch distances for success (dOFF_patch>dON_patch) and ratio (dOFF_patch/dON_patch):
10:32:44,985 root DEBUG 	 nT= 1  	 success?    True    	 (dON-dOFF)/|dON+dOFF|: 25.21 	 cIDON = [6 9], cIDOFF = [6 9]
10:32:44,985 root DEBUG ===> #(dOFF_patch>dON_patch) = 1/1 = 100.00%
10:32:44,985 root DEBUG dOFF/dON = 1.7
10:32:44,985 root DEBUG {'CHOOSE_DX': 'along_decision_boundary', 'dxONAngle': 80.98153179910214, 'dON1': 0.09077524667936081, 'cIDON1': array([6, 9], dtype=int64), 'dON_patch_1': 0.09077524667936081, 'nTON': 1, 'dON': 0.09077524667936081, 'dxOFFAngle': 89.68669583236301, 'dOFF1': 0.15196961760169378, 'cIDOFF1': array([6, 9], dtype=int64), 'dOFF_patch_1': 0.15196961760169378, 'nTOFF': 1, 'dOFF': 0.15196961760169378, 'SUCCESS': True}
10:32:45,57 root DEBUG 

=================== Experiment ID #8 	 Dual Point ID: 10 ===================
10:32:45,67 root DEBUG CONTROL: 	 OK! 	 (target neuron output < tolerance: |4.739E-08|<1.000E-06)
10:32:45,67 root DEBUG CONTROL DUAL POINT: Check that target neuron output < tolerance ({tol:.3E}) at x_dual.
10:32:45,452 root DEBUG Side: ON	 Angle(dx0, dx): 3.95 deg 	 Angle(n, nold): 0.00 deg 	 Distance in patch: 7.473E-02 	 Total distance: 7.473E-02 	 Future toggles: 1 	 Past toggles: 1 	 Toggled: [[3, array([2], dtype=int64), array([[ True]])]] 	 class: [2 3]
10:32:45,839 root DEBUG Side: OFF	 Angle(dx0, dx): 3.38 deg 	 Angle(n, nold): 0.00 deg 	 Distance in patch: 1.716E-01 	 Total distance: 1.716E-01 	 Future toggles: 1 	 Past toggles: 1 	 Toggled: [[2, array([4], dtype=int64), array([[ True]])]] 	 class: [2 3]
10:32:45,839 root DEBUG Check patch-by-patch distances for success (dOFF_patch>dON_patch) and ratio (dOFF_patch/dON_patch):
10:32:45,839 root DEBUG 	 nT= 1  	 success?    True    	 (dON-dOFF)/|dON+dOFF|: 39.34 	 cIDON = [2 3], cIDOFF = [2 3]
10:32:45,839 root DEBUG ===> #(dOFF_patch>dON_patch) = 1/1 = 100.00%
10:32:45,839 root DEBUG dOFF/dON = 2.3
10:32:45,839 root DEBUG {'CHOOSE_DX': 'along_decision_boundary', 'dxONAngle': 79.31080755158149, 'dON1': 0.07472729821866704, 'cIDON1': array([2, 3], dtype=int64), 'dON_patch_1': 0.07472729821866704, 'nTON': 1, 'dON': 0.07472729821866704, 'dxOFFAngle': 85.24042872125546, 'dOFF1': 0.17163687500496294, 'cIDOFF1': array([2, 3], dtype=int64), 'dOFF_patch_1': 0.17163687500496294, 'nTOFF': 1, 'dOFF': 0.17163687500496294, 'SUCCESS': True}
10:32:45,976 root DEBUG 

=================== Experiment ID #9 	 Dual Point ID: 11 ===================
10:32:45,986 root DEBUG CONTROL: 	 OK! 	 (target neuron output < tolerance: |2.563E-08|<1.000E-06)
10:32:45,986 root DEBUG CONTROL DUAL POINT: Check that target neuron output < tolerance ({tol:.3E}) at x_dual.
10:32:46,425 root DEBUG Side: ON	 Angle(dx0, dx): 0.84 deg 	 Angle(n, nold): 0.00 deg 	 Distance in patch: 7.550E-03 	 Total distance: 7.550E-03 	 Future toggles: 1 	 Past toggles: 1 	 Toggled: [[4, array([36], dtype=int64), array([[False]])]] 	 class: [0 1]
10:32:46,958 root DEBUG Side: OFF	 Angle(dx0, dx): 2.47 deg 	 Angle(n, nold): 0.00 deg 	 Distance in patch: 2.049E-02 	 Total distance: 2.049E-02 	 Future toggles: 1 	 Past toggles: 1 	 Toggled: [[4, array([25], dtype=int64), array([[ True]])]] 	 class: [0 1]
10:32:46,958 root DEBUG Check patch-by-patch distances for success (dOFF_patch>dON_patch) and ratio (dOFF_patch/dON_patch):
10:32:46,958 root DEBUG 	 nT= 1  	 success?    True    	 (dON-dOFF)/|dON+dOFF|: 46.16 	 cIDON = [0 1], cIDOFF = [0 1]
10:32:46,959 root DEBUG ===> #(dOFF_patch>dON_patch) = 1/1 = 100.00%
10:32:46,959 root DEBUG dOFF/dON = 2.7
10:32:46,959 root DEBUG {'CHOOSE_DX': 'along_decision_boundary', 'dxONAngle': 69.646917087504, 'dON1': 0.007549816915302439, 'cIDON1': array([0, 1], dtype=int64), 'dON_patch_1': 0.007549816915302439, 'nTON': 1, 'dON': 0.007549816915302439, 'dxOFFAngle': 82.10037770458365, 'dOFF1': 0.02049482258830893, 'cIDOFF1': array([0, 1], dtype=int64), 'dOFF_patch_1': 0.02049482258830893, 'nTOFF': 1, 'dOFF': 0.02049482258830893, 'SUCCESS': True}
10:32:47,199 root DEBUG 

=================== Experiment ID #10 	 Dual Point ID: 12 ===================
10:32:47,207 root DEBUG CONTROL: 	 OK! 	 (target neuron output < tolerance: |1.380E-07|<1.000E-06)
10:32:47,208 root DEBUG CONTROL DUAL POINT: Check that target neuron output < tolerance ({tol:.3E}) at x_dual.
10:32:47,565 root DEBUG Side: ON	 Angle(dx0, dx): 0.33 deg 	 Angle(n, nold): 0.00 deg 	 Distance in patch: 1.080E-01 	 Total distance: 1.080E-01 	 Future toggles: 1 	 Past toggles: 1 	 Toggled: [[2, array([133], dtype=int64), array([[False]])]] 	 class: [3 5]
10:32:48,49 root DEBUG Side: OFF	 Angle(dx0, dx): 0.60 deg 	 Angle(n, nold): 0.00 deg 	 Distance in patch: 1.198E-01 	 Total distance: 1.198E-01 	 Future toggles: 1 	 Past toggles: 1 	 Toggled: [[2, array([78], dtype=int64), array([[ True]])]] 	 class: [3 5]
10:32:48,50 root DEBUG Check patch-by-patch distances for success (dOFF_patch>dON_patch) and ratio (dOFF_patch/dON_patch):
10:32:48,50 root DEBUG 	 nT= 1  	 success?    True    	 (dON-dOFF)/|dON+dOFF|: 5.17 	 cIDON = [3 5], cIDOFF = [3 5]
10:32:48,50 root DEBUG ===> #(dOFF_patch>dON_patch) = 1/1 = 100.00%
10:32:48,51 root DEBUG dOFF/dON = 1.1
10:32:48,51 root DEBUG {'CHOOSE_DX': 'along_decision_boundary', 'dxONAngle': 64.53267719080833, 'dON1': 0.10802044762970923, 'cIDON1': array([3, 5], dtype=int64), 'dON_patch_1': 0.10802044762970923, 'nTON': 1, 'dON': 0.10802044762970923, 'dxOFFAngle': 72.14885146811623, 'dOFF1': 0.11979944103738246, 'cIDOFF1': array([3, 5], dtype=int64), 'dOFF_patch_1': 0.11979944103738246, 'nTOFF': 1, 'dOFF': 0.11979944103738246, 'SUCCESS': True}
10:32:48,153 root DEBUG 

=================== Experiment ID #11 	 Dual Point ID: 13 ===================
10:32:48,162 root DEBUG CONTROL: 	 OK! 	 (target neuron output < tolerance: |7.919E-08|<1.000E-06)
10:32:48,164 root DEBUG CONTROL DUAL POINT: Check that target neuron output < tolerance ({tol:.3E}) at x_dual.
10:32:48,556 root DEBUG Side: ON	 Angle(dx0, dx): 3.84 deg 	 Angle(n, nold): 0.00 deg 	 Distance in patch: 2.016E-02 	 Total distance: 2.016E-02 	 Future toggles: 1 	 Past toggles: 1 	 Toggled: [[3, array([207], dtype=int64), array([[False]])]] 	 class: [2 4]
10:32:49,4 root DEBUG Side: OFF	 Angle(dx0, dx): 0.50 deg 	 Angle(n, nold): 0.00 deg 	 Distance in patch: 6.033E-02 	 Total distance: 6.033E-02 	 Future toggles: 1 	 Past toggles: 1 	 Toggled: [[2, array([33], dtype=int64), array([[False]])]] 	 class: [2 4]
10:32:49,4 root DEBUG Check patch-by-patch distances for success (dOFF_patch>dON_patch) and ratio (dOFF_patch/dON_patch):
10:32:49,4 root DEBUG 	 nT= 1  	 success?    True    	 (dON-dOFF)/|dON+dOFF|: 49.91 	 cIDON = [2 4], cIDOFF = [2 4]
10:32:49,4 root DEBUG ===> #(dOFF_patch>dON_patch) = 1/1 = 100.00%
10:32:49,4 root DEBUG dOFF/dON = 3.0
10:32:49,4 root DEBUG {'CHOOSE_DX': 'along_decision_boundary', 'dxONAngle': 67.04016659222384, 'dON1': 0.02016024146407648, 'cIDON1': array([2, 4], dtype=int64), 'dON_patch_1': 0.02016024146407648, 'nTON': 1, 'dON': 0.02016024146407648, 'dxOFFAngle': 79.90808869637507, 'dOFF1': 0.060334603438649236, 'cIDOFF1': array([2, 4], dtype=int64), 'dOFF_patch_1': 0.060334603438649236, 'nTOFF': 1, 'dOFF': 0.060334603438649236, 'SUCCESS': True}
10:32:49,77 root DEBUG 

=================== Experiment ID #12 	 Dual Point ID: 14 ===================
10:32:49,85 root DEBUG CONTROL: 	 OK! 	 (target neuron output < tolerance: |6.537E-08|<1.000E-06)
10:32:49,85 root DEBUG CONTROL DUAL POINT: Check that target neuron output < tolerance ({tol:.3E}) at x_dual.
10:32:49,402 root DEBUG Side: ON	 Angle(dx0, dx): 1.19 deg 	 Angle(n, nold): 0.00 deg 	 Distance in patch: 1.735E-02 	 Total distance: 1.735E-02 	 Future toggles: 1 	 Past toggles: 1 	 Toggled: [[3, array([179], dtype=int64), array([[False]])]] 	 class: [0 2]
10:32:49,845 root DEBUG Side: OFF	 Angle(dx0, dx): 1.36 deg 	 Angle(n, nold): 0.00 deg 	 Distance in patch: 3.463E-02 	 Total distance: 3.463E-02 	 Future toggles: 1 	 Past toggles: 1 	 Toggled: [[2, array([254], dtype=int64), array([[ True]])]] 	 class: [1 2]
10:32:49,845 root DEBUG Check patch-by-patch distances for success (dOFF_patch>dON_patch) and ratio (dOFF_patch/dON_patch):
10:32:49,845 root DEBUG 	 nT= 1  	 success?    True    	 (dON-dOFF)/|dON+dOFF|: 33.25 	 cIDON = [0 2], cIDOFF = [1 2]
10:32:49,846 root DEBUG ===> #(dOFF_patch>dON_patch) = 1/1 = 100.00%
10:32:49,846 root DEBUG dOFF/dON = 2.0
10:32:49,846 root DEBUG {'CHOOSE_DX': 'along_decision_boundary', 'dxONAngle': 70.16628806984724, 'dON1': 0.017348073312676758, 'cIDON1': array([0, 2], dtype=int64), 'dON_patch_1': 0.017348073312676758, 'nTON': 1, 'dON': 0.017348073312676758, 'dxOFFAngle': 84.09668684171879, 'dOFF1': 0.03463326358908447, 'cIDOFF1': array([1, 2], dtype=int64), 'dOFF_patch_1': 0.03463326358908447, 'nTOFF': 1, 'dOFF': 0.03463326358908447, 'SUCCESS': True}
10:32:49,916 root DEBUG 

=================== Experiment ID #13 	 Dual Point ID: 15 ===================
10:32:49,925 root DEBUG CONTROL: 	 OK! 	 (target neuron output < tolerance: |1.315E-07|<1.000E-06)
10:32:49,925 root DEBUG CONTROL DUAL POINT: Check that target neuron output < tolerance ({tol:.3E}) at x_dual.
10:32:50,322 root DEBUG Side: ON	 Angle(dx0, dx): 0.23 deg 	 Angle(n, nold): 0.00 deg 	 Distance in patch: 2.593E-02 	 Total distance: 2.593E-02 	 Future toggles: 0 	 Past toggles: 1 	 Toggled: [[1, array([105], dtype=int64), array([[False]])]] 	 class: [8 9]
10:32:50,597 root DEBUG Side: ON	 Angle(dx0, dx): 0.29 deg 	 Angle(n, nold): 0.00 deg 	 Distance in patch: 5.633E-03 	 Total distance: 3.157E-02 	 Future toggles: 0 	 Past toggles: 2 	 Toggled: [[1, array([24], dtype=int64), array([[False]])]] 	 class: [8 9]
10:32:50,902 root DEBUG Side: ON	 Angle(dx0, dx): 2.10 deg 	 Angle(n, nold): 0.00 deg 	 Distance in patch: 2.117E-02 	 Total distance: 5.273E-02 	 Future toggles: 1 	 Past toggles: 1 	 Toggled: [[3, array([162], dtype=int64), array([[False]])]] 	 class: [8 9]
10:32:51,302 root DEBUG Side: OFF	 Angle(dx0, dx): 8.25 deg 	 Angle(n, nold): 0.00 deg 	 Distance in patch: 3.132E-03 	 Total distance: 3.132E-03 	 Future toggles: 1 	 Past toggles: 1 	 Toggled: [[4, array([7], dtype=int64), array([[ True]])]] 	 class: [8 9]
10:32:51,302 root DEBUG Check patch-by-patch distances for success (dOFF_patch>dON_patch) and ratio (dOFF_patch/dON_patch):
10:32:51,303 root DEBUG 	 nT= 1  	 success?   False    	 (dON-dOFF)/|dON+dOFF|: -88.79 	 cIDON = [8 9], cIDOFF = [8 9]
10:32:51,303 root DEBUG ===> #(dOFF_patch>dON_patch) = 0/1 = 0.00%
10:32:51,303 root DEBUG dOFF/dON = 0.1
10:32:51,303 root DEBUG {'CHOOSE_DX': 'along_decision_boundary', 'dxONAngle': 70.93350841083871, 'dON1': 0.052734280168365164, 'cIDON1': array([8, 9], dtype=int64), 'dON_patch_1': 0.052734280168365164, 'nTON': 1, 'dON': 0.052734280168365164, 'dxOFFAngle': 80.63589759660462, 'dOFF1': 0.0031317581749024043, 'cIDOFF1': array([8, 9], dtype=int64), 'dOFF_patch_1': 0.0031317581749024043, 'nTOFF': 1, 'dOFF': 0.0031317581749024043, 'SUCCESS': False}
10:32:51,355 root DEBUG 

=================== Experiment ID #14 	 Dual Point ID: 16 ===================
10:32:51,363 root DEBUG CONTROL: 	 OK! 	 (target neuron output < tolerance: |1.045E-07|<1.000E-06)
10:32:51,363 root DEBUG CONTROL DUAL POINT: Check that target neuron output < tolerance ({tol:.3E}) at x_dual.
10:32:51,783 root DEBUG Side: ON	 Angle(dx0, dx): 6.95 deg 	 Angle(n, nold): 0.00 deg 	 Distance in patch: 3.766E-02 	 Total distance: 3.766E-02 	 Future toggles: 1 	 Past toggles: 1 	 Toggled: [[3, array([197], dtype=int64), array([[False]])]] 	 class: [1 9]
10:32:52,56 root DEBUG Side: OFF	 Angle(dx0, dx): 14.54 deg 	 Angle(n, nold): 0.00 deg 	 Distance in patch: 2.086E-05 	 Total distance: 2.086E-05 	 Future toggles: 1 	 Past toggles: 1 	 Toggled: [[5, array([0, 1], dtype=int64), array([[0.],
       [1.]])]] 	 class: [1 9]
10:32:52,56 root DEBUG Check patch-by-patch distances for success (dOFF_patch>dON_patch) and ratio (dOFF_patch/dON_patch):
10:32:52,56 root DEBUG 	 nT= 1  	 success?   False    	 (dON-dOFF)/|dON+dOFF|: -99.89 	 cIDON = [1 9], cIDOFF = [0 9]
10:32:52,56 root DEBUG ===> #(dOFF_patch>dON_patch) = 0/1 = 0.00%
10:32:52,56 root DEBUG dOFF/dON = 0.0
10:32:52,56 root DEBUG {'CHOOSE_DX': 'along_decision_boundary', 'dxONAngle': 76.56575864294122, 'dON1': 0.037656285303638126, 'cIDON1': array([1, 9], dtype=int64), 'dON_patch_1': 0.037656285303638126, 'nTON': 1, 'dON': 0.037656285303638126, 'dxOFFAngle': 75.94753916981807, 'dOFF1': 2.0856127375637186e-05, 'cIDOFF1': array([0, 9], dtype=int64), 'dOFF_patch_1': 2.0856127375637186e-05, 'nTOFF': 1, 'dOFF': 2.0856127375637186e-05, 'SUCCESS': False}
10:32:52,283 root DEBUG 

=================== Experiment ID #15 	 Dual Point ID: 17 ===================
10:32:52,293 root DEBUG CONTROL: 	 OK! 	 (target neuron output < tolerance: |2.789E-08|<1.000E-06)
10:32:52,293 root DEBUG CONTROL DUAL POINT: Check that target neuron output < tolerance ({tol:.3E}) at x_dual.
10:32:52,737 root DEBUG Side: ON	 Angle(dx0, dx): 1.02 deg 	 Angle(n, nold): 0.00 deg 	 Distance in patch: 8.924E-03 	 Total distance: 8.924E-03 	 Future toggles: 1 	 Past toggles: 1 	 Toggled: [[4, array([12], dtype=int64), array([[ True]])]] 	 class: [0 1]
10:32:53,220 root DEBUG Side: OFF	 Angle(dx0, dx): 3.48 deg 	 Angle(n, nold): 0.00 deg 	 Distance in patch: 3.349E-03 	 Total distance: 3.349E-03 	 Future toggles: 1 	 Past toggles: 1 	 Toggled: [[3, array([65], dtype=int64), array([[False]])]] 	 class: [0 1]
10:32:53,220 root DEBUG Check patch-by-patch distances for success (dOFF_patch>dON_patch) and ratio (dOFF_patch/dON_patch):
10:32:53,221 root DEBUG 	 nT= 1  	 success?   False    	 (dON-dOFF)/|dON+dOFF|: -45.42 	 cIDON = [0 1], cIDOFF = [0 1]
10:32:53,221 root DEBUG ===> #(dOFF_patch>dON_patch) = 0/1 = 0.00%
10:32:53,221 root DEBUG dOFF/dON = 0.4
10:32:53,221 root DEBUG {'CHOOSE_DX': 'along_decision_boundary', 'dxONAngle': 84.8688067703167, 'dON1': 0.008924165661057368, 'cIDON1': array([0, 1], dtype=int64), 'dON_patch_1': 0.008924165661057368, 'nTON': 1, 'dON': 0.008924165661057368, 'dxOFFAngle': 83.58351077939709, 'dOFF1': 0.0033494160258641884, 'cIDOFF1': array([0, 1], dtype=int64), 'dOFF_patch_1': 0.0033494160258641884, 'nTOFF': 1, 'dOFF': 0.0033494160258641884, 'SUCCESS': False}
10:32:53,325 root DEBUG 

=================== Experiment ID #16 	 Dual Point ID: 18 ===================
10:32:53,333 root DEBUG CONTROL: 	 OK! 	 (target neuron output < tolerance: |1.595E-07|<1.000E-06)
10:32:53,333 root DEBUG CONTROL DUAL POINT: Check that target neuron output < tolerance ({tol:.3E}) at x_dual.
10:32:53,655 root DEBUG Side: ON	 Angle(dx0, dx): 2.03 deg 	 Angle(n, nold): 0.00 deg 	 Distance in patch: 5.947E-04 	 Total distance: 5.947E-04 	 Future toggles: 1 	 Past toggles: 1 	 Toggled: [[3, array([138], dtype=int64), array([[False]])]] 	 class: [2 6]
10:32:54,13 root DEBUG Side: OFF	 Angle(dx0, dx): 3.53 deg 	 Angle(n, nold): 0.00 deg 	 Distance in patch: 4.517E-02 	 Total distance: 4.517E-02 	 Future toggles: 1 	 Past toggles: 1 	 Toggled: [[2, array([144], dtype=int64), array([[False]])]] 	 class: [2 6]
10:32:54,13 root DEBUG Check patch-by-patch distances for success (dOFF_patch>dON_patch) and ratio (dOFF_patch/dON_patch):
10:32:54,13 root DEBUG 	 nT= 1  	 success?    True    	 (dON-dOFF)/|dON+dOFF|: 97.40 	 cIDON = [2 6], cIDOFF = [2 6]
10:32:54,14 root DEBUG ===> #(dOFF_patch>dON_patch) = 1/1 = 100.00%
10:32:54,14 root DEBUG dOFF/dON = 76.0
10:32:54,14 root DEBUG {'CHOOSE_DX': 'along_decision_boundary', 'dxONAngle': 80.95510265570674, 'dON1': 0.0005946687530261492, 'cIDON1': array([2, 6], dtype=int64), 'dON_patch_1': 0.0005946687530261492, 'nTON': 1, 'dON': 0.0005946687530261492, 'dxOFFAngle': 85.8039714906287, 'dOFF1': 0.04516949849754969, 'cIDOFF1': array([2, 6], dtype=int64), 'dOFF_patch_1': 0.04516949849754969, 'nTOFF': 1, 'dOFF': 0.04516949849754969, 'SUCCESS': True}
10:32:54,73 root DEBUG 

=================== Experiment ID #17 	 Dual Point ID: 19 ===================
10:32:54,83 root DEBUG CONTROL: 	 OK! 	 (target neuron output < tolerance: |5.483E-08|<1.000E-06)
10:32:54,83 root DEBUG CONTROL DUAL POINT: Check that target neuron output < tolerance ({tol:.3E}) at x_dual.
10:32:54,492 root DEBUG Side: ON	 Angle(dx0, dx): 4.57 deg 	 Angle(n, nold): 0.00 deg 	 Distance in patch: 4.628E-03 	 Total distance: 4.628E-03 	 Future toggles: 1 	 Past toggles: 1 	 Toggled: [[3, array([158], dtype=int64), array([[ True]])]] 	 class: [2 6]
10:32:54,859 root DEBUG Side: OFF	 Angle(dx0, dx): 1.91 deg 	 Angle(n, nold): 0.00 deg 	 Distance in patch: 4.577E-03 	 Total distance: 4.577E-03 	 Future toggles: 1 	 Past toggles: 1 	 Toggled: [[4, array([29], dtype=int64), array([[ True]])]] 	 class: [2 6]
10:32:54,859 root DEBUG Check patch-by-patch distances for success (dOFF_patch>dON_patch) and ratio (dOFF_patch/dON_patch):
10:32:54,859 root DEBUG 	 nT= 1  	 success?   False    	 (dON-dOFF)/|dON+dOFF|: -0.56 	 cIDON = [2 6], cIDOFF = [2 6]
10:32:54,865 root DEBUG ===> #(dOFF_patch>dON_patch) = 0/1 = 0.00%
10:32:54,865 root DEBUG dOFF/dON = 1.0
10:32:54,865 root DEBUG {'CHOOSE_DX': 'along_decision_boundary', 'dxONAngle': 79.50922097978894, 'dON1': 0.004628471042475734, 'cIDON1': array([2, 6], dtype=int64), 'dON_patch_1': 0.004628471042475734, 'nTON': 1, 'dON': 0.004628471042475734, 'dxOFFAngle': 88.79360654309232, 'dOFF1': 0.004577270425779578, 'cIDOFF1': array([2, 6], dtype=int64), 'dOFF_patch_1': 0.004577270425779578, 'nTOFF': 1, 'dOFF': 0.004577270425779578, 'SUCCESS': False}
10:32:54,925 root DEBUG 

=================== Experiment ID #18 	 Dual Point ID: 20 ===================
10:32:54,935 root DEBUG CONTROL: 	 OK! 	 (target neuron output < tolerance: |1.543E-07|<1.000E-06)
10:32:54,935 root DEBUG CONTROL DUAL POINT: Check that target neuron output < tolerance ({tol:.3E}) at x_dual.
10:32:55,337 root DEBUG Side: ON	 Angle(dx0, dx): 0.09 deg 	 Angle(n, nold): 0.00 deg 	 Distance in patch: 1.114E-01 	 Total distance: 1.114E-01 	 Future toggles: 1 	 Past toggles: 1 	 Toggled: [[2, array([89], dtype=int64), array([[False]])]] 	 class: [3 5]
10:32:55,669 root DEBUG Side: OFF	 Angle(dx0, dx): 0.21 deg 	 Angle(n, nold): 0.00 deg 	 Distance in patch: 1.938E-02 	 Total distance: 1.938E-02 	 Future toggles: 0 	 Past toggles: 1 	 Toggled: [[1, array([178], dtype=int64), array([[False]])]] 	 class: [3 5]
10:32:55,898 root DEBUG Side: OFF	 Angle(dx0, dx): 3.16 deg 	 Angle(n, nold): 0.00 deg 	 Distance in patch: 2.310E-03 	 Total distance: 2.169E-02 	 Future toggles: 1 	 Past toggles: 1 	 Toggled: [[4, array([38], dtype=int64), array([[False]])]] 	 class: [3 5]
10:32:55,898 root DEBUG Check patch-by-patch distances for success (dOFF_patch>dON_patch) and ratio (dOFF_patch/dON_patch):
10:32:55,899 root DEBUG 	 nT= 1  	 success?   False    	 (dON-dOFF)/|dON+dOFF|: -67.39 	 cIDON = [3 5], cIDOFF = [3 5]
10:32:55,899 root DEBUG ===> #(dOFF_patch>dON_patch) = 0/1 = 0.00%
10:32:55,899 root DEBUG dOFF/dON = 0.2
10:32:55,899 root DEBUG {'CHOOSE_DX': 'along_decision_boundary', 'dxONAngle': 83.44676776929941, 'dON1': 0.11135770661516878, 'cIDON1': array([3, 5], dtype=int64), 'dON_patch_1': 0.11135770661516878, 'nTON': 1, 'dON': 0.11135770661516878, 'dxOFFAngle': 87.08667347225267, 'dOFF1': 0.021694988824975003, 'cIDOFF1': array([3, 5], dtype=int64), 'dOFF_patch_1': 0.021694988824975003, 'nTOFF': 1, 'dOFF': 0.021694988824975003, 'SUCCESS': False}
10:32:56,9 root DEBUG 

=================== Experiment ID #19 	 Dual Point ID: 21 ===================
10:32:56,17 root DEBUG CONTROL: 	 OK! 	 (target neuron output < tolerance: |5.872E-08|<1.000E-06)
10:32:56,17 root DEBUG CONTROL DUAL POINT: Check that target neuron output < tolerance ({tol:.3E}) at x_dual.
10:32:56,387 root DEBUG Side: ON	 Angle(dx0, dx): 2.55 deg 	 Angle(n, nold): 0.00 deg 	 Distance in patch: 5.859E-03 	 Total distance: 5.859E-03 	 Future toggles: 0 	 Past toggles: 1 	 Toggled: [[1, array([60], dtype=int64), array([[ True]])]] 	 class: [4 6]
10:32:56,711 root DEBUG Side: ON	 Angle(dx0, dx): 0.47 deg 	 Angle(n, nold): 0.00 deg 	 Distance in patch: 3.273E-02 	 Total distance: 3.859E-02 	 Future toggles: 1 	 Past toggles: 1 	 Toggled: [[2, array([93], dtype=int64), array([[False]])]] 	 class: [4 6]
10:32:57,110 root DEBUG Side: OFF	 Angle(dx0, dx): 0.31 deg 	 Angle(n, nold): 0.00 deg 	 Distance in patch: 4.871E-03 	 Total distance: 4.871E-03 	 Future toggles: 1 	 Past toggles: 1 	 Toggled: [[2, array([232], dtype=int64), array([[ True]])]] 	 class: [4 6]
10:32:57,111 root DEBUG Check patch-by-patch distances for success (dOFF_patch>dON_patch) and ratio (dOFF_patch/dON_patch):
10:32:57,111 root DEBUG 	 nT= 1  	 success?   False    	 (dON-dOFF)/|dON+dOFF|: -77.58 	 cIDON = [4 6], cIDOFF = [4 6]
10:32:57,111 root DEBUG ===> #(dOFF_patch>dON_patch) = 0/1 = 0.00%
10:32:57,111 root DEBUG dOFF/dON = 0.1
10:32:57,111 root DEBUG {'CHOOSE_DX': 'along_decision_boundary', 'dxONAngle': 71.53693350684463, 'dON1': 0.038588304265156456, 'cIDON1': array([4, 6], dtype=int64), 'dON_patch_1': 0.038588304265156456, 'nTON': 1, 'dON': 0.038588304265156456, 'dxOFFAngle': 77.70062580057531, 'dOFF1': 0.004870682881892358, 'cIDOFF1': array([4, 6], dtype=int64), 'dOFF_patch_1': 0.004870682881892358, 'nTOFF': 1, 'dOFF': 0.004870682881892358, 'SUCCESS': False}
10:32:57,238 root DEBUG 

=================== Experiment ID #20 	 Dual Point ID: 22 ===================
10:32:57,247 root DEBUG CONTROL: 	 OK! 	 (target neuron output < tolerance: |4.600E-08|<1.000E-06)
10:32:57,247 root DEBUG CONTROL DUAL POINT: Check that target neuron output < tolerance ({tol:.3E}) at x_dual.
10:32:57,868 root DEBUG Side: ON	 Angle(dx0, dx): 1.56 deg 	 Angle(n, nold): 0.00 deg 	 Distance in patch: 8.807E-02 	 Total distance: 8.807E-02 	 Future toggles: 1 	 Past toggles: 1 	 Toggled: [[3, array([124], dtype=int64), array([[False]])]] 	 class: [2 8]
10:32:58,170 root DEBUG Side: OFF	 Angle(dx0, dx): 4.89 deg 	 Angle(n, nold): 0.00 deg 	 Distance in patch: 1.214E-01 	 Total distance: 1.214E-01 	 Future toggles: 1 	 Past toggles: 1 	 Toggled: [[4, array([29], dtype=int64), array([[False]])]] 	 class: [2 8]
10:32:58,171 root DEBUG Check patch-by-patch distances for success (dOFF_patch>dON_patch) and ratio (dOFF_patch/dON_patch):
10:32:58,171 root DEBUG 	 nT= 1  	 success?    True    	 (dON-dOFF)/|dON+dOFF|: 15.90 	 cIDON = [2 8], cIDOFF = [2 8]
10:32:58,171 root DEBUG ===> #(dOFF_patch>dON_patch) = 1/1 = 100.00%
10:32:58,171 root DEBUG dOFF/dON = 1.4
10:32:58,171 root DEBUG {'CHOOSE_DX': 'along_decision_boundary', 'dxONAngle': 68.03070085078795, 'dON1': 0.08807013657285852, 'cIDON1': array([2, 8], dtype=int64), 'dON_patch_1': 0.08807013657285852, 'nTON': 1, 'dON': 0.08807013657285852, 'dxOFFAngle': 75.82123070482817, 'dOFF1': 0.12137834403486561, 'cIDOFF1': array([2, 8], dtype=int64), 'dOFF_patch_1': 0.12137834403486561, 'nTOFF': 1, 'dOFF': 0.12137834403486561, 'SUCCESS': True}
10:32:58,226 root DEBUG 

=================== Experiment ID #21 	 Dual Point ID: 23 ===================
10:32:58,236 root DEBUG CONTROL: 	 OK! 	 (target neuron output < tolerance: |1.191E-07|<1.000E-06)
10:32:58,237 root DEBUG CONTROL DUAL POINT: Check that target neuron output < tolerance ({tol:.3E}) at x_dual.
10:32:58,553 root DEBUG Side: ON	 Angle(dx0, dx): 3.23 deg 	 Angle(n, nold): 0.00 deg 	 Distance in patch: 8.444E-03 	 Total distance: 8.444E-03 	 Future toggles: 1 	 Past toggles: 1 	 Toggled: [[4, array([42], dtype=int64), array([[ True]])]] 	 class: [3 6]
10:32:58,872 root DEBUG Side: OFF	 Angle(dx0, dx): 2.54 deg 	 Angle(n, nold): 0.00 deg 	 Distance in patch: 3.219E-01 	 Total distance: 3.219E-01 	 Future toggles: 1 	 Past toggles: 1 	 Toggled: [[2, array([140], dtype=int64), array([[ True]])]] 	 class: [3 6]
10:32:58,873 root DEBUG Check patch-by-patch distances for success (dOFF_patch>dON_patch) and ratio (dOFF_patch/dON_patch):
10:32:58,873 root DEBUG 	 nT= 1  	 success?    True    	 (dON-dOFF)/|dON+dOFF|: 94.89 	 cIDON = [3 6], cIDOFF = [3 6]
10:32:58,873 root DEBUG ===> #(dOFF_patch>dON_patch) = 1/1 = 100.00%
10:32:58,873 root DEBUG dOFF/dON = 38.1
10:32:58,873 root DEBUG {'CHOOSE_DX': 'along_decision_boundary', 'dxONAngle': 82.11876645524102, 'dON1': 0.00844376734342515, 'cIDON1': array([3, 6], dtype=int64), 'dON_patch_1': 0.00844376734342515, 'nTON': 1, 'dON': 0.00844376734342515, 'dxOFFAngle': 82.6650683615279, 'dOFF1': 0.3219207365969841, 'cIDOFF1': array([3, 6], dtype=int64), 'dOFF_patch_1': 0.3219207365969841, 'nTOFF': 1, 'dOFF': 0.3219207365969841, 'SUCCESS': True}
10:32:58,954 root DEBUG 

=================== Experiment ID #22 	 Dual Point ID: 24 ===================
10:32:58,963 root DEBUG CONTROL: 	 OK! 	 (target neuron output < tolerance: |1.763E-07|<1.000E-06)
10:32:58,963 root DEBUG CONTROL DUAL POINT: Check that target neuron output < tolerance ({tol:.3E}) at x_dual.
10:32:59,323 root DEBUG Side: ON	 Angle(dx0, dx): 0.16 deg 	 Angle(n, nold): 0.00 deg 	 Distance in patch: 3.350E-03 	 Total distance: 3.350E-03 	 Future toggles: 1 	 Past toggles: 1 	 Toggled: [[3, array([244], dtype=int64), array([[ True]])]] 	 class: [3 6]
10:32:59,687 root DEBUG Side: OFF	 Angle(dx0, dx): 0.55 deg 	 Angle(n, nold): 0.00 deg 	 Distance in patch: 7.576E-02 	 Total distance: 7.576E-02 	 Future toggles: 1 	 Past toggles: 1 	 Toggled: [[2, array([45], dtype=int64), array([[False]])]] 	 class: [3 6]
10:32:59,687 root DEBUG Check patch-by-patch distances for success (dOFF_patch>dON_patch) and ratio (dOFF_patch/dON_patch):
10:32:59,687 root DEBUG 	 nT= 1  	 success?    True    	 (dON-dOFF)/|dON+dOFF|: 91.53 	 cIDON = [3 6], cIDOFF = [3 6]
10:32:59,687 root DEBUG ===> #(dOFF_patch>dON_patch) = 1/1 = 100.00%
10:32:59,687 root DEBUG dOFF/dON = 22.6
10:32:59,687 root DEBUG {'CHOOSE_DX': 'along_decision_boundary', 'dxONAngle': 71.78481856275367, 'dON1': 0.0033497477736014426, 'cIDON1': array([3, 6], dtype=int64), 'dON_patch_1': 0.0033497477736014426, 'nTON': 1, 'dON': 0.0033497477736014426, 'dxOFFAngle': 82.34412217221539, 'dOFF1': 0.07575506948545246, 'cIDOFF1': array([3, 6], dtype=int64), 'dOFF_patch_1': 0.07575506948545246, 'nTOFF': 1, 'dOFF': 0.07575506948545246, 'SUCCESS': True}
10:32:59,740 root DEBUG 

=================== Experiment ID #23 	 Dual Point ID: 25 ===================
10:32:59,749 root DEBUG CONTROL: 	 OK! 	 (target neuron output < tolerance: |6.109E-08|<1.000E-06)
10:32:59,749 root DEBUG CONTROL DUAL POINT: Check that target neuron output < tolerance ({tol:.3E}) at x_dual.
10:33:00,51 root DEBUG Side: ON	 Angle(dx0, dx): 3.22 deg 	 Angle(n, nold): 0.00 deg 	 Distance in patch: 2.963E-03 	 Total distance: 2.963E-03 	 Future toggles: 1 	 Past toggles: 1 	 Toggled: [[3, array([17], dtype=int64), array([[False]])]] 	 class: [4 8]
10:33:00,444 root DEBUG Side: OFF	 Angle(dx0, dx): 12.50 deg 	 Angle(n, nold): 0.00 deg 	 Distance in patch: 1.602E-03 	 Total distance: 1.602E-03 	 Future toggles: 1 	 Past toggles: 1 	 Toggled: [[5, array([1, 4], dtype=int64), array([[1.],
       [0.]])]] 	 class: [1 8]
10:33:00,444 root DEBUG Check patch-by-patch distances for success (dOFF_patch>dON_patch) and ratio (dOFF_patch/dON_patch):
10:33:00,444 root DEBUG 	 nT= 1  	 success?   False    	 (dON-dOFF)/|dON+dOFF|: -29.80 	 cIDON = [4 8], cIDOFF = [4 8]
10:33:00,444 root DEBUG ===> #(dOFF_patch>dON_patch) = 0/1 = 0.00%
10:33:00,444 root DEBUG dOFF/dON = 0.5
10:33:00,444 root DEBUG {'CHOOSE_DX': 'along_decision_boundary', 'dxONAngle': 73.95955901079607, 'dON1': 0.0029631530312523384, 'cIDON1': array([4, 8], dtype=int64), 'dON_patch_1': 0.0029631530312523384, 'nTON': 1, 'dON': 0.0029631530312523384, 'dxOFFAngle': 78.83432490160331, 'dOFF1': 0.001602411254916688, 'cIDOFF1': array([4, 8], dtype=int64), 'dOFF_patch_1': 0.001602411254916688, 'nTOFF': 1, 'dOFF': 0.001602411254916688, 'SUCCESS': False}
10:33:00,498 root DEBUG 

=================== Experiment ID #24 	 Dual Point ID: 26 ===================
10:33:00,516 root DEBUG CONTROL: 	 OK! 	 (target neuron output < tolerance: |7.372E-08|<1.000E-06)
10:33:00,516 root DEBUG CONTROL DUAL POINT: Check that target neuron output < tolerance ({tol:.3E}) at x_dual.
10:33:00,887 root DEBUG Side: ON	 Angle(dx0, dx): 4.35 deg 	 Angle(n, nold): 0.00 deg 	 Distance in patch: 8.204E-03 	 Total distance: 8.204E-03 	 Future toggles: 1 	 Past toggles: 1 	 Toggled: [[4, array([11], dtype=int64), array([[False]])]] 	 class: [8 9]
10:33:01,322 root DEBUG Side: OFF	 Angle(dx0, dx): 0.24 deg 	 Angle(n, nold): 0.00 deg 	 Distance in patch: 1.001E-01 	 Total distance: 1.001E-01 	 Future toggles: 1 	 Past toggles: 1 	 Toggled: [[3, array([178], dtype=int64), array([[ True]])]] 	 class: [8 9]
10:33:01,322 root DEBUG Check patch-by-patch distances for success (dOFF_patch>dON_patch) and ratio (dOFF_patch/dON_patch):
10:33:01,322 root DEBUG 	 nT= 1  	 success?    True    	 (dON-dOFF)/|dON+dOFF|: 84.86 	 cIDON = [8 9], cIDOFF = [8 9]
10:33:01,323 root DEBUG ===> #(dOFF_patch>dON_patch) = 1/1 = 100.00%
10:33:01,323 root DEBUG dOFF/dON = 12.2
10:33:01,323 root DEBUG {'CHOOSE_DX': 'along_decision_boundary', 'dxONAngle': 80.46841110267326, 'dON1': 0.008204419239062464, 'cIDON1': array([8, 9], dtype=int64), 'dON_patch_1': 0.008204419239062464, 'nTON': 1, 'dON': 0.008204419239062464, 'dxOFFAngle': 80.08983517561917, 'dOFF1': 0.10014210776806866, 'cIDOFF1': array([8, 9], dtype=int64), 'dOFF_patch_1': 0.10014210776806866, 'nTOFF': 1, 'dOFF': 0.10014210776806866, 'SUCCESS': True}
10:33:01,382 root DEBUG 

=================== Experiment ID #25 	 Dual Point ID: 27 ===================
10:33:01,390 root DEBUG CONTROL: 	 OK! 	 (target neuron output < tolerance: |1.532E-07|<1.000E-06)
10:33:01,390 root DEBUG CONTROL DUAL POINT: Check that target neuron output < tolerance ({tol:.3E}) at x_dual.
10:33:01,741 root DEBUG Side: ON	 Angle(dx0, dx): 3.61 deg 	 Angle(n, nold): 0.00 deg 	 Distance in patch: 1.463E-02 	 Total distance: 1.463E-02 	 Future toggles: 1 	 Past toggles: 1 	 Toggled: [[3, array([111], dtype=int64), array([[False]])]] 	 class: [5 6]
10:33:02,198 root DEBUG Side: OFF	 Angle(dx0, dx): 0.05 deg 	 Angle(n, nold): 0.00 deg 	 Distance in patch: 3.908E-02 	 Total distance: 3.908E-02 	 Future toggles: 0 	 Past toggles: 1 	 Toggled: [[1, array([8], dtype=int64), array([[False]])]] 	 class: [5 6]
10:33:02,518 root DEBUG Side: OFF	 Angle(dx0, dx): 12.42 deg 	 Angle(n, nold): 0.00 deg 	 Distance in patch: 1.205E-01 	 Total distance: 1.596E-01 	 Future toggles: 1 	 Past toggles: 1 	 Toggled: [[5, array([2, 5], dtype=int64), array([[1.],
       [0.]])]] 	 class: [2 6]
10:33:02,518 root DEBUG Check patch-by-patch distances for success (dOFF_patch>dON_patch) and ratio (dOFF_patch/dON_patch):
10:33:02,519 root DEBUG 	 nT= 1  	 success?    True    	 (dON-dOFF)/|dON+dOFF|: 83.21 	 cIDON = [5 6], cIDOFF = [5 6]
10:33:02,519 root DEBUG ===> #(dOFF_patch>dON_patch) = 1/1 = 100.00%
10:33:02,519 root DEBUG dOFF/dON = 10.9
10:33:02,519 root DEBUG {'CHOOSE_DX': 'along_decision_boundary', 'dxONAngle': 64.40975755320166, 'dON1': 0.01462718409531181, 'cIDON1': array([5, 6], dtype=int64), 'dON_patch_1': 0.01462718409531181, 'nTON': 1, 'dON': 0.01462718409531181, 'dxOFFAngle': 81.04907337041575, 'dOFF1': 0.15962602159595257, 'cIDOFF1': array([5, 6], dtype=int64), 'dOFF_patch_1': 0.15962602159595257, 'nTOFF': 1, 'dOFF': 0.15962602159595257, 'SUCCESS': True}
10:33:02,700 root DEBUG 

=================== Experiment ID #26 	 Dual Point ID: 28 ===================
10:33:02,709 root DEBUG CONTROL: 	 OK! 	 (target neuron output < tolerance: |1.774E-09|<1.000E-06)
10:33:02,709 root DEBUG CONTROL DUAL POINT: Check that target neuron output < tolerance ({tol:.3E}) at x_dual.
10:33:03,76 root DEBUG Side: ON	 Angle(dx0, dx): 3.24 deg 	 Angle(n, nold): 0.00 deg 	 Distance in patch: 2.670E-02 	 Total distance: 2.670E-02 	 Future toggles: 1 	 Past toggles: 1 	 Toggled: [[3, array([134], dtype=int64), array([[False]])]] 	 class: [5 7]
10:33:03,515 root DEBUG Side: OFF	 Angle(dx0, dx): 1.78 deg 	 Angle(n, nold): 0.00 deg 	 Distance in patch: 5.270E-01 	 Total distance: 5.270E-01 	 Future toggles: 1 	 Past toggles: 1 	 Toggled: [[2, array([94], dtype=int64), array([[False]])]] 	 class: [5 7]
10:33:03,516 root DEBUG Check patch-by-patch distances for success (dOFF_patch>dON_patch) and ratio (dOFF_patch/dON_patch):
10:33:03,516 root DEBUG 	 nT= 1  	 success?    True    	 (dON-dOFF)/|dON+dOFF|: 90.36 	 cIDON = [5 7], cIDOFF = [5 7]
10:33:03,516 root DEBUG ===> #(dOFF_patch>dON_patch) = 1/1 = 100.00%
10:33:03,516 root DEBUG dOFF/dON = 19.7
10:33:03,516 root DEBUG {'CHOOSE_DX': 'along_decision_boundary', 'dxONAngle': 62.224469372479575, 'dON1': 0.026695304059127067, 'cIDON1': array([5, 7], dtype=int64), 'dON_patch_1': 0.026695304059127067, 'nTON': 1, 'dON': 0.026695304059127067, 'dxOFFAngle': 77.31408635575077, 'dOFF1': 0.5269798001978432, 'cIDOFF1': array([5, 7], dtype=int64), 'dOFF_patch_1': 0.5269798001978432, 'nTOFF': 1, 'dOFF': 0.5269798001978432, 'SUCCESS': True}
10:33:03,625 root DEBUG 

=================== Experiment ID #27 	 Dual Point ID: 29 ===================
10:33:03,633 root DEBUG CONTROL: 	 OK! 	 (target neuron output < tolerance: |1.266E-08|<1.000E-06)
10:33:03,633 root DEBUG CONTROL DUAL POINT: Check that target neuron output < tolerance ({tol:.3E}) at x_dual.
10:33:04,33 root DEBUG Side: ON	 Angle(dx0, dx): 1.85 deg 	 Angle(n, nold): 0.00 deg 	 Distance in patch: 1.664E-02 	 Total distance: 1.664E-02 	 Future toggles: 1 	 Past toggles: 1 	 Toggled: [[3, array([48], dtype=int64), array([[ True]])]] 	 class: [7 9]
10:33:04,385 root DEBUG Side: OFF	 Angle(dx0, dx): 0.86 deg 	 Angle(n, nold): 0.00 deg 	 Distance in patch: 1.097E-01 	 Total distance: 1.097E-01 	 Future toggles: 1 	 Past toggles: 1 	 Toggled: [[3, array([150], dtype=int64), array([[False]])]] 	 class: [7 9]
10:33:04,385 root DEBUG Check patch-by-patch distances for success (dOFF_patch>dON_patch) and ratio (dOFF_patch/dON_patch):
10:33:04,385 root DEBUG 	 nT= 1  	 success?    True    	 (dON-dOFF)/|dON+dOFF|: 73.66 	 cIDON = [7 9], cIDOFF = [7 9]
10:33:04,385 root DEBUG ===> #(dOFF_patch>dON_patch) = 1/1 = 100.00%
10:33:04,385 root DEBUG dOFF/dON = 6.6
10:33:04,385 root DEBUG {'CHOOSE_DX': 'along_decision_boundary', 'dxONAngle': 64.07308700182747, 'dON1': 0.016636218554736175, 'cIDON1': array([7, 9], dtype=int64), 'dON_patch_1': 0.016636218554736175, 'nTON': 1, 'dON': 0.016636218554736175, 'dxOFFAngle': 77.86439600542528, 'dOFF1': 0.10969398796240881, 'cIDOFF1': array([7, 9], dtype=int64), 'dOFF_patch_1': 0.10969398796240881, 'nTOFF': 1, 'dOFF': 0.10969398796240881, 'SUCCESS': True}
10:33:04,526 root DEBUG 

=================== Experiment ID #28 	 Dual Point ID: 30 ===================
10:33:04,535 root DEBUG CONTROL: 	 OK! 	 (target neuron output < tolerance: |2.157E-07|<1.000E-06)
10:33:04,535 root DEBUG CONTROL DUAL POINT: Check that target neuron output < tolerance ({tol:.3E}) at x_dual.
10:33:05,76 root DEBUG Side: ON	 Angle(dx0, dx): 3.89 deg 	 Angle(n, nold): 0.00 deg 	 Distance in patch: 1.065E-02 	 Total distance: 1.065E-02 	 Future toggles: 1 	 Past toggles: 1 	 Toggled: [[2, array([147], dtype=int64), array([[False]])]] 	 class: [3 5]
10:33:05,538 root DEBUG Side: OFF	 Angle(dx0, dx): 0.51 deg 	 Angle(n, nold): 0.00 deg 	 Distance in patch: 1.241E-01 	 Total distance: 1.241E-01 	 Future toggles: 1 	 Past toggles: 1 	 Toggled: [[3, array([199], dtype=int64), array([[False]])]] 	 class: [3 5]
10:33:05,538 root DEBUG Check patch-by-patch distances for success (dOFF_patch>dON_patch) and ratio (dOFF_patch/dON_patch):
10:33:05,538 root DEBUG 	 nT= 1  	 success?    True    	 (dON-dOFF)/|dON+dOFF|: 84.19 	 cIDON = [3 5], cIDOFF = [3 5]
10:33:05,538 root DEBUG ===> #(dOFF_patch>dON_patch) = 1/1 = 100.00%
10:33:05,538 root DEBUG dOFF/dON = 11.7
10:33:05,538 root DEBUG {'CHOOSE_DX': 'along_decision_boundary', 'dxONAngle': 83.29731754264118, 'dON1': 0.010648089905108253, 'cIDON1': array([3, 5], dtype=int64), 'dON_patch_1': 0.010648089905108253, 'nTON': 1, 'dON': 0.010648089905108253, 'dxOFFAngle': 83.9967635237951, 'dOFF1': 0.12408959000732861, 'cIDOFF1': array([3, 5], dtype=int64), 'dOFF_patch_1': 0.12408959000732861, 'nTOFF': 1, 'dOFF': 0.12408959000732861, 'SUCCESS': True}
10:33:05,633 root DEBUG 

=================== Experiment ID #29 	 Dual Point ID: 31 ===================
10:33:05,642 root DEBUG CONTROL: 	 OK! 	 (target neuron output < tolerance: |4.870E-08|<1.000E-06)
10:33:05,642 root DEBUG CONTROL DUAL POINT: Check that target neuron output < tolerance ({tol:.3E}) at x_dual.
10:33:05,993 root DEBUG Side: ON	 Angle(dx0, dx): 1.77 deg 	 Angle(n, nold): 0.00 deg 	 Distance in patch: 2.965E-01 	 Total distance: 2.965E-01 	 Future toggles: 1 	 Past toggles: 1 	 Toggled: [[3, array([17], dtype=int64), array([[False]])]] 	 class: [3 5]
10:33:06,346 root DEBUG Side: OFF	 Angle(dx0, dx): 2.13 deg 	 Angle(n, nold): 0.00 deg 	 Distance in patch: 2.066E-02 	 Total distance: 2.066E-02 	 Future toggles: 1 	 Past toggles: 1 	 Toggled: [[3, array([155], dtype=int64), array([[ True]])]] 	 class: [3 5]
10:33:06,347 root DEBUG Check patch-by-patch distances for success (dOFF_patch>dON_patch) and ratio (dOFF_patch/dON_patch):
10:33:06,347 root DEBUG 	 nT= 1  	 success?   False    	 (dON-dOFF)/|dON+dOFF|: -86.97 	 cIDON = [3 5], cIDOFF = [3 5]
10:33:06,347 root DEBUG ===> #(dOFF_patch>dON_patch) = 0/1 = 0.00%
10:33:06,347 root DEBUG dOFF/dON = 0.1
10:33:06,347 root DEBUG {'CHOOSE_DX': 'along_decision_boundary', 'dxONAngle': 78.29242523007417, 'dON1': 0.296469366360485, 'cIDON1': array([3, 5], dtype=int64), 'dON_patch_1': 0.296469366360485, 'nTON': 1, 'dON': 0.296469366360485, 'dxOFFAngle': 77.72479483733245, 'dOFF1': 0.020657789266822, 'cIDOFF1': array([3, 5], dtype=int64), 'dOFF_patch_1': 0.020657789266822, 'nTOFF': 1, 'dOFF': 0.020657789266822, 'SUCCESS': False}
10:33:06,523 root DEBUG 

=================== Experiment ID #30 	 Dual Point ID: 32 ===================
10:33:06,531 root DEBUG CONTROL: 	 OK! 	 (target neuron output < tolerance: |2.784E-08|<1.000E-06)
10:33:06,532 root DEBUG CONTROL DUAL POINT: Check that target neuron output < tolerance ({tol:.3E}) at x_dual.
10:33:06,886 root DEBUG Side: ON	 Angle(dx0, dx): 18.08 deg 	 Angle(n, nold): 0.00 deg 	 Distance in patch: 3.716E-02 	 Total distance: 3.716E-02 	 Future toggles: 1 	 Past toggles: 1 	 Toggled: [[5, array([5, 7], dtype=int64), array([[0.],
       [1.]])]] 	 class: [7 9]
10:33:07,271 root DEBUG Side: OFF	 Angle(dx0, dx): 2.01 deg 	 Angle(n, nold): 0.00 deg 	 Distance in patch: 2.836E-02 	 Total distance: 2.836E-02 	 Future toggles: 1 	 Past toggles: 1 	 Toggled: [[2, array([226], dtype=int64), array([[ True]])]] 	 class: [5 9]
10:33:07,271 root DEBUG Check patch-by-patch distances for success (dOFF_patch>dON_patch) and ratio (dOFF_patch/dON_patch):
10:33:07,271 root DEBUG 	 nT= 1  	 success?   False    	 (dON-dOFF)/|dON+dOFF|: -13.44 	 cIDON = [5 9], cIDOFF = [5 9]
10:33:07,272 root DEBUG ===> #(dOFF_patch>dON_patch) = 0/1 = 0.00%
10:33:07,272 root DEBUG dOFF/dON = 0.8
10:33:07,272 root DEBUG {'CHOOSE_DX': 'along_decision_boundary', 'dxONAngle': 72.30430441999162, 'dON1': 0.03716098676010188, 'cIDON1': array([5, 9], dtype=int64), 'dON_patch_1': 0.03716098676010188, 'nTON': 1, 'dON': 0.03716098676010188, 'dxOFFAngle': 78.07786043796145, 'dOFF1': 0.028356835921506885, 'cIDOFF1': array([5, 9], dtype=int64), 'dOFF_patch_1': 0.028356835921506885, 'nTOFF': 1, 'dOFF': 0.028356835921506885, 'SUCCESS': False}
10:33:07,359 root DEBUG 

=================== Experiment ID #31 	 Dual Point ID: 33 ===================
10:33:07,368 root DEBUG CONTROL: 	 OK! 	 (target neuron output < tolerance: |1.200E-07|<1.000E-06)
10:33:07,368 root DEBUG CONTROL DUAL POINT: Check that target neuron output < tolerance ({tol:.3E}) at x_dual.
10:33:07,760 root DEBUG Side: ON	 Angle(dx0, dx): 0.15 deg 	 Angle(n, nold): 0.00 deg 	 Distance in patch: 1.005E-02 	 Total distance: 1.005E-02 	 Future toggles: 1 	 Past toggles: 1 	 Toggled: [[2, array([143], dtype=int64), array([[ True]])]] 	 class: [3 5]
10:33:08,329 root DEBUG Side: OFF	 Angle(dx0, dx): 0.60 deg 	 Angle(n, nold): 0.00 deg 	 Distance in patch: 7.319E-02 	 Total distance: 7.319E-02 	 Future toggles: 1 	 Past toggles: 1 	 Toggled: [[3, array([60], dtype=int64), array([[ True]])]] 	 class: [3 5]
10:33:08,331 root DEBUG Check patch-by-patch distances for success (dOFF_patch>dON_patch) and ratio (dOFF_patch/dON_patch):
10:33:08,331 root DEBUG 	 nT= 1  	 success?    True    	 (dON-dOFF)/|dON+dOFF|: 75.85 	 cIDON = [3 5], cIDOFF = [3 5]
10:33:08,331 root DEBUG ===> #(dOFF_patch>dON_patch) = 1/1 = 100.00%
10:33:08,331 root DEBUG dOFF/dON = 7.3
10:33:08,331 root DEBUG {'CHOOSE_DX': 'along_decision_boundary', 'dxONAngle': 88.83730388453401, 'dON1': 0.010052990910136386, 'cIDON1': array([3, 5], dtype=int64), 'dON_patch_1': 0.010052990910136386, 'nTON': 1, 'dON': 0.010052990910136386, 'dxOFFAngle': 87.71834364061644, 'dOFF1': 0.07318625175330205, 'cIDOFF1': array([3, 5], dtype=int64), 'dOFF_patch_1': 0.07318625175330205, 'nTOFF': 1, 'dOFF': 0.07318625175330205, 'SUCCESS': True}
10:33:08,454 root DEBUG 

=================== Experiment ID #32 	 Dual Point ID: 34 ===================
10:33:08,464 root DEBUG CONTROL: 	 OK! 	 (target neuron output < tolerance: |2.341E-07|<1.000E-06)
10:33:08,464 root DEBUG CONTROL DUAL POINT: Check that target neuron output < tolerance ({tol:.3E}) at x_dual.
10:33:08,806 root DEBUG Side: ON	 Angle(dx0, dx): 0.88 deg 	 Angle(n, nold): 0.00 deg 	 Distance in patch: 7.035E-02 	 Total distance: 7.035E-02 	 Future toggles: 1 	 Past toggles: 1 	 Toggled: [[3, array([219], dtype=int64), array([[False]])]] 	 class: [5 9]
10:33:09,163 root DEBUG Side: OFF	 Angle(dx0, dx): 0.00 deg 	 Angle(n, nold): 0.00 deg 	 Distance in patch: 1.551E-01 	 Total distance: 1.551E-01 	 Future toggles: 1 	 Past toggles: 1 	 Toggled: [[3, array([106], dtype=int64), array([[ True]])]] 	 class: [5 9]
10:33:09,163 root DEBUG Check patch-by-patch distances for success (dOFF_patch>dON_patch) and ratio (dOFF_patch/dON_patch):
10:33:09,164 root DEBUG 	 nT= 1  	 success?    True    	 (dON-dOFF)/|dON+dOFF|: 37.58 	 cIDON = [5 9], cIDOFF = [5 9]
10:33:09,164 root DEBUG ===> #(dOFF_patch>dON_patch) = 1/1 = 100.00%
10:33:09,164 root DEBUG dOFF/dON = 2.2
10:33:09,164 root DEBUG {'CHOOSE_DX': 'along_decision_boundary', 'dxONAngle': 85.16319466333971, 'dON1': 0.07034503091438307, 'cIDON1': array([5, 9], dtype=int64), 'dON_patch_1': 0.07034503091438307, 'nTON': 1, 'dON': 0.07034503091438307, 'dxOFFAngle': 87.12079801235986, 'dOFF1': 0.15505570592866952, 'cIDOFF1': array([5, 9], dtype=int64), 'dOFF_patch_1': 0.15505570592866952, 'nTOFF': 1, 'dOFF': 0.15505570592866952, 'SUCCESS': True}
10:33:09,253 root DEBUG 

=================== Experiment ID #33 	 Dual Point ID: 35 ===================
10:33:09,263 root DEBUG CONTROL: 	 OK! 	 (target neuron output < tolerance: |5.367E-07|<1.000E-06)
10:33:09,263 root DEBUG CONTROL DUAL POINT: Check that target neuron output < tolerance ({tol:.3E}) at x_dual.
10:33:09,682 root DEBUG Side: ON	 Angle(dx0, dx): 8.67 deg 	 Angle(n, nold): 0.00 deg 	 Distance in patch: 2.511E-02 	 Total distance: 2.511E-02 	 Future toggles: 1 	 Past toggles: 1 	 Toggled: [[4, array([30], dtype=int64), array([[False]])]] 	 class: [3 5]
10:33:10,51 root DEBUG Side: OFF	 Angle(dx0, dx): 0.06 deg 	 Angle(n, nold): 0.00 deg 	 Distance in patch: 1.775E-02 	 Total distance: 1.775E-02 	 Future toggles: 1 	 Past toggles: 1 	 Toggled: [[2, array([66], dtype=int64), array([[ True]])]] 	 class: [3 5]
10:33:10,51 root DEBUG Check patch-by-patch distances for success (dOFF_patch>dON_patch) and ratio (dOFF_patch/dON_patch):
10:33:10,52 root DEBUG 	 nT= 1  	 success?   False    	 (dON-dOFF)/|dON+dOFF|: -17.17 	 cIDON = [3 5], cIDOFF = [3 5]
10:33:10,52 root DEBUG ===> #(dOFF_patch>dON_patch) = 0/1 = 0.00%
10:33:10,52 root DEBUG dOFF/dON = 0.7
10:33:10,52 root DEBUG {'CHOOSE_DX': 'along_decision_boundary', 'dxONAngle': 74.07249093365039, 'dON1': 0.025114583253738127, 'cIDON1': array([3, 5], dtype=int64), 'dON_patch_1': 0.025114583253738127, 'nTON': 1, 'dON': 0.025114583253738127, 'dxOFFAngle': 83.64865125382303, 'dOFF1': 0.017752342912592232, 'cIDOFF1': array([3, 5], dtype=int64), 'dOFF_patch_1': 0.017752342912592232, 'nTOFF': 1, 'dOFF': 0.017752342912592232, 'SUCCESS': False}
10:33:10,241 root DEBUG 

=================== Experiment ID #34 	 Dual Point ID: 36 ===================
10:33:10,250 root DEBUG CONTROL: 	 OK! 	 (target neuron output < tolerance: |7.214E-08|<1.000E-06)
10:33:10,250 root DEBUG CONTROL DUAL POINT: Check that target neuron output < tolerance ({tol:.3E}) at x_dual.
10:33:10,639 root DEBUG Side: ON	 Angle(dx0, dx): 0.11 deg 	 Angle(n, nold): 0.00 deg 	 Distance in patch: 5.692E-02 	 Total distance: 5.692E-02 	 Future toggles: 0 	 Past toggles: 1 	 Toggled: [[1, array([92], dtype=int64), array([[ True]])]] 	 class: [5 7]
10:33:10,858 root DEBUG Side: ON	 Angle(dx0, dx): 3.46 deg 	 Angle(n, nold): 0.00 deg 	 Distance in patch: 1.551E-02 	 Total distance: 7.243E-02 	 Future toggles: 1 	 Past toggles: 1 	 Toggled: [[2, array([24], dtype=int64), array([[ True]])]] 	 class: [5 7]
10:33:11,144 root DEBUG Side: OFF	 Angle(dx0, dx): 1.68 deg 	 Angle(n, nold): 0.00 deg 	 Distance in patch: 2.585E-02 	 Total distance: 2.585E-02 	 Future toggles: 1 	 Past toggles: 1 	 Toggled: [[4, array([59], dtype=int64), array([[False]])]] 	 class: [5 7]
10:33:11,144 root DEBUG Check patch-by-patch distances for success (dOFF_patch>dON_patch) and ratio (dOFF_patch/dON_patch):
10:33:11,144 root DEBUG 	 nT= 1  	 success?   False    	 (dON-dOFF)/|dON+dOFF|: -47.39 	 cIDON = [5 7], cIDOFF = [5 7]
10:33:11,144 root DEBUG ===> #(dOFF_patch>dON_patch) = 0/1 = 0.00%
10:33:11,144 root DEBUG dOFF/dON = 0.4
10:33:11,144 root DEBUG {'CHOOSE_DX': 'along_decision_boundary', 'dxONAngle': 67.75951203333634, 'dON1': 0.07243238105073349, 'cIDON1': array([5, 7], dtype=int64), 'dON_patch_1': 0.07243238105073349, 'nTON': 1, 'dON': 0.07243238105073349, 'dxOFFAngle': 78.17252603504728, 'dOFF1': 0.025853635522140893, 'cIDOFF1': array([5, 7], dtype=int64), 'dOFF_patch_1': 0.025853635522140893, 'nTOFF': 1, 'dOFF': 0.025853635522140893, 'SUCCESS': False}
10:33:11,468 root DEBUG 

=================== Experiment ID #35 	 Dual Point ID: 37 ===================
10:33:11,475 root DEBUG CONTROL: 	 OK! 	 (target neuron output < tolerance: |1.124E-08|<1.000E-06)
10:33:11,475 root DEBUG CONTROL DUAL POINT: Check that target neuron output < tolerance ({tol:.3E}) at x_dual.
10:33:11,770 root DEBUG Side: ON	 Angle(dx0, dx): 7.52 deg 	 Angle(n, nold): 0.00 deg 	 Distance in patch: 6.103E-02 	 Total distance: 6.103E-02 	 Future toggles: 1 	 Past toggles: 1 	 Toggled: [[2, array([246], dtype=int64), array([[False]])]] 	 class: [3 5]
10:33:12,69 root DEBUG Side: OFF	 Angle(dx0, dx): 0.93 deg 	 Angle(n, nold): 0.00 deg 	 Distance in patch: 7.961E-03 	 Total distance: 7.961E-03 	 Future toggles: 1 	 Past toggles: 1 	 Toggled: [[3, array([54], dtype=int64), array([[ True]])]] 	 class: [3 5]
10:33:12,69 root DEBUG Check patch-by-patch distances for success (dOFF_patch>dON_patch) and ratio (dOFF_patch/dON_patch):
10:33:12,70 root DEBUG 	 nT= 1  	 success?   False    	 (dON-dOFF)/|dON+dOFF|: -76.92 	 cIDON = [3 5], cIDOFF = [3 5]
10:33:12,70 root DEBUG ===> #(dOFF_patch>dON_patch) = 0/1 = 0.00%
10:33:12,70 root DEBUG dOFF/dON = 0.1
10:33:12,70 root DEBUG {'CHOOSE_DX': 'along_decision_boundary', 'dxONAngle': 72.80027645668983, 'dON1': 0.06103478248901604, 'cIDON1': array([3, 5], dtype=int64), 'dON_patch_1': 0.06103478248901604, 'nTON': 1, 'dON': 0.06103478248901604, 'dxOFFAngle': 81.85374868324405, 'dOFF1': 0.00796096009885548, 'cIDOFF1': array([3, 5], dtype=int64), 'dOFF_patch_1': 0.00796096009885548, 'nTOFF': 1, 'dOFF': 0.00796096009885548, 'SUCCESS': False}
10:33:12,198 root DEBUG 

=================== Experiment ID #36 	 Dual Point ID: 38 ===================
10:33:12,212 root DEBUG CONTROL: 	 OK! 	 (target neuron output < tolerance: |8.894E-08|<1.000E-06)
10:33:12,213 root DEBUG CONTROL DUAL POINT: Check that target neuron output < tolerance ({tol:.3E}) at x_dual.
10:33:12,624 root DEBUG Side: ON	 Angle(dx0, dx): 1.12 deg 	 Angle(n, nold): 0.00 deg 	 Distance in patch: 4.939E-04 	 Total distance: 4.939E-04 	 Future toggles: 1 	 Past toggles: 1 	 Toggled: [[2, array([45], dtype=int64), array([[False]])]] 	 class: [2 7]
10:33:13,27 root DEBUG Side: OFF	 Angle(dx0, dx): 0.01 deg 	 Angle(n, nold): 0.00 deg 	 Distance in patch: 2.577E-01 	 Total distance: 2.577E-01 	 Future toggles: 1 	 Past toggles: 1 	 Toggled: [[2, array([133], dtype=int64), array([[False]])]] 	 class: [2 7]
10:33:13,27 root DEBUG Check patch-by-patch distances for success (dOFF_patch>dON_patch) and ratio (dOFF_patch/dON_patch):
10:33:13,28 root DEBUG 	 nT= 1  	 success?    True    	 (dON-dOFF)/|dON+dOFF|: 99.62 	 cIDON = [2 7], cIDOFF = [2 7]
10:33:13,28 root DEBUG ===> #(dOFF_patch>dON_patch) = 1/1 = 100.00%
10:33:13,28 root DEBUG dOFF/dON = 521.8
10:33:13,28 root DEBUG {'CHOOSE_DX': 'along_decision_boundary', 'dxONAngle': 83.24130493836411, 'dON1': 0.0004939213378971995, 'cIDON1': array([2, 7], dtype=int64), 'dON_patch_1': 0.0004939213378971995, 'nTON': 1, 'dON': 0.0004939213378971995, 'dxOFFAngle': 88.37979598685128, 'dOFF1': 0.25771687289869977, 'cIDOFF1': array([2, 7], dtype=int64), 'dOFF_patch_1': 0.25771687289869977, 'nTOFF': 1, 'dOFF': 0.25771687289869977, 'SUCCESS': True}
10:33:13,132 root DEBUG 

=================== Experiment ID #37 	 Dual Point ID: 39 ===================
10:33:13,141 root DEBUG CONTROL: 	 OK! 	 (target neuron output < tolerance: |4.163E-08|<1.000E-06)
10:33:13,141 root DEBUG CONTROL DUAL POINT: Check that target neuron output < tolerance ({tol:.3E}) at x_dual.
10:33:13,574 root DEBUG Side: ON	 Angle(dx0, dx): 1.04 deg 	 Angle(n, nold): 0.00 deg 	 Distance in patch: 7.292E-02 	 Total distance: 7.292E-02 	 Future toggles: 1 	 Past toggles: 1 	 Toggled: [[3, array([127], dtype=int64), array([[False]])]] 	 class: [4 9]
10:33:13,893 root DEBUG Side: OFF	 Angle(dx0, dx): 1.92 deg 	 Angle(n, nold): 0.00 deg 	 Distance in patch: 8.460E-02 	 Total distance: 8.460E-02 	 Future toggles: 1 	 Past toggles: 1 	 Toggled: [[3, array([71], dtype=int64), array([[ True]])]] 	 class: [4 9]
10:33:13,894 root DEBUG Check patch-by-patch distances for success (dOFF_patch>dON_patch) and ratio (dOFF_patch/dON_patch):
10:33:13,894 root DEBUG 	 nT= 1  	 success?    True    	 (dON-dOFF)/|dON+dOFF|: 7.42 	 cIDON = [4 9], cIDOFF = [4 9]
10:33:13,894 root DEBUG ===> #(dOFF_patch>dON_patch) = 1/1 = 100.00%
10:33:13,894 root DEBUG dOFF/dON = 1.2
10:33:13,894 root DEBUG {'CHOOSE_DX': 'along_decision_boundary', 'dxONAngle': 64.36004319158559, 'dON1': 0.07291888520702651, 'cIDON1': array([4, 9], dtype=int64), 'dON_patch_1': 0.07291888520702651, 'nTON': 1, 'dON': 0.07291888520702651, 'dxOFFAngle': 75.53834316991563, 'dOFF1': 0.08460154097238567, 'cIDOFF1': array([4, 9], dtype=int64), 'dOFF_patch_1': 0.08460154097238567, 'nTOFF': 1, 'dOFF': 0.08460154097238567, 'SUCCESS': True}
10:33:13,963 root DEBUG 

=================== Experiment ID #38 	 Dual Point ID: 40 ===================
10:33:13,972 root DEBUG CONTROL: 	 OK! 	 (target neuron output < tolerance: |1.411E-08|<1.000E-06)
10:33:13,972 root DEBUG CONTROL DUAL POINT: Check that target neuron output < tolerance ({tol:.3E}) at x_dual.
10:33:14,414 root DEBUG Side: ON	 Angle(dx0, dx): 2.55 deg 	 Angle(n, nold): 0.00 deg 	 Distance in patch: 1.387E-03 	 Total distance: 1.387E-03 	 Future toggles: 1 	 Past toggles: 1 	 Toggled: [[3, array([196], dtype=int64), array([[ True]])]] 	 class: [6 9]
10:33:14,728 root DEBUG Side: OFF	 Angle(dx0, dx): 0.69 deg 	 Angle(n, nold): 0.00 deg 	 Distance in patch: 3.392E-02 	 Total distance: 3.392E-02 	 Future toggles: 1 	 Past toggles: 1 	 Toggled: [[2, array([228], dtype=int64), array([[False]])]] 	 class: [6 9]
10:33:14,728 root DEBUG Check patch-by-patch distances for success (dOFF_patch>dON_patch) and ratio (dOFF_patch/dON_patch):
10:33:14,728 root DEBUG 	 nT= 1  	 success?    True    	 (dON-dOFF)/|dON+dOFF|: 92.14 	 cIDON = [6 9], cIDOFF = [6 9]
10:33:14,728 root DEBUG ===> #(dOFF_patch>dON_patch) = 1/1 = 100.00%
10:33:14,728 root DEBUG dOFF/dON = 24.5
10:33:14,729 root DEBUG {'CHOOSE_DX': 'along_decision_boundary', 'dxONAngle': 79.08431437124077, 'dON1': 0.0013872033833762318, 'cIDON1': array([6, 9], dtype=int64), 'dON_patch_1': 0.0013872033833762318, 'nTON': 1, 'dON': 0.0013872033833762318, 'dxOFFAngle': 82.57128231269259, 'dOFF1': 0.03392065875822336, 'cIDOFF1': array([6, 9], dtype=int64), 'dOFF_patch_1': 0.03392065875822336, 'nTOFF': 1, 'dOFF': 0.03392065875822336, 'SUCCESS': True}
10:33:14,849 root DEBUG 

=================== Experiment ID #39 	 Dual Point ID: 41 ===================
10:33:14,858 root DEBUG CONTROL: 	 OK! 	 (target neuron output < tolerance: |7.177E-08|<1.000E-06)
10:33:14,858 root DEBUG CONTROL DUAL POINT: Check that target neuron output < tolerance ({tol:.3E}) at x_dual.
10:33:15,232 root DEBUG Side: ON	 Angle(dx0, dx): 2.48 deg 	 Angle(n, nold): 0.00 deg 	 Distance in patch: 1.340E-02 	 Total distance: 1.340E-02 	 Future toggles: 0 	 Past toggles: 1 	 Toggled: [[1, array([59], dtype=int64), array([[ True]])]] 	 class: [2 6]
10:33:15,454 root DEBUG Side: ON	 Angle(dx0, dx): 1.92 deg 	 Angle(n, nold): 0.00 deg 	 Distance in patch: 8.120E-02 	 Total distance: 9.460E-02 	 Future toggles: 1 	 Past toggles: 1 	 Toggled: [[2, array([30], dtype=int64), array([[False]])]] 	 class: [2 6]
10:33:15,847 root DEBUG Side: OFF	 Angle(dx0, dx): 2.68 deg 	 Angle(n, nold): 0.00 deg 	 Distance in patch: 2.390E-02 	 Total distance: 2.390E-02 	 Future toggles: 0 	 Past toggles: 1 	 Toggled: [[1, array([201], dtype=int64), array([[False]])]] 	 class: [2 6]
10:33:16,148 root DEBUG Side: OFF	 Angle(dx0, dx): 2.83 deg 	 Angle(n, nold): 0.00 deg 	 Distance in patch: 8.810E-02 	 Total distance: 1.120E-01 	 Future toggles: 1 	 Past toggles: 1 	 Toggled: [[2, array([184], dtype=int64), array([[False]])]] 	 class: [2 6]
10:33:16,148 root DEBUG Check patch-by-patch distances for success (dOFF_patch>dON_patch) and ratio (dOFF_patch/dON_patch):
10:33:16,148 root DEBUG 	 nT= 1  	 success?    True    	 (dON-dOFF)/|dON+dOFF|: 8.42 	 cIDON = [2 6], cIDOFF = [2 6]
10:33:16,148 root DEBUG ===> #(dOFF_patch>dON_patch) = 1/1 = 100.00%
10:33:16,148 root DEBUG dOFF/dON = 1.2
10:33:16,149 root DEBUG {'CHOOSE_DX': 'along_decision_boundary', 'dxONAngle': 80.62308121222698, 'dON1': 0.09459908606591025, 'cIDON1': array([2, 6], dtype=int64), 'dON_patch_1': 0.09459908606591025, 'nTON': 1, 'dON': 0.09459908606591025, 'dxOFFAngle': 83.88267106028086, 'dOFF1': 0.1119992359603569, 'cIDOFF1': array([2, 6], dtype=int64), 'dOFF_patch_1': 0.1119992359603569, 'nTOFF': 1, 'dOFF': 0.1119992359603569, 'SUCCESS': True}
10:33:16,183 root DEBUG 

=================== Experiment ID #40 	 Dual Point ID: 42 ===================
10:33:16,191 root DEBUG CONTROL: 	 OK! 	 (target neuron output < tolerance: |2.372E-07|<1.000E-06)
10:33:16,191 root DEBUG CONTROL DUAL POINT: Check that target neuron output < tolerance ({tol:.3E}) at x_dual.
10:33:16,546 root DEBUG Side: ON	 Angle(dx0, dx): 1.71 deg 	 Angle(n, nold): 0.00 deg 	 Distance in patch: 4.022E-02 	 Total distance: 4.022E-02 	 Future toggles: 1 	 Past toggles: 1 	 Toggled: [[3, array([97], dtype=int64), array([[ True]])]] 	 class: [4 8]
10:33:16,866 root DEBUG Side: OFF	 Angle(dx0, dx): 2.60 deg 	 Angle(n, nold): 0.00 deg 	 Distance in patch: 3.865E-01 	 Total distance: 3.865E-01 	 Future toggles: 1 	 Past toggles: 1 	 Toggled: [[2, array([145], dtype=int64), array([[ True]])]] 	 class: [4 8]
10:33:16,867 root DEBUG Check patch-by-patch distances for success (dOFF_patch>dON_patch) and ratio (dOFF_patch/dON_patch):
10:33:16,867 root DEBUG 	 nT= 1  	 success?    True    	 (dON-dOFF)/|dON+dOFF|: 81.15 	 cIDON = [4 8], cIDOFF = [4 8]
10:33:16,867 root DEBUG ===> #(dOFF_patch>dON_patch) = 1/1 = 100.00%
10:33:16,867 root DEBUG dOFF/dON = 9.6
10:33:16,867 root DEBUG {'CHOOSE_DX': 'along_decision_boundary', 'dxONAngle': 70.27726470429685, 'dON1': 0.0402159757095259, 'cIDON1': array([4, 8], dtype=int64), 'dON_patch_1': 0.0402159757095259, 'nTON': 1, 'dON': 0.0402159757095259, 'dxOFFAngle': 77.36221765836336, 'dOFF1': 0.3864787505717006, 'cIDOFF1': array([4, 8], dtype=int64), 'dOFF_patch_1': 0.3864787505717006, 'nTOFF': 1, 'dOFF': 0.3864787505717006, 'SUCCESS': True}
10:33:16,937 root DEBUG 

=================== Experiment ID #41 	 Dual Point ID: 43 ===================
10:33:16,949 root DEBUG CONTROL: 	 OK! 	 (target neuron output < tolerance: |2.405E-07|<1.000E-06)
10:33:16,949 root DEBUG CONTROL DUAL POINT: Check that target neuron output < tolerance ({tol:.3E}) at x_dual.
10:33:17,363 root DEBUG Side: ON	 Angle(dx0, dx): 16.62 deg 	 Angle(n, nold): 0.00 deg 	 Distance in patch: 7.802E-03 	 Total distance: 7.802E-03 	 Future toggles: 1 	 Past toggles: 1 	 Toggled: [[4, array([45], dtype=int64), array([[False]])]] 	 class: [3 7]
10:33:17,848 root DEBUG Side: OFF	 Angle(dx0, dx): 2.74 deg 	 Angle(n, nold): 0.00 deg 	 Distance in patch: 7.792E-02 	 Total distance: 7.792E-02 	 Future toggles: 1 	 Past toggles: 1 	 Toggled: [[3, array([4], dtype=int64), array([[False]])]] 	 class: [3 7]
10:33:17,848 root DEBUG Check patch-by-patch distances for success (dOFF_patch>dON_patch) and ratio (dOFF_patch/dON_patch):
10:33:17,848 root DEBUG 	 nT= 1  	 success?    True    	 (dON-dOFF)/|dON+dOFF|: 81.80 	 cIDON = [3 7], cIDOFF = [3 7]
10:33:17,849 root DEBUG ===> #(dOFF_patch>dON_patch) = 1/1 = 100.00%
10:33:17,849 root DEBUG dOFF/dON = 10.0
10:33:17,849 root DEBUG {'CHOOSE_DX': 'along_decision_boundary', 'dxONAngle': 89.2348453162505, 'dON1': 0.0078020389859200494, 'cIDON1': array([3, 7], dtype=int64), 'dON_patch_1': 0.0078020389859200494, 'nTON': 1, 'dON': 0.0078020389859200494, 'dxOFFAngle': 84.66497500520906, 'dOFF1': 0.07791514981852275, 'cIDOFF1': array([3, 7], dtype=int64), 'dOFF_patch_1': 0.07791514981852275, 'nTOFF': 1, 'dOFF': 0.07791514981852275, 'SUCCESS': True}
10:33:17,900 root DEBUG 

=================== Experiment ID #42 	 Dual Point ID: 44 ===================
10:33:17,940 root DEBUG CONTROL: 	 OK! 	 (target neuron output < tolerance: |4.752E-08|<1.000E-06)
10:33:17,940 root DEBUG CONTROL DUAL POINT: Check that target neuron output < tolerance ({tol:.3E}) at x_dual.
10:33:18,318 root DEBUG Side: ON	 Angle(dx0, dx): 2.75 deg 	 Angle(n, nold): 0.00 deg 	 Distance in patch: 1.093E-02 	 Total distance: 1.093E-02 	 Future toggles: 1 	 Past toggles: 1 	 Toggled: [[4, array([15], dtype=int64), array([[False]])]] 	 class: [3 7]
10:33:18,710 root DEBUG Side: OFF	 Angle(dx0, dx): 0.06 deg 	 Angle(n, nold): 0.00 deg 	 Distance in patch: 4.600E-02 	 Total distance: 4.600E-02 	 Future toggles: 1 	 Past toggles: 1 	 Toggled: [[2, array([36], dtype=int64), array([[False]])]] 	 class: [3 7]
10:33:18,710 root DEBUG Check patch-by-patch distances for success (dOFF_patch>dON_patch) and ratio (dOFF_patch/dON_patch):
10:33:18,710 root DEBUG 	 nT= 1  	 success?    True    	 (dON-dOFF)/|dON+dOFF|: 61.59 	 cIDON = [3 7], cIDOFF = [3 7]
10:33:18,711 root DEBUG ===> #(dOFF_patch>dON_patch) = 1/1 = 100.00%
10:33:18,711 root DEBUG dOFF/dON = 4.2
10:33:18,711 root DEBUG {'CHOOSE_DX': 'along_decision_boundary', 'dxONAngle': 78.17819522219384, 'dON1': 0.010934089773573567, 'cIDON1': array([3, 7], dtype=int64), 'dON_patch_1': 0.010934089773573567, 'nTON': 1, 'dON': 0.010934089773573567, 'dxOFFAngle': 86.28129899679692, 'dOFF1': 0.04600158522619221, 'cIDOFF1': array([3, 7], dtype=int64), 'dOFF_patch_1': 0.04600158522619221, 'nTOFF': 1, 'dOFF': 0.04600158522619221, 'SUCCESS': True}
10:33:18,819 root DEBUG 

=================== Experiment ID #43 	 Dual Point ID: 45 ===================
10:33:18,828 root DEBUG CONTROL: 	 OK! 	 (target neuron output < tolerance: |1.741E-07|<1.000E-06)
10:33:18,828 root DEBUG CONTROL DUAL POINT: Check that target neuron output < tolerance ({tol:.3E}) at x_dual.
10:33:19,145 root DEBUG Side: ON	 Angle(dx0, dx): 6.20 deg 	 Angle(n, nold): 0.00 deg 	 Distance in patch: 6.217E-02 	 Total distance: 6.217E-02 	 Future toggles: 1 	 Past toggles: 1 	 Toggled: [[4, array([31], dtype=int64), array([[False]])]] 	 class: [4 6]
10:33:19,457 root DEBUG Side: OFF	 Angle(dx0, dx): 3.43 deg 	 Angle(n, nold): 0.00 deg 	 Distance in patch: 1.452E-02 	 Total distance: 1.452E-02 	 Future toggles: 1 	 Past toggles: 1 	 Toggled: [[3, array([31], dtype=int64), array([[False]])]] 	 class: [4 6]
10:33:19,457 root DEBUG Check patch-by-patch distances for success (dOFF_patch>dON_patch) and ratio (dOFF_patch/dON_patch):
10:33:19,457 root DEBUG 	 nT= 1  	 success?   False    	 (dON-dOFF)/|dON+dOFF|: -62.13 	 cIDON = [4 6], cIDOFF = [4 6]
10:33:19,457 root DEBUG ===> #(dOFF_patch>dON_patch) = 0/1 = 0.00%
10:33:19,458 root DEBUG dOFF/dON = 0.2
10:33:19,458 root DEBUG {'CHOOSE_DX': 'along_decision_boundary', 'dxONAngle': 68.78487095474335, 'dON1': 0.06217036868702831, 'cIDON1': array([4, 6], dtype=int64), 'dON_patch_1': 0.06217036868702831, 'nTON': 1, 'dON': 0.06217036868702831, 'dxOFFAngle': 77.4141934003995, 'dOFF1': 0.014521723312226644, 'cIDOFF1': array([4, 6], dtype=int64), 'dOFF_patch_1': 0.014521723312226644, 'nTOFF': 1, 'dOFF': 0.014521723312226644, 'SUCCESS': False}
10:33:19,543 root DEBUG 

=================== Experiment ID #44 	 Dual Point ID: 46 ===================
10:33:19,551 root DEBUG CONTROL: 	 OK! 	 (target neuron output < tolerance: |2.714E-07|<1.000E-06)
10:33:19,555 root DEBUG CONTROL DUAL POINT: Check that target neuron output < tolerance ({tol:.3E}) at x_dual.
10:33:19,930 root DEBUG Side: ON	 Angle(dx0, dx): 0.21 deg 	 Angle(n, nold): 0.00 deg 	 Distance in patch: 1.038E-02 	 Total distance: 1.038E-02 	 Future toggles: 0 	 Past toggles: 1 	 Toggled: [[1, array([240], dtype=int64), array([[False]])]] 	 class: [0 1]
10:33:20,143 root DEBUG Side: ON	 Angle(dx0, dx): 1.44 deg 	 Angle(n, nold): 0.00 deg 	 Distance in patch: 1.141E-01 	 Total distance: 1.245E-01 	 Future toggles: 1 	 Past toggles: 1 	 Toggled: [[2, array([41], dtype=int64), array([[ True]])]] 	 class: [0 1]
10:33:20,519 root DEBUG Side: OFF	 Angle(dx0, dx): 2.63 deg 	 Angle(n, nold): 0.00 deg 	 Distance in patch: 1.316E-01 	 Total distance: 1.316E-01 	 Future toggles: 1 	 Past toggles: 1 	 Toggled: [[4, array([57], dtype=int64), array([[False]])]] 	 class: [0 1]
10:33:20,520 root DEBUG Check patch-by-patch distances for success (dOFF_patch>dON_patch) and ratio (dOFF_patch/dON_patch):
10:33:20,520 root DEBUG 	 nT= 1  	 success?    True    	 (dON-dOFF)/|dON+dOFF|: 2.81 	 cIDON = [0 1], cIDOFF = [0 1]
10:33:20,520 root DEBUG ===> #(dOFF_patch>dON_patch) = 1/1 = 100.00%
10:33:20,520 root DEBUG dOFF/dON = 1.1
10:33:20,520 root DEBUG {'CHOOSE_DX': 'along_decision_boundary', 'dxONAngle': 84.33327899312775, 'dON1': 0.12445542620248859, 'cIDON1': array([0, 1], dtype=int64), 'dON_patch_1': 0.12445542620248859, 'nTON': 1, 'dON': 0.12445542620248859, 'dxOFFAngle': 85.92758301504638, 'dOFF1': 0.13164123313643278, 'cIDOFF1': array([0, 1], dtype=int64), 'dOFF_patch_1': 0.13164123313643278, 'nTOFF': 1, 'dOFF': 0.13164123313643278, 'SUCCESS': True}
10:33:20,595 root DEBUG 

=================== Experiment ID #45 	 Dual Point ID: 47 ===================
10:33:20,646 root DEBUG CONTROL: 	 OK! 	 (target neuron output < tolerance: |1.515E-07|<1.000E-06)
10:33:20,647 root DEBUG CONTROL DUAL POINT: Check that target neuron output < tolerance ({tol:.3E}) at x_dual.
10:33:20,991 root DEBUG Side: ON	 Angle(dx0, dx): 0.45 deg 	 Angle(n, nold): 0.00 deg 	 Distance in patch: 1.019E-02 	 Total distance: 1.019E-02 	 Future toggles: 1 	 Past toggles: 1 	 Toggled: [[2, array([207], dtype=int64), array([[False]])]] 	 class: [2 8]
10:33:21,417 root DEBUG Side: OFF	 Angle(dx0, dx): 1.58 deg 	 Angle(n, nold): 0.00 deg 	 Distance in patch: 3.471E-02 	 Total distance: 3.471E-02 	 Future toggles: 1 	 Past toggles: 1 	 Toggled: [[2, array([227], dtype=int64), array([[ True]])]] 	 class: [2 8]
10:33:21,417 root DEBUG Check patch-by-patch distances for success (dOFF_patch>dON_patch) and ratio (dOFF_patch/dON_patch):
10:33:21,418 root DEBUG 	 nT= 1  	 success?    True    	 (dON-dOFF)/|dON+dOFF|: 54.60 	 cIDON = [2 8], cIDOFF = [2 8]
10:33:21,418 root DEBUG ===> #(dOFF_patch>dON_patch) = 1/1 = 100.00%
10:33:21,418 root DEBUG dOFF/dON = 3.4
10:33:21,418 root DEBUG {'CHOOSE_DX': 'along_decision_boundary', 'dxONAngle': 79.76866552876886, 'dON1': 0.010192768215228229, 'cIDON1': array([2, 8], dtype=int64), 'dON_patch_1': 0.010192768215228229, 'nTON': 1, 'dON': 0.010192768215228229, 'dxOFFAngle': 83.34045916203657, 'dOFF1': 0.03470894078183659, 'cIDOFF1': array([2, 8], dtype=int64), 'dOFF_patch_1': 0.03470894078183659, 'nTOFF': 1, 'dOFF': 0.03470894078183659, 'SUCCESS': True}
10:33:21,446 root DEBUG 

=================== Experiment ID #46 	 Dual Point ID: 48 ===================
10:33:21,456 root DEBUG CONTROL: 	 OK! 	 (target neuron output < tolerance: |3.562E-07|<1.000E-06)
10:33:21,456 root DEBUG CONTROL DUAL POINT: Check that target neuron output < tolerance ({tol:.3E}) at x_dual.
10:33:21,859 root DEBUG Side: ON	 Angle(dx0, dx): 1.87 deg 	 Angle(n, nold): 0.00 deg 	 Distance in patch: 1.591E-02 	 Total distance: 1.591E-02 	 Future toggles: 1 	 Past toggles: 1 	 Toggled: [[4, array([0], dtype=int64), array([[False]])]] 	 class: [5 7]
10:33:22,257 root DEBUG Side: OFF	 Angle(dx0, dx): 2.47 deg 	 Angle(n, nold): 0.00 deg 	 Distance in patch: 1.397E-01 	 Total distance: 1.397E-01 	 Future toggles: 1 	 Past toggles: 1 	 Toggled: [[4, array([15], dtype=int64), array([[False]])]] 	 class: [5 7]
10:33:22,257 root DEBUG Check patch-by-patch distances for success (dOFF_patch>dON_patch) and ratio (dOFF_patch/dON_patch):
10:33:22,257 root DEBUG 	 nT= 1  	 success?    True    	 (dON-dOFF)/|dON+dOFF|: 79.55 	 cIDON = [5 7], cIDOFF = [5 7]
10:33:22,257 root DEBUG ===> #(dOFF_patch>dON_patch) = 1/1 = 100.00%
10:33:22,257 root DEBUG dOFF/dON = 8.8
10:33:22,257 root DEBUG {'CHOOSE_DX': 'along_decision_boundary', 'dxONAngle': 82.07715894373223, 'dON1': 0.0159115029200651, 'cIDON1': array([5, 7], dtype=int64), 'dON_patch_1': 0.0159115029200651, 'nTON': 1, 'dON': 0.0159115029200651, 'dxOFFAngle': 84.02774995080391, 'dOFF1': 0.13969726234222982, 'cIDOFF1': array([5, 7], dtype=int64), 'dOFF_patch_1': 0.13969726234222982, 'nTOFF': 1, 'dOFF': 0.13969726234222982, 'SUCCESS': True}
10:33:22,591 PIL.PngImagePlugin DEBUG STREAM b'IHDR' 16 13
10:33:22,592 PIL.PngImagePlugin DEBUG STREAM b'sBIT' 41 4
10:33:22,592 PIL.PngImagePlugin DEBUG b'sBIT' 41 4 (unknown)
10:33:22,592 PIL.PngImagePlugin DEBUG STREAM b'pHYs' 57 9
10:33:22,592 PIL.PngImagePlugin DEBUG STREAM b'IDAT' 78 1189
10:33:22,619 PIL.PngImagePlugin DEBUG STREAM b'IHDR' 16 13
10:33:22,620 PIL.PngImagePlugin DEBUG STREAM b'sBIT' 41 4
10:33:22,620 PIL.PngImagePlugin DEBUG b'sBIT' 41 4 (unknown)
10:33:22,620 PIL.PngImagePlugin DEBUG STREAM b'pHYs' 57 9
10:33:22,620 PIL.PngImagePlugin DEBUG STREAM b'IDAT' 78 2994
10:33:22,634 PIL.PngImagePlugin DEBUG STREAM b'IHDR' 16 13
10:33:22,635 PIL.PngImagePlugin DEBUG STREAM b'sBIT' 41 4
10:33:22,635 PIL.PngImagePlugin DEBUG b'sBIT' 41 4 (unknown)
10:33:22,635 PIL.PngImagePlugin DEBUG STREAM b'pHYs' 57 9
10:33:22,635 PIL.PngImagePlugin DEBUG STREAM b'IDAT' 78 696
10:33:22,638 PIL.PngImagePlugin DEBUG STREAM b'IHDR' 16 13
10:33:22,638 PIL.PngImagePlugin DEBUG STREAM b'sBIT' 41 4
10:33:22,639 PIL.PngImagePlugin DEBUG b'sBIT' 41 4 (unknown)
10:33:22,639 PIL.PngImagePlugin DEBUG STREAM b'pHYs' 57 9
10:33:22,639 PIL.PngImagePlugin DEBUG STREAM b'IDAT' 78 526
10:33:22,642 PIL.PngImagePlugin DEBUG STREAM b'IHDR' 16 13
10:33:22,642 PIL.PngImagePlugin DEBUG STREAM b'sBIT' 41 4
10:33:22,642 PIL.PngImagePlugin DEBUG b'sBIT' 41 4 (unknown)
10:33:22,643 PIL.PngImagePlugin DEBUG STREAM b'pHYs' 57 9
10:33:22,643 PIL.PngImagePlugin DEBUG STREAM b'IDAT' 78 499
10:33:22,646 PIL.PngImagePlugin DEBUG STREAM b'IHDR' 16 13
10:33:22,646 PIL.PngImagePlugin DEBUG STREAM b'sBIT' 41 4
10:33:22,647 PIL.PngImagePlugin DEBUG b'sBIT' 41 4 (unknown)
10:33:22,647 PIL.PngImagePlugin DEBUG STREAM b'pHYs' 57 9
10:33:22,647 PIL.PngImagePlugin DEBUG STREAM b'IDAT' 78 673
10:33:22,650 PIL.PngImagePlugin DEBUG STREAM b'IHDR' 16 13
10:33:22,650 PIL.PngImagePlugin DEBUG STREAM b'sBIT' 41 4
10:33:22,651 PIL.PngImagePlugin DEBUG b'sBIT' 41 4 (unknown)
10:33:22,651 PIL.PngImagePlugin DEBUG STREAM b'pHYs' 57 9
10:33:22,651 PIL.PngImagePlugin DEBUG STREAM b'IDAT' 78 922
10:33:22,654 PIL.PngImagePlugin DEBUG STREAM b'IHDR' 16 13
10:33:22,654 PIL.PngImagePlugin DEBUG STREAM b'sBIT' 41 4
10:33:22,654 PIL.PngImagePlugin DEBUG b'sBIT' 41 4 (unknown)
10:33:22,655 PIL.PngImagePlugin DEBUG STREAM b'pHYs' 57 9
10:33:22,655 PIL.PngImagePlugin DEBUG STREAM b'IDAT' 78 568
10:33:22,706 PIL.PngImagePlugin DEBUG STREAM b'IHDR' 16 13
10:33:22,706 PIL.PngImagePlugin DEBUG STREAM b'sBIT' 41 4
10:33:22,707 PIL.PngImagePlugin DEBUG b'sBIT' 41 4 (unknown)
10:33:22,707 PIL.PngImagePlugin DEBUG STREAM b'pHYs' 57 9
10:33:22,707 PIL.PngImagePlugin DEBUG STREAM b'IDAT' 78 626
