11:08:05,325 root DEBUG Check that model weights are dtype tf.float64: 	 <dtype: 'float64'>
11:08:05,325 root INFO eps: 1e-06
11:08:05,325 root INFO tol: 1e-06
11:08:05,511 root DEBUG Load dual points from file: ../data/dual_points_cifar10_3x256_64_10_float64.
11:08:05,522 root DEBUG 

=================== Experiment ID #0 	 Dual Point ID: 1 ===================
11:08:05,530 root DEBUG CONTROL: 	 OK! 	 (target neuron output < tolerance: |2.867E-08|<1.000E-06)
11:08:05,530 root DEBUG CONTROL DUAL POINT: Check that target neuron output < tolerance ({tol:.3E}) at x_dual.
11:08:05,962 root DEBUG Side: ON	 Angle(dx0, dx): 1.57 deg 	 Angle(n, nold): 0.00 deg 	 Distance in patch: 5.763E-03 	 Total distance: 5.763E-03 	 Future toggles: 1 	 Past toggles: 1 	 Toggled: [[3, array([223], dtype=int64), array([[ True]])]] 	 class: [4 8]
11:08:06,272 root DEBUG Side: OFF	 Angle(dx0, dx): 1.02 deg 	 Angle(n, nold): 0.00 deg 	 Distance in patch: 1.678E-02 	 Total distance: 1.678E-02 	 Future toggles: 1 	 Past toggles: 1 	 Toggled: [[2, array([236], dtype=int64), array([[ True]])]] 	 class: [4 8]
11:08:06,272 root DEBUG Check patch-by-patch distances for success (dOFF_patch>dON_patch) and ratio (dOFF_patch/dON_patch):
11:08:06,273 root DEBUG 	 nT= 1  	 success?    True    	 (dON-dOFF)/|dON+dOFF|: 48.86 	 cIDON = [4 8], cIDOFF = [4 8]
11:08:06,273 root DEBUG ===> #(dOFF_patch>dON_patch) = 1/1 = 100.00%
11:08:06,273 root DEBUG dOFF/dON = 2.9
11:08:06,273 root DEBUG {'CHOOSE_DX': 'along_decision_boundary', 'dxONAngle': 67.73472048745467, 'dON1': 0.005763104827657508, 'cIDON1': array([4, 8], dtype=int64), 'dON_patch_1': 0.005763104827657508, 'nTON': 1, 'dON': 0.005763104827657508, 'dxOFFAngle': 77.84936724210012, 'dOFF1': 0.016776898533396273, 'cIDOFF1': array([4, 8], dtype=int64), 'dOFF_patch_1': 0.016776898533396273, 'nTOFF': 1, 'dOFF': 0.016776898533396273, 'SUCCESS': True}
11:08:06,323 root DEBUG 

=================== Experiment ID #1 	 Dual Point ID: 2 ===================
11:08:06,335 root DEBUG CONTROL: 	 OK! 	 (target neuron output < tolerance: |1.016E-07|<1.000E-06)
11:08:06,335 root DEBUG CONTROL DUAL POINT: Check that target neuron output < tolerance ({tol:.3E}) at x_dual.
11:08:06,706 root DEBUG Side: ON	 Angle(dx0, dx): 0.79 deg 	 Angle(n, nold): 0.00 deg 	 Distance in patch: 3.944E-02 	 Total distance: 3.944E-02 	 Future toggles: 1 	 Past toggles: 1 	 Toggled: [[2, array([113], dtype=int64), array([[False]])]] 	 class: [2 7]
11:08:07,65 root DEBUG Side: OFF	 Angle(dx0, dx): 1.48 deg 	 Angle(n, nold): 0.00 deg 	 Distance in patch: 9.185E-02 	 Total distance: 9.185E-02 	 Future toggles: 1 	 Past toggles: 1 	 Toggled: [[3, array([204], dtype=int64), array([[ True]])]] 	 class: [2 7]
11:08:07,66 root DEBUG Check patch-by-patch distances for success (dOFF_patch>dON_patch) and ratio (dOFF_patch/dON_patch):
11:08:07,66 root DEBUG 	 nT= 1  	 success?    True    	 (dON-dOFF)/|dON+dOFF|: 39.92 	 cIDON = [2 7], cIDOFF = [2 7]
11:08:07,66 root DEBUG ===> #(dOFF_patch>dON_patch) = 1/1 = 100.00%
11:08:07,66 root DEBUG dOFF/dON = 2.3
11:08:07,66 root DEBUG {'CHOOSE_DX': 'along_decision_boundary', 'dxONAngle': 74.47417729354258, 'dON1': 0.039438798317560246, 'cIDON1': array([2, 7], dtype=int64), 'dON_patch_1': 0.039438798317560246, 'nTON': 1, 'dON': 0.039438798317560246, 'dxOFFAngle': 83.71216199119579, 'dOFF1': 0.09185387623862586, 'cIDOFF1': array([2, 7], dtype=int64), 'dOFF_patch_1': 0.09185387623862586, 'nTOFF': 1, 'dOFF': 0.09185387623862586, 'SUCCESS': True}
11:08:07,144 root DEBUG 

=================== Experiment ID #2 	 Dual Point ID: 3 ===================
11:08:07,153 root DEBUG CONTROL: 	 OK! 	 (target neuron output < tolerance: |3.005E-08|<1.000E-06)
11:08:07,153 root DEBUG CONTROL DUAL POINT: Check that target neuron output < tolerance ({tol:.3E}) at x_dual.
11:08:07,501 root DEBUG Side: ON	 Angle(dx0, dx): 1.49 deg 	 Angle(n, nold): 0.00 deg 	 Distance in patch: 2.953E-03 	 Total distance: 2.953E-03 	 Future toggles: 1 	 Past toggles: 1 	 Toggled: [[3, array([91], dtype=int64), array([[False]])]] 	 class: [7 9]
11:08:07,799 root DEBUG Side: OFF	 Angle(dx0, dx): 2.81 deg 	 Angle(n, nold): 0.00 deg 	 Distance in patch: 2.627E-03 	 Total distance: 2.627E-03 	 Future toggles: 1 	 Past toggles: 1 	 Toggled: [[3, array([123], dtype=int64), array([[ True]])]] 	 class: [7 9]
11:08:07,800 root DEBUG Check patch-by-patch distances for success (dOFF_patch>dON_patch) and ratio (dOFF_patch/dON_patch):
11:08:07,800 root DEBUG 	 nT= 1  	 success?   False    	 (dON-dOFF)/|dON+dOFF|: -5.86 	 cIDON = [7 9], cIDOFF = [7 9]
11:08:07,800 root DEBUG ===> #(dOFF_patch>dON_patch) = 0/1 = 0.00%
11:08:07,800 root DEBUG dOFF/dON = 0.9
11:08:07,800 root DEBUG {'CHOOSE_DX': 'along_decision_boundary', 'dxONAngle': 77.94161209387954, 'dON1': 0.002953385905239454, 'cIDON1': array([7, 9], dtype=int64), 'dON_patch_1': 0.002953385905239454, 'nTON': 1, 'dON': 0.002953385905239454, 'dxOFFAngle': 84.27680842890518, 'dOFF1': 0.002626538082164351, 'cIDOFF1': array([7, 9], dtype=int64), 'dOFF_patch_1': 0.002626538082164351, 'nTOFF': 1, 'dOFF': 0.002626538082164351, 'SUCCESS': False}
11:08:07,885 root DEBUG 

=================== Experiment ID #3 	 Dual Point ID: 4 ===================
11:08:07,892 root DEBUG CONTROL: 	 OK! 	 (target neuron output < tolerance: |8.384E-08|<1.000E-06)
11:08:07,893 root DEBUG CONTROL DUAL POINT: Check that target neuron output < tolerance ({tol:.3E}) at x_dual.
11:08:08,204 root DEBUG Side: ON	 Angle(dx0, dx): 3.33 deg 	 Angle(n, nold): 0.00 deg 	 Distance in patch: 5.645E-02 	 Total distance: 5.645E-02 	 Future toggles: 1 	 Past toggles: 1 	 Toggled: [[3, array([90], dtype=int64), array([[False]])]] 	 class: [2 7]
11:08:08,596 root DEBUG Side: OFF	 Angle(dx0, dx): 1.31 deg 	 Angle(n, nold): 0.00 deg 	 Distance in patch: 8.525E-02 	 Total distance: 8.525E-02 	 Future toggles: 1 	 Past toggles: 1 	 Toggled: [[3, array([20], dtype=int64), array([[ True]])]] 	 class: [2 7]
11:08:08,597 root DEBUG Check patch-by-patch distances for success (dOFF_patch>dON_patch) and ratio (dOFF_patch/dON_patch):
11:08:08,597 root DEBUG 	 nT= 1  	 success?    True    	 (dON-dOFF)/|dON+dOFF|: 20.33 	 cIDON = [2 7], cIDOFF = [2 7]
11:08:08,597 root DEBUG ===> #(dOFF_patch>dON_patch) = 1/1 = 100.00%
11:08:08,597 root DEBUG dOFF/dON = 1.5
11:08:08,597 root DEBUG {'CHOOSE_DX': 'along_decision_boundary', 'dxONAngle': 88.69062027381005, 'dON1': 0.05644540358596242, 'cIDON1': array([2, 7], dtype=int64), 'dON_patch_1': 0.05644540358596242, 'nTON': 1, 'dON': 0.05644540358596242, 'dxOFFAngle': 85.04331196180392, 'dOFF1': 0.08525400379877145, 'cIDOFF1': array([2, 7], dtype=int64), 'dOFF_patch_1': 0.08525400379877145, 'nTOFF': 1, 'dOFF': 0.08525400379877145, 'SUCCESS': True}
11:08:08,655 root DEBUG 

=================== Experiment ID #4 	 Dual Point ID: 5 ===================
11:08:08,664 root DEBUG CONTROL: 	 OK! 	 (target neuron output < tolerance: |1.005E-07|<1.000E-06)
11:08:08,664 root DEBUG CONTROL DUAL POINT: Check that target neuron output < tolerance ({tol:.3E}) at x_dual.
11:08:09,32 root DEBUG Side: ON	 Angle(dx0, dx): 1.60 deg 	 Angle(n, nold): 0.00 deg 	 Distance in patch: 2.795E-02 	 Total distance: 2.795E-02 	 Future toggles: 1 	 Past toggles: 1 	 Toggled: [[2, array([16], dtype=int64), array([[False]])]] 	 class: [3 6]
11:08:09,344 root DEBUG Side: OFF	 Angle(dx0, dx): 4.26 deg 	 Angle(n, nold): 0.00 deg 	 Distance in patch: 1.705E-02 	 Total distance: 1.705E-02 	 Future toggles: 1 	 Past toggles: 1 	 Toggled: [[4, array([43], dtype=int64), array([[False]])]] 	 class: [3 6]
11:08:09,344 root DEBUG Check patch-by-patch distances for success (dOFF_patch>dON_patch) and ratio (dOFF_patch/dON_patch):
11:08:09,344 root DEBUG 	 nT= 1  	 success?   False    	 (dON-dOFF)/|dON+dOFF|: -24.22 	 cIDON = [3 6], cIDOFF = [3 6]
11:08:09,344 root DEBUG ===> #(dOFF_patch>dON_patch) = 0/1 = 0.00%
11:08:09,344 root DEBUG dOFF/dON = 0.6
11:08:09,344 root DEBUG {'CHOOSE_DX': 'along_decision_boundary', 'dxONAngle': 84.98380224708333, 'dON1': 0.02794519007824468, 'cIDON1': array([3, 6], dtype=int64), 'dON_patch_1': 0.02794519007824468, 'nTON': 1, 'dON': 0.02794519007824468, 'dxOFFAngle': 84.4576674850921, 'dOFF1': 0.017048830560296227, 'cIDOFF1': array([3, 6], dtype=int64), 'dOFF_patch_1': 0.017048830560296227, 'nTOFF': 1, 'dOFF': 0.017048830560296227, 'SUCCESS': False}
11:08:09,388 root DEBUG 

=================== Experiment ID #5 	 Dual Point ID: 6 ===================
11:08:09,397 root DEBUG CONTROL: 	 OK! 	 (target neuron output < tolerance: |8.664E-08|<1.000E-06)
11:08:09,397 root DEBUG CONTROL DUAL POINT: Check that target neuron output < tolerance ({tol:.3E}) at x_dual.
11:08:09,747 root DEBUG Side: ON	 Angle(dx0, dx): 3.51 deg 	 Angle(n, nold): 0.00 deg 	 Distance in patch: 1.257E-02 	 Total distance: 1.257E-02 	 Future toggles: 1 	 Past toggles: 1 	 Toggled: [[2, array([208], dtype=int64), array([[False]])]] 	 class: [2 5]
11:08:10,105 root DEBUG Side: OFF	 Angle(dx0, dx): 1.84 deg 	 Angle(n, nold): 0.00 deg 	 Distance in patch: 8.889E-03 	 Total distance: 8.889E-03 	 Future toggles: 1 	 Past toggles: 1 	 Toggled: [[3, array([155], dtype=int64), array([[ True]])]] 	 class: [2 5]
11:08:10,105 root DEBUG Check patch-by-patch distances for success (dOFF_patch>dON_patch) and ratio (dOFF_patch/dON_patch):
11:08:10,105 root DEBUG 	 nT= 1  	 success?   False    	 (dON-dOFF)/|dON+dOFF|: -17.14 	 cIDON = [2 5], cIDOFF = [2 5]
11:08:10,105 root DEBUG ===> #(dOFF_patch>dON_patch) = 0/1 = 0.00%
11:08:10,105 root DEBUG dOFF/dON = 0.7
11:08:10,105 root DEBUG {'CHOOSE_DX': 'along_decision_boundary', 'dxONAngle': 72.57353721168973, 'dON1': 0.012565978333349413, 'cIDON1': array([2, 5], dtype=int64), 'dON_patch_1': 0.012565978333349413, 'nTON': 1, 'dON': 0.012565978333349413, 'dxOFFAngle': 78.8485092736077, 'dOFF1': 0.008889094524003827, 'cIDOFF1': array([2, 5], dtype=int64), 'dOFF_patch_1': 0.008889094524003827, 'nTOFF': 1, 'dOFF': 0.008889094524003827, 'SUCCESS': False}
11:08:10,190 root DEBUG 

=================== Experiment ID #6 	 Dual Point ID: 7 ===================
11:08:10,200 root DEBUG CONTROL: 	 OK! 	 (target neuron output < tolerance: |7.360E-08|<1.000E-06)
11:08:10,200 root DEBUG CONTROL DUAL POINT: Check that target neuron output < tolerance ({tol:.3E}) at x_dual.
11:08:10,591 root DEBUG Side: ON	 Angle(dx0, dx): 0.09 deg 	 Angle(n, nold): 0.00 deg 	 Distance in patch: 5.961E-03 	 Total distance: 5.961E-03 	 Future toggles: 0 	 Past toggles: 1 	 Toggled: [[1, array([239], dtype=int64), array([[False]])]] 	 class: [2 7]
11:08:10,866 root DEBUG Side: ON	 Angle(dx0, dx): 0.26 deg 	 Angle(n, nold): 0.00 deg 	 Distance in patch: 9.811E-02 	 Total distance: 1.041E-01 	 Future toggles: 1 	 Past toggles: 1 	 Toggled: [[2, array([0], dtype=int64), array([[False]])]] 	 class: [2 7]
11:08:11,191 root DEBUG Side: OFF	 Angle(dx0, dx): 1.28 deg 	 Angle(n, nold): 0.00 deg 	 Distance in patch: 6.405E-02 	 Total distance: 6.405E-02 	 Future toggles: 1 	 Past toggles: 1 	 Toggled: [[3, array([178], dtype=int64), array([[ True]])]] 	 class: [2 7]
11:08:11,191 root DEBUG Check patch-by-patch distances for success (dOFF_patch>dON_patch) and ratio (dOFF_patch/dON_patch):
11:08:11,191 root DEBUG 	 nT= 1  	 success?   False    	 (dON-dOFF)/|dON+dOFF|: -23.81 	 cIDON = [2 7], cIDOFF = [2 7]
11:08:11,191 root DEBUG ===> #(dOFF_patch>dON_patch) = 0/1 = 0.00%
11:08:11,191 root DEBUG dOFF/dON = 0.6
11:08:11,192 root DEBUG {'CHOOSE_DX': 'along_decision_boundary', 'dxONAngle': 88.32668207213655, 'dON1': 0.10407115950611948, 'cIDON1': array([2, 7], dtype=int64), 'dON_patch_1': 0.10407115950611948, 'nTON': 1, 'dON': 0.10407115950611948, 'dxOFFAngle': 85.1335517752275, 'dOFF1': 0.06404597844928177, 'cIDOFF1': array([2, 7], dtype=int64), 'dOFF_patch_1': 0.06404597844928177, 'nTOFF': 1, 'dOFF': 0.06404597844928177, 'SUCCESS': False}
11:08:11,521 root DEBUG 

=================== Experiment ID #7 	 Dual Point ID: 8 ===================
11:08:11,529 root DEBUG CONTROL: 	 OK! 	 (target neuron output < tolerance: |3.143E-07|<1.000E-06)
11:08:11,529 root DEBUG CONTROL DUAL POINT: Check that target neuron output < tolerance ({tol:.3E}) at x_dual.
11:08:11,916 root DEBUG Side: ON	 Angle(dx0, dx): 0.92 deg 	 Angle(n, nold): 0.00 deg 	 Distance in patch: 7.670E-02 	 Total distance: 7.670E-02 	 Future toggles: 1 	 Past toggles: 1 	 Toggled: [[3, array([54], dtype=int64), array([[ True]])]] 	 class: [7 9]
11:08:12,204 root DEBUG Side: OFF	 Angle(dx0, dx): 0.08 deg 	 Angle(n, nold): 0.00 deg 	 Distance in patch: 6.798E-03 	 Total distance: 6.798E-03 	 Future toggles: 1 	 Past toggles: 1 	 Toggled: [[4, array([57], dtype=int64), array([[ True]])]] 	 class: [7 9]
11:08:12,204 root DEBUG Check patch-by-patch distances for success (dOFF_patch>dON_patch) and ratio (dOFF_patch/dON_patch):
11:08:12,204 root DEBUG 	 nT= 1  	 success?   False    	 (dON-dOFF)/|dON+dOFF|: -83.72 	 cIDON = [7 9], cIDOFF = [7 9]
11:08:12,204 root DEBUG ===> #(dOFF_patch>dON_patch) = 0/1 = 0.00%
11:08:12,204 root DEBUG dOFF/dON = 0.1
11:08:12,204 root DEBUG {'CHOOSE_DX': 'along_decision_boundary', 'dxONAngle': 87.90696559516606, 'dON1': 0.07669628653604621, 'cIDON1': array([7, 9], dtype=int64), 'dON_patch_1': 0.07669628653604621, 'nTON': 1, 'dON': 0.07669628653604621, 'dxOFFAngle': 87.1571254858817, 'dOFF1': 0.006798488434189681, 'cIDOFF1': array([7, 9], dtype=int64), 'dOFF_patch_1': 0.006798488434189681, 'nTOFF': 1, 'dOFF': 0.006798488434189681, 'SUCCESS': False}
11:08:12,261 root DEBUG 

=================== Experiment ID #8 	 Dual Point ID: 9 ===================
11:08:12,270 root DEBUG CONTROL: 	 OK! 	 (target neuron output < tolerance: |2.746E-07|<1.000E-06)
11:08:12,270 root DEBUG CONTROL DUAL POINT: Check that target neuron output < tolerance ({tol:.3E}) at x_dual.
11:08:12,576 root DEBUG Side: ON	 Angle(dx0, dx): 10.83 deg 	 Angle(n, nold): 0.00 deg 	 Distance in patch: 3.035E-04 	 Total distance: 3.035E-04 	 Future toggles: 1 	 Past toggles: 1 	 Toggled: [[4, array([20], dtype=int64), array([[False]])]] 	 class: [3 7]
11:08:12,960 root DEBUG Side: OFF	 Angle(dx0, dx): 0.85 deg 	 Angle(n, nold): 0.00 deg 	 Distance in patch: 1.065E-02 	 Total distance: 1.065E-02 	 Future toggles: 1 	 Past toggles: 1 	 Toggled: [[2, array([110], dtype=int64), array([[ True]])]] 	 class: [3 7]
11:08:12,960 root DEBUG Check patch-by-patch distances for success (dOFF_patch>dON_patch) and ratio (dOFF_patch/dON_patch):
11:08:12,960 root DEBUG 	 nT= 1  	 success?    True    	 (dON-dOFF)/|dON+dOFF|: 94.46 	 cIDON = [3 7], cIDOFF = [3 7]
11:08:12,960 root DEBUG ===> #(dOFF_patch>dON_patch) = 1/1 = 100.00%
11:08:12,960 root DEBUG dOFF/dON = 35.1
11:08:12,960 root DEBUG {'CHOOSE_DX': 'along_decision_boundary', 'dxONAngle': 59.07031410983019, 'dON1': 0.0003035291230000581, 'cIDON1': array([3, 7], dtype=int64), 'dON_patch_1': 0.0003035291230000581, 'nTON': 1, 'dON': 0.0003035291230000581, 'dxOFFAngle': 82.00579043614789, 'dOFF1': 0.010647299092305652, 'cIDOFF1': array([3, 7], dtype=int64), 'dOFF_patch_1': 0.010647299092305652, 'nTOFF': 1, 'dOFF': 0.010647299092305652, 'SUCCESS': True}
11:08:13,35 root DEBUG 

=================== Experiment ID #9 	 Dual Point ID: 10 ===================
11:08:13,47 root DEBUG CONTROL: 	 OK! 	 (target neuron output < tolerance: |2.261E-07|<1.000E-06)
11:08:13,47 root DEBUG CONTROL DUAL POINT: Check that target neuron output < tolerance ({tol:.3E}) at x_dual.
11:08:13,431 root DEBUG Side: ON	 Angle(dx0, dx): 3.78 deg 	 Angle(n, nold): 0.00 deg 	 Distance in patch: 9.556E-02 	 Total distance: 9.556E-02 	 Future toggles: 1 	 Past toggles: 1 	 Toggled: [[2, array([253], dtype=int64), array([[False]])]] 	 class: [0 8]
11:08:13,865 root DEBUG Side: OFF	 Angle(dx0, dx): 0.41 deg 	 Angle(n, nold): 0.00 deg 	 Distance in patch: 2.010E-01 	 Total distance: 2.010E-01 	 Future toggles: 1 	 Past toggles: 1 	 Toggled: [[3, array([75], dtype=int64), array([[False]])]] 	 class: [1 8]
11:08:13,865 root DEBUG Check patch-by-patch distances for success (dOFF_patch>dON_patch) and ratio (dOFF_patch/dON_patch):
11:08:13,865 root DEBUG 	 nT= 1  	 success?    True    	 (dON-dOFF)/|dON+dOFF|: 35.55 	 cIDON = [0 8], cIDOFF = [1 8]
11:08:13,865 root DEBUG ===> #(dOFF_patch>dON_patch) = 1/1 = 100.00%
11:08:13,865 root DEBUG dOFF/dON = 2.1
11:08:13,865 root DEBUG {'CHOOSE_DX': 'along_decision_boundary', 'dxONAngle': 66.15368944866778, 'dON1': 0.09555846735573191, 'cIDON1': array([0, 8], dtype=int64), 'dON_patch_1': 0.09555846735573191, 'nTON': 1, 'dON': 0.09555846735573191, 'dxOFFAngle': 89.68675192011271, 'dOFF1': 0.2009872057898131, 'cIDOFF1': array([1, 8], dtype=int64), 'dOFF_patch_1': 0.2009872057898131, 'nTOFF': 1, 'dOFF': 0.2009872057898131, 'SUCCESS': True}
11:08:14,121 root DEBUG 

=================== Experiment ID #10 	 Dual Point ID: 11 ===================
11:08:14,130 root DEBUG CONTROL: 	 OK! 	 (target neuron output < tolerance: |1.002E-07|<1.000E-06)
11:08:14,130 root DEBUG CONTROL DUAL POINT: Check that target neuron output < tolerance ({tol:.3E}) at x_dual.
11:08:14,512 root DEBUG Side: ON	 Angle(dx0, dx): 2.07 deg 	 Angle(n, nold): 0.00 deg 	 Distance in patch: 4.584E-03 	 Total distance: 4.584E-03 	 Future toggles: 1 	 Past toggles: 1 	 Toggled: [[3, array([133], dtype=int64), array([[ True]])]] 	 class: [5 7]
11:08:14,937 root DEBUG Side: OFF	 Angle(dx0, dx): 0.12 deg 	 Angle(n, nold): 0.00 deg 	 Distance in patch: 2.495E-01 	 Total distance: 2.495E-01 	 Future toggles: 1 	 Past toggles: 1 	 Toggled: [[2, array([122], dtype=int64), array([[ True]])]] 	 class: [5 7]
11:08:14,937 root DEBUG Check patch-by-patch distances for success (dOFF_patch>dON_patch) and ratio (dOFF_patch/dON_patch):
11:08:14,937 root DEBUG 	 nT= 1  	 success?    True    	 (dON-dOFF)/|dON+dOFF|: 96.39 	 cIDON = [5 7], cIDOFF = [5 7]
11:08:14,938 root DEBUG ===> #(dOFF_patch>dON_patch) = 1/1 = 100.00%
11:08:14,938 root DEBUG dOFF/dON = 54.4
11:08:14,938 root DEBUG {'CHOOSE_DX': 'along_decision_boundary', 'dxONAngle': 83.11511204223878, 'dON1': 0.004584332670790196, 'cIDON1': array([5, 7], dtype=int64), 'dON_patch_1': 0.004584332670790196, 'nTON': 1, 'dON': 0.004584332670790196, 'dxOFFAngle': 89.76700258588754, 'dOFF1': 0.2495405742301711, 'cIDOFF1': array([5, 7], dtype=int64), 'dOFF_patch_1': 0.2495405742301711, 'nTOFF': 1, 'dOFF': 0.2495405742301711, 'SUCCESS': True}
11:08:15,24 root DEBUG 

=================== Experiment ID #11 	 Dual Point ID: 12 ===================
11:08:15,32 root DEBUG CONTROL: 	 OK! 	 (target neuron output < tolerance: |7.385E-09|<1.000E-06)
11:08:15,32 root DEBUG CONTROL DUAL POINT: Check that target neuron output < tolerance ({tol:.3E}) at x_dual.
11:08:15,340 root DEBUG Side: ON	 Angle(dx0, dx): 4.03 deg 	 Angle(n, nold): 0.00 deg 	 Distance in patch: 3.879E-02 	 Total distance: 3.879E-02 	 Future toggles: 1 	 Past toggles: 1 	 Toggled: [[2, array([215], dtype=int64), array([[ True]])]] 	 class: [5 7]
11:08:15,657 root DEBUG Side: OFF	 Angle(dx0, dx): 0.25 deg 	 Angle(n, nold): 0.00 deg 	 Distance in patch: 3.837E-01 	 Total distance: 3.837E-01 	 Future toggles: 1 	 Past toggles: 1 	 Toggled: [[4, array([38], dtype=int64), array([[False]])]] 	 class: [5 7]
11:08:15,658 root DEBUG Check patch-by-patch distances for success (dOFF_patch>dON_patch) and ratio (dOFF_patch/dON_patch):
11:08:15,658 root DEBUG 	 nT= 1  	 success?    True    	 (dON-dOFF)/|dON+dOFF|: 81.64 	 cIDON = [5 7], cIDOFF = [5 7]
11:08:15,658 root DEBUG ===> #(dOFF_patch>dON_patch) = 1/1 = 100.00%
11:08:15,658 root DEBUG dOFF/dON = 9.9
11:08:15,658 root DEBUG {'CHOOSE_DX': 'along_decision_boundary', 'dxONAngle': 74.93813504899819, 'dON1': 0.03878512876125193, 'cIDON1': array([5, 7], dtype=int64), 'dON_patch_1': 0.03878512876125193, 'nTON': 1, 'dON': 0.03878512876125193, 'dxOFFAngle': 83.12478898488447, 'dOFF1': 0.3836834625185218, 'cIDOFF1': array([5, 7], dtype=int64), 'dOFF_patch_1': 0.3836834625185218, 'nTOFF': 1, 'dOFF': 0.3836834625185218, 'SUCCESS': True}
11:08:15,734 root DEBUG 

=================== Experiment ID #12 	 Dual Point ID: 13 ===================
11:08:15,745 root DEBUG CONTROL: 	 OK! 	 (target neuron output < tolerance: |3.606E-08|<1.000E-06)
11:08:15,745 root DEBUG CONTROL DUAL POINT: Check that target neuron output < tolerance ({tol:.3E}) at x_dual.
11:08:16,96 root DEBUG Side: ON	 Angle(dx0, dx): 0.98 deg 	 Angle(n, nold): 0.00 deg 	 Distance in patch: 4.537E-02 	 Total distance: 4.537E-02 	 Future toggles: 1 	 Past toggles: 1 	 Toggled: [[3, array([7], dtype=int64), array([[False]])]] 	 class: [1 8]
11:08:16,409 root DEBUG Side: OFF	 Angle(dx0, dx): 2.97 deg 	 Angle(n, nold): 0.00 deg 	 Distance in patch: 4.021E-02 	 Total distance: 4.021E-02 	 Future toggles: 1 	 Past toggles: 1 	 Toggled: [[3, array([70], dtype=int64), array([[ True]])]] 	 class: [0 8]
11:08:16,409 root DEBUG Check patch-by-patch distances for success (dOFF_patch>dON_patch) and ratio (dOFF_patch/dON_patch):
11:08:16,409 root DEBUG 	 nT= 1  	 success?   False    	 (dON-dOFF)/|dON+dOFF|: -6.03 	 cIDON = [1 8], cIDOFF = [0 8]
11:08:16,409 root DEBUG ===> #(dOFF_patch>dON_patch) = 0/1 = 0.00%
11:08:16,409 root DEBUG dOFF/dON = 0.9
11:08:16,409 root DEBUG {'CHOOSE_DX': 'along_decision_boundary', 'dxONAngle': 79.00150266028263, 'dON1': 0.04537155147665617, 'cIDON1': array([1, 8], dtype=int64), 'dON_patch_1': 0.04537155147665617, 'nTON': 1, 'dON': 0.04537155147665617, 'dxOFFAngle': 84.3349666229933, 'dOFF1': 0.04021469707150418, 'cIDOFF1': array([0, 8], dtype=int64), 'dOFF_patch_1': 0.04021469707150418, 'nTOFF': 1, 'dOFF': 0.04021469707150418, 'SUCCESS': False}
11:08:16,474 root DEBUG 

=================== Experiment ID #13 	 Dual Point ID: 14 ===================
11:08:16,483 root DEBUG CONTROL: 	 OK! 	 (target neuron output < tolerance: |2.446E-08|<1.000E-06)
11:08:16,483 root DEBUG CONTROL DUAL POINT: Check that target neuron output < tolerance ({tol:.3E}) at x_dual.
11:08:16,877 root DEBUG Side: ON	 Angle(dx0, dx): 2.16 deg 	 Angle(n, nold): 0.00 deg 	 Distance in patch: 4.707E-02 	 Total distance: 4.707E-02 	 Future toggles: 1 	 Past toggles: 1 	 Toggled: [[2, array([110], dtype=int64), array([[False]])]] 	 class: [4 6]
11:08:17,259 root DEBUG Side: OFF	 Angle(dx0, dx): 0.13 deg 	 Angle(n, nold): 0.00 deg 	 Distance in patch: 6.429E-02 	 Total distance: 6.429E-02 	 Future toggles: 1 	 Past toggles: 1 	 Toggled: [[2, array([77], dtype=int64), array([[False]])]] 	 class: [4 6]
11:08:17,259 root DEBUG Check patch-by-patch distances for success (dOFF_patch>dON_patch) and ratio (dOFF_patch/dON_patch):
11:08:17,259 root DEBUG 	 nT= 1  	 success?    True    	 (dON-dOFF)/|dON+dOFF|: 15.46 	 cIDON = [4 6], cIDOFF = [4 6]
11:08:17,259 root DEBUG ===> #(dOFF_patch>dON_patch) = 1/1 = 100.00%
11:08:17,259 root DEBUG dOFF/dON = 1.4
11:08:17,259 root DEBUG {'CHOOSE_DX': 'along_decision_boundary', 'dxONAngle': 79.24602217561015, 'dON1': 0.047071666469215206, 'cIDON1': array([4, 6], dtype=int64), 'dON_patch_1': 0.047071666469215206, 'nTON': 1, 'dON': 0.047071666469215206, 'dxOFFAngle': 89.25023962685619, 'dOFF1': 0.06428834037433162, 'cIDOFF1': array([4, 6], dtype=int64), 'dOFF_patch_1': 0.06428834037433162, 'nTOFF': 1, 'dOFF': 0.06428834037433162, 'SUCCESS': True}
11:08:17,377 root DEBUG 

=================== Experiment ID #14 	 Dual Point ID: 15 ===================
11:08:17,386 root DEBUG CONTROL: 	 OK! 	 (target neuron output < tolerance: |9.238E-09|<1.000E-06)
11:08:17,386 root DEBUG CONTROL DUAL POINT: Check that target neuron output < tolerance ({tol:.3E}) at x_dual.
11:08:17,755 root DEBUG Side: ON	 Angle(dx0, dx): 0.15 deg 	 Angle(n, nold): 0.00 deg 	 Distance in patch: 3.005E-02 	 Total distance: 3.005E-02 	 Future toggles: 1 	 Past toggles: 1 	 Toggled: [[3, array([252], dtype=int64), array([[ True]])]] 	 class: [3 6]
11:08:18,45 root DEBUG Side: OFF	 Angle(dx0, dx): 0.39 deg 	 Angle(n, nold): 0.00 deg 	 Distance in patch: 5.079E-02 	 Total distance: 5.079E-02 	 Future toggles: 1 	 Past toggles: 1 	 Toggled: [[3, array([151], dtype=int64), array([[ True]])]] 	 class: [3 6]
11:08:18,45 root DEBUG Check patch-by-patch distances for success (dOFF_patch>dON_patch) and ratio (dOFF_patch/dON_patch):
11:08:18,46 root DEBUG 	 nT= 1  	 success?    True    	 (dON-dOFF)/|dON+dOFF|: 25.64 	 cIDON = [3 6], cIDOFF = [3 6]
11:08:18,46 root DEBUG ===> #(dOFF_patch>dON_patch) = 1/1 = 100.00%
11:08:18,46 root DEBUG dOFF/dON = 1.7
11:08:18,46 root DEBUG {'CHOOSE_DX': 'along_decision_boundary', 'dxONAngle': 88.77630921347962, 'dON1': 0.03005453147605804, 'cIDON1': array([3, 6], dtype=int64), 'dON_patch_1': 0.03005453147605804, 'nTON': 1, 'dON': 0.03005453147605804, 'dxOFFAngle': 88.62742482446585, 'dOFF1': 0.05078508661324047, 'cIDOFF1': array([3, 6], dtype=int64), 'dOFF_patch_1': 0.05078508661324047, 'nTOFF': 1, 'dOFF': 0.05078508661324047, 'SUCCESS': True}
11:08:18,217 root DEBUG 

=================== Experiment ID #15 	 Dual Point ID: 16 ===================
11:08:18,226 root DEBUG CONTROL: 	 OK! 	 (target neuron output < tolerance: |1.767E-07|<1.000E-06)
11:08:18,226 root DEBUG CONTROL DUAL POINT: Check that target neuron output < tolerance ({tol:.3E}) at x_dual.
11:08:18,652 root DEBUG Side: ON	 Angle(dx0, dx): 0.82 deg 	 Angle(n, nold): 0.00 deg 	 Distance in patch: 7.225E-03 	 Total distance: 7.225E-03 	 Future toggles: 1 	 Past toggles: 1 	 Toggled: [[3, array([49], dtype=int64), array([[ True]])]] 	 class: [2 3]
11:08:19,10 root DEBUG Side: OFF	 Angle(dx0, dx): 0.89 deg 	 Angle(n, nold): 0.00 deg 	 Distance in patch: 2.155E-02 	 Total distance: 2.155E-02 	 Future toggles: 1 	 Past toggles: 1 	 Toggled: [[2, array([26], dtype=int64), array([[False]])]] 	 class: [2 3]
11:08:19,10 root DEBUG Check patch-by-patch distances for success (dOFF_patch>dON_patch) and ratio (dOFF_patch/dON_patch):
11:08:19,10 root DEBUG 	 nT= 1  	 success?    True    	 (dON-dOFF)/|dON+dOFF|: 49.79 	 cIDON = [2 3], cIDOFF = [2 3]
11:08:19,11 root DEBUG ===> #(dOFF_patch>dON_patch) = 1/1 = 100.00%
11:08:19,11 root DEBUG dOFF/dON = 3.0
11:08:19,11 root DEBUG {'CHOOSE_DX': 'along_decision_boundary', 'dxONAngle': 77.5272178315327, 'dON1': 0.0072251272112862, 'cIDON1': array([2, 3], dtype=int64), 'dON_patch_1': 0.0072251272112862, 'nTON': 1, 'dON': 0.0072251272112862, 'dxOFFAngle': 88.16337630366695, 'dOFF1': 0.021553087975283092, 'cIDOFF1': array([2, 3], dtype=int64), 'dOFF_patch_1': 0.021553087975283092, 'nTOFF': 1, 'dOFF': 0.021553087975283092, 'SUCCESS': True}
11:08:19,91 root DEBUG 

=================== Experiment ID #16 	 Dual Point ID: 17 ===================
11:08:19,100 root DEBUG CONTROL: 	 OK! 	 (target neuron output < tolerance: |6.754E-08|<1.000E-06)
11:08:19,100 root DEBUG CONTROL DUAL POINT: Check that target neuron output < tolerance ({tol:.3E}) at x_dual.
11:08:19,429 root DEBUG Side: ON	 Angle(dx0, dx): 1.21 deg 	 Angle(n, nold): 0.00 deg 	 Distance in patch: 2.132E-02 	 Total distance: 2.132E-02 	 Future toggles: 0 	 Past toggles: 1 	 Toggled: [[1, array([233], dtype=int64), array([[False]])]] 	 class: [5 7]
11:08:19,664 root DEBUG Side: ON	 Angle(dx0, dx): 1.53 deg 	 Angle(n, nold): 0.00 deg 	 Distance in patch: 5.713E-03 	 Total distance: 2.703E-02 	 Future toggles: 1 	 Past toggles: 1 	 Toggled: [[2, array([197], dtype=int64), array([[ True]])]] 	 class: [5 7]
11:08:20,15 root DEBUG Side: OFF	 Angle(dx0, dx): 0.42 deg 	 Angle(n, nold): 0.00 deg 	 Distance in patch: 1.136E-01 	 Total distance: 1.136E-01 	 Future toggles: 0 	 Past toggles: 1 	 Toggled: [[1, array([221], dtype=int64), array([[ True]])]] 	 class: [5 7]
11:08:20,279 root DEBUG Side: OFF	 Angle(dx0, dx): 0.42 deg 	 Angle(n, nold): 0.00 deg 	 Distance in patch: 1.249E-01 	 Total distance: 2.386E-01 	 Future toggles: 1 	 Past toggles: 1 	 Toggled: [[2, array([197], dtype=int64), array([[ True]])]] 	 class: [5 7]
11:08:20,279 root DEBUG Check patch-by-patch distances for success (dOFF_patch>dON_patch) and ratio (dOFF_patch/dON_patch):
11:08:20,279 root DEBUG 	 nT= 1  	 success?    True    	 (dON-dOFF)/|dON+dOFF|: 79.65 	 cIDON = [5 7], cIDOFF = [5 7]
11:08:20,279 root DEBUG ===> #(dOFF_patch>dON_patch) = 1/1 = 100.00%
11:08:20,279 root DEBUG dOFF/dON = 8.8
11:08:20,279 root DEBUG {'CHOOSE_DX': 'along_decision_boundary', 'dxONAngle': 75.90291805795088, 'dON1': 0.027029303517914285, 'cIDON1': array([5, 7], dtype=int64), 'dON_patch_1': 0.027029303517914285, 'nTON': 1, 'dON': 0.027029303517914285, 'dxOFFAngle': 86.67306662007809, 'dOFF1': 0.23857831695538556, 'cIDOFF1': array([5, 7], dtype=int64), 'dOFF_patch_1': 0.23857831695538556, 'nTOFF': 1, 'dOFF': 0.23857831695538556, 'SUCCESS': True}
11:08:20,355 root DEBUG 

=================== Experiment ID #17 	 Dual Point ID: 18 ===================
11:08:20,364 root DEBUG CONTROL: 	 OK! 	 (target neuron output < tolerance: |1.695E-07|<1.000E-06)
11:08:20,364 root DEBUG CONTROL DUAL POINT: Check that target neuron output < tolerance ({tol:.3E}) at x_dual.
11:08:20,708 root DEBUG Side: ON	 Angle(dx0, dx): 0.38 deg 	 Angle(n, nold): 0.00 deg 	 Distance in patch: 1.501E-03 	 Total distance: 1.501E-03 	 Future toggles: 1 	 Past toggles: 1 	 Toggled: [[4, array([47], dtype=int64), array([[ True]])]] 	 class: [0 1]
11:08:20,983 root DEBUG Side: OFF	 Angle(dx0, dx): 1.82 deg 	 Angle(n, nold): 0.00 deg 	 Distance in patch: 1.975E-02 	 Total distance: 1.975E-02 	 Future toggles: 1 	 Past toggles: 1 	 Toggled: [[4, array([58], dtype=int64), array([[False]])]] 	 class: [0 1]
11:08:20,983 root DEBUG Check patch-by-patch distances for success (dOFF_patch>dON_patch) and ratio (dOFF_patch/dON_patch):
11:08:20,985 root DEBUG 	 nT= 1  	 success?    True    	 (dON-dOFF)/|dON+dOFF|: 85.87 	 cIDON = [0 1], cIDOFF = [0 1]
11:08:20,986 root DEBUG ===> #(dOFF_patch>dON_patch) = 1/1 = 100.00%
11:08:20,986 root DEBUG dOFF/dON = 13.2
11:08:20,986 root DEBUG {'CHOOSE_DX': 'along_decision_boundary', 'dxONAngle': 87.62963716263334, 'dON1': 0.0015012242159661473, 'cIDON1': array([0, 1], dtype=int64), 'dON_patch_1': 0.0015012242159661473, 'nTON': 1, 'dON': 0.0015012242159661473, 'dxOFFAngle': 84.29583305905724, 'dOFF1': 0.01975345442495913, 'cIDOFF1': array([0, 1], dtype=int64), 'dOFF_patch_1': 0.01975345442495913, 'nTOFF': 1, 'dOFF': 0.01975345442495913, 'SUCCESS': True}
11:08:21,77 root DEBUG 

=================== Experiment ID #18 	 Dual Point ID: 19 ===================
11:08:21,85 root DEBUG CONTROL: 	 OK! 	 (target neuron output < tolerance: |7.547E-08|<1.000E-06)
11:08:21,85 root DEBUG CONTROL DUAL POINT: Check that target neuron output < tolerance ({tol:.3E}) at x_dual.
11:08:21,452 root DEBUG Side: ON	 Angle(dx0, dx): 0.70 deg 	 Angle(n, nold): 0.00 deg 	 Distance in patch: 6.368E-03 	 Total distance: 6.368E-03 	 Future toggles: 1 	 Past toggles: 1 	 Toggled: [[2, array([53], dtype=int64), array([[False]])]] 	 class: [3 6]
11:08:21,815 root DEBUG Side: OFF	 Angle(dx0, dx): 0.13 deg 	 Angle(n, nold): 0.00 deg 	 Distance in patch: 6.867E-02 	 Total distance: 6.867E-02 	 Future toggles: 0 	 Past toggles: 1 	 Toggled: [[1, array([236], dtype=int64), array([[ True]])]] 	 class: [3 6]
11:08:22,66 root DEBUG Side: OFF	 Angle(dx0, dx): 0.14 deg 	 Angle(n, nold): 0.00 deg 	 Distance in patch: 4.007E-02 	 Total distance: 1.087E-01 	 Future toggles: 1 	 Past toggles: 1 	 Toggled: [[2, array([53], dtype=int64), array([[False]])]] 	 class: [3 6]
11:08:22,66 root DEBUG Check patch-by-patch distances for success (dOFF_patch>dON_patch) and ratio (dOFF_patch/dON_patch):
11:08:22,67 root DEBUG 	 nT= 1  	 success?    True    	 (dON-dOFF)/|dON+dOFF|: 88.94 	 cIDON = [3 6], cIDOFF = [3 6]
11:08:22,67 root DEBUG ===> #(dOFF_patch>dON_patch) = 1/1 = 100.00%
11:08:22,67 root DEBUG dOFF/dON = 17.1
11:08:22,67 root DEBUG {'CHOOSE_DX': 'along_decision_boundary', 'dxONAngle': 89.19953423599732, 'dON1': 0.006367775425541161, 'cIDON1': array([3, 6], dtype=int64), 'dON_patch_1': 0.006367775425541161, 'nTON': 1, 'dON': 0.006367775425541161, 'dxOFFAngle': 85.92679289107429, 'dOFF1': 0.10873453654761331, 'cIDOFF1': array([3, 6], dtype=int64), 'dOFF_patch_1': 0.10873453654761331, 'nTOFF': 1, 'dOFF': 0.10873453654761331, 'SUCCESS': True}
11:08:22,227 root DEBUG 

=================== Experiment ID #19 	 Dual Point ID: 20 ===================
11:08:22,239 root DEBUG CONTROL: 	 OK! 	 (target neuron output < tolerance: |3.976E-08|<1.000E-06)
11:08:22,239 root DEBUG CONTROL DUAL POINT: Check that target neuron output < tolerance ({tol:.3E}) at x_dual.
11:08:22,521 root DEBUG Side: ON	 Angle(dx0, dx): 10.00 deg 	 Angle(n, nold): 0.00 deg 	 Distance in patch: 4.749E-06 	 Total distance: 4.749E-06 	 Future toggles: 1 	 Past toggles: 1 	 Toggled: [[5, array([0, 1], dtype=int64), array([[0.],
       [1.]])]] 	 class: [1 9]
11:08:22,840 root DEBUG Side: OFF	 Angle(dx0, dx): 0.37 deg 	 Angle(n, nold): 0.00 deg 	 Distance in patch: 3.016E-02 	 Total distance: 3.016E-02 	 Future toggles: 1 	 Past toggles: 1 	 Toggled: [[2, array([129], dtype=int64), array([[False]])]] 	 class: [1 9]
11:08:22,840 root DEBUG Check patch-by-patch distances for success (dOFF_patch>dON_patch) and ratio (dOFF_patch/dON_patch):
11:08:22,841 root DEBUG 	 nT= 1  	 success?    True    	 (dON-dOFF)/|dON+dOFF|: 99.97 	 cIDON = [0 9], cIDOFF = [1 9]
11:08:22,841 root DEBUG ===> #(dOFF_patch>dON_patch) = 1/1 = 100.00%
11:08:22,841 root DEBUG dOFF/dON = 6350.9
11:08:22,841 root DEBUG {'CHOOSE_DX': 'along_decision_boundary', 'dxONAngle': 77.20641971510942, 'dON1': 4.748927742476939e-06, 'cIDON1': array([0, 9], dtype=int64), 'dON_patch_1': 4.748927742476939e-06, 'nTON': 1, 'dON': 4.748927742476939e-06, 'dxOFFAngle': 84.40634771959506, 'dOFF1': 0.030159904380155637, 'cIDOFF1': array([1, 9], dtype=int64), 'dOFF_patch_1': 0.030159904380155637, 'nTOFF': 1, 'dOFF': 0.030159904380155637, 'SUCCESS': True}
11:08:22,912 root DEBUG 

=================== Experiment ID #20 	 Dual Point ID: 21 ===================
11:08:22,921 root DEBUG CONTROL: 	 OK! 	 (target neuron output < tolerance: |1.391E-07|<1.000E-06)
11:08:22,921 root DEBUG CONTROL DUAL POINT: Check that target neuron output < tolerance ({tol:.3E}) at x_dual.
11:08:23,229 root DEBUG Side: ON	 Angle(dx0, dx): 0.96 deg 	 Angle(n, nold): 0.00 deg 	 Distance in patch: 5.545E-03 	 Total distance: 5.545E-03 	 Future toggles: 1 	 Past toggles: 1 	 Toggled: [[3, array([159], dtype=int64), array([[False]])]] 	 class: [2 6]
11:08:23,601 root DEBUG Side: OFF	 Angle(dx0, dx): 0.07 deg 	 Angle(n, nold): 0.00 deg 	 Distance in patch: 1.094E-01 	 Total distance: 1.094E-01 	 Future toggles: 1 	 Past toggles: 1 	 Toggled: [[3, array([176], dtype=int64), array([[ True]])]] 	 class: [2 6]
11:08:23,601 root DEBUG Check patch-by-patch distances for success (dOFF_patch>dON_patch) and ratio (dOFF_patch/dON_patch):
11:08:23,601 root DEBUG 	 nT= 1  	 success?    True    	 (dON-dOFF)/|dON+dOFF|: 90.36 	 cIDON = [2 6], cIDOFF = [2 6]
11:08:23,602 root DEBUG ===> #(dOFF_patch>dON_patch) = 1/1 = 100.00%
11:08:23,602 root DEBUG dOFF/dON = 19.7
11:08:23,602 root DEBUG {'CHOOSE_DX': 'along_decision_boundary', 'dxONAngle': 79.79127741585361, 'dON1': 0.005545201649348668, 'cIDON1': array([2, 6], dtype=int64), 'dON_patch_1': 0.005545201649348668, 'nTON': 1, 'dON': 0.005545201649348668, 'dxOFFAngle': 81.33756805088746, 'dOFF1': 0.10944895342683933, 'cIDOFF1': array([2, 6], dtype=int64), 'dOFF_patch_1': 0.10944895342683933, 'nTOFF': 1, 'dOFF': 0.10944895342683933, 'SUCCESS': True}
11:08:23,737 root DEBUG 

=================== Experiment ID #21 	 Dual Point ID: 22 ===================
11:08:23,746 root DEBUG CONTROL: 	 OK! 	 (target neuron output < tolerance: |2.506E-07|<1.000E-06)
11:08:23,746 root DEBUG CONTROL DUAL POINT: Check that target neuron output < tolerance ({tol:.3E}) at x_dual.
11:08:24,130 root DEBUG Side: ON	 Angle(dx0, dx): 1.84 deg 	 Angle(n, nold): 0.00 deg 	 Distance in patch: 1.278E-01 	 Total distance: 1.278E-01 	 Future toggles: 1 	 Past toggles: 1 	 Toggled: [[2, array([46], dtype=int64), array([[False]])]] 	 class: [2 4]
11:08:24,476 root DEBUG Side: OFF	 Angle(dx0, dx): 0.11 deg 	 Angle(n, nold): 0.00 deg 	 Distance in patch: 1.349E-02 	 Total distance: 1.349E-02 	 Future toggles: 1 	 Past toggles: 1 	 Toggled: [[3, array([3], dtype=int64), array([[ True]])]] 	 class: [2 4]
11:08:24,476 root DEBUG Check patch-by-patch distances for success (dOFF_patch>dON_patch) and ratio (dOFF_patch/dON_patch):
11:08:24,476 root DEBUG 	 nT= 1  	 success?   False    	 (dON-dOFF)/|dON+dOFF|: -80.91 	 cIDON = [2 4], cIDOFF = [2 4]
11:08:24,476 root DEBUG ===> #(dOFF_patch>dON_patch) = 0/1 = 0.00%
11:08:24,476 root DEBUG dOFF/dON = 0.1
11:08:24,477 root DEBUG {'CHOOSE_DX': 'along_decision_boundary', 'dxONAngle': 67.4246801699174, 'dON1': 0.12780225549555277, 'cIDON1': array([2, 4], dtype=int64), 'dON_patch_1': 0.12780225549555277, 'nTON': 1, 'dON': 0.12780225549555277, 'dxOFFAngle': 83.05792839496387, 'dOFF1': 0.0134851156236645, 'cIDOFF1': array([2, 4], dtype=int64), 'dOFF_patch_1': 0.0134851156236645, 'nTOFF': 1, 'dOFF': 0.0134851156236645, 'SUCCESS': False}
11:08:24,673 root DEBUG 

=================== Experiment ID #22 	 Dual Point ID: 23 ===================
11:08:24,681 root DEBUG CONTROL: 	 OK! 	 (target neuron output < tolerance: |9.438E-08|<1.000E-06)
11:08:24,682 root DEBUG CONTROL DUAL POINT: Check that target neuron output < tolerance ({tol:.3E}) at x_dual.
11:08:25,56 root DEBUG Side: ON	 Angle(dx0, dx): 2.62 deg 	 Angle(n, nold): 0.00 deg 	 Distance in patch: 1.069E-02 	 Total distance: 1.069E-02 	 Future toggles: 1 	 Past toggles: 1 	 Toggled: [[3, array([45], dtype=int64), array([[ True]])]] 	 class: [1 2]
11:08:25,345 root DEBUG Side: OFF	 Angle(dx0, dx): 11.36 deg 	 Angle(n, nold): 0.00 deg 	 Distance in patch: 2.645E-04 	 Total distance: 2.645E-04 	 Future toggles: 1 	 Past toggles: 1 	 Toggled: [[5, array([0, 1], dtype=int64), array([[0.],
       [1.]])]] 	 class: [1 2]
11:08:25,345 root DEBUG Check patch-by-patch distances for success (dOFF_patch>dON_patch) and ratio (dOFF_patch/dON_patch):
11:08:25,345 root DEBUG 	 nT= 1  	 success?   False    	 (dON-dOFF)/|dON+dOFF|: -95.17 	 cIDON = [1 2], cIDOFF = [0 2]
11:08:25,346 root DEBUG ===> #(dOFF_patch>dON_patch) = 0/1 = 0.00%
11:08:25,346 root DEBUG dOFF/dON = 0.0
11:08:25,346 root DEBUG {'CHOOSE_DX': 'along_decision_boundary', 'dxONAngle': 76.60338425250504, 'dON1': 0.01068853491842755, 'cIDON1': array([1, 2], dtype=int64), 'dON_patch_1': 0.01068853491842755, 'nTON': 1, 'dON': 0.01068853491842755, 'dxOFFAngle': 78.63629601273882, 'dOFF1': 0.0002645234409833545, 'cIDOFF1': array([0, 2], dtype=int64), 'dOFF_patch_1': 0.0002645234409833545, 'nTOFF': 1, 'dOFF': 0.0002645234409833545, 'SUCCESS': False}
11:08:25,392 root DEBUG 

=================== Experiment ID #23 	 Dual Point ID: 24 ===================
11:08:25,400 root DEBUG CONTROL: 	 OK! 	 (target neuron output < tolerance: |4.491E-08|<1.000E-06)
11:08:25,401 root DEBUG CONTROL DUAL POINT: Check that target neuron output < tolerance ({tol:.3E}) at x_dual.
11:08:25,812 root DEBUG Side: ON	 Angle(dx0, dx): 0.90 deg 	 Angle(n, nold): 0.00 deg 	 Distance in patch: 5.582E-02 	 Total distance: 5.582E-02 	 Future toggles: 1 	 Past toggles: 1 	 Toggled: [[3, array([207], dtype=int64), array([[False]])]] 	 class: [5 8]
11:08:26,304 root DEBUG Side: OFF	 Angle(dx0, dx): 0.47 deg 	 Angle(n, nold): 0.00 deg 	 Distance in patch: 1.375E-01 	 Total distance: 1.375E-01 	 Future toggles: 1 	 Past toggles: 1 	 Toggled: [[2, array([174], dtype=int64), array([[ True]])]] 	 class: [5 8]
11:08:26,304 root DEBUG Check patch-by-patch distances for success (dOFF_patch>dON_patch) and ratio (dOFF_patch/dON_patch):
11:08:26,305 root DEBUG 	 nT= 1  	 success?    True    	 (dON-dOFF)/|dON+dOFF|: 42.24 	 cIDON = [5 8], cIDOFF = [5 8]
11:08:26,305 root DEBUG ===> #(dOFF_patch>dON_patch) = 1/1 = 100.00%
11:08:26,305 root DEBUG dOFF/dON = 2.5
11:08:26,305 root DEBUG {'CHOOSE_DX': 'along_decision_boundary', 'dxONAngle': 78.86641938443223, 'dON1': 0.055824419000298706, 'cIDON1': array([5, 8], dtype=int64), 'dON_patch_1': 0.055824419000298706, 'nTON': 1, 'dON': 0.055824419000298706, 'dxOFFAngle': 82.52714846520684, 'dOFF1': 0.13748262729978006, 'cIDOFF1': array([5, 8], dtype=int64), 'dOFF_patch_1': 0.13748262729978006, 'nTOFF': 1, 'dOFF': 0.13748262729978006, 'SUCCESS': True}
11:08:26,410 root DEBUG 

=================== Experiment ID #24 	 Dual Point ID: 25 ===================
11:08:26,419 root DEBUG CONTROL: 	 OK! 	 (target neuron output < tolerance: |9.033E-08|<1.000E-06)
11:08:26,419 root DEBUG CONTROL DUAL POINT: Check that target neuron output < tolerance ({tol:.3E}) at x_dual.
11:08:26,747 root DEBUG Side: ON	 Angle(dx0, dx): 3.78 deg 	 Angle(n, nold): 0.00 deg 	 Distance in patch: 5.463E-02 	 Total distance: 5.463E-02 	 Future toggles: 1 	 Past toggles: 1 	 Toggled: [[2, array([149], dtype=int64), array([[False]])]] 	 class: [6 7]
11:08:27,191 root DEBUG Side: OFF	 Angle(dx0, dx): 0.71 deg 	 Angle(n, nold): 0.00 deg 	 Distance in patch: 8.888E-02 	 Total distance: 8.888E-02 	 Future toggles: 1 	 Past toggles: 1 	 Toggled: [[2, array([172], dtype=int64), array([[False]])]] 	 class: [6 7]
11:08:27,191 root DEBUG Check patch-by-patch distances for success (dOFF_patch>dON_patch) and ratio (dOFF_patch/dON_patch):
11:08:27,191 root DEBUG 	 nT= 1  	 success?    True    	 (dON-dOFF)/|dON+dOFF|: 23.87 	 cIDON = [6 7], cIDOFF = [6 7]
11:08:27,191 root DEBUG ===> #(dOFF_patch>dON_patch) = 1/1 = 100.00%
11:08:27,191 root DEBUG dOFF/dON = 1.6
11:08:27,192 root DEBUG {'CHOOSE_DX': 'along_decision_boundary', 'dxONAngle': 80.64402936249562, 'dON1': 0.05462830645006452, 'cIDON1': array([6, 7], dtype=int64), 'dON_patch_1': 0.05462830645006452, 'nTON': 1, 'dON': 0.05462830645006452, 'dxOFFAngle': 86.80011586262306, 'dOFF1': 0.08888046280727195, 'cIDOFF1': array([6, 7], dtype=int64), 'dOFF_patch_1': 0.08888046280727195, 'nTOFF': 1, 'dOFF': 0.08888046280727195, 'SUCCESS': True}
11:08:27,281 root DEBUG 

=================== Experiment ID #25 	 Dual Point ID: 26 ===================
11:08:27,289 root DEBUG CONTROL: 	 OK! 	 (target neuron output < tolerance: |4.153E-08|<1.000E-06)
11:08:27,289 root DEBUG CONTROL DUAL POINT: Check that target neuron output < tolerance ({tol:.3E}) at x_dual.
11:08:27,687 root DEBUG Side: ON	 Angle(dx0, dx): 13.26 deg 	 Angle(n, nold): 0.00 deg 	 Distance in patch: 1.481E-03 	 Total distance: 1.481E-03 	 Future toggles: 1 	 Past toggles: 1 	 Toggled: [[3, array([153], dtype=int64), array([[False]])]] 	 class: [3 7]
11:08:28,215 root DEBUG Side: OFF	 Angle(dx0, dx): 0.34 deg 	 Angle(n, nold): 0.00 deg 	 Distance in patch: 4.593E-02 	 Total distance: 4.593E-02 	 Future toggles: 0 	 Past toggles: 1 	 Toggled: [[1, array([106], dtype=int64), array([[ True]])]] 	 class: [3 7]
11:08:28,477 root DEBUG Side: OFF	 Angle(dx0, dx): 0.31 deg 	 Angle(n, nold): 0.00 deg 	 Distance in patch: 8.980E-02 	 Total distance: 1.357E-01 	 Future toggles: 1 	 Past toggles: 1 	 Toggled: [[3, array([30], dtype=int64), array([[False]])]] 	 class: [3 7]
11:08:28,478 root DEBUG Check patch-by-patch distances for success (dOFF_patch>dON_patch) and ratio (dOFF_patch/dON_patch):
11:08:28,478 root DEBUG 	 nT= 1  	 success?    True    	 (dON-dOFF)/|dON+dOFF|: 97.84 	 cIDON = [3 7], cIDOFF = [3 7]
11:08:28,478 root DEBUG ===> #(dOFF_patch>dON_patch) = 1/1 = 100.00%
11:08:28,478 root DEBUG dOFF/dON = 91.7
11:08:28,478 root DEBUG {'CHOOSE_DX': 'along_decision_boundary', 'dxONAngle': 72.2257737725628, 'dON1': 0.0014805639051340043, 'cIDON1': array([3, 7], dtype=int64), 'dON_patch_1': 0.0014805639051340043, 'nTON': 1, 'dON': 0.0014805639051340043, 'dxOFFAngle': 81.21860164345438, 'dOFF1': 0.13573159632882237, 'cIDOFF1': array([3, 7], dtype=int64), 'dOFF_patch_1': 0.13573159632882237, 'nTOFF': 1, 'dOFF': 0.13573159632882237, 'SUCCESS': True}
11:08:28,628 root DEBUG 

=================== Experiment ID #26 	 Dual Point ID: 27 ===================
11:08:28,636 root DEBUG CONTROL: 	 OK! 	 (target neuron output < tolerance: |1.569E-07|<1.000E-06)
11:08:28,636 root DEBUG CONTROL DUAL POINT: Check that target neuron output < tolerance ({tol:.3E}) at x_dual.
11:08:28,961 root DEBUG Side: ON	 Angle(dx0, dx): 10.89 deg 	 Angle(n, nold): 0.00 deg 	 Distance in patch: 1.044E-06 	 Total distance: 1.044E-06 	 Future toggles: 1 	 Past toggles: 1 	 Toggled: [[5, array([0, 1], dtype=int64), array([[0.],
       [1.]])]] 	 class: [1 2]
11:08:29,313 root DEBUG Side: OFF	 Angle(dx0, dx): 2.67 deg 	 Angle(n, nold): 0.00 deg 	 Distance in patch: 1.164E-01 	 Total distance: 1.164E-01 	 Future toggles: 1 	 Past toggles: 1 	 Toggled: [[3, array([244], dtype=int64), array([[False]])]] 	 class: [0 2]
11:08:29,313 root DEBUG Check patch-by-patch distances for success (dOFF_patch>dON_patch) and ratio (dOFF_patch/dON_patch):
11:08:29,314 root DEBUG 	 nT= 1  	 success?    True    	 (dON-dOFF)/|dON+dOFF|: 100.00 	 cIDON = [0 2], cIDOFF = [0 2]
11:08:29,314 root DEBUG ===> #(dOFF_patch>dON_patch) = 1/1 = 100.00%
11:08:29,314 root DEBUG dOFF/dON = 111500.1
11:08:29,314 root DEBUG {'CHOOSE_DX': 'along_decision_boundary', 'dxONAngle': 80.37480008753113, 'dON1': 1.0438123211865495e-06, 'cIDON1': array([0, 2], dtype=int64), 'dON_patch_1': 1.0438123211865495e-06, 'nTON': 1, 'dON': 1.0438123211865495e-06, 'dxOFFAngle': 86.38429488447122, 'dOFF1': 0.11638514529336802, 'cIDOFF1': array([0, 2], dtype=int64), 'dOFF_patch_1': 0.11638514529336802, 'nTOFF': 1, 'dOFF': 0.11638514529336802, 'SUCCESS': True}
11:08:29,379 root DEBUG 

=================== Experiment ID #27 	 Dual Point ID: 28 ===================
11:08:29,389 root DEBUG CONTROL: 	 OK! 	 (target neuron output < tolerance: |6.316E-09|<1.000E-06)
11:08:29,389 root DEBUG CONTROL DUAL POINT: Check that target neuron output < tolerance ({tol:.3E}) at x_dual.
11:08:29,750 root DEBUG Side: ON	 Angle(dx0, dx): 0.12 deg 	 Angle(n, nold): 0.00 deg 	 Distance in patch: 1.963E-02 	 Total distance: 1.963E-02 	 Future toggles: 0 	 Past toggles: 1 	 Toggled: [[1, array([178], dtype=int64), array([[False]])]] 	 class: [5 7]
11:08:30,28 root DEBUG Side: ON	 Angle(dx0, dx): 5.78 deg 	 Angle(n, nold): 0.00 deg 	 Distance in patch: 1.635E-01 	 Total distance: 1.831E-01 	 Future toggles: 1 	 Past toggles: 1 	 Toggled: [[4, array([47], dtype=int64), array([[ True]])]] 	 class: [5 7]
11:08:30,404 root DEBUG Side: OFF	 Angle(dx0, dx): 0.14 deg 	 Angle(n, nold): 0.00 deg 	 Distance in patch: 1.555E-01 	 Total distance: 1.555E-01 	 Future toggles: 1 	 Past toggles: 1 	 Toggled: [[3, array([43], dtype=int64), array([[False]])]] 	 class: [5 7]
11:08:30,404 root DEBUG Check patch-by-patch distances for success (dOFF_patch>dON_patch) and ratio (dOFF_patch/dON_patch):
11:08:30,404 root DEBUG 	 nT= 1  	 success?   False    	 (dON-dOFF)/|dON+dOFF|: -8.16 	 cIDON = [5 7], cIDOFF = [5 7]
11:08:30,405 root DEBUG ===> #(dOFF_patch>dON_patch) = 0/1 = 0.00%
11:08:30,405 root DEBUG dOFF/dON = 0.8
11:08:30,405 root DEBUG {'CHOOSE_DX': 'along_decision_boundary', 'dxONAngle': 76.06891251848279, 'dON1': 0.18311883610804824, 'cIDON1': array([5, 7], dtype=int64), 'dON_patch_1': 0.18311883610804824, 'nTON': 1, 'dON': 0.18311883610804824, 'dxOFFAngle': 81.82185588551764, 'dOFF1': 0.1554946596384728, 'cIDOFF1': array([5, 7], dtype=int64), 'dOFF_patch_1': 0.1554946596384728, 'nTOFF': 1, 'dOFF': 0.1554946596384728, 'SUCCESS': False}
11:08:30,471 root DEBUG 

=================== Experiment ID #28 	 Dual Point ID: 29 ===================
11:08:30,480 root DEBUG CONTROL: 	 OK! 	 (target neuron output < tolerance: |8.337E-08|<1.000E-06)
11:08:30,481 root DEBUG CONTROL DUAL POINT: Check that target neuron output < tolerance ({tol:.3E}) at x_dual.
11:08:30,873 root DEBUG Side: ON	 Angle(dx0, dx): 3.22 deg 	 Angle(n, nold): 0.00 deg 	 Distance in patch: 6.584E-02 	 Total distance: 6.584E-02 	 Future toggles: 1 	 Past toggles: 1 	 Toggled: [[3, array([219], dtype=int64), array([[ True]])]] 	 class: [4 7]
11:08:31,251 root DEBUG Side: OFF	 Angle(dx0, dx): 0.49 deg 	 Angle(n, nold): 0.00 deg 	 Distance in patch: 1.532E-01 	 Total distance: 1.532E-01 	 Future toggles: 1 	 Past toggles: 1 	 Toggled: [[3, array([123], dtype=int64), array([[False]])]] 	 class: [4 7]
11:08:31,251 root DEBUG Check patch-by-patch distances for success (dOFF_patch>dON_patch) and ratio (dOFF_patch/dON_patch):
11:08:31,252 root DEBUG 	 nT= 1  	 success?    True    	 (dON-dOFF)/|dON+dOFF|: 39.89 	 cIDON = [4 7], cIDOFF = [4 7]
11:08:31,252 root DEBUG ===> #(dOFF_patch>dON_patch) = 1/1 = 100.00%
11:08:31,252 root DEBUG dOFF/dON = 2.3
11:08:31,252 root DEBUG {'CHOOSE_DX': 'along_decision_boundary', 'dxONAngle': 68.324848367773, 'dON1': 0.06583782336353385, 'cIDON1': array([4, 7], dtype=int64), 'dON_patch_1': 0.06583782336353385, 'nTON': 1, 'dON': 0.06583782336353385, 'dxOFFAngle': 86.95110682196714, 'dOFF1': 0.15322669196508235, 'cIDOFF1': array([4, 7], dtype=int64), 'dOFF_patch_1': 0.15322669196508235, 'nTOFF': 1, 'dOFF': 0.15322669196508235, 'SUCCESS': True}
11:08:31,337 root DEBUG 

=================== Experiment ID #29 	 Dual Point ID: 30 ===================
11:08:31,345 root DEBUG CONTROL: 	 OK! 	 (target neuron output < tolerance: |6.966E-08|<1.000E-06)
11:08:31,346 root DEBUG CONTROL DUAL POINT: Check that target neuron output < tolerance ({tol:.3E}) at x_dual.
11:08:31,751 root DEBUG Side: ON	 Angle(dx0, dx): 0.93 deg 	 Angle(n, nold): 0.00 deg 	 Distance in patch: 5.826E-02 	 Total distance: 5.826E-02 	 Future toggles: 0 	 Past toggles: 1 	 Toggled: [[1, array([30], dtype=int64), array([[False]])]] 	 class: [5 7]
11:08:32,34 root DEBUG Side: ON	 Angle(dx0, dx): 2.07 deg 	 Angle(n, nold): 0.00 deg 	 Distance in patch: 6.598E-02 	 Total distance: 1.242E-01 	 Future toggles: 1 	 Past toggles: 1 	 Toggled: [[2, array([242], dtype=int64), array([[False]])]] 	 class: [5 7]
11:08:32,446 root DEBUG Side: OFF	 Angle(dx0, dx): 0.39 deg 	 Angle(n, nold): 0.00 deg 	 Distance in patch: 1.677E-01 	 Total distance: 1.677E-01 	 Future toggles: 1 	 Past toggles: 1 	 Toggled: [[3, array([195], dtype=int64), array([[False]])]] 	 class: [5 7]
11:08:32,446 root DEBUG Check patch-by-patch distances for success (dOFF_patch>dON_patch) and ratio (dOFF_patch/dON_patch):
11:08:32,446 root DEBUG 	 nT= 1  	 success?    True    	 (dON-dOFF)/|dON+dOFF|: 14.88 	 cIDON = [5 7], cIDOFF = [5 7]
11:08:32,446 root DEBUG ===> #(dOFF_patch>dON_patch) = 1/1 = 100.00%
11:08:32,446 root DEBUG dOFF/dON = 1.3
11:08:32,447 root DEBUG {'CHOOSE_DX': 'along_decision_boundary', 'dxONAngle': 79.53057681866315, 'dON1': 0.12423900279160605, 'cIDON1': array([5, 7], dtype=int64), 'dON_patch_1': 0.12423900279160605, 'nTON': 1, 'dON': 0.12423900279160605, 'dxOFFAngle': 86.53059289341884, 'dOFF1': 0.16769082928654994, 'cIDOFF1': array([5, 7], dtype=int64), 'dOFF_patch_1': 0.16769082928654994, 'nTOFF': 1, 'dOFF': 0.16769082928654994, 'SUCCESS': True}
11:08:32,578 root DEBUG 

=================== Experiment ID #30 	 Dual Point ID: 31 ===================
11:08:32,586 root DEBUG CONTROL: 	 OK! 	 (target neuron output < tolerance: |3.845E-07|<1.000E-06)
11:08:32,586 root DEBUG CONTROL DUAL POINT: Check that target neuron output < tolerance ({tol:.3E}) at x_dual.
11:08:32,971 root DEBUG Side: ON	 Angle(dx0, dx): 4.20 deg 	 Angle(n, nold): 0.00 deg 	 Distance in patch: 2.563E-03 	 Total distance: 2.563E-03 	 Future toggles: 1 	 Past toggles: 1 	 Toggled: [[4, array([30], dtype=int64), array([[ True]])]] 	 class: [3 5]
11:08:33,314 root DEBUG Side: OFF	 Angle(dx0, dx): 1.98 deg 	 Angle(n, nold): 0.00 deg 	 Distance in patch: 7.855E-02 	 Total distance: 7.855E-02 	 Future toggles: 1 	 Past toggles: 1 	 Toggled: [[2, array([160], dtype=int64), array([[False]])]] 	 class: [3 5]
11:08:33,314 root DEBUG Check patch-by-patch distances for success (dOFF_patch>dON_patch) and ratio (dOFF_patch/dON_patch):
11:08:33,314 root DEBUG 	 nT= 1  	 success?    True    	 (dON-dOFF)/|dON+dOFF|: 93.68 	 cIDON = [3 5], cIDOFF = [3 5]
11:08:33,314 root DEBUG ===> #(dOFF_patch>dON_patch) = 1/1 = 100.00%
11:08:33,314 root DEBUG dOFF/dON = 30.6
11:08:33,314 root DEBUG {'CHOOSE_DX': 'along_decision_boundary', 'dxONAngle': 85.79522405836708, 'dON1': 0.0025632287520975746, 'cIDON1': array([3, 5], dtype=int64), 'dON_patch_1': 0.0025632287520975746, 'nTON': 1, 'dON': 0.0025632287520975746, 'dxOFFAngle': 85.30707873736321, 'dOFF1': 0.0785483508619012, 'cIDOFF1': array([3, 5], dtype=int64), 'dOFF_patch_1': 0.0785483508619012, 'nTOFF': 1, 'dOFF': 0.0785483508619012, 'SUCCESS': True}
11:08:33,403 root DEBUG 

=================== Experiment ID #31 	 Dual Point ID: 32 ===================
11:08:33,413 root DEBUG CONTROL: 	 OK! 	 (target neuron output < tolerance: |4.675E-07|<1.000E-06)
11:08:33,413 root DEBUG CONTROL DUAL POINT: Check that target neuron output < tolerance ({tol:.3E}) at x_dual.
11:08:33,891 root DEBUG Side: ON	 Angle(dx0, dx): 8.16 deg 	 Angle(n, nold): 0.00 deg 	 Distance in patch: 4.895E-02 	 Total distance: 4.895E-02 	 Future toggles: 1 	 Past toggles: 1 	 Toggled: [[3, array([7], dtype=int64), array([[False]])]] 	 class: [2 9]
11:08:34,300 root DEBUG Side: OFF	 Angle(dx0, dx): 0.25 deg 	 Angle(n, nold): 0.00 deg 	 Distance in patch: 2.793E-02 	 Total distance: 2.793E-02 	 Future toggles: 1 	 Past toggles: 1 	 Toggled: [[3, array([70], dtype=int64), array([[ True]])]] 	 class: [2 9]
11:08:34,300 root DEBUG Check patch-by-patch distances for success (dOFF_patch>dON_patch) and ratio (dOFF_patch/dON_patch):
11:08:34,300 root DEBUG 	 nT= 1  	 success?   False    	 (dON-dOFF)/|dON+dOFF|: -27.35 	 cIDON = [2 9], cIDOFF = [2 9]
11:08:34,300 root DEBUG ===> #(dOFF_patch>dON_patch) = 0/1 = 0.00%
11:08:34,300 root DEBUG dOFF/dON = 0.6
11:08:34,300 root DEBUG {'CHOOSE_DX': 'along_decision_boundary', 'dxONAngle': 80.84844014802684, 'dON1': 0.048948911339197224, 'cIDON1': array([2, 9], dtype=int64), 'dON_patch_1': 0.048948911339197224, 'nTON': 1, 'dON': 0.048948911339197224, 'dxOFFAngle': 88.71003752627173, 'dOFF1': 0.02792653832871833, 'cIDOFF1': array([2, 9], dtype=int64), 'dOFF_patch_1': 0.02792653832871833, 'nTOFF': 1, 'dOFF': 0.02792653832871833, 'SUCCESS': False}
11:08:34,344 root DEBUG 

=================== Experiment ID #32 	 Dual Point ID: 33 ===================
11:08:34,354 root DEBUG CONTROL: 	 OK! 	 (target neuron output < tolerance: |1.751E-08|<1.000E-06)
11:08:34,355 root DEBUG CONTROL DUAL POINT: Check that target neuron output < tolerance ({tol:.3E}) at x_dual.
11:08:34,645 root DEBUG Side: ON	 Angle(dx0, dx): 0.71 deg 	 Angle(n, nold): 0.00 deg 	 Distance in patch: 3.780E-02 	 Total distance: 3.780E-02 	 Future toggles: 1 	 Past toggles: 1 	 Toggled: [[3, array([150], dtype=int64), array([[False]])]] 	 class: [7 9]
11:08:34,947 root DEBUG Side: OFF	 Angle(dx0, dx): 0.01 deg 	 Angle(n, nold): 0.00 deg 	 Distance in patch: 2.227E-02 	 Total distance: 2.227E-02 	 Future toggles: 0 	 Past toggles: 1 	 Toggled: [[1, array([192], dtype=int64), array([[ True]])]] 	 class: [7 9]
11:08:35,145 root DEBUG Side: OFF	 Angle(dx0, dx): 0.49 deg 	 Angle(n, nold): 0.00 deg 	 Distance in patch: 1.718E-02 	 Total distance: 3.945E-02 	 Future toggles: 0 	 Past toggles: 2 	 Toggled: [[1, array([152], dtype=int64), array([[False]])]] 	 class: [7 9]
11:08:35,352 root DEBUG Side: OFF	 Angle(dx0, dx): 0.25 deg 	 Angle(n, nold): 0.00 deg 	 Distance in patch: 4.601E-03 	 Total distance: 4.405E-02 	 Future toggles: 0 	 Past toggles: 3 	 Toggled: [[1, array([222], dtype=int64), array([[ True]])]] 	 class: [7 9]
11:08:35,640 root DEBUG Side: OFF	 Angle(dx0, dx): 1.19 deg 	 Angle(n, nold): 0.00 deg 	 Distance in patch: 2.041E-02 	 Total distance: 6.446E-02 	 Future toggles: 1 	 Past toggles: 1 	 Toggled: [[2, array([220], dtype=int64), array([[ True]])]] 	 class: [7 9]
11:08:35,640 root DEBUG Check patch-by-patch distances for success (dOFF_patch>dON_patch) and ratio (dOFF_patch/dON_patch):
11:08:35,640 root DEBUG 	 nT= 1  	 success?    True    	 (dON-dOFF)/|dON+dOFF|: 26.08 	 cIDON = [7 9], cIDOFF = [7 9]
11:08:35,640 root DEBUG ===> #(dOFF_patch>dON_patch) = 1/1 = 100.00%
11:08:35,640 root DEBUG dOFF/dON = 1.7
11:08:35,641 root DEBUG {'CHOOSE_DX': 'along_decision_boundary', 'dxONAngle': 86.00155409362435, 'dON1': 0.037796830478050165, 'cIDON1': array([7, 9], dtype=int64), 'dON_patch_1': 0.037796830478050165, 'nTON': 1, 'dON': 0.037796830478050165, 'dxOFFAngle': 88.97278121257193, 'dOFF1': 0.06446279830282409, 'cIDOFF1': array([7, 9], dtype=int64), 'dOFF_patch_1': 0.06446279830282409, 'nTOFF': 1, 'dOFF': 0.06446279830282409, 'SUCCESS': True}
11:08:35,722 root DEBUG 

=================== Experiment ID #33 	 Dual Point ID: 34 ===================
11:08:35,731 root DEBUG CONTROL: 	 OK! 	 (target neuron output < tolerance: |6.113E-08|<1.000E-06)
11:08:35,731 root DEBUG CONTROL DUAL POINT: Check that target neuron output < tolerance ({tol:.3E}) at x_dual.
11:08:36,119 root DEBUG Side: ON	 Angle(dx0, dx): 1.28 deg 	 Angle(n, nold): 0.00 deg 	 Distance in patch: 2.229E-03 	 Total distance: 2.229E-03 	 Future toggles: 1 	 Past toggles: 1 	 Toggled: [[3, array([17], dtype=int64), array([[ True]])]] 	 class: [2 5]
11:08:36,455 root DEBUG Side: OFF	 Angle(dx0, dx): 1.06 deg 	 Angle(n, nold): 0.00 deg 	 Distance in patch: 2.342E-01 	 Total distance: 2.342E-01 	 Future toggles: 1 	 Past toggles: 1 	 Toggled: [[4, array([34], dtype=int64), array([[False]])]] 	 class: [2 5]
11:08:36,455 root DEBUG Check patch-by-patch distances for success (dOFF_patch>dON_patch) and ratio (dOFF_patch/dON_patch):
11:08:36,456 root DEBUG 	 nT= 1  	 success?    True    	 (dON-dOFF)/|dON+dOFF|: 98.11 	 cIDON = [2 5], cIDOFF = [2 5]
11:08:36,456 root DEBUG ===> #(dOFF_patch>dON_patch) = 1/1 = 100.00%
11:08:36,456 root DEBUG dOFF/dON = 105.1
11:08:36,456 root DEBUG {'CHOOSE_DX': 'along_decision_boundary', 'dxONAngle': 69.80536697986963, 'dON1': 0.002228690585156111, 'cIDON1': array([2, 5], dtype=int64), 'dON_patch_1': 0.002228690585156111, 'nTON': 1, 'dON': 0.002228690585156111, 'dxOFFAngle': 87.01665533548832, 'dOFF1': 0.23423549899517193, 'cIDOFF1': array([2, 5], dtype=int64), 'dOFF_patch_1': 0.23423549899517193, 'nTOFF': 1, 'dOFF': 0.23423549899517193, 'SUCCESS': True}
11:08:36,523 root DEBUG 

=================== Experiment ID #34 	 Dual Point ID: 35 ===================
11:08:36,531 root DEBUG CONTROL: 	 OK! 	 (target neuron output < tolerance: |5.136E-08|<1.000E-06)
11:08:36,531 root DEBUG CONTROL DUAL POINT: Check that target neuron output < tolerance ({tol:.3E}) at x_dual.
11:08:36,879 root DEBUG Side: ON	 Angle(dx0, dx): 2.97 deg 	 Angle(n, nold): 0.00 deg 	 Distance in patch: 1.494E-02 	 Total distance: 1.494E-02 	 Future toggles: 1 	 Past toggles: 1 	 Toggled: [[4, array([49], dtype=int64), array([[False]])]] 	 class: [4 6]
11:08:37,208 root DEBUG Side: OFF	 Angle(dx0, dx): 0.58 deg 	 Angle(n, nold): 0.00 deg 	 Distance in patch: 2.005E-02 	 Total distance: 2.005E-02 	 Future toggles: 1 	 Past toggles: 1 	 Toggled: [[2, array([246], dtype=int64), array([[ True]])]] 	 class: [4 6]
11:08:37,208 root DEBUG Check patch-by-patch distances for success (dOFF_patch>dON_patch) and ratio (dOFF_patch/dON_patch):
11:08:37,209 root DEBUG 	 nT= 1  	 success?    True    	 (dON-dOFF)/|dON+dOFF|: 14.61 	 cIDON = [4 6], cIDOFF = [4 6]
11:08:37,209 root DEBUG ===> #(dOFF_patch>dON_patch) = 1/1 = 100.00%
11:08:37,209 root DEBUG dOFF/dON = 1.3
11:08:37,209 root DEBUG {'CHOOSE_DX': 'along_decision_boundary', 'dxONAngle': 84.60828217081837, 'dON1': 0.014937361328133383, 'cIDON1': array([4, 6], dtype=int64), 'dON_patch_1': 0.014937361328133383, 'nTON': 1, 'dON': 0.014937361328133383, 'dxOFFAngle': 89.16011562778627, 'dOFF1': 0.02004783178449613, 'cIDOFF1': array([4, 6], dtype=int64), 'dOFF_patch_1': 0.02004783178449613, 'nTOFF': 1, 'dOFF': 0.02004783178449613, 'SUCCESS': True}
11:08:37,355 root DEBUG 

=================== Experiment ID #35 	 Dual Point ID: 36 ===================
11:08:37,363 root DEBUG CONTROL: 	 OK! 	 (target neuron output < tolerance: |6.320E-08|<1.000E-06)
11:08:37,363 root DEBUG CONTROL DUAL POINT: Check that target neuron output < tolerance ({tol:.3E}) at x_dual.
11:08:37,758 root DEBUG Side: ON	 Angle(dx0, dx): 1.94 deg 	 Angle(n, nold): 0.00 deg 	 Distance in patch: 4.492E-02 	 Total distance: 4.492E-02 	 Future toggles: 1 	 Past toggles: 1 	 Toggled: [[3, array([99], dtype=int64), array([[False]])]] 	 class: [5 9]
11:08:38,82 root DEBUG Side: OFF	 Angle(dx0, dx): 1.21 deg 	 Angle(n, nold): 0.00 deg 	 Distance in patch: 1.716E-01 	 Total distance: 1.716E-01 	 Future toggles: 1 	 Past toggles: 1 	 Toggled: [[3, array([127], dtype=int64), array([[False]])]] 	 class: [5 9]
11:08:38,82 root DEBUG Check patch-by-patch distances for success (dOFF_patch>dON_patch) and ratio (dOFF_patch/dON_patch):
11:08:38,82 root DEBUG 	 nT= 1  	 success?    True    	 (dON-dOFF)/|dON+dOFF|: 58.51 	 cIDON = [5 9], cIDOFF = [5 9]
11:08:38,82 root DEBUG ===> #(dOFF_patch>dON_patch) = 1/1 = 100.00%
11:08:38,82 root DEBUG dOFF/dON = 3.8
11:08:38,82 root DEBUG {'CHOOSE_DX': 'along_decision_boundary', 'dxONAngle': 62.78540175943212, 'dON1': 0.04491991967359368, 'cIDON1': array([5, 9], dtype=int64), 'dON_patch_1': 0.04491991967359368, 'nTON': 1, 'dON': 0.04491991967359368, 'dxOFFAngle': 75.5215886575112, 'dOFF1': 0.1715891481796611, 'cIDOFF1': array([5, 9], dtype=int64), 'dOFF_patch_1': 0.1715891481796611, 'nTOFF': 1, 'dOFF': 0.1715891481796611, 'SUCCESS': True}
11:08:38,225 root DEBUG 

=================== Experiment ID #36 	 Dual Point ID: 37 ===================
11:08:38,233 root DEBUG CONTROL: 	 OK! 	 (target neuron output < tolerance: |4.713E-07|<1.000E-06)
11:08:38,233 root DEBUG CONTROL DUAL POINT: Check that target neuron output < tolerance ({tol:.3E}) at x_dual.
11:08:38,642 root DEBUG Side: ON	 Angle(dx0, dx): 1.83 deg 	 Angle(n, nold): 0.00 deg 	 Distance in patch: 1.532E-02 	 Total distance: 1.532E-02 	 Future toggles: 1 	 Past toggles: 1 	 Toggled: [[4, array([59], dtype=int64), array([[ True]])]] 	 class: [3 5]
11:08:38,985 root DEBUG Side: OFF	 Angle(dx0, dx): 0.67 deg 	 Angle(n, nold): 0.00 deg 	 Distance in patch: 1.682E-01 	 Total distance: 1.682E-01 	 Future toggles: 1 	 Past toggles: 1 	 Toggled: [[3, array([225], dtype=int64), array([[ True]])]] 	 class: [3 5]
11:08:38,985 root DEBUG Check patch-by-patch distances for success (dOFF_patch>dON_patch) and ratio (dOFF_patch/dON_patch):
11:08:38,986 root DEBUG 	 nT= 1  	 success?    True    	 (dON-dOFF)/|dON+dOFF|: 83.31 	 cIDON = [3 5], cIDOFF = [3 5]
11:08:38,986 root DEBUG ===> #(dOFF_patch>dON_patch) = 1/1 = 100.00%
11:08:38,986 root DEBUG dOFF/dON = 11.0
11:08:38,986 root DEBUG {'CHOOSE_DX': 'along_decision_boundary', 'dxONAngle': 79.1301071944185, 'dON1': 0.015318494455178352, 'cIDON1': array([3, 5], dtype=int64), 'dON_patch_1': 0.015318494455178352, 'nTON': 1, 'dON': 0.015318494455178352, 'dxOFFAngle': 84.98503804670133, 'dOFF1': 0.16819355794257682, 'cIDOFF1': array([3, 5], dtype=int64), 'dOFF_patch_1': 0.16819355794257682, 'nTOFF': 1, 'dOFF': 0.16819355794257682, 'SUCCESS': True}
11:08:39,264 PIL.PngImagePlugin DEBUG STREAM b'IHDR' 16 13
11:08:39,264 PIL.PngImagePlugin DEBUG STREAM b'sBIT' 41 4
11:08:39,264 PIL.PngImagePlugin DEBUG b'sBIT' 41 4 (unknown)
11:08:39,264 PIL.PngImagePlugin DEBUG STREAM b'pHYs' 57 9
11:08:39,264 PIL.PngImagePlugin DEBUG STREAM b'IDAT' 78 1189
11:08:39,270 PIL.PngImagePlugin DEBUG STREAM b'IHDR' 16 13
11:08:39,270 PIL.PngImagePlugin DEBUG STREAM b'sBIT' 41 4
11:08:39,270 PIL.PngImagePlugin DEBUG b'sBIT' 41 4 (unknown)
11:08:39,270 PIL.PngImagePlugin DEBUG STREAM b'pHYs' 57 9
11:08:39,270 PIL.PngImagePlugin DEBUG STREAM b'IDAT' 78 2994
11:08:39,283 PIL.PngImagePlugin DEBUG STREAM b'IHDR' 16 13
11:08:39,283 PIL.PngImagePlugin DEBUG STREAM b'sBIT' 41 4
11:08:39,283 PIL.PngImagePlugin DEBUG b'sBIT' 41 4 (unknown)
11:08:39,284 PIL.PngImagePlugin DEBUG STREAM b'pHYs' 57 9
11:08:39,284 PIL.PngImagePlugin DEBUG STREAM b'IDAT' 78 696
11:08:39,288 PIL.PngImagePlugin DEBUG STREAM b'IHDR' 16 13
11:08:39,288 PIL.PngImagePlugin DEBUG STREAM b'sBIT' 41 4
11:08:39,288 PIL.PngImagePlugin DEBUG b'sBIT' 41 4 (unknown)
11:08:39,288 PIL.PngImagePlugin DEBUG STREAM b'pHYs' 57 9
11:08:39,288 PIL.PngImagePlugin DEBUG STREAM b'IDAT' 78 526
11:08:39,291 PIL.PngImagePlugin DEBUG STREAM b'IHDR' 16 13
11:08:39,291 PIL.PngImagePlugin DEBUG STREAM b'sBIT' 41 4
11:08:39,292 PIL.PngImagePlugin DEBUG b'sBIT' 41 4 (unknown)
11:08:39,292 PIL.PngImagePlugin DEBUG STREAM b'pHYs' 57 9
11:08:39,292 PIL.PngImagePlugin DEBUG STREAM b'IDAT' 78 499
11:08:39,295 PIL.PngImagePlugin DEBUG STREAM b'IHDR' 16 13
11:08:39,295 PIL.PngImagePlugin DEBUG STREAM b'sBIT' 41 4
11:08:39,295 PIL.PngImagePlugin DEBUG b'sBIT' 41 4 (unknown)
11:08:39,296 PIL.PngImagePlugin DEBUG STREAM b'pHYs' 57 9
11:08:39,296 PIL.PngImagePlugin DEBUG STREAM b'IDAT' 78 673
11:08:39,299 PIL.PngImagePlugin DEBUG STREAM b'IHDR' 16 13
11:08:39,299 PIL.PngImagePlugin DEBUG STREAM b'sBIT' 41 4
11:08:39,299 PIL.PngImagePlugin DEBUG b'sBIT' 41 4 (unknown)
11:08:39,300 PIL.PngImagePlugin DEBUG STREAM b'pHYs' 57 9
11:08:39,300 PIL.PngImagePlugin DEBUG STREAM b'IDAT' 78 922
11:08:39,303 PIL.PngImagePlugin DEBUG STREAM b'IHDR' 16 13
11:08:39,303 PIL.PngImagePlugin DEBUG STREAM b'sBIT' 41 4
11:08:39,303 PIL.PngImagePlugin DEBUG b'sBIT' 41 4 (unknown)
11:08:39,303 PIL.PngImagePlugin DEBUG STREAM b'pHYs' 57 9
11:08:39,304 PIL.PngImagePlugin DEBUG STREAM b'IDAT' 78 568
11:08:39,306 PIL.PngImagePlugin DEBUG STREAM b'IHDR' 16 13
11:08:39,307 PIL.PngImagePlugin DEBUG STREAM b'sBIT' 41 4
11:08:39,307 PIL.PngImagePlugin DEBUG b'sBIT' 41 4 (unknown)
11:08:39,307 PIL.PngImagePlugin DEBUG STREAM b'pHYs' 57 9
11:08:39,307 PIL.PngImagePlugin DEBUG STREAM b'IDAT' 78 626
