12:48:16,812 root DEBUG Check that model weights are dtype tf.float64: 	 <dtype: 'float64'>
12:48:16,812 root INFO eps: 1e-06
12:48:16,813 root INFO tol: 1e-06
12:48:16,813 root DEBUG Load dual points from file: ../data/dual_points_cifar10_3x256_64_10_float64.
12:48:16,826 root DEBUG 

=================== Experiment ID #0 	 Dual Point ID: 1 ===================
12:48:16,840 root DEBUG CONTROL: 	 OK! 	 (target neuron output < tolerance: |9.182E-08|<1.000E-06)
12:48:16,840 root DEBUG CONTROL DUAL POINT: Check that target neuron output < tolerance ({tol:.3E}) at x_dual.
12:48:17,96 root DEBUG Side: ON	 Angle(dx0, dx): 3.45 deg 	 Angle(n, nold): 0.00 deg 	 Distance in patch: 4.536E-03 	 Total distance: 4.536E-03 	 Future toggles: 1 	 Past toggles: 1 	 Toggled: [[4, array([2], dtype=int64), array([[ True]])]] 	 class: [2 7]
12:48:17,422 root DEBUG Side: OFF	 Angle(dx0, dx): 5.26 deg 	 Angle(n, nold): 0.00 deg 	 Distance in patch: 9.618E-02 	 Total distance: 9.618E-02 	 Future toggles: 1 	 Past toggles: 1 	 Toggled: [[3, array([60], dtype=int64), array([[False]])]] 	 class: [2 7]
12:48:17,422 root DEBUG Check patch-by-patch distances for success (dOFF_patch>dON_patch) and ratio (dOFF_patch/dON_patch):
12:48:17,422 root DEBUG 	 nT= 1  	 success?    True    	 (dON-dOFF)/|dON+dOFF|: 90.99 	 cIDON = [2 7], cIDOFF = [2 7]
12:48:17,422 root DEBUG ===> #(dOFF_patch>dON_patch) = 1/1 = 100.00%
12:48:17,422 root DEBUG dOFF/dON = 21.2
12:48:17,422 root DEBUG {'CHOOSE_DX': 'along_decision_boundary', 'dxONAngle': 88.72456713540778, 'dON1': 0.004536421195771644, 'cIDON1': array([2, 7], dtype=int64), 'dON_patch_1': 0.004536421195771644, 'nTON': 1, 'dON': 0.004536421195771644, 'dxOFFAngle': 79.14507362004446, 'dOFF1': 0.09618173042762845, 'cIDOFF1': array([2, 7], dtype=int64), 'dOFF_patch_1': 0.09618173042762845, 'nTOFF': 1, 'dOFF': 0.09618173042762845, 'SUCCESS': True}
12:48:17,439 root DEBUG 

=================== Experiment ID #1 	 Dual Point ID: 2 ===================
12:48:17,452 root DEBUG CONTROL: 	 OK! 	 (target neuron output < tolerance: |3.861E-08|<1.000E-06)
12:48:17,452 root DEBUG CONTROL DUAL POINT: Check that target neuron output < tolerance ({tol:.3E}) at x_dual.
12:48:17,756 root DEBUG Side: ON	 Angle(dx0, dx): 1.78 deg 	 Angle(n, nold): 0.00 deg 	 Distance in patch: 1.012E-01 	 Total distance: 1.012E-01 	 Future toggles: 1 	 Past toggles: 1 	 Toggled: [[4, array([8], dtype=int64), array([[False]])]] 	 class: [6 7]
12:48:18,22 root DEBUG Side: OFF	 Angle(dx0, dx): 3.40 deg 	 Angle(n, nold): 0.00 deg 	 Distance in patch: 3.039E-01 	 Total distance: 3.039E-01 	 Future toggles: 1 	 Past toggles: 1 	 Toggled: [[3, array([128], dtype=int64), array([[False]])]] 	 class: [6 7]
12:48:18,22 root DEBUG Check patch-by-patch distances for success (dOFF_patch>dON_patch) and ratio (dOFF_patch/dON_patch):
12:48:18,22 root DEBUG 	 nT= 1  	 success?    True    	 (dON-dOFF)/|dON+dOFF|: 50.05 	 cIDON = [6 7], cIDOFF = [6 7]
12:48:18,23 root DEBUG ===> #(dOFF_patch>dON_patch) = 1/1 = 100.00%
12:48:18,23 root DEBUG dOFF/dON = 3.0
12:48:18,23 root DEBUG {'CHOOSE_DX': 'along_decision_boundary', 'dxONAngle': 83.67030239631023, 'dON1': 0.10116457474588782, 'cIDON1': array([6, 7], dtype=int64), 'dON_patch_1': 0.10116457474588782, 'nTON': 1, 'dON': 0.10116457474588782, 'dxOFFAngle': 82.67251329016445, 'dOFF1': 0.3039121357696579, 'cIDOFF1': array([6, 7], dtype=int64), 'dOFF_patch_1': 0.3039121357696579, 'nTOFF': 1, 'dOFF': 0.3039121357696579, 'SUCCESS': True}
12:48:18,31 root DEBUG 

=================== Experiment ID #2 	 Dual Point ID: 3 ===================
12:48:18,40 root DEBUG CONTROL: 	 OK! 	 (target neuron output < tolerance: |5.530E-07|<1.000E-06)
12:48:18,40 root DEBUG CONTROL DUAL POINT: Check that target neuron output < tolerance ({tol:.3E}) at x_dual.
12:48:18,316 root DEBUG Side: ON	 Angle(dx0, dx): 2.18 deg 	 Angle(n, nold): 0.00 deg 	 Distance in patch: 5.156E-01 	 Total distance: 5.156E-01 	 Future toggles: 1 	 Past toggles: 1 	 Toggled: [[4, array([22], dtype=int64), array([[False]])]] 	 class: [2 3]
12:48:18,537 root DEBUG Side: OFF	 Angle(dx0, dx): 1.14 deg 	 Angle(n, nold): 0.00 deg 	 Distance in patch: 4.424E-02 	 Total distance: 4.424E-02 	 Future toggles: 1 	 Past toggles: 1 	 Toggled: [[3, array([82], dtype=int64), array([[ True]])]] 	 class: [2 3]
12:48:18,537 root DEBUG Check patch-by-patch distances for success (dOFF_patch>dON_patch) and ratio (dOFF_patch/dON_patch):
12:48:18,537 root DEBUG 	 nT= 1  	 success?   False    	 (dON-dOFF)/|dON+dOFF|: -84.20 	 cIDON = [2 3], cIDOFF = [2 3]
12:48:18,537 root DEBUG ===> #(dOFF_patch>dON_patch) = 0/1 = 0.00%
12:48:18,537 root DEBUG dOFF/dON = 0.1
12:48:18,538 root DEBUG {'CHOOSE_DX': 'along_decision_boundary', 'dxONAngle': 72.52426262454894, 'dON1': 0.5156168811534573, 'cIDON1': array([2, 3], dtype=int64), 'dON_patch_1': 0.5156168811534573, 'nTON': 1, 'dON': 0.5156168811534573, 'dxOFFAngle': 79.11654420931457, 'dOFF1': 0.04423647595557798, 'cIDOFF1': array([2, 3], dtype=int64), 'dOFF_patch_1': 0.04423647595557798, 'nTOFF': 1, 'dOFF': 0.04423647595557798, 'SUCCESS': False}
12:48:18,547 root DEBUG 

=================== Experiment ID #3 	 Dual Point ID: 4 ===================
12:48:18,555 root DEBUG CONTROL: 	 OK! 	 (target neuron output < tolerance: |4.401E-07|<1.000E-06)
12:48:18,555 root DEBUG CONTROL DUAL POINT: Check that target neuron output < tolerance ({tol:.3E}) at x_dual.
12:48:18,796 root DEBUG Side: ON	 Angle(dx0, dx): 2.53 deg 	 Angle(n, nold): 0.00 deg 	 Distance in patch: 9.958E-02 	 Total distance: 9.958E-02 	 Future toggles: 1 	 Past toggles: 1 	 Toggled: [[2, array([55], dtype=int64), array([[ True]])]] 	 class: [8 9]
12:48:19,49 root DEBUG Side: OFF	 Angle(dx0, dx): 0.32 deg 	 Angle(n, nold): 0.00 deg 	 Distance in patch: 1.164E-02 	 Total distance: 1.164E-02 	 Future toggles: 1 	 Past toggles: 1 	 Toggled: [[4, array([60], dtype=int64), array([[False]])]] 	 class: [8 9]
12:48:19,49 root DEBUG Check patch-by-patch distances for success (dOFF_patch>dON_patch) and ratio (dOFF_patch/dON_patch):
12:48:19,49 root DEBUG 	 nT= 1  	 success?   False    	 (dON-dOFF)/|dON+dOFF|: -79.07 	 cIDON = [8 9], cIDOFF = [8 9]
12:48:19,50 root DEBUG ===> #(dOFF_patch>dON_patch) = 0/1 = 0.00%
12:48:19,50 root DEBUG dOFF/dON = 0.1
12:48:19,50 root DEBUG {'CHOOSE_DX': 'along_decision_boundary', 'dxONAngle': 84.80511035823658, 'dON1': 0.09958131330671927, 'cIDON1': array([8, 9], dtype=int64), 'dON_patch_1': 0.09958131330671927, 'nTON': 1, 'dON': 0.09958131330671927, 'dxOFFAngle': 88.26034865248353, 'dOFF1': 0.01163811505108149, 'cIDOFF1': array([8, 9], dtype=int64), 'dOFF_patch_1': 0.01163811505108149, 'nTOFF': 1, 'dOFF': 0.01163811505108149, 'SUCCESS': False}
12:48:19,57 root DEBUG 

=================== Experiment ID #4 	 Dual Point ID: 5 ===================
12:48:19,67 root DEBUG CONTROL: 	 OK! 	 (target neuron output < tolerance: |7.750E-08|<1.000E-06)
12:48:19,67 root DEBUG CONTROL DUAL POINT: Check that target neuron output < tolerance ({tol:.3E}) at x_dual.
12:48:19,314 root DEBUG Side: ON	 Angle(dx0, dx): 7.61 deg 	 Angle(n, nold): 0.00 deg 	 Distance in patch: 5.179E-03 	 Total distance: 5.179E-03 	 Future toggles: 1 	 Past toggles: 1 	 Toggled: [[2, array([23], dtype=int64), array([[False]])]] 	 class: [8 9]
12:48:19,623 root DEBUG Side: OFF	 Angle(dx0, dx): 0.01 deg 	 Angle(n, nold): 0.00 deg 	 Distance in patch: 1.255E-02 	 Total distance: 1.255E-02 	 Future toggles: 0 	 Past toggles: 1 	 Toggled: [[1, array([109], dtype=int64), array([[ True]])]] 	 class: [8 9]
12:48:19,817 root DEBUG Side: OFF	 Angle(dx0, dx): 1.12 deg 	 Angle(n, nold): 0.00 deg 	 Distance in patch: 3.937E-02 	 Total distance: 5.192E-02 	 Future toggles: 1 	 Past toggles: 1 	 Toggled: [[3, array([196], dtype=int64), array([[False]])]] 	 class: [8 9]
12:48:19,817 root DEBUG Check patch-by-patch distances for success (dOFF_patch>dON_patch) and ratio (dOFF_patch/dON_patch):
12:48:19,818 root DEBUG 	 nT= 1  	 success?    True    	 (dON-dOFF)/|dON+dOFF|: 81.86 	 cIDON = [8 9], cIDOFF = [8 9]
12:48:19,818 root DEBUG ===> #(dOFF_patch>dON_patch) = 1/1 = 100.00%
12:48:19,818 root DEBUG dOFF/dON = 10.0
12:48:19,818 root DEBUG {'CHOOSE_DX': 'along_decision_boundary', 'dxONAngle': 67.85055549229472, 'dON1': 0.005179075749820837, 'cIDON1': array([8, 9], dtype=int64), 'dON_patch_1': 0.005179075749820837, 'nTON': 1, 'dON': 0.005179075749820837, 'dxOFFAngle': 87.45261770283692, 'dOFF1': 0.05192197454078158, 'cIDOFF1': array([8, 9], dtype=int64), 'dOFF_patch_1': 0.05192197454078158, 'nTOFF': 1, 'dOFF': 0.05192197454078158, 'SUCCESS': True}
12:48:19,829 root DEBUG 

=================== Experiment ID #5 	 Dual Point ID: 6 ===================
12:48:19,839 root DEBUG CONTROL: 	 OK! 	 (target neuron output < tolerance: |5.756E-08|<1.000E-06)
12:48:19,840 root DEBUG CONTROL DUAL POINT: Check that target neuron output < tolerance ({tol:.3E}) at x_dual.
12:48:20,90 root DEBUG Side: ON	 Angle(dx0, dx): 0.35 deg 	 Angle(n, nold): 0.00 deg 	 Distance in patch: 5.401E-03 	 Total distance: 5.401E-03 	 Future toggles: 1 	 Past toggles: 1 	 Toggled: [[3, array([49], dtype=int64), array([[ True]])]] 	 class: [3 7]
12:48:20,318 root DEBUG Side: OFF	 Angle(dx0, dx): 1.17 deg 	 Angle(n, nold): 0.00 deg 	 Distance in patch: 3.543E-02 	 Total distance: 3.543E-02 	 Future toggles: 1 	 Past toggles: 1 	 Toggled: [[2, array([66], dtype=int64), array([[False]])]] 	 class: [3 7]
12:48:20,318 root DEBUG Check patch-by-patch distances for success (dOFF_patch>dON_patch) and ratio (dOFF_patch/dON_patch):
12:48:20,318 root DEBUG 	 nT= 1  	 success?    True    	 (dON-dOFF)/|dON+dOFF|: 73.54 	 cIDON = [3 7], cIDOFF = [3 7]
12:48:20,318 root DEBUG ===> #(dOFF_patch>dON_patch) = 1/1 = 100.00%
12:48:20,318 root DEBUG dOFF/dON = 6.6
12:48:20,318 root DEBUG {'CHOOSE_DX': 'along_decision_boundary', 'dxONAngle': 89.86438047533754, 'dON1': 0.005401152972623613, 'cIDON1': array([3, 7], dtype=int64), 'dON_patch_1': 0.005401152972623613, 'nTON': 1, 'dON': 0.005401152972623613, 'dxOFFAngle': 89.6865306720012, 'dOFF1': 0.03542926282196409, 'cIDOFF1': array([3, 7], dtype=int64), 'dOFF_patch_1': 0.03542926282196409, 'nTOFF': 1, 'dOFF': 0.03542926282196409, 'SUCCESS': True}
12:48:20,325 root DEBUG 

=================== Experiment ID #6 	 Dual Point ID: 7 ===================
12:48:20,335 root DEBUG CONTROL: 	 OK! 	 (target neuron output < tolerance: |1.525E-07|<1.000E-06)
12:48:20,335 root DEBUG CONTROL DUAL POINT: Check that target neuron output < tolerance ({tol:.3E}) at x_dual.
12:48:20,595 root DEBUG Side: ON	 Angle(dx0, dx): 0.69 deg 	 Angle(n, nold): 0.00 deg 	 Distance in patch: 2.290E-02 	 Total distance: 2.290E-02 	 Future toggles: 1 	 Past toggles: 1 	 Toggled: [[3, array([53], dtype=int64), array([[ True]])]] 	 class: [5 7]
12:48:20,854 root DEBUG Side: OFF	 Angle(dx0, dx): 0.42 deg 	 Angle(n, nold): 0.00 deg 	 Distance in patch: 4.738E-01 	 Total distance: 4.738E-01 	 Future toggles: 1 	 Past toggles: 1 	 Toggled: [[2, array([215], dtype=int64), array([[False]])]] 	 class: [5 7]
12:48:20,855 root DEBUG Check patch-by-patch distances for success (dOFF_patch>dON_patch) and ratio (dOFF_patch/dON_patch):
12:48:20,855 root DEBUG 	 nT= 1  	 success?    True    	 (dON-dOFF)/|dON+dOFF|: 90.78 	 cIDON = [5 7], cIDOFF = [5 7]
12:48:20,855 root DEBUG ===> #(dOFF_patch>dON_patch) = 1/1 = 100.00%
12:48:20,855 root DEBUG dOFF/dON = 20.7
12:48:20,855 root DEBUG {'CHOOSE_DX': 'along_decision_boundary', 'dxONAngle': 81.23969284150289, 'dON1': 0.022899112968335737, 'cIDON1': array([5, 7], dtype=int64), 'dON_patch_1': 0.022899112968335737, 'nTON': 1, 'dON': 0.022899112968335737, 'dxOFFAngle': 87.47325724538666, 'dOFF1': 0.47379678269557557, 'cIDOFF1': array([5, 7], dtype=int64), 'dOFF_patch_1': 0.47379678269557557, 'nTOFF': 1, 'dOFF': 0.47379678269557557, 'SUCCESS': True}
12:48:20,863 root DEBUG 

=================== Experiment ID #7 	 Dual Point ID: 8 ===================
12:48:20,871 root DEBUG CONTROL: 	 OK! 	 (target neuron output < tolerance: |2.091E-08|<1.000E-06)
12:48:20,872 root DEBUG CONTROL DUAL POINT: Check that target neuron output < tolerance ({tol:.3E}) at x_dual.
12:48:21,83 root DEBUG Side: ON	 Angle(dx0, dx): 3.49 deg 	 Angle(n, nold): 0.00 deg 	 Distance in patch: 4.492E-03 	 Total distance: 4.492E-03 	 Future toggles: 1 	 Past toggles: 1 	 Toggled: [[2, array([20], dtype=int64), array([[False]])]] 	 class: [0 2]
12:48:21,349 root DEBUG Side: OFF	 Angle(dx0, dx): 0.07 deg 	 Angle(n, nold): 0.00 deg 	 Distance in patch: 2.523E-02 	 Total distance: 2.523E-02 	 Future toggles: 1 	 Past toggles: 1 	 Toggled: [[2, array([20], dtype=int64), array([[False]])]] 	 class: [1 2]
12:48:21,349 root DEBUG Check patch-by-patch distances for success (dOFF_patch>dON_patch) and ratio (dOFF_patch/dON_patch):
12:48:21,349 root DEBUG 	 nT= 1  	 success?    True    	 (dON-dOFF)/|dON+dOFF|: 69.77 	 cIDON = [0 2], cIDOFF = [1 2]
12:48:21,349 root DEBUG ===> #(dOFF_patch>dON_patch) = 1/1 = 100.00%
12:48:21,349 root DEBUG dOFF/dON = 5.6
12:48:21,349 root DEBUG {'CHOOSE_DX': 'along_decision_boundary', 'dxONAngle': 79.26341076640387, 'dON1': 0.004491984449762907, 'cIDON1': array([0, 2], dtype=int64), 'dON_patch_1': 0.004491984449762907, 'nTON': 1, 'dON': 0.004491984449762907, 'dxOFFAngle': 89.5944890047569, 'dOFF1': 0.025230738216836957, 'cIDOFF1': array([1, 2], dtype=int64), 'dOFF_patch_1': 0.025230738216836957, 'nTOFF': 1, 'dOFF': 0.025230738216836957, 'SUCCESS': True}
12:48:21,357 root DEBUG 

=================== Experiment ID #8 	 Dual Point ID: 9 ===================
12:48:21,365 root DEBUG CONTROL: 	 OK! 	 (target neuron output < tolerance: |4.557E-10|<1.000E-06)
12:48:21,365 root DEBUG CONTROL DUAL POINT: Check that target neuron output < tolerance ({tol:.3E}) at x_dual.
12:48:21,698 root DEBUG Side: ON	 Angle(dx0, dx): 1.14 deg 	 Angle(n, nold): 0.00 deg 	 Distance in patch: 1.083E-02 	 Total distance: 1.083E-02 	 Future toggles: 1 	 Past toggles: 1 	 Toggled: [[2, array([215], dtype=int64), array([[ True]])]] 	 class: [6 7]
12:48:21,955 root DEBUG Side: OFF	 Angle(dx0, dx): 7.56 deg 	 Angle(n, nold): 0.00 deg 	 Distance in patch: 4.383E-02 	 Total distance: 4.383E-02 	 Future toggles: 1 	 Past toggles: 1 	 Toggled: [[4, array([35], dtype=int64), array([[False]])]] 	 class: [6 7]
12:48:21,955 root DEBUG Check patch-by-patch distances for success (dOFF_patch>dON_patch) and ratio (dOFF_patch/dON_patch):
12:48:21,956 root DEBUG 	 nT= 1  	 success?    True    	 (dON-dOFF)/|dON+dOFF|: 60.36 	 cIDON = [6 7], cIDOFF = [6 7]
12:48:21,956 root DEBUG ===> #(dOFF_patch>dON_patch) = 1/1 = 100.00%
12:48:21,956 root DEBUG dOFF/dON = 4.0
12:48:21,956 root DEBUG {'CHOOSE_DX': 'along_decision_boundary', 'dxONAngle': 84.46468283056659, 'dON1': 0.010833892732553366, 'cIDON1': array([6, 7], dtype=int64), 'dON_patch_1': 0.010833892732553366, 'nTON': 1, 'dON': 0.010833892732553366, 'dxOFFAngle': 81.9467482553749, 'dOFF1': 0.043826671668265815, 'cIDOFF1': array([6, 7], dtype=int64), 'dOFF_patch_1': 0.043826671668265815, 'nTOFF': 1, 'dOFF': 0.043826671668265815, 'SUCCESS': True}
12:48:21,963 root DEBUG 

=================== Experiment ID #9 	 Dual Point ID: 10 ===================
12:48:21,972 root DEBUG CONTROL: 	 OK! 	 (target neuron output < tolerance: |4.410E-08|<1.000E-06)
12:48:21,972 root DEBUG CONTROL DUAL POINT: Check that target neuron output < tolerance ({tol:.3E}) at x_dual.
12:48:22,229 root DEBUG Side: ON	 Angle(dx0, dx): 0.69 deg 	 Angle(n, nold): 0.00 deg 	 Distance in patch: 4.257E-03 	 Total distance: 4.257E-03 	 Future toggles: 1 	 Past toggles: 1 	 Toggled: [[4, array([61], dtype=int64), array([[False]])]] 	 class: [0 1]
12:48:22,432 root DEBUG Side: OFF	 Angle(dx0, dx): 0.01 deg 	 Angle(n, nold): 0.00 deg 	 Distance in patch: 9.429E-04 	 Total distance: 9.429E-04 	 Future toggles: 1 	 Past toggles: 1 	 Toggled: [[3, array([136], dtype=int64), array([[ True]])]] 	 class: [0 1]
12:48:22,432 root DEBUG Check patch-by-patch distances for success (dOFF_patch>dON_patch) and ratio (dOFF_patch/dON_patch):
12:48:22,432 root DEBUG 	 nT= 1  	 success?   False    	 (dON-dOFF)/|dON+dOFF|: -63.73 	 cIDON = [0 1], cIDOFF = [0 1]
12:48:22,432 root DEBUG ===> #(dOFF_patch>dON_patch) = 0/1 = 0.00%
12:48:22,432 root DEBUG dOFF/dON = 0.2
12:48:22,432 root DEBUG {'CHOOSE_DX': 'along_decision_boundary', 'dxONAngle': 87.9601255192115, 'dON1': 0.00425690157647512, 'cIDON1': array([0, 1], dtype=int64), 'dON_patch_1': 0.00425690157647512, 'nTON': 1, 'dON': 0.00425690157647512, 'dxOFFAngle': 87.64404773749911, 'dOFF1': 0.000942855895694803, 'cIDOFF1': array([0, 1], dtype=int64), 'dOFF_patch_1': 0.000942855895694803, 'nTOFF': 1, 'dOFF': 0.000942855895694803, 'SUCCESS': False}
12:48:22,439 root DEBUG 

=================== Experiment ID #10 	 Dual Point ID: 11 ===================
12:48:22,446 root DEBUG CONTROL: 	 OK! 	 (target neuron output < tolerance: |5.471E-08|<1.000E-06)
12:48:22,446 root DEBUG CONTROL DUAL POINT: Check that target neuron output < tolerance ({tol:.3E}) at x_dual.
12:48:22,681 root DEBUG Side: ON	 Angle(dx0, dx): 13.31 deg 	 Angle(n, nold): 0.00 deg 	 Distance in patch: 3.231E-02 	 Total distance: 3.231E-02 	 Future toggles: 1 	 Past toggles: 1 	 Toggled: [[4, array([2], dtype=int64), array([[False]])]] 	 class: [0 8]
12:48:22,886 root DEBUG Side: OFF	 Angle(dx0, dx): 0.31 deg 	 Angle(n, nold): 0.00 deg 	 Distance in patch: 8.083E-02 	 Total distance: 8.083E-02 	 Future toggles: 1 	 Past toggles: 1 	 Toggled: [[3, array([70], dtype=int64), array([[False]])]] 	 class: [1 8]
12:48:22,887 root DEBUG Check patch-by-patch distances for success (dOFF_patch>dON_patch) and ratio (dOFF_patch/dON_patch):
12:48:22,887 root DEBUG 	 nT= 1  	 success?    True    	 (dON-dOFF)/|dON+dOFF|: 42.89 	 cIDON = [0 8], cIDOFF = [1 8]
12:48:22,887 root DEBUG ===> #(dOFF_patch>dON_patch) = 1/1 = 100.00%
12:48:22,887 root DEBUG dOFF/dON = 2.5
12:48:22,887 root DEBUG {'CHOOSE_DX': 'along_decision_boundary', 'dxONAngle': 68.11881144582057, 'dON1': 0.032306853634805094, 'cIDON1': array([0, 8], dtype=int64), 'dON_patch_1': 0.032306853634805094, 'nTON': 1, 'dON': 0.032306853634805094, 'dxOFFAngle': 89.37641600569769, 'dOFF1': 0.0808285650007188, 'cIDOFF1': array([1, 8], dtype=int64), 'dOFF_patch_1': 0.0808285650007188, 'nTOFF': 1, 'dOFF': 0.0808285650007188, 'SUCCESS': True}
12:48:22,899 root DEBUG 

=================== Experiment ID #11 	 Dual Point ID: 12 ===================
12:48:22,906 root DEBUG CONTROL: 	 OK! 	 (target neuron output < tolerance: |8.281E-09|<1.000E-06)
12:48:22,906 root DEBUG CONTROL DUAL POINT: Check that target neuron output < tolerance ({tol:.3E}) at x_dual.
12:48:23,192 root DEBUG Side: ON	 Angle(dx0, dx): 1.37 deg 	 Angle(n, nold): 0.00 deg 	 Distance in patch: 1.950E-01 	 Total distance: 1.950E-01 	 Future toggles: 1 	 Past toggles: 1 	 Toggled: [[3, array([78], dtype=int64), array([[ True]])]] 	 class: [3 6]
12:48:23,417 root DEBUG Side: OFF	 Angle(dx0, dx): 0.16 deg 	 Angle(n, nold): 0.00 deg 	 Distance in patch: 6.719E-02 	 Total distance: 6.719E-02 	 Future toggles: 1 	 Past toggles: 1 	 Toggled: [[3, array([52], dtype=int64), array([[ True]])]] 	 class: [3 6]
12:48:23,417 root DEBUG Check patch-by-patch distances for success (dOFF_patch>dON_patch) and ratio (dOFF_patch/dON_patch):
12:48:23,417 root DEBUG 	 nT= 1  	 success?   False    	 (dON-dOFF)/|dON+dOFF|: -48.76 	 cIDON = [3 6], cIDOFF = [3 6]
12:48:23,417 root DEBUG ===> #(dOFF_patch>dON_patch) = 0/1 = 0.00%
12:48:23,417 root DEBUG dOFF/dON = 0.3
12:48:23,417 root DEBUG {'CHOOSE_DX': 'along_decision_boundary', 'dxONAngle': 84.74665004001204, 'dON1': 0.19504376870487597, 'cIDON1': array([3, 6], dtype=int64), 'dON_patch_1': 0.19504376870487597, 'nTON': 1, 'dON': 0.19504376870487597, 'dxOFFAngle': 86.47838827970949, 'dOFF1': 0.06719049588487705, 'cIDOFF1': array([3, 6], dtype=int64), 'dOFF_patch_1': 0.06719049588487705, 'nTOFF': 1, 'dOFF': 0.06719049588487705, 'SUCCESS': False}
12:48:23,428 root DEBUG 

=================== Experiment ID #12 	 Dual Point ID: 13 ===================
12:48:23,436 root DEBUG CONTROL: 	 OK! 	 (target neuron output < tolerance: |1.248E-07|<1.000E-06)
12:48:23,436 root DEBUG CONTROL DUAL POINT: Check that target neuron output < tolerance ({tol:.3E}) at x_dual.
12:48:23,675 root DEBUG Side: ON	 Angle(dx0, dx): 0.26 deg 	 Angle(n, nold): 0.00 deg 	 Distance in patch: 5.968E-02 	 Total distance: 5.968E-02 	 Future toggles: 0 	 Past toggles: 1 	 Toggled: [[1, array([201], dtype=int64), array([[False]])]] 	 class: [7 9]
12:48:23,843 root DEBUG Side: ON	 Angle(dx0, dx): 3.20 deg 	 Angle(n, nold): 0.00 deg 	 Distance in patch: 2.028E-02 	 Total distance: 7.997E-02 	 Future toggles: 0 	 Past toggles: 2 	 Toggled: [[1, array([206], dtype=int64), array([[ True]])]] 	 class: [7 9]
12:48:23,974 root DEBUG Side: ON	 Angle(dx0, dx): 0.01 deg 	 Angle(n, nold): 0.00 deg 	 Distance in patch: 6.332E-03 	 Total distance: 8.630E-02 	 Future toggles: 0 	 Past toggles: 3 	 Toggled: [[1, array([57], dtype=int64), array([[False]])]] 	 class: [7 9]
12:48:24,119 root DEBUG Side: ON	 Angle(dx0, dx): 22.77 deg 	 Angle(n, nold): 0.00 deg 	 Distance in patch: 2.163E-02 	 Total distance: 1.079E-01 	 Future toggles: 1 	 Past toggles: 1 	 Toggled: [[5, array([0, 9], dtype=int64), array([[1.],
       [0.]])]] 	 class: [0 7]
12:48:24,406 root DEBUG Side: OFF	 Angle(dx0, dx): 1.15 deg 	 Angle(n, nold): 0.00 deg 	 Distance in patch: 2.869E-03 	 Total distance: 2.869E-03 	 Future toggles: 1 	 Past toggles: 1 	 Toggled: [[4, array([21], dtype=int64), array([[False]])]] 	 class: [7 9]
12:48:24,406 root DEBUG Check patch-by-patch distances for success (dOFF_patch>dON_patch) and ratio (dOFF_patch/dON_patch):
12:48:24,406 root DEBUG 	 nT= 1  	 success?   False    	 (dON-dOFF)/|dON+dOFF|: -94.82 	 cIDON = [7 9], cIDOFF = [7 9]
12:48:24,406 root DEBUG ===> #(dOFF_patch>dON_patch) = 0/1 = 0.00%
12:48:24,406 root DEBUG dOFF/dON = 0.0
12:48:24,406 root DEBUG {'CHOOSE_DX': 'along_decision_boundary', 'dxONAngle': 77.00466802349915, 'dON1': 0.10792238568638907, 'cIDON1': array([7, 9], dtype=int64), 'dON_patch_1': 0.10792238568638907, 'nTON': 1, 'dON': 0.10792238568638907, 'dxOFFAngle': 85.70098032097941, 'dOFF1': 0.0028690045343705128, 'cIDOFF1': array([7, 9], dtype=int64), 'dOFF_patch_1': 0.0028690045343705128, 'nTOFF': 1, 'dOFF': 0.0028690045343705128, 'SUCCESS': False}
12:48:24,415 root DEBUG 

=================== Experiment ID #13 	 Dual Point ID: 14 ===================
12:48:24,425 root DEBUG CONTROL: 	 OK! 	 (target neuron output < tolerance: |4.005E-07|<1.000E-06)
12:48:24,425 root DEBUG CONTROL DUAL POINT: Check that target neuron output < tolerance ({tol:.3E}) at x_dual.
12:48:24,655 root DEBUG Side: ON	 Angle(dx0, dx): 0.52 deg 	 Angle(n, nold): 0.00 deg 	 Distance in patch: 1.916E-01 	 Total distance: 1.916E-01 	 Future toggles: 1 	 Past toggles: 1 	 Toggled: [[3, array([13], dtype=int64), array([[False]])]] 	 class: [3 7]
12:48:24,891 root DEBUG Side: OFF	 Angle(dx0, dx): 0.48 deg 	 Angle(n, nold): 0.00 deg 	 Distance in patch: 1.007E-01 	 Total distance: 1.007E-01 	 Future toggles: 0 	 Past toggles: 1 	 Toggled: [[1, array([94], dtype=int64), array([[ True]])]] 	 class: [3 7]
12:48:25,41 root DEBUG Side: OFF	 Angle(dx0, dx): 0.03 deg 	 Angle(n, nold): 0.00 deg 	 Distance in patch: 2.798E-01 	 Total distance: 3.805E-01 	 Future toggles: 0 	 Past toggles: 2 	 Toggled: [[1, array([147], dtype=int64), array([[False]])]] 	 class: [3 7]
12:48:25,206 root DEBUG Side: OFF	 Angle(dx0, dx): 0.63 deg 	 Angle(n, nold): 0.00 deg 	 Distance in patch: 2.552E-01 	 Total distance: 6.357E-01 	 Future toggles: 1 	 Past toggles: 1 	 Toggled: [[3, array([133], dtype=int64), array([[False]])]] 	 class: [3 7]
12:48:25,206 root DEBUG Check patch-by-patch distances for success (dOFF_patch>dON_patch) and ratio (dOFF_patch/dON_patch):
12:48:25,207 root DEBUG 	 nT= 1  	 success?    True    	 (dON-dOFF)/|dON+dOFF|: 53.69 	 cIDON = [3 7], cIDOFF = [3 7]
12:48:25,207 root DEBUG ===> #(dOFF_patch>dON_patch) = 1/1 = 100.00%
12:48:25,207 root DEBUG dOFF/dON = 3.3
12:48:25,207 root DEBUG {'CHOOSE_DX': 'along_decision_boundary', 'dxONAngle': 87.50647638978302, 'dON1': 0.19156141373872007, 'cIDON1': array([3, 7], dtype=int64), 'dON_patch_1': 0.19156141373872007, 'nTON': 1, 'dON': 0.19156141373872007, 'dxOFFAngle': 87.08108077777567, 'dOFF1': 0.6357293360514902, 'cIDOFF1': array([3, 7], dtype=int64), 'dOFF_patch_1': 0.6357293360514902, 'nTOFF': 1, 'dOFF': 0.6357293360514902, 'SUCCESS': True}
12:48:25,213 root DEBUG 

=================== Experiment ID #14 	 Dual Point ID: 15 ===================
12:48:25,222 root DEBUG CONTROL: 	 OK! 	 (target neuron output < tolerance: |4.257E-08|<1.000E-06)
12:48:25,223 root DEBUG CONTROL DUAL POINT: Check that target neuron output < tolerance ({tol:.3E}) at x_dual.
12:48:25,496 root DEBUG Side: ON	 Angle(dx0, dx): 0.13 deg 	 Angle(n, nold): 0.00 deg 	 Distance in patch: 5.138E-03 	 Total distance: 5.138E-03 	 Future toggles: 1 	 Past toggles: 1 	 Toggled: [[2, array([28], dtype=int64), array([[ True]])]] 	 class: [3 9]
12:48:25,766 root DEBUG Side: OFF	 Angle(dx0, dx): 4.91 deg 	 Angle(n, nold): 0.00 deg 	 Distance in patch: 3.716E-02 	 Total distance: 3.716E-02 	 Future toggles: 1 	 Past toggles: 1 	 Toggled: [[3, array([121], dtype=int64), array([[ True]])]] 	 class: [3 9]
12:48:25,767 root DEBUG Check patch-by-patch distances for success (dOFF_patch>dON_patch) and ratio (dOFF_patch/dON_patch):
12:48:25,767 root DEBUG 	 nT= 1  	 success?    True    	 (dON-dOFF)/|dON+dOFF|: 75.71 	 cIDON = [3 9], cIDOFF = [3 9]
12:48:25,767 root DEBUG ===> #(dOFF_patch>dON_patch) = 1/1 = 100.00%
12:48:25,767 root DEBUG dOFF/dON = 7.2
12:48:25,767 root DEBUG {'CHOOSE_DX': 'along_decision_boundary', 'dxONAngle': 67.93379905909482, 'dON1': 0.005137859488060093, 'cIDON1': array([3, 9], dtype=int64), 'dON_patch_1': 0.005137859488060093, 'nTON': 1, 'dON': 0.005137859488060093, 'dxOFFAngle': 80.2595508268836, 'dOFF1': 0.03716075518651529, 'cIDOFF1': array([3, 9], dtype=int64), 'dOFF_patch_1': 0.03716075518651529, 'nTOFF': 1, 'dOFF': 0.03716075518651529, 'SUCCESS': True}
12:48:25,776 root DEBUG 

=================== Experiment ID #15 	 Dual Point ID: 16 ===================
12:48:25,783 root DEBUG CONTROL: 	 OK! 	 (target neuron output < tolerance: |7.466E-07|<1.000E-06)
12:48:25,783 root DEBUG CONTROL DUAL POINT: Check that target neuron output < tolerance ({tol:.3E}) at x_dual.
12:48:26,23 root DEBUG Side: ON	 Angle(dx0, dx): 3.01 deg 	 Angle(n, nold): 0.00 deg 	 Distance in patch: 8.262E-02 	 Total distance: 8.262E-02 	 Future toggles: 1 	 Past toggles: 1 	 Toggled: [[3, array([128], dtype=int64), array([[ True]])]] 	 class: [6 9]
12:48:26,263 root DEBUG Side: OFF	 Angle(dx0, dx): 1.18 deg 	 Angle(n, nold): 0.00 deg 	 Distance in patch: 2.314E-02 	 Total distance: 2.314E-02 	 Future toggles: 1 	 Past toggles: 1 	 Toggled: [[2, array([253], dtype=int64), array([[False]])]] 	 class: [6 9]
12:48:26,263 root DEBUG Check patch-by-patch distances for success (dOFF_patch>dON_patch) and ratio (dOFF_patch/dON_patch):
12:48:26,263 root DEBUG 	 nT= 1  	 success?   False    	 (dON-dOFF)/|dON+dOFF|: -56.24 	 cIDON = [6 9], cIDOFF = [6 9]
12:48:26,263 root DEBUG ===> #(dOFF_patch>dON_patch) = 0/1 = 0.00%
12:48:26,263 root DEBUG dOFF/dON = 0.3
12:48:26,264 root DEBUG {'CHOOSE_DX': 'along_decision_boundary', 'dxONAngle': 78.32883899462732, 'dON1': 0.0826235008934919, 'cIDON1': array([6, 9], dtype=int64), 'dON_patch_1': 0.0826235008934919, 'nTON': 1, 'dON': 0.0826235008934919, 'dxOFFAngle': 84.1938696737023, 'dOFF1': 0.02314276702414962, 'cIDOFF1': array([6, 9], dtype=int64), 'dOFF_patch_1': 0.02314276702414962, 'nTOFF': 1, 'dOFF': 0.02314276702414962, 'SUCCESS': False}
12:48:26,272 root DEBUG 

=================== Experiment ID #16 	 Dual Point ID: 17 ===================
12:48:26,280 root DEBUG CONTROL: 	 OK! 	 (target neuron output < tolerance: |3.761E-08|<1.000E-06)
12:48:26,281 root DEBUG CONTROL DUAL POINT: Check that target neuron output < tolerance ({tol:.3E}) at x_dual.
12:48:26,558 root DEBUG Side: ON	 Angle(dx0, dx): 0.06 deg 	 Angle(n, nold): 0.00 deg 	 Distance in patch: 7.516E-02 	 Total distance: 7.516E-02 	 Future toggles: 1 	 Past toggles: 1 	 Toggled: [[2, array([243], dtype=int64), array([[ True]])]] 	 class: [4 8]
12:48:26,811 root DEBUG Side: OFF	 Angle(dx0, dx): 0.27 deg 	 Angle(n, nold): 0.00 deg 	 Distance in patch: 1.535E-01 	 Total distance: 1.535E-01 	 Future toggles: 1 	 Past toggles: 1 	 Toggled: [[2, array([10], dtype=int64), array([[ True]])]] 	 class: [4 8]
12:48:26,812 root DEBUG Check patch-by-patch distances for success (dOFF_patch>dON_patch) and ratio (dOFF_patch/dON_patch):
12:48:26,812 root DEBUG 	 nT= 1  	 success?    True    	 (dON-dOFF)/|dON+dOFF|: 34.26 	 cIDON = [4 8], cIDOFF = [4 8]
12:48:26,812 root DEBUG ===> #(dOFF_patch>dON_patch) = 1/1 = 100.00%
12:48:26,812 root DEBUG dOFF/dON = 2.0
12:48:26,812 root DEBUG {'CHOOSE_DX': 'along_decision_boundary', 'dxONAngle': 83.90820192175703, 'dON1': 0.07516232498258926, 'cIDON1': array([4, 8], dtype=int64), 'dON_patch_1': 0.07516232498258926, 'nTON': 1, 'dON': 0.07516232498258926, 'dxOFFAngle': 85.62055548879451, 'dOFF1': 0.1534860766561788, 'cIDOFF1': array([4, 8], dtype=int64), 'dOFF_patch_1': 0.1534860766561788, 'nTOFF': 1, 'dOFF': 0.1534860766561788, 'SUCCESS': True}
12:48:26,820 root DEBUG 

=================== Experiment ID #17 	 Dual Point ID: 18 ===================
12:48:26,827 root DEBUG CONTROL: 	 OK! 	 (target neuron output < tolerance: |2.413E-08|<1.000E-06)
12:48:26,828 root DEBUG CONTROL DUAL POINT: Check that target neuron output < tolerance ({tol:.3E}) at x_dual.
12:48:27,81 root DEBUG Side: ON	 Angle(dx0, dx): 0.18 deg 	 Angle(n, nold): 0.00 deg 	 Distance in patch: 1.375E-02 	 Total distance: 1.375E-02 	 Future toggles: 1 	 Past toggles: 1 	 Toggled: [[3, array([166], dtype=int64), array([[ True]])]] 	 class: [3 9]
12:48:27,294 root DEBUG Side: OFF	 Angle(dx0, dx): 0.33 deg 	 Angle(n, nold): 0.00 deg 	 Distance in patch: 3.846E-02 	 Total distance: 3.846E-02 	 Future toggles: 1 	 Past toggles: 1 	 Toggled: [[4, array([19], dtype=int64), array([[False]])]] 	 class: [3 9]
12:48:27,294 root DEBUG Check patch-by-patch distances for success (dOFF_patch>dON_patch) and ratio (dOFF_patch/dON_patch):
12:48:27,294 root DEBUG 	 nT= 1  	 success?    True    	 (dON-dOFF)/|dON+dOFF|: 47.31 	 cIDON = [3 9], cIDOFF = [3 9]
12:48:27,294 root DEBUG ===> #(dOFF_patch>dON_patch) = 1/1 = 100.00%
12:48:27,295 root DEBUG dOFF/dON = 2.8
12:48:27,295 root DEBUG {'CHOOSE_DX': 'along_decision_boundary', 'dxONAngle': 86.02114562303426, 'dON1': 0.013754896794701191, 'cIDON1': array([3, 9], dtype=int64), 'dON_patch_1': 0.013754896794701191, 'nTON': 1, 'dON': 0.013754896794701191, 'dxOFFAngle': 89.49551557296967, 'dOFF1': 0.038460055640184544, 'cIDOFF1': array([3, 9], dtype=int64), 'dOFF_patch_1': 0.038460055640184544, 'nTOFF': 1, 'dOFF': 0.038460055640184544, 'SUCCESS': True}
12:48:27,303 root DEBUG 

=================== Experiment ID #18 	 Dual Point ID: 19 ===================
12:48:27,310 root DEBUG CONTROL: 	 OK! 	 (target neuron output < tolerance: |1.600E-07|<1.000E-06)
12:48:27,310 root DEBUG CONTROL DUAL POINT: Check that target neuron output < tolerance ({tol:.3E}) at x_dual.
12:48:27,538 root DEBUG Side: ON	 Angle(dx0, dx): 0.18 deg 	 Angle(n, nold): 0.00 deg 	 Distance in patch: 9.322E-03 	 Total distance: 9.322E-03 	 Future toggles: 1 	 Past toggles: 1 	 Toggled: [[2, array([142], dtype=int64), array([[False]])]] 	 class: [0 1]
12:48:27,777 root DEBUG Side: OFF	 Angle(dx0, dx): 1.05 deg 	 Angle(n, nold): 0.00 deg 	 Distance in patch: 7.584E-02 	 Total distance: 7.584E-02 	 Future toggles: 1 	 Past toggles: 1 	 Toggled: [[3, array([22], dtype=int64), array([[False]])]] 	 class: [0 1]
12:48:27,777 root DEBUG Check patch-by-patch distances for success (dOFF_patch>dON_patch) and ratio (dOFF_patch/dON_patch):
12:48:27,777 root DEBUG 	 nT= 1  	 success?    True    	 (dON-dOFF)/|dON+dOFF|: 78.11 	 cIDON = [0 1], cIDOFF = [0 1]
12:48:27,777 root DEBUG ===> #(dOFF_patch>dON_patch) = 1/1 = 100.00%
12:48:27,777 root DEBUG dOFF/dON = 8.1
12:48:27,777 root DEBUG {'CHOOSE_DX': 'along_decision_boundary', 'dxONAngle': 80.1738637182501, 'dON1': 0.009321978974704097, 'cIDON1': array([0, 1], dtype=int64), 'dON_patch_1': 0.009321978974704097, 'nTON': 1, 'dON': 0.009321978974704097, 'dxOFFAngle': 89.17713201272275, 'dOFF1': 0.07583594252941457, 'cIDOFF1': array([0, 1], dtype=int64), 'dOFF_patch_1': 0.07583594252941457, 'nTOFF': 1, 'dOFF': 0.07583594252941457, 'SUCCESS': True}
12:48:27,787 root DEBUG 

=================== Experiment ID #19 	 Dual Point ID: 20 ===================
12:48:27,795 root DEBUG CONTROL: 	 WARNING! 	 (target neuron output > tolerance: |1.240E-06|>1.000E-06)
12:48:27,795 root DEBUG CONTROL DUAL POINT: Check that target neuron output < tolerance ({tol:.3E}) at x_dual.
12:48:27,795 root DEBUG CONTROL DUAL POINT: Check that target neuron output < tolerance ({tol:.3E}) at x_dual.
12:48:27,796 root DEBUG 

=================== Experiment ID #19 	 Dual Point ID: 21 ===================
12:48:27,802 root DEBUG CONTROL: 	 OK! 	 (target neuron output < tolerance: |9.400E-08|<1.000E-06)
12:48:27,803 root DEBUG CONTROL DUAL POINT: Check that target neuron output < tolerance ({tol:.3E}) at x_dual.
12:48:28,52 root DEBUG Side: ON	 Angle(dx0, dx): 1.86 deg 	 Angle(n, nold): 0.00 deg 	 Distance in patch: 3.610E-02 	 Total distance: 3.610E-02 	 Future toggles: 0 	 Past toggles: 1 	 Toggled: [[1, array([197], dtype=int64), array([[False]])]] 	 class: [0 7]
12:48:28,181 root DEBUG Side: ON	 Angle(dx0, dx): 0.62 deg 	 Angle(n, nold): 0.00 deg 	 Distance in patch: 7.401E-02 	 Total distance: 1.101E-01 	 Future toggles: 1 	 Past toggles: 1 	 Toggled: [[2, array([39], dtype=int64), array([[False]])]] 	 class: [0 7]
12:48:28,403 root DEBUG Side: OFF	 Angle(dx0, dx): 0.48 deg 	 Angle(n, nold): 0.00 deg 	 Distance in patch: 5.039E-03 	 Total distance: 5.039E-03 	 Future toggles: 1 	 Past toggles: 1 	 Toggled: [[3, array([5], dtype=int64), array([[False]])]] 	 class: [1 7]
12:48:28,403 root DEBUG Check patch-by-patch distances for success (dOFF_patch>dON_patch) and ratio (dOFF_patch/dON_patch):
12:48:28,403 root DEBUG 	 nT= 1  	 success?   False    	 (dON-dOFF)/|dON+dOFF|: -91.25 	 cIDON = [0 7], cIDOFF = [1 7]
12:48:28,403 root DEBUG ===> #(dOFF_patch>dON_patch) = 0/1 = 0.00%
12:48:28,403 root DEBUG dOFF/dON = 0.0
12:48:28,403 root DEBUG {'CHOOSE_DX': 'along_decision_boundary', 'dxONAngle': 78.01556230344282, 'dON1': 0.11011420950141901, 'cIDON1': array([0, 7], dtype=int64), 'dON_patch_1': 0.11011420950141901, 'nTON': 1, 'dON': 0.11011420950141901, 'dxOFFAngle': 89.49884050358726, 'dOFF1': 0.0050391409627226595, 'cIDOFF1': array([1, 7], dtype=int64), 'dOFF_patch_1': 0.0050391409627226595, 'nTOFF': 1, 'dOFF': 0.0050391409627226595, 'SUCCESS': False}
12:48:28,409 root DEBUG 

=================== Experiment ID #20 	 Dual Point ID: 22 ===================
12:48:28,416 root DEBUG CONTROL: 	 OK! 	 (target neuron output < tolerance: |1.051E-07|<1.000E-06)
12:48:28,416 root DEBUG CONTROL DUAL POINT: Check that target neuron output < tolerance ({tol:.3E}) at x_dual.
12:48:28,643 root DEBUG Side: ON	 Angle(dx0, dx): 0.26 deg 	 Angle(n, nold): 0.00 deg 	 Distance in patch: 1.005E-01 	 Total distance: 1.005E-01 	 Future toggles: 1 	 Past toggles: 1 	 Toggled: [[2, array([125], dtype=int64), array([[False]])]] 	 class: [6 7]
12:48:28,870 root DEBUG Side: OFF	 Angle(dx0, dx): 0.54 deg 	 Angle(n, nold): 0.00 deg 	 Distance in patch: 6.418E-02 	 Total distance: 6.418E-02 	 Future toggles: 1 	 Past toggles: 1 	 Toggled: [[2, array([250], dtype=int64), array([[False]])]] 	 class: [6 7]
12:48:28,871 root DEBUG Check patch-by-patch distances for success (dOFF_patch>dON_patch) and ratio (dOFF_patch/dON_patch):
12:48:28,871 root DEBUG 	 nT= 1  	 success?   False    	 (dON-dOFF)/|dON+dOFF|: -22.05 	 cIDON = [6 7], cIDOFF = [6 7]
12:48:28,871 root DEBUG ===> #(dOFF_patch>dON_patch) = 0/1 = 0.00%
12:48:28,871 root DEBUG dOFF/dON = 0.6
12:48:28,871 root DEBUG {'CHOOSE_DX': 'along_decision_boundary', 'dxONAngle': 77.38863545965907, 'dON1': 0.10049881400187922, 'cIDON1': array([6, 7], dtype=int64), 'dON_patch_1': 0.10049881400187922, 'nTON': 1, 'dON': 0.10049881400187922, 'dxOFFAngle': 77.5039202080719, 'dOFF1': 0.06418103435627397, 'cIDOFF1': array([6, 7], dtype=int64), 'dOFF_patch_1': 0.06418103435627397, 'nTOFF': 1, 'dOFF': 0.06418103435627397, 'SUCCESS': False}
12:48:28,880 root DEBUG 

=================== Experiment ID #21 	 Dual Point ID: 23 ===================
12:48:28,886 root DEBUG CONTROL: 	 OK! 	 (target neuron output < tolerance: |3.799E-08|<1.000E-06)
12:48:28,886 root DEBUG CONTROL DUAL POINT: Check that target neuron output < tolerance ({tol:.3E}) at x_dual.
12:48:29,106 root DEBUG Side: ON	 Angle(dx0, dx): 0.17 deg 	 Angle(n, nold): 0.00 deg 	 Distance in patch: 1.325E-02 	 Total distance: 1.325E-02 	 Future toggles: 1 	 Past toggles: 1 	 Toggled: [[2, array([164], dtype=int64), array([[False]])]] 	 class: [0 9]
12:48:29,321 root DEBUG Side: OFF	 Angle(dx0, dx): 0.06 deg 	 Angle(n, nold): 0.00 deg 	 Distance in patch: 1.908E-02 	 Total distance: 1.908E-02 	 Future toggles: 1 	 Past toggles: 1 	 Toggled: [[4, array([42], dtype=int64), array([[ True]])]] 	 class: [1 9]
12:48:29,321 root DEBUG Check patch-by-patch distances for success (dOFF_patch>dON_patch) and ratio (dOFF_patch/dON_patch):
12:48:29,321 root DEBUG 	 nT= 1  	 success?    True    	 (dON-dOFF)/|dON+dOFF|: 18.05 	 cIDON = [0 9], cIDOFF = [1 9]
12:48:29,322 root DEBUG ===> #(dOFF_patch>dON_patch) = 1/1 = 100.00%
12:48:29,322 root DEBUG dOFF/dON = 1.4
12:48:29,322 root DEBUG {'CHOOSE_DX': 'along_decision_boundary', 'dxONAngle': 89.60500556334173, 'dON1': 0.013246455947858927, 'cIDON1': array([0, 9], dtype=int64), 'dON_patch_1': 0.013246455947858927, 'nTON': 1, 'dON': 0.013246455947858927, 'dxOFFAngle': 88.17178866694971, 'dOFF1': 0.01908259588581348, 'cIDOFF1': array([1, 9], dtype=int64), 'dOFF_patch_1': 0.01908259588581348, 'nTOFF': 1, 'dOFF': 0.01908259588581348, 'SUCCESS': True}
12:48:29,330 root DEBUG 

=================== Experiment ID #22 	 Dual Point ID: 24 ===================
12:48:29,337 root DEBUG CONTROL: 	 OK! 	 (target neuron output < tolerance: |6.117E-08|<1.000E-06)
12:48:29,337 root DEBUG CONTROL DUAL POINT: Check that target neuron output < tolerance ({tol:.3E}) at x_dual.
12:48:29,553 root DEBUG Side: ON	 Angle(dx0, dx): 2.19 deg 	 Angle(n, nold): 0.00 deg 	 Distance in patch: 6.104E-02 	 Total distance: 6.104E-02 	 Future toggles: 1 	 Past toggles: 1 	 Toggled: [[3, array([28], dtype=int64), array([[False]])]] 	 class: [0 1]
12:48:29,791 root DEBUG Side: OFF	 Angle(dx0, dx): 0.28 deg 	 Angle(n, nold): 0.00 deg 	 Distance in patch: 6.453E-02 	 Total distance: 6.453E-02 	 Future toggles: 1 	 Past toggles: 1 	 Toggled: [[2, array([36], dtype=int64), array([[ True]])]] 	 class: [0 1]
12:48:29,791 root DEBUG Check patch-by-patch distances for success (dOFF_patch>dON_patch) and ratio (dOFF_patch/dON_patch):
12:48:29,791 root DEBUG 	 nT= 1  	 success?    True    	 (dON-dOFF)/|dON+dOFF|: 2.78 	 cIDON = [0 1], cIDOFF = [0 1]
12:48:29,791 root DEBUG ===> #(dOFF_patch>dON_patch) = 1/1 = 100.00%
12:48:29,791 root DEBUG dOFF/dON = 1.1
12:48:29,791 root DEBUG {'CHOOSE_DX': 'along_decision_boundary', 'dxONAngle': 84.46016112027938, 'dON1': 0.06104456710071024, 'cIDON1': array([0, 1], dtype=int64), 'dON_patch_1': 0.06104456710071024, 'nTON': 1, 'dON': 0.06104456710071024, 'dxOFFAngle': 88.17217826992781, 'dOFF1': 0.06453490945294435, 'cIDOFF1': array([0, 1], dtype=int64), 'dOFF_patch_1': 0.06453490945294435, 'nTOFF': 1, 'dOFF': 0.06453490945294435, 'SUCCESS': True}
12:48:29,801 root DEBUG 

=================== Experiment ID #23 	 Dual Point ID: 25 ===================
12:48:29,808 root DEBUG CONTROL: 	 OK! 	 (target neuron output < tolerance: |2.340E-09|<1.000E-06)
12:48:29,808 root DEBUG CONTROL DUAL POINT: Check that target neuron output < tolerance ({tol:.3E}) at x_dual.
12:48:30,82 root DEBUG Side: ON	 Angle(dx0, dx): 26.69 deg 	 Angle(n, nold): 0.00 deg 	 Distance in patch: 2.790E-03 	 Total distance: 2.790E-03 	 Future toggles: 1 	 Past toggles: 1 	 Toggled: [[5, array([3, 5], dtype=int64), array([[0.],
       [1.]])]] 	 class: [5 6]
12:48:30,356 root DEBUG Side: OFF	 Angle(dx0, dx): 0.05 deg 	 Angle(n, nold): 0.00 deg 	 Distance in patch: 1.397E-01 	 Total distance: 1.397E-01 	 Future toggles: 1 	 Past toggles: 1 	 Toggled: [[2, array([4], dtype=int64), array([[False]])]] 	 class: [3 6]
12:48:30,357 root DEBUG Check patch-by-patch distances for success (dOFF_patch>dON_patch) and ratio (dOFF_patch/dON_patch):
12:48:30,357 root DEBUG 	 nT= 1  	 success?    True    	 (dON-dOFF)/|dON+dOFF|: 96.08 	 cIDON = [3 6], cIDOFF = [3 6]
12:48:30,357 root DEBUG ===> #(dOFF_patch>dON_patch) = 1/1 = 100.00%
12:48:30,357 root DEBUG dOFF/dON = 50.1
12:48:30,357 root DEBUG {'CHOOSE_DX': 'along_decision_boundary', 'dxONAngle': 79.82143652026187, 'dON1': 0.002790212884263186, 'cIDON1': array([3, 6], dtype=int64), 'dON_patch_1': 0.002790212884263186, 'nTON': 1, 'dON': 0.002790212884263186, 'dxOFFAngle': 84.46942645299562, 'dOFF1': 0.1397466001241302, 'cIDOFF1': array([3, 6], dtype=int64), 'dOFF_patch_1': 0.1397466001241302, 'nTOFF': 1, 'dOFF': 0.1397466001241302, 'SUCCESS': True}
12:48:30,367 root DEBUG 

=================== Experiment ID #24 	 Dual Point ID: 26 ===================
12:48:30,375 root DEBUG CONTROL: 	 OK! 	 (target neuron output < tolerance: |1.708E-07|<1.000E-06)
12:48:30,375 root DEBUG CONTROL DUAL POINT: Check that target neuron output < tolerance ({tol:.3E}) at x_dual.
12:48:30,647 root DEBUG Side: ON	 Angle(dx0, dx): 0.55 deg 	 Angle(n, nold): 0.00 deg 	 Distance in patch: 5.007E-02 	 Total distance: 5.007E-02 	 Future toggles: 0 	 Past toggles: 1 	 Toggled: [[1, array([112], dtype=int64), array([[False]])]] 	 class: [3 7]
12:48:30,785 root DEBUG Side: ON	 Angle(dx0, dx): 0.90 deg 	 Angle(n, nold): 0.00 deg 	 Distance in patch: 9.413E-02 	 Total distance: 1.442E-01 	 Future toggles: 1 	 Past toggles: 1 	 Toggled: [[2, array([198], dtype=int64), array([[False]])]] 	 class: [3 7]
12:48:31,18 root DEBUG Side: OFF	 Angle(dx0, dx): 0.01 deg 	 Angle(n, nold): 0.00 deg 	 Distance in patch: 1.190E-01 	 Total distance: 1.190E-01 	 Future toggles: 0 	 Past toggles: 1 	 Toggled: [[1, array([254], dtype=int64), array([[False]])]] 	 class: [3 7]
12:48:31,206 root DEBUG Side: OFF	 Angle(dx0, dx): 0.48 deg 	 Angle(n, nold): 0.00 deg 	 Distance in patch: 1.551E-01 	 Total distance: 2.741E-01 	 Future toggles: 1 	 Past toggles: 1 	 Toggled: [[2, array([72], dtype=int64), array([[ True]])]] 	 class: [3 7]
12:48:31,207 root DEBUG Check patch-by-patch distances for success (dOFF_patch>dON_patch) and ratio (dOFF_patch/dON_patch):
12:48:31,207 root DEBUG 	 nT= 1  	 success?    True    	 (dON-dOFF)/|dON+dOFF|: 31.05 	 cIDON = [3 7], cIDOFF = [3 7]
12:48:31,207 root DEBUG ===> #(dOFF_patch>dON_patch) = 1/1 = 100.00%
12:48:31,207 root DEBUG dOFF/dON = 1.9
12:48:31,207 root DEBUG {'CHOOSE_DX': 'along_decision_boundary', 'dxONAngle': 89.3322701635072, 'dON1': 0.14420750016071485, 'cIDON1': array([3, 7], dtype=int64), 'dON_patch_1': 0.14420750016071485, 'nTON': 1, 'dON': 0.14420750016071485, 'dxOFFAngle': 88.92499714092753, 'dOFF1': 0.2741039566898584, 'cIDOFF1': array([3, 7], dtype=int64), 'dOFF_patch_1': 0.2741039566898584, 'nTOFF': 1, 'dOFF': 0.2741039566898584, 'SUCCESS': True}
12:48:31,219 root DEBUG 

=================== Experiment ID #25 	 Dual Point ID: 27 ===================
12:48:31,224 root DEBUG CONTROL: 	 OK! 	 (target neuron output < tolerance: |8.023E-08|<1.000E-06)
12:48:31,225 root DEBUG CONTROL DUAL POINT: Check that target neuron output < tolerance ({tol:.3E}) at x_dual.
12:48:31,455 root DEBUG Side: ON	 Angle(dx0, dx): 0.52 deg 	 Angle(n, nold): 0.00 deg 	 Distance in patch: 8.997E-02 	 Total distance: 8.997E-02 	 Future toggles: 1 	 Past toggles: 1 	 Toggled: [[2, array([252], dtype=int64), array([[ True]])]] 	 class: [5 7]
12:48:31,700 root DEBUG Side: OFF	 Angle(dx0, dx): 0.79 deg 	 Angle(n, nold): 0.00 deg 	 Distance in patch: 1.983E-02 	 Total distance: 1.983E-02 	 Future toggles: 0 	 Past toggles: 1 	 Toggled: [[1, array([43], dtype=int64), array([[ True]])]] 	 class: [5 7]
12:48:31,841 root DEBUG Side: OFF	 Angle(dx0, dx): 0.26 deg 	 Angle(n, nold): 0.00 deg 	 Distance in patch: 3.879E-02 	 Total distance: 5.862E-02 	 Future toggles: 1 	 Past toggles: 1 	 Toggled: [[3, array([191], dtype=int64), array([[False]])]] 	 class: [5 7]
12:48:31,841 root DEBUG Check patch-by-patch distances for success (dOFF_patch>dON_patch) and ratio (dOFF_patch/dON_patch):
12:48:31,841 root DEBUG 	 nT= 1  	 success?   False    	 (dON-dOFF)/|dON+dOFF|: -21.09 	 cIDON = [5 7], cIDOFF = [5 7]
12:48:31,842 root DEBUG ===> #(dOFF_patch>dON_patch) = 0/1 = 0.00%
12:48:31,842 root DEBUG dOFF/dON = 0.7
12:48:31,842 root DEBUG {'CHOOSE_DX': 'along_decision_boundary', 'dxONAngle': 79.13791674351926, 'dON1': 0.08996849920042133, 'cIDON1': array([5, 7], dtype=int64), 'dON_patch_1': 0.08996849920042133, 'nTON': 1, 'dON': 0.08996849920042133, 'dxOFFAngle': 85.1078921596158, 'dOFF1': 0.05862411257166551, 'cIDOFF1': array([5, 7], dtype=int64), 'dOFF_patch_1': 0.05862411257166551, 'nTOFF': 1, 'dOFF': 0.05862411257166551, 'SUCCESS': False}
12:48:31,851 root DEBUG 

=================== Experiment ID #26 	 Dual Point ID: 28 ===================
12:48:31,856 root DEBUG CONTROL: 	 OK! 	 (target neuron output < tolerance: |3.355E-08|<1.000E-06)
12:48:31,856 root DEBUG CONTROL DUAL POINT: Check that target neuron output < tolerance ({tol:.3E}) at x_dual.
12:48:32,114 root DEBUG Side: ON	 Angle(dx0, dx): 0.96 deg 	 Angle(n, nold): 0.00 deg 	 Distance in patch: 5.155E-02 	 Total distance: 5.155E-02 	 Future toggles: 1 	 Past toggles: 1 	 Toggled: [[3, array([60], dtype=int64), array([[ True]])]] 	 class: [0 1]
12:48:32,356 root DEBUG Side: OFF	 Angle(dx0, dx): 0.54 deg 	 Angle(n, nold): 0.00 deg 	 Distance in patch: 3.527E-01 	 Total distance: 3.527E-01 	 Future toggles: 0 	 Past toggles: 1 	 Toggled: [[1, array([33], dtype=int64), array([[ True]])]] 	 class: [0 1]
12:48:32,540 root DEBUG Side: OFF	 Angle(dx0, dx): 0.61 deg 	 Angle(n, nold): 0.00 deg 	 Distance in patch: 1.101E-02 	 Total distance: 3.637E-01 	 Future toggles: 1 	 Past toggles: 1 	 Toggled: [[3, array([138], dtype=int64), array([[ True]])]] 	 class: [0 1]
12:48:32,541 root DEBUG Check patch-by-patch distances for success (dOFF_patch>dON_patch) and ratio (dOFF_patch/dON_patch):
12:48:32,541 root DEBUG 	 nT= 1  	 success?    True    	 (dON-dOFF)/|dON+dOFF|: 75.17 	 cIDON = [0 1], cIDOFF = [0 1]
12:48:32,541 root DEBUG ===> #(dOFF_patch>dON_patch) = 1/1 = 100.00%
12:48:32,541 root DEBUG dOFF/dON = 7.1
12:48:32,541 root DEBUG {'CHOOSE_DX': 'along_decision_boundary', 'dxONAngle': 87.69940126302357, 'dON1': 0.051551748691347, 'cIDON1': array([0, 1], dtype=int64), 'dON_patch_1': 0.051551748691347, 'nTON': 1, 'dON': 0.051551748691347, 'dxOFFAngle': 89.89664910431304, 'dOFF1': 0.3636933298991706, 'cIDOFF1': array([0, 1], dtype=int64), 'dOFF_patch_1': 0.3636933298991706, 'nTOFF': 1, 'dOFF': 0.3636933298991706, 'SUCCESS': True}
12:48:32,552 root DEBUG 

=================== Experiment ID #27 	 Dual Point ID: 29 ===================
12:48:32,560 root DEBUG CONTROL: 	 OK! 	 (target neuron output < tolerance: |4.481E-07|<1.000E-06)
12:48:32,560 root DEBUG CONTROL DUAL POINT: Check that target neuron output < tolerance ({tol:.3E}) at x_dual.
12:48:32,821 root DEBUG Side: ON	 Angle(dx0, dx): 0.51 deg 	 Angle(n, nold): 0.00 deg 	 Distance in patch: 2.429E-02 	 Total distance: 2.429E-02 	 Future toggles: 1 	 Past toggles: 1 	 Toggled: [[2, array([0], dtype=int64), array([[ True]])]] 	 class: [2 8]
12:48:33,67 root DEBUG Side: OFF	 Angle(dx0, dx): 1.36 deg 	 Angle(n, nold): 0.00 deg 	 Distance in patch: 3.139E-02 	 Total distance: 3.139E-02 	 Future toggles: 1 	 Past toggles: 1 	 Toggled: [[3, array([72], dtype=int64), array([[ True]])]] 	 class: [2 8]
12:48:33,67 root DEBUG Check patch-by-patch distances for success (dOFF_patch>dON_patch) and ratio (dOFF_patch/dON_patch):
12:48:33,68 root DEBUG 	 nT= 1  	 success?    True    	 (dON-dOFF)/|dON+dOFF|: 12.76 	 cIDON = [2 8], cIDOFF = [2 8]
12:48:33,68 root DEBUG ===> #(dOFF_patch>dON_patch) = 1/1 = 100.00%
12:48:33,68 root DEBUG dOFF/dON = 1.3
12:48:33,68 root DEBUG {'CHOOSE_DX': 'along_decision_boundary', 'dxONAngle': 83.63870202979172, 'dON1': 0.024285748064935803, 'cIDON1': array([2, 8], dtype=int64), 'dON_patch_1': 0.024285748064935803, 'nTON': 1, 'dON': 0.024285748064935803, 'dxOFFAngle': 89.8742385324423, 'dOFF1': 0.03139106437226311, 'cIDOFF1': array([2, 8], dtype=int64), 'dOFF_patch_1': 0.03139106437226311, 'nTOFF': 1, 'dOFF': 0.03139106437226311, 'SUCCESS': True}
12:48:33,79 root DEBUG 

=================== Experiment ID #28 	 Dual Point ID: 30 ===================
12:48:33,86 root DEBUG CONTROL: 	 OK! 	 (target neuron output < tolerance: |1.606E-07|<1.000E-06)
12:48:33,86 root DEBUG CONTROL DUAL POINT: Check that target neuron output < tolerance ({tol:.3E}) at x_dual.
12:48:33,325 root DEBUG Side: ON	 Angle(dx0, dx): 7.63 deg 	 Angle(n, nold): 0.00 deg 	 Distance in patch: 6.505E-02 	 Total distance: 6.505E-02 	 Future toggles: 1 	 Past toggles: 1 	 Toggled: [[3, array([131], dtype=int64), array([[ True]])]] 	 class: [3 6]
12:48:33,559 root DEBUG Side: OFF	 Angle(dx0, dx): 1.49 deg 	 Angle(n, nold): 0.00 deg 	 Distance in patch: 3.460E-02 	 Total distance: 3.460E-02 	 Future toggles: 1 	 Past toggles: 1 	 Toggled: [[3, array([42], dtype=int64), array([[False]])]] 	 class: [3 6]
12:48:33,559 root DEBUG Check patch-by-patch distances for success (dOFF_patch>dON_patch) and ratio (dOFF_patch/dON_patch):
12:48:33,559 root DEBUG 	 nT= 1  	 success?   False    	 (dON-dOFF)/|dON+dOFF|: -30.56 	 cIDON = [3 6], cIDOFF = [3 6]
12:48:33,559 root DEBUG ===> #(dOFF_patch>dON_patch) = 0/1 = 0.00%
12:48:33,559 root DEBUG dOFF/dON = 0.5
12:48:33,559 root DEBUG {'CHOOSE_DX': 'along_decision_boundary', 'dxONAngle': 71.68935561628169, 'dON1': 0.06504941207619501, 'cIDON1': array([3, 6], dtype=int64), 'dON_patch_1': 0.06504941207619501, 'nTON': 1, 'dON': 0.06504941207619501, 'dxOFFAngle': 83.13871251639378, 'dOFF1': 0.03460032694737419, 'cIDOFF1': array([3, 6], dtype=int64), 'dOFF_patch_1': 0.03460032694737419, 'nTOFF': 1, 'dOFF': 0.03460032694737419, 'SUCCESS': False}
12:48:33,568 root DEBUG 

=================== Experiment ID #29 	 Dual Point ID: 31 ===================
12:48:33,576 root DEBUG CONTROL: 	 OK! 	 (target neuron output < tolerance: |3.696E-09|<1.000E-06)
12:48:33,576 root DEBUG CONTROL DUAL POINT: Check that target neuron output < tolerance ({tol:.3E}) at x_dual.
12:48:33,826 root DEBUG Side: ON	 Angle(dx0, dx): 1.50 deg 	 Angle(n, nold): 0.00 deg 	 Distance in patch: 1.777E-02 	 Total distance: 1.777E-02 	 Future toggles: 1 	 Past toggles: 1 	 Toggled: [[3, array([20], dtype=int64), array([[False]])]] 	 class: [0 1]
12:48:34,43 root DEBUG Side: OFF	 Angle(dx0, dx): 2.08 deg 	 Angle(n, nold): 0.00 deg 	 Distance in patch: 1.867E-02 	 Total distance: 1.867E-02 	 Future toggles: 1 	 Past toggles: 1 	 Toggled: [[4, array([24], dtype=int64), array([[ True]])]] 	 class: [0 1]
12:48:34,43 root DEBUG Check patch-by-patch distances for success (dOFF_patch>dON_patch) and ratio (dOFF_patch/dON_patch):
12:48:34,43 root DEBUG 	 nT= 1  	 success?    True    	 (dON-dOFF)/|dON+dOFF|: 2.46 	 cIDON = [0 1], cIDOFF = [0 1]
12:48:34,43 root DEBUG ===> #(dOFF_patch>dON_patch) = 1/1 = 100.00%
12:48:34,43 root DEBUG dOFF/dON = 1.1
12:48:34,43 root DEBUG {'CHOOSE_DX': 'along_decision_boundary', 'dxONAngle': 85.27736654939937, 'dON1': 0.01777226518969346, 'cIDON1': array([0, 1], dtype=int64), 'dON_patch_1': 0.01777226518969346, 'nTON': 1, 'dON': 0.01777226518969346, 'dxOFFAngle': 83.51502114424491, 'dOFF1': 0.018670401572483803, 'cIDOFF1': array([0, 1], dtype=int64), 'dOFF_patch_1': 0.018670401572483803, 'nTOFF': 1, 'dOFF': 0.018670401572483803, 'SUCCESS': True}
12:48:34,50 root DEBUG 

=================== Experiment ID #30 	 Dual Point ID: 32 ===================
12:48:34,56 root DEBUG CONTROL: 	 OK! 	 (target neuron output < tolerance: |1.931E-08|<1.000E-06)
12:48:34,56 root DEBUG CONTROL DUAL POINT: Check that target neuron output < tolerance ({tol:.3E}) at x_dual.
12:48:34,381 root DEBUG Side: ON	 Angle(dx0, dx): 5.06 deg 	 Angle(n, nold): 0.00 deg 	 Distance in patch: 1.421E-01 	 Total distance: 1.421E-01 	 Future toggles: 1 	 Past toggles: 1 	 Toggled: [[4, array([43], dtype=int64), array([[False]])]] 	 class: [5 8]
12:48:34,585 root DEBUG Side: OFF	 Angle(dx0, dx): 0.23 deg 	 Angle(n, nold): 0.00 deg 	 Distance in patch: 1.265E-01 	 Total distance: 1.265E-01 	 Future toggles: 0 	 Past toggles: 1 	 Toggled: [[1, array([56], dtype=int64), array([[ True]])]] 	 class: [5 8]
12:48:34,732 root DEBUG Side: OFF	 Angle(dx0, dx): 0.00 deg 	 Angle(n, nold): 0.00 deg 	 Distance in patch: 1.654E-02 	 Total distance: 1.431E-01 	 Future toggles: 0 	 Past toggles: 2 	 Toggled: [[1, array([139], dtype=int64), array([[False]])]] 	 class: [5 8]
12:48:34,897 root DEBUG Side: OFF	 Angle(dx0, dx): 0.23 deg 	 Angle(n, nold): 0.00 deg 	 Distance in patch: 6.989E-02 	 Total distance: 2.130E-01 	 Future toggles: 0 	 Past toggles: 3 	 Toggled: [[1, array([31], dtype=int64), array([[ True]])]] 	 class: [5 8]
12:48:35,36 root DEBUG Side: OFF	 Angle(dx0, dx): 1.12 deg 	 Angle(n, nold): 0.00 deg 	 Distance in patch: 4.759E-02 	 Total distance: 2.606E-01 	 Future toggles: 1 	 Past toggles: 1 	 Toggled: [[4, array([43], dtype=int64), array([[False]])]] 	 class: [5 8]
12:48:35,36 root DEBUG Check patch-by-patch distances for success (dOFF_patch>dON_patch) and ratio (dOFF_patch/dON_patch):
12:48:35,37 root DEBUG 	 nT= 1  	 success?    True    	 (dON-dOFF)/|dON+dOFF|: 29.42 	 cIDON = [5 8], cIDOFF = [5 8]
12:48:35,37 root DEBUG ===> #(dOFF_patch>dON_patch) = 1/1 = 100.00%
12:48:35,37 root DEBUG dOFF/dON = 1.8
12:48:35,37 root DEBUG {'CHOOSE_DX': 'along_decision_boundary', 'dxONAngle': 79.1604752714459, 'dON1': 0.1420929023023685, 'cIDON1': array([5, 8], dtype=int64), 'dON_patch_1': 0.1420929023023685, 'nTON': 1, 'dON': 0.1420929023023685, 'dxOFFAngle': 89.74071147287515, 'dOFF1': 0.2605569960761583, 'cIDOFF1': array([5, 8], dtype=int64), 'dOFF_patch_1': 0.2605569960761583, 'nTOFF': 1, 'dOFF': 0.2605569960761583, 'SUCCESS': True}
12:48:35,42 root DEBUG 

=================== Experiment ID #31 	 Dual Point ID: 33 ===================
12:48:35,48 root DEBUG CONTROL: 	 OK! 	 (target neuron output < tolerance: |6.883E-08|<1.000E-06)
12:48:35,48 root DEBUG CONTROL DUAL POINT: Check that target neuron output < tolerance ({tol:.3E}) at x_dual.
12:48:35,283 root DEBUG Side: ON	 Angle(dx0, dx): 0.01 deg 	 Angle(n, nold): 0.00 deg 	 Distance in patch: 1.049E-01 	 Total distance: 1.049E-01 	 Future toggles: 1 	 Past toggles: 1 	 Toggled: [[3, array([254], dtype=int64), array([[ True]])]] 	 class: [2 5]
12:48:35,512 root DEBUG Side: OFF	 Angle(dx0, dx): 1.10 deg 	 Angle(n, nold): 0.00 deg 	 Distance in patch: 1.448E-01 	 Total distance: 1.448E-01 	 Future toggles: 1 	 Past toggles: 1 	 Toggled: [[2, array([144], dtype=int64), array([[False]])]] 	 class: [2 5]
12:48:35,512 root DEBUG Check patch-by-patch distances for success (dOFF_patch>dON_patch) and ratio (dOFF_patch/dON_patch):
12:48:35,512 root DEBUG 	 nT= 1  	 success?    True    	 (dON-dOFF)/|dON+dOFF|: 16.00 	 cIDON = [2 5], cIDOFF = [2 5]
12:48:35,512 root DEBUG ===> #(dOFF_patch>dON_patch) = 1/1 = 100.00%
12:48:35,512 root DEBUG dOFF/dON = 1.4
12:48:35,512 root DEBUG {'CHOOSE_DX': 'along_decision_boundary', 'dxONAngle': 87.59639248804183, 'dON1': 0.10489558135081695, 'cIDON1': array([2, 5], dtype=int64), 'dON_patch_1': 0.10489558135081695, 'nTON': 1, 'dON': 0.10489558135081695, 'dxOFFAngle': 86.24114712595319, 'dOFF1': 0.14484904704177096, 'cIDOFF1': array([2, 5], dtype=int64), 'dOFF_patch_1': 0.14484904704177096, 'nTOFF': 1, 'dOFF': 0.14484904704177096, 'SUCCESS': True}
12:48:35,518 root DEBUG 

=================== Experiment ID #32 	 Dual Point ID: 34 ===================
12:48:35,524 root DEBUG CONTROL: 	 OK! 	 (target neuron output < tolerance: |1.949E-08|<1.000E-06)
12:48:35,524 root DEBUG CONTROL DUAL POINT: Check that target neuron output < tolerance ({tol:.3E}) at x_dual.
12:48:35,797 root DEBUG Side: ON	 Angle(dx0, dx): 0.28 deg 	 Angle(n, nold): 0.00 deg 	 Distance in patch: 1.359E-01 	 Total distance: 1.359E-01 	 Future toggles: 1 	 Past toggles: 1 	 Toggled: [[2, array([250], dtype=int64), array([[ True]])]] 	 class: [3 5]
12:48:36,10 root DEBUG Side: OFF	 Angle(dx0, dx): 0.22 deg 	 Angle(n, nold): 0.00 deg 	 Distance in patch: 2.236E-01 	 Total distance: 2.236E-01 	 Future toggles: 0 	 Past toggles: 1 	 Toggled: [[1, array([140], dtype=int64), array([[False]])]] 	 class: [3 5]
12:48:36,130 root DEBUG Side: OFF	 Angle(dx0, dx): 0.02 deg 	 Angle(n, nold): 0.00 deg 	 Distance in patch: 8.271E-02 	 Total distance: 3.063E-01 	 Future toggles: 0 	 Past toggles: 2 	 Toggled: [[1, array([143], dtype=int64), array([[ True]])]] 	 class: [3 5]
12:48:36,262 root DEBUG Side: OFF	 Angle(dx0, dx): 0.49 deg 	 Angle(n, nold): 0.00 deg 	 Distance in patch: 9.232E-02 	 Total distance: 3.986E-01 	 Future toggles: 0 	 Past toggles: 3 	 Toggled: [[1, array([29], dtype=int64), array([[ True]])]] 	 class: [3 5]
12:48:36,404 root DEBUG Side: OFF	 Angle(dx0, dx): 0.76 deg 	 Angle(n, nold): 0.00 deg 	 Distance in patch: 2.803E-02 	 Total distance: 4.266E-01 	 Future toggles: 0 	 Past toggles: 4 	 Toggled: [[1, array([47], dtype=int64), array([[False]])]] 	 class: [3 5]
12:48:36,564 root DEBUG Side: OFF	 Angle(dx0, dx): 0.72 deg 	 Angle(n, nold): 0.00 deg 	 Distance in patch: 2.084E-02 	 Total distance: 4.475E-01 	 Future toggles: 1 	 Past toggles: 1 	 Toggled: [[2, array([143], dtype=int64), array([[False]])]] 	 class: [3 5]
12:48:36,564 root DEBUG Check patch-by-patch distances for success (dOFF_patch>dON_patch) and ratio (dOFF_patch/dON_patch):
12:48:36,565 root DEBUG 	 nT= 1  	 success?    True    	 (dON-dOFF)/|dON+dOFF|: 53.41 	 cIDON = [3 5], cIDOFF = [3 5]
12:48:36,565 root DEBUG ===> #(dOFF_patch>dON_patch) = 1/1 = 100.00%
12:48:36,565 root DEBUG dOFF/dON = 3.3
12:48:36,565 root DEBUG {'CHOOSE_DX': 'along_decision_boundary', 'dxONAngle': 86.2853413162926, 'dON1': 0.13588465252172352, 'cIDON1': array([3, 5], dtype=int64), 'dON_patch_1': 0.13588465252172352, 'nTON': 1, 'dON': 0.13588465252172352, 'dxOFFAngle': 87.93354938681036, 'dOFF1': 0.44745511220284084, 'cIDOFF1': array([3, 5], dtype=int64), 'dOFF_patch_1': 0.44745511220284084, 'nTOFF': 1, 'dOFF': 0.44745511220284084, 'SUCCESS': True}
12:48:36,570 root DEBUG 

=================== Experiment ID #33 	 Dual Point ID: 35 ===================
12:48:36,577 root DEBUG CONTROL: 	 OK! 	 (target neuron output < tolerance: |1.123E-07|<1.000E-06)
12:48:36,577 root DEBUG CONTROL DUAL POINT: Check that target neuron output < tolerance ({tol:.3E}) at x_dual.
12:48:36,748 root DEBUG Side: ON	 Angle(dx0, dx): 9.31 deg 	 Angle(n, nold): 0.00 deg 	 Distance in patch: 1.852E-06 	 Total distance: 1.852E-06 	 Future toggles: 1 	 Past toggles: 1 	 Toggled: [[5, array([0, 1], dtype=int64), array([[0.],
       [1.]])]] 	 class: [1 2]
12:48:36,943 root DEBUG Side: OFF	 Angle(dx0, dx): 5.93 deg 	 Angle(n, nold): 0.00 deg 	 Distance in patch: 4.697E-02 	 Total distance: 4.697E-02 	 Future toggles: 1 	 Past toggles: 1 	 Toggled: [[3, array([252], dtype=int64), array([[ True]])]] 	 class: [1 2]
12:48:36,943 root DEBUG Check patch-by-patch distances for success (dOFF_patch>dON_patch) and ratio (dOFF_patch/dON_patch):
12:48:36,943 root DEBUG 	 nT= 1  	 success?    True    	 (dON-dOFF)/|dON+dOFF|: 99.99 	 cIDON = [0 2], cIDOFF = [1 2]
12:48:36,943 root DEBUG ===> #(dOFF_patch>dON_patch) = 1/1 = 100.00%
12:48:36,943 root DEBUG dOFF/dON = 25363.4
12:48:36,943 root DEBUG {'CHOOSE_DX': 'along_decision_boundary', 'dxONAngle': 81.01047548108032, 'dON1': 1.8519887491100454e-06, 'cIDON1': array([0, 2], dtype=int64), 'dON_patch_1': 1.8519887491100454e-06, 'nTON': 1, 'dON': 1.8519887491100454e-06, 'dxOFFAngle': 86.04663735602026, 'dOFF1': 0.04697264821056823, 'cIDOFF1': array([1, 2], dtype=int64), 'dOFF_patch_1': 0.04697264821056823, 'nTOFF': 1, 'dOFF': 0.04697264821056823, 'SUCCESS': True}
12:48:36,949 root DEBUG 

=================== Experiment ID #34 	 Dual Point ID: 36 ===================
12:48:36,956 root DEBUG CONTROL: 	 OK! 	 (target neuron output < tolerance: |6.944E-08|<1.000E-06)
12:48:36,957 root DEBUG CONTROL DUAL POINT: Check that target neuron output < tolerance ({tol:.3E}) at x_dual.
12:48:37,183 root DEBUG Side: ON	 Angle(dx0, dx): 0.99 deg 	 Angle(n, nold): 0.00 deg 	 Distance in patch: 5.745E-02 	 Total distance: 5.745E-02 	 Future toggles: 1 	 Past toggles: 1 	 Toggled: [[3, array([58], dtype=int64), array([[False]])]] 	 class: [5 7]
12:48:37,420 root DEBUG Side: OFF	 Angle(dx0, dx): 0.08 deg 	 Angle(n, nold): 0.00 deg 	 Distance in patch: 5.002E-02 	 Total distance: 5.002E-02 	 Future toggles: 1 	 Past toggles: 1 	 Toggled: [[2, array([47], dtype=int64), array([[ True]])]] 	 class: [5 7]
12:48:37,422 root DEBUG Check patch-by-patch distances for success (dOFF_patch>dON_patch) and ratio (dOFF_patch/dON_patch):
12:48:37,422 root DEBUG 	 nT= 1  	 success?   False    	 (dON-dOFF)/|dON+dOFF|: -6.92 	 cIDON = [5 7], cIDOFF = [5 7]
12:48:37,422 root DEBUG ===> #(dOFF_patch>dON_patch) = 0/1 = 0.00%
12:48:37,422 root DEBUG dOFF/dON = 0.9
12:48:37,422 root DEBUG {'CHOOSE_DX': 'along_decision_boundary', 'dxONAngle': 87.30148924537654, 'dON1': 0.05745247548166635, 'cIDON1': array([5, 7], dtype=int64), 'dON_patch_1': 0.05745247548166635, 'nTON': 1, 'dON': 0.05745247548166635, 'dxOFFAngle': 89.11432375008648, 'dOFF1': 0.05002046368183894, 'cIDOFF1': array([5, 7], dtype=int64), 'dOFF_patch_1': 0.05002046368183894, 'nTOFF': 1, 'dOFF': 0.05002046368183894, 'SUCCESS': False}
12:48:37,431 root DEBUG 

=================== Experiment ID #35 	 Dual Point ID: 37 ===================
12:48:37,440 root DEBUG CONTROL: 	 OK! 	 (target neuron output < tolerance: |8.035E-08|<1.000E-06)
12:48:37,440 root DEBUG CONTROL DUAL POINT: Check that target neuron output < tolerance ({tol:.3E}) at x_dual.
12:48:37,681 root DEBUG Side: ON	 Angle(dx0, dx): 0.23 deg 	 Angle(n, nold): 0.00 deg 	 Distance in patch: 6.814E-02 	 Total distance: 6.814E-02 	 Future toggles: 1 	 Past toggles: 1 	 Toggled: [[3, array([197], dtype=int64), array([[ True]])]] 	 class: [2 7]
12:48:37,899 root DEBUG Side: OFF	 Angle(dx0, dx): 2.69 deg 	 Angle(n, nold): 0.00 deg 	 Distance in patch: 4.634E-02 	 Total distance: 4.634E-02 	 Future toggles: 0 	 Past toggles: 1 	 Toggled: [[1, array([206], dtype=int64), array([[False]])]] 	 class: [2 7]
12:48:38,34 root DEBUG Side: OFF	 Angle(dx0, dx): 0.56 deg 	 Angle(n, nold): 0.00 deg 	 Distance in patch: 5.743E-02 	 Total distance: 1.038E-01 	 Future toggles: 1 	 Past toggles: 1 	 Toggled: [[2, array([55], dtype=int64), array([[False]])]] 	 class: [2 7]
12:48:38,35 root DEBUG Check patch-by-patch distances for success (dOFF_patch>dON_patch) and ratio (dOFF_patch/dON_patch):
12:48:38,35 root DEBUG 	 nT= 1  	 success?    True    	 (dON-dOFF)/|dON+dOFF|: 20.73 	 cIDON = [2 7], cIDOFF = [2 7]
12:48:38,35 root DEBUG ===> #(dOFF_patch>dON_patch) = 1/1 = 100.00%
12:48:38,35 root DEBUG dOFF/dON = 1.5
12:48:38,35 root DEBUG {'CHOOSE_DX': 'along_decision_boundary', 'dxONAngle': 75.47941107495485, 'dON1': 0.0681376783518272, 'cIDON1': array([2, 7], dtype=int64), 'dON_patch_1': 0.0681376783518272, 'nTON': 1, 'dON': 0.0681376783518272, 'dxOFFAngle': 83.1424841676751, 'dOFF1': 0.10376582398132875, 'cIDOFF1': array([2, 7], dtype=int64), 'dOFF_patch_1': 0.10376582398132875, 'nTOFF': 1, 'dOFF': 0.10376582398132875, 'SUCCESS': True}
12:48:38,42 root DEBUG 

=================== Experiment ID #36 	 Dual Point ID: 38 ===================
12:48:38,48 root DEBUG CONTROL: 	 OK! 	 (target neuron output < tolerance: |6.187E-09|<1.000E-06)
12:48:38,48 root DEBUG CONTROL DUAL POINT: Check that target neuron output < tolerance ({tol:.3E}) at x_dual.
12:48:38,303 root DEBUG Side: ON	 Angle(dx0, dx): 1.93 deg 	 Angle(n, nold): 0.00 deg 	 Distance in patch: 1.287E-02 	 Total distance: 1.287E-02 	 Future toggles: 1 	 Past toggles: 1 	 Toggled: [[2, array([60], dtype=int64), array([[ True]])]] 	 class: [2 4]
12:48:38,589 root DEBUG Side: OFF	 Angle(dx0, dx): 2.72 deg 	 Angle(n, nold): 0.00 deg 	 Distance in patch: 1.926E-01 	 Total distance: 1.926E-01 	 Future toggles: 1 	 Past toggles: 1 	 Toggled: [[3, array([20], dtype=int64), array([[ True]])]] 	 class: [2 4]
12:48:38,589 root DEBUG Check patch-by-patch distances for success (dOFF_patch>dON_patch) and ratio (dOFF_patch/dON_patch):
12:48:38,589 root DEBUG 	 nT= 1  	 success?    True    	 (dON-dOFF)/|dON+dOFF|: 87.47 	 cIDON = [2 4], cIDOFF = [2 4]
12:48:38,589 root DEBUG ===> #(dOFF_patch>dON_patch) = 1/1 = 100.00%
12:48:38,589 root DEBUG dOFF/dON = 15.0
12:48:38,590 root DEBUG {'CHOOSE_DX': 'along_decision_boundary', 'dxONAngle': 80.27646124460988, 'dON1': 0.0128675887028789, 'cIDON1': array([2, 4], dtype=int64), 'dON_patch_1': 0.0128675887028789, 'nTON': 1, 'dON': 0.0128675887028789, 'dxOFFAngle': 83.73205699114696, 'dOFF1': 0.19259228657274413, 'cIDOFF1': array([2, 4], dtype=int64), 'dOFF_patch_1': 0.19259228657274413, 'nTOFF': 1, 'dOFF': 0.19259228657274413, 'SUCCESS': True}
12:48:38,599 root DEBUG 

=================== Experiment ID #37 	 Dual Point ID: 39 ===================
12:48:38,606 root DEBUG CONTROL: 	 OK! 	 (target neuron output < tolerance: |5.689E-08|<1.000E-06)
12:48:38,606 root DEBUG CONTROL DUAL POINT: Check that target neuron output < tolerance ({tol:.3E}) at x_dual.
12:48:38,795 root DEBUG Side: ON	 Angle(dx0, dx): 0.39 deg 	 Angle(n, nold): 0.00 deg 	 Distance in patch: 1.955E-02 	 Total distance: 1.955E-02 	 Future toggles: 1 	 Past toggles: 1 	 Toggled: [[2, array([195], dtype=int64), array([[False]])]] 	 class: [8 9]
12:48:39,24 root DEBUG Side: OFF	 Angle(dx0, dx): 0.71 deg 	 Angle(n, nold): 0.00 deg 	 Distance in patch: 9.241E-02 	 Total distance: 9.241E-02 	 Future toggles: 1 	 Past toggles: 1 	 Toggled: [[3, array([188], dtype=int64), array([[ True]])]] 	 class: [8 9]
12:48:39,24 root DEBUG Check patch-by-patch distances for success (dOFF_patch>dON_patch) and ratio (dOFF_patch/dON_patch):
12:48:39,24 root DEBUG 	 nT= 1  	 success?    True    	 (dON-dOFF)/|dON+dOFF|: 65.08 	 cIDON = [8 9], cIDOFF = [8 9]
12:48:39,24 root DEBUG ===> #(dOFF_patch>dON_patch) = 1/1 = 100.00%
12:48:39,25 root DEBUG dOFF/dON = 4.7
12:48:39,25 root DEBUG {'CHOOSE_DX': 'along_decision_boundary', 'dxONAngle': 82.33556167344182, 'dON1': 0.01954689670512896, 'cIDON1': array([8, 9], dtype=int64), 'dON_patch_1': 0.01954689670512896, 'nTON': 1, 'dON': 0.01954689670512896, 'dxOFFAngle': 87.57661543329073, 'dOFF1': 0.09240807784690877, 'cIDOFF1': array([8, 9], dtype=int64), 'dOFF_patch_1': 0.09240807784690877, 'nTOFF': 1, 'dOFF': 0.09240807784690877, 'SUCCESS': True}
12:48:39,31 root DEBUG 

=================== Experiment ID #38 	 Dual Point ID: 40 ===================
12:48:39,36 root DEBUG CONTROL: 	 OK! 	 (target neuron output < tolerance: |8.086E-08|<1.000E-06)
12:48:39,36 root DEBUG CONTROL DUAL POINT: Check that target neuron output < tolerance ({tol:.3E}) at x_dual.
12:48:39,260 root DEBUG Side: ON	 Angle(dx0, dx): 1.14 deg 	 Angle(n, nold): 0.00 deg 	 Distance in patch: 6.954E-02 	 Total distance: 6.954E-02 	 Future toggles: 1 	 Past toggles: 1 	 Toggled: [[3, array([32], dtype=int64), array([[False]])]] 	 class: [2 9]
12:48:39,514 root DEBUG Side: OFF	 Angle(dx0, dx): 0.20 deg 	 Angle(n, nold): 0.00 deg 	 Distance in patch: 2.797E-01 	 Total distance: 2.797E-01 	 Future toggles: 1 	 Past toggles: 1 	 Toggled: [[3, array([16], dtype=int64), array([[ True]])]] 	 class: [2 9]
12:48:39,514 root DEBUG Check patch-by-patch distances for success (dOFF_patch>dON_patch) and ratio (dOFF_patch/dON_patch):
12:48:39,515 root DEBUG 	 nT= 1  	 success?    True    	 (dON-dOFF)/|dON+dOFF|: 60.18 	 cIDON = [2 9], cIDOFF = [2 9]
12:48:39,515 root DEBUG ===> #(dOFF_patch>dON_patch) = 1/1 = 100.00%
12:48:39,515 root DEBUG dOFF/dON = 4.0
12:48:39,515 root DEBUG {'CHOOSE_DX': 'along_decision_boundary', 'dxONAngle': 81.12801081002347, 'dON1': 0.06953951130864917, 'cIDON1': array([2, 9], dtype=int64), 'dON_patch_1': 0.06953951130864917, 'nTON': 1, 'dON': 0.06953951130864917, 'dxOFFAngle': 86.29367207059951, 'dOFF1': 0.2797424497721282, 'cIDOFF1': array([2, 9], dtype=int64), 'dOFF_patch_1': 0.2797424497721282, 'nTOFF': 1, 'dOFF': 0.2797424497721282, 'SUCCESS': True}
12:48:39,643 PIL.PngImagePlugin DEBUG STREAM b'IHDR' 16 13
12:48:39,643 PIL.PngImagePlugin DEBUG STREAM b'sBIT' 41 4
12:48:39,643 PIL.PngImagePlugin DEBUG b'sBIT' 41 4 (unknown)
12:48:39,643 PIL.PngImagePlugin DEBUG STREAM b'pHYs' 57 9
12:48:39,643 PIL.PngImagePlugin DEBUG STREAM b'IDAT' 78 1189
12:48:39,648 PIL.PngImagePlugin DEBUG STREAM b'IHDR' 16 13
12:48:39,648 PIL.PngImagePlugin DEBUG STREAM b'sBIT' 41 4
12:48:39,648 PIL.PngImagePlugin DEBUG b'sBIT' 41 4 (unknown)
12:48:39,648 PIL.PngImagePlugin DEBUG STREAM b'pHYs' 57 9
12:48:39,648 PIL.PngImagePlugin DEBUG STREAM b'IDAT' 78 2994
12:48:39,664 PIL.PngImagePlugin DEBUG STREAM b'IHDR' 16 13
12:48:39,664 PIL.PngImagePlugin DEBUG STREAM b'sBIT' 41 4
12:48:39,664 PIL.PngImagePlugin DEBUG b'sBIT' 41 4 (unknown)
12:48:39,664 PIL.PngImagePlugin DEBUG STREAM b'pHYs' 57 9
12:48:39,664 PIL.PngImagePlugin DEBUG STREAM b'IDAT' 78 696
12:48:39,670 PIL.PngImagePlugin DEBUG STREAM b'IHDR' 16 13
12:48:39,670 PIL.PngImagePlugin DEBUG STREAM b'sBIT' 41 4
12:48:39,670 PIL.PngImagePlugin DEBUG b'sBIT' 41 4 (unknown)
12:48:39,670 PIL.PngImagePlugin DEBUG STREAM b'pHYs' 57 9
12:48:39,670 PIL.PngImagePlugin DEBUG STREAM b'IDAT' 78 526
12:48:39,673 PIL.PngImagePlugin DEBUG STREAM b'IHDR' 16 13
12:48:39,673 PIL.PngImagePlugin DEBUG STREAM b'sBIT' 41 4
12:48:39,673 PIL.PngImagePlugin DEBUG b'sBIT' 41 4 (unknown)
12:48:39,673 PIL.PngImagePlugin DEBUG STREAM b'pHYs' 57 9
12:48:39,673 PIL.PngImagePlugin DEBUG STREAM b'IDAT' 78 499
12:48:39,677 PIL.PngImagePlugin DEBUG STREAM b'IHDR' 16 13
12:48:39,677 PIL.PngImagePlugin DEBUG STREAM b'sBIT' 41 4
12:48:39,677 PIL.PngImagePlugin DEBUG b'sBIT' 41 4 (unknown)
12:48:39,677 PIL.PngImagePlugin DEBUG STREAM b'pHYs' 57 9
12:48:39,677 PIL.PngImagePlugin DEBUG STREAM b'IDAT' 78 673
12:48:39,682 PIL.PngImagePlugin DEBUG STREAM b'IHDR' 16 13
12:48:39,682 PIL.PngImagePlugin DEBUG STREAM b'sBIT' 41 4
12:48:39,682 PIL.PngImagePlugin DEBUG b'sBIT' 41 4 (unknown)
12:48:39,683 PIL.PngImagePlugin DEBUG STREAM b'pHYs' 57 9
12:48:39,683 PIL.PngImagePlugin DEBUG STREAM b'IDAT' 78 922
12:48:39,687 PIL.PngImagePlugin DEBUG STREAM b'IHDR' 16 13
12:48:39,687 PIL.PngImagePlugin DEBUG STREAM b'sBIT' 41 4
12:48:39,688 PIL.PngImagePlugin DEBUG b'sBIT' 41 4 (unknown)
12:48:39,688 PIL.PngImagePlugin DEBUG STREAM b'pHYs' 57 9
12:48:39,688 PIL.PngImagePlugin DEBUG STREAM b'IDAT' 78 568
12:48:39,692 PIL.PngImagePlugin DEBUG STREAM b'IHDR' 16 13
12:48:39,692 PIL.PngImagePlugin DEBUG STREAM b'sBIT' 41 4
12:48:39,692 PIL.PngImagePlugin DEBUG b'sBIT' 41 4 (unknown)
12:48:39,692 PIL.PngImagePlugin DEBUG STREAM b'pHYs' 57 9
12:48:39,692 PIL.PngImagePlugin DEBUG STREAM b'IDAT' 78 626
